<?xml version="1.0" encoding="UTF-8"?>
<testsuites name="Piggy Bank" time="34.359" tests="2" failures="0" errors="0">
   <testsuite name="Piggy Bank" tests="2" failures="0" errors="0" time="34.359" skipped="0" timestamp="01-01-2024T12:57:06" hostname="MODERN 15 - Phuc" id="Test Suites/Piggy Bank">
      <properties>
         <property name="deviceName" value=""/>
         <property name="devicePlatform" value=""/>
         <property name="logFolder" value="C:\\Users\\MODERN 15\\git\\G1_Firefly_testing\\Reports\\20240101_125658\\Piggy Bank\\20240101_125658"/>
         <property name="logFiles" value="C:\\Users\\MODERN 15\\git\\G1_Firefly_testing\\Reports\\20240101_125658\\Piggy Bank\\20240101_125658\\execution0.log"/>
         <property name="attachments" value=""/>
         <property name="hostName" value="MODERN 15 - Phuc"/>
         <property name="os" value="Windows 11 64bit"/>
         <property name="katalonVersion" value="9.1.0.212"/>
         <property name="browser" value="Chrome 120.0.0.0"/>
         <property name="hostAddress" value="192.168.1.4"/>
         <property name="sessionId" value="e9063763db8911f7f0979c8b72534d86"/>
         <property name="seleniumVersion" value="3.141.59"/>
         <property name="proxyInformation" value="ProxyInformation { proxyOption=NO_PROXY, proxyServerType=HTTP, username=, password=********, proxyServerAddress=, proxyServerPort=0, executionList=&quot;&quot;, isApplyToDesiredCapabilities=true }"/>
         <property name="platform" value="Windows 11"/>
      </properties>
      <testcase name="Test Cases/Piggy Bank" time="17.984" classname="Test Cases/Piggy Bank" status="PASSED">
         <system-out><![CDATA[01-01-2024T12:57:06 - [TEST_CASE][PASSED] - Test Cases/Piggy Bank: Test Cases/Piggy Bank

01-01-2024T12:57:07 - [TEST_STEP][PASSED] - openBrowser(""): Browser is opened with url: ''

01-01-2024T12:57:07 - [MESSAGE][INFO] - Starting 'Chrome' driver

01-01-2024T12:57:07 - [MESSAGE][INFO] - Action delay is set to 0 milliseconds

01-01-2024T12:57:09 - [MESSAGE][PASSED] - Browser is opened with url: ''

01-01-2024T12:57:09 - [TEST_STEP][PASSED] - navigateToUrl("https://firefly.buudadawg.online/login"): Navigate to 'https://firefly.buudadawg.online/login' successfully

01-01-2024T12:57:12 - [MESSAGE][PASSED] - Navigate to 'https://firefly.buudadawg.online/login' successfully

01-01-2024T12:57:12 - [TEST_STEP][PASSED] - setText(findTestObject("Object Repository/Piggy Bank/Page_Login to Firefly III/input_email"), username): Text 'killermh1352@gmail.com' is set on object 'Object Repository/Piggy Bank/Page_Login to Firefly III/input_email'

01-01-2024T12:57:12 - [MESSAGE][PASSED] - Text 'killermh1352@gmail.com' is set on object 'Object Repository/Piggy Bank/Page_Login to Firefly III/input_email'

01-01-2024T12:57:12 - [TEST_STEP][PASSED] - setText(findTestObject("Object Repository/Piggy Bank/Page_Login to Firefly III/input_password"), password): Text 'tranvinhphuc2002' is set on object 'Object Repository/Piggy Bank/Page_Login to Firefly III/input_password'

01-01-2024T12:57:13 - [MESSAGE][PASSED] - Text 'tranvinhphuc2002' is set on object 'Object Repository/Piggy Bank/Page_Login to Firefly III/input_password'

01-01-2024T12:57:13 - [TEST_STEP][PASSED] - sendKeys(findTestObject("Object Repository/Piggy Bank/Page_Login to Firefly III/input_password"), Keys.chord(ENTER)): Keys 'ENTER + ' sent to object: 'Object Repository/Piggy Bank/Page_Login to Firefly III/input_password'

01-01-2024T12:57:14 - [MESSAGE][PASSED] - Keys 'ENTER + ' sent to object: 'Object Repository/Piggy Bank/Page_Login to Firefly III/input_password'

01-01-2024T12:57:14 - [TEST_STEP][PASSED] - click(findTestObject("Object Repository/Piggy Bank/Page_Whats playing  Firefly III/a_Piggy banks")): Object: 'Object Repository/Piggy Bank/Page_Whats playing  Firefly III/a_Piggy banks' is clicked on

01-01-2024T12:57:16 - [MESSAGE][PASSED] - Object: 'Object Repository/Piggy Bank/Page_Whats playing  Firefly III/a_Piggy banks' is clicked on

01-01-2024T12:57:16 - [TEST_STEP][PASSED] - click(findTestObject("Object Repository/Piggy Bank/Page_Piggy banks  Firefly III/a_Create new piggy bank")): Object: 'Object Repository/Piggy Bank/Page_Piggy banks  Firefly III/a_Create new piggy bank' is clicked on

01-01-2024T12:57:17 - [MESSAGE][PASSED] - Object: 'Object Repository/Piggy Bank/Page_Piggy banks  Firefly III/a_Create new piggy bank' is clicked on

01-01-2024T12:57:17 - [TEST_STEP][PASSED] - setText(findTestObject("Object Repository/Piggy Bank/Page_New piggy bank  Piggy banks  Firefly III/input_name"), name): Text 'Cash Hog' is set on object 'Object Repository/Piggy Bank/Page_New piggy bank  Piggy banks  Firefly III/input_name'

01-01-2024T12:57:17 - [MESSAGE][PASSED] - Text 'Cash Hog' is set on object 'Object Repository/Piggy Bank/Page_New piggy bank  Piggy banks  Firefly III/input_name'

01-01-2024T12:57:17 - [TEST_STEP][PASSED] - selectOptionByLabel(findTestObject("Object Repository/Piggy Bank/Page_New piggy bank  Piggy banks  Firefly III/select_My Savings AccountMy Asset Account"), save_on_account, true): All options with label 'My Asset Account' are selected in object 'Object Repository/Piggy Bank/Page_New piggy bank  Piggy banks  Firefly III/select_My Savings AccountMy Asset Account'  using regular expression

01-01-2024T12:57:18 - [MESSAGE][PASSED] - All options with label 'My Asset Account' are selected in object 'Object Repository/Piggy Bank/Page_New piggy bank  Piggy banks  Firefly III/select_My Savings AccountMy Asset Account'  using regular expression

01-01-2024T12:57:18 - [TEST_STEP][PASSED] - setText(findTestObject("Object Repository/Piggy Bank/Page_New piggy bank  Piggy banks  Firefly III/input_targetamount"), target_amount): Text '78' is set on object 'Object Repository/Piggy Bank/Page_New piggy bank  Piggy banks  Firefly III/input_targetamount'

01-01-2024T12:57:19 - [MESSAGE][PASSED] - Text '78' is set on object 'Object Repository/Piggy Bank/Page_New piggy bank  Piggy banks  Firefly III/input_targetamount'

01-01-2024T12:57:19 - [TEST_STEP][PASSED] - setText(findTestObject("Object Repository/Piggy Bank/Page_New piggy bank  Piggy banks  Firefly III/textarea_notes"), notes): Text 'non mi integer ac neque duis bibendum morbi non quam' is set on object 'Object Repository/Piggy Bank/Page_New piggy bank  Piggy banks  Firefly III/textarea_notes'

01-01-2024T12:57:20 - [MESSAGE][PASSED] - Text 'non mi integer ac neque duis bibendum morbi non quam' is set on object 'Object Repository/Piggy Bank/Page_New piggy bank  Piggy banks  Firefly III/textarea_notes'

01-01-2024T12:57:20 - [TEST_STEP][PASSED] - setText(findTestObject("Object Repository/Piggy Bank/Page_New piggy bank  Piggy banks  Firefly III/input_object_group"), group): Text 'consequat lectus in est risus auctor sed tristique in tempus sit amet' is set on object 'Object Repository/Piggy Bank/Page_New piggy bank  Piggy banks  Firefly III/input_object_group'

01-01-2024T12:57:21 - [MESSAGE][PASSED] - Text 'consequat lectus in est risus auctor sed tristique in tempus sit amet' is set on object 'Object Repository/Piggy Bank/Page_New piggy bank  Piggy banks  Firefly III/input_object_group'

01-01-2024T12:57:21 - [TEST_STEP][PASSED] - setText(findTestObject("Piggy Bank/Page_New piggy bank  Piggy banks  Firefly III/input_date"), target_date): Text '10/30/2023' is set on object 'Object Repository/Piggy Bank/Page_New piggy bank  Piggy banks  Firefly III/input_date'

01-01-2024T12:57:22 - [MESSAGE][PASSED] - Text '10/30/2023' is set on object 'Object Repository/Piggy Bank/Page_New piggy bank  Piggy banks  Firefly III/input_date'

01-01-2024T12:57:22 - [TEST_STEP][PASSED] - uploadFile(findTestObject("Piggy Bank/Page_New piggy bank  Piggy banks  Firefly III/button_upload"), "D:\grade.xlsx"): File 'D:\grade.xlsx' sent to object: 'Object Repository/Piggy Bank/Page_New piggy bank  Piggy banks  Firefly III/button_upload'

01-01-2024T12:57:22 - [MESSAGE][PASSED] - File 'D:\grade.xlsx' sent to object: 'Object Repository/Piggy Bank/Page_New piggy bank  Piggy banks  Firefly III/button_upload'

01-01-2024T12:57:22 - [TEST_STEP][PASSED] - click(findTestObject("Object Repository/Piggy Bank/Page_New piggy bank  Piggy banks  Firefly III/div_Mandatory fields                       _ed7e9e")): Object: 'Object Repository/Piggy Bank/Page_New piggy bank  Piggy banks  Firefly III/div_Mandatory fields                       _ed7e9e' is clicked on

01-01-2024T12:57:23 - [MESSAGE][PASSED] - Object: 'Object Repository/Piggy Bank/Page_New piggy bank  Piggy banks  Firefly III/div_Mandatory fields                       _ed7e9e' is clicked on

01-01-2024T12:57:23 - [TEST_STEP][PASSED] - click(findTestObject("Object Repository/Piggy Bank/Page_New piggy bank  Piggy banks  Firefly III/button_Store new piggy bank")): Object: 'Object Repository/Piggy Bank/Page_New piggy bank  Piggy banks  Firefly III/button_Store new piggy bank' is clicked on

01-01-2024T12:57:23 - [MESSAGE][PASSED] - Object: 'Object Repository/Piggy Bank/Page_New piggy bank  Piggy banks  Firefly III/button_Store new piggy bank' is clicked on

01-01-2024T12:57:23 - [TEST_STEP][PASSED] - try: null

01-01-2024T12:57:23 - [TEST_STEP][PASSED] - verifyElementPresent(findTestObject("Piggy Bank/Page_New piggy bank  Piggy banks  Firefly III/text_dangers"), 1): Object 'Object Repository/Piggy Bank/Page_New piggy bank  Piggy banks  Firefly III/text_dangers' is present

01-01-2024T12:57:24 - [MESSAGE][PASSED] - Object 'Object Repository/Piggy Bank/Page_New piggy bank  Piggy banks  Firefly III/text_dangers' is present

01-01-2024T12:57:24 - [TEST_STEP][PASSED] - verifyElementNotPresent(findTestObject("Piggy Bank/Page_New piggy bank  Piggy banks  Firefly III/success_alert"), 1): Web element with id: 'Object Repository/Piggy Bank/Page_New piggy bank  Piggy banks  Firefly III/success_alert' located by 'By.cssSelector: #app > div.content-wrapper > section.content > div' is not present after '1' second(s)

01-01-2024T12:57:24 - [MESSAGE][PASSED] - Web element with id: 'Object Repository/Piggy Bank/Page_New piggy bank  Piggy banks  Firefly III/success_alert' located by 'By.cssSelector: #app > div.content-wrapper > section.content > div' is not present after '1' second(s)

01-01-2024T12:57:24 - [TEST_STEP][PASSED] - out.println("text danger"): null

01-01-2024T12:57:24 - [TEST_STEP][PASSED] - closeBrowser(): Browser is closed

01-01-2024T12:57:24 - [MESSAGE][PASSED] - Browser is closed]]></system-out>
         <system-err><![CDATA[]]></system-err>
      </testcase>
      <testcase name="Test Cases/Piggy Bank" time="15.962" classname="Test Cases/Piggy Bank" status="PASSED">
         <system-out><![CDATA[01-01-2024T12:57:24 - [TEST_CASE][PASSED] - Test Cases/Piggy Bank: Test Cases/Piggy Bank

01-01-2024T12:57:24 - [TEST_STEP][PASSED] - openBrowser(""): Browser is opened with url: ''

01-01-2024T12:57:24 - [MESSAGE][INFO] - Starting 'Chrome' driver

01-01-2024T12:57:24 - [MESSAGE][INFO] - Action delay is set to 0 milliseconds

01-01-2024T12:57:25 - [MESSAGE][PASSED] - Browser is opened with url: ''

01-01-2024T12:57:25 - [TEST_STEP][PASSED] - navigateToUrl("https://firefly.buudadawg.online/login"): Navigate to 'https://firefly.buudadawg.online/login' successfully

01-01-2024T12:57:28 - [MESSAGE][PASSED] - Navigate to 'https://firefly.buudadawg.online/login' successfully

01-01-2024T12:57:28 - [TEST_STEP][PASSED] - setText(findTestObject("Object Repository/Piggy Bank/Page_Login to Firefly III/input_email"), username): Text 'killermh1352@gmail.com' is set on object 'Object Repository/Piggy Bank/Page_Login to Firefly III/input_email'

01-01-2024T12:57:29 - [MESSAGE][PASSED] - Text 'killermh1352@gmail.com' is set on object 'Object Repository/Piggy Bank/Page_Login to Firefly III/input_email'

01-01-2024T12:57:29 - [TEST_STEP][PASSED] - setText(findTestObject("Object Repository/Piggy Bank/Page_Login to Firefly III/input_password"), password): Text 'tranvinhphuc2002' is set on object 'Object Repository/Piggy Bank/Page_Login to Firefly III/input_password'

01-01-2024T12:57:30 - [MESSAGE][PASSED] - Text 'tranvinhphuc2002' is set on object 'Object Repository/Piggy Bank/Page_Login to Firefly III/input_password'

01-01-2024T12:57:30 - [TEST_STEP][PASSED] - sendKeys(findTestObject("Object Repository/Piggy Bank/Page_Login to Firefly III/input_password"), Keys.chord(ENTER)): Keys 'ENTER + ' sent to object: 'Object Repository/Piggy Bank/Page_Login to Firefly III/input_password'

01-01-2024T12:57:31 - [MESSAGE][PASSED] - Keys 'ENTER + ' sent to object: 'Object Repository/Piggy Bank/Page_Login to Firefly III/input_password'

01-01-2024T12:57:31 - [TEST_STEP][PASSED] - click(findTestObject("Object Repository/Piggy Bank/Page_Whats playing  Firefly III/a_Piggy banks")): Object: 'Object Repository/Piggy Bank/Page_Whats playing  Firefly III/a_Piggy banks' is clicked on

01-01-2024T12:57:32 - [MESSAGE][PASSED] - Object: 'Object Repository/Piggy Bank/Page_Whats playing  Firefly III/a_Piggy banks' is clicked on

01-01-2024T12:57:32 - [TEST_STEP][PASSED] - click(findTestObject("Object Repository/Piggy Bank/Page_Piggy banks  Firefly III/a_Create new piggy bank")): Object: 'Object Repository/Piggy Bank/Page_Piggy banks  Firefly III/a_Create new piggy bank' is clicked on

01-01-2024T12:57:33 - [MESSAGE][PASSED] - Object: 'Object Repository/Piggy Bank/Page_Piggy banks  Firefly III/a_Create new piggy bank' is clicked on

01-01-2024T12:57:33 - [TEST_STEP][PASSED] - setText(findTestObject("Object Repository/Piggy Bank/Page_New piggy bank  Piggy banks  Firefly III/input_name"), name): Text 'Penny Piggles' is set on object 'Object Repository/Piggy Bank/Page_New piggy bank  Piggy banks  Firefly III/input_name'

01-01-2024T12:57:34 - [MESSAGE][PASSED] - Text 'Penny Piggles' is set on object 'Object Repository/Piggy Bank/Page_New piggy bank  Piggy banks  Firefly III/input_name'

01-01-2024T12:57:34 - [TEST_STEP][PASSED] - selectOptionByLabel(findTestObject("Object Repository/Piggy Bank/Page_New piggy bank  Piggy banks  Firefly III/select_My Savings AccountMy Asset Account"), save_on_account, true): All options with label 'My Asset Account' are selected in object 'Object Repository/Piggy Bank/Page_New piggy bank  Piggy banks  Firefly III/select_My Savings AccountMy Asset Account'  using regular expression

01-01-2024T12:57:35 - [MESSAGE][PASSED] - All options with label 'My Asset Account' are selected in object 'Object Repository/Piggy Bank/Page_New piggy bank  Piggy banks  Firefly III/select_My Savings AccountMy Asset Account'  using regular expression

01-01-2024T12:57:35 - [TEST_STEP][PASSED] - setText(findTestObject("Object Repository/Piggy Bank/Page_New piggy bank  Piggy banks  Firefly III/input_targetamount"), target_amount): Text '81' is set on object 'Object Repository/Piggy Bank/Page_New piggy bank  Piggy banks  Firefly III/input_targetamount'

01-01-2024T12:57:36 - [MESSAGE][PASSED] - Text '81' is set on object 'Object Repository/Piggy Bank/Page_New piggy bank  Piggy banks  Firefly III/input_targetamount'

01-01-2024T12:57:36 - [TEST_STEP][PASSED] - setText(findTestObject("Object Repository/Piggy Bank/Page_New piggy bank  Piggy banks  Firefly III/textarea_notes"), notes): Text 'nisl duis bibendum felis sed interdum venenatis turpis enim blandit' is set on object 'Object Repository/Piggy Bank/Page_New piggy bank  Piggy banks  Firefly III/textarea_notes'

01-01-2024T12:57:37 - [MESSAGE][PASSED] - Text 'nisl duis bibendum felis sed interdum venenatis turpis enim blandit' is set on object 'Object Repository/Piggy Bank/Page_New piggy bank  Piggy banks  Firefly III/textarea_notes'

01-01-2024T12:57:37 - [TEST_STEP][PASSED] - setText(findTestObject("Object Repository/Piggy Bank/Page_New piggy bank  Piggy banks  Firefly III/input_object_group"), group): Text '' is set on object 'Object Repository/Piggy Bank/Page_New piggy bank  Piggy banks  Firefly III/input_object_group'

01-01-2024T12:57:37 - [MESSAGE][PASSED] - Text '' is set on object 'Object Repository/Piggy Bank/Page_New piggy bank  Piggy banks  Firefly III/input_object_group'

01-01-2024T12:57:37 - [TEST_STEP][PASSED] - setText(findTestObject("Piggy Bank/Page_New piggy bank  Piggy banks  Firefly III/input_date"), target_date): Text '04/16/2023' is set on object 'Object Repository/Piggy Bank/Page_New piggy bank  Piggy banks  Firefly III/input_date'

01-01-2024T12:57:38 - [MESSAGE][PASSED] - Text '04/16/2023' is set on object 'Object Repository/Piggy Bank/Page_New piggy bank  Piggy banks  Firefly III/input_date'

01-01-2024T12:57:38 - [TEST_STEP][PASSED] - uploadFile(findTestObject("Piggy Bank/Page_New piggy bank  Piggy banks  Firefly III/button_upload"), "D:\grade.xlsx"): File 'D:\grade.xlsx' sent to object: 'Object Repository/Piggy Bank/Page_New piggy bank  Piggy banks  Firefly III/button_upload'

01-01-2024T12:57:38 - [MESSAGE][PASSED] - File 'D:\grade.xlsx' sent to object: 'Object Repository/Piggy Bank/Page_New piggy bank  Piggy banks  Firefly III/button_upload'

01-01-2024T12:57:38 - [TEST_STEP][PASSED] - click(findTestObject("Object Repository/Piggy Bank/Page_New piggy bank  Piggy banks  Firefly III/div_Mandatory fields                       _ed7e9e")): Object: 'Object Repository/Piggy Bank/Page_New piggy bank  Piggy banks  Firefly III/div_Mandatory fields                       _ed7e9e' is clicked on

01-01-2024T12:57:39 - [MESSAGE][PASSED] - Object: 'Object Repository/Piggy Bank/Page_New piggy bank  Piggy banks  Firefly III/div_Mandatory fields                       _ed7e9e' is clicked on

01-01-2024T12:57:39 - [TEST_STEP][PASSED] - click(findTestObject("Object Repository/Piggy Bank/Page_New piggy bank  Piggy banks  Firefly III/button_Store new piggy bank")): Object: 'Object Repository/Piggy Bank/Page_New piggy bank  Piggy banks  Firefly III/button_Store new piggy bank' is clicked on

01-01-2024T12:57:39 - [MESSAGE][PASSED] - Object: 'Object Repository/Piggy Bank/Page_New piggy bank  Piggy banks  Firefly III/button_Store new piggy bank' is clicked on

01-01-2024T12:57:39 - [TEST_STEP][PASSED] - try: null

01-01-2024T12:57:39 - [TEST_STEP][PASSED] - verifyElementPresent(findTestObject("Piggy Bank/Page_New piggy bank  Piggy banks  Firefly III/text_dangers"), 1): Object 'Object Repository/Piggy Bank/Page_New piggy bank  Piggy banks  Firefly III/text_dangers' is present

01-01-2024T12:57:40 - [MESSAGE][PASSED] - Object 'Object Repository/Piggy Bank/Page_New piggy bank  Piggy banks  Firefly III/text_dangers' is present

01-01-2024T12:57:40 - [TEST_STEP][PASSED] - verifyElementNotPresent(findTestObject("Piggy Bank/Page_New piggy bank  Piggy banks  Firefly III/success_alert"), 1): Web element with id: 'Object Repository/Piggy Bank/Page_New piggy bank  Piggy banks  Firefly III/success_alert' located by 'By.cssSelector: #app > div.content-wrapper > section.content > div' is not present after '1' second(s)

01-01-2024T12:57:40 - [MESSAGE][PASSED] - Web element with id: 'Object Repository/Piggy Bank/Page_New piggy bank  Piggy banks  Firefly III/success_alert' located by 'By.cssSelector: #app > div.content-wrapper > section.content > div' is not present after '1' second(s)

01-01-2024T12:57:40 - [TEST_STEP][PASSED] - out.println("text danger"): null

01-01-2024T12:57:40 - [TEST_STEP][PASSED] - closeBrowser(): Browser is closed

01-01-2024T12:57:40 - [MESSAGE][PASSED] - Browser is closed]]></system-out>
         <system-err><![CDATA[]]></system-err>
      </testcase>
      <system-out><![CDATA[01-01-2024T12:57:06 - [TEST_SUITE][PASSED] - Piggy Bank: Test Cases/Piggy Bank]]></system-out>
      <system-err><![CDATA[]]></system-err>
   </testsuite>
</testsuites>
