<?xml version="1.0" encoding="UTF-8"?>
<testsuites name="Budget Suite" time="165.898" tests="10" failures="2" errors="0">
   <testsuite name="Budget Suite" tests="10" failures="2" errors="0" time="165.898" skipped="0" timestamp="02-01-2024T11:56:26" hostname="khoan - MSI" id="Test Suites/Budget Suite">
      <properties>
         <property name="deviceName" value=""/>
         <property name="devicePlatform" value=""/>
         <property name="logFolder" value="E:\\school\\software_testing\\G1_Firefly_testing\\Reports\\20240102_115623\\Budget Suite\\20240102_115623"/>
         <property name="logFiles" value="E:\\school\\software_testing\\G1_Firefly_testing\\Reports\\20240102_115623\\Budget Suite\\20240102_115623\\execution0.log"/>
         <property name="attachments" value="E:\\school\\software_testing\\G1_Firefly_testing\\Reports\\20240102_115623\\Budget Suite\\20240102_115623\\1704171402208.png, E:\\school\\software_testing\\G1_Firefly_testing\\Reports\\20240102_115623\\Budget Suite\\20240102_115623\\1704171402340.png, E:\\school\\software_testing\\G1_Firefly_testing\\Reports\\20240102_115623\\Budget Suite\\20240102_115623\\1704171416635.png, E:\\school\\software_testing\\G1_Firefly_testing\\Reports\\20240102_115623\\Budget Suite\\20240102_115623\\1704171416749.png, E:\\school\\software_testing\\G1_Firefly_testing\\Reports\\20240102_115623\\Budget Suite\\20240102_115623\\1704171458995.png, E:\\school\\software_testing\\G1_Firefly_testing\\Reports\\20240102_115623\\Budget Suite\\20240102_115623\\1704171459107.png, E:\\school\\software_testing\\G1_Firefly_testing\\Reports\\20240102_115623\\Budget Suite\\20240102_115623\\1704171489341.png, E:\\school\\software_testing\\G1_Firefly_testing\\Reports\\20240102_115623\\Budget Suite\\20240102_115623\\1704171489468.png, E:\\school\\software_testing\\G1_Firefly_testing\\Reports\\20240102_115623\\Budget Suite\\20240102_115623\\1704171498805.png, E:\\school\\software_testing\\G1_Firefly_testing\\Reports\\20240102_115623\\Budget Suite\\20240102_115623\\1704171513013.png, E:\\school\\software_testing\\G1_Firefly_testing\\Reports\\20240102_115623\\Budget Suite\\20240102_115623\\1704171513116.png, E:\\school\\software_testing\\G1_Firefly_testing\\Reports\\20240102_115623\\Budget Suite\\20240102_115623\\1704171527415.png, E:\\school\\software_testing\\G1_Firefly_testing\\Reports\\20240102_115623\\Budget Suite\\20240102_115623\\1704171527521.png, E:\\school\\software_testing\\G1_Firefly_testing\\Reports\\20240102_115623\\Budget Suite\\20240102_115623\\1704171537562.png, E:\\school\\software_testing\\G1_Firefly_testing\\Reports\\20240102_115623\\Budget Suite\\20240102_115623\\1704171551733.png, E:\\school\\software_testing\\G1_Firefly_testing\\Reports\\20240102_115623\\Budget Suite\\20240102_115623\\1704171551849.png"/>
         <property name="hostName" value="khoan - MSI"/>
         <property name="os" value="Windows 10 64bit"/>
         <property name="katalonVersion" value="9.2.0.212"/>
         <property name="browser" value="Chrome 120.0.0.0"/>
         <property name="hostAddress" value="172.16.4.40"/>
         <property name="sessionId" value="831d9f505a2c7607e4a9dd7bbe480fec"/>
         <property name="seleniumVersion" value="3.141.59"/>
         <property name="proxyInformation" value="ProxyInformation { proxyOption=NO_PROXY, proxyServerType=HTTP, username=, password=********, proxyServerAddress=, proxyServerPort=0, executionList=&quot;&quot;, isApplyToDesiredCapabilities=true }"/>
         <property name="platform" value="Windows 10"/>
      </properties>
      <testcase name="Test Cases/Budget" time="16.169" classname="Test Cases/Budget" status="PASSED">
         <system-out><![CDATA[02-01-2024T11:56:26 - [TEST_CASE][PASSED] - Test Cases/Budget: Test Cases/Budget

02-01-2024T11:56:27 - [TEST_STEP][PASSED] - openBrowser(""): Browser is opened with url: ''

02-01-2024T11:56:27 - [MESSAGE][INFO] - Starting 'Chrome' driver

02-01-2024T11:56:27 - [MESSAGE][INFO] - Action delay is set to 0 milliseconds

02-01-2024T11:56:28 - [MESSAGE][PASSED] - Browser is opened with url: ''

02-01-2024T11:56:28 - [TEST_STEP][PASSED] - navigateToUrl("https://firefly.buudadawg.online/login"): Navigate to 'https://firefly.buudadawg.online/login' successfully

02-01-2024T11:56:29 - [MESSAGE][PASSED] - Navigate to 'https://firefly.buudadawg.online/login' successfully

02-01-2024T11:56:29 - [TEST_STEP][PASSED] - setText(findTestObject("Object Repository/Budget/Page_Login to Firefly III/input_email"), "khoacraphotograph@gmail.com"): Text 'khoacraphotograph@gmail.com' is set on object 'Object Repository/Budget/Page_Login to Firefly III/input_email'

02-01-2024T11:56:30 - [MESSAGE][PASSED] - Text 'khoacraphotograph@gmail.com' is set on object 'Object Repository/Budget/Page_Login to Firefly III/input_email'

02-01-2024T11:56:30 - [TEST_STEP][PASSED] - setEncryptedText(findTestObject("Object Repository/Budget/Page_Login to Firefly III/input_password"), "krbqsEPTyj+/ySZvycc2bfHXjZyOJWOA"): Text ****** has been set on object 'Object Repository/Budget/Page_Login to Firefly III/input_password'

02-01-2024T11:56:30 - [MESSAGE][PASSED] - Text ****** has been set on object 'Object Repository/Budget/Page_Login to Firefly III/input_password'

02-01-2024T11:56:30 - [TEST_STEP][PASSED] - click(findTestObject("Object Repository/Budget/Page_Login to Firefly III/button_Sign in")): Object: 'Object Repository/Budget/Page_Login to Firefly III/button_Sign in' is clicked on

02-01-2024T11:56:31 - [MESSAGE][PASSED] - Object: 'Object Repository/Budget/Page_Login to Firefly III/button_Sign in' is clicked on

02-01-2024T11:56:31 - [TEST_STEP][PASSED] - click(findTestObject("Object Repository/Budget/Page_Whats playing  Firefly III/a_Budgets")): Object: 'Object Repository/Budget/Page_Whats playing  Firefly III/a_Budgets' is clicked on

02-01-2024T11:56:34 - [MESSAGE][PASSED] - Object: 'Object Repository/Budget/Page_Whats playing  Firefly III/a_Budgets' is clicked on

02-01-2024T11:56:34 - [TEST_STEP][PASSED] - click(findTestObject("Object Repository/Budget/Page_Budgets  Firefly III/a_New budget")): Object: 'Object Repository/Budget/Page_Budgets  Firefly III/a_New budget' is clicked on

02-01-2024T11:56:34 - [MESSAGE][PASSED] - Object: 'Object Repository/Budget/Page_Budgets  Firefly III/a_New budget' is clicked on

02-01-2024T11:56:34 - [TEST_STEP][PASSED] - setText(findTestObject("Object Repository/Budget/Page_Create a new budget  Budgets  Firefly III/input_name"), Name): Text '45lE-)&3mnA222' is set on object 'Object Repository/Budget/Page_Create a new budget  Budgets  Firefly III/input_name'

02-01-2024T11:56:35 - [MESSAGE][PASSED] - Text '45lE-)&3mnA222' is set on object 'Object Repository/Budget/Page_Create a new budget  Budgets  Firefly III/input_name'

02-01-2024T11:56:35 - [TEST_STEP][PASSED] - click(findTestObject("Object Repository/Budget/Page_Create a new budget  Budgets  Firefly III/div_Mandatory fields                       _27a419")): Object: 'Object Repository/Budget/Page_Create a new budget  Budgets  Firefly III/div_Mandatory fields                       _27a419' is clicked on

02-01-2024T11:56:36 - [MESSAGE][PASSED] - Object: 'Object Repository/Budget/Page_Create a new budget  Budgets  Firefly III/div_Mandatory fields                       _27a419' is clicked on

02-01-2024T11:56:36 - [TEST_STEP][PASSED] - selectOptionByLabel(findTestObject("Object Repository/Budget/Page_Create a new budget  Budgets  Firefly III/select_No auto-budgetSet a fixed amount eve_005aeb"), Auto_budget, true): All options with label 'Set a fixed amount every period' are selected in object 'Object Repository/Budget/Page_Create a new budget  Budgets  Firefly III/select_No auto-budgetSet a fixed amount eve_005aeb'  using regular expression

02-01-2024T11:56:37 - [MESSAGE][PASSED] - All options with label 'Set a fixed amount every period' are selected in object 'Object Repository/Budget/Page_Create a new budget  Budgets  Firefly III/select_No auto-budgetSet a fixed amount eve_005aeb'  using regular expression

02-01-2024T11:56:37 - [TEST_STEP][PASSED] - setText(findTestObject("Object Repository/Budget/Page_Create a new budget  Budgets  Firefly III/input_auto_budget_amount"), Auto_budget_amount): Text '9401' is set on object 'Object Repository/Budget/Page_Create a new budget  Budgets  Firefly III/input_auto_budget_amount'

02-01-2024T11:56:37 - [MESSAGE][PASSED] - Text '9401' is set on object 'Object Repository/Budget/Page_Create a new budget  Budgets  Firefly III/input_auto_budget_amount'

02-01-2024T11:56:37 - [TEST_STEP][PASSED] - selectOptionByLabel(findTestObject("Object Repository/Budget/Page_Create a new budget  Budgets  Firefly III/select_DailyWeeklyMonthlyQuarterlyEvery hal_69941c"), Auto_budget_period, true): All options with label 'Monthly' are selected in object 'Object Repository/Budget/Page_Create a new budget  Budgets  Firefly III/select_DailyWeeklyMonthlyQuarterlyEvery hal_69941c'  using regular expression

02-01-2024T11:56:38 - [MESSAGE][PASSED] - All options with label 'Monthly' are selected in object 'Object Repository/Budget/Page_Create a new budget  Budgets  Firefly III/select_DailyWeeklyMonthlyQuarterlyEvery hal_69941c'  using regular expression

02-01-2024T11:56:38 - [TEST_STEP][PASSED] - out.println(attachments): null

02-01-2024T11:56:38 - [TEST_STEP][PASSED] - if (attachments): File 'E:\school\software_testing\G1_Firefly_testing\Attachments File\Report_1MB.csv' sent to object: 'Object Repository/Create a new asset account/Page_Create a new asset account  Accounts  _ced620/upload file'

02-01-2024T11:56:38 - [TEST_STEP][PASSED] - absolutePath = normalize().toString(): null

02-01-2024T11:56:38 - [TEST_STEP][PASSED] - uploadFile(findTestObject("Create a new asset account/Page_Create a new asset account  Accounts  _ced620/upload file"), absolutePath): File 'E:\school\software_testing\G1_Firefly_testing\Attachments File\Report_1MB.csv' sent to object: 'Object Repository/Create a new asset account/Page_Create a new asset account  Accounts  _ced620/upload file'

02-01-2024T11:56:39 - [MESSAGE][PASSED] - File 'E:\school\software_testing\G1_Firefly_testing\Attachments File\Report_1MB.csv' sent to object: 'Object Repository/Create a new asset account/Page_Create a new asset account  Accounts  _ced620/upload file'

02-01-2024T11:56:39 - [TEST_STEP][PASSED] - click(findTestObject("Object Repository/Budget/Page_Create a new budget  Budgets  Firefly III/button_Store new budget")): Object: 'Object Repository/Budget/Page_Create a new budget  Budgets  Firefly III/button_Store new budget' is clicked on

02-01-2024T11:56:40 - [MESSAGE][PASSED] - Object: 'Object Repository/Budget/Page_Create a new budget  Budgets  Firefly III/button_Store new budget' is clicked on

02-01-2024T11:56:40 - [TEST_STEP][FAILED] - try: Unable to verify object 'Object Repository/Shared_alert/success_alert_budget' is not present (Root cause: com.kms.katalon.core.exception.StepFailedException: Unable to verify object 'Object Repository/Shared_alert/success_alert_budget' is not present
	at com.kms.katalon.core.webui.keyword.internal.WebUIKeywordMain.stepFailed(WebUIKeywordMain.groovy:64)
	at com.kms.katalon.core.webui.keyword.internal.WebUIKeywordMain.runKeyword(WebUIKeywordMain.groovy:26)
	at com.kms.katalon.core.webui.keyword.internal.WebUIKeywordMain$runKeyword.call(Unknown Source)
	at com.kms.katalon.core.webui.keyword.builtin.VerifyElementNotPresentKeyword.verifyElementNotPresent(VerifyElementNotPresentKeyword.groovy:122)
	at com.kms.katalon.core.webui.keyword.builtin.VerifyElementNotPresentKeyword.execute(VerifyElementNotPresentKeyword.groovy:68)
	at com.kms.katalon.core.keyword.internal.KeywordExecutor.executeKeywordForPlatform(KeywordExecutor.groovy:74)
	at com.kms.katalon.core.webui.keyword.WebUiBuiltInKeywords.verifyElementNotPresent(WebUiBuiltInKeywords.groovy:1536)
	at Budget.run(Budget:62)
	at com.kms.katalon.core.main.ScriptEngine.run(ScriptEngine.java:194)
	at com.kms.katalon.core.main.ScriptEngine.runScriptAsRawText(ScriptEngine.java:119)
	at com.kms.katalon.core.main.TestCaseExecutor.runScript(TestCaseExecutor.java:448)
	at com.kms.katalon.core.main.TestCaseExecutor.doExecute(TestCaseExecutor.java:439)
	at com.kms.katalon.core.main.TestCaseExecutor.processExecutionPhase(TestCaseExecutor.java:418)
	at com.kms.katalon.core.main.TestCaseExecutor.accessMainPhase(TestCaseExecutor.java:410)
	at com.kms.katalon.core.main.TestCaseExecutor.execute(TestCaseExecutor.java:285)
	at com.kms.katalon.core.common.CommonExecutor.accessTestCaseMainPhase(CommonExecutor.java:65)
	at com.kms.katalon.core.main.TestSuiteExecutor.accessTestSuiteMainPhase(TestSuiteExecutor.java:148)
	at com.kms.katalon.core.main.TestSuiteExecutor.execute(TestSuiteExecutor.java:106)
	at com.kms.katalon.core.main.TestCaseMain.startTestSuite(TestCaseMain.java:180)
	at TempTestSuite1704171383094.run(TempTestSuite1704171383094.groovy:36)
	at java.base/jdk.internal.reflect.NativeMethodAccessorImpl.invoke0(Native Method)
	at java.base/jdk.internal.reflect.NativeMethodAccessorImpl.invoke(NativeMethodAccessorImpl.java:77)
	at java.base/jdk.internal.reflect.DelegatingMethodAccessorImpl.invoke(DelegatingMethodAccessorImpl.java:43)
Caused by: com.kms.katalon.core.exception.StepFailedException: Web element with id: 'Object Repository/Shared_alert/success_alert_budget' located by 'By.cssSelector: #app > div.content-wrapper > section.content > div.alert.alert-success.alert-dismissible' is present after '1' second(s)
	at com.kms.katalon.core.webui.keyword.internal.WebUIKeywordMain.stepFailed(WebUIKeywordMain.groovy:64)
	at com.kms.katalon.core.webui.keyword.internal.WebUIKeywordMain$stepFailed$0.call(Unknown Source)
	at com.kms.katalon.core.webui.keyword.builtin.VerifyElementNotPresentKeyword$_verifyElementNotPresent_closure1.doCall(VerifyElementNotPresentKeyword.groovy:113)
	at com.kms.katalon.core.webui.keyword.builtin.VerifyElementNotPresentKeyword$_verifyElementNotPresent_closure1.doCall(VerifyElementNotPresentKeyword.groovy)
	at java.base/jdk.internal.reflect.NativeMethodAccessorImpl.invoke0(Native Method)
	at java.base/jdk.internal.reflect.NativeMethodAccessorImpl.invoke(NativeMethodAccessorImpl.java:77)
	at java.base/jdk.internal.reflect.DelegatingMethodAccessorImpl.invoke(DelegatingMethodAccessorImpl.java:43)
	at com.kms.katalon.core.webui.keyword.internal.WebUIKeywordMain.runKeyword(WebUIKeywordMain.groovy:20)
	... 21 more
)

02-01-2024T11:56:40 - [TEST_STEP][PASSED] - verifyElementPresent(findTestObject("Shared_alert/text_dangers"), 1): Object 'Object Repository/Shared_alert/text_dangers' is present

02-01-2024T11:56:41 - [MESSAGE][PASSED] - Object 'Object Repository/Shared_alert/text_dangers' is present

02-01-2024T11:56:41 - [TEST_STEP][FAILED] - verifyElementNotPresent(findTestObject("Shared_alert/success_alert_budget"), 1): Unable to verify object 'Object Repository/Shared_alert/success_alert_budget' is not present (Root cause: com.kms.katalon.core.exception.StepFailedException: Unable to verify object 'Object Repository/Shared_alert/success_alert_budget' is not present
	at com.kms.katalon.core.webui.keyword.internal.WebUIKeywordMain.stepFailed(WebUIKeywordMain.groovy:64)
	at com.kms.katalon.core.webui.keyword.internal.WebUIKeywordMain.runKeyword(WebUIKeywordMain.groovy:26)
	at com.kms.katalon.core.webui.keyword.internal.WebUIKeywordMain$runKeyword.call(Unknown Source)
	at com.kms.katalon.core.webui.keyword.builtin.VerifyElementNotPresentKeyword.verifyElementNotPresent(VerifyElementNotPresentKeyword.groovy:122)
	at com.kms.katalon.core.webui.keyword.builtin.VerifyElementNotPresentKeyword.execute(VerifyElementNotPresentKeyword.groovy:68)
	at com.kms.katalon.core.keyword.internal.KeywordExecutor.executeKeywordForPlatform(KeywordExecutor.groovy:74)
	at com.kms.katalon.core.webui.keyword.WebUiBuiltInKeywords.verifyElementNotPresent(WebUiBuiltInKeywords.groovy:1536)
	at Budget.run(Budget:62)
	at com.kms.katalon.core.main.ScriptEngine.run(ScriptEngine.java:194)
	at com.kms.katalon.core.main.ScriptEngine.runScriptAsRawText(ScriptEngine.java:119)
	at com.kms.katalon.core.main.TestCaseExecutor.runScript(TestCaseExecutor.java:448)
	at com.kms.katalon.core.main.TestCaseExecutor.doExecute(TestCaseExecutor.java:439)
	at com.kms.katalon.core.main.TestCaseExecutor.processExecutionPhase(TestCaseExecutor.java:418)
	at com.kms.katalon.core.main.TestCaseExecutor.accessMainPhase(TestCaseExecutor.java:410)
	at com.kms.katalon.core.main.TestCaseExecutor.execute(TestCaseExecutor.java:285)
	at com.kms.katalon.core.common.CommonExecutor.accessTestCaseMainPhase(CommonExecutor.java:65)
	at com.kms.katalon.core.main.TestSuiteExecutor.accessTestSuiteMainPhase(TestSuiteExecutor.java:148)
	at com.kms.katalon.core.main.TestSuiteExecutor.execute(TestSuiteExecutor.java:106)
	at com.kms.katalon.core.main.TestCaseMain.startTestSuite(TestCaseMain.java:180)
	at TempTestSuite1704171383094.run(TempTestSuite1704171383094.groovy:36)
	at java.base/jdk.internal.reflect.NativeMethodAccessorImpl.invoke0(Native Method)
	at java.base/jdk.internal.reflect.NativeMethodAccessorImpl.invoke(NativeMethodAccessorImpl.java:77)
	at java.base/jdk.internal.reflect.DelegatingMethodAccessorImpl.invoke(DelegatingMethodAccessorImpl.java:43)
Caused by: com.kms.katalon.core.exception.StepFailedException: Web element with id: 'Object Repository/Shared_alert/success_alert_budget' located by 'By.cssSelector: #app > div.content-wrapper > section.content > div.alert.alert-success.alert-dismissible' is present after '1' second(s)
	at com.kms.katalon.core.webui.keyword.internal.WebUIKeywordMain.stepFailed(WebUIKeywordMain.groovy:64)
	at com.kms.katalon.core.webui.keyword.internal.WebUIKeywordMain$stepFailed$0.call(Unknown Source)
	at com.kms.katalon.core.webui.keyword.builtin.VerifyElementNotPresentKeyword$_verifyElementNotPresent_closure1.doCall(VerifyElementNotPresentKeyword.groovy:113)
	at com.kms.katalon.core.webui.keyword.builtin.VerifyElementNotPresentKeyword$_verifyElementNotPresent_closure1.doCall(VerifyElementNotPresentKeyword.groovy)
	at java.base/jdk.internal.reflect.NativeMethodAccessorImpl.invoke0(Native Method)
	at java.base/jdk.internal.reflect.NativeMethodAccessorImpl.invoke(NativeMethodAccessorImpl.java:77)
	at java.base/jdk.internal.reflect.DelegatingMethodAccessorImpl.invoke(DelegatingMethodAccessorImpl.java:43)
	at com.kms.katalon.core.webui.keyword.internal.WebUIKeywordMain.runKeyword(WebUIKeywordMain.groovy:20)
	... 21 more
)

02-01-2024T11:56:42 - [MESSAGE][FAILED] - Web element with id: 'Object Repository/Shared_alert/success_alert_budget' located by 'By.cssSelector: #app > div.content-wrapper > section.content > div.alert.alert-success.alert-dismissible' is present after '1' second(s) (Root cause: com.kms.katalon.core.exception.StepFailedException: Web element with id: 'Object Repository/Shared_alert/success_alert_budget' located by 'By.cssSelector: #app > div.content-wrapper > section.content > div.alert.alert-success.alert-dismissible' is present after '1' second(s)
	at com.kms.katalon.core.webui.keyword.internal.WebUIKeywordMain.stepFailed(WebUIKeywordMain.groovy:64)
	at com.kms.katalon.core.webui.keyword.internal.WebUIKeywordMain$stepFailed$0.call(Unknown Source)
	at com.kms.katalon.core.webui.keyword.builtin.VerifyElementNotPresentKeyword$_verifyElementNotPresent_closure1.doCall(VerifyElementNotPresentKeyword.groovy:113)
	at com.kms.katalon.core.webui.keyword.builtin.VerifyElementNotPresentKeyword$_verifyElementNotPresent_closure1.doCall(VerifyElementNotPresentKeyword.groovy)
	at java.base/jdk.internal.reflect.NativeMethodAccessorImpl.invoke0(Native Method)
	at java.base/jdk.internal.reflect.NativeMethodAccessorImpl.invoke(NativeMethodAccessorImpl.java:77)
	at java.base/jdk.internal.reflect.DelegatingMethodAccessorImpl.invoke(DelegatingMethodAccessorImpl.java:43)
	at com.kms.katalon.core.webui.keyword.internal.WebUIKeywordMain.runKeyword(WebUIKeywordMain.groovy:20)
	at com.kms.katalon.core.webui.keyword.internal.WebUIKeywordMain$runKeyword.call(Unknown Source)
	at com.kms.katalon.core.webui.keyword.builtin.VerifyElementNotPresentKeyword.verifyElementNotPresent(VerifyElementNotPresentKeyword.groovy:122)
	at com.kms.katalon.core.webui.keyword.builtin.VerifyElementNotPresentKeyword.execute(VerifyElementNotPresentKeyword.groovy:68)
	at com.kms.katalon.core.keyword.internal.KeywordExecutor.executeKeywordForPlatform(KeywordExecutor.groovy:74)
	at com.kms.katalon.core.webui.keyword.WebUiBuiltInKeywords.verifyElementNotPresent(WebUiBuiltInKeywords.groovy:1536)
	at Budget.run(Budget:62)
	at com.kms.katalon.core.main.ScriptEngine.run(ScriptEngine.java:194)
	at com.kms.katalon.core.main.ScriptEngine.runScriptAsRawText(ScriptEngine.java:119)
	at com.kms.katalon.core.main.TestCaseExecutor.runScript(TestCaseExecutor.java:448)
	at com.kms.katalon.core.main.TestCaseExecutor.doExecute(TestCaseExecutor.java:439)
	at com.kms.katalon.core.main.TestCaseExecutor.processExecutionPhase(TestCaseExecutor.java:418)
	at com.kms.katalon.core.main.TestCaseExecutor.accessMainPhase(TestCaseExecutor.java:410)
	at com.kms.katalon.core.main.TestCaseExecutor.execute(TestCaseExecutor.java:285)
	at com.kms.katalon.core.common.CommonExecutor.accessTestCaseMainPhase(CommonExecutor.java:65)
	at com.kms.katalon.core.main.TestSuiteExecutor.accessTestSuiteMainPhase(TestSuiteExecutor.java:148)
	at com.kms.katalon.core.main.TestSuiteExecutor.execute(TestSuiteExecutor.java:106)
	at com.kms.katalon.core.main.TestCaseMain.startTestSuite(TestCaseMain.java:180)
	at TempTestSuite1704171383094.run(TempTestSuite1704171383094.groovy:36)
	at java.base/jdk.internal.reflect.NativeMethodAccessorImpl.invoke0(Native Method)
	at java.base/jdk.internal.reflect.NativeMethodAccessorImpl.invoke(NativeMethodAccessorImpl.java:77)
	at java.base/jdk.internal.reflect.DelegatingMethodAccessorImpl.invoke(DelegatingMethodAccessorImpl.java:43)
)
[[ATTACHMENT|E:\\school\\software_testing\\G1_Firefly_testing\\Reports\\20240102_115623\\Budget Suite\\20240102_115623\\1704171402208.png]]

02-01-2024T11:56:42 - [MESSAGE][FAILED] - Unable to verify object 'Object Repository/Shared_alert/success_alert_budget' is not present (Root cause: com.kms.katalon.core.exception.StepFailedException: Unable to verify object 'Object Repository/Shared_alert/success_alert_budget' is not present
	at com.kms.katalon.core.webui.keyword.internal.WebUIKeywordMain.stepFailed(WebUIKeywordMain.groovy:64)
	at com.kms.katalon.core.webui.keyword.internal.WebUIKeywordMain.runKeyword(WebUIKeywordMain.groovy:26)
	at com.kms.katalon.core.webui.keyword.internal.WebUIKeywordMain$runKeyword.call(Unknown Source)
	at com.kms.katalon.core.webui.keyword.builtin.VerifyElementNotPresentKeyword.verifyElementNotPresent(VerifyElementNotPresentKeyword.groovy:122)
	at com.kms.katalon.core.webui.keyword.builtin.VerifyElementNotPresentKeyword.execute(VerifyElementNotPresentKeyword.groovy:68)
	at com.kms.katalon.core.keyword.internal.KeywordExecutor.executeKeywordForPlatform(KeywordExecutor.groovy:74)
	at com.kms.katalon.core.webui.keyword.WebUiBuiltInKeywords.verifyElementNotPresent(WebUiBuiltInKeywords.groovy:1536)
	at Budget.run(Budget:62)
	at com.kms.katalon.core.main.ScriptEngine.run(ScriptEngine.java:194)
	at com.kms.katalon.core.main.ScriptEngine.runScriptAsRawText(ScriptEngine.java:119)
	at com.kms.katalon.core.main.TestCaseExecutor.runScript(TestCaseExecutor.java:448)
	at com.kms.katalon.core.main.TestCaseExecutor.doExecute(TestCaseExecutor.java:439)
	at com.kms.katalon.core.main.TestCaseExecutor.processExecutionPhase(TestCaseExecutor.java:418)
	at com.kms.katalon.core.main.TestCaseExecutor.accessMainPhase(TestCaseExecutor.java:410)
	at com.kms.katalon.core.main.TestCaseExecutor.execute(TestCaseExecutor.java:285)
	at com.kms.katalon.core.common.CommonExecutor.accessTestCaseMainPhase(CommonExecutor.java:65)
	at com.kms.katalon.core.main.TestSuiteExecutor.accessTestSuiteMainPhase(TestSuiteExecutor.java:148)
	at com.kms.katalon.core.main.TestSuiteExecutor.execute(TestSuiteExecutor.java:106)
	at com.kms.katalon.core.main.TestCaseMain.startTestSuite(TestCaseMain.java:180)
	at TempTestSuite1704171383094.run(TempTestSuite1704171383094.groovy:36)
	at java.base/jdk.internal.reflect.NativeMethodAccessorImpl.invoke0(Native Method)
	at java.base/jdk.internal.reflect.NativeMethodAccessorImpl.invoke(NativeMethodAccessorImpl.java:77)
	at java.base/jdk.internal.reflect.DelegatingMethodAccessorImpl.invoke(DelegatingMethodAccessorImpl.java:43)
Caused by: com.kms.katalon.core.exception.StepFailedException: Web element with id: 'Object Repository/Shared_alert/success_alert_budget' located by 'By.cssSelector: #app > div.content-wrapper > section.content > div.alert.alert-success.alert-dismissible' is present after '1' second(s)
	at com.kms.katalon.core.webui.keyword.internal.WebUIKeywordMain.stepFailed(WebUIKeywordMain.groovy:64)
	at com.kms.katalon.core.webui.keyword.internal.WebUIKeywordMain$stepFailed$0.call(Unknown Source)
	at com.kms.katalon.core.webui.keyword.builtin.VerifyElementNotPresentKeyword$_verifyElementNotPresent_closure1.doCall(VerifyElementNotPresentKeyword.groovy:113)
	at com.kms.katalon.core.webui.keyword.builtin.VerifyElementNotPresentKeyword$_verifyElementNotPresent_closure1.doCall(VerifyElementNotPresentKeyword.groovy)
	at java.base/jdk.internal.reflect.NativeMethodAccessorImpl.invoke0(Native Method)
	at java.base/jdk.internal.reflect.NativeMethodAccessorImpl.invoke(NativeMethodAccessorImpl.java:77)
	at java.base/jdk.internal.reflect.DelegatingMethodAccessorImpl.invoke(DelegatingMethodAccessorImpl.java:43)
	at com.kms.katalon.core.webui.keyword.internal.WebUIKeywordMain.runKeyword(WebUIKeywordMain.groovy:20)
	... 21 more
)
[[ATTACHMENT|E:\\school\\software_testing\\G1_Firefly_testing\\Reports\\20240102_115623\\Budget Suite\\20240102_115623\\1704171402340.png]]

02-01-2024T11:56:42 - [TEST_STEP][PASSED] - catch (Exception err): null

02-01-2024T11:56:42 - [TEST_STEP][PASSED] - verifyElementPresent(findTestObject("Shared_alert/success_alert_budget"), 1): Object 'Object Repository/Shared_alert/success_alert_budget' is present

02-01-2024T11:56:42 - [MESSAGE][PASSED] - Object 'Object Repository/Shared_alert/success_alert_budget' is present

02-01-2024T11:56:42 - [TEST_STEP][PASSED] - out.println("success"): null

02-01-2024T11:56:42 - [TEST_STEP][PASSED] - closeBrowser(): Browser is closed

02-01-2024T11:56:42 - [MESSAGE][PASSED] - Browser is closed]]></system-out>
         <system-err><![CDATA[]]></system-err>
      </testcase>
      <testcase name="Test Cases/Budget" time="14.328" classname="Test Cases/Budget" status="PASSED">
         <system-out><![CDATA[02-01-2024T11:56:42 - [TEST_CASE][PASSED] - Test Cases/Budget: Test Cases/Budget

02-01-2024T11:56:43 - [TEST_STEP][PASSED] - openBrowser(""): Browser is opened with url: ''

02-01-2024T11:56:43 - [MESSAGE][INFO] - Starting 'Chrome' driver

02-01-2024T11:56:43 - [MESSAGE][INFO] - Action delay is set to 0 milliseconds

02-01-2024T11:56:43 - [MESSAGE][PASSED] - Browser is opened with url: ''

02-01-2024T11:56:43 - [TEST_STEP][PASSED] - navigateToUrl("https://firefly.buudadawg.online/login"): Navigate to 'https://firefly.buudadawg.online/login' successfully

02-01-2024T11:56:44 - [MESSAGE][PASSED] - Navigate to 'https://firefly.buudadawg.online/login' successfully

02-01-2024T11:56:44 - [TEST_STEP][PASSED] - setText(findTestObject("Object Repository/Budget/Page_Login to Firefly III/input_email"), "khoacraphotograph@gmail.com"): Text 'khoacraphotograph@gmail.com' is set on object 'Object Repository/Budget/Page_Login to Firefly III/input_email'

02-01-2024T11:56:45 - [MESSAGE][PASSED] - Text 'khoacraphotograph@gmail.com' is set on object 'Object Repository/Budget/Page_Login to Firefly III/input_email'

02-01-2024T11:56:45 - [TEST_STEP][PASSED] - setEncryptedText(findTestObject("Object Repository/Budget/Page_Login to Firefly III/input_password"), "krbqsEPTyj+/ySZvycc2bfHXjZyOJWOA"): Text ****** has been set on object 'Object Repository/Budget/Page_Login to Firefly III/input_password'

02-01-2024T11:56:45 - [MESSAGE][PASSED] - Text ****** has been set on object 'Object Repository/Budget/Page_Login to Firefly III/input_password'

02-01-2024T11:56:45 - [TEST_STEP][PASSED] - click(findTestObject("Object Repository/Budget/Page_Login to Firefly III/button_Sign in")): Object: 'Object Repository/Budget/Page_Login to Firefly III/button_Sign in' is clicked on

02-01-2024T11:56:46 - [MESSAGE][PASSED] - Object: 'Object Repository/Budget/Page_Login to Firefly III/button_Sign in' is clicked on

02-01-2024T11:56:46 - [TEST_STEP][PASSED] - click(findTestObject("Object Repository/Budget/Page_Whats playing  Firefly III/a_Budgets")): Object: 'Object Repository/Budget/Page_Whats playing  Firefly III/a_Budgets' is clicked on

02-01-2024T11:56:48 - [MESSAGE][PASSED] - Object: 'Object Repository/Budget/Page_Whats playing  Firefly III/a_Budgets' is clicked on

02-01-2024T11:56:48 - [TEST_STEP][PASSED] - click(findTestObject("Object Repository/Budget/Page_Budgets  Firefly III/a_New budget")): Object: 'Object Repository/Budget/Page_Budgets  Firefly III/a_New budget' is clicked on

02-01-2024T11:56:49 - [MESSAGE][PASSED] - Object: 'Object Repository/Budget/Page_Budgets  Firefly III/a_New budget' is clicked on

02-01-2024T11:56:49 - [TEST_STEP][PASSED] - setText(findTestObject("Object Repository/Budget/Page_Create a new budget  Budgets  Firefly III/input_name"), Name): Text '85kM-)&1jcH222' is set on object 'Object Repository/Budget/Page_Create a new budget  Budgets  Firefly III/input_name'

02-01-2024T11:56:50 - [MESSAGE][PASSED] - Text '85kM-)&1jcH222' is set on object 'Object Repository/Budget/Page_Create a new budget  Budgets  Firefly III/input_name'

02-01-2024T11:56:50 - [TEST_STEP][PASSED] - click(findTestObject("Object Repository/Budget/Page_Create a new budget  Budgets  Firefly III/div_Mandatory fields                       _27a419")): Object: 'Object Repository/Budget/Page_Create a new budget  Budgets  Firefly III/div_Mandatory fields                       _27a419' is clicked on

02-01-2024T11:56:50 - [MESSAGE][PASSED] - Object: 'Object Repository/Budget/Page_Create a new budget  Budgets  Firefly III/div_Mandatory fields                       _27a419' is clicked on

02-01-2024T11:56:50 - [TEST_STEP][PASSED] - selectOptionByLabel(findTestObject("Object Repository/Budget/Page_Create a new budget  Budgets  Firefly III/select_No auto-budgetSet a fixed amount eve_005aeb"), Auto_budget, true): All options with label 'Set a fixed amount every period' are selected in object 'Object Repository/Budget/Page_Create a new budget  Budgets  Firefly III/select_No auto-budgetSet a fixed amount eve_005aeb'  using regular expression

02-01-2024T11:56:51 - [MESSAGE][PASSED] - All options with label 'Set a fixed amount every period' are selected in object 'Object Repository/Budget/Page_Create a new budget  Budgets  Firefly III/select_No auto-budgetSet a fixed amount eve_005aeb'  using regular expression

02-01-2024T11:56:51 - [TEST_STEP][PASSED] - setText(findTestObject("Object Repository/Budget/Page_Create a new budget  Budgets  Firefly III/input_auto_budget_amount"), Auto_budget_amount): Text '56289' is set on object 'Object Repository/Budget/Page_Create a new budget  Budgets  Firefly III/input_auto_budget_amount'

02-01-2024T11:56:52 - [MESSAGE][PASSED] - Text '56289' is set on object 'Object Repository/Budget/Page_Create a new budget  Budgets  Firefly III/input_auto_budget_amount'

02-01-2024T11:56:52 - [TEST_STEP][PASSED] - selectOptionByLabel(findTestObject("Object Repository/Budget/Page_Create a new budget  Budgets  Firefly III/select_DailyWeeklyMonthlyQuarterlyEvery hal_69941c"), Auto_budget_period, true): All options with label 'Yearly' are selected in object 'Object Repository/Budget/Page_Create a new budget  Budgets  Firefly III/select_DailyWeeklyMonthlyQuarterlyEvery hal_69941c'  using regular expression

02-01-2024T11:56:53 - [MESSAGE][PASSED] - All options with label 'Yearly' are selected in object 'Object Repository/Budget/Page_Create a new budget  Budgets  Firefly III/select_DailyWeeklyMonthlyQuarterlyEvery hal_69941c'  using regular expression

02-01-2024T11:56:53 - [TEST_STEP][PASSED] - out.println(attachments): null

02-01-2024T11:56:53 - [TEST_STEP][PASSED] - if (attachments): File 'E:\school\software_testing\G1_Firefly_testing\Attachments File\Report_1MB.csv' sent to object: 'Object Repository/Create a new asset account/Page_Create a new asset account  Accounts  _ced620/upload file'

02-01-2024T11:56:53 - [TEST_STEP][PASSED] - absolutePath = normalize().toString(): null

02-01-2024T11:56:53 - [TEST_STEP][PASSED] - uploadFile(findTestObject("Create a new asset account/Page_Create a new asset account  Accounts  _ced620/upload file"), absolutePath): File 'E:\school\software_testing\G1_Firefly_testing\Attachments File\Report_1MB.csv' sent to object: 'Object Repository/Create a new asset account/Page_Create a new asset account  Accounts  _ced620/upload file'

02-01-2024T11:56:53 - [MESSAGE][PASSED] - File 'E:\school\software_testing\G1_Firefly_testing\Attachments File\Report_1MB.csv' sent to object: 'Object Repository/Create a new asset account/Page_Create a new asset account  Accounts  _ced620/upload file'

02-01-2024T11:56:53 - [TEST_STEP][PASSED] - click(findTestObject("Object Repository/Budget/Page_Create a new budget  Budgets  Firefly III/button_Store new budget")): Object: 'Object Repository/Budget/Page_Create a new budget  Budgets  Firefly III/button_Store new budget' is clicked on

02-01-2024T11:56:55 - [MESSAGE][PASSED] - Object: 'Object Repository/Budget/Page_Create a new budget  Budgets  Firefly III/button_Store new budget' is clicked on

02-01-2024T11:56:55 - [TEST_STEP][FAILED] - try: Unable to verify object 'Object Repository/Shared_alert/success_alert_budget' is not present (Root cause: com.kms.katalon.core.exception.StepFailedException: Unable to verify object 'Object Repository/Shared_alert/success_alert_budget' is not present
	at com.kms.katalon.core.webui.keyword.internal.WebUIKeywordMain.stepFailed(WebUIKeywordMain.groovy:64)
	at com.kms.katalon.core.webui.keyword.internal.WebUIKeywordMain.runKeyword(WebUIKeywordMain.groovy:26)
	at com.kms.katalon.core.webui.keyword.internal.WebUIKeywordMain$runKeyword.call(Unknown Source)
	at com.kms.katalon.core.webui.keyword.builtin.VerifyElementNotPresentKeyword.verifyElementNotPresent(VerifyElementNotPresentKeyword.groovy:122)
	at com.kms.katalon.core.webui.keyword.builtin.VerifyElementNotPresentKeyword.execute(VerifyElementNotPresentKeyword.groovy:68)
	at com.kms.katalon.core.keyword.internal.KeywordExecutor.executeKeywordForPlatform(KeywordExecutor.groovy:74)
	at com.kms.katalon.core.webui.keyword.WebUiBuiltInKeywords.verifyElementNotPresent(WebUiBuiltInKeywords.groovy:1536)
	at Budget.run(Budget:62)
	at com.kms.katalon.core.main.ScriptEngine.run(ScriptEngine.java:194)
	at com.kms.katalon.core.main.ScriptEngine.runScriptAsRawText(ScriptEngine.java:119)
	at com.kms.katalon.core.main.TestCaseExecutor.runScript(TestCaseExecutor.java:448)
	at com.kms.katalon.core.main.TestCaseExecutor.doExecute(TestCaseExecutor.java:439)
	at com.kms.katalon.core.main.TestCaseExecutor.processExecutionPhase(TestCaseExecutor.java:418)
	at com.kms.katalon.core.main.TestCaseExecutor.accessMainPhase(TestCaseExecutor.java:410)
	at com.kms.katalon.core.main.TestCaseExecutor.execute(TestCaseExecutor.java:285)
	at com.kms.katalon.core.common.CommonExecutor.accessTestCaseMainPhase(CommonExecutor.java:65)
	at com.kms.katalon.core.main.TestSuiteExecutor.accessTestSuiteMainPhase(TestSuiteExecutor.java:148)
	at com.kms.katalon.core.main.TestSuiteExecutor.execute(TestSuiteExecutor.java:106)
	at com.kms.katalon.core.main.TestCaseMain.startTestSuite(TestCaseMain.java:180)
	at TempTestSuite1704171383094.run(TempTestSuite1704171383094.groovy:36)
	at java.base/jdk.internal.reflect.NativeMethodAccessorImpl.invoke0(Native Method)
	at java.base/jdk.internal.reflect.NativeMethodAccessorImpl.invoke(NativeMethodAccessorImpl.java:77)
	at java.base/jdk.internal.reflect.DelegatingMethodAccessorImpl.invoke(DelegatingMethodAccessorImpl.java:43)
Caused by: com.kms.katalon.core.exception.StepFailedException: Web element with id: 'Object Repository/Shared_alert/success_alert_budget' located by 'By.cssSelector: #app > div.content-wrapper > section.content > div.alert.alert-success.alert-dismissible' is present after '1' second(s)
	at com.kms.katalon.core.webui.keyword.internal.WebUIKeywordMain.stepFailed(WebUIKeywordMain.groovy:64)
	at com.kms.katalon.core.webui.keyword.internal.WebUIKeywordMain$stepFailed$0.call(Unknown Source)
	at com.kms.katalon.core.webui.keyword.builtin.VerifyElementNotPresentKeyword$_verifyElementNotPresent_closure1.doCall(VerifyElementNotPresentKeyword.groovy:113)
	at com.kms.katalon.core.webui.keyword.builtin.VerifyElementNotPresentKeyword$_verifyElementNotPresent_closure1.doCall(VerifyElementNotPresentKeyword.groovy)
	at java.base/jdk.internal.reflect.NativeMethodAccessorImpl.invoke0(Native Method)
	at java.base/jdk.internal.reflect.NativeMethodAccessorImpl.invoke(NativeMethodAccessorImpl.java:77)
	at java.base/jdk.internal.reflect.DelegatingMethodAccessorImpl.invoke(DelegatingMethodAccessorImpl.java:43)
	at com.kms.katalon.core.webui.keyword.internal.WebUIKeywordMain.runKeyword(WebUIKeywordMain.groovy:20)
	... 21 more
)

02-01-2024T11:56:55 - [TEST_STEP][PASSED] - verifyElementPresent(findTestObject("Shared_alert/text_dangers"), 1): Object 'Object Repository/Shared_alert/text_dangers' is present

02-01-2024T11:56:55 - [MESSAGE][PASSED] - Object 'Object Repository/Shared_alert/text_dangers' is present

02-01-2024T11:56:55 - [TEST_STEP][FAILED] - verifyElementNotPresent(findTestObject("Shared_alert/success_alert_budget"), 1): Unable to verify object 'Object Repository/Shared_alert/success_alert_budget' is not present (Root cause: com.kms.katalon.core.exception.StepFailedException: Unable to verify object 'Object Repository/Shared_alert/success_alert_budget' is not present
	at com.kms.katalon.core.webui.keyword.internal.WebUIKeywordMain.stepFailed(WebUIKeywordMain.groovy:64)
	at com.kms.katalon.core.webui.keyword.internal.WebUIKeywordMain.runKeyword(WebUIKeywordMain.groovy:26)
	at com.kms.katalon.core.webui.keyword.internal.WebUIKeywordMain$runKeyword.call(Unknown Source)
	at com.kms.katalon.core.webui.keyword.builtin.VerifyElementNotPresentKeyword.verifyElementNotPresent(VerifyElementNotPresentKeyword.groovy:122)
	at com.kms.katalon.core.webui.keyword.builtin.VerifyElementNotPresentKeyword.execute(VerifyElementNotPresentKeyword.groovy:68)
	at com.kms.katalon.core.keyword.internal.KeywordExecutor.executeKeywordForPlatform(KeywordExecutor.groovy:74)
	at com.kms.katalon.core.webui.keyword.WebUiBuiltInKeywords.verifyElementNotPresent(WebUiBuiltInKeywords.groovy:1536)
	at Budget.run(Budget:62)
	at com.kms.katalon.core.main.ScriptEngine.run(ScriptEngine.java:194)
	at com.kms.katalon.core.main.ScriptEngine.runScriptAsRawText(ScriptEngine.java:119)
	at com.kms.katalon.core.main.TestCaseExecutor.runScript(TestCaseExecutor.java:448)
	at com.kms.katalon.core.main.TestCaseExecutor.doExecute(TestCaseExecutor.java:439)
	at com.kms.katalon.core.main.TestCaseExecutor.processExecutionPhase(TestCaseExecutor.java:418)
	at com.kms.katalon.core.main.TestCaseExecutor.accessMainPhase(TestCaseExecutor.java:410)
	at com.kms.katalon.core.main.TestCaseExecutor.execute(TestCaseExecutor.java:285)
	at com.kms.katalon.core.common.CommonExecutor.accessTestCaseMainPhase(CommonExecutor.java:65)
	at com.kms.katalon.core.main.TestSuiteExecutor.accessTestSuiteMainPhase(TestSuiteExecutor.java:148)
	at com.kms.katalon.core.main.TestSuiteExecutor.execute(TestSuiteExecutor.java:106)
	at com.kms.katalon.core.main.TestCaseMain.startTestSuite(TestCaseMain.java:180)
	at TempTestSuite1704171383094.run(TempTestSuite1704171383094.groovy:36)
	at java.base/jdk.internal.reflect.NativeMethodAccessorImpl.invoke0(Native Method)
	at java.base/jdk.internal.reflect.NativeMethodAccessorImpl.invoke(NativeMethodAccessorImpl.java:77)
	at java.base/jdk.internal.reflect.DelegatingMethodAccessorImpl.invoke(DelegatingMethodAccessorImpl.java:43)
Caused by: com.kms.katalon.core.exception.StepFailedException: Web element with id: 'Object Repository/Shared_alert/success_alert_budget' located by 'By.cssSelector: #app > div.content-wrapper > section.content > div.alert.alert-success.alert-dismissible' is present after '1' second(s)
	at com.kms.katalon.core.webui.keyword.internal.WebUIKeywordMain.stepFailed(WebUIKeywordMain.groovy:64)
	at com.kms.katalon.core.webui.keyword.internal.WebUIKeywordMain$stepFailed$0.call(Unknown Source)
	at com.kms.katalon.core.webui.keyword.builtin.VerifyElementNotPresentKeyword$_verifyElementNotPresent_closure1.doCall(VerifyElementNotPresentKeyword.groovy:113)
	at com.kms.katalon.core.webui.keyword.builtin.VerifyElementNotPresentKeyword$_verifyElementNotPresent_closure1.doCall(VerifyElementNotPresentKeyword.groovy)
	at java.base/jdk.internal.reflect.NativeMethodAccessorImpl.invoke0(Native Method)
	at java.base/jdk.internal.reflect.NativeMethodAccessorImpl.invoke(NativeMethodAccessorImpl.java:77)
	at java.base/jdk.internal.reflect.DelegatingMethodAccessorImpl.invoke(DelegatingMethodAccessorImpl.java:43)
	at com.kms.katalon.core.webui.keyword.internal.WebUIKeywordMain.runKeyword(WebUIKeywordMain.groovy:20)
	... 21 more
)

02-01-2024T11:56:56 - [MESSAGE][FAILED] - Web element with id: 'Object Repository/Shared_alert/success_alert_budget' located by 'By.cssSelector: #app > div.content-wrapper > section.content > div.alert.alert-success.alert-dismissible' is present after '1' second(s) (Root cause: com.kms.katalon.core.exception.StepFailedException: Web element with id: 'Object Repository/Shared_alert/success_alert_budget' located by 'By.cssSelector: #app > div.content-wrapper > section.content > div.alert.alert-success.alert-dismissible' is present after '1' second(s)
	at com.kms.katalon.core.webui.keyword.internal.WebUIKeywordMain.stepFailed(WebUIKeywordMain.groovy:64)
	at com.kms.katalon.core.webui.keyword.internal.WebUIKeywordMain$stepFailed$0.call(Unknown Source)
	at com.kms.katalon.core.webui.keyword.builtin.VerifyElementNotPresentKeyword$_verifyElementNotPresent_closure1.doCall(VerifyElementNotPresentKeyword.groovy:113)
	at com.kms.katalon.core.webui.keyword.builtin.VerifyElementNotPresentKeyword$_verifyElementNotPresent_closure1.doCall(VerifyElementNotPresentKeyword.groovy)
	at java.base/jdk.internal.reflect.NativeMethodAccessorImpl.invoke0(Native Method)
	at java.base/jdk.internal.reflect.NativeMethodAccessorImpl.invoke(NativeMethodAccessorImpl.java:77)
	at java.base/jdk.internal.reflect.DelegatingMethodAccessorImpl.invoke(DelegatingMethodAccessorImpl.java:43)
	at com.kms.katalon.core.webui.keyword.internal.WebUIKeywordMain.runKeyword(WebUIKeywordMain.groovy:20)
	at com.kms.katalon.core.webui.keyword.internal.WebUIKeywordMain$runKeyword.call(Unknown Source)
	at com.kms.katalon.core.webui.keyword.builtin.VerifyElementNotPresentKeyword.verifyElementNotPresent(VerifyElementNotPresentKeyword.groovy:122)
	at com.kms.katalon.core.webui.keyword.builtin.VerifyElementNotPresentKeyword.execute(VerifyElementNotPresentKeyword.groovy:68)
	at com.kms.katalon.core.keyword.internal.KeywordExecutor.executeKeywordForPlatform(KeywordExecutor.groovy:74)
	at com.kms.katalon.core.webui.keyword.WebUiBuiltInKeywords.verifyElementNotPresent(WebUiBuiltInKeywords.groovy:1536)
	at Budget.run(Budget:62)
	at com.kms.katalon.core.main.ScriptEngine.run(ScriptEngine.java:194)
	at com.kms.katalon.core.main.ScriptEngine.runScriptAsRawText(ScriptEngine.java:119)
	at com.kms.katalon.core.main.TestCaseExecutor.runScript(TestCaseExecutor.java:448)
	at com.kms.katalon.core.main.TestCaseExecutor.doExecute(TestCaseExecutor.java:439)
	at com.kms.katalon.core.main.TestCaseExecutor.processExecutionPhase(TestCaseExecutor.java:418)
	at com.kms.katalon.core.main.TestCaseExecutor.accessMainPhase(TestCaseExecutor.java:410)
	at com.kms.katalon.core.main.TestCaseExecutor.execute(TestCaseExecutor.java:285)
	at com.kms.katalon.core.common.CommonExecutor.accessTestCaseMainPhase(CommonExecutor.java:65)
	at com.kms.katalon.core.main.TestSuiteExecutor.accessTestSuiteMainPhase(TestSuiteExecutor.java:148)
	at com.kms.katalon.core.main.TestSuiteExecutor.execute(TestSuiteExecutor.java:106)
	at com.kms.katalon.core.main.TestCaseMain.startTestSuite(TestCaseMain.java:180)
	at TempTestSuite1704171383094.run(TempTestSuite1704171383094.groovy:36)
	at java.base/jdk.internal.reflect.NativeMethodAccessorImpl.invoke0(Native Method)
	at java.base/jdk.internal.reflect.NativeMethodAccessorImpl.invoke(NativeMethodAccessorImpl.java:77)
	at java.base/jdk.internal.reflect.DelegatingMethodAccessorImpl.invoke(DelegatingMethodAccessorImpl.java:43)
)
[[ATTACHMENT|E:\\school\\software_testing\\G1_Firefly_testing\\Reports\\20240102_115623\\Budget Suite\\20240102_115623\\1704171416635.png]]

02-01-2024T11:56:56 - [MESSAGE][FAILED] - Unable to verify object 'Object Repository/Shared_alert/success_alert_budget' is not present (Root cause: com.kms.katalon.core.exception.StepFailedException: Unable to verify object 'Object Repository/Shared_alert/success_alert_budget' is not present
	at com.kms.katalon.core.webui.keyword.internal.WebUIKeywordMain.stepFailed(WebUIKeywordMain.groovy:64)
	at com.kms.katalon.core.webui.keyword.internal.WebUIKeywordMain.runKeyword(WebUIKeywordMain.groovy:26)
	at com.kms.katalon.core.webui.keyword.internal.WebUIKeywordMain$runKeyword.call(Unknown Source)
	at com.kms.katalon.core.webui.keyword.builtin.VerifyElementNotPresentKeyword.verifyElementNotPresent(VerifyElementNotPresentKeyword.groovy:122)
	at com.kms.katalon.core.webui.keyword.builtin.VerifyElementNotPresentKeyword.execute(VerifyElementNotPresentKeyword.groovy:68)
	at com.kms.katalon.core.keyword.internal.KeywordExecutor.executeKeywordForPlatform(KeywordExecutor.groovy:74)
	at com.kms.katalon.core.webui.keyword.WebUiBuiltInKeywords.verifyElementNotPresent(WebUiBuiltInKeywords.groovy:1536)
	at Budget.run(Budget:62)
	at com.kms.katalon.core.main.ScriptEngine.run(ScriptEngine.java:194)
	at com.kms.katalon.core.main.ScriptEngine.runScriptAsRawText(ScriptEngine.java:119)
	at com.kms.katalon.core.main.TestCaseExecutor.runScript(TestCaseExecutor.java:448)
	at com.kms.katalon.core.main.TestCaseExecutor.doExecute(TestCaseExecutor.java:439)
	at com.kms.katalon.core.main.TestCaseExecutor.processExecutionPhase(TestCaseExecutor.java:418)
	at com.kms.katalon.core.main.TestCaseExecutor.accessMainPhase(TestCaseExecutor.java:410)
	at com.kms.katalon.core.main.TestCaseExecutor.execute(TestCaseExecutor.java:285)
	at com.kms.katalon.core.common.CommonExecutor.accessTestCaseMainPhase(CommonExecutor.java:65)
	at com.kms.katalon.core.main.TestSuiteExecutor.accessTestSuiteMainPhase(TestSuiteExecutor.java:148)
	at com.kms.katalon.core.main.TestSuiteExecutor.execute(TestSuiteExecutor.java:106)
	at com.kms.katalon.core.main.TestCaseMain.startTestSuite(TestCaseMain.java:180)
	at TempTestSuite1704171383094.run(TempTestSuite1704171383094.groovy:36)
	at java.base/jdk.internal.reflect.NativeMethodAccessorImpl.invoke0(Native Method)
	at java.base/jdk.internal.reflect.NativeMethodAccessorImpl.invoke(NativeMethodAccessorImpl.java:77)
	at java.base/jdk.internal.reflect.DelegatingMethodAccessorImpl.invoke(DelegatingMethodAccessorImpl.java:43)
Caused by: com.kms.katalon.core.exception.StepFailedException: Web element with id: 'Object Repository/Shared_alert/success_alert_budget' located by 'By.cssSelector: #app > div.content-wrapper > section.content > div.alert.alert-success.alert-dismissible' is present after '1' second(s)
	at com.kms.katalon.core.webui.keyword.internal.WebUIKeywordMain.stepFailed(WebUIKeywordMain.groovy:64)
	at com.kms.katalon.core.webui.keyword.internal.WebUIKeywordMain$stepFailed$0.call(Unknown Source)
	at com.kms.katalon.core.webui.keyword.builtin.VerifyElementNotPresentKeyword$_verifyElementNotPresent_closure1.doCall(VerifyElementNotPresentKeyword.groovy:113)
	at com.kms.katalon.core.webui.keyword.builtin.VerifyElementNotPresentKeyword$_verifyElementNotPresent_closure1.doCall(VerifyElementNotPresentKeyword.groovy)
	at java.base/jdk.internal.reflect.NativeMethodAccessorImpl.invoke0(Native Method)
	at java.base/jdk.internal.reflect.NativeMethodAccessorImpl.invoke(NativeMethodAccessorImpl.java:77)
	at java.base/jdk.internal.reflect.DelegatingMethodAccessorImpl.invoke(DelegatingMethodAccessorImpl.java:43)
	at com.kms.katalon.core.webui.keyword.internal.WebUIKeywordMain.runKeyword(WebUIKeywordMain.groovy:20)
	... 21 more
)
[[ATTACHMENT|E:\\school\\software_testing\\G1_Firefly_testing\\Reports\\20240102_115623\\Budget Suite\\20240102_115623\\1704171416749.png]]

02-01-2024T11:56:56 - [TEST_STEP][PASSED] - catch (Exception err): null

02-01-2024T11:56:56 - [TEST_STEP][PASSED] - verifyElementPresent(findTestObject("Shared_alert/success_alert_budget"), 1): Object 'Object Repository/Shared_alert/success_alert_budget' is present

02-01-2024T11:56:57 - [MESSAGE][PASSED] - Object 'Object Repository/Shared_alert/success_alert_budget' is present

02-01-2024T11:56:57 - [TEST_STEP][PASSED] - out.println("success"): null

02-01-2024T11:56:57 - [TEST_STEP][PASSED] - closeBrowser(): Browser is closed

02-01-2024T11:56:57 - [MESSAGE][PASSED] - Browser is closed]]></system-out>
         <system-err><![CDATA[]]></system-err>
      </testcase>
      <testcase name="Test Cases/Budget" time="12.627" classname="Test Cases/Budget" status="PASSED">
         <system-out><![CDATA[02-01-2024T11:56:57 - [TEST_CASE][PASSED] - Test Cases/Budget: Test Cases/Budget

02-01-2024T11:56:57 - [TEST_STEP][PASSED] - openBrowser(""): Browser is opened with url: ''

02-01-2024T11:56:57 - [MESSAGE][INFO] - Starting 'Chrome' driver

02-01-2024T11:56:57 - [MESSAGE][INFO] - Action delay is set to 0 milliseconds

02-01-2024T11:56:58 - [MESSAGE][PASSED] - Browser is opened with url: ''

02-01-2024T11:56:58 - [TEST_STEP][PASSED] - navigateToUrl("https://firefly.buudadawg.online/login"): Navigate to 'https://firefly.buudadawg.online/login' successfully

02-01-2024T11:56:58 - [MESSAGE][PASSED] - Navigate to 'https://firefly.buudadawg.online/login' successfully

02-01-2024T11:56:58 - [TEST_STEP][PASSED] - setText(findTestObject("Object Repository/Budget/Page_Login to Firefly III/input_email"), "khoacraphotograph@gmail.com"): Text 'khoacraphotograph@gmail.com' is set on object 'Object Repository/Budget/Page_Login to Firefly III/input_email'

02-01-2024T11:56:59 - [MESSAGE][PASSED] - Text 'khoacraphotograph@gmail.com' is set on object 'Object Repository/Budget/Page_Login to Firefly III/input_email'

02-01-2024T11:56:59 - [TEST_STEP][PASSED] - setEncryptedText(findTestObject("Object Repository/Budget/Page_Login to Firefly III/input_password"), "krbqsEPTyj+/ySZvycc2bfHXjZyOJWOA"): Text ****** has been set on object 'Object Repository/Budget/Page_Login to Firefly III/input_password'

02-01-2024T11:57:00 - [MESSAGE][PASSED] - Text ****** has been set on object 'Object Repository/Budget/Page_Login to Firefly III/input_password'

02-01-2024T11:57:00 - [TEST_STEP][PASSED] - click(findTestObject("Object Repository/Budget/Page_Login to Firefly III/button_Sign in")): Object: 'Object Repository/Budget/Page_Login to Firefly III/button_Sign in' is clicked on

02-01-2024T11:57:00 - [MESSAGE][PASSED] - Object: 'Object Repository/Budget/Page_Login to Firefly III/button_Sign in' is clicked on

02-01-2024T11:57:00 - [TEST_STEP][PASSED] - click(findTestObject("Object Repository/Budget/Page_Whats playing  Firefly III/a_Budgets")): Object: 'Object Repository/Budget/Page_Whats playing  Firefly III/a_Budgets' is clicked on

02-01-2024T11:57:03 - [MESSAGE][PASSED] - Object: 'Object Repository/Budget/Page_Whats playing  Firefly III/a_Budgets' is clicked on

02-01-2024T11:57:03 - [TEST_STEP][PASSED] - click(findTestObject("Object Repository/Budget/Page_Budgets  Firefly III/a_New budget")): Object: 'Object Repository/Budget/Page_Budgets  Firefly III/a_New budget' is clicked on

02-01-2024T11:57:04 - [MESSAGE][PASSED] - Object: 'Object Repository/Budget/Page_Budgets  Firefly III/a_New budget' is clicked on

02-01-2024T11:57:04 - [TEST_STEP][PASSED] - setText(findTestObject("Object Repository/Budget/Page_Create a new budget  Budgets  Firefly III/input_name"), Name): Text 'cfsafasf' is set on object 'Object Repository/Budget/Page_Create a new budget  Budgets  Firefly III/input_name'

02-01-2024T11:57:04 - [MESSAGE][PASSED] - Text 'cfsafasf' is set on object 'Object Repository/Budget/Page_Create a new budget  Budgets  Firefly III/input_name'

02-01-2024T11:57:04 - [TEST_STEP][PASSED] - click(findTestObject("Object Repository/Budget/Page_Create a new budget  Budgets  Firefly III/div_Mandatory fields                       _27a419")): Object: 'Object Repository/Budget/Page_Create a new budget  Budgets  Firefly III/div_Mandatory fields                       _27a419' is clicked on

02-01-2024T11:57:05 - [MESSAGE][PASSED] - Object: 'Object Repository/Budget/Page_Create a new budget  Budgets  Firefly III/div_Mandatory fields                       _27a419' is clicked on

02-01-2024T11:57:05 - [TEST_STEP][PASSED] - selectOptionByLabel(findTestObject("Object Repository/Budget/Page_Create a new budget  Budgets  Firefly III/select_No auto-budgetSet a fixed amount eve_005aeb"), Auto_budget, true): All options with label 'Add an amount every period' are selected in object 'Object Repository/Budget/Page_Create a new budget  Budgets  Firefly III/select_No auto-budgetSet a fixed amount eve_005aeb'  using regular expression

02-01-2024T11:57:06 - [MESSAGE][PASSED] - All options with label 'Add an amount every period' are selected in object 'Object Repository/Budget/Page_Create a new budget  Budgets  Firefly III/select_No auto-budgetSet a fixed amount eve_005aeb'  using regular expression

02-01-2024T11:57:06 - [TEST_STEP][PASSED] - setText(findTestObject("Object Repository/Budget/Page_Create a new budget  Budgets  Firefly III/input_auto_budget_amount"), Auto_budget_amount): Text '89580' is set on object 'Object Repository/Budget/Page_Create a new budget  Budgets  Firefly III/input_auto_budget_amount'

02-01-2024T11:57:06 - [MESSAGE][PASSED] - Text '89580' is set on object 'Object Repository/Budget/Page_Create a new budget  Budgets  Firefly III/input_auto_budget_amount'

02-01-2024T11:57:06 - [TEST_STEP][PASSED] - selectOptionByLabel(findTestObject("Object Repository/Budget/Page_Create a new budget  Budgets  Firefly III/select_DailyWeeklyMonthlyQuarterlyEvery hal_69941c"), Auto_budget_period, true): All options with label 'Yearly' are selected in object 'Object Repository/Budget/Page_Create a new budget  Budgets  Firefly III/select_DailyWeeklyMonthlyQuarterlyEvery hal_69941c'  using regular expression

02-01-2024T11:57:07 - [MESSAGE][PASSED] - All options with label 'Yearly' are selected in object 'Object Repository/Budget/Page_Create a new budget  Budgets  Firefly III/select_DailyWeeklyMonthlyQuarterlyEvery hal_69941c'  using regular expression

02-01-2024T11:57:07 - [TEST_STEP][PASSED] - out.println(attachments): null

02-01-2024T11:57:07 - [TEST_STEP][PASSED] - if (attachments): File 'E:\school\software_testing\G1_Firefly_testing\Attachments File\Report_1MB.csv' sent to object: 'Object Repository/Create a new asset account/Page_Create a new asset account  Accounts  _ced620/upload file'

02-01-2024T11:57:07 - [TEST_STEP][PASSED] - absolutePath = normalize().toString(): null

02-01-2024T11:57:07 - [TEST_STEP][PASSED] - uploadFile(findTestObject("Create a new asset account/Page_Create a new asset account  Accounts  _ced620/upload file"), absolutePath): File 'E:\school\software_testing\G1_Firefly_testing\Attachments File\Report_1MB.csv' sent to object: 'Object Repository/Create a new asset account/Page_Create a new asset account  Accounts  _ced620/upload file'

02-01-2024T11:57:08 - [MESSAGE][PASSED] - File 'E:\school\software_testing\G1_Firefly_testing\Attachments File\Report_1MB.csv' sent to object: 'Object Repository/Create a new asset account/Page_Create a new asset account  Accounts  _ced620/upload file'

02-01-2024T11:57:08 - [TEST_STEP][PASSED] - click(findTestObject("Object Repository/Budget/Page_Create a new budget  Budgets  Firefly III/button_Store new budget")): Object: 'Object Repository/Budget/Page_Create a new budget  Budgets  Firefly III/button_Store new budget' is clicked on

02-01-2024T11:57:09 - [MESSAGE][PASSED] - Object: 'Object Repository/Budget/Page_Create a new budget  Budgets  Firefly III/button_Store new budget' is clicked on

02-01-2024T11:57:09 - [TEST_STEP][PASSED] - try: null

02-01-2024T11:57:09 - [TEST_STEP][PASSED] - verifyElementPresent(findTestObject("Shared_alert/text_dangers"), 1): Object 'Object Repository/Shared_alert/text_dangers' is present

02-01-2024T11:57:09 - [MESSAGE][PASSED] - Object 'Object Repository/Shared_alert/text_dangers' is present

02-01-2024T11:57:09 - [TEST_STEP][PASSED] - verifyElementNotPresent(findTestObject("Shared_alert/success_alert_budget"), 1): Web element with id: 'Object Repository/Shared_alert/success_alert_budget' located by 'By.cssSelector: #app > div.content-wrapper > section.content > div.alert.alert-success.alert-dismissible' is not present after '1' second(s)

02-01-2024T11:57:09 - [MESSAGE][PASSED] - Web element with id: 'Object Repository/Shared_alert/success_alert_budget' located by 'By.cssSelector: #app > div.content-wrapper > section.content > div.alert.alert-success.alert-dismissible' is not present after '1' second(s)

02-01-2024T11:57:09 - [TEST_STEP][PASSED] - out.println("text danger"): null

02-01-2024T11:57:09 - [TEST_STEP][PASSED] - closeBrowser(): Browser is closed

02-01-2024T11:57:09 - [MESSAGE][PASSED] - Browser is closed]]></system-out>
         <system-err><![CDATA[]]></system-err>
      </testcase>
      <testcase name="Test Cases/Budget" time="29.616" classname="Test Cases/Budget" status="PASSED">
         <system-out><![CDATA[02-01-2024T11:57:10 - [TEST_CASE][PASSED] - Test Cases/Budget: Test Cases/Budget

02-01-2024T11:57:10 - [TEST_STEP][PASSED] - openBrowser(""): Browser is opened with url: ''

02-01-2024T11:57:10 - [MESSAGE][INFO] - Starting 'Chrome' driver

02-01-2024T11:57:10 - [MESSAGE][INFO] - Action delay is set to 0 milliseconds

02-01-2024T11:57:10 - [MESSAGE][PASSED] - Browser is opened with url: ''

02-01-2024T11:57:10 - [TEST_STEP][PASSED] - navigateToUrl("https://firefly.buudadawg.online/login"): Navigate to 'https://firefly.buudadawg.online/login' successfully

02-01-2024T11:57:11 - [MESSAGE][PASSED] - Navigate to 'https://firefly.buudadawg.online/login' successfully

02-01-2024T11:57:11 - [TEST_STEP][PASSED] - setText(findTestObject("Object Repository/Budget/Page_Login to Firefly III/input_email"), "khoacraphotograph@gmail.com"): Text 'khoacraphotograph@gmail.com' is set on object 'Object Repository/Budget/Page_Login to Firefly III/input_email'

02-01-2024T11:57:12 - [MESSAGE][PASSED] - Text 'khoacraphotograph@gmail.com' is set on object 'Object Repository/Budget/Page_Login to Firefly III/input_email'

02-01-2024T11:57:12 - [TEST_STEP][PASSED] - setEncryptedText(findTestObject("Object Repository/Budget/Page_Login to Firefly III/input_password"), "krbqsEPTyj+/ySZvycc2bfHXjZyOJWOA"): Text ****** has been set on object 'Object Repository/Budget/Page_Login to Firefly III/input_password'

02-01-2024T11:57:12 - [MESSAGE][PASSED] - Text ****** has been set on object 'Object Repository/Budget/Page_Login to Firefly III/input_password'

02-01-2024T11:57:12 - [TEST_STEP][PASSED] - click(findTestObject("Object Repository/Budget/Page_Login to Firefly III/button_Sign in")): Object: 'Object Repository/Budget/Page_Login to Firefly III/button_Sign in' is clicked on

02-01-2024T11:57:13 - [MESSAGE][PASSED] - Object: 'Object Repository/Budget/Page_Login to Firefly III/button_Sign in' is clicked on

02-01-2024T11:57:13 - [TEST_STEP][PASSED] - click(findTestObject("Object Repository/Budget/Page_Whats playing  Firefly III/a_Budgets")): Object: 'Object Repository/Budget/Page_Whats playing  Firefly III/a_Budgets' is clicked on

02-01-2024T11:57:15 - [MESSAGE][PASSED] - Object: 'Object Repository/Budget/Page_Whats playing  Firefly III/a_Budgets' is clicked on

02-01-2024T11:57:15 - [TEST_STEP][PASSED] - click(findTestObject("Object Repository/Budget/Page_Budgets  Firefly III/a_New budget")): Object: 'Object Repository/Budget/Page_Budgets  Firefly III/a_New budget' is clicked on

02-01-2024T11:57:16 - [MESSAGE][PASSED] - Object: 'Object Repository/Budget/Page_Budgets  Firefly III/a_New budget' is clicked on

02-01-2024T11:57:16 - [TEST_STEP][PASSED] - setText(findTestObject("Object Repository/Budget/Page_Create a new budget  Budgets  Firefly III/input_name"), Name): Text '79vA-)&27yC222' is set on object 'Object Repository/Budget/Page_Create a new budget  Budgets  Firefly III/input_name'

02-01-2024T11:57:17 - [MESSAGE][PASSED] - Text '79vA-)&27yC222' is set on object 'Object Repository/Budget/Page_Create a new budget  Budgets  Firefly III/input_name'

02-01-2024T11:57:17 - [TEST_STEP][PASSED] - click(findTestObject("Object Repository/Budget/Page_Create a new budget  Budgets  Firefly III/div_Mandatory fields                       _27a419")): Object: 'Object Repository/Budget/Page_Create a new budget  Budgets  Firefly III/div_Mandatory fields                       _27a419' is clicked on

02-01-2024T11:57:17 - [MESSAGE][PASSED] - Object: 'Object Repository/Budget/Page_Create a new budget  Budgets  Firefly III/div_Mandatory fields                       _27a419' is clicked on

02-01-2024T11:57:17 - [TEST_STEP][PASSED] - selectOptionByLabel(findTestObject("Object Repository/Budget/Page_Create a new budget  Budgets  Firefly III/select_No auto-budgetSet a fixed amount eve_005aeb"), Auto_budget, true): All options with label 'Add an amount every period' are selected in object 'Object Repository/Budget/Page_Create a new budget  Budgets  Firefly III/select_No auto-budgetSet a fixed amount eve_005aeb'  using regular expression

02-01-2024T11:57:18 - [MESSAGE][PASSED] - All options with label 'Add an amount every period' are selected in object 'Object Repository/Budget/Page_Create a new budget  Budgets  Firefly III/select_No auto-budgetSet a fixed amount eve_005aeb'  using regular expression

02-01-2024T11:57:18 - [TEST_STEP][PASSED] - setText(findTestObject("Object Repository/Budget/Page_Create a new budget  Budgets  Firefly III/input_auto_budget_amount"), Auto_budget_amount): Text '20276' is set on object 'Object Repository/Budget/Page_Create a new budget  Budgets  Firefly III/input_auto_budget_amount'

02-01-2024T11:57:19 - [MESSAGE][PASSED] - Text '20276' is set on object 'Object Repository/Budget/Page_Create a new budget  Budgets  Firefly III/input_auto_budget_amount'

02-01-2024T11:57:19 - [TEST_STEP][PASSED] - selectOptionByLabel(findTestObject("Object Repository/Budget/Page_Create a new budget  Budgets  Firefly III/select_DailyWeeklyMonthlyQuarterlyEvery hal_69941c"), Auto_budget_period, true): All options with label 'Weekly' are selected in object 'Object Repository/Budget/Page_Create a new budget  Budgets  Firefly III/select_DailyWeeklyMonthlyQuarterlyEvery hal_69941c'  using regular expression

02-01-2024T11:57:20 - [MESSAGE][PASSED] - All options with label 'Weekly' are selected in object 'Object Repository/Budget/Page_Create a new budget  Budgets  Firefly III/select_DailyWeeklyMonthlyQuarterlyEvery hal_69941c'  using regular expression

02-01-2024T11:57:20 - [TEST_STEP][PASSED] - out.println(attachments): null

02-01-2024T11:57:20 - [TEST_STEP][PASSED] - if (attachments): File 'E:\school\software_testing\G1_Firefly_testing\Attachments File\Report_65MB.csv' sent to object: 'Object Repository/Create a new asset account/Page_Create a new asset account  Accounts  _ced620/upload file'

02-01-2024T11:57:20 - [TEST_STEP][PASSED] - absolutePath = normalize().toString(): null

02-01-2024T11:57:20 - [TEST_STEP][PASSED] - uploadFile(findTestObject("Create a new asset account/Page_Create a new asset account  Accounts  _ced620/upload file"), absolutePath): File 'E:\school\software_testing\G1_Firefly_testing\Attachments File\Report_65MB.csv' sent to object: 'Object Repository/Create a new asset account/Page_Create a new asset account  Accounts  _ced620/upload file'

02-01-2024T11:57:20 - [MESSAGE][PASSED] - File 'E:\school\software_testing\G1_Firefly_testing\Attachments File\Report_65MB.csv' sent to object: 'Object Repository/Create a new asset account/Page_Create a new asset account  Accounts  _ced620/upload file'

02-01-2024T11:57:20 - [TEST_STEP][PASSED] - click(findTestObject("Object Repository/Budget/Page_Create a new budget  Budgets  Firefly III/button_Store new budget")): Object: 'Object Repository/Budget/Page_Create a new budget  Budgets  Firefly III/button_Store new budget' is clicked on

02-01-2024T11:57:37 - [MESSAGE][PASSED] - Object: 'Object Repository/Budget/Page_Create a new budget  Budgets  Firefly III/button_Store new budget' is clicked on

02-01-2024T11:57:37 - [TEST_STEP][FAILED] - try: Unable to verify object 'Object Repository/Shared_alert/success_alert_budget' is not present (Root cause: com.kms.katalon.core.exception.StepFailedException: Unable to verify object 'Object Repository/Shared_alert/success_alert_budget' is not present
	at com.kms.katalon.core.webui.keyword.internal.WebUIKeywordMain.stepFailed(WebUIKeywordMain.groovy:64)
	at com.kms.katalon.core.webui.keyword.internal.WebUIKeywordMain.runKeyword(WebUIKeywordMain.groovy:26)
	at com.kms.katalon.core.webui.keyword.internal.WebUIKeywordMain$runKeyword.call(Unknown Source)
	at com.kms.katalon.core.webui.keyword.builtin.VerifyElementNotPresentKeyword.verifyElementNotPresent(VerifyElementNotPresentKeyword.groovy:122)
	at com.kms.katalon.core.webui.keyword.builtin.VerifyElementNotPresentKeyword.execute(VerifyElementNotPresentKeyword.groovy:68)
	at com.kms.katalon.core.keyword.internal.KeywordExecutor.executeKeywordForPlatform(KeywordExecutor.groovy:74)
	at com.kms.katalon.core.webui.keyword.WebUiBuiltInKeywords.verifyElementNotPresent(WebUiBuiltInKeywords.groovy:1536)
	at Budget.run(Budget:62)
	at com.kms.katalon.core.main.ScriptEngine.run(ScriptEngine.java:194)
	at com.kms.katalon.core.main.ScriptEngine.runScriptAsRawText(ScriptEngine.java:119)
	at com.kms.katalon.core.main.TestCaseExecutor.runScript(TestCaseExecutor.java:448)
	at com.kms.katalon.core.main.TestCaseExecutor.doExecute(TestCaseExecutor.java:439)
	at com.kms.katalon.core.main.TestCaseExecutor.processExecutionPhase(TestCaseExecutor.java:418)
	at com.kms.katalon.core.main.TestCaseExecutor.accessMainPhase(TestCaseExecutor.java:410)
	at com.kms.katalon.core.main.TestCaseExecutor.execute(TestCaseExecutor.java:285)
	at com.kms.katalon.core.common.CommonExecutor.accessTestCaseMainPhase(CommonExecutor.java:65)
	at com.kms.katalon.core.main.TestSuiteExecutor.accessTestSuiteMainPhase(TestSuiteExecutor.java:148)
	at com.kms.katalon.core.main.TestSuiteExecutor.execute(TestSuiteExecutor.java:106)
	at com.kms.katalon.core.main.TestCaseMain.startTestSuite(TestCaseMain.java:180)
	at TempTestSuite1704171383094.run(TempTestSuite1704171383094.groovy:36)
	at java.base/jdk.internal.reflect.NativeMethodAccessorImpl.invoke0(Native Method)
	at java.base/jdk.internal.reflect.NativeMethodAccessorImpl.invoke(NativeMethodAccessorImpl.java:77)
	at java.base/jdk.internal.reflect.DelegatingMethodAccessorImpl.invoke(DelegatingMethodAccessorImpl.java:43)
Caused by: com.kms.katalon.core.exception.StepFailedException: Web element with id: 'Object Repository/Shared_alert/success_alert_budget' located by 'By.cssSelector: #app > div.content-wrapper > section.content > div.alert.alert-success.alert-dismissible' is present after '1' second(s)
	at com.kms.katalon.core.webui.keyword.internal.WebUIKeywordMain.stepFailed(WebUIKeywordMain.groovy:64)
	at com.kms.katalon.core.webui.keyword.internal.WebUIKeywordMain$stepFailed$0.call(Unknown Source)
	at com.kms.katalon.core.webui.keyword.builtin.VerifyElementNotPresentKeyword$_verifyElementNotPresent_closure1.doCall(VerifyElementNotPresentKeyword.groovy:113)
	at com.kms.katalon.core.webui.keyword.builtin.VerifyElementNotPresentKeyword$_verifyElementNotPresent_closure1.doCall(VerifyElementNotPresentKeyword.groovy)
	at java.base/jdk.internal.reflect.NativeMethodAccessorImpl.invoke0(Native Method)
	at java.base/jdk.internal.reflect.NativeMethodAccessorImpl.invoke(NativeMethodAccessorImpl.java:77)
	at java.base/jdk.internal.reflect.DelegatingMethodAccessorImpl.invoke(DelegatingMethodAccessorImpl.java:43)
	at com.kms.katalon.core.webui.keyword.internal.WebUIKeywordMain.runKeyword(WebUIKeywordMain.groovy:20)
	... 21 more
)

02-01-2024T11:57:37 - [TEST_STEP][PASSED] - verifyElementPresent(findTestObject("Shared_alert/text_dangers"), 1): Object 'Object Repository/Shared_alert/text_dangers' is present

02-01-2024T11:57:37 - [MESSAGE][PASSED] - Object 'Object Repository/Shared_alert/text_dangers' is present

02-01-2024T11:57:37 - [TEST_STEP][FAILED] - verifyElementNotPresent(findTestObject("Shared_alert/success_alert_budget"), 1): Unable to verify object 'Object Repository/Shared_alert/success_alert_budget' is not present (Root cause: com.kms.katalon.core.exception.StepFailedException: Unable to verify object 'Object Repository/Shared_alert/success_alert_budget' is not present
	at com.kms.katalon.core.webui.keyword.internal.WebUIKeywordMain.stepFailed(WebUIKeywordMain.groovy:64)
	at com.kms.katalon.core.webui.keyword.internal.WebUIKeywordMain.runKeyword(WebUIKeywordMain.groovy:26)
	at com.kms.katalon.core.webui.keyword.internal.WebUIKeywordMain$runKeyword.call(Unknown Source)
	at com.kms.katalon.core.webui.keyword.builtin.VerifyElementNotPresentKeyword.verifyElementNotPresent(VerifyElementNotPresentKeyword.groovy:122)
	at com.kms.katalon.core.webui.keyword.builtin.VerifyElementNotPresentKeyword.execute(VerifyElementNotPresentKeyword.groovy:68)
	at com.kms.katalon.core.keyword.internal.KeywordExecutor.executeKeywordForPlatform(KeywordExecutor.groovy:74)
	at com.kms.katalon.core.webui.keyword.WebUiBuiltInKeywords.verifyElementNotPresent(WebUiBuiltInKeywords.groovy:1536)
	at Budget.run(Budget:62)
	at com.kms.katalon.core.main.ScriptEngine.run(ScriptEngine.java:194)
	at com.kms.katalon.core.main.ScriptEngine.runScriptAsRawText(ScriptEngine.java:119)
	at com.kms.katalon.core.main.TestCaseExecutor.runScript(TestCaseExecutor.java:448)
	at com.kms.katalon.core.main.TestCaseExecutor.doExecute(TestCaseExecutor.java:439)
	at com.kms.katalon.core.main.TestCaseExecutor.processExecutionPhase(TestCaseExecutor.java:418)
	at com.kms.katalon.core.main.TestCaseExecutor.accessMainPhase(TestCaseExecutor.java:410)
	at com.kms.katalon.core.main.TestCaseExecutor.execute(TestCaseExecutor.java:285)
	at com.kms.katalon.core.common.CommonExecutor.accessTestCaseMainPhase(CommonExecutor.java:65)
	at com.kms.katalon.core.main.TestSuiteExecutor.accessTestSuiteMainPhase(TestSuiteExecutor.java:148)
	at com.kms.katalon.core.main.TestSuiteExecutor.execute(TestSuiteExecutor.java:106)
	at com.kms.katalon.core.main.TestCaseMain.startTestSuite(TestCaseMain.java:180)
	at TempTestSuite1704171383094.run(TempTestSuite1704171383094.groovy:36)
	at java.base/jdk.internal.reflect.NativeMethodAccessorImpl.invoke0(Native Method)
	at java.base/jdk.internal.reflect.NativeMethodAccessorImpl.invoke(NativeMethodAccessorImpl.java:77)
	at java.base/jdk.internal.reflect.DelegatingMethodAccessorImpl.invoke(DelegatingMethodAccessorImpl.java:43)
Caused by: com.kms.katalon.core.exception.StepFailedException: Web element with id: 'Object Repository/Shared_alert/success_alert_budget' located by 'By.cssSelector: #app > div.content-wrapper > section.content > div.alert.alert-success.alert-dismissible' is present after '1' second(s)
	at com.kms.katalon.core.webui.keyword.internal.WebUIKeywordMain.stepFailed(WebUIKeywordMain.groovy:64)
	at com.kms.katalon.core.webui.keyword.internal.WebUIKeywordMain$stepFailed$0.call(Unknown Source)
	at com.kms.katalon.core.webui.keyword.builtin.VerifyElementNotPresentKeyword$_verifyElementNotPresent_closure1.doCall(VerifyElementNotPresentKeyword.groovy:113)
	at com.kms.katalon.core.webui.keyword.builtin.VerifyElementNotPresentKeyword$_verifyElementNotPresent_closure1.doCall(VerifyElementNotPresentKeyword.groovy)
	at java.base/jdk.internal.reflect.NativeMethodAccessorImpl.invoke0(Native Method)
	at java.base/jdk.internal.reflect.NativeMethodAccessorImpl.invoke(NativeMethodAccessorImpl.java:77)
	at java.base/jdk.internal.reflect.DelegatingMethodAccessorImpl.invoke(DelegatingMethodAccessorImpl.java:43)
	at com.kms.katalon.core.webui.keyword.internal.WebUIKeywordMain.runKeyword(WebUIKeywordMain.groovy:20)
	... 21 more
)

02-01-2024T11:57:39 - [MESSAGE][FAILED] - Web element with id: 'Object Repository/Shared_alert/success_alert_budget' located by 'By.cssSelector: #app > div.content-wrapper > section.content > div.alert.alert-success.alert-dismissible' is present after '1' second(s) (Root cause: com.kms.katalon.core.exception.StepFailedException: Web element with id: 'Object Repository/Shared_alert/success_alert_budget' located by 'By.cssSelector: #app > div.content-wrapper > section.content > div.alert.alert-success.alert-dismissible' is present after '1' second(s)
	at com.kms.katalon.core.webui.keyword.internal.WebUIKeywordMain.stepFailed(WebUIKeywordMain.groovy:64)
	at com.kms.katalon.core.webui.keyword.internal.WebUIKeywordMain$stepFailed$0.call(Unknown Source)
	at com.kms.katalon.core.webui.keyword.builtin.VerifyElementNotPresentKeyword$_verifyElementNotPresent_closure1.doCall(VerifyElementNotPresentKeyword.groovy:113)
	at com.kms.katalon.core.webui.keyword.builtin.VerifyElementNotPresentKeyword$_verifyElementNotPresent_closure1.doCall(VerifyElementNotPresentKeyword.groovy)
	at java.base/jdk.internal.reflect.NativeMethodAccessorImpl.invoke0(Native Method)
	at java.base/jdk.internal.reflect.NativeMethodAccessorImpl.invoke(NativeMethodAccessorImpl.java:77)
	at java.base/jdk.internal.reflect.DelegatingMethodAccessorImpl.invoke(DelegatingMethodAccessorImpl.java:43)
	at com.kms.katalon.core.webui.keyword.internal.WebUIKeywordMain.runKeyword(WebUIKeywordMain.groovy:20)
	at com.kms.katalon.core.webui.keyword.internal.WebUIKeywordMain$runKeyword.call(Unknown Source)
	at com.kms.katalon.core.webui.keyword.builtin.VerifyElementNotPresentKeyword.verifyElementNotPresent(VerifyElementNotPresentKeyword.groovy:122)
	at com.kms.katalon.core.webui.keyword.builtin.VerifyElementNotPresentKeyword.execute(VerifyElementNotPresentKeyword.groovy:68)
	at com.kms.katalon.core.keyword.internal.KeywordExecutor.executeKeywordForPlatform(KeywordExecutor.groovy:74)
	at com.kms.katalon.core.webui.keyword.WebUiBuiltInKeywords.verifyElementNotPresent(WebUiBuiltInKeywords.groovy:1536)
	at Budget.run(Budget:62)
	at com.kms.katalon.core.main.ScriptEngine.run(ScriptEngine.java:194)
	at com.kms.katalon.core.main.ScriptEngine.runScriptAsRawText(ScriptEngine.java:119)
	at com.kms.katalon.core.main.TestCaseExecutor.runScript(TestCaseExecutor.java:448)
	at com.kms.katalon.core.main.TestCaseExecutor.doExecute(TestCaseExecutor.java:439)
	at com.kms.katalon.core.main.TestCaseExecutor.processExecutionPhase(TestCaseExecutor.java:418)
	at com.kms.katalon.core.main.TestCaseExecutor.accessMainPhase(TestCaseExecutor.java:410)
	at com.kms.katalon.core.main.TestCaseExecutor.execute(TestCaseExecutor.java:285)
	at com.kms.katalon.core.common.CommonExecutor.accessTestCaseMainPhase(CommonExecutor.java:65)
	at com.kms.katalon.core.main.TestSuiteExecutor.accessTestSuiteMainPhase(TestSuiteExecutor.java:148)
	at com.kms.katalon.core.main.TestSuiteExecutor.execute(TestSuiteExecutor.java:106)
	at com.kms.katalon.core.main.TestCaseMain.startTestSuite(TestCaseMain.java:180)
	at TempTestSuite1704171383094.run(TempTestSuite1704171383094.groovy:36)
	at java.base/jdk.internal.reflect.NativeMethodAccessorImpl.invoke0(Native Method)
	at java.base/jdk.internal.reflect.NativeMethodAccessorImpl.invoke(NativeMethodAccessorImpl.java:77)
	at java.base/jdk.internal.reflect.DelegatingMethodAccessorImpl.invoke(DelegatingMethodAccessorImpl.java:43)
)
[[ATTACHMENT|E:\\school\\software_testing\\G1_Firefly_testing\\Reports\\20240102_115623\\Budget Suite\\20240102_115623\\1704171458995.png]]

02-01-2024T11:57:39 - [MESSAGE][FAILED] - Unable to verify object 'Object Repository/Shared_alert/success_alert_budget' is not present (Root cause: com.kms.katalon.core.exception.StepFailedException: Unable to verify object 'Object Repository/Shared_alert/success_alert_budget' is not present
	at com.kms.katalon.core.webui.keyword.internal.WebUIKeywordMain.stepFailed(WebUIKeywordMain.groovy:64)
	at com.kms.katalon.core.webui.keyword.internal.WebUIKeywordMain.runKeyword(WebUIKeywordMain.groovy:26)
	at com.kms.katalon.core.webui.keyword.internal.WebUIKeywordMain$runKeyword.call(Unknown Source)
	at com.kms.katalon.core.webui.keyword.builtin.VerifyElementNotPresentKeyword.verifyElementNotPresent(VerifyElementNotPresentKeyword.groovy:122)
	at com.kms.katalon.core.webui.keyword.builtin.VerifyElementNotPresentKeyword.execute(VerifyElementNotPresentKeyword.groovy:68)
	at com.kms.katalon.core.keyword.internal.KeywordExecutor.executeKeywordForPlatform(KeywordExecutor.groovy:74)
	at com.kms.katalon.core.webui.keyword.WebUiBuiltInKeywords.verifyElementNotPresent(WebUiBuiltInKeywords.groovy:1536)
	at Budget.run(Budget:62)
	at com.kms.katalon.core.main.ScriptEngine.run(ScriptEngine.java:194)
	at com.kms.katalon.core.main.ScriptEngine.runScriptAsRawText(ScriptEngine.java:119)
	at com.kms.katalon.core.main.TestCaseExecutor.runScript(TestCaseExecutor.java:448)
	at com.kms.katalon.core.main.TestCaseExecutor.doExecute(TestCaseExecutor.java:439)
	at com.kms.katalon.core.main.TestCaseExecutor.processExecutionPhase(TestCaseExecutor.java:418)
	at com.kms.katalon.core.main.TestCaseExecutor.accessMainPhase(TestCaseExecutor.java:410)
	at com.kms.katalon.core.main.TestCaseExecutor.execute(TestCaseExecutor.java:285)
	at com.kms.katalon.core.common.CommonExecutor.accessTestCaseMainPhase(CommonExecutor.java:65)
	at com.kms.katalon.core.main.TestSuiteExecutor.accessTestSuiteMainPhase(TestSuiteExecutor.java:148)
	at com.kms.katalon.core.main.TestSuiteExecutor.execute(TestSuiteExecutor.java:106)
	at com.kms.katalon.core.main.TestCaseMain.startTestSuite(TestCaseMain.java:180)
	at TempTestSuite1704171383094.run(TempTestSuite1704171383094.groovy:36)
	at java.base/jdk.internal.reflect.NativeMethodAccessorImpl.invoke0(Native Method)
	at java.base/jdk.internal.reflect.NativeMethodAccessorImpl.invoke(NativeMethodAccessorImpl.java:77)
	at java.base/jdk.internal.reflect.DelegatingMethodAccessorImpl.invoke(DelegatingMethodAccessorImpl.java:43)
Caused by: com.kms.katalon.core.exception.StepFailedException: Web element with id: 'Object Repository/Shared_alert/success_alert_budget' located by 'By.cssSelector: #app > div.content-wrapper > section.content > div.alert.alert-success.alert-dismissible' is present after '1' second(s)
	at com.kms.katalon.core.webui.keyword.internal.WebUIKeywordMain.stepFailed(WebUIKeywordMain.groovy:64)
	at com.kms.katalon.core.webui.keyword.internal.WebUIKeywordMain$stepFailed$0.call(Unknown Source)
	at com.kms.katalon.core.webui.keyword.builtin.VerifyElementNotPresentKeyword$_verifyElementNotPresent_closure1.doCall(VerifyElementNotPresentKeyword.groovy:113)
	at com.kms.katalon.core.webui.keyword.builtin.VerifyElementNotPresentKeyword$_verifyElementNotPresent_closure1.doCall(VerifyElementNotPresentKeyword.groovy)
	at java.base/jdk.internal.reflect.NativeMethodAccessorImpl.invoke0(Native Method)
	at java.base/jdk.internal.reflect.NativeMethodAccessorImpl.invoke(NativeMethodAccessorImpl.java:77)
	at java.base/jdk.internal.reflect.DelegatingMethodAccessorImpl.invoke(DelegatingMethodAccessorImpl.java:43)
	at com.kms.katalon.core.webui.keyword.internal.WebUIKeywordMain.runKeyword(WebUIKeywordMain.groovy:20)
	... 21 more
)
[[ATTACHMENT|E:\\school\\software_testing\\G1_Firefly_testing\\Reports\\20240102_115623\\Budget Suite\\20240102_115623\\1704171459107.png]]

02-01-2024T11:57:39 - [TEST_STEP][PASSED] - catch (Exception err): null

02-01-2024T11:57:39 - [TEST_STEP][PASSED] - verifyElementPresent(findTestObject("Shared_alert/success_alert_budget"), 1): Object 'Object Repository/Shared_alert/success_alert_budget' is present

02-01-2024T11:57:39 - [MESSAGE][PASSED] - Object 'Object Repository/Shared_alert/success_alert_budget' is present

02-01-2024T11:57:39 - [TEST_STEP][PASSED] - out.println("success"): null

02-01-2024T11:57:39 - [TEST_STEP][PASSED] - closeBrowser(): Browser is closed

02-01-2024T11:57:39 - [MESSAGE][PASSED] - Browser is closed]]></system-out>
         <system-err><![CDATA[]]></system-err>
      </testcase>
      <testcase name="Test Cases/Budget" time="30.362" classname="Test Cases/Budget" status="PASSED">
         <system-out><![CDATA[02-01-2024T11:57:39 - [TEST_CASE][PASSED] - Test Cases/Budget: Test Cases/Budget

02-01-2024T11:57:39 - [TEST_STEP][PASSED] - openBrowser(""): Browser is opened with url: ''

02-01-2024T11:57:39 - [MESSAGE][INFO] - Starting 'Chrome' driver

02-01-2024T11:57:39 - [MESSAGE][INFO] - Action delay is set to 0 milliseconds

02-01-2024T11:57:40 - [MESSAGE][PASSED] - Browser is opened with url: ''

02-01-2024T11:57:40 - [TEST_STEP][PASSED] - navigateToUrl("https://firefly.buudadawg.online/login"): Navigate to 'https://firefly.buudadawg.online/login' successfully

02-01-2024T11:57:41 - [MESSAGE][PASSED] - Navigate to 'https://firefly.buudadawg.online/login' successfully

02-01-2024T11:57:41 - [TEST_STEP][PASSED] - setText(findTestObject("Object Repository/Budget/Page_Login to Firefly III/input_email"), "khoacraphotograph@gmail.com"): Text 'khoacraphotograph@gmail.com' is set on object 'Object Repository/Budget/Page_Login to Firefly III/input_email'

02-01-2024T11:57:41 - [MESSAGE][PASSED] - Text 'khoacraphotograph@gmail.com' is set on object 'Object Repository/Budget/Page_Login to Firefly III/input_email'

02-01-2024T11:57:41 - [TEST_STEP][PASSED] - setEncryptedText(findTestObject("Object Repository/Budget/Page_Login to Firefly III/input_password"), "krbqsEPTyj+/ySZvycc2bfHXjZyOJWOA"): Text ****** has been set on object 'Object Repository/Budget/Page_Login to Firefly III/input_password'

02-01-2024T11:57:42 - [MESSAGE][PASSED] - Text ****** has been set on object 'Object Repository/Budget/Page_Login to Firefly III/input_password'

02-01-2024T11:57:42 - [TEST_STEP][PASSED] - click(findTestObject("Object Repository/Budget/Page_Login to Firefly III/button_Sign in")): Object: 'Object Repository/Budget/Page_Login to Firefly III/button_Sign in' is clicked on

02-01-2024T11:57:43 - [MESSAGE][PASSED] - Object: 'Object Repository/Budget/Page_Login to Firefly III/button_Sign in' is clicked on

02-01-2024T11:57:43 - [TEST_STEP][PASSED] - click(findTestObject("Object Repository/Budget/Page_Whats playing  Firefly III/a_Budgets")): Object: 'Object Repository/Budget/Page_Whats playing  Firefly III/a_Budgets' is clicked on

02-01-2024T11:57:45 - [MESSAGE][PASSED] - Object: 'Object Repository/Budget/Page_Whats playing  Firefly III/a_Budgets' is clicked on

02-01-2024T11:57:45 - [TEST_STEP][PASSED] - click(findTestObject("Object Repository/Budget/Page_Budgets  Firefly III/a_New budget")): Object: 'Object Repository/Budget/Page_Budgets  Firefly III/a_New budget' is clicked on

02-01-2024T11:57:46 - [MESSAGE][PASSED] - Object: 'Object Repository/Budget/Page_Budgets  Firefly III/a_New budget' is clicked on

02-01-2024T11:57:46 - [TEST_STEP][PASSED] - setText(findTestObject("Object Repository/Budget/Page_Create a new budget  Budgets  Firefly III/input_name"), Name): Text '37rH-)&16uX222' is set on object 'Object Repository/Budget/Page_Create a new budget  Budgets  Firefly III/input_name'

02-01-2024T11:57:47 - [MESSAGE][PASSED] - Text '37rH-)&16uX222' is set on object 'Object Repository/Budget/Page_Create a new budget  Budgets  Firefly III/input_name'

02-01-2024T11:57:47 - [TEST_STEP][PASSED] - click(findTestObject("Object Repository/Budget/Page_Create a new budget  Budgets  Firefly III/div_Mandatory fields                       _27a419")): Object: 'Object Repository/Budget/Page_Create a new budget  Budgets  Firefly III/div_Mandatory fields                       _27a419' is clicked on

02-01-2024T11:57:47 - [MESSAGE][PASSED] - Object: 'Object Repository/Budget/Page_Create a new budget  Budgets  Firefly III/div_Mandatory fields                       _27a419' is clicked on

02-01-2024T11:57:47 - [TEST_STEP][PASSED] - selectOptionByLabel(findTestObject("Object Repository/Budget/Page_Create a new budget  Budgets  Firefly III/select_No auto-budgetSet a fixed amount eve_005aeb"), Auto_budget, true): All options with label 'Set a fixed amount every period' are selected in object 'Object Repository/Budget/Page_Create a new budget  Budgets  Firefly III/select_No auto-budgetSet a fixed amount eve_005aeb'  using regular expression

02-01-2024T11:57:48 - [MESSAGE][PASSED] - All options with label 'Set a fixed amount every period' are selected in object 'Object Repository/Budget/Page_Create a new budget  Budgets  Firefly III/select_No auto-budgetSet a fixed amount eve_005aeb'  using regular expression

02-01-2024T11:57:48 - [TEST_STEP][PASSED] - setText(findTestObject("Object Repository/Budget/Page_Create a new budget  Budgets  Firefly III/input_auto_budget_amount"), Auto_budget_amount): Text '1000' is set on object 'Object Repository/Budget/Page_Create a new budget  Budgets  Firefly III/input_auto_budget_amount'

02-01-2024T11:57:49 - [MESSAGE][PASSED] - Text '1000' is set on object 'Object Repository/Budget/Page_Create a new budget  Budgets  Firefly III/input_auto_budget_amount'

02-01-2024T11:57:49 - [TEST_STEP][PASSED] - selectOptionByLabel(findTestObject("Object Repository/Budget/Page_Create a new budget  Budgets  Firefly III/select_DailyWeeklyMonthlyQuarterlyEvery hal_69941c"), Auto_budget_period, true): All options with label 'Yearly' are selected in object 'Object Repository/Budget/Page_Create a new budget  Budgets  Firefly III/select_DailyWeeklyMonthlyQuarterlyEvery hal_69941c'  using regular expression

02-01-2024T11:57:49 - [MESSAGE][PASSED] - All options with label 'Yearly' are selected in object 'Object Repository/Budget/Page_Create a new budget  Budgets  Firefly III/select_DailyWeeklyMonthlyQuarterlyEvery hal_69941c'  using regular expression

02-01-2024T11:57:49 - [TEST_STEP][PASSED] - out.println(attachments): null

02-01-2024T11:57:49 - [TEST_STEP][PASSED] - if (attachments): File 'E:\school\software_testing\G1_Firefly_testing\Attachments File\Report_65MB.csv' sent to object: 'Object Repository/Create a new asset account/Page_Create a new asset account  Accounts  _ced620/upload file'

02-01-2024T11:57:49 - [TEST_STEP][PASSED] - absolutePath = normalize().toString(): null

02-01-2024T11:57:49 - [TEST_STEP][PASSED] - uploadFile(findTestObject("Create a new asset account/Page_Create a new asset account  Accounts  _ced620/upload file"), absolutePath): File 'E:\school\software_testing\G1_Firefly_testing\Attachments File\Report_65MB.csv' sent to object: 'Object Repository/Create a new asset account/Page_Create a new asset account  Accounts  _ced620/upload file'

02-01-2024T11:57:50 - [MESSAGE][PASSED] - File 'E:\school\software_testing\G1_Firefly_testing\Attachments File\Report_65MB.csv' sent to object: 'Object Repository/Create a new asset account/Page_Create a new asset account  Accounts  _ced620/upload file'

02-01-2024T11:57:50 - [TEST_STEP][PASSED] - click(findTestObject("Object Repository/Budget/Page_Create a new budget  Budgets  Firefly III/button_Store new budget")): Object: 'Object Repository/Budget/Page_Create a new budget  Budgets  Firefly III/button_Store new budget' is clicked on

02-01-2024T11:58:07 - [MESSAGE][PASSED] - Object: 'Object Repository/Budget/Page_Create a new budget  Budgets  Firefly III/button_Store new budget' is clicked on

02-01-2024T11:58:07 - [TEST_STEP][FAILED] - try: Unable to verify object 'Object Repository/Shared_alert/success_alert_budget' is not present (Root cause: com.kms.katalon.core.exception.StepFailedException: Unable to verify object 'Object Repository/Shared_alert/success_alert_budget' is not present
	at com.kms.katalon.core.webui.keyword.internal.WebUIKeywordMain.stepFailed(WebUIKeywordMain.groovy:64)
	at com.kms.katalon.core.webui.keyword.internal.WebUIKeywordMain.runKeyword(WebUIKeywordMain.groovy:26)
	at com.kms.katalon.core.webui.keyword.internal.WebUIKeywordMain$runKeyword.call(Unknown Source)
	at com.kms.katalon.core.webui.keyword.builtin.VerifyElementNotPresentKeyword.verifyElementNotPresent(VerifyElementNotPresentKeyword.groovy:122)
	at com.kms.katalon.core.webui.keyword.builtin.VerifyElementNotPresentKeyword.execute(VerifyElementNotPresentKeyword.groovy:68)
	at com.kms.katalon.core.keyword.internal.KeywordExecutor.executeKeywordForPlatform(KeywordExecutor.groovy:74)
	at com.kms.katalon.core.webui.keyword.WebUiBuiltInKeywords.verifyElementNotPresent(WebUiBuiltInKeywords.groovy:1536)
	at Budget.run(Budget:62)
	at com.kms.katalon.core.main.ScriptEngine.run(ScriptEngine.java:194)
	at com.kms.katalon.core.main.ScriptEngine.runScriptAsRawText(ScriptEngine.java:119)
	at com.kms.katalon.core.main.TestCaseExecutor.runScript(TestCaseExecutor.java:448)
	at com.kms.katalon.core.main.TestCaseExecutor.doExecute(TestCaseExecutor.java:439)
	at com.kms.katalon.core.main.TestCaseExecutor.processExecutionPhase(TestCaseExecutor.java:418)
	at com.kms.katalon.core.main.TestCaseExecutor.accessMainPhase(TestCaseExecutor.java:410)
	at com.kms.katalon.core.main.TestCaseExecutor.execute(TestCaseExecutor.java:285)
	at com.kms.katalon.core.common.CommonExecutor.accessTestCaseMainPhase(CommonExecutor.java:65)
	at com.kms.katalon.core.main.TestSuiteExecutor.accessTestSuiteMainPhase(TestSuiteExecutor.java:148)
	at com.kms.katalon.core.main.TestSuiteExecutor.execute(TestSuiteExecutor.java:106)
	at com.kms.katalon.core.main.TestCaseMain.startTestSuite(TestCaseMain.java:180)
	at TempTestSuite1704171383094.run(TempTestSuite1704171383094.groovy:36)
	at java.base/jdk.internal.reflect.NativeMethodAccessorImpl.invoke0(Native Method)
	at java.base/jdk.internal.reflect.NativeMethodAccessorImpl.invoke(NativeMethodAccessorImpl.java:77)
	at java.base/jdk.internal.reflect.DelegatingMethodAccessorImpl.invoke(DelegatingMethodAccessorImpl.java:43)
Caused by: com.kms.katalon.core.exception.StepFailedException: Web element with id: 'Object Repository/Shared_alert/success_alert_budget' located by 'By.cssSelector: #app > div.content-wrapper > section.content > div.alert.alert-success.alert-dismissible' is present after '1' second(s)
	at com.kms.katalon.core.webui.keyword.internal.WebUIKeywordMain.stepFailed(WebUIKeywordMain.groovy:64)
	at com.kms.katalon.core.webui.keyword.internal.WebUIKeywordMain$stepFailed$0.call(Unknown Source)
	at com.kms.katalon.core.webui.keyword.builtin.VerifyElementNotPresentKeyword$_verifyElementNotPresent_closure1.doCall(VerifyElementNotPresentKeyword.groovy:113)
	at com.kms.katalon.core.webui.keyword.builtin.VerifyElementNotPresentKeyword$_verifyElementNotPresent_closure1.doCall(VerifyElementNotPresentKeyword.groovy)
	at java.base/jdk.internal.reflect.NativeMethodAccessorImpl.invoke0(Native Method)
	at java.base/jdk.internal.reflect.NativeMethodAccessorImpl.invoke(NativeMethodAccessorImpl.java:77)
	at java.base/jdk.internal.reflect.DelegatingMethodAccessorImpl.invoke(DelegatingMethodAccessorImpl.java:43)
	at com.kms.katalon.core.webui.keyword.internal.WebUIKeywordMain.runKeyword(WebUIKeywordMain.groovy:20)
	... 21 more
)

02-01-2024T11:58:07 - [TEST_STEP][PASSED] - verifyElementPresent(findTestObject("Shared_alert/text_dangers"), 1): Object 'Object Repository/Shared_alert/text_dangers' is present

02-01-2024T11:58:08 - [MESSAGE][PASSED] - Object 'Object Repository/Shared_alert/text_dangers' is present

02-01-2024T11:58:08 - [TEST_STEP][FAILED] - verifyElementNotPresent(findTestObject("Shared_alert/success_alert_budget"), 1): Unable to verify object 'Object Repository/Shared_alert/success_alert_budget' is not present (Root cause: com.kms.katalon.core.exception.StepFailedException: Unable to verify object 'Object Repository/Shared_alert/success_alert_budget' is not present
	at com.kms.katalon.core.webui.keyword.internal.WebUIKeywordMain.stepFailed(WebUIKeywordMain.groovy:64)
	at com.kms.katalon.core.webui.keyword.internal.WebUIKeywordMain.runKeyword(WebUIKeywordMain.groovy:26)
	at com.kms.katalon.core.webui.keyword.internal.WebUIKeywordMain$runKeyword.call(Unknown Source)
	at com.kms.katalon.core.webui.keyword.builtin.VerifyElementNotPresentKeyword.verifyElementNotPresent(VerifyElementNotPresentKeyword.groovy:122)
	at com.kms.katalon.core.webui.keyword.builtin.VerifyElementNotPresentKeyword.execute(VerifyElementNotPresentKeyword.groovy:68)
	at com.kms.katalon.core.keyword.internal.KeywordExecutor.executeKeywordForPlatform(KeywordExecutor.groovy:74)
	at com.kms.katalon.core.webui.keyword.WebUiBuiltInKeywords.verifyElementNotPresent(WebUiBuiltInKeywords.groovy:1536)
	at Budget.run(Budget:62)
	at com.kms.katalon.core.main.ScriptEngine.run(ScriptEngine.java:194)
	at com.kms.katalon.core.main.ScriptEngine.runScriptAsRawText(ScriptEngine.java:119)
	at com.kms.katalon.core.main.TestCaseExecutor.runScript(TestCaseExecutor.java:448)
	at com.kms.katalon.core.main.TestCaseExecutor.doExecute(TestCaseExecutor.java:439)
	at com.kms.katalon.core.main.TestCaseExecutor.processExecutionPhase(TestCaseExecutor.java:418)
	at com.kms.katalon.core.main.TestCaseExecutor.accessMainPhase(TestCaseExecutor.java:410)
	at com.kms.katalon.core.main.TestCaseExecutor.execute(TestCaseExecutor.java:285)
	at com.kms.katalon.core.common.CommonExecutor.accessTestCaseMainPhase(CommonExecutor.java:65)
	at com.kms.katalon.core.main.TestSuiteExecutor.accessTestSuiteMainPhase(TestSuiteExecutor.java:148)
	at com.kms.katalon.core.main.TestSuiteExecutor.execute(TestSuiteExecutor.java:106)
	at com.kms.katalon.core.main.TestCaseMain.startTestSuite(TestCaseMain.java:180)
	at TempTestSuite1704171383094.run(TempTestSuite1704171383094.groovy:36)
	at java.base/jdk.internal.reflect.NativeMethodAccessorImpl.invoke0(Native Method)
	at java.base/jdk.internal.reflect.NativeMethodAccessorImpl.invoke(NativeMethodAccessorImpl.java:77)
	at java.base/jdk.internal.reflect.DelegatingMethodAccessorImpl.invoke(DelegatingMethodAccessorImpl.java:43)
Caused by: com.kms.katalon.core.exception.StepFailedException: Web element with id: 'Object Repository/Shared_alert/success_alert_budget' located by 'By.cssSelector: #app > div.content-wrapper > section.content > div.alert.alert-success.alert-dismissible' is present after '1' second(s)
	at com.kms.katalon.core.webui.keyword.internal.WebUIKeywordMain.stepFailed(WebUIKeywordMain.groovy:64)
	at com.kms.katalon.core.webui.keyword.internal.WebUIKeywordMain$stepFailed$0.call(Unknown Source)
	at com.kms.katalon.core.webui.keyword.builtin.VerifyElementNotPresentKeyword$_verifyElementNotPresent_closure1.doCall(VerifyElementNotPresentKeyword.groovy:113)
	at com.kms.katalon.core.webui.keyword.builtin.VerifyElementNotPresentKeyword$_verifyElementNotPresent_closure1.doCall(VerifyElementNotPresentKeyword.groovy)
	at java.base/jdk.internal.reflect.NativeMethodAccessorImpl.invoke0(Native Method)
	at java.base/jdk.internal.reflect.NativeMethodAccessorImpl.invoke(NativeMethodAccessorImpl.java:77)
	at java.base/jdk.internal.reflect.DelegatingMethodAccessorImpl.invoke(DelegatingMethodAccessorImpl.java:43)
	at com.kms.katalon.core.webui.keyword.internal.WebUIKeywordMain.runKeyword(WebUIKeywordMain.groovy:20)
	... 21 more
)

02-01-2024T11:58:09 - [MESSAGE][FAILED] - Web element with id: 'Object Repository/Shared_alert/success_alert_budget' located by 'By.cssSelector: #app > div.content-wrapper > section.content > div.alert.alert-success.alert-dismissible' is present after '1' second(s) (Root cause: com.kms.katalon.core.exception.StepFailedException: Web element with id: 'Object Repository/Shared_alert/success_alert_budget' located by 'By.cssSelector: #app > div.content-wrapper > section.content > div.alert.alert-success.alert-dismissible' is present after '1' second(s)
	at com.kms.katalon.core.webui.keyword.internal.WebUIKeywordMain.stepFailed(WebUIKeywordMain.groovy:64)
	at com.kms.katalon.core.webui.keyword.internal.WebUIKeywordMain$stepFailed$0.call(Unknown Source)
	at com.kms.katalon.core.webui.keyword.builtin.VerifyElementNotPresentKeyword$_verifyElementNotPresent_closure1.doCall(VerifyElementNotPresentKeyword.groovy:113)
	at com.kms.katalon.core.webui.keyword.builtin.VerifyElementNotPresentKeyword$_verifyElementNotPresent_closure1.doCall(VerifyElementNotPresentKeyword.groovy)
	at java.base/jdk.internal.reflect.NativeMethodAccessorImpl.invoke0(Native Method)
	at java.base/jdk.internal.reflect.NativeMethodAccessorImpl.invoke(NativeMethodAccessorImpl.java:77)
	at java.base/jdk.internal.reflect.DelegatingMethodAccessorImpl.invoke(DelegatingMethodAccessorImpl.java:43)
	at com.kms.katalon.core.webui.keyword.internal.WebUIKeywordMain.runKeyword(WebUIKeywordMain.groovy:20)
	at com.kms.katalon.core.webui.keyword.internal.WebUIKeywordMain$runKeyword.call(Unknown Source)
	at com.kms.katalon.core.webui.keyword.builtin.VerifyElementNotPresentKeyword.verifyElementNotPresent(VerifyElementNotPresentKeyword.groovy:122)
	at com.kms.katalon.core.webui.keyword.builtin.VerifyElementNotPresentKeyword.execute(VerifyElementNotPresentKeyword.groovy:68)
	at com.kms.katalon.core.keyword.internal.KeywordExecutor.executeKeywordForPlatform(KeywordExecutor.groovy:74)
	at com.kms.katalon.core.webui.keyword.WebUiBuiltInKeywords.verifyElementNotPresent(WebUiBuiltInKeywords.groovy:1536)
	at Budget.run(Budget:62)
	at com.kms.katalon.core.main.ScriptEngine.run(ScriptEngine.java:194)
	at com.kms.katalon.core.main.ScriptEngine.runScriptAsRawText(ScriptEngine.java:119)
	at com.kms.katalon.core.main.TestCaseExecutor.runScript(TestCaseExecutor.java:448)
	at com.kms.katalon.core.main.TestCaseExecutor.doExecute(TestCaseExecutor.java:439)
	at com.kms.katalon.core.main.TestCaseExecutor.processExecutionPhase(TestCaseExecutor.java:418)
	at com.kms.katalon.core.main.TestCaseExecutor.accessMainPhase(TestCaseExecutor.java:410)
	at com.kms.katalon.core.main.TestCaseExecutor.execute(TestCaseExecutor.java:285)
	at com.kms.katalon.core.common.CommonExecutor.accessTestCaseMainPhase(CommonExecutor.java:65)
	at com.kms.katalon.core.main.TestSuiteExecutor.accessTestSuiteMainPhase(TestSuiteExecutor.java:148)
	at com.kms.katalon.core.main.TestSuiteExecutor.execute(TestSuiteExecutor.java:106)
	at com.kms.katalon.core.main.TestCaseMain.startTestSuite(TestCaseMain.java:180)
	at TempTestSuite1704171383094.run(TempTestSuite1704171383094.groovy:36)
	at java.base/jdk.internal.reflect.NativeMethodAccessorImpl.invoke0(Native Method)
	at java.base/jdk.internal.reflect.NativeMethodAccessorImpl.invoke(NativeMethodAccessorImpl.java:77)
	at java.base/jdk.internal.reflect.DelegatingMethodAccessorImpl.invoke(DelegatingMethodAccessorImpl.java:43)
)
[[ATTACHMENT|E:\\school\\software_testing\\G1_Firefly_testing\\Reports\\20240102_115623\\Budget Suite\\20240102_115623\\1704171489341.png]]

02-01-2024T11:58:09 - [MESSAGE][FAILED] - Unable to verify object 'Object Repository/Shared_alert/success_alert_budget' is not present (Root cause: com.kms.katalon.core.exception.StepFailedException: Unable to verify object 'Object Repository/Shared_alert/success_alert_budget' is not present
	at com.kms.katalon.core.webui.keyword.internal.WebUIKeywordMain.stepFailed(WebUIKeywordMain.groovy:64)
	at com.kms.katalon.core.webui.keyword.internal.WebUIKeywordMain.runKeyword(WebUIKeywordMain.groovy:26)
	at com.kms.katalon.core.webui.keyword.internal.WebUIKeywordMain$runKeyword.call(Unknown Source)
	at com.kms.katalon.core.webui.keyword.builtin.VerifyElementNotPresentKeyword.verifyElementNotPresent(VerifyElementNotPresentKeyword.groovy:122)
	at com.kms.katalon.core.webui.keyword.builtin.VerifyElementNotPresentKeyword.execute(VerifyElementNotPresentKeyword.groovy:68)
	at com.kms.katalon.core.keyword.internal.KeywordExecutor.executeKeywordForPlatform(KeywordExecutor.groovy:74)
	at com.kms.katalon.core.webui.keyword.WebUiBuiltInKeywords.verifyElementNotPresent(WebUiBuiltInKeywords.groovy:1536)
	at Budget.run(Budget:62)
	at com.kms.katalon.core.main.ScriptEngine.run(ScriptEngine.java:194)
	at com.kms.katalon.core.main.ScriptEngine.runScriptAsRawText(ScriptEngine.java:119)
	at com.kms.katalon.core.main.TestCaseExecutor.runScript(TestCaseExecutor.java:448)
	at com.kms.katalon.core.main.TestCaseExecutor.doExecute(TestCaseExecutor.java:439)
	at com.kms.katalon.core.main.TestCaseExecutor.processExecutionPhase(TestCaseExecutor.java:418)
	at com.kms.katalon.core.main.TestCaseExecutor.accessMainPhase(TestCaseExecutor.java:410)
	at com.kms.katalon.core.main.TestCaseExecutor.execute(TestCaseExecutor.java:285)
	at com.kms.katalon.core.common.CommonExecutor.accessTestCaseMainPhase(CommonExecutor.java:65)
	at com.kms.katalon.core.main.TestSuiteExecutor.accessTestSuiteMainPhase(TestSuiteExecutor.java:148)
	at com.kms.katalon.core.main.TestSuiteExecutor.execute(TestSuiteExecutor.java:106)
	at com.kms.katalon.core.main.TestCaseMain.startTestSuite(TestCaseMain.java:180)
	at TempTestSuite1704171383094.run(TempTestSuite1704171383094.groovy:36)
	at java.base/jdk.internal.reflect.NativeMethodAccessorImpl.invoke0(Native Method)
	at java.base/jdk.internal.reflect.NativeMethodAccessorImpl.invoke(NativeMethodAccessorImpl.java:77)
	at java.base/jdk.internal.reflect.DelegatingMethodAccessorImpl.invoke(DelegatingMethodAccessorImpl.java:43)
Caused by: com.kms.katalon.core.exception.StepFailedException: Web element with id: 'Object Repository/Shared_alert/success_alert_budget' located by 'By.cssSelector: #app > div.content-wrapper > section.content > div.alert.alert-success.alert-dismissible' is present after '1' second(s)
	at com.kms.katalon.core.webui.keyword.internal.WebUIKeywordMain.stepFailed(WebUIKeywordMain.groovy:64)
	at com.kms.katalon.core.webui.keyword.internal.WebUIKeywordMain$stepFailed$0.call(Unknown Source)
	at com.kms.katalon.core.webui.keyword.builtin.VerifyElementNotPresentKeyword$_verifyElementNotPresent_closure1.doCall(VerifyElementNotPresentKeyword.groovy:113)
	at com.kms.katalon.core.webui.keyword.builtin.VerifyElementNotPresentKeyword$_verifyElementNotPresent_closure1.doCall(VerifyElementNotPresentKeyword.groovy)
	at java.base/jdk.internal.reflect.NativeMethodAccessorImpl.invoke0(Native Method)
	at java.base/jdk.internal.reflect.NativeMethodAccessorImpl.invoke(NativeMethodAccessorImpl.java:77)
	at java.base/jdk.internal.reflect.DelegatingMethodAccessorImpl.invoke(DelegatingMethodAccessorImpl.java:43)
	at com.kms.katalon.core.webui.keyword.internal.WebUIKeywordMain.runKeyword(WebUIKeywordMain.groovy:20)
	... 21 more
)
[[ATTACHMENT|E:\\school\\software_testing\\G1_Firefly_testing\\Reports\\20240102_115623\\Budget Suite\\20240102_115623\\1704171489468.png]]

02-01-2024T11:58:09 - [TEST_STEP][PASSED] - catch (Exception err): null

02-01-2024T11:58:09 - [TEST_STEP][PASSED] - verifyElementPresent(findTestObject("Shared_alert/success_alert_budget"), 1): Object 'Object Repository/Shared_alert/success_alert_budget' is present

02-01-2024T11:58:09 - [MESSAGE][PASSED] - Object 'Object Repository/Shared_alert/success_alert_budget' is present

02-01-2024T11:58:09 - [TEST_STEP][PASSED] - out.println("success"): null

02-01-2024T11:58:09 - [TEST_STEP][PASSED] - closeBrowser(): Browser is closed

02-01-2024T11:58:10 - [MESSAGE][PASSED] - Browser is closed]]></system-out>
         <system-err><![CDATA[]]></system-err>
      </testcase>
      <testcase name="Test Cases/Budget" time="8.782" classname="Test Cases/Budget" status="FAILED">
         <failure type="FAILED" message="Test Cases/Budget FAILED.&#xa;Reason:&#xa;com.kms.katalon.core.exception.StepFailedException: Unable to set text '68766' of object 'Object Repository/Budget/Page_Create a new budget  Budgets  Firefly III/input_auto_budget_amount'&#xa;	at com.kms.katalon.core.webui.keyword.internal.WebUIKeywordMain.stepFailed(WebUIKeywordMain.groovy:64)&#xa;	at com.kms.katalon.core.webui.keyword.internal.WebUIKeywordMain.runKeyword(WebUIKeywordMain.groovy:26)&#xa;	at com.kms.katalon.core.webui.keyword.builtin.SetTextKeyword.setText(SetTextKeyword.groovy:66)&#xa;	at com.kms.katalon.core.webui.keyword.builtin.SetTextKeyword.execute(SetTextKeyword.groovy:37)&#xa;	at com.kms.katalon.core.keyword.internal.KeywordExecutor.executeKeywordForPlatform(KeywordExecutor.groovy:74)&#xa;	at com.kms.katalon.core.webui.keyword.WebUiBuiltInKeywords.setText(WebUiBuiltInKeywords.groovy:1019)&#xa;	at Budget.run(Budget:43)&#xa;	at com.kms.katalon.core.main.ScriptEngine.run(ScriptEngine.java:194)&#xa;	at com.kms.katalon.core.main.ScriptEngine.runScriptAsRawText(ScriptEngine.java:119)&#xa;	at com.kms.katalon.core.main.TestCaseExecutor.runScript(TestCaseExecutor.java:448)&#xa;	at com.kms.katalon.core.main.TestCaseExecutor.doExecute(TestCaseExecutor.java:439)&#xa;	at com.kms.katalon.core.main.TestCaseExecutor.processExecutionPhase(TestCaseExecutor.java:418)&#xa;	at com.kms.katalon.core.main.TestCaseExecutor.accessMainPhase(TestCaseExecutor.java:410)&#xa;	at com.kms.katalon.core.main.TestCaseExecutor.execute(TestCaseExecutor.java:285)&#xa;	at com.kms.katalon.core.common.CommonExecutor.accessTestCaseMainPhase(CommonExecutor.java:65)&#xa;	at com.kms.katalon.core.main.TestSuiteExecutor.accessTestSuiteMainPhase(TestSuiteExecutor.java:148)&#xa;	at com.kms.katalon.core.main.TestSuiteExecutor.execute(TestSuiteExecutor.java:106)&#xa;	at com.kms.katalon.core.main.TestCaseMain.startTestSuite(TestCaseMain.java:180)&#xa;	at TempTestSuite1704171383094.run(TempTestSuite1704171383094.groovy:36)&#xa;	at java.base/jdk.internal.reflect.NativeMethodAccessorImpl.invoke0(Native Method)&#xa;	at java.base/jdk.internal.reflect.NativeMethodAccessorImpl.invoke(NativeMethodAccessorImpl.java:77)&#xa;	at java.base/jdk.internal.reflect.DelegatingMethodAccessorImpl.invoke(DelegatingMethodAccessorImpl.java:43)&#xa;Caused by: org.openqa.selenium.InvalidElementStateException: invalid element state: Element is not currently interactable and may not be manipulated&#xa;  (Session info: chrome=120.0.6099.130)&#xa;Build info: version: '3.141.59', revision: 'e82be7d358', time: '2018-11-14T08:25:53'&#xa;System info: host: 'MSI', ip: '172.16.4.40', os.name: 'Windows 10', os.arch: 'amd64', os.version: '10.0', java.version: '17.0.7'&#xa;Driver info: com.kms.katalon.selenium.driver.CChromeDriver&#xa;Capabilities {acceptInsecureCerts: false, browserName: chrome, browserVersion: 120.0.6099.130, chrome: {chromedriverVersion: 120.0.6099.71 (9729082fe617..., userDataDir: C:\Users\khoan\AppData\Loca...}, fedcm:accounts: true, goog:chromeOptions: {debuggerAddress: localhost:62664}, javascriptEnabled: true, networkConnectionEnabled: false, pageLoadStrategy: normal, platform: WINDOWS, platformName: WINDOWS, proxy: Proxy(), setWindowRect: true, strictFileInteractability: false, timeouts: {implicit: 0, pageLoad: 300000, script: 30000}, unhandledPromptBehavior: dismiss and notify, webauthn:extension:credBlob: true, webauthn:extension:largeBlob: true, webauthn:extension:minPinLength: true, webauthn:extension:prf: true, webauthn:virtualAuthenticators: true}&#xa;Session ID: 5b50ab42a64f46760f914ad4f3a19b41&#xa;	at java.base/jdk.internal.reflect.NativeConstructorAccessorImpl.newInstance0(Native Method)&#xa;	at java.base/jdk.internal.reflect.NativeConstructorAccessorImpl.newInstance(NativeConstructorAccessorImpl.java:77)&#xa;	at java.base/jdk.internal.reflect.DelegatingConstructorAccessorImpl.newInstance(DelegatingConstructorAccessorImpl.java:45)&#xa;	at org.openqa.selenium.remote.http.W3CHttpResponseCodec.createException(W3CHttpResponseCodec.java:187)&#xa;	at org.openqa.selenium.remote.http.W3CHttpResponseCodec.decode(W3CHttpResponseCodec.java:122)&#xa;	at org.openqa.selenium.remote.http.W3CHttpResponseCodec.decode(W3CHttpResponseCodec.java:49)&#xa;	at org.openqa.selenium.remote.HttpCommandExecutor.execute(HttpCommandExecutor.java:158)&#xa;	at org.openqa.selenium.remote.service.DriverCommandExecutor.execute(DriverCommandExecutor.java:83)&#xa;	at org.openqa.selenium.remote.RemoteWebDriver.execute(RemoteWebDriver.java:552)&#xa;	at com.kms.katalon.selenium.driver.CChromeDriver.execute(CChromeDriver.java:19)&#xa;	at org.openqa.selenium.remote.RemoteWebElement.execute(RemoteWebElement.java:285)&#xa;	at org.openqa.selenium.remote.RemoteWebElement.clear(RemoteWebElement.java:124)&#xa;	at jdk.internal.reflect.GeneratedMethodAccessor23.invoke(Unknown Source)&#xa;	at java.base/jdk.internal.reflect.DelegatingMethodAccessorImpl.invoke(DelegatingMethodAccessorImpl.java:43)&#xa;	at org.openqa.selenium.support.events.EventFiringWebDriver$EventFiringWebElement.lambda$new$0(EventFiringWebDriver.java:404)&#xa;	at jdk.proxy2/jdk.proxy2.$Proxy24.clear(Unknown Source)&#xa;	at org.openqa.selenium.support.events.EventFiringWebDriver$EventFiringWebElement.clear(EventFiringWebDriver.java:436)&#xa;	at com.kms.katalon.core.webui.keyword.builtin.SetTextKeyword$_setText_closure1.doCall(SetTextKeyword.groovy:53)&#xa;	at com.kms.katalon.core.webui.keyword.builtin.SetTextKeyword$_setText_closure1.call(SetTextKeyword.groovy)&#xa;	at com.kms.katalon.core.webui.keyword.internal.WebUIKeywordMain.runKeyword(WebUIKeywordMain.groovy:20)&#xa;	... 20 more&#xa;"/>
         <system-out><![CDATA[02-01-2024T11:58:10 - [TEST_CASE][FAILED] - Test Cases/Budget: Test Cases/Budget FAILED.
Reason:
com.kms.katalon.core.exception.StepFailedException: Unable to set text '68766' of object 'Object Repository/Budget/Page_Create a new budget  Budgets  Firefly III/input_auto_budget_amount'
	at com.kms.katalon.core.webui.keyword.internal.WebUIKeywordMain.stepFailed(WebUIKeywordMain.groovy:64)
	at com.kms.katalon.core.webui.keyword.internal.WebUIKeywordMain.runKeyword(WebUIKeywordMain.groovy:26)
	at com.kms.katalon.core.webui.keyword.builtin.SetTextKeyword.setText(SetTextKeyword.groovy:66)
	at com.kms.katalon.core.webui.keyword.builtin.SetTextKeyword.execute(SetTextKeyword.groovy:37)
	at com.kms.katalon.core.keyword.internal.KeywordExecutor.executeKeywordForPlatform(KeywordExecutor.groovy:74)
	at com.kms.katalon.core.webui.keyword.WebUiBuiltInKeywords.setText(WebUiBuiltInKeywords.groovy:1019)
	at Budget.run(Budget:43)
	at com.kms.katalon.core.main.ScriptEngine.run(ScriptEngine.java:194)
	at com.kms.katalon.core.main.ScriptEngine.runScriptAsRawText(ScriptEngine.java:119)
	at com.kms.katalon.core.main.TestCaseExecutor.runScript(TestCaseExecutor.java:448)
	at com.kms.katalon.core.main.TestCaseExecutor.doExecute(TestCaseExecutor.java:439)
	at com.kms.katalon.core.main.TestCaseExecutor.processExecutionPhase(TestCaseExecutor.java:418)
	at com.kms.katalon.core.main.TestCaseExecutor.accessMainPhase(TestCaseExecutor.java:410)
	at com.kms.katalon.core.main.TestCaseExecutor.execute(TestCaseExecutor.java:285)
	at com.kms.katalon.core.common.CommonExecutor.accessTestCaseMainPhase(CommonExecutor.java:65)
	at com.kms.katalon.core.main.TestSuiteExecutor.accessTestSuiteMainPhase(TestSuiteExecutor.java:148)
	at com.kms.katalon.core.main.TestSuiteExecutor.execute(TestSuiteExecutor.java:106)
	at com.kms.katalon.core.main.TestCaseMain.startTestSuite(TestCaseMain.java:180)
	at TempTestSuite1704171383094.run(TempTestSuite1704171383094.groovy:36)
	at java.base/jdk.internal.reflect.NativeMethodAccessorImpl.invoke0(Native Method)
	at java.base/jdk.internal.reflect.NativeMethodAccessorImpl.invoke(NativeMethodAccessorImpl.java:77)
	at java.base/jdk.internal.reflect.DelegatingMethodAccessorImpl.invoke(DelegatingMethodAccessorImpl.java:43)
Caused by: org.openqa.selenium.InvalidElementStateException: invalid element state: Element is not currently interactable and may not be manipulated
  (Session info: chrome=120.0.6099.130)
Build info: version: '3.141.59', revision: 'e82be7d358', time: '2018-11-14T08:25:53'
System info: host: 'MSI', ip: '172.16.4.40', os.name: 'Windows 10', os.arch: 'amd64', os.version: '10.0', java.version: '17.0.7'
Driver info: com.kms.katalon.selenium.driver.CChromeDriver
Capabilities {acceptInsecureCerts: false, browserName: chrome, browserVersion: 120.0.6099.130, chrome: {chromedriverVersion: 120.0.6099.71 (9729082fe617..., userDataDir: C:\Users\khoan\AppData\Loca...}, fedcm:accounts: true, goog:chromeOptions: {debuggerAddress: localhost:62664}, javascriptEnabled: true, networkConnectionEnabled: false, pageLoadStrategy: normal, platform: WINDOWS, platformName: WINDOWS, proxy: Proxy(), setWindowRect: true, strictFileInteractability: false, timeouts: {implicit: 0, pageLoad: 300000, script: 30000}, unhandledPromptBehavior: dismiss and notify, webauthn:extension:credBlob: true, webauthn:extension:largeBlob: true, webauthn:extension:minPinLength: true, webauthn:extension:prf: true, webauthn:virtualAuthenticators: true}
Session ID: 5b50ab42a64f46760f914ad4f3a19b41
	at java.base/jdk.internal.reflect.NativeConstructorAccessorImpl.newInstance0(Native Method)
	at java.base/jdk.internal.reflect.NativeConstructorAccessorImpl.newInstance(NativeConstructorAccessorImpl.java:77)
	at java.base/jdk.internal.reflect.DelegatingConstructorAccessorImpl.newInstance(DelegatingConstructorAccessorImpl.java:45)
	at org.openqa.selenium.remote.http.W3CHttpResponseCodec.createException(W3CHttpResponseCodec.java:187)
	at org.openqa.selenium.remote.http.W3CHttpResponseCodec.decode(W3CHttpResponseCodec.java:122)
	at org.openqa.selenium.remote.http.W3CHttpResponseCodec.decode(W3CHttpResponseCodec.java:49)
	at org.openqa.selenium.remote.HttpCommandExecutor.execute(HttpCommandExecutor.java:158)
	at org.openqa.selenium.remote.service.DriverCommandExecutor.execute(DriverCommandExecutor.java:83)
	at org.openqa.selenium.remote.RemoteWebDriver.execute(RemoteWebDriver.java:552)
	at com.kms.katalon.selenium.driver.CChromeDriver.execute(CChromeDriver.java:19)
	at org.openqa.selenium.remote.RemoteWebElement.execute(RemoteWebElement.java:285)
	at org.openqa.selenium.remote.RemoteWebElement.clear(RemoteWebElement.java:124)
	at jdk.internal.reflect.GeneratedMethodAccessor23.invoke(Unknown Source)
	at java.base/jdk.internal.reflect.DelegatingMethodAccessorImpl.invoke(DelegatingMethodAccessorImpl.java:43)
	at org.openqa.selenium.support.events.EventFiringWebDriver$EventFiringWebElement.lambda$new$0(EventFiringWebDriver.java:404)
	at jdk.proxy2/jdk.proxy2.$Proxy24.clear(Unknown Source)
	at org.openqa.selenium.support.events.EventFiringWebDriver$EventFiringWebElement.clear(EventFiringWebDriver.java:436)
	at com.kms.katalon.core.webui.keyword.builtin.SetTextKeyword$_setText_closure1.doCall(SetTextKeyword.groovy:53)
	at com.kms.katalon.core.webui.keyword.builtin.SetTextKeyword$_setText_closure1.call(SetTextKeyword.groovy)
	at com.kms.katalon.core.webui.keyword.internal.WebUIKeywordMain.runKeyword(WebUIKeywordMain.groovy:20)
	... 20 more


02-01-2024T11:58:10 - [TEST_STEP][PASSED] - openBrowser(""): Browser is opened with url: ''

02-01-2024T11:58:10 - [MESSAGE][INFO] - Starting 'Chrome' driver

02-01-2024T11:58:10 - [MESSAGE][INFO] - Action delay is set to 0 milliseconds

02-01-2024T11:58:11 - [MESSAGE][PASSED] - Browser is opened with url: ''

02-01-2024T11:58:11 - [TEST_STEP][PASSED] - navigateToUrl("https://firefly.buudadawg.online/login"): Navigate to 'https://firefly.buudadawg.online/login' successfully

02-01-2024T11:58:11 - [MESSAGE][PASSED] - Navigate to 'https://firefly.buudadawg.online/login' successfully

02-01-2024T11:58:11 - [TEST_STEP][PASSED] - setText(findTestObject("Object Repository/Budget/Page_Login to Firefly III/input_email"), "khoacraphotograph@gmail.com"): Text 'khoacraphotograph@gmail.com' is set on object 'Object Repository/Budget/Page_Login to Firefly III/input_email'

02-01-2024T11:58:12 - [MESSAGE][PASSED] - Text 'khoacraphotograph@gmail.com' is set on object 'Object Repository/Budget/Page_Login to Firefly III/input_email'

02-01-2024T11:58:12 - [TEST_STEP][PASSED] - setEncryptedText(findTestObject("Object Repository/Budget/Page_Login to Firefly III/input_password"), "krbqsEPTyj+/ySZvycc2bfHXjZyOJWOA"): Text ****** has been set on object 'Object Repository/Budget/Page_Login to Firefly III/input_password'

02-01-2024T11:58:12 - [MESSAGE][PASSED] - Text ****** has been set on object 'Object Repository/Budget/Page_Login to Firefly III/input_password'

02-01-2024T11:58:12 - [TEST_STEP][PASSED] - click(findTestObject("Object Repository/Budget/Page_Login to Firefly III/button_Sign in")): Object: 'Object Repository/Budget/Page_Login to Firefly III/button_Sign in' is clicked on

02-01-2024T11:58:13 - [MESSAGE][PASSED] - Object: 'Object Repository/Budget/Page_Login to Firefly III/button_Sign in' is clicked on

02-01-2024T11:58:13 - [TEST_STEP][PASSED] - click(findTestObject("Object Repository/Budget/Page_Whats playing  Firefly III/a_Budgets")): Object: 'Object Repository/Budget/Page_Whats playing  Firefly III/a_Budgets' is clicked on

02-01-2024T11:58:15 - [MESSAGE][PASSED] - Object: 'Object Repository/Budget/Page_Whats playing  Firefly III/a_Budgets' is clicked on

02-01-2024T11:58:15 - [TEST_STEP][PASSED] - click(findTestObject("Object Repository/Budget/Page_Budgets  Firefly III/a_New budget")): Object: 'Object Repository/Budget/Page_Budgets  Firefly III/a_New budget' is clicked on

02-01-2024T11:58:16 - [MESSAGE][PASSED] - Object: 'Object Repository/Budget/Page_Budgets  Firefly III/a_New budget' is clicked on

02-01-2024T11:58:16 - [TEST_STEP][PASSED] - setText(findTestObject("Object Repository/Budget/Page_Create a new budget  Budgets  Firefly III/input_name"), Name): Text '30fC-)&6gdK222' is set on object 'Object Repository/Budget/Page_Create a new budget  Budgets  Firefly III/input_name'

02-01-2024T11:58:17 - [MESSAGE][PASSED] - Text '30fC-)&6gdK222' is set on object 'Object Repository/Budget/Page_Create a new budget  Budgets  Firefly III/input_name'

02-01-2024T11:58:17 - [TEST_STEP][PASSED] - click(findTestObject("Object Repository/Budget/Page_Create a new budget  Budgets  Firefly III/div_Mandatory fields                       _27a419")): Object: 'Object Repository/Budget/Page_Create a new budget  Budgets  Firefly III/div_Mandatory fields                       _27a419' is clicked on

02-01-2024T11:58:17 - [MESSAGE][PASSED] - Object: 'Object Repository/Budget/Page_Create a new budget  Budgets  Firefly III/div_Mandatory fields                       _27a419' is clicked on

02-01-2024T11:58:17 - [TEST_STEP][PASSED] - selectOptionByLabel(findTestObject("Object Repository/Budget/Page_Create a new budget  Budgets  Firefly III/select_No auto-budgetSet a fixed amount eve_005aeb"), Auto_budget, true): All options with label 'No auto-budget' are selected in object 'Object Repository/Budget/Page_Create a new budget  Budgets  Firefly III/select_No auto-budgetSet a fixed amount eve_005aeb'  using regular expression

02-01-2024T11:58:18 - [MESSAGE][PASSED] - All options with label 'No auto-budget' are selected in object 'Object Repository/Budget/Page_Create a new budget  Budgets  Firefly III/select_No auto-budgetSet a fixed amount eve_005aeb'  using regular expression

02-01-2024T11:58:18 - [TEST_STEP][FAILED] - setText(findTestObject("Object Repository/Budget/Page_Create a new budget  Budgets  Firefly III/input_auto_budget_amount"), Auto_budget_amount): Unable to set text '68766' of object 'Object Repository/Budget/Page_Create a new budget  Budgets  Firefly III/input_auto_budget_amount' (Root cause: com.kms.katalon.core.exception.StepFailedException: Unable to set text '68766' of object 'Object Repository/Budget/Page_Create a new budget  Budgets  Firefly III/input_auto_budget_amount'
	at com.kms.katalon.core.webui.keyword.internal.WebUIKeywordMain.stepFailed(WebUIKeywordMain.groovy:64)
	at com.kms.katalon.core.webui.keyword.internal.WebUIKeywordMain.runKeyword(WebUIKeywordMain.groovy:26)
	at com.kms.katalon.core.webui.keyword.builtin.SetTextKeyword.setText(SetTextKeyword.groovy:66)
	at com.kms.katalon.core.webui.keyword.builtin.SetTextKeyword.execute(SetTextKeyword.groovy:37)
	at com.kms.katalon.core.keyword.internal.KeywordExecutor.executeKeywordForPlatform(KeywordExecutor.groovy:74)
	at com.kms.katalon.core.webui.keyword.WebUiBuiltInKeywords.setText(WebUiBuiltInKeywords.groovy:1019)
	at Budget.run(Budget:43)
	at com.kms.katalon.core.main.ScriptEngine.run(ScriptEngine.java:194)
	at com.kms.katalon.core.main.ScriptEngine.runScriptAsRawText(ScriptEngine.java:119)
	at com.kms.katalon.core.main.TestCaseExecutor.runScript(TestCaseExecutor.java:448)
	at com.kms.katalon.core.main.TestCaseExecutor.doExecute(TestCaseExecutor.java:439)
	at com.kms.katalon.core.main.TestCaseExecutor.processExecutionPhase(TestCaseExecutor.java:418)
	at com.kms.katalon.core.main.TestCaseExecutor.accessMainPhase(TestCaseExecutor.java:410)
	at com.kms.katalon.core.main.TestCaseExecutor.execute(TestCaseExecutor.java:285)
	at com.kms.katalon.core.common.CommonExecutor.accessTestCaseMainPhase(CommonExecutor.java:65)
	at com.kms.katalon.core.main.TestSuiteExecutor.accessTestSuiteMainPhase(TestSuiteExecutor.java:148)
	at com.kms.katalon.core.main.TestSuiteExecutor.execute(TestSuiteExecutor.java:106)
	at com.kms.katalon.core.main.TestCaseMain.startTestSuite(TestCaseMain.java:180)
	at TempTestSuite1704171383094.run(TempTestSuite1704171383094.groovy:36)
	at java.base/jdk.internal.reflect.NativeMethodAccessorImpl.invoke0(Native Method)
	at java.base/jdk.internal.reflect.NativeMethodAccessorImpl.invoke(NativeMethodAccessorImpl.java:77)
	at java.base/jdk.internal.reflect.DelegatingMethodAccessorImpl.invoke(DelegatingMethodAccessorImpl.java:43)
Caused by: org.openqa.selenium.InvalidElementStateException: invalid element state: Element is not currently interactable and may not be manipulated
  (Session info: chrome=120.0.6099.130)
Build info: version: '3.141.59', revision: 'e82be7d358', time: '2018-11-14T08:25:53'
System info: host: 'MSI', ip: '172.16.4.40', os.name: 'Windows 10', os.arch: 'amd64', os.version: '10.0', java.version: '17.0.7'
Driver info: com.kms.katalon.selenium.driver.CChromeDriver
Capabilities {acceptInsecureCerts: false, browserName: chrome, browserVersion: 120.0.6099.130, chrome: {chromedriverVersion: 120.0.6099.71 (9729082fe617..., userDataDir: C:\Users\khoan\AppData\Loca...}, fedcm:accounts: true, goog:chromeOptions: {debuggerAddress: localhost:62664}, javascriptEnabled: true, networkConnectionEnabled: false, pageLoadStrategy: normal, platform: WINDOWS, platformName: WINDOWS, proxy: Proxy(), setWindowRect: true, strictFileInteractability: false, timeouts: {implicit: 0, pageLoad: 300000, script: 30000}, unhandledPromptBehavior: dismiss and notify, webauthn:extension:credBlob: true, webauthn:extension:largeBlob: true, webauthn:extension:minPinLength: true, webauthn:extension:prf: true, webauthn:virtualAuthenticators: true}
Session ID: 5b50ab42a64f46760f914ad4f3a19b41
	at java.base/jdk.internal.reflect.NativeConstructorAccessorImpl.newInstance0(Native Method)
	at java.base/jdk.internal.reflect.NativeConstructorAccessorImpl.newInstance(NativeConstructorAccessorImpl.java:77)
	at java.base/jdk.internal.reflect.DelegatingConstructorAccessorImpl.newInstance(DelegatingConstructorAccessorImpl.java:45)
	at org.openqa.selenium.remote.http.W3CHttpResponseCodec.createException(W3CHttpResponseCodec.java:187)
	at org.openqa.selenium.remote.http.W3CHttpResponseCodec.decode(W3CHttpResponseCodec.java:122)
	at org.openqa.selenium.remote.http.W3CHttpResponseCodec.decode(W3CHttpResponseCodec.java:49)
	at org.openqa.selenium.remote.HttpCommandExecutor.execute(HttpCommandExecutor.java:158)
	at org.openqa.selenium.remote.service.DriverCommandExecutor.execute(DriverCommandExecutor.java:83)
	at org.openqa.selenium.remote.RemoteWebDriver.execute(RemoteWebDriver.java:552)
	at com.kms.katalon.selenium.driver.CChromeDriver.execute(CChromeDriver.java:19)
	at org.openqa.selenium.remote.RemoteWebElement.execute(RemoteWebElement.java:285)
	at org.openqa.selenium.remote.RemoteWebElement.clear(RemoteWebElement.java:124)
	at jdk.internal.reflect.GeneratedMethodAccessor23.invoke(Unknown Source)
	at java.base/jdk.internal.reflect.DelegatingMethodAccessorImpl.invoke(DelegatingMethodAccessorImpl.java:43)
	at org.openqa.selenium.support.events.EventFiringWebDriver$EventFiringWebElement.lambda$new$0(EventFiringWebDriver.java:404)
	at jdk.proxy2/jdk.proxy2.$Proxy24.clear(Unknown Source)
	at org.openqa.selenium.support.events.EventFiringWebDriver$EventFiringWebElement.clear(EventFiringWebDriver.java:436)
	at com.kms.katalon.core.webui.keyword.builtin.SetTextKeyword$_setText_closure1.doCall(SetTextKeyword.groovy:53)
	at com.kms.katalon.core.webui.keyword.builtin.SetTextKeyword$_setText_closure1.call(SetTextKeyword.groovy)
	at com.kms.katalon.core.webui.keyword.internal.WebUIKeywordMain.runKeyword(WebUIKeywordMain.groovy:20)
	at com.kms.katalon.core.webui.keyword.builtin.SetTextKeyword.setText(SetTextKeyword.groovy:66)
	at com.kms.katalon.core.webui.keyword.builtin.SetTextKeyword.execute(SetTextKeyword.groovy:37)
	at com.kms.katalon.core.keyword.internal.KeywordExecutor.executeKeywordForPlatform(KeywordExecutor.groovy:74)
	at com.kms.katalon.core.webui.keyword.WebUiBuiltInKeywords.setText(WebUiBuiltInKeywords.groovy:1019)
	at Script1704099256672.run(Script1704099256672.groovy:43)
	... 15 more
)

02-01-2024T11:58:18 - [MESSAGE][FAILED] - Unable to set text '68766' of object 'Object Repository/Budget/Page_Create a new budget  Budgets  Firefly III/input_auto_budget_amount' (Root cause: com.kms.katalon.core.exception.StepFailedException: Unable to set text '68766' of object 'Object Repository/Budget/Page_Create a new budget  Budgets  Firefly III/input_auto_budget_amount'
	at com.kms.katalon.core.webui.keyword.internal.WebUIKeywordMain.stepFailed(WebUIKeywordMain.groovy:64)
	at com.kms.katalon.core.webui.keyword.internal.WebUIKeywordMain.runKeyword(WebUIKeywordMain.groovy:26)
	at com.kms.katalon.core.webui.keyword.builtin.SetTextKeyword.setText(SetTextKeyword.groovy:66)
	at com.kms.katalon.core.webui.keyword.builtin.SetTextKeyword.execute(SetTextKeyword.groovy:37)
	at com.kms.katalon.core.keyword.internal.KeywordExecutor.executeKeywordForPlatform(KeywordExecutor.groovy:74)
	at com.kms.katalon.core.webui.keyword.WebUiBuiltInKeywords.setText(WebUiBuiltInKeywords.groovy:1019)
	at Budget.run(Budget:43)
	at com.kms.katalon.core.main.ScriptEngine.run(ScriptEngine.java:194)
	at com.kms.katalon.core.main.ScriptEngine.runScriptAsRawText(ScriptEngine.java:119)
	at com.kms.katalon.core.main.TestCaseExecutor.runScript(TestCaseExecutor.java:448)
	at com.kms.katalon.core.main.TestCaseExecutor.doExecute(TestCaseExecutor.java:439)
	at com.kms.katalon.core.main.TestCaseExecutor.processExecutionPhase(TestCaseExecutor.java:418)
	at com.kms.katalon.core.main.TestCaseExecutor.accessMainPhase(TestCaseExecutor.java:410)
	at com.kms.katalon.core.main.TestCaseExecutor.execute(TestCaseExecutor.java:285)
	at com.kms.katalon.core.common.CommonExecutor.accessTestCaseMainPhase(CommonExecutor.java:65)
	at com.kms.katalon.core.main.TestSuiteExecutor.accessTestSuiteMainPhase(TestSuiteExecutor.java:148)
	at com.kms.katalon.core.main.TestSuiteExecutor.execute(TestSuiteExecutor.java:106)
	at com.kms.katalon.core.main.TestCaseMain.startTestSuite(TestCaseMain.java:180)
	at TempTestSuite1704171383094.run(TempTestSuite1704171383094.groovy:36)
	at java.base/jdk.internal.reflect.NativeMethodAccessorImpl.invoke0(Native Method)
	at java.base/jdk.internal.reflect.NativeMethodAccessorImpl.invoke(NativeMethodAccessorImpl.java:77)
	at java.base/jdk.internal.reflect.DelegatingMethodAccessorImpl.invoke(DelegatingMethodAccessorImpl.java:43)
Caused by: org.openqa.selenium.InvalidElementStateException: invalid element state: Element is not currently interactable and may not be manipulated
  (Session info: chrome=120.0.6099.130)
Build info: version: '3.141.59', revision: 'e82be7d358', time: '2018-11-14T08:25:53'
System info: host: 'MSI', ip: '172.16.4.40', os.name: 'Windows 10', os.arch: 'amd64', os.version: '10.0', java.version: '17.0.7'
Driver info: com.kms.katalon.selenium.driver.CChromeDriver
Capabilities {acceptInsecureCerts: false, browserName: chrome, browserVersion: 120.0.6099.130, chrome: {chromedriverVersion: 120.0.6099.71 (9729082fe617..., userDataDir: C:\Users\khoan\AppData\Loca...}, fedcm:accounts: true, goog:chromeOptions: {debuggerAddress: localhost:62664}, javascriptEnabled: true, networkConnectionEnabled: false, pageLoadStrategy: normal, platform: WINDOWS, platformName: WINDOWS, proxy: Proxy(), setWindowRect: true, strictFileInteractability: false, timeouts: {implicit: 0, pageLoad: 300000, script: 30000}, unhandledPromptBehavior: dismiss and notify, webauthn:extension:credBlob: true, webauthn:extension:largeBlob: true, webauthn:extension:minPinLength: true, webauthn:extension:prf: true, webauthn:virtualAuthenticators: true}
Session ID: 5b50ab42a64f46760f914ad4f3a19b41
	at java.base/jdk.internal.reflect.NativeConstructorAccessorImpl.newInstance0(Native Method)
	at java.base/jdk.internal.reflect.NativeConstructorAccessorImpl.newInstance(NativeConstructorAccessorImpl.java:77)
	at java.base/jdk.internal.reflect.DelegatingConstructorAccessorImpl.newInstance(DelegatingConstructorAccessorImpl.java:45)
	at org.openqa.selenium.remote.http.W3CHttpResponseCodec.createException(W3CHttpResponseCodec.java:187)
	at org.openqa.selenium.remote.http.W3CHttpResponseCodec.decode(W3CHttpResponseCodec.java:122)
	at org.openqa.selenium.remote.http.W3CHttpResponseCodec.decode(W3CHttpResponseCodec.java:49)
	at org.openqa.selenium.remote.HttpCommandExecutor.execute(HttpCommandExecutor.java:158)
	at org.openqa.selenium.remote.service.DriverCommandExecutor.execute(DriverCommandExecutor.java:83)
	at org.openqa.selenium.remote.RemoteWebDriver.execute(RemoteWebDriver.java:552)
	at com.kms.katalon.selenium.driver.CChromeDriver.execute(CChromeDriver.java:19)
	at org.openqa.selenium.remote.RemoteWebElement.execute(RemoteWebElement.java:285)
	at org.openqa.selenium.remote.RemoteWebElement.clear(RemoteWebElement.java:124)
	at jdk.internal.reflect.GeneratedMethodAccessor23.invoke(Unknown Source)
	at java.base/jdk.internal.reflect.DelegatingMethodAccessorImpl.invoke(DelegatingMethodAccessorImpl.java:43)
	at org.openqa.selenium.support.events.EventFiringWebDriver$EventFiringWebElement.lambda$new$0(EventFiringWebDriver.java:404)
	at jdk.proxy2/jdk.proxy2.$Proxy24.clear(Unknown Source)
	at org.openqa.selenium.support.events.EventFiringWebDriver$EventFiringWebElement.clear(EventFiringWebDriver.java:436)
	at com.kms.katalon.core.webui.keyword.builtin.SetTextKeyword$_setText_closure1.doCall(SetTextKeyword.groovy:53)
	at com.kms.katalon.core.webui.keyword.builtin.SetTextKeyword$_setText_closure1.call(SetTextKeyword.groovy)
	at com.kms.katalon.core.webui.keyword.internal.WebUIKeywordMain.runKeyword(WebUIKeywordMain.groovy:20)
	at com.kms.katalon.core.webui.keyword.builtin.SetTextKeyword.setText(SetTextKeyword.groovy:66)
	at com.kms.katalon.core.webui.keyword.builtin.SetTextKeyword.execute(SetTextKeyword.groovy:37)
	at com.kms.katalon.core.keyword.internal.KeywordExecutor.executeKeywordForPlatform(KeywordExecutor.groovy:74)
	at com.kms.katalon.core.webui.keyword.WebUiBuiltInKeywords.setText(WebUiBuiltInKeywords.groovy:1019)
	at Script1704099256672.run(Script1704099256672.groovy:43)
	... 15 more
)
[[ATTACHMENT|E:\\school\\software_testing\\G1_Firefly_testing\\Reports\\20240102_115623\\Budget Suite\\20240102_115623\\1704171498805.png]]]]></system-out>
         <system-err><![CDATA[02-01-2024T11:58:10 - [TEST_CASE][FAILED] - Test Cases/Budget: Test Cases/Budget FAILED.
Reason:
com.kms.katalon.core.exception.StepFailedException: Unable to set text '68766' of object 'Object Repository/Budget/Page_Create a new budget  Budgets  Firefly III/input_auto_budget_amount'
	at com.kms.katalon.core.webui.keyword.internal.WebUIKeywordMain.stepFailed(WebUIKeywordMain.groovy:64)
	at com.kms.katalon.core.webui.keyword.internal.WebUIKeywordMain.runKeyword(WebUIKeywordMain.groovy:26)
	at com.kms.katalon.core.webui.keyword.builtin.SetTextKeyword.setText(SetTextKeyword.groovy:66)
	at com.kms.katalon.core.webui.keyword.builtin.SetTextKeyword.execute(SetTextKeyword.groovy:37)
	at com.kms.katalon.core.keyword.internal.KeywordExecutor.executeKeywordForPlatform(KeywordExecutor.groovy:74)
	at com.kms.katalon.core.webui.keyword.WebUiBuiltInKeywords.setText(WebUiBuiltInKeywords.groovy:1019)
	at Budget.run(Budget:43)
	at com.kms.katalon.core.main.ScriptEngine.run(ScriptEngine.java:194)
	at com.kms.katalon.core.main.ScriptEngine.runScriptAsRawText(ScriptEngine.java:119)
	at com.kms.katalon.core.main.TestCaseExecutor.runScript(TestCaseExecutor.java:448)
	at com.kms.katalon.core.main.TestCaseExecutor.doExecute(TestCaseExecutor.java:439)
	at com.kms.katalon.core.main.TestCaseExecutor.processExecutionPhase(TestCaseExecutor.java:418)
	at com.kms.katalon.core.main.TestCaseExecutor.accessMainPhase(TestCaseExecutor.java:410)
	at com.kms.katalon.core.main.TestCaseExecutor.execute(TestCaseExecutor.java:285)
	at com.kms.katalon.core.common.CommonExecutor.accessTestCaseMainPhase(CommonExecutor.java:65)
	at com.kms.katalon.core.main.TestSuiteExecutor.accessTestSuiteMainPhase(TestSuiteExecutor.java:148)
	at com.kms.katalon.core.main.TestSuiteExecutor.execute(TestSuiteExecutor.java:106)
	at com.kms.katalon.core.main.TestCaseMain.startTestSuite(TestCaseMain.java:180)
	at TempTestSuite1704171383094.run(TempTestSuite1704171383094.groovy:36)
	at java.base/jdk.internal.reflect.NativeMethodAccessorImpl.invoke0(Native Method)
	at java.base/jdk.internal.reflect.NativeMethodAccessorImpl.invoke(NativeMethodAccessorImpl.java:77)
	at java.base/jdk.internal.reflect.DelegatingMethodAccessorImpl.invoke(DelegatingMethodAccessorImpl.java:43)
Caused by: org.openqa.selenium.InvalidElementStateException: invalid element state: Element is not currently interactable and may not be manipulated
  (Session info: chrome=120.0.6099.130)
Build info: version: '3.141.59', revision: 'e82be7d358', time: '2018-11-14T08:25:53'
System info: host: 'MSI', ip: '172.16.4.40', os.name: 'Windows 10', os.arch: 'amd64', os.version: '10.0', java.version: '17.0.7'
Driver info: com.kms.katalon.selenium.driver.CChromeDriver
Capabilities {acceptInsecureCerts: false, browserName: chrome, browserVersion: 120.0.6099.130, chrome: {chromedriverVersion: 120.0.6099.71 (9729082fe617..., userDataDir: C:\Users\khoan\AppData\Loca...}, fedcm:accounts: true, goog:chromeOptions: {debuggerAddress: localhost:62664}, javascriptEnabled: true, networkConnectionEnabled: false, pageLoadStrategy: normal, platform: WINDOWS, platformName: WINDOWS, proxy: Proxy(), setWindowRect: true, strictFileInteractability: false, timeouts: {implicit: 0, pageLoad: 300000, script: 30000}, unhandledPromptBehavior: dismiss and notify, webauthn:extension:credBlob: true, webauthn:extension:largeBlob: true, webauthn:extension:minPinLength: true, webauthn:extension:prf: true, webauthn:virtualAuthenticators: true}
Session ID: 5b50ab42a64f46760f914ad4f3a19b41
	at java.base/jdk.internal.reflect.NativeConstructorAccessorImpl.newInstance0(Native Method)
	at java.base/jdk.internal.reflect.NativeConstructorAccessorImpl.newInstance(NativeConstructorAccessorImpl.java:77)
	at java.base/jdk.internal.reflect.DelegatingConstructorAccessorImpl.newInstance(DelegatingConstructorAccessorImpl.java:45)
	at org.openqa.selenium.remote.http.W3CHttpResponseCodec.createException(W3CHttpResponseCodec.java:187)
	at org.openqa.selenium.remote.http.W3CHttpResponseCodec.decode(W3CHttpResponseCodec.java:122)
	at org.openqa.selenium.remote.http.W3CHttpResponseCodec.decode(W3CHttpResponseCodec.java:49)
	at org.openqa.selenium.remote.HttpCommandExecutor.execute(HttpCommandExecutor.java:158)
	at org.openqa.selenium.remote.service.DriverCommandExecutor.execute(DriverCommandExecutor.java:83)
	at org.openqa.selenium.remote.RemoteWebDriver.execute(RemoteWebDriver.java:552)
	at com.kms.katalon.selenium.driver.CChromeDriver.execute(CChromeDriver.java:19)
	at org.openqa.selenium.remote.RemoteWebElement.execute(RemoteWebElement.java:285)
	at org.openqa.selenium.remote.RemoteWebElement.clear(RemoteWebElement.java:124)
	at jdk.internal.reflect.GeneratedMethodAccessor23.invoke(Unknown Source)
	at java.base/jdk.internal.reflect.DelegatingMethodAccessorImpl.invoke(DelegatingMethodAccessorImpl.java:43)
	at org.openqa.selenium.support.events.EventFiringWebDriver$EventFiringWebElement.lambda$new$0(EventFiringWebDriver.java:404)
	at jdk.proxy2/jdk.proxy2.$Proxy24.clear(Unknown Source)
	at org.openqa.selenium.support.events.EventFiringWebDriver$EventFiringWebElement.clear(EventFiringWebDriver.java:436)
	at com.kms.katalon.core.webui.keyword.builtin.SetTextKeyword$_setText_closure1.doCall(SetTextKeyword.groovy:53)
	at com.kms.katalon.core.webui.keyword.builtin.SetTextKeyword$_setText_closure1.call(SetTextKeyword.groovy)
	at com.kms.katalon.core.webui.keyword.internal.WebUIKeywordMain.runKeyword(WebUIKeywordMain.groovy:20)
	... 20 more]]></system-err>
      </testcase>
      <testcase name="Test Cases/Budget" time="14.687" classname="Test Cases/Budget" status="PASSED">
         <system-out><![CDATA[02-01-2024T11:58:18 - [TEST_CASE][PASSED] - Test Cases/Budget: Test Cases/Budget

02-01-2024T11:58:18 - [TEST_STEP][PASSED] - openBrowser(""): Browser is opened with url: ''

02-01-2024T11:58:18 - [MESSAGE][WARNING] - A browser is already opened. Closing browser and opening a new one

02-01-2024T11:58:19 - [MESSAGE][INFO] - Starting 'Chrome' driver

02-01-2024T11:58:19 - [MESSAGE][INFO] - Action delay is set to 0 milliseconds

02-01-2024T11:58:20 - [MESSAGE][PASSED] - Browser is opened with url: ''

02-01-2024T11:58:20 - [TEST_STEP][PASSED] - navigateToUrl("https://firefly.buudadawg.online/login"): Navigate to 'https://firefly.buudadawg.online/login' successfully

02-01-2024T11:58:20 - [MESSAGE][PASSED] - Navigate to 'https://firefly.buudadawg.online/login' successfully

02-01-2024T11:58:20 - [TEST_STEP][PASSED] - setText(findTestObject("Object Repository/Budget/Page_Login to Firefly III/input_email"), "khoacraphotograph@gmail.com"): Text 'khoacraphotograph@gmail.com' is set on object 'Object Repository/Budget/Page_Login to Firefly III/input_email'

02-01-2024T11:58:21 - [MESSAGE][PASSED] - Text 'khoacraphotograph@gmail.com' is set on object 'Object Repository/Budget/Page_Login to Firefly III/input_email'

02-01-2024T11:58:21 - [TEST_STEP][PASSED] - setEncryptedText(findTestObject("Object Repository/Budget/Page_Login to Firefly III/input_password"), "krbqsEPTyj+/ySZvycc2bfHXjZyOJWOA"): Text ****** has been set on object 'Object Repository/Budget/Page_Login to Firefly III/input_password'

02-01-2024T11:58:21 - [MESSAGE][PASSED] - Text ****** has been set on object 'Object Repository/Budget/Page_Login to Firefly III/input_password'

02-01-2024T11:58:21 - [TEST_STEP][PASSED] - click(findTestObject("Object Repository/Budget/Page_Login to Firefly III/button_Sign in")): Object: 'Object Repository/Budget/Page_Login to Firefly III/button_Sign in' is clicked on

02-01-2024T11:58:22 - [MESSAGE][PASSED] - Object: 'Object Repository/Budget/Page_Login to Firefly III/button_Sign in' is clicked on

02-01-2024T11:58:22 - [TEST_STEP][PASSED] - click(findTestObject("Object Repository/Budget/Page_Whats playing  Firefly III/a_Budgets")): Object: 'Object Repository/Budget/Page_Whats playing  Firefly III/a_Budgets' is clicked on

02-01-2024T11:58:24 - [MESSAGE][PASSED] - Object: 'Object Repository/Budget/Page_Whats playing  Firefly III/a_Budgets' is clicked on

02-01-2024T11:58:24 - [TEST_STEP][PASSED] - click(findTestObject("Object Repository/Budget/Page_Budgets  Firefly III/a_New budget")): Object: 'Object Repository/Budget/Page_Budgets  Firefly III/a_New budget' is clicked on

02-01-2024T11:58:25 - [MESSAGE][PASSED] - Object: 'Object Repository/Budget/Page_Budgets  Firefly III/a_New budget' is clicked on

02-01-2024T11:58:25 - [TEST_STEP][PASSED] - setText(findTestObject("Object Repository/Budget/Page_Create a new budget  Budgets  Firefly III/input_name"), Name): Text '65aV-)&1aoW222' is set on object 'Object Repository/Budget/Page_Create a new budget  Budgets  Firefly III/input_name'

02-01-2024T11:58:26 - [MESSAGE][PASSED] - Text '65aV-)&1aoW222' is set on object 'Object Repository/Budget/Page_Create a new budget  Budgets  Firefly III/input_name'

02-01-2024T11:58:26 - [TEST_STEP][PASSED] - click(findTestObject("Object Repository/Budget/Page_Create a new budget  Budgets  Firefly III/div_Mandatory fields                       _27a419")): Object: 'Object Repository/Budget/Page_Create a new budget  Budgets  Firefly III/div_Mandatory fields                       _27a419' is clicked on

02-01-2024T11:58:26 - [MESSAGE][PASSED] - Object: 'Object Repository/Budget/Page_Create a new budget  Budgets  Firefly III/div_Mandatory fields                       _27a419' is clicked on

02-01-2024T11:58:26 - [TEST_STEP][PASSED] - selectOptionByLabel(findTestObject("Object Repository/Budget/Page_Create a new budget  Budgets  Firefly III/select_No auto-budgetSet a fixed amount eve_005aeb"), Auto_budget, true): All options with label 'Add an amount every period' are selected in object 'Object Repository/Budget/Page_Create a new budget  Budgets  Firefly III/select_No auto-budgetSet a fixed amount eve_005aeb'  using regular expression

02-01-2024T11:58:27 - [MESSAGE][PASSED] - All options with label 'Add an amount every period' are selected in object 'Object Repository/Budget/Page_Create a new budget  Budgets  Firefly III/select_No auto-budgetSet a fixed amount eve_005aeb'  using regular expression

02-01-2024T11:58:27 - [TEST_STEP][PASSED] - setText(findTestObject("Object Repository/Budget/Page_Create a new budget  Budgets  Firefly III/input_auto_budget_amount"), Auto_budget_amount): Text '87990' is set on object 'Object Repository/Budget/Page_Create a new budget  Budgets  Firefly III/input_auto_budget_amount'

02-01-2024T11:58:28 - [MESSAGE][PASSED] - Text '87990' is set on object 'Object Repository/Budget/Page_Create a new budget  Budgets  Firefly III/input_auto_budget_amount'

02-01-2024T11:58:28 - [TEST_STEP][PASSED] - selectOptionByLabel(findTestObject("Object Repository/Budget/Page_Create a new budget  Budgets  Firefly III/select_DailyWeeklyMonthlyQuarterlyEvery hal_69941c"), Auto_budget_period, true): All options with label 'Yearly' are selected in object 'Object Repository/Budget/Page_Create a new budget  Budgets  Firefly III/select_DailyWeeklyMonthlyQuarterlyEvery hal_69941c'  using regular expression

02-01-2024T11:58:29 - [MESSAGE][PASSED] - All options with label 'Yearly' are selected in object 'Object Repository/Budget/Page_Create a new budget  Budgets  Firefly III/select_DailyWeeklyMonthlyQuarterlyEvery hal_69941c'  using regular expression

02-01-2024T11:58:29 - [TEST_STEP][PASSED] - out.println(attachments): null

02-01-2024T11:58:29 - [TEST_STEP][PASSED] - if (attachments): File 'E:\school\software_testing\G1_Firefly_testing\Attachments File\Report_1MB.csv' sent to object: 'Object Repository/Create a new asset account/Page_Create a new asset account  Accounts  _ced620/upload file'

02-01-2024T11:58:29 - [TEST_STEP][PASSED] - absolutePath = normalize().toString(): null

02-01-2024T11:58:29 - [TEST_STEP][PASSED] - uploadFile(findTestObject("Create a new asset account/Page_Create a new asset account  Accounts  _ced620/upload file"), absolutePath): File 'E:\school\software_testing\G1_Firefly_testing\Attachments File\Report_1MB.csv' sent to object: 'Object Repository/Create a new asset account/Page_Create a new asset account  Accounts  _ced620/upload file'

02-01-2024T11:58:29 - [MESSAGE][PASSED] - File 'E:\school\software_testing\G1_Firefly_testing\Attachments File\Report_1MB.csv' sent to object: 'Object Repository/Create a new asset account/Page_Create a new asset account  Accounts  _ced620/upload file'

02-01-2024T11:58:29 - [TEST_STEP][PASSED] - click(findTestObject("Object Repository/Budget/Page_Create a new budget  Budgets  Firefly III/button_Store new budget")): Object: 'Object Repository/Budget/Page_Create a new budget  Budgets  Firefly III/button_Store new budget' is clicked on

02-01-2024T11:58:31 - [MESSAGE][PASSED] - Object: 'Object Repository/Budget/Page_Create a new budget  Budgets  Firefly III/button_Store new budget' is clicked on

02-01-2024T11:58:31 - [TEST_STEP][FAILED] - try: Unable to verify object 'Object Repository/Shared_alert/success_alert_budget' is not present (Root cause: com.kms.katalon.core.exception.StepFailedException: Unable to verify object 'Object Repository/Shared_alert/success_alert_budget' is not present
	at com.kms.katalon.core.webui.keyword.internal.WebUIKeywordMain.stepFailed(WebUIKeywordMain.groovy:64)
	at com.kms.katalon.core.webui.keyword.internal.WebUIKeywordMain.runKeyword(WebUIKeywordMain.groovy:26)
	at com.kms.katalon.core.webui.keyword.internal.WebUIKeywordMain$runKeyword.call(Unknown Source)
	at com.kms.katalon.core.webui.keyword.builtin.VerifyElementNotPresentKeyword.verifyElementNotPresent(VerifyElementNotPresentKeyword.groovy:122)
	at com.kms.katalon.core.webui.keyword.builtin.VerifyElementNotPresentKeyword.execute(VerifyElementNotPresentKeyword.groovy:68)
	at com.kms.katalon.core.keyword.internal.KeywordExecutor.executeKeywordForPlatform(KeywordExecutor.groovy:74)
	at com.kms.katalon.core.webui.keyword.WebUiBuiltInKeywords.verifyElementNotPresent(WebUiBuiltInKeywords.groovy:1536)
	at Budget.run(Budget:62)
	at com.kms.katalon.core.main.ScriptEngine.run(ScriptEngine.java:194)
	at com.kms.katalon.core.main.ScriptEngine.runScriptAsRawText(ScriptEngine.java:119)
	at com.kms.katalon.core.main.TestCaseExecutor.runScript(TestCaseExecutor.java:448)
	at com.kms.katalon.core.main.TestCaseExecutor.doExecute(TestCaseExecutor.java:439)
	at com.kms.katalon.core.main.TestCaseExecutor.processExecutionPhase(TestCaseExecutor.java:418)
	at com.kms.katalon.core.main.TestCaseExecutor.accessMainPhase(TestCaseExecutor.java:410)
	at com.kms.katalon.core.main.TestCaseExecutor.execute(TestCaseExecutor.java:285)
	at com.kms.katalon.core.common.CommonExecutor.accessTestCaseMainPhase(CommonExecutor.java:65)
	at com.kms.katalon.core.main.TestSuiteExecutor.accessTestSuiteMainPhase(TestSuiteExecutor.java:148)
	at com.kms.katalon.core.main.TestSuiteExecutor.execute(TestSuiteExecutor.java:106)
	at com.kms.katalon.core.main.TestCaseMain.startTestSuite(TestCaseMain.java:180)
	at TempTestSuite1704171383094.run(TempTestSuite1704171383094.groovy:36)
	at java.base/jdk.internal.reflect.NativeMethodAccessorImpl.invoke0(Native Method)
	at java.base/jdk.internal.reflect.NativeMethodAccessorImpl.invoke(NativeMethodAccessorImpl.java:77)
	at java.base/jdk.internal.reflect.DelegatingMethodAccessorImpl.invoke(DelegatingMethodAccessorImpl.java:43)
Caused by: com.kms.katalon.core.exception.StepFailedException: Web element with id: 'Object Repository/Shared_alert/success_alert_budget' located by 'By.cssSelector: #app > div.content-wrapper > section.content > div.alert.alert-success.alert-dismissible' is present after '1' second(s)
	at com.kms.katalon.core.webui.keyword.internal.WebUIKeywordMain.stepFailed(WebUIKeywordMain.groovy:64)
	at com.kms.katalon.core.webui.keyword.internal.WebUIKeywordMain$stepFailed$0.call(Unknown Source)
	at com.kms.katalon.core.webui.keyword.builtin.VerifyElementNotPresentKeyword$_verifyElementNotPresent_closure1.doCall(VerifyElementNotPresentKeyword.groovy:113)
	at com.kms.katalon.core.webui.keyword.builtin.VerifyElementNotPresentKeyword$_verifyElementNotPresent_closure1.doCall(VerifyElementNotPresentKeyword.groovy)
	at java.base/jdk.internal.reflect.NativeMethodAccessorImpl.invoke0(Native Method)
	at java.base/jdk.internal.reflect.NativeMethodAccessorImpl.invoke(NativeMethodAccessorImpl.java:77)
	at java.base/jdk.internal.reflect.DelegatingMethodAccessorImpl.invoke(DelegatingMethodAccessorImpl.java:43)
	at com.kms.katalon.core.webui.keyword.internal.WebUIKeywordMain.runKeyword(WebUIKeywordMain.groovy:20)
	... 21 more
)

02-01-2024T11:58:31 - [TEST_STEP][PASSED] - verifyElementPresent(findTestObject("Shared_alert/text_dangers"), 1): Object 'Object Repository/Shared_alert/text_dangers' is present

02-01-2024T11:58:31 - [MESSAGE][PASSED] - Object 'Object Repository/Shared_alert/text_dangers' is present

02-01-2024T11:58:31 - [TEST_STEP][FAILED] - verifyElementNotPresent(findTestObject("Shared_alert/success_alert_budget"), 1): Unable to verify object 'Object Repository/Shared_alert/success_alert_budget' is not present (Root cause: com.kms.katalon.core.exception.StepFailedException: Unable to verify object 'Object Repository/Shared_alert/success_alert_budget' is not present
	at com.kms.katalon.core.webui.keyword.internal.WebUIKeywordMain.stepFailed(WebUIKeywordMain.groovy:64)
	at com.kms.katalon.core.webui.keyword.internal.WebUIKeywordMain.runKeyword(WebUIKeywordMain.groovy:26)
	at com.kms.katalon.core.webui.keyword.internal.WebUIKeywordMain$runKeyword.call(Unknown Source)
	at com.kms.katalon.core.webui.keyword.builtin.VerifyElementNotPresentKeyword.verifyElementNotPresent(VerifyElementNotPresentKeyword.groovy:122)
	at com.kms.katalon.core.webui.keyword.builtin.VerifyElementNotPresentKeyword.execute(VerifyElementNotPresentKeyword.groovy:68)
	at com.kms.katalon.core.keyword.internal.KeywordExecutor.executeKeywordForPlatform(KeywordExecutor.groovy:74)
	at com.kms.katalon.core.webui.keyword.WebUiBuiltInKeywords.verifyElementNotPresent(WebUiBuiltInKeywords.groovy:1536)
	at Budget.run(Budget:62)
	at com.kms.katalon.core.main.ScriptEngine.run(ScriptEngine.java:194)
	at com.kms.katalon.core.main.ScriptEngine.runScriptAsRawText(ScriptEngine.java:119)
	at com.kms.katalon.core.main.TestCaseExecutor.runScript(TestCaseExecutor.java:448)
	at com.kms.katalon.core.main.TestCaseExecutor.doExecute(TestCaseExecutor.java:439)
	at com.kms.katalon.core.main.TestCaseExecutor.processExecutionPhase(TestCaseExecutor.java:418)
	at com.kms.katalon.core.main.TestCaseExecutor.accessMainPhase(TestCaseExecutor.java:410)
	at com.kms.katalon.core.main.TestCaseExecutor.execute(TestCaseExecutor.java:285)
	at com.kms.katalon.core.common.CommonExecutor.accessTestCaseMainPhase(CommonExecutor.java:65)
	at com.kms.katalon.core.main.TestSuiteExecutor.accessTestSuiteMainPhase(TestSuiteExecutor.java:148)
	at com.kms.katalon.core.main.TestSuiteExecutor.execute(TestSuiteExecutor.java:106)
	at com.kms.katalon.core.main.TestCaseMain.startTestSuite(TestCaseMain.java:180)
	at TempTestSuite1704171383094.run(TempTestSuite1704171383094.groovy:36)
	at java.base/jdk.internal.reflect.NativeMethodAccessorImpl.invoke0(Native Method)
	at java.base/jdk.internal.reflect.NativeMethodAccessorImpl.invoke(NativeMethodAccessorImpl.java:77)
	at java.base/jdk.internal.reflect.DelegatingMethodAccessorImpl.invoke(DelegatingMethodAccessorImpl.java:43)
Caused by: com.kms.katalon.core.exception.StepFailedException: Web element with id: 'Object Repository/Shared_alert/success_alert_budget' located by 'By.cssSelector: #app > div.content-wrapper > section.content > div.alert.alert-success.alert-dismissible' is present after '1' second(s)
	at com.kms.katalon.core.webui.keyword.internal.WebUIKeywordMain.stepFailed(WebUIKeywordMain.groovy:64)
	at com.kms.katalon.core.webui.keyword.internal.WebUIKeywordMain$stepFailed$0.call(Unknown Source)
	at com.kms.katalon.core.webui.keyword.builtin.VerifyElementNotPresentKeyword$_verifyElementNotPresent_closure1.doCall(VerifyElementNotPresentKeyword.groovy:113)
	at com.kms.katalon.core.webui.keyword.builtin.VerifyElementNotPresentKeyword$_verifyElementNotPresent_closure1.doCall(VerifyElementNotPresentKeyword.groovy)
	at java.base/jdk.internal.reflect.NativeMethodAccessorImpl.invoke0(Native Method)
	at java.base/jdk.internal.reflect.NativeMethodAccessorImpl.invoke(NativeMethodAccessorImpl.java:77)
	at java.base/jdk.internal.reflect.DelegatingMethodAccessorImpl.invoke(DelegatingMethodAccessorImpl.java:43)
	at com.kms.katalon.core.webui.keyword.internal.WebUIKeywordMain.runKeyword(WebUIKeywordMain.groovy:20)
	... 21 more
)

02-01-2024T11:58:33 - [MESSAGE][FAILED] - Web element with id: 'Object Repository/Shared_alert/success_alert_budget' located by 'By.cssSelector: #app > div.content-wrapper > section.content > div.alert.alert-success.alert-dismissible' is present after '1' second(s) (Root cause: com.kms.katalon.core.exception.StepFailedException: Web element with id: 'Object Repository/Shared_alert/success_alert_budget' located by 'By.cssSelector: #app > div.content-wrapper > section.content > div.alert.alert-success.alert-dismissible' is present after '1' second(s)
	at com.kms.katalon.core.webui.keyword.internal.WebUIKeywordMain.stepFailed(WebUIKeywordMain.groovy:64)
	at com.kms.katalon.core.webui.keyword.internal.WebUIKeywordMain$stepFailed$0.call(Unknown Source)
	at com.kms.katalon.core.webui.keyword.builtin.VerifyElementNotPresentKeyword$_verifyElementNotPresent_closure1.doCall(VerifyElementNotPresentKeyword.groovy:113)
	at com.kms.katalon.core.webui.keyword.builtin.VerifyElementNotPresentKeyword$_verifyElementNotPresent_closure1.doCall(VerifyElementNotPresentKeyword.groovy)
	at java.base/jdk.internal.reflect.NativeMethodAccessorImpl.invoke0(Native Method)
	at java.base/jdk.internal.reflect.NativeMethodAccessorImpl.invoke(NativeMethodAccessorImpl.java:77)
	at java.base/jdk.internal.reflect.DelegatingMethodAccessorImpl.invoke(DelegatingMethodAccessorImpl.java:43)
	at com.kms.katalon.core.webui.keyword.internal.WebUIKeywordMain.runKeyword(WebUIKeywordMain.groovy:20)
	at com.kms.katalon.core.webui.keyword.internal.WebUIKeywordMain$runKeyword.call(Unknown Source)
	at com.kms.katalon.core.webui.keyword.builtin.VerifyElementNotPresentKeyword.verifyElementNotPresent(VerifyElementNotPresentKeyword.groovy:122)
	at com.kms.katalon.core.webui.keyword.builtin.VerifyElementNotPresentKeyword.execute(VerifyElementNotPresentKeyword.groovy:68)
	at com.kms.katalon.core.keyword.internal.KeywordExecutor.executeKeywordForPlatform(KeywordExecutor.groovy:74)
	at com.kms.katalon.core.webui.keyword.WebUiBuiltInKeywords.verifyElementNotPresent(WebUiBuiltInKeywords.groovy:1536)
	at Budget.run(Budget:62)
	at com.kms.katalon.core.main.ScriptEngine.run(ScriptEngine.java:194)
	at com.kms.katalon.core.main.ScriptEngine.runScriptAsRawText(ScriptEngine.java:119)
	at com.kms.katalon.core.main.TestCaseExecutor.runScript(TestCaseExecutor.java:448)
	at com.kms.katalon.core.main.TestCaseExecutor.doExecute(TestCaseExecutor.java:439)
	at com.kms.katalon.core.main.TestCaseExecutor.processExecutionPhase(TestCaseExecutor.java:418)
	at com.kms.katalon.core.main.TestCaseExecutor.accessMainPhase(TestCaseExecutor.java:410)
	at com.kms.katalon.core.main.TestCaseExecutor.execute(TestCaseExecutor.java:285)
	at com.kms.katalon.core.common.CommonExecutor.accessTestCaseMainPhase(CommonExecutor.java:65)
	at com.kms.katalon.core.main.TestSuiteExecutor.accessTestSuiteMainPhase(TestSuiteExecutor.java:148)
	at com.kms.katalon.core.main.TestSuiteExecutor.execute(TestSuiteExecutor.java:106)
	at com.kms.katalon.core.main.TestCaseMain.startTestSuite(TestCaseMain.java:180)
	at TempTestSuite1704171383094.run(TempTestSuite1704171383094.groovy:36)
	at java.base/jdk.internal.reflect.NativeMethodAccessorImpl.invoke0(Native Method)
	at java.base/jdk.internal.reflect.NativeMethodAccessorImpl.invoke(NativeMethodAccessorImpl.java:77)
	at java.base/jdk.internal.reflect.DelegatingMethodAccessorImpl.invoke(DelegatingMethodAccessorImpl.java:43)
)
[[ATTACHMENT|E:\\school\\software_testing\\G1_Firefly_testing\\Reports\\20240102_115623\\Budget Suite\\20240102_115623\\1704171513013.png]]

02-01-2024T11:58:33 - [MESSAGE][FAILED] - Unable to verify object 'Object Repository/Shared_alert/success_alert_budget' is not present (Root cause: com.kms.katalon.core.exception.StepFailedException: Unable to verify object 'Object Repository/Shared_alert/success_alert_budget' is not present
	at com.kms.katalon.core.webui.keyword.internal.WebUIKeywordMain.stepFailed(WebUIKeywordMain.groovy:64)
	at com.kms.katalon.core.webui.keyword.internal.WebUIKeywordMain.runKeyword(WebUIKeywordMain.groovy:26)
	at com.kms.katalon.core.webui.keyword.internal.WebUIKeywordMain$runKeyword.call(Unknown Source)
	at com.kms.katalon.core.webui.keyword.builtin.VerifyElementNotPresentKeyword.verifyElementNotPresent(VerifyElementNotPresentKeyword.groovy:122)
	at com.kms.katalon.core.webui.keyword.builtin.VerifyElementNotPresentKeyword.execute(VerifyElementNotPresentKeyword.groovy:68)
	at com.kms.katalon.core.keyword.internal.KeywordExecutor.executeKeywordForPlatform(KeywordExecutor.groovy:74)
	at com.kms.katalon.core.webui.keyword.WebUiBuiltInKeywords.verifyElementNotPresent(WebUiBuiltInKeywords.groovy:1536)
	at Budget.run(Budget:62)
	at com.kms.katalon.core.main.ScriptEngine.run(ScriptEngine.java:194)
	at com.kms.katalon.core.main.ScriptEngine.runScriptAsRawText(ScriptEngine.java:119)
	at com.kms.katalon.core.main.TestCaseExecutor.runScript(TestCaseExecutor.java:448)
	at com.kms.katalon.core.main.TestCaseExecutor.doExecute(TestCaseExecutor.java:439)
	at com.kms.katalon.core.main.TestCaseExecutor.processExecutionPhase(TestCaseExecutor.java:418)
	at com.kms.katalon.core.main.TestCaseExecutor.accessMainPhase(TestCaseExecutor.java:410)
	at com.kms.katalon.core.main.TestCaseExecutor.execute(TestCaseExecutor.java:285)
	at com.kms.katalon.core.common.CommonExecutor.accessTestCaseMainPhase(CommonExecutor.java:65)
	at com.kms.katalon.core.main.TestSuiteExecutor.accessTestSuiteMainPhase(TestSuiteExecutor.java:148)
	at com.kms.katalon.core.main.TestSuiteExecutor.execute(TestSuiteExecutor.java:106)
	at com.kms.katalon.core.main.TestCaseMain.startTestSuite(TestCaseMain.java:180)
	at TempTestSuite1704171383094.run(TempTestSuite1704171383094.groovy:36)
	at java.base/jdk.internal.reflect.NativeMethodAccessorImpl.invoke0(Native Method)
	at java.base/jdk.internal.reflect.NativeMethodAccessorImpl.invoke(NativeMethodAccessorImpl.java:77)
	at java.base/jdk.internal.reflect.DelegatingMethodAccessorImpl.invoke(DelegatingMethodAccessorImpl.java:43)
Caused by: com.kms.katalon.core.exception.StepFailedException: Web element with id: 'Object Repository/Shared_alert/success_alert_budget' located by 'By.cssSelector: #app > div.content-wrapper > section.content > div.alert.alert-success.alert-dismissible' is present after '1' second(s)
	at com.kms.katalon.core.webui.keyword.internal.WebUIKeywordMain.stepFailed(WebUIKeywordMain.groovy:64)
	at com.kms.katalon.core.webui.keyword.internal.WebUIKeywordMain$stepFailed$0.call(Unknown Source)
	at com.kms.katalon.core.webui.keyword.builtin.VerifyElementNotPresentKeyword$_verifyElementNotPresent_closure1.doCall(VerifyElementNotPresentKeyword.groovy:113)
	at com.kms.katalon.core.webui.keyword.builtin.VerifyElementNotPresentKeyword$_verifyElementNotPresent_closure1.doCall(VerifyElementNotPresentKeyword.groovy)
	at java.base/jdk.internal.reflect.NativeMethodAccessorImpl.invoke0(Native Method)
	at java.base/jdk.internal.reflect.NativeMethodAccessorImpl.invoke(NativeMethodAccessorImpl.java:77)
	at java.base/jdk.internal.reflect.DelegatingMethodAccessorImpl.invoke(DelegatingMethodAccessorImpl.java:43)
	at com.kms.katalon.core.webui.keyword.internal.WebUIKeywordMain.runKeyword(WebUIKeywordMain.groovy:20)
	... 21 more
)
[[ATTACHMENT|E:\\school\\software_testing\\G1_Firefly_testing\\Reports\\20240102_115623\\Budget Suite\\20240102_115623\\1704171513116.png]]

02-01-2024T11:58:33 - [TEST_STEP][PASSED] - catch (Exception err): null

02-01-2024T11:58:33 - [TEST_STEP][PASSED] - verifyElementPresent(findTestObject("Shared_alert/success_alert_budget"), 1): Object 'Object Repository/Shared_alert/success_alert_budget' is present

02-01-2024T11:58:33 - [MESSAGE][PASSED] - Object 'Object Repository/Shared_alert/success_alert_budget' is present

02-01-2024T11:58:33 - [TEST_STEP][PASSED] - out.println("success"): null

02-01-2024T11:58:33 - [TEST_STEP][PASSED] - closeBrowser(): Browser is closed

02-01-2024T11:58:33 - [MESSAGE][PASSED] - Browser is closed]]></system-out>
         <system-err><![CDATA[]]></system-err>
      </testcase>
      <testcase name="Test Cases/Budget" time="14.357" classname="Test Cases/Budget" status="PASSED">
         <system-out><![CDATA[02-01-2024T11:58:33 - [TEST_CASE][PASSED] - Test Cases/Budget: Test Cases/Budget

02-01-2024T11:58:33 - [TEST_STEP][PASSED] - openBrowser(""): Browser is opened with url: ''

02-01-2024T11:58:33 - [MESSAGE][INFO] - Starting 'Chrome' driver

02-01-2024T11:58:33 - [MESSAGE][INFO] - Action delay is set to 0 milliseconds

02-01-2024T11:58:34 - [MESSAGE][PASSED] - Browser is opened with url: ''

02-01-2024T11:58:34 - [TEST_STEP][PASSED] - navigateToUrl("https://firefly.buudadawg.online/login"): Navigate to 'https://firefly.buudadawg.online/login' successfully

02-01-2024T11:58:35 - [MESSAGE][PASSED] - Navigate to 'https://firefly.buudadawg.online/login' successfully

02-01-2024T11:58:35 - [TEST_STEP][PASSED] - setText(findTestObject("Object Repository/Budget/Page_Login to Firefly III/input_email"), "khoacraphotograph@gmail.com"): Text 'khoacraphotograph@gmail.com' is set on object 'Object Repository/Budget/Page_Login to Firefly III/input_email'

02-01-2024T11:58:36 - [MESSAGE][PASSED] - Text 'khoacraphotograph@gmail.com' is set on object 'Object Repository/Budget/Page_Login to Firefly III/input_email'

02-01-2024T11:58:36 - [TEST_STEP][PASSED] - setEncryptedText(findTestObject("Object Repository/Budget/Page_Login to Firefly III/input_password"), "krbqsEPTyj+/ySZvycc2bfHXjZyOJWOA"): Text ****** has been set on object 'Object Repository/Budget/Page_Login to Firefly III/input_password'

02-01-2024T11:58:36 - [MESSAGE][PASSED] - Text ****** has been set on object 'Object Repository/Budget/Page_Login to Firefly III/input_password'

02-01-2024T11:58:36 - [TEST_STEP][PASSED] - click(findTestObject("Object Repository/Budget/Page_Login to Firefly III/button_Sign in")): Object: 'Object Repository/Budget/Page_Login to Firefly III/button_Sign in' is clicked on

02-01-2024T11:58:36 - [MESSAGE][PASSED] - Object: 'Object Repository/Budget/Page_Login to Firefly III/button_Sign in' is clicked on

02-01-2024T11:58:36 - [TEST_STEP][PASSED] - click(findTestObject("Object Repository/Budget/Page_Whats playing  Firefly III/a_Budgets")): Object: 'Object Repository/Budget/Page_Whats playing  Firefly III/a_Budgets' is clicked on

02-01-2024T11:58:39 - [MESSAGE][PASSED] - Object: 'Object Repository/Budget/Page_Whats playing  Firefly III/a_Budgets' is clicked on

02-01-2024T11:58:39 - [TEST_STEP][PASSED] - click(findTestObject("Object Repository/Budget/Page_Budgets  Firefly III/a_New budget")): Object: 'Object Repository/Budget/Page_Budgets  Firefly III/a_New budget' is clicked on

02-01-2024T11:58:40 - [MESSAGE][PASSED] - Object: 'Object Repository/Budget/Page_Budgets  Firefly III/a_New budget' is clicked on

02-01-2024T11:58:40 - [TEST_STEP][PASSED] - setText(findTestObject("Object Repository/Budget/Page_Create a new budget  Budgets  Firefly III/input_name"), Name): Text '39uA-)&7erO222' is set on object 'Object Repository/Budget/Page_Create a new budget  Budgets  Firefly III/input_name'

02-01-2024T11:58:41 - [MESSAGE][PASSED] - Text '39uA-)&7erO222' is set on object 'Object Repository/Budget/Page_Create a new budget  Budgets  Firefly III/input_name'

02-01-2024T11:58:41 - [TEST_STEP][PASSED] - click(findTestObject("Object Repository/Budget/Page_Create a new budget  Budgets  Firefly III/div_Mandatory fields                       _27a419")): Object: 'Object Repository/Budget/Page_Create a new budget  Budgets  Firefly III/div_Mandatory fields                       _27a419' is clicked on

02-01-2024T11:58:41 - [MESSAGE][PASSED] - Object: 'Object Repository/Budget/Page_Create a new budget  Budgets  Firefly III/div_Mandatory fields                       _27a419' is clicked on

02-01-2024T11:58:41 - [TEST_STEP][PASSED] - selectOptionByLabel(findTestObject("Object Repository/Budget/Page_Create a new budget  Budgets  Firefly III/select_No auto-budgetSet a fixed amount eve_005aeb"), Auto_budget, true): All options with label 'Add an amount every period' are selected in object 'Object Repository/Budget/Page_Create a new budget  Budgets  Firefly III/select_No auto-budgetSet a fixed amount eve_005aeb'  using regular expression

02-01-2024T11:58:42 - [MESSAGE][PASSED] - All options with label 'Add an amount every period' are selected in object 'Object Repository/Budget/Page_Create a new budget  Budgets  Firefly III/select_No auto-budgetSet a fixed amount eve_005aeb'  using regular expression

02-01-2024T11:58:42 - [TEST_STEP][PASSED] - setText(findTestObject("Object Repository/Budget/Page_Create a new budget  Budgets  Firefly III/input_auto_budget_amount"), Auto_budget_amount): Text '83344' is set on object 'Object Repository/Budget/Page_Create a new budget  Budgets  Firefly III/input_auto_budget_amount'

02-01-2024T11:58:43 - [MESSAGE][PASSED] - Text '83344' is set on object 'Object Repository/Budget/Page_Create a new budget  Budgets  Firefly III/input_auto_budget_amount'

02-01-2024T11:58:43 - [TEST_STEP][PASSED] - selectOptionByLabel(findTestObject("Object Repository/Budget/Page_Create a new budget  Budgets  Firefly III/select_DailyWeeklyMonthlyQuarterlyEvery hal_69941c"), Auto_budget_period, true): All options with label 'Daily' are selected in object 'Object Repository/Budget/Page_Create a new budget  Budgets  Firefly III/select_DailyWeeklyMonthlyQuarterlyEvery hal_69941c'  using regular expression

02-01-2024T11:58:43 - [MESSAGE][PASSED] - All options with label 'Daily' are selected in object 'Object Repository/Budget/Page_Create a new budget  Budgets  Firefly III/select_DailyWeeklyMonthlyQuarterlyEvery hal_69941c'  using regular expression

02-01-2024T11:58:43 - [TEST_STEP][PASSED] - out.println(attachments): null

02-01-2024T11:58:43 - [TEST_STEP][PASSED] - if (attachments): File 'E:\school\software_testing\G1_Firefly_testing\Attachments File\Report_1MB.csv' sent to object: 'Object Repository/Create a new asset account/Page_Create a new asset account  Accounts  _ced620/upload file'

02-01-2024T11:58:43 - [TEST_STEP][PASSED] - absolutePath = normalize().toString(): null

02-01-2024T11:58:43 - [TEST_STEP][PASSED] - uploadFile(findTestObject("Create a new asset account/Page_Create a new asset account  Accounts  _ced620/upload file"), absolutePath): File 'E:\school\software_testing\G1_Firefly_testing\Attachments File\Report_1MB.csv' sent to object: 'Object Repository/Create a new asset account/Page_Create a new asset account  Accounts  _ced620/upload file'

02-01-2024T11:58:44 - [MESSAGE][PASSED] - File 'E:\school\software_testing\G1_Firefly_testing\Attachments File\Report_1MB.csv' sent to object: 'Object Repository/Create a new asset account/Page_Create a new asset account  Accounts  _ced620/upload file'

02-01-2024T11:58:44 - [TEST_STEP][PASSED] - click(findTestObject("Object Repository/Budget/Page_Create a new budget  Budgets  Firefly III/button_Store new budget")): Object: 'Object Repository/Budget/Page_Create a new budget  Budgets  Firefly III/button_Store new budget' is clicked on

02-01-2024T11:58:45 - [MESSAGE][PASSED] - Object: 'Object Repository/Budget/Page_Create a new budget  Budgets  Firefly III/button_Store new budget' is clicked on

02-01-2024T11:58:45 - [TEST_STEP][FAILED] - try: Unable to verify object 'Object Repository/Shared_alert/success_alert_budget' is not present (Root cause: com.kms.katalon.core.exception.StepFailedException: Unable to verify object 'Object Repository/Shared_alert/success_alert_budget' is not present
	at com.kms.katalon.core.webui.keyword.internal.WebUIKeywordMain.stepFailed(WebUIKeywordMain.groovy:64)
	at com.kms.katalon.core.webui.keyword.internal.WebUIKeywordMain.runKeyword(WebUIKeywordMain.groovy:26)
	at com.kms.katalon.core.webui.keyword.internal.WebUIKeywordMain$runKeyword.call(Unknown Source)
	at com.kms.katalon.core.webui.keyword.builtin.VerifyElementNotPresentKeyword.verifyElementNotPresent(VerifyElementNotPresentKeyword.groovy:122)
	at com.kms.katalon.core.webui.keyword.builtin.VerifyElementNotPresentKeyword.execute(VerifyElementNotPresentKeyword.groovy:68)
	at com.kms.katalon.core.keyword.internal.KeywordExecutor.executeKeywordForPlatform(KeywordExecutor.groovy:74)
	at com.kms.katalon.core.webui.keyword.WebUiBuiltInKeywords.verifyElementNotPresent(WebUiBuiltInKeywords.groovy:1536)
	at Budget.run(Budget:62)
	at com.kms.katalon.core.main.ScriptEngine.run(ScriptEngine.java:194)
	at com.kms.katalon.core.main.ScriptEngine.runScriptAsRawText(ScriptEngine.java:119)
	at com.kms.katalon.core.main.TestCaseExecutor.runScript(TestCaseExecutor.java:448)
	at com.kms.katalon.core.main.TestCaseExecutor.doExecute(TestCaseExecutor.java:439)
	at com.kms.katalon.core.main.TestCaseExecutor.processExecutionPhase(TestCaseExecutor.java:418)
	at com.kms.katalon.core.main.TestCaseExecutor.accessMainPhase(TestCaseExecutor.java:410)
	at com.kms.katalon.core.main.TestCaseExecutor.execute(TestCaseExecutor.java:285)
	at com.kms.katalon.core.common.CommonExecutor.accessTestCaseMainPhase(CommonExecutor.java:65)
	at com.kms.katalon.core.main.TestSuiteExecutor.accessTestSuiteMainPhase(TestSuiteExecutor.java:148)
	at com.kms.katalon.core.main.TestSuiteExecutor.execute(TestSuiteExecutor.java:106)
	at com.kms.katalon.core.main.TestCaseMain.startTestSuite(TestCaseMain.java:180)
	at TempTestSuite1704171383094.run(TempTestSuite1704171383094.groovy:36)
	at java.base/jdk.internal.reflect.NativeMethodAccessorImpl.invoke0(Native Method)
	at java.base/jdk.internal.reflect.NativeMethodAccessorImpl.invoke(NativeMethodAccessorImpl.java:77)
	at java.base/jdk.internal.reflect.DelegatingMethodAccessorImpl.invoke(DelegatingMethodAccessorImpl.java:43)
Caused by: com.kms.katalon.core.exception.StepFailedException: Web element with id: 'Object Repository/Shared_alert/success_alert_budget' located by 'By.cssSelector: #app > div.content-wrapper > section.content > div.alert.alert-success.alert-dismissible' is present after '1' second(s)
	at com.kms.katalon.core.webui.keyword.internal.WebUIKeywordMain.stepFailed(WebUIKeywordMain.groovy:64)
	at com.kms.katalon.core.webui.keyword.internal.WebUIKeywordMain$stepFailed$0.call(Unknown Source)
	at com.kms.katalon.core.webui.keyword.builtin.VerifyElementNotPresentKeyword$_verifyElementNotPresent_closure1.doCall(VerifyElementNotPresentKeyword.groovy:113)
	at com.kms.katalon.core.webui.keyword.builtin.VerifyElementNotPresentKeyword$_verifyElementNotPresent_closure1.doCall(VerifyElementNotPresentKeyword.groovy)
	at java.base/jdk.internal.reflect.NativeMethodAccessorImpl.invoke0(Native Method)
	at java.base/jdk.internal.reflect.NativeMethodAccessorImpl.invoke(NativeMethodAccessorImpl.java:77)
	at java.base/jdk.internal.reflect.DelegatingMethodAccessorImpl.invoke(DelegatingMethodAccessorImpl.java:43)
	at com.kms.katalon.core.webui.keyword.internal.WebUIKeywordMain.runKeyword(WebUIKeywordMain.groovy:20)
	... 21 more
)

02-01-2024T11:58:45 - [TEST_STEP][PASSED] - verifyElementPresent(findTestObject("Shared_alert/text_dangers"), 1): Object 'Object Repository/Shared_alert/text_dangers' is present

02-01-2024T11:58:46 - [MESSAGE][PASSED] - Object 'Object Repository/Shared_alert/text_dangers' is present

02-01-2024T11:58:46 - [TEST_STEP][FAILED] - verifyElementNotPresent(findTestObject("Shared_alert/success_alert_budget"), 1): Unable to verify object 'Object Repository/Shared_alert/success_alert_budget' is not present (Root cause: com.kms.katalon.core.exception.StepFailedException: Unable to verify object 'Object Repository/Shared_alert/success_alert_budget' is not present
	at com.kms.katalon.core.webui.keyword.internal.WebUIKeywordMain.stepFailed(WebUIKeywordMain.groovy:64)
	at com.kms.katalon.core.webui.keyword.internal.WebUIKeywordMain.runKeyword(WebUIKeywordMain.groovy:26)
	at com.kms.katalon.core.webui.keyword.internal.WebUIKeywordMain$runKeyword.call(Unknown Source)
	at com.kms.katalon.core.webui.keyword.builtin.VerifyElementNotPresentKeyword.verifyElementNotPresent(VerifyElementNotPresentKeyword.groovy:122)
	at com.kms.katalon.core.webui.keyword.builtin.VerifyElementNotPresentKeyword.execute(VerifyElementNotPresentKeyword.groovy:68)
	at com.kms.katalon.core.keyword.internal.KeywordExecutor.executeKeywordForPlatform(KeywordExecutor.groovy:74)
	at com.kms.katalon.core.webui.keyword.WebUiBuiltInKeywords.verifyElementNotPresent(WebUiBuiltInKeywords.groovy:1536)
	at Budget.run(Budget:62)
	at com.kms.katalon.core.main.ScriptEngine.run(ScriptEngine.java:194)
	at com.kms.katalon.core.main.ScriptEngine.runScriptAsRawText(ScriptEngine.java:119)
	at com.kms.katalon.core.main.TestCaseExecutor.runScript(TestCaseExecutor.java:448)
	at com.kms.katalon.core.main.TestCaseExecutor.doExecute(TestCaseExecutor.java:439)
	at com.kms.katalon.core.main.TestCaseExecutor.processExecutionPhase(TestCaseExecutor.java:418)
	at com.kms.katalon.core.main.TestCaseExecutor.accessMainPhase(TestCaseExecutor.java:410)
	at com.kms.katalon.core.main.TestCaseExecutor.execute(TestCaseExecutor.java:285)
	at com.kms.katalon.core.common.CommonExecutor.accessTestCaseMainPhase(CommonExecutor.java:65)
	at com.kms.katalon.core.main.TestSuiteExecutor.accessTestSuiteMainPhase(TestSuiteExecutor.java:148)
	at com.kms.katalon.core.main.TestSuiteExecutor.execute(TestSuiteExecutor.java:106)
	at com.kms.katalon.core.main.TestCaseMain.startTestSuite(TestCaseMain.java:180)
	at TempTestSuite1704171383094.run(TempTestSuite1704171383094.groovy:36)
	at java.base/jdk.internal.reflect.NativeMethodAccessorImpl.invoke0(Native Method)
	at java.base/jdk.internal.reflect.NativeMethodAccessorImpl.invoke(NativeMethodAccessorImpl.java:77)
	at java.base/jdk.internal.reflect.DelegatingMethodAccessorImpl.invoke(DelegatingMethodAccessorImpl.java:43)
Caused by: com.kms.katalon.core.exception.StepFailedException: Web element with id: 'Object Repository/Shared_alert/success_alert_budget' located by 'By.cssSelector: #app > div.content-wrapper > section.content > div.alert.alert-success.alert-dismissible' is present after '1' second(s)
	at com.kms.katalon.core.webui.keyword.internal.WebUIKeywordMain.stepFailed(WebUIKeywordMain.groovy:64)
	at com.kms.katalon.core.webui.keyword.internal.WebUIKeywordMain$stepFailed$0.call(Unknown Source)
	at com.kms.katalon.core.webui.keyword.builtin.VerifyElementNotPresentKeyword$_verifyElementNotPresent_closure1.doCall(VerifyElementNotPresentKeyword.groovy:113)
	at com.kms.katalon.core.webui.keyword.builtin.VerifyElementNotPresentKeyword$_verifyElementNotPresent_closure1.doCall(VerifyElementNotPresentKeyword.groovy)
	at java.base/jdk.internal.reflect.NativeMethodAccessorImpl.invoke0(Native Method)
	at java.base/jdk.internal.reflect.NativeMethodAccessorImpl.invoke(NativeMethodAccessorImpl.java:77)
	at java.base/jdk.internal.reflect.DelegatingMethodAccessorImpl.invoke(DelegatingMethodAccessorImpl.java:43)
	at com.kms.katalon.core.webui.keyword.internal.WebUIKeywordMain.runKeyword(WebUIKeywordMain.groovy:20)
	... 21 more
)

02-01-2024T11:58:47 - [MESSAGE][FAILED] - Web element with id: 'Object Repository/Shared_alert/success_alert_budget' located by 'By.cssSelector: #app > div.content-wrapper > section.content > div.alert.alert-success.alert-dismissible' is present after '1' second(s) (Root cause: com.kms.katalon.core.exception.StepFailedException: Web element with id: 'Object Repository/Shared_alert/success_alert_budget' located by 'By.cssSelector: #app > div.content-wrapper > section.content > div.alert.alert-success.alert-dismissible' is present after '1' second(s)
	at com.kms.katalon.core.webui.keyword.internal.WebUIKeywordMain.stepFailed(WebUIKeywordMain.groovy:64)
	at com.kms.katalon.core.webui.keyword.internal.WebUIKeywordMain$stepFailed$0.call(Unknown Source)
	at com.kms.katalon.core.webui.keyword.builtin.VerifyElementNotPresentKeyword$_verifyElementNotPresent_closure1.doCall(VerifyElementNotPresentKeyword.groovy:113)
	at com.kms.katalon.core.webui.keyword.builtin.VerifyElementNotPresentKeyword$_verifyElementNotPresent_closure1.doCall(VerifyElementNotPresentKeyword.groovy)
	at java.base/jdk.internal.reflect.NativeMethodAccessorImpl.invoke0(Native Method)
	at java.base/jdk.internal.reflect.NativeMethodAccessorImpl.invoke(NativeMethodAccessorImpl.java:77)
	at java.base/jdk.internal.reflect.DelegatingMethodAccessorImpl.invoke(DelegatingMethodAccessorImpl.java:43)
	at com.kms.katalon.core.webui.keyword.internal.WebUIKeywordMain.runKeyword(WebUIKeywordMain.groovy:20)
	at com.kms.katalon.core.webui.keyword.internal.WebUIKeywordMain$runKeyword.call(Unknown Source)
	at com.kms.katalon.core.webui.keyword.builtin.VerifyElementNotPresentKeyword.verifyElementNotPresent(VerifyElementNotPresentKeyword.groovy:122)
	at com.kms.katalon.core.webui.keyword.builtin.VerifyElementNotPresentKeyword.execute(VerifyElementNotPresentKeyword.groovy:68)
	at com.kms.katalon.core.keyword.internal.KeywordExecutor.executeKeywordForPlatform(KeywordExecutor.groovy:74)
	at com.kms.katalon.core.webui.keyword.WebUiBuiltInKeywords.verifyElementNotPresent(WebUiBuiltInKeywords.groovy:1536)
	at Budget.run(Budget:62)
	at com.kms.katalon.core.main.ScriptEngine.run(ScriptEngine.java:194)
	at com.kms.katalon.core.main.ScriptEngine.runScriptAsRawText(ScriptEngine.java:119)
	at com.kms.katalon.core.main.TestCaseExecutor.runScript(TestCaseExecutor.java:448)
	at com.kms.katalon.core.main.TestCaseExecutor.doExecute(TestCaseExecutor.java:439)
	at com.kms.katalon.core.main.TestCaseExecutor.processExecutionPhase(TestCaseExecutor.java:418)
	at com.kms.katalon.core.main.TestCaseExecutor.accessMainPhase(TestCaseExecutor.java:410)
	at com.kms.katalon.core.main.TestCaseExecutor.execute(TestCaseExecutor.java:285)
	at com.kms.katalon.core.common.CommonExecutor.accessTestCaseMainPhase(CommonExecutor.java:65)
	at com.kms.katalon.core.main.TestSuiteExecutor.accessTestSuiteMainPhase(TestSuiteExecutor.java:148)
	at com.kms.katalon.core.main.TestSuiteExecutor.execute(TestSuiteExecutor.java:106)
	at com.kms.katalon.core.main.TestCaseMain.startTestSuite(TestCaseMain.java:180)
	at TempTestSuite1704171383094.run(TempTestSuite1704171383094.groovy:36)
	at java.base/jdk.internal.reflect.NativeMethodAccessorImpl.invoke0(Native Method)
	at java.base/jdk.internal.reflect.NativeMethodAccessorImpl.invoke(NativeMethodAccessorImpl.java:77)
	at java.base/jdk.internal.reflect.DelegatingMethodAccessorImpl.invoke(DelegatingMethodAccessorImpl.java:43)
)
[[ATTACHMENT|E:\\school\\software_testing\\G1_Firefly_testing\\Reports\\20240102_115623\\Budget Suite\\20240102_115623\\1704171527415.png]]

02-01-2024T11:58:47 - [MESSAGE][FAILED] - Unable to verify object 'Object Repository/Shared_alert/success_alert_budget' is not present (Root cause: com.kms.katalon.core.exception.StepFailedException: Unable to verify object 'Object Repository/Shared_alert/success_alert_budget' is not present
	at com.kms.katalon.core.webui.keyword.internal.WebUIKeywordMain.stepFailed(WebUIKeywordMain.groovy:64)
	at com.kms.katalon.core.webui.keyword.internal.WebUIKeywordMain.runKeyword(WebUIKeywordMain.groovy:26)
	at com.kms.katalon.core.webui.keyword.internal.WebUIKeywordMain$runKeyword.call(Unknown Source)
	at com.kms.katalon.core.webui.keyword.builtin.VerifyElementNotPresentKeyword.verifyElementNotPresent(VerifyElementNotPresentKeyword.groovy:122)
	at com.kms.katalon.core.webui.keyword.builtin.VerifyElementNotPresentKeyword.execute(VerifyElementNotPresentKeyword.groovy:68)
	at com.kms.katalon.core.keyword.internal.KeywordExecutor.executeKeywordForPlatform(KeywordExecutor.groovy:74)
	at com.kms.katalon.core.webui.keyword.WebUiBuiltInKeywords.verifyElementNotPresent(WebUiBuiltInKeywords.groovy:1536)
	at Budget.run(Budget:62)
	at com.kms.katalon.core.main.ScriptEngine.run(ScriptEngine.java:194)
	at com.kms.katalon.core.main.ScriptEngine.runScriptAsRawText(ScriptEngine.java:119)
	at com.kms.katalon.core.main.TestCaseExecutor.runScript(TestCaseExecutor.java:448)
	at com.kms.katalon.core.main.TestCaseExecutor.doExecute(TestCaseExecutor.java:439)
	at com.kms.katalon.core.main.TestCaseExecutor.processExecutionPhase(TestCaseExecutor.java:418)
	at com.kms.katalon.core.main.TestCaseExecutor.accessMainPhase(TestCaseExecutor.java:410)
	at com.kms.katalon.core.main.TestCaseExecutor.execute(TestCaseExecutor.java:285)
	at com.kms.katalon.core.common.CommonExecutor.accessTestCaseMainPhase(CommonExecutor.java:65)
	at com.kms.katalon.core.main.TestSuiteExecutor.accessTestSuiteMainPhase(TestSuiteExecutor.java:148)
	at com.kms.katalon.core.main.TestSuiteExecutor.execute(TestSuiteExecutor.java:106)
	at com.kms.katalon.core.main.TestCaseMain.startTestSuite(TestCaseMain.java:180)
	at TempTestSuite1704171383094.run(TempTestSuite1704171383094.groovy:36)
	at java.base/jdk.internal.reflect.NativeMethodAccessorImpl.invoke0(Native Method)
	at java.base/jdk.internal.reflect.NativeMethodAccessorImpl.invoke(NativeMethodAccessorImpl.java:77)
	at java.base/jdk.internal.reflect.DelegatingMethodAccessorImpl.invoke(DelegatingMethodAccessorImpl.java:43)
Caused by: com.kms.katalon.core.exception.StepFailedException: Web element with id: 'Object Repository/Shared_alert/success_alert_budget' located by 'By.cssSelector: #app > div.content-wrapper > section.content > div.alert.alert-success.alert-dismissible' is present after '1' second(s)
	at com.kms.katalon.core.webui.keyword.internal.WebUIKeywordMain.stepFailed(WebUIKeywordMain.groovy:64)
	at com.kms.katalon.core.webui.keyword.internal.WebUIKeywordMain$stepFailed$0.call(Unknown Source)
	at com.kms.katalon.core.webui.keyword.builtin.VerifyElementNotPresentKeyword$_verifyElementNotPresent_closure1.doCall(VerifyElementNotPresentKeyword.groovy:113)
	at com.kms.katalon.core.webui.keyword.builtin.VerifyElementNotPresentKeyword$_verifyElementNotPresent_closure1.doCall(VerifyElementNotPresentKeyword.groovy)
	at java.base/jdk.internal.reflect.NativeMethodAccessorImpl.invoke0(Native Method)
	at java.base/jdk.internal.reflect.NativeMethodAccessorImpl.invoke(NativeMethodAccessorImpl.java:77)
	at java.base/jdk.internal.reflect.DelegatingMethodAccessorImpl.invoke(DelegatingMethodAccessorImpl.java:43)
	at com.kms.katalon.core.webui.keyword.internal.WebUIKeywordMain.runKeyword(WebUIKeywordMain.groovy:20)
	... 21 more
)
[[ATTACHMENT|E:\\school\\software_testing\\G1_Firefly_testing\\Reports\\20240102_115623\\Budget Suite\\20240102_115623\\1704171527521.png]]

02-01-2024T11:58:47 - [TEST_STEP][PASSED] - catch (Exception err): null

02-01-2024T11:58:47 - [TEST_STEP][PASSED] - verifyElementPresent(findTestObject("Shared_alert/success_alert_budget"), 1): Object 'Object Repository/Shared_alert/success_alert_budget' is present

02-01-2024T11:58:47 - [MESSAGE][PASSED] - Object 'Object Repository/Shared_alert/success_alert_budget' is present

02-01-2024T11:58:47 - [TEST_STEP][PASSED] - out.println("success"): null

02-01-2024T11:58:47 - [TEST_STEP][PASSED] - closeBrowser(): Browser is closed

02-01-2024T11:58:48 - [MESSAGE][PASSED] - Browser is closed]]></system-out>
         <system-err><![CDATA[]]></system-err>
      </testcase>
      <testcase name="Test Cases/Budget" time="9.558" classname="Test Cases/Budget" status="FAILED">
         <failure type="FAILED" message="Test Cases/Budget FAILED.&#xa;Reason:&#xa;com.kms.katalon.core.exception.StepFailedException: Unable to set text '5997' of object 'Object Repository/Budget/Page_Create a new budget  Budgets  Firefly III/input_auto_budget_amount'&#xa;	at com.kms.katalon.core.webui.keyword.internal.WebUIKeywordMain.stepFailed(WebUIKeywordMain.groovy:64)&#xa;	at com.kms.katalon.core.webui.keyword.internal.WebUIKeywordMain.runKeyword(WebUIKeywordMain.groovy:26)&#xa;	at com.kms.katalon.core.webui.keyword.builtin.SetTextKeyword.setText(SetTextKeyword.groovy:66)&#xa;	at com.kms.katalon.core.webui.keyword.builtin.SetTextKeyword.execute(SetTextKeyword.groovy:37)&#xa;	at com.kms.katalon.core.keyword.internal.KeywordExecutor.executeKeywordForPlatform(KeywordExecutor.groovy:74)&#xa;	at com.kms.katalon.core.webui.keyword.WebUiBuiltInKeywords.setText(WebUiBuiltInKeywords.groovy:1019)&#xa;	at Budget.run(Budget:43)&#xa;	at com.kms.katalon.core.main.ScriptEngine.run(ScriptEngine.java:194)&#xa;	at com.kms.katalon.core.main.ScriptEngine.runScriptAsRawText(ScriptEngine.java:119)&#xa;	at com.kms.katalon.core.main.TestCaseExecutor.runScript(TestCaseExecutor.java:448)&#xa;	at com.kms.katalon.core.main.TestCaseExecutor.doExecute(TestCaseExecutor.java:439)&#xa;	at com.kms.katalon.core.main.TestCaseExecutor.processExecutionPhase(TestCaseExecutor.java:418)&#xa;	at com.kms.katalon.core.main.TestCaseExecutor.accessMainPhase(TestCaseExecutor.java:410)&#xa;	at com.kms.katalon.core.main.TestCaseExecutor.execute(TestCaseExecutor.java:285)&#xa;	at com.kms.katalon.core.common.CommonExecutor.accessTestCaseMainPhase(CommonExecutor.java:65)&#xa;	at com.kms.katalon.core.main.TestSuiteExecutor.accessTestSuiteMainPhase(TestSuiteExecutor.java:148)&#xa;	at com.kms.katalon.core.main.TestSuiteExecutor.execute(TestSuiteExecutor.java:106)&#xa;	at com.kms.katalon.core.main.TestCaseMain.startTestSuite(TestCaseMain.java:180)&#xa;	at TempTestSuite1704171383094.run(TempTestSuite1704171383094.groovy:36)&#xa;	at java.base/jdk.internal.reflect.NativeMethodAccessorImpl.invoke0(Native Method)&#xa;	at java.base/jdk.internal.reflect.NativeMethodAccessorImpl.invoke(NativeMethodAccessorImpl.java:77)&#xa;	at java.base/jdk.internal.reflect.DelegatingMethodAccessorImpl.invoke(DelegatingMethodAccessorImpl.java:43)&#xa;Caused by: org.openqa.selenium.InvalidElementStateException: invalid element state: Element is not currently interactable and may not be manipulated&#xa;  (Session info: chrome=120.0.6099.130)&#xa;Build info: version: '3.141.59', revision: 'e82be7d358', time: '2018-11-14T08:25:53'&#xa;System info: host: 'MSI', ip: '172.16.4.40', os.name: 'Windows 10', os.arch: 'amd64', os.version: '10.0', java.version: '17.0.7'&#xa;Driver info: com.kms.katalon.selenium.driver.CChromeDriver&#xa;Capabilities {acceptInsecureCerts: false, browserName: chrome, browserVersion: 120.0.6099.130, chrome: {chromedriverVersion: 120.0.6099.71 (9729082fe617..., userDataDir: C:\Users\khoan\AppData\Loca...}, fedcm:accounts: true, goog:chromeOptions: {debuggerAddress: localhost:62765}, javascriptEnabled: true, networkConnectionEnabled: false, pageLoadStrategy: normal, platform: WINDOWS, platformName: WINDOWS, proxy: Proxy(), setWindowRect: true, strictFileInteractability: false, timeouts: {implicit: 0, pageLoad: 300000, script: 30000}, unhandledPromptBehavior: dismiss and notify, webauthn:extension:credBlob: true, webauthn:extension:largeBlob: true, webauthn:extension:minPinLength: true, webauthn:extension:prf: true, webauthn:virtualAuthenticators: true}&#xa;Session ID: 029f5a1ec9c4ed32b9a66654f49c25da&#xa;	at java.base/jdk.internal.reflect.NativeConstructorAccessorImpl.newInstance0(Native Method)&#xa;	at java.base/jdk.internal.reflect.NativeConstructorAccessorImpl.newInstance(NativeConstructorAccessorImpl.java:77)&#xa;	at java.base/jdk.internal.reflect.DelegatingConstructorAccessorImpl.newInstance(DelegatingConstructorAccessorImpl.java:45)&#xa;	at org.openqa.selenium.remote.http.W3CHttpResponseCodec.createException(W3CHttpResponseCodec.java:187)&#xa;	at org.openqa.selenium.remote.http.W3CHttpResponseCodec.decode(W3CHttpResponseCodec.java:122)&#xa;	at org.openqa.selenium.remote.http.W3CHttpResponseCodec.decode(W3CHttpResponseCodec.java:49)&#xa;	at org.openqa.selenium.remote.HttpCommandExecutor.execute(HttpCommandExecutor.java:158)&#xa;	at org.openqa.selenium.remote.service.DriverCommandExecutor.execute(DriverCommandExecutor.java:83)&#xa;	at org.openqa.selenium.remote.RemoteWebDriver.execute(RemoteWebDriver.java:552)&#xa;	at com.kms.katalon.selenium.driver.CChromeDriver.execute(CChromeDriver.java:19)&#xa;	at org.openqa.selenium.remote.RemoteWebElement.execute(RemoteWebElement.java:285)&#xa;	at org.openqa.selenium.remote.RemoteWebElement.clear(RemoteWebElement.java:124)&#xa;	at jdk.internal.reflect.GeneratedMethodAccessor23.invoke(Unknown Source)&#xa;	at java.base/jdk.internal.reflect.DelegatingMethodAccessorImpl.invoke(DelegatingMethodAccessorImpl.java:43)&#xa;	at org.openqa.selenium.support.events.EventFiringWebDriver$EventFiringWebElement.lambda$new$0(EventFiringWebDriver.java:404)&#xa;	at jdk.proxy2/jdk.proxy2.$Proxy24.clear(Unknown Source)&#xa;	at org.openqa.selenium.support.events.EventFiringWebDriver$EventFiringWebElement.clear(EventFiringWebDriver.java:436)&#xa;	at com.kms.katalon.core.webui.keyword.builtin.SetTextKeyword$_setText_closure1.doCall(SetTextKeyword.groovy:53)&#xa;	at com.kms.katalon.core.webui.keyword.builtin.SetTextKeyword$_setText_closure1.call(SetTextKeyword.groovy)&#xa;	at com.kms.katalon.core.webui.keyword.internal.WebUIKeywordMain.runKeyword(WebUIKeywordMain.groovy:20)&#xa;	... 20 more&#xa;"/>
         <system-out><![CDATA[02-01-2024T11:58:48 - [TEST_CASE][FAILED] - Test Cases/Budget: Test Cases/Budget FAILED.
Reason:
com.kms.katalon.core.exception.StepFailedException: Unable to set text '5997' of object 'Object Repository/Budget/Page_Create a new budget  Budgets  Firefly III/input_auto_budget_amount'
	at com.kms.katalon.core.webui.keyword.internal.WebUIKeywordMain.stepFailed(WebUIKeywordMain.groovy:64)
	at com.kms.katalon.core.webui.keyword.internal.WebUIKeywordMain.runKeyword(WebUIKeywordMain.groovy:26)
	at com.kms.katalon.core.webui.keyword.builtin.SetTextKeyword.setText(SetTextKeyword.groovy:66)
	at com.kms.katalon.core.webui.keyword.builtin.SetTextKeyword.execute(SetTextKeyword.groovy:37)
	at com.kms.katalon.core.keyword.internal.KeywordExecutor.executeKeywordForPlatform(KeywordExecutor.groovy:74)
	at com.kms.katalon.core.webui.keyword.WebUiBuiltInKeywords.setText(WebUiBuiltInKeywords.groovy:1019)
	at Budget.run(Budget:43)
	at com.kms.katalon.core.main.ScriptEngine.run(ScriptEngine.java:194)
	at com.kms.katalon.core.main.ScriptEngine.runScriptAsRawText(ScriptEngine.java:119)
	at com.kms.katalon.core.main.TestCaseExecutor.runScript(TestCaseExecutor.java:448)
	at com.kms.katalon.core.main.TestCaseExecutor.doExecute(TestCaseExecutor.java:439)
	at com.kms.katalon.core.main.TestCaseExecutor.processExecutionPhase(TestCaseExecutor.java:418)
	at com.kms.katalon.core.main.TestCaseExecutor.accessMainPhase(TestCaseExecutor.java:410)
	at com.kms.katalon.core.main.TestCaseExecutor.execute(TestCaseExecutor.java:285)
	at com.kms.katalon.core.common.CommonExecutor.accessTestCaseMainPhase(CommonExecutor.java:65)
	at com.kms.katalon.core.main.TestSuiteExecutor.accessTestSuiteMainPhase(TestSuiteExecutor.java:148)
	at com.kms.katalon.core.main.TestSuiteExecutor.execute(TestSuiteExecutor.java:106)
	at com.kms.katalon.core.main.TestCaseMain.startTestSuite(TestCaseMain.java:180)
	at TempTestSuite1704171383094.run(TempTestSuite1704171383094.groovy:36)
	at java.base/jdk.internal.reflect.NativeMethodAccessorImpl.invoke0(Native Method)
	at java.base/jdk.internal.reflect.NativeMethodAccessorImpl.invoke(NativeMethodAccessorImpl.java:77)
	at java.base/jdk.internal.reflect.DelegatingMethodAccessorImpl.invoke(DelegatingMethodAccessorImpl.java:43)
Caused by: org.openqa.selenium.InvalidElementStateException: invalid element state: Element is not currently interactable and may not be manipulated
  (Session info: chrome=120.0.6099.130)
Build info: version: '3.141.59', revision: 'e82be7d358', time: '2018-11-14T08:25:53'
System info: host: 'MSI', ip: '172.16.4.40', os.name: 'Windows 10', os.arch: 'amd64', os.version: '10.0', java.version: '17.0.7'
Driver info: com.kms.katalon.selenium.driver.CChromeDriver
Capabilities {acceptInsecureCerts: false, browserName: chrome, browserVersion: 120.0.6099.130, chrome: {chromedriverVersion: 120.0.6099.71 (9729082fe617..., userDataDir: C:\Users\khoan\AppData\Loca...}, fedcm:accounts: true, goog:chromeOptions: {debuggerAddress: localhost:62765}, javascriptEnabled: true, networkConnectionEnabled: false, pageLoadStrategy: normal, platform: WINDOWS, platformName: WINDOWS, proxy: Proxy(), setWindowRect: true, strictFileInteractability: false, timeouts: {implicit: 0, pageLoad: 300000, script: 30000}, unhandledPromptBehavior: dismiss and notify, webauthn:extension:credBlob: true, webauthn:extension:largeBlob: true, webauthn:extension:minPinLength: true, webauthn:extension:prf: true, webauthn:virtualAuthenticators: true}
Session ID: 029f5a1ec9c4ed32b9a66654f49c25da
	at java.base/jdk.internal.reflect.NativeConstructorAccessorImpl.newInstance0(Native Method)
	at java.base/jdk.internal.reflect.NativeConstructorAccessorImpl.newInstance(NativeConstructorAccessorImpl.java:77)
	at java.base/jdk.internal.reflect.DelegatingConstructorAccessorImpl.newInstance(DelegatingConstructorAccessorImpl.java:45)
	at org.openqa.selenium.remote.http.W3CHttpResponseCodec.createException(W3CHttpResponseCodec.java:187)
	at org.openqa.selenium.remote.http.W3CHttpResponseCodec.decode(W3CHttpResponseCodec.java:122)
	at org.openqa.selenium.remote.http.W3CHttpResponseCodec.decode(W3CHttpResponseCodec.java:49)
	at org.openqa.selenium.remote.HttpCommandExecutor.execute(HttpCommandExecutor.java:158)
	at org.openqa.selenium.remote.service.DriverCommandExecutor.execute(DriverCommandExecutor.java:83)
	at org.openqa.selenium.remote.RemoteWebDriver.execute(RemoteWebDriver.java:552)
	at com.kms.katalon.selenium.driver.CChromeDriver.execute(CChromeDriver.java:19)
	at org.openqa.selenium.remote.RemoteWebElement.execute(RemoteWebElement.java:285)
	at org.openqa.selenium.remote.RemoteWebElement.clear(RemoteWebElement.java:124)
	at jdk.internal.reflect.GeneratedMethodAccessor23.invoke(Unknown Source)
	at java.base/jdk.internal.reflect.DelegatingMethodAccessorImpl.invoke(DelegatingMethodAccessorImpl.java:43)
	at org.openqa.selenium.support.events.EventFiringWebDriver$EventFiringWebElement.lambda$new$0(EventFiringWebDriver.java:404)
	at jdk.proxy2/jdk.proxy2.$Proxy24.clear(Unknown Source)
	at org.openqa.selenium.support.events.EventFiringWebDriver$EventFiringWebElement.clear(EventFiringWebDriver.java:436)
	at com.kms.katalon.core.webui.keyword.builtin.SetTextKeyword$_setText_closure1.doCall(SetTextKeyword.groovy:53)
	at com.kms.katalon.core.webui.keyword.builtin.SetTextKeyword$_setText_closure1.call(SetTextKeyword.groovy)
	at com.kms.katalon.core.webui.keyword.internal.WebUIKeywordMain.runKeyword(WebUIKeywordMain.groovy:20)
	... 20 more


02-01-2024T11:58:48 - [TEST_STEP][PASSED] - openBrowser(""): Browser is opened with url: ''

02-01-2024T11:58:48 - [MESSAGE][INFO] - Starting 'Chrome' driver

02-01-2024T11:58:48 - [MESSAGE][INFO] - Action delay is set to 0 milliseconds

02-01-2024T11:58:48 - [MESSAGE][PASSED] - Browser is opened with url: ''

02-01-2024T11:58:48 - [TEST_STEP][PASSED] - navigateToUrl("https://firefly.buudadawg.online/login"): Navigate to 'https://firefly.buudadawg.online/login' successfully

02-01-2024T11:58:49 - [MESSAGE][PASSED] - Navigate to 'https://firefly.buudadawg.online/login' successfully

02-01-2024T11:58:49 - [TEST_STEP][PASSED] - setText(findTestObject("Object Repository/Budget/Page_Login to Firefly III/input_email"), "khoacraphotograph@gmail.com"): Text 'khoacraphotograph@gmail.com' is set on object 'Object Repository/Budget/Page_Login to Firefly III/input_email'

02-01-2024T11:58:50 - [MESSAGE][PASSED] - Text 'khoacraphotograph@gmail.com' is set on object 'Object Repository/Budget/Page_Login to Firefly III/input_email'

02-01-2024T11:58:50 - [TEST_STEP][PASSED] - setEncryptedText(findTestObject("Object Repository/Budget/Page_Login to Firefly III/input_password"), "krbqsEPTyj+/ySZvycc2bfHXjZyOJWOA"): Text ****** has been set on object 'Object Repository/Budget/Page_Login to Firefly III/input_password'

02-01-2024T11:58:50 - [MESSAGE][PASSED] - Text ****** has been set on object 'Object Repository/Budget/Page_Login to Firefly III/input_password'

02-01-2024T11:58:50 - [TEST_STEP][PASSED] - click(findTestObject("Object Repository/Budget/Page_Login to Firefly III/button_Sign in")): Object: 'Object Repository/Budget/Page_Login to Firefly III/button_Sign in' is clicked on

02-01-2024T11:58:51 - [MESSAGE][PASSED] - Object: 'Object Repository/Budget/Page_Login to Firefly III/button_Sign in' is clicked on

02-01-2024T11:58:51 - [TEST_STEP][PASSED] - click(findTestObject("Object Repository/Budget/Page_Whats playing  Firefly III/a_Budgets")): Object: 'Object Repository/Budget/Page_Whats playing  Firefly III/a_Budgets' is clicked on

02-01-2024T11:58:54 - [MESSAGE][PASSED] - Object: 'Object Repository/Budget/Page_Whats playing  Firefly III/a_Budgets' is clicked on

02-01-2024T11:58:54 - [TEST_STEP][PASSED] - click(findTestObject("Object Repository/Budget/Page_Budgets  Firefly III/a_New budget")): Object: 'Object Repository/Budget/Page_Budgets  Firefly III/a_New budget' is clicked on

02-01-2024T11:58:55 - [MESSAGE][PASSED] - Object: 'Object Repository/Budget/Page_Budgets  Firefly III/a_New budget' is clicked on

02-01-2024T11:58:55 - [TEST_STEP][PASSED] - setText(findTestObject("Object Repository/Budget/Page_Create a new budget  Budgets  Firefly III/input_name"), Name): Text '99wT-)&5ihX222' is set on object 'Object Repository/Budget/Page_Create a new budget  Budgets  Firefly III/input_name'

02-01-2024T11:58:56 - [MESSAGE][PASSED] - Text '99wT-)&5ihX222' is set on object 'Object Repository/Budget/Page_Create a new budget  Budgets  Firefly III/input_name'

02-01-2024T11:58:56 - [TEST_STEP][PASSED] - click(findTestObject("Object Repository/Budget/Page_Create a new budget  Budgets  Firefly III/div_Mandatory fields                       _27a419")): Object: 'Object Repository/Budget/Page_Create a new budget  Budgets  Firefly III/div_Mandatory fields                       _27a419' is clicked on

02-01-2024T11:58:56 - [MESSAGE][PASSED] - Object: 'Object Repository/Budget/Page_Create a new budget  Budgets  Firefly III/div_Mandatory fields                       _27a419' is clicked on

02-01-2024T11:58:56 - [TEST_STEP][PASSED] - selectOptionByLabel(findTestObject("Object Repository/Budget/Page_Create a new budget  Budgets  Firefly III/select_No auto-budgetSet a fixed amount eve_005aeb"), Auto_budget, true): All options with label 'No auto-budget' are selected in object 'Object Repository/Budget/Page_Create a new budget  Budgets  Firefly III/select_No auto-budgetSet a fixed amount eve_005aeb'  using regular expression

02-01-2024T11:58:57 - [MESSAGE][PASSED] - All options with label 'No auto-budget' are selected in object 'Object Repository/Budget/Page_Create a new budget  Budgets  Firefly III/select_No auto-budgetSet a fixed amount eve_005aeb'  using regular expression

02-01-2024T11:58:57 - [TEST_STEP][FAILED] - setText(findTestObject("Object Repository/Budget/Page_Create a new budget  Budgets  Firefly III/input_auto_budget_amount"), Auto_budget_amount): Unable to set text '5997' of object 'Object Repository/Budget/Page_Create a new budget  Budgets  Firefly III/input_auto_budget_amount' (Root cause: com.kms.katalon.core.exception.StepFailedException: Unable to set text '5997' of object 'Object Repository/Budget/Page_Create a new budget  Budgets  Firefly III/input_auto_budget_amount'
	at com.kms.katalon.core.webui.keyword.internal.WebUIKeywordMain.stepFailed(WebUIKeywordMain.groovy:64)
	at com.kms.katalon.core.webui.keyword.internal.WebUIKeywordMain.runKeyword(WebUIKeywordMain.groovy:26)
	at com.kms.katalon.core.webui.keyword.builtin.SetTextKeyword.setText(SetTextKeyword.groovy:66)
	at com.kms.katalon.core.webui.keyword.builtin.SetTextKeyword.execute(SetTextKeyword.groovy:37)
	at com.kms.katalon.core.keyword.internal.KeywordExecutor.executeKeywordForPlatform(KeywordExecutor.groovy:74)
	at com.kms.katalon.core.webui.keyword.WebUiBuiltInKeywords.setText(WebUiBuiltInKeywords.groovy:1019)
	at Budget.run(Budget:43)
	at com.kms.katalon.core.main.ScriptEngine.run(ScriptEngine.java:194)
	at com.kms.katalon.core.main.ScriptEngine.runScriptAsRawText(ScriptEngine.java:119)
	at com.kms.katalon.core.main.TestCaseExecutor.runScript(TestCaseExecutor.java:448)
	at com.kms.katalon.core.main.TestCaseExecutor.doExecute(TestCaseExecutor.java:439)
	at com.kms.katalon.core.main.TestCaseExecutor.processExecutionPhase(TestCaseExecutor.java:418)
	at com.kms.katalon.core.main.TestCaseExecutor.accessMainPhase(TestCaseExecutor.java:410)
	at com.kms.katalon.core.main.TestCaseExecutor.execute(TestCaseExecutor.java:285)
	at com.kms.katalon.core.common.CommonExecutor.accessTestCaseMainPhase(CommonExecutor.java:65)
	at com.kms.katalon.core.main.TestSuiteExecutor.accessTestSuiteMainPhase(TestSuiteExecutor.java:148)
	at com.kms.katalon.core.main.TestSuiteExecutor.execute(TestSuiteExecutor.java:106)
	at com.kms.katalon.core.main.TestCaseMain.startTestSuite(TestCaseMain.java:180)
	at TempTestSuite1704171383094.run(TempTestSuite1704171383094.groovy:36)
	at java.base/jdk.internal.reflect.NativeMethodAccessorImpl.invoke0(Native Method)
	at java.base/jdk.internal.reflect.NativeMethodAccessorImpl.invoke(NativeMethodAccessorImpl.java:77)
	at java.base/jdk.internal.reflect.DelegatingMethodAccessorImpl.invoke(DelegatingMethodAccessorImpl.java:43)
Caused by: org.openqa.selenium.InvalidElementStateException: invalid element state: Element is not currently interactable and may not be manipulated
  (Session info: chrome=120.0.6099.130)
Build info: version: '3.141.59', revision: 'e82be7d358', time: '2018-11-14T08:25:53'
System info: host: 'MSI', ip: '172.16.4.40', os.name: 'Windows 10', os.arch: 'amd64', os.version: '10.0', java.version: '17.0.7'
Driver info: com.kms.katalon.selenium.driver.CChromeDriver
Capabilities {acceptInsecureCerts: false, browserName: chrome, browserVersion: 120.0.6099.130, chrome: {chromedriverVersion: 120.0.6099.71 (9729082fe617..., userDataDir: C:\Users\khoan\AppData\Loca...}, fedcm:accounts: true, goog:chromeOptions: {debuggerAddress: localhost:62765}, javascriptEnabled: true, networkConnectionEnabled: false, pageLoadStrategy: normal, platform: WINDOWS, platformName: WINDOWS, proxy: Proxy(), setWindowRect: true, strictFileInteractability: false, timeouts: {implicit: 0, pageLoad: 300000, script: 30000}, unhandledPromptBehavior: dismiss and notify, webauthn:extension:credBlob: true, webauthn:extension:largeBlob: true, webauthn:extension:minPinLength: true, webauthn:extension:prf: true, webauthn:virtualAuthenticators: true}
Session ID: 029f5a1ec9c4ed32b9a66654f49c25da
	at java.base/jdk.internal.reflect.NativeConstructorAccessorImpl.newInstance0(Native Method)
	at java.base/jdk.internal.reflect.NativeConstructorAccessorImpl.newInstance(NativeConstructorAccessorImpl.java:77)
	at java.base/jdk.internal.reflect.DelegatingConstructorAccessorImpl.newInstance(DelegatingConstructorAccessorImpl.java:45)
	at org.openqa.selenium.remote.http.W3CHttpResponseCodec.createException(W3CHttpResponseCodec.java:187)
	at org.openqa.selenium.remote.http.W3CHttpResponseCodec.decode(W3CHttpResponseCodec.java:122)
	at org.openqa.selenium.remote.http.W3CHttpResponseCodec.decode(W3CHttpResponseCodec.java:49)
	at org.openqa.selenium.remote.HttpCommandExecutor.execute(HttpCommandExecutor.java:158)
	at org.openqa.selenium.remote.service.DriverCommandExecutor.execute(DriverCommandExecutor.java:83)
	at org.openqa.selenium.remote.RemoteWebDriver.execute(RemoteWebDriver.java:552)
	at com.kms.katalon.selenium.driver.CChromeDriver.execute(CChromeDriver.java:19)
	at org.openqa.selenium.remote.RemoteWebElement.execute(RemoteWebElement.java:285)
	at org.openqa.selenium.remote.RemoteWebElement.clear(RemoteWebElement.java:124)
	at jdk.internal.reflect.GeneratedMethodAccessor23.invoke(Unknown Source)
	at java.base/jdk.internal.reflect.DelegatingMethodAccessorImpl.invoke(DelegatingMethodAccessorImpl.java:43)
	at org.openqa.selenium.support.events.EventFiringWebDriver$EventFiringWebElement.lambda$new$0(EventFiringWebDriver.java:404)
	at jdk.proxy2/jdk.proxy2.$Proxy24.clear(Unknown Source)
	at org.openqa.selenium.support.events.EventFiringWebDriver$EventFiringWebElement.clear(EventFiringWebDriver.java:436)
	at com.kms.katalon.core.webui.keyword.builtin.SetTextKeyword$_setText_closure1.doCall(SetTextKeyword.groovy:53)
	at com.kms.katalon.core.webui.keyword.builtin.SetTextKeyword$_setText_closure1.call(SetTextKeyword.groovy)
	at com.kms.katalon.core.webui.keyword.internal.WebUIKeywordMain.runKeyword(WebUIKeywordMain.groovy:20)
	at com.kms.katalon.core.webui.keyword.builtin.SetTextKeyword.setText(SetTextKeyword.groovy:66)
	at com.kms.katalon.core.webui.keyword.builtin.SetTextKeyword.execute(SetTextKeyword.groovy:37)
	at com.kms.katalon.core.keyword.internal.KeywordExecutor.executeKeywordForPlatform(KeywordExecutor.groovy:74)
	at com.kms.katalon.core.webui.keyword.WebUiBuiltInKeywords.setText(WebUiBuiltInKeywords.groovy:1019)
	at Script1704099256672.run(Script1704099256672.groovy:43)
	... 15 more
)

02-01-2024T11:58:57 - [MESSAGE][FAILED] - Unable to set text '5997' of object 'Object Repository/Budget/Page_Create a new budget  Budgets  Firefly III/input_auto_budget_amount' (Root cause: com.kms.katalon.core.exception.StepFailedException: Unable to set text '5997' of object 'Object Repository/Budget/Page_Create a new budget  Budgets  Firefly III/input_auto_budget_amount'
	at com.kms.katalon.core.webui.keyword.internal.WebUIKeywordMain.stepFailed(WebUIKeywordMain.groovy:64)
	at com.kms.katalon.core.webui.keyword.internal.WebUIKeywordMain.runKeyword(WebUIKeywordMain.groovy:26)
	at com.kms.katalon.core.webui.keyword.builtin.SetTextKeyword.setText(SetTextKeyword.groovy:66)
	at com.kms.katalon.core.webui.keyword.builtin.SetTextKeyword.execute(SetTextKeyword.groovy:37)
	at com.kms.katalon.core.keyword.internal.KeywordExecutor.executeKeywordForPlatform(KeywordExecutor.groovy:74)
	at com.kms.katalon.core.webui.keyword.WebUiBuiltInKeywords.setText(WebUiBuiltInKeywords.groovy:1019)
	at Budget.run(Budget:43)
	at com.kms.katalon.core.main.ScriptEngine.run(ScriptEngine.java:194)
	at com.kms.katalon.core.main.ScriptEngine.runScriptAsRawText(ScriptEngine.java:119)
	at com.kms.katalon.core.main.TestCaseExecutor.runScript(TestCaseExecutor.java:448)
	at com.kms.katalon.core.main.TestCaseExecutor.doExecute(TestCaseExecutor.java:439)
	at com.kms.katalon.core.main.TestCaseExecutor.processExecutionPhase(TestCaseExecutor.java:418)
	at com.kms.katalon.core.main.TestCaseExecutor.accessMainPhase(TestCaseExecutor.java:410)
	at com.kms.katalon.core.main.TestCaseExecutor.execute(TestCaseExecutor.java:285)
	at com.kms.katalon.core.common.CommonExecutor.accessTestCaseMainPhase(CommonExecutor.java:65)
	at com.kms.katalon.core.main.TestSuiteExecutor.accessTestSuiteMainPhase(TestSuiteExecutor.java:148)
	at com.kms.katalon.core.main.TestSuiteExecutor.execute(TestSuiteExecutor.java:106)
	at com.kms.katalon.core.main.TestCaseMain.startTestSuite(TestCaseMain.java:180)
	at TempTestSuite1704171383094.run(TempTestSuite1704171383094.groovy:36)
	at java.base/jdk.internal.reflect.NativeMethodAccessorImpl.invoke0(Native Method)
	at java.base/jdk.internal.reflect.NativeMethodAccessorImpl.invoke(NativeMethodAccessorImpl.java:77)
	at java.base/jdk.internal.reflect.DelegatingMethodAccessorImpl.invoke(DelegatingMethodAccessorImpl.java:43)
Caused by: org.openqa.selenium.InvalidElementStateException: invalid element state: Element is not currently interactable and may not be manipulated
  (Session info: chrome=120.0.6099.130)
Build info: version: '3.141.59', revision: 'e82be7d358', time: '2018-11-14T08:25:53'
System info: host: 'MSI', ip: '172.16.4.40', os.name: 'Windows 10', os.arch: 'amd64', os.version: '10.0', java.version: '17.0.7'
Driver info: com.kms.katalon.selenium.driver.CChromeDriver
Capabilities {acceptInsecureCerts: false, browserName: chrome, browserVersion: 120.0.6099.130, chrome: {chromedriverVersion: 120.0.6099.71 (9729082fe617..., userDataDir: C:\Users\khoan\AppData\Loca...}, fedcm:accounts: true, goog:chromeOptions: {debuggerAddress: localhost:62765}, javascriptEnabled: true, networkConnectionEnabled: false, pageLoadStrategy: normal, platform: WINDOWS, platformName: WINDOWS, proxy: Proxy(), setWindowRect: true, strictFileInteractability: false, timeouts: {implicit: 0, pageLoad: 300000, script: 30000}, unhandledPromptBehavior: dismiss and notify, webauthn:extension:credBlob: true, webauthn:extension:largeBlob: true, webauthn:extension:minPinLength: true, webauthn:extension:prf: true, webauthn:virtualAuthenticators: true}
Session ID: 029f5a1ec9c4ed32b9a66654f49c25da
	at java.base/jdk.internal.reflect.NativeConstructorAccessorImpl.newInstance0(Native Method)
	at java.base/jdk.internal.reflect.NativeConstructorAccessorImpl.newInstance(NativeConstructorAccessorImpl.java:77)
	at java.base/jdk.internal.reflect.DelegatingConstructorAccessorImpl.newInstance(DelegatingConstructorAccessorImpl.java:45)
	at org.openqa.selenium.remote.http.W3CHttpResponseCodec.createException(W3CHttpResponseCodec.java:187)
	at org.openqa.selenium.remote.http.W3CHttpResponseCodec.decode(W3CHttpResponseCodec.java:122)
	at org.openqa.selenium.remote.http.W3CHttpResponseCodec.decode(W3CHttpResponseCodec.java:49)
	at org.openqa.selenium.remote.HttpCommandExecutor.execute(HttpCommandExecutor.java:158)
	at org.openqa.selenium.remote.service.DriverCommandExecutor.execute(DriverCommandExecutor.java:83)
	at org.openqa.selenium.remote.RemoteWebDriver.execute(RemoteWebDriver.java:552)
	at com.kms.katalon.selenium.driver.CChromeDriver.execute(CChromeDriver.java:19)
	at org.openqa.selenium.remote.RemoteWebElement.execute(RemoteWebElement.java:285)
	at org.openqa.selenium.remote.RemoteWebElement.clear(RemoteWebElement.java:124)
	at jdk.internal.reflect.GeneratedMethodAccessor23.invoke(Unknown Source)
	at java.base/jdk.internal.reflect.DelegatingMethodAccessorImpl.invoke(DelegatingMethodAccessorImpl.java:43)
	at org.openqa.selenium.support.events.EventFiringWebDriver$EventFiringWebElement.lambda$new$0(EventFiringWebDriver.java:404)
	at jdk.proxy2/jdk.proxy2.$Proxy24.clear(Unknown Source)
	at org.openqa.selenium.support.events.EventFiringWebDriver$EventFiringWebElement.clear(EventFiringWebDriver.java:436)
	at com.kms.katalon.core.webui.keyword.builtin.SetTextKeyword$_setText_closure1.doCall(SetTextKeyword.groovy:53)
	at com.kms.katalon.core.webui.keyword.builtin.SetTextKeyword$_setText_closure1.call(SetTextKeyword.groovy)
	at com.kms.katalon.core.webui.keyword.internal.WebUIKeywordMain.runKeyword(WebUIKeywordMain.groovy:20)
	at com.kms.katalon.core.webui.keyword.builtin.SetTextKeyword.setText(SetTextKeyword.groovy:66)
	at com.kms.katalon.core.webui.keyword.builtin.SetTextKeyword.execute(SetTextKeyword.groovy:37)
	at com.kms.katalon.core.keyword.internal.KeywordExecutor.executeKeywordForPlatform(KeywordExecutor.groovy:74)
	at com.kms.katalon.core.webui.keyword.WebUiBuiltInKeywords.setText(WebUiBuiltInKeywords.groovy:1019)
	at Script1704099256672.run(Script1704099256672.groovy:43)
	... 15 more
)
[[ATTACHMENT|E:\\school\\software_testing\\G1_Firefly_testing\\Reports\\20240102_115623\\Budget Suite\\20240102_115623\\1704171537562.png]]]]></system-out>
         <system-err><![CDATA[02-01-2024T11:58:48 - [TEST_CASE][FAILED] - Test Cases/Budget: Test Cases/Budget FAILED.
Reason:
com.kms.katalon.core.exception.StepFailedException: Unable to set text '5997' of object 'Object Repository/Budget/Page_Create a new budget  Budgets  Firefly III/input_auto_budget_amount'
	at com.kms.katalon.core.webui.keyword.internal.WebUIKeywordMain.stepFailed(WebUIKeywordMain.groovy:64)
	at com.kms.katalon.core.webui.keyword.internal.WebUIKeywordMain.runKeyword(WebUIKeywordMain.groovy:26)
	at com.kms.katalon.core.webui.keyword.builtin.SetTextKeyword.setText(SetTextKeyword.groovy:66)
	at com.kms.katalon.core.webui.keyword.builtin.SetTextKeyword.execute(SetTextKeyword.groovy:37)
	at com.kms.katalon.core.keyword.internal.KeywordExecutor.executeKeywordForPlatform(KeywordExecutor.groovy:74)
	at com.kms.katalon.core.webui.keyword.WebUiBuiltInKeywords.setText(WebUiBuiltInKeywords.groovy:1019)
	at Budget.run(Budget:43)
	at com.kms.katalon.core.main.ScriptEngine.run(ScriptEngine.java:194)
	at com.kms.katalon.core.main.ScriptEngine.runScriptAsRawText(ScriptEngine.java:119)
	at com.kms.katalon.core.main.TestCaseExecutor.runScript(TestCaseExecutor.java:448)
	at com.kms.katalon.core.main.TestCaseExecutor.doExecute(TestCaseExecutor.java:439)
	at com.kms.katalon.core.main.TestCaseExecutor.processExecutionPhase(TestCaseExecutor.java:418)
	at com.kms.katalon.core.main.TestCaseExecutor.accessMainPhase(TestCaseExecutor.java:410)
	at com.kms.katalon.core.main.TestCaseExecutor.execute(TestCaseExecutor.java:285)
	at com.kms.katalon.core.common.CommonExecutor.accessTestCaseMainPhase(CommonExecutor.java:65)
	at com.kms.katalon.core.main.TestSuiteExecutor.accessTestSuiteMainPhase(TestSuiteExecutor.java:148)
	at com.kms.katalon.core.main.TestSuiteExecutor.execute(TestSuiteExecutor.java:106)
	at com.kms.katalon.core.main.TestCaseMain.startTestSuite(TestCaseMain.java:180)
	at TempTestSuite1704171383094.run(TempTestSuite1704171383094.groovy:36)
	at java.base/jdk.internal.reflect.NativeMethodAccessorImpl.invoke0(Native Method)
	at java.base/jdk.internal.reflect.NativeMethodAccessorImpl.invoke(NativeMethodAccessorImpl.java:77)
	at java.base/jdk.internal.reflect.DelegatingMethodAccessorImpl.invoke(DelegatingMethodAccessorImpl.java:43)
Caused by: org.openqa.selenium.InvalidElementStateException: invalid element state: Element is not currently interactable and may not be manipulated
  (Session info: chrome=120.0.6099.130)
Build info: version: '3.141.59', revision: 'e82be7d358', time: '2018-11-14T08:25:53'
System info: host: 'MSI', ip: '172.16.4.40', os.name: 'Windows 10', os.arch: 'amd64', os.version: '10.0', java.version: '17.0.7'
Driver info: com.kms.katalon.selenium.driver.CChromeDriver
Capabilities {acceptInsecureCerts: false, browserName: chrome, browserVersion: 120.0.6099.130, chrome: {chromedriverVersion: 120.0.6099.71 (9729082fe617..., userDataDir: C:\Users\khoan\AppData\Loca...}, fedcm:accounts: true, goog:chromeOptions: {debuggerAddress: localhost:62765}, javascriptEnabled: true, networkConnectionEnabled: false, pageLoadStrategy: normal, platform: WINDOWS, platformName: WINDOWS, proxy: Proxy(), setWindowRect: true, strictFileInteractability: false, timeouts: {implicit: 0, pageLoad: 300000, script: 30000}, unhandledPromptBehavior: dismiss and notify, webauthn:extension:credBlob: true, webauthn:extension:largeBlob: true, webauthn:extension:minPinLength: true, webauthn:extension:prf: true, webauthn:virtualAuthenticators: true}
Session ID: 029f5a1ec9c4ed32b9a66654f49c25da
	at java.base/jdk.internal.reflect.NativeConstructorAccessorImpl.newInstance0(Native Method)
	at java.base/jdk.internal.reflect.NativeConstructorAccessorImpl.newInstance(NativeConstructorAccessorImpl.java:77)
	at java.base/jdk.internal.reflect.DelegatingConstructorAccessorImpl.newInstance(DelegatingConstructorAccessorImpl.java:45)
	at org.openqa.selenium.remote.http.W3CHttpResponseCodec.createException(W3CHttpResponseCodec.java:187)
	at org.openqa.selenium.remote.http.W3CHttpResponseCodec.decode(W3CHttpResponseCodec.java:122)
	at org.openqa.selenium.remote.http.W3CHttpResponseCodec.decode(W3CHttpResponseCodec.java:49)
	at org.openqa.selenium.remote.HttpCommandExecutor.execute(HttpCommandExecutor.java:158)
	at org.openqa.selenium.remote.service.DriverCommandExecutor.execute(DriverCommandExecutor.java:83)
	at org.openqa.selenium.remote.RemoteWebDriver.execute(RemoteWebDriver.java:552)
	at com.kms.katalon.selenium.driver.CChromeDriver.execute(CChromeDriver.java:19)
	at org.openqa.selenium.remote.RemoteWebElement.execute(RemoteWebElement.java:285)
	at org.openqa.selenium.remote.RemoteWebElement.clear(RemoteWebElement.java:124)
	at jdk.internal.reflect.GeneratedMethodAccessor23.invoke(Unknown Source)
	at java.base/jdk.internal.reflect.DelegatingMethodAccessorImpl.invoke(DelegatingMethodAccessorImpl.java:43)
	at org.openqa.selenium.support.events.EventFiringWebDriver$EventFiringWebElement.lambda$new$0(EventFiringWebDriver.java:404)
	at jdk.proxy2/jdk.proxy2.$Proxy24.clear(Unknown Source)
	at org.openqa.selenium.support.events.EventFiringWebDriver$EventFiringWebElement.clear(EventFiringWebDriver.java:436)
	at com.kms.katalon.core.webui.keyword.builtin.SetTextKeyword$_setText_closure1.doCall(SetTextKeyword.groovy:53)
	at com.kms.katalon.core.webui.keyword.builtin.SetTextKeyword$_setText_closure1.call(SetTextKeyword.groovy)
	at com.kms.katalon.core.webui.keyword.internal.WebUIKeywordMain.runKeyword(WebUIKeywordMain.groovy:20)
	... 20 more]]></system-err>
      </testcase>
      <testcase name="Test Cases/Budget" time="14.729" classname="Test Cases/Budget" status="PASSED">
         <system-out><![CDATA[02-01-2024T11:58:57 - [TEST_CASE][PASSED] - Test Cases/Budget: Test Cases/Budget

02-01-2024T11:58:57 - [TEST_STEP][PASSED] - openBrowser(""): Browser is opened with url: ''

02-01-2024T11:58:57 - [MESSAGE][WARNING] - A browser is already opened. Closing browser and opening a new one

02-01-2024T11:58:57 - [MESSAGE][INFO] - Starting 'Chrome' driver

02-01-2024T11:58:57 - [MESSAGE][INFO] - Action delay is set to 0 milliseconds

02-01-2024T11:58:58 - [MESSAGE][PASSED] - Browser is opened with url: ''

02-01-2024T11:58:58 - [TEST_STEP][PASSED] - navigateToUrl("https://firefly.buudadawg.online/login"): Navigate to 'https://firefly.buudadawg.online/login' successfully

02-01-2024T11:58:59 - [MESSAGE][PASSED] - Navigate to 'https://firefly.buudadawg.online/login' successfully

02-01-2024T11:58:59 - [TEST_STEP][PASSED] - setText(findTestObject("Object Repository/Budget/Page_Login to Firefly III/input_email"), "khoacraphotograph@gmail.com"): Text 'khoacraphotograph@gmail.com' is set on object 'Object Repository/Budget/Page_Login to Firefly III/input_email'

02-01-2024T11:59:00 - [MESSAGE][PASSED] - Text 'khoacraphotograph@gmail.com' is set on object 'Object Repository/Budget/Page_Login to Firefly III/input_email'

02-01-2024T11:59:00 - [TEST_STEP][PASSED] - setEncryptedText(findTestObject("Object Repository/Budget/Page_Login to Firefly III/input_password"), "krbqsEPTyj+/ySZvycc2bfHXjZyOJWOA"): Text ****** has been set on object 'Object Repository/Budget/Page_Login to Firefly III/input_password'

02-01-2024T11:59:00 - [MESSAGE][PASSED] - Text ****** has been set on object 'Object Repository/Budget/Page_Login to Firefly III/input_password'

02-01-2024T11:59:00 - [TEST_STEP][PASSED] - click(findTestObject("Object Repository/Budget/Page_Login to Firefly III/button_Sign in")): Object: 'Object Repository/Budget/Page_Login to Firefly III/button_Sign in' is clicked on

02-01-2024T11:59:01 - [MESSAGE][PASSED] - Object: 'Object Repository/Budget/Page_Login to Firefly III/button_Sign in' is clicked on

02-01-2024T11:59:01 - [TEST_STEP][PASSED] - click(findTestObject("Object Repository/Budget/Page_Whats playing  Firefly III/a_Budgets")): Object: 'Object Repository/Budget/Page_Whats playing  Firefly III/a_Budgets' is clicked on

02-01-2024T11:59:03 - [MESSAGE][PASSED] - Object: 'Object Repository/Budget/Page_Whats playing  Firefly III/a_Budgets' is clicked on

02-01-2024T11:59:03 - [TEST_STEP][PASSED] - click(findTestObject("Object Repository/Budget/Page_Budgets  Firefly III/a_New budget")): Object: 'Object Repository/Budget/Page_Budgets  Firefly III/a_New budget' is clicked on

02-01-2024T11:59:04 - [MESSAGE][PASSED] - Object: 'Object Repository/Budget/Page_Budgets  Firefly III/a_New budget' is clicked on

02-01-2024T11:59:04 - [TEST_STEP][PASSED] - setText(findTestObject("Object Repository/Budget/Page_Create a new budget  Budgets  Firefly III/input_name"), Name): Text '60tQ-)&235H222' is set on object 'Object Repository/Budget/Page_Create a new budget  Budgets  Firefly III/input_name'

02-01-2024T11:59:05 - [MESSAGE][PASSED] - Text '60tQ-)&235H222' is set on object 'Object Repository/Budget/Page_Create a new budget  Budgets  Firefly III/input_name'

02-01-2024T11:59:05 - [TEST_STEP][PASSED] - click(findTestObject("Object Repository/Budget/Page_Create a new budget  Budgets  Firefly III/div_Mandatory fields                       _27a419")): Object: 'Object Repository/Budget/Page_Create a new budget  Budgets  Firefly III/div_Mandatory fields                       _27a419' is clicked on

02-01-2024T11:59:05 - [MESSAGE][PASSED] - Object: 'Object Repository/Budget/Page_Create a new budget  Budgets  Firefly III/div_Mandatory fields                       _27a419' is clicked on

02-01-2024T11:59:05 - [TEST_STEP][PASSED] - selectOptionByLabel(findTestObject("Object Repository/Budget/Page_Create a new budget  Budgets  Firefly III/select_No auto-budgetSet a fixed amount eve_005aeb"), Auto_budget, true): All options with label 'Add an amount every period and correct for overspending' are selected in object 'Object Repository/Budget/Page_Create a new budget  Budgets  Firefly III/select_No auto-budgetSet a fixed amount eve_005aeb'  using regular expression

02-01-2024T11:59:06 - [MESSAGE][PASSED] - All options with label 'Add an amount every period and correct for overspending' are selected in object 'Object Repository/Budget/Page_Create a new budget  Budgets  Firefly III/select_No auto-budgetSet a fixed amount eve_005aeb'  using regular expression

02-01-2024T11:59:06 - [TEST_STEP][PASSED] - setText(findTestObject("Object Repository/Budget/Page_Create a new budget  Budgets  Firefly III/input_auto_budget_amount"), Auto_budget_amount): Text '75526' is set on object 'Object Repository/Budget/Page_Create a new budget  Budgets  Firefly III/input_auto_budget_amount'

02-01-2024T11:59:07 - [MESSAGE][PASSED] - Text '75526' is set on object 'Object Repository/Budget/Page_Create a new budget  Budgets  Firefly III/input_auto_budget_amount'

02-01-2024T11:59:07 - [TEST_STEP][PASSED] - selectOptionByLabel(findTestObject("Object Repository/Budget/Page_Create a new budget  Budgets  Firefly III/select_DailyWeeklyMonthlyQuarterlyEvery hal_69941c"), Auto_budget_period, true): All options with label 'Yearly' are selected in object 'Object Repository/Budget/Page_Create a new budget  Budgets  Firefly III/select_DailyWeeklyMonthlyQuarterlyEvery hal_69941c'  using regular expression

02-01-2024T11:59:08 - [MESSAGE][PASSED] - All options with label 'Yearly' are selected in object 'Object Repository/Budget/Page_Create a new budget  Budgets  Firefly III/select_DailyWeeklyMonthlyQuarterlyEvery hal_69941c'  using regular expression

02-01-2024T11:59:08 - [TEST_STEP][PASSED] - out.println(attachments): null

02-01-2024T11:59:08 - [TEST_STEP][PASSED] - if (attachments): File 'E:\school\software_testing\G1_Firefly_testing\Attachments File\Report_1MB.csv' sent to object: 'Object Repository/Create a new asset account/Page_Create a new asset account  Accounts  _ced620/upload file'

02-01-2024T11:59:08 - [TEST_STEP][PASSED] - absolutePath = normalize().toString(): null

02-01-2024T11:59:08 - [TEST_STEP][PASSED] - uploadFile(findTestObject("Create a new asset account/Page_Create a new asset account  Accounts  _ced620/upload file"), absolutePath): File 'E:\school\software_testing\G1_Firefly_testing\Attachments File\Report_1MB.csv' sent to object: 'Object Repository/Create a new asset account/Page_Create a new asset account  Accounts  _ced620/upload file'

02-01-2024T11:59:08 - [MESSAGE][PASSED] - File 'E:\school\software_testing\G1_Firefly_testing\Attachments File\Report_1MB.csv' sent to object: 'Object Repository/Create a new asset account/Page_Create a new asset account  Accounts  _ced620/upload file'

02-01-2024T11:59:08 - [TEST_STEP][PASSED] - click(findTestObject("Object Repository/Budget/Page_Create a new budget  Budgets  Firefly III/button_Store new budget")): Object: 'Object Repository/Budget/Page_Create a new budget  Budgets  Firefly III/button_Store new budget' is clicked on

02-01-2024T11:59:10 - [MESSAGE][PASSED] - Object: 'Object Repository/Budget/Page_Create a new budget  Budgets  Firefly III/button_Store new budget' is clicked on

02-01-2024T11:59:10 - [TEST_STEP][FAILED] - try: Unable to verify object 'Object Repository/Shared_alert/success_alert_budget' is not present (Root cause: com.kms.katalon.core.exception.StepFailedException: Unable to verify object 'Object Repository/Shared_alert/success_alert_budget' is not present
	at com.kms.katalon.core.webui.keyword.internal.WebUIKeywordMain.stepFailed(WebUIKeywordMain.groovy:64)
	at com.kms.katalon.core.webui.keyword.internal.WebUIKeywordMain.runKeyword(WebUIKeywordMain.groovy:26)
	at com.kms.katalon.core.webui.keyword.internal.WebUIKeywordMain$runKeyword.call(Unknown Source)
	at com.kms.katalon.core.webui.keyword.builtin.VerifyElementNotPresentKeyword.verifyElementNotPresent(VerifyElementNotPresentKeyword.groovy:122)
	at com.kms.katalon.core.webui.keyword.builtin.VerifyElementNotPresentKeyword.execute(VerifyElementNotPresentKeyword.groovy:68)
	at com.kms.katalon.core.keyword.internal.KeywordExecutor.executeKeywordForPlatform(KeywordExecutor.groovy:74)
	at com.kms.katalon.core.webui.keyword.WebUiBuiltInKeywords.verifyElementNotPresent(WebUiBuiltInKeywords.groovy:1536)
	at Budget.run(Budget:62)
	at com.kms.katalon.core.main.ScriptEngine.run(ScriptEngine.java:194)
	at com.kms.katalon.core.main.ScriptEngine.runScriptAsRawText(ScriptEngine.java:119)
	at com.kms.katalon.core.main.TestCaseExecutor.runScript(TestCaseExecutor.java:448)
	at com.kms.katalon.core.main.TestCaseExecutor.doExecute(TestCaseExecutor.java:439)
	at com.kms.katalon.core.main.TestCaseExecutor.processExecutionPhase(TestCaseExecutor.java:418)
	at com.kms.katalon.core.main.TestCaseExecutor.accessMainPhase(TestCaseExecutor.java:410)
	at com.kms.katalon.core.main.TestCaseExecutor.execute(TestCaseExecutor.java:285)
	at com.kms.katalon.core.common.CommonExecutor.accessTestCaseMainPhase(CommonExecutor.java:65)
	at com.kms.katalon.core.main.TestSuiteExecutor.accessTestSuiteMainPhase(TestSuiteExecutor.java:148)
	at com.kms.katalon.core.main.TestSuiteExecutor.execute(TestSuiteExecutor.java:106)
	at com.kms.katalon.core.main.TestCaseMain.startTestSuite(TestCaseMain.java:180)
	at TempTestSuite1704171383094.run(TempTestSuite1704171383094.groovy:36)
	at java.base/jdk.internal.reflect.NativeMethodAccessorImpl.invoke0(Native Method)
	at java.base/jdk.internal.reflect.NativeMethodAccessorImpl.invoke(NativeMethodAccessorImpl.java:77)
	at java.base/jdk.internal.reflect.DelegatingMethodAccessorImpl.invoke(DelegatingMethodAccessorImpl.java:43)
Caused by: com.kms.katalon.core.exception.StepFailedException: Web element with id: 'Object Repository/Shared_alert/success_alert_budget' located by 'By.cssSelector: #app > div.content-wrapper > section.content > div.alert.alert-success.alert-dismissible' is present after '1' second(s)
	at com.kms.katalon.core.webui.keyword.internal.WebUIKeywordMain.stepFailed(WebUIKeywordMain.groovy:64)
	at com.kms.katalon.core.webui.keyword.internal.WebUIKeywordMain$stepFailed$0.call(Unknown Source)
	at com.kms.katalon.core.webui.keyword.builtin.VerifyElementNotPresentKeyword$_verifyElementNotPresent_closure1.doCall(VerifyElementNotPresentKeyword.groovy:113)
	at com.kms.katalon.core.webui.keyword.builtin.VerifyElementNotPresentKeyword$_verifyElementNotPresent_closure1.doCall(VerifyElementNotPresentKeyword.groovy)
	at java.base/jdk.internal.reflect.NativeMethodAccessorImpl.invoke0(Native Method)
	at java.base/jdk.internal.reflect.NativeMethodAccessorImpl.invoke(NativeMethodAccessorImpl.java:77)
	at java.base/jdk.internal.reflect.DelegatingMethodAccessorImpl.invoke(DelegatingMethodAccessorImpl.java:43)
	at com.kms.katalon.core.webui.keyword.internal.WebUIKeywordMain.runKeyword(WebUIKeywordMain.groovy:20)
	... 21 more
)

02-01-2024T11:59:10 - [TEST_STEP][PASSED] - verifyElementPresent(findTestObject("Shared_alert/text_dangers"), 1): Object 'Object Repository/Shared_alert/text_dangers' is present

02-01-2024T11:59:10 - [MESSAGE][PASSED] - Object 'Object Repository/Shared_alert/text_dangers' is present

02-01-2024T11:59:10 - [TEST_STEP][FAILED] - verifyElementNotPresent(findTestObject("Shared_alert/success_alert_budget"), 1): Unable to verify object 'Object Repository/Shared_alert/success_alert_budget' is not present (Root cause: com.kms.katalon.core.exception.StepFailedException: Unable to verify object 'Object Repository/Shared_alert/success_alert_budget' is not present
	at com.kms.katalon.core.webui.keyword.internal.WebUIKeywordMain.stepFailed(WebUIKeywordMain.groovy:64)
	at com.kms.katalon.core.webui.keyword.internal.WebUIKeywordMain.runKeyword(WebUIKeywordMain.groovy:26)
	at com.kms.katalon.core.webui.keyword.internal.WebUIKeywordMain$runKeyword.call(Unknown Source)
	at com.kms.katalon.core.webui.keyword.builtin.VerifyElementNotPresentKeyword.verifyElementNotPresent(VerifyElementNotPresentKeyword.groovy:122)
	at com.kms.katalon.core.webui.keyword.builtin.VerifyElementNotPresentKeyword.execute(VerifyElementNotPresentKeyword.groovy:68)
	at com.kms.katalon.core.keyword.internal.KeywordExecutor.executeKeywordForPlatform(KeywordExecutor.groovy:74)
	at com.kms.katalon.core.webui.keyword.WebUiBuiltInKeywords.verifyElementNotPresent(WebUiBuiltInKeywords.groovy:1536)
	at Budget.run(Budget:62)
	at com.kms.katalon.core.main.ScriptEngine.run(ScriptEngine.java:194)
	at com.kms.katalon.core.main.ScriptEngine.runScriptAsRawText(ScriptEngine.java:119)
	at com.kms.katalon.core.main.TestCaseExecutor.runScript(TestCaseExecutor.java:448)
	at com.kms.katalon.core.main.TestCaseExecutor.doExecute(TestCaseExecutor.java:439)
	at com.kms.katalon.core.main.TestCaseExecutor.processExecutionPhase(TestCaseExecutor.java:418)
	at com.kms.katalon.core.main.TestCaseExecutor.accessMainPhase(TestCaseExecutor.java:410)
	at com.kms.katalon.core.main.TestCaseExecutor.execute(TestCaseExecutor.java:285)
	at com.kms.katalon.core.common.CommonExecutor.accessTestCaseMainPhase(CommonExecutor.java:65)
	at com.kms.katalon.core.main.TestSuiteExecutor.accessTestSuiteMainPhase(TestSuiteExecutor.java:148)
	at com.kms.katalon.core.main.TestSuiteExecutor.execute(TestSuiteExecutor.java:106)
	at com.kms.katalon.core.main.TestCaseMain.startTestSuite(TestCaseMain.java:180)
	at TempTestSuite1704171383094.run(TempTestSuite1704171383094.groovy:36)
	at java.base/jdk.internal.reflect.NativeMethodAccessorImpl.invoke0(Native Method)
	at java.base/jdk.internal.reflect.NativeMethodAccessorImpl.invoke(NativeMethodAccessorImpl.java:77)
	at java.base/jdk.internal.reflect.DelegatingMethodAccessorImpl.invoke(DelegatingMethodAccessorImpl.java:43)
Caused by: com.kms.katalon.core.exception.StepFailedException: Web element with id: 'Object Repository/Shared_alert/success_alert_budget' located by 'By.cssSelector: #app > div.content-wrapper > section.content > div.alert.alert-success.alert-dismissible' is present after '1' second(s)
	at com.kms.katalon.core.webui.keyword.internal.WebUIKeywordMain.stepFailed(WebUIKeywordMain.groovy:64)
	at com.kms.katalon.core.webui.keyword.internal.WebUIKeywordMain$stepFailed$0.call(Unknown Source)
	at com.kms.katalon.core.webui.keyword.builtin.VerifyElementNotPresentKeyword$_verifyElementNotPresent_closure1.doCall(VerifyElementNotPresentKeyword.groovy:113)
	at com.kms.katalon.core.webui.keyword.builtin.VerifyElementNotPresentKeyword$_verifyElementNotPresent_closure1.doCall(VerifyElementNotPresentKeyword.groovy)
	at java.base/jdk.internal.reflect.NativeMethodAccessorImpl.invoke0(Native Method)
	at java.base/jdk.internal.reflect.NativeMethodAccessorImpl.invoke(NativeMethodAccessorImpl.java:77)
	at java.base/jdk.internal.reflect.DelegatingMethodAccessorImpl.invoke(DelegatingMethodAccessorImpl.java:43)
	at com.kms.katalon.core.webui.keyword.internal.WebUIKeywordMain.runKeyword(WebUIKeywordMain.groovy:20)
	... 21 more
)

02-01-2024T11:59:11 - [MESSAGE][FAILED] - Web element with id: 'Object Repository/Shared_alert/success_alert_budget' located by 'By.cssSelector: #app > div.content-wrapper > section.content > div.alert.alert-success.alert-dismissible' is present after '1' second(s) (Root cause: com.kms.katalon.core.exception.StepFailedException: Web element with id: 'Object Repository/Shared_alert/success_alert_budget' located by 'By.cssSelector: #app > div.content-wrapper > section.content > div.alert.alert-success.alert-dismissible' is present after '1' second(s)
	at com.kms.katalon.core.webui.keyword.internal.WebUIKeywordMain.stepFailed(WebUIKeywordMain.groovy:64)
	at com.kms.katalon.core.webui.keyword.internal.WebUIKeywordMain$stepFailed$0.call(Unknown Source)
	at com.kms.katalon.core.webui.keyword.builtin.VerifyElementNotPresentKeyword$_verifyElementNotPresent_closure1.doCall(VerifyElementNotPresentKeyword.groovy:113)
	at com.kms.katalon.core.webui.keyword.builtin.VerifyElementNotPresentKeyword$_verifyElementNotPresent_closure1.doCall(VerifyElementNotPresentKeyword.groovy)
	at java.base/jdk.internal.reflect.NativeMethodAccessorImpl.invoke0(Native Method)
	at java.base/jdk.internal.reflect.NativeMethodAccessorImpl.invoke(NativeMethodAccessorImpl.java:77)
	at java.base/jdk.internal.reflect.DelegatingMethodAccessorImpl.invoke(DelegatingMethodAccessorImpl.java:43)
	at com.kms.katalon.core.webui.keyword.internal.WebUIKeywordMain.runKeyword(WebUIKeywordMain.groovy:20)
	at com.kms.katalon.core.webui.keyword.internal.WebUIKeywordMain$runKeyword.call(Unknown Source)
	at com.kms.katalon.core.webui.keyword.builtin.VerifyElementNotPresentKeyword.verifyElementNotPresent(VerifyElementNotPresentKeyword.groovy:122)
	at com.kms.katalon.core.webui.keyword.builtin.VerifyElementNotPresentKeyword.execute(VerifyElementNotPresentKeyword.groovy:68)
	at com.kms.katalon.core.keyword.internal.KeywordExecutor.executeKeywordForPlatform(KeywordExecutor.groovy:74)
	at com.kms.katalon.core.webui.keyword.WebUiBuiltInKeywords.verifyElementNotPresent(WebUiBuiltInKeywords.groovy:1536)
	at Budget.run(Budget:62)
	at com.kms.katalon.core.main.ScriptEngine.run(ScriptEngine.java:194)
	at com.kms.katalon.core.main.ScriptEngine.runScriptAsRawText(ScriptEngine.java:119)
	at com.kms.katalon.core.main.TestCaseExecutor.runScript(TestCaseExecutor.java:448)
	at com.kms.katalon.core.main.TestCaseExecutor.doExecute(TestCaseExecutor.java:439)
	at com.kms.katalon.core.main.TestCaseExecutor.processExecutionPhase(TestCaseExecutor.java:418)
	at com.kms.katalon.core.main.TestCaseExecutor.accessMainPhase(TestCaseExecutor.java:410)
	at com.kms.katalon.core.main.TestCaseExecutor.execute(TestCaseExecutor.java:285)
	at com.kms.katalon.core.common.CommonExecutor.accessTestCaseMainPhase(CommonExecutor.java:65)
	at com.kms.katalon.core.main.TestSuiteExecutor.accessTestSuiteMainPhase(TestSuiteExecutor.java:148)
	at com.kms.katalon.core.main.TestSuiteExecutor.execute(TestSuiteExecutor.java:106)
	at com.kms.katalon.core.main.TestCaseMain.startTestSuite(TestCaseMain.java:180)
	at TempTestSuite1704171383094.run(TempTestSuite1704171383094.groovy:36)
	at java.base/jdk.internal.reflect.NativeMethodAccessorImpl.invoke0(Native Method)
	at java.base/jdk.internal.reflect.NativeMethodAccessorImpl.invoke(NativeMethodAccessorImpl.java:77)
	at java.base/jdk.internal.reflect.DelegatingMethodAccessorImpl.invoke(DelegatingMethodAccessorImpl.java:43)
)
[[ATTACHMENT|E:\\school\\software_testing\\G1_Firefly_testing\\Reports\\20240102_115623\\Budget Suite\\20240102_115623\\1704171551733.png]]

02-01-2024T11:59:11 - [MESSAGE][FAILED] - Unable to verify object 'Object Repository/Shared_alert/success_alert_budget' is not present (Root cause: com.kms.katalon.core.exception.StepFailedException: Unable to verify object 'Object Repository/Shared_alert/success_alert_budget' is not present
	at com.kms.katalon.core.webui.keyword.internal.WebUIKeywordMain.stepFailed(WebUIKeywordMain.groovy:64)
	at com.kms.katalon.core.webui.keyword.internal.WebUIKeywordMain.runKeyword(WebUIKeywordMain.groovy:26)
	at com.kms.katalon.core.webui.keyword.internal.WebUIKeywordMain$runKeyword.call(Unknown Source)
	at com.kms.katalon.core.webui.keyword.builtin.VerifyElementNotPresentKeyword.verifyElementNotPresent(VerifyElementNotPresentKeyword.groovy:122)
	at com.kms.katalon.core.webui.keyword.builtin.VerifyElementNotPresentKeyword.execute(VerifyElementNotPresentKeyword.groovy:68)
	at com.kms.katalon.core.keyword.internal.KeywordExecutor.executeKeywordForPlatform(KeywordExecutor.groovy:74)
	at com.kms.katalon.core.webui.keyword.WebUiBuiltInKeywords.verifyElementNotPresent(WebUiBuiltInKeywords.groovy:1536)
	at Budget.run(Budget:62)
	at com.kms.katalon.core.main.ScriptEngine.run(ScriptEngine.java:194)
	at com.kms.katalon.core.main.ScriptEngine.runScriptAsRawText(ScriptEngine.java:119)
	at com.kms.katalon.core.main.TestCaseExecutor.runScript(TestCaseExecutor.java:448)
	at com.kms.katalon.core.main.TestCaseExecutor.doExecute(TestCaseExecutor.java:439)
	at com.kms.katalon.core.main.TestCaseExecutor.processExecutionPhase(TestCaseExecutor.java:418)
	at com.kms.katalon.core.main.TestCaseExecutor.accessMainPhase(TestCaseExecutor.java:410)
	at com.kms.katalon.core.main.TestCaseExecutor.execute(TestCaseExecutor.java:285)
	at com.kms.katalon.core.common.CommonExecutor.accessTestCaseMainPhase(CommonExecutor.java:65)
	at com.kms.katalon.core.main.TestSuiteExecutor.accessTestSuiteMainPhase(TestSuiteExecutor.java:148)
	at com.kms.katalon.core.main.TestSuiteExecutor.execute(TestSuiteExecutor.java:106)
	at com.kms.katalon.core.main.TestCaseMain.startTestSuite(TestCaseMain.java:180)
	at TempTestSuite1704171383094.run(TempTestSuite1704171383094.groovy:36)
	at java.base/jdk.internal.reflect.NativeMethodAccessorImpl.invoke0(Native Method)
	at java.base/jdk.internal.reflect.NativeMethodAccessorImpl.invoke(NativeMethodAccessorImpl.java:77)
	at java.base/jdk.internal.reflect.DelegatingMethodAccessorImpl.invoke(DelegatingMethodAccessorImpl.java:43)
Caused by: com.kms.katalon.core.exception.StepFailedException: Web element with id: 'Object Repository/Shared_alert/success_alert_budget' located by 'By.cssSelector: #app > div.content-wrapper > section.content > div.alert.alert-success.alert-dismissible' is present after '1' second(s)
	at com.kms.katalon.core.webui.keyword.internal.WebUIKeywordMain.stepFailed(WebUIKeywordMain.groovy:64)
	at com.kms.katalon.core.webui.keyword.internal.WebUIKeywordMain$stepFailed$0.call(Unknown Source)
	at com.kms.katalon.core.webui.keyword.builtin.VerifyElementNotPresentKeyword$_verifyElementNotPresent_closure1.doCall(VerifyElementNotPresentKeyword.groovy:113)
	at com.kms.katalon.core.webui.keyword.builtin.VerifyElementNotPresentKeyword$_verifyElementNotPresent_closure1.doCall(VerifyElementNotPresentKeyword.groovy)
	at java.base/jdk.internal.reflect.NativeMethodAccessorImpl.invoke0(Native Method)
	at java.base/jdk.internal.reflect.NativeMethodAccessorImpl.invoke(NativeMethodAccessorImpl.java:77)
	at java.base/jdk.internal.reflect.DelegatingMethodAccessorImpl.invoke(DelegatingMethodAccessorImpl.java:43)
	at com.kms.katalon.core.webui.keyword.internal.WebUIKeywordMain.runKeyword(WebUIKeywordMain.groovy:20)
	... 21 more
)
[[ATTACHMENT|E:\\school\\software_testing\\G1_Firefly_testing\\Reports\\20240102_115623\\Budget Suite\\20240102_115623\\1704171551849.png]]

02-01-2024T11:59:11 - [TEST_STEP][PASSED] - catch (Exception err): null

02-01-2024T11:59:11 - [TEST_STEP][PASSED] - verifyElementPresent(findTestObject("Shared_alert/success_alert_budget"), 1): Object 'Object Repository/Shared_alert/success_alert_budget' is present

02-01-2024T11:59:12 - [MESSAGE][PASSED] - Object 'Object Repository/Shared_alert/success_alert_budget' is present

02-01-2024T11:59:12 - [TEST_STEP][PASSED] - out.println("success"): null

02-01-2024T11:59:12 - [TEST_STEP][PASSED] - closeBrowser(): Browser is closed

02-01-2024T11:59:12 - [MESSAGE][PASSED] - Browser is closed]]></system-out>
         <system-err><![CDATA[]]></system-err>
      </testcase>
      <system-out><![CDATA[02-01-2024T11:56:26 - [TEST_SUITE][FAILED] - Budget Suite: Test Cases/Budget FAILED.
Reason:
com.kms.katalon.core.exception.StepFailedException: Unable to set text '68766' of object 'Object Repository/Budget/Page_Create a new budget  Budgets  Firefly III/input_auto_budget_amount'
	at com.kms.katalon.core.webui.keyword.internal.WebUIKeywordMain.stepFailed(WebUIKeywordMain.groovy:64)
	at com.kms.katalon.core.webui.keyword.internal.WebUIKeywordMain.runKeyword(WebUIKeywordMain.groovy:26)
	at com.kms.katalon.core.webui.keyword.builtin.SetTextKeyword.setText(SetTextKeyword.groovy:66)
	at com.kms.katalon.core.webui.keyword.builtin.SetTextKeyword.execute(SetTextKeyword.groovy:37)
	at com.kms.katalon.core.keyword.internal.KeywordExecutor.executeKeywordForPlatform(KeywordExecutor.groovy:74)
	at com.kms.katalon.core.webui.keyword.WebUiBuiltInKeywords.setText(WebUiBuiltInKeywords.groovy:1019)
	at Budget.run(Budget:43)
	at com.kms.katalon.core.main.ScriptEngine.run(ScriptEngine.java:194)
	at com.kms.katalon.core.main.ScriptEngine.runScriptAsRawText(ScriptEngine.java:119)
	at com.kms.katalon.core.main.TestCaseExecutor.runScript(TestCaseExecutor.java:448)
	at com.kms.katalon.core.main.TestCaseExecutor.doExecute(TestCaseExecutor.java:439)
	at com.kms.katalon.core.main.TestCaseExecutor.processExecutionPhase(TestCaseExecutor.java:418)
	at com.kms.katalon.core.main.TestCaseExecutor.accessMainPhase(TestCaseExecutor.java:410)
	at com.kms.katalon.core.main.TestCaseExecutor.execute(TestCaseExecutor.java:285)
	at com.kms.katalon.core.common.CommonExecutor.accessTestCaseMainPhase(CommonExecutor.java:65)
	at com.kms.katalon.core.main.TestSuiteExecutor.accessTestSuiteMainPhase(TestSuiteExecutor.java:148)
	at com.kms.katalon.core.main.TestSuiteExecutor.execute(TestSuiteExecutor.java:106)
	at com.kms.katalon.core.main.TestCaseMain.startTestSuite(TestCaseMain.java:180)
	at TempTestSuite1704171383094.run(TempTestSuite1704171383094.groovy:36)
	at java.base/jdk.internal.reflect.NativeMethodAccessorImpl.invoke0(Native Method)
	at java.base/jdk.internal.reflect.NativeMethodAccessorImpl.invoke(NativeMethodAccessorImpl.java:77)
	at java.base/jdk.internal.reflect.DelegatingMethodAccessorImpl.invoke(DelegatingMethodAccessorImpl.java:43)
Caused by: org.openqa.selenium.InvalidElementStateException: invalid element state: Element is not currently interactable and may not be manipulated
  (Session info: chrome=120.0.6099.130)
Build info: version: '3.141.59', revision: 'e82be7d358', time: '2018-11-14T08:25:53'
System info: host: 'MSI', ip: '172.16.4.40', os.name: 'Windows 10', os.arch: 'amd64', os.version: '10.0', java.version: '17.0.7'
Driver info: com.kms.katalon.selenium.driver.CChromeDriver
Capabilities {acceptInsecureCerts: false, browserName: chrome, browserVersion: 120.0.6099.130, chrome: {chromedriverVersion: 120.0.6099.71 (9729082fe617..., userDataDir: C:\Users\khoan\AppData\Loca...}, fedcm:accounts: true, goog:chromeOptions: {debuggerAddress: localhost:62664}, javascriptEnabled: true, networkConnectionEnabled: false, pageLoadStrategy: normal, platform: WINDOWS, platformName: WINDOWS, proxy: Proxy(), setWindowRect: true, strictFileInteractability: false, timeouts: {implicit: 0, pageLoad: 300000, script: 30000}, unhandledPromptBehavior: dismiss and notify, webauthn:extension:credBlob: true, webauthn:extension:largeBlob: true, webauthn:extension:minPinLength: true, webauthn:extension:prf: true, webauthn:virtualAuthenticators: true}
Session ID: 5b50ab42a64f46760f914ad4f3a19b41
	at java.base/jdk.internal.reflect.NativeConstructorAccessorImpl.newInstance0(Native Method)
	at java.base/jdk.internal.reflect.NativeConstructorAccessorImpl.newInstance(NativeConstructorAccessorImpl.java:77)
	at java.base/jdk.internal.reflect.DelegatingConstructorAccessorImpl.newInstance(DelegatingConstructorAccessorImpl.java:45)
	at org.openqa.selenium.remote.http.W3CHttpResponseCodec.createException(W3CHttpResponseCodec.java:187)
	at org.openqa.selenium.remote.http.W3CHttpResponseCodec.decode(W3CHttpResponseCodec.java:122)
	at org.openqa.selenium.remote.http.W3CHttpResponseCodec.decode(W3CHttpResponseCodec.java:49)
	at org.openqa.selenium.remote.HttpCommandExecutor.execute(HttpCommandExecutor.java:158)
	at org.openqa.selenium.remote.service.DriverCommandExecutor.execute(DriverCommandExecutor.java:83)
	at org.openqa.selenium.remote.RemoteWebDriver.execute(RemoteWebDriver.java:552)
	at com.kms.katalon.selenium.driver.CChromeDriver.execute(CChromeDriver.java:19)
	at org.openqa.selenium.remote.RemoteWebElement.execute(RemoteWebElement.java:285)
	at org.openqa.selenium.remote.RemoteWebElement.clear(RemoteWebElement.java:124)
	at jdk.internal.reflect.GeneratedMethodAccessor23.invoke(Unknown Source)
	at java.base/jdk.internal.reflect.DelegatingMethodAccessorImpl.invoke(DelegatingMethodAccessorImpl.java:43)
	at org.openqa.selenium.support.events.EventFiringWebDriver$EventFiringWebElement.lambda$new$0(EventFiringWebDriver.java:404)
	at jdk.proxy2/jdk.proxy2.$Proxy24.clear(Unknown Source)
	at org.openqa.selenium.support.events.EventFiringWebDriver$EventFiringWebElement.clear(EventFiringWebDriver.java:436)
	at com.kms.katalon.core.webui.keyword.builtin.SetTextKeyword$_setText_closure1.doCall(SetTextKeyword.groovy:53)
	at com.kms.katalon.core.webui.keyword.builtin.SetTextKeyword$_setText_closure1.call(SetTextKeyword.groovy)
	at com.kms.katalon.core.webui.keyword.internal.WebUIKeywordMain.runKeyword(WebUIKeywordMain.groovy:20)
	... 20 more]]></system-out>
      <system-err><![CDATA[02-01-2024T11:56:26 - [TEST_SUITE][FAILED] - Budget Suite: Test Cases/Budget FAILED.
Reason:
com.kms.katalon.core.exception.StepFailedException: Unable to set text '68766' of object 'Object Repository/Budget/Page_Create a new budget  Budgets  Firefly III/input_auto_budget_amount'
	at com.kms.katalon.core.webui.keyword.internal.WebUIKeywordMain.stepFailed(WebUIKeywordMain.groovy:64)
	at com.kms.katalon.core.webui.keyword.internal.WebUIKeywordMain.runKeyword(WebUIKeywordMain.groovy:26)
	at com.kms.katalon.core.webui.keyword.builtin.SetTextKeyword.setText(SetTextKeyword.groovy:66)
	at com.kms.katalon.core.webui.keyword.builtin.SetTextKeyword.execute(SetTextKeyword.groovy:37)
	at com.kms.katalon.core.keyword.internal.KeywordExecutor.executeKeywordForPlatform(KeywordExecutor.groovy:74)
	at com.kms.katalon.core.webui.keyword.WebUiBuiltInKeywords.setText(WebUiBuiltInKeywords.groovy:1019)
	at Budget.run(Budget:43)
	at com.kms.katalon.core.main.ScriptEngine.run(ScriptEngine.java:194)
	at com.kms.katalon.core.main.ScriptEngine.runScriptAsRawText(ScriptEngine.java:119)
	at com.kms.katalon.core.main.TestCaseExecutor.runScript(TestCaseExecutor.java:448)
	at com.kms.katalon.core.main.TestCaseExecutor.doExecute(TestCaseExecutor.java:439)
	at com.kms.katalon.core.main.TestCaseExecutor.processExecutionPhase(TestCaseExecutor.java:418)
	at com.kms.katalon.core.main.TestCaseExecutor.accessMainPhase(TestCaseExecutor.java:410)
	at com.kms.katalon.core.main.TestCaseExecutor.execute(TestCaseExecutor.java:285)
	at com.kms.katalon.core.common.CommonExecutor.accessTestCaseMainPhase(CommonExecutor.java:65)
	at com.kms.katalon.core.main.TestSuiteExecutor.accessTestSuiteMainPhase(TestSuiteExecutor.java:148)
	at com.kms.katalon.core.main.TestSuiteExecutor.execute(TestSuiteExecutor.java:106)
	at com.kms.katalon.core.main.TestCaseMain.startTestSuite(TestCaseMain.java:180)
	at TempTestSuite1704171383094.run(TempTestSuite1704171383094.groovy:36)
	at java.base/jdk.internal.reflect.NativeMethodAccessorImpl.invoke0(Native Method)
	at java.base/jdk.internal.reflect.NativeMethodAccessorImpl.invoke(NativeMethodAccessorImpl.java:77)
	at java.base/jdk.internal.reflect.DelegatingMethodAccessorImpl.invoke(DelegatingMethodAccessorImpl.java:43)
Caused by: org.openqa.selenium.InvalidElementStateException: invalid element state: Element is not currently interactable and may not be manipulated
  (Session info: chrome=120.0.6099.130)
Build info: version: '3.141.59', revision: 'e82be7d358', time: '2018-11-14T08:25:53'
System info: host: 'MSI', ip: '172.16.4.40', os.name: 'Windows 10', os.arch: 'amd64', os.version: '10.0', java.version: '17.0.7'
Driver info: com.kms.katalon.selenium.driver.CChromeDriver
Capabilities {acceptInsecureCerts: false, browserName: chrome, browserVersion: 120.0.6099.130, chrome: {chromedriverVersion: 120.0.6099.71 (9729082fe617..., userDataDir: C:\Users\khoan\AppData\Loca...}, fedcm:accounts: true, goog:chromeOptions: {debuggerAddress: localhost:62664}, javascriptEnabled: true, networkConnectionEnabled: false, pageLoadStrategy: normal, platform: WINDOWS, platformName: WINDOWS, proxy: Proxy(), setWindowRect: true, strictFileInteractability: false, timeouts: {implicit: 0, pageLoad: 300000, script: 30000}, unhandledPromptBehavior: dismiss and notify, webauthn:extension:credBlob: true, webauthn:extension:largeBlob: true, webauthn:extension:minPinLength: true, webauthn:extension:prf: true, webauthn:virtualAuthenticators: true}
Session ID: 5b50ab42a64f46760f914ad4f3a19b41
	at java.base/jdk.internal.reflect.NativeConstructorAccessorImpl.newInstance0(Native Method)
	at java.base/jdk.internal.reflect.NativeConstructorAccessorImpl.newInstance(NativeConstructorAccessorImpl.java:77)
	at java.base/jdk.internal.reflect.DelegatingConstructorAccessorImpl.newInstance(DelegatingConstructorAccessorImpl.java:45)
	at org.openqa.selenium.remote.http.W3CHttpResponseCodec.createException(W3CHttpResponseCodec.java:187)
	at org.openqa.selenium.remote.http.W3CHttpResponseCodec.decode(W3CHttpResponseCodec.java:122)
	at org.openqa.selenium.remote.http.W3CHttpResponseCodec.decode(W3CHttpResponseCodec.java:49)
	at org.openqa.selenium.remote.HttpCommandExecutor.execute(HttpCommandExecutor.java:158)
	at org.openqa.selenium.remote.service.DriverCommandExecutor.execute(DriverCommandExecutor.java:83)
	at org.openqa.selenium.remote.RemoteWebDriver.execute(RemoteWebDriver.java:552)
	at com.kms.katalon.selenium.driver.CChromeDriver.execute(CChromeDriver.java:19)
	at org.openqa.selenium.remote.RemoteWebElement.execute(RemoteWebElement.java:285)
	at org.openqa.selenium.remote.RemoteWebElement.clear(RemoteWebElement.java:124)
	at jdk.internal.reflect.GeneratedMethodAccessor23.invoke(Unknown Source)
	at java.base/jdk.internal.reflect.DelegatingMethodAccessorImpl.invoke(DelegatingMethodAccessorImpl.java:43)
	at org.openqa.selenium.support.events.EventFiringWebDriver$EventFiringWebElement.lambda$new$0(EventFiringWebDriver.java:404)
	at jdk.proxy2/jdk.proxy2.$Proxy24.clear(Unknown Source)
	at org.openqa.selenium.support.events.EventFiringWebDriver$EventFiringWebElement.clear(EventFiringWebDriver.java:436)
	at com.kms.katalon.core.webui.keyword.builtin.SetTextKeyword$_setText_closure1.doCall(SetTextKeyword.groovy:53)
	at com.kms.katalon.core.webui.keyword.builtin.SetTextKeyword$_setText_closure1.call(SetTextKeyword.groovy)
	at com.kms.katalon.core.webui.keyword.internal.WebUIKeywordMain.runKeyword(WebUIKeywordMain.groovy:20)
	... 20 more]]></system-err>
   </testsuite>
</testsuites>
