<?xml version="1.0" encoding="UTF-8"?>
<testsuites name="Transaction" time="39.655" tests="2" failures="0" errors="0">
   <testsuite name="Transaction" tests="2" failures="0" errors="0" time="39.655" skipped="0" timestamp="01-01-2024T18:37:02" hostname="MODERN 15 - Phuc" id="Test Suites/Transaction">
      <properties>
         <property name="deviceName" value=""/>
         <property name="devicePlatform" value=""/>
         <property name="logFolder" value="C:\\Users\\MODERN 15\\git\\G1_Firefly_testing\\Reports\\20240101_183658\\Transaction\\20240101_183658"/>
         <property name="logFiles" value="C:\\Users\\MODERN 15\\git\\G1_Firefly_testing\\Reports\\20240101_183658\\Transaction\\20240101_183658\\execution0.log"/>
         <property name="attachments" value=""/>
         <property name="hostName" value="MODERN 15 - Phuc"/>
         <property name="os" value="Windows 11 64bit"/>
         <property name="katalonVersion" value="9.1.0.212"/>
         <property name="browser" value="Chrome 120.0.0.0"/>
         <property name="hostAddress" value="192.168.1.4"/>
         <property name="sessionId" value="a714181aaef04f7359f3ad997d084ba5"/>
         <property name="seleniumVersion" value="3.141.59"/>
         <property name="proxyInformation" value="ProxyInformation { proxyOption=NO_PROXY, proxyServerType=HTTP, username=, password=********, proxyServerAddress=, proxyServerPort=0, executionList=&quot;&quot;, isApplyToDesiredCapabilities=true }"/>
         <property name="platform" value="Windows 11"/>
      </properties>
      <testcase name="Test Cases/Transaction" time="19.972" classname="Test Cases/Transaction" status="PASSED">
         <system-out><![CDATA[01-01-2024T18:37:02 - [TEST_CASE][PASSED] - Test Cases/Transaction: Test Cases/Transaction

01-01-2024T18:37:03 - [TEST_STEP][PASSED] - openBrowser(""): Browser is opened with url: ''

01-01-2024T18:37:03 - [MESSAGE][INFO] - Starting 'Chrome' driver

01-01-2024T18:37:03 - [MESSAGE][INFO] - Action delay is set to 0 milliseconds

01-01-2024T18:37:05 - [MESSAGE][PASSED] - Browser is opened with url: ''

01-01-2024T18:37:05 - [TEST_STEP][PASSED] - navigateToUrl("https://firefly.buudadawg.online/login"): Navigate to 'https://firefly.buudadawg.online/login' successfully

01-01-2024T18:37:08 - [MESSAGE][PASSED] - Navigate to 'https://firefly.buudadawg.online/login' successfully

01-01-2024T18:37:08 - [TEST_STEP][PASSED] - setText(findTestObject("Object Repository/Transaction/Page_Login to Firefly III/input_email"), "killermh1352@gmail.com"): Text 'killermh1352@gmail.com' is set on object 'Object Repository/Transaction/Page_Login to Firefly III/input_email'

01-01-2024T18:37:09 - [MESSAGE][PASSED] - Text 'killermh1352@gmail.com' is set on object 'Object Repository/Transaction/Page_Login to Firefly III/input_email'

01-01-2024T18:37:09 - [TEST_STEP][PASSED] - setEncryptedText(findTestObject("Object Repository/Transaction/Page_Login to Firefly III/input_password"), "6oCTgB1F4BsRIglOqBBBioLQaRY939LF"): Text ****** has been set on object 'Object Repository/Transaction/Page_Login to Firefly III/input_password'

01-01-2024T18:37:09 - [MESSAGE][PASSED] - Text ****** has been set on object 'Object Repository/Transaction/Page_Login to Firefly III/input_password'

01-01-2024T18:37:09 - [TEST_STEP][PASSED] - sendKeys(findTestObject("Object Repository/Transaction/Page_Login to Firefly III/input_password"), Keys.chord(ENTER)): Keys 'ENTER + ' sent to object: 'Object Repository/Transaction/Page_Login to Firefly III/input_password'

01-01-2024T18:37:10 - [MESSAGE][PASSED] - Keys 'ENTER + ' sent to object: 'Object Repository/Transaction/Page_Login to Firefly III/input_password'

01-01-2024T18:37:10 - [TEST_STEP][PASSED] - click(findTestObject("Object Repository/Transaction/Page_Whats playing  Firefly III/a_Transactions")): Object: 'Object Repository/Transaction/Page_Whats playing  Firefly III/a_Transactions' is clicked on

01-01-2024T18:37:11 - [MESSAGE][PASSED] - Object: 'Object Repository/Transaction/Page_Whats playing  Firefly III/a_Transactions' is clicked on

01-01-2024T18:37:11 - [TEST_STEP][PASSED] - click(findTestObject("Object Repository/Transaction/Page_Whats playing  Firefly III/a_Expenses")): Object: 'Object Repository/Transaction/Page_Whats playing  Firefly III/a_Expenses' is clicked on

01-01-2024T18:37:12 - [MESSAGE][PASSED] - Object: 'Object Repository/Transaction/Page_Whats playing  Firefly III/a_Expenses' is clicked on

01-01-2024T18:37:12 - [TEST_STEP][PASSED] - click(findTestObject("Object Repository/Transaction/Page_All expenses between January 1st, 2024_d388e7/a_Create a new transaction")): Object: 'Object Repository/Transaction/Page_All expenses between January 1st, 2024_d388e7/a_Create a new transaction' is clicked on

01-01-2024T18:37:13 - [MESSAGE][PASSED] - Object: 'Object Repository/Transaction/Page_All expenses between January 1st, 2024_d388e7/a_Create a new transaction' is clicked on

01-01-2024T18:37:13 - [TEST_STEP][PASSED] - setText(findTestObject("Transaction/Page_Create new withdrawal  Transactions  F_057ce1/input_description"), description): Text 'n/a' is set on object 'Object Repository/Transaction/Page_Create new withdrawal  Transactions  F_057ce1/input_description'

01-01-2024T18:37:14 - [MESSAGE][PASSED] - Text 'n/a' is set on object 'Object Repository/Transaction/Page_Create new withdrawal  Transactions  F_057ce1/input_description'

01-01-2024T18:37:14 - [TEST_STEP][PASSED] - setText(findTestObject("Object Repository/Transaction/Page_Create new withdrawal  Transactions  F_057ce1/input_source"), source_account, STOP_ON_FAILURE): Text 'My Savings Account' is set on object 'Object Repository/Transaction/Page_Create new withdrawal  Transactions  F_057ce1/input_source'

01-01-2024T18:37:15 - [MESSAGE][PASSED] - Text 'My Savings Account' is set on object 'Object Repository/Transaction/Page_Create new withdrawal  Transactions  F_057ce1/input_source'

01-01-2024T18:37:15 - [TEST_STEP][PASSED] - setText(findTestObject("Object Repository/Transaction/Page_Create new withdrawal  Transactions  F_057ce1/input_destination"), destination_account, STOP_ON_FAILURE): Text 'My Savings Account' is set on object 'Object Repository/Transaction/Page_Create new withdrawal  Transactions  F_057ce1/input_destination'

01-01-2024T18:37:16 - [MESSAGE][PASSED] - Text 'My Savings Account' is set on object 'Object Repository/Transaction/Page_Create new withdrawal  Transactions  F_057ce1/input_destination'

01-01-2024T18:37:16 - [TEST_STEP][PASSED] - setText(findTestObject("Transaction/Page_Create new withdrawal  Transactions  F_057ce1/input_date"), date): Text '2023-06-15T02:05' is set on object 'Object Repository/Transaction/Page_Create new withdrawal  Transactions  F_057ce1/input_date'

01-01-2024T18:37:17 - [MESSAGE][PASSED] - Text '2023-06-15T02:05' is set on object 'Object Repository/Transaction/Page_Create new withdrawal  Transactions  F_057ce1/input_date'

01-01-2024T18:37:17 - [TEST_STEP][PASSED] - setText(findTestObject("Object Repository/Transaction/Page_Create new withdrawal  Transactions  F_057ce1/input_amount"), amount): Text '55' is set on object 'Object Repository/Transaction/Page_Create new withdrawal  Transactions  F_057ce1/input_amount'

01-01-2024T18:37:18 - [MESSAGE][PASSED] - Text '55' is set on object 'Object Repository/Transaction/Page_Create new withdrawal  Transactions  F_057ce1/input_amount'

01-01-2024T18:37:18 - [TEST_STEP][PASSED] - if (getText(findTestObject("Object Repository/Transaction/Page_Create new withdrawal  Transactions  F_057ce1/select_foreign_currency")) == ""): Text of object 'Object Repository/Transaction/Page_Create new withdrawal  Transactions  F_057ce1/select_foreign_currency' is: 'Euro'

01-01-2024T18:37:18 - [MESSAGE][PASSED] - Text of object 'Object Repository/Transaction/Page_Create new withdrawal  Transactions  F_057ce1/select_foreign_currency' is: 'Euro'

01-01-2024T18:37:18 - [TEST_STEP][PASSED] - try: null

01-01-2024T18:37:18 - [TEST_STEP][PASSED] - waitForElementPresent(findTestObject("Object Repository/Transaction/Page_Create new withdrawal  Transactions  F_057ce1/select_(none)      My Budget", 0.5)): null

01-01-2024T18:37:18 - [TEST_STEP][PASSED] - catch (Exception err): null

01-01-2024T18:37:18 - [TEST_STEP][PASSED] - out.println("not found budget"): null

01-01-2024T18:37:18 - [TEST_STEP][PASSED] - setText(findTestObject("Object Repository/Transaction/Page_Create new withdrawal  Transactions  F_057ce1/input_category"), category): Text '' is set on object 'Object Repository/Transaction/Page_Create new withdrawal  Transactions  F_057ce1/input_category'

01-01-2024T18:37:19 - [MESSAGE][PASSED] - Text '' is set on object 'Object Repository/Transaction/Page_Create new withdrawal  Transactions  F_057ce1/input_category'

01-01-2024T18:37:19 - [TEST_STEP][PASSED] - selectOptionByValue(findTestObject("Object Repository/Transaction/Page_Create new withdrawal  Transactions  F_057ce1/select_(no piggy bank)                  1 (_6b16ef"), piggy_bank, true): All options with value '0' are selected in object 'Object Repository/Transaction/Page_Create new withdrawal  Transactions  F_057ce1/select_(no piggy bank)                  1 (_6b16ef'  using regular expression

01-01-2024T18:37:20 - [MESSAGE][PASSED] - All options with value '0' are selected in object 'Object Repository/Transaction/Page_Create new withdrawal  Transactions  F_057ce1/select_(no piggy bank)                  1 (_6b16ef'  using regular expression

01-01-2024T18:37:20 - [TEST_STEP][PASSED] - setText(findTestObject("Object Repository/Transaction/Page_Create new withdrawal  Transactions  F_057ce1/input_ti-new-tag-input ti-valid"), tags): Text 'Lettuce - Red Leaf' is set on object 'Object Repository/Transaction/Page_Create new withdrawal  Transactions  F_057ce1/input_ti-new-tag-input ti-valid'

01-01-2024T18:37:21 - [MESSAGE][PASSED] - Text 'Lettuce - Red Leaf' is set on object 'Object Repository/Transaction/Page_Create new withdrawal  Transactions  F_057ce1/input_ti-new-tag-input ti-valid'

01-01-2024T18:37:21 - [TEST_STEP][PASSED] - try: null

01-01-2024T18:37:21 - [TEST_STEP][PASSED] - waitForElementPresent(findTestObject("Object Repository/Transaction/Page_Create new withdrawal  Transactions  F_057ce1/select_(none)      Name"), 0.5): null

01-01-2024T18:37:21 - [TEST_STEP][PASSED] - catch (Exception err): null

01-01-2024T18:37:21 - [TEST_STEP][PASSED] - out.println("not found bill"): null

01-01-2024T18:37:21 - [TEST_STEP][PASSED] - click(findTestObject("Object Repository/Transaction/Page_Create new withdrawal  Transactions  F_057ce1/button_Submit")): Object: 'Object Repository/Transaction/Page_Create new withdrawal  Transactions  F_057ce1/button_Submit' is clicked on

01-01-2024T18:37:21 - [MESSAGE][PASSED] - Object: 'Object Repository/Transaction/Page_Create new withdrawal  Transactions  F_057ce1/button_Submit' is clicked on

01-01-2024T18:37:21 - [TEST_STEP][PASSED] - try: null

01-01-2024T18:37:21 - [TEST_STEP][PASSED] - verifyElementPresent(findTestObject("Piggy Bank/Page_New piggy bank  Piggy banks  Firefly III/text_dangers"), 1): Object 'Object Repository/Piggy Bank/Page_New piggy bank  Piggy banks  Firefly III/text_dangers' is present

01-01-2024T18:37:22 - [MESSAGE][PASSED] - Object 'Object Repository/Piggy Bank/Page_New piggy bank  Piggy banks  Firefly III/text_dangers' is present

01-01-2024T18:37:22 - [TEST_STEP][PASSED] - verifyElementNotPresent(findTestObject("Piggy Bank/Page_New piggy bank  Piggy banks  Firefly III/success_alert"), 1): Web element with id: 'Object Repository/Piggy Bank/Page_New piggy bank  Piggy banks  Firefly III/success_alert' located by 'By.cssSelector: #app > div.content-wrapper > section.content > div' is not present after '1' second(s)

01-01-2024T18:37:22 - [MESSAGE][PASSED] - Web element with id: 'Object Repository/Piggy Bank/Page_New piggy bank  Piggy banks  Firefly III/success_alert' located by 'By.cssSelector: #app > div.content-wrapper > section.content > div' is not present after '1' second(s)

01-01-2024T18:37:22 - [TEST_STEP][PASSED] - out.println("text danger"): null

01-01-2024T18:37:22 - [TEST_STEP][PASSED] - closeBrowser(): Browser is closed

01-01-2024T18:37:22 - [MESSAGE][PASSED] - Browser is closed]]></system-out>
         <system-err><![CDATA[]]></system-err>
      </testcase>
      <testcase name="Test Cases/Transaction" time="19.221" classname="Test Cases/Transaction" status="PASSED">
         <system-out><![CDATA[01-01-2024T18:37:23 - [TEST_CASE][PASSED] - Test Cases/Transaction: Test Cases/Transaction

01-01-2024T18:37:23 - [TEST_STEP][PASSED] - openBrowser(""): Browser is opened with url: ''

01-01-2024T18:37:23 - [MESSAGE][INFO] - Starting 'Chrome' driver

01-01-2024T18:37:23 - [MESSAGE][INFO] - Action delay is set to 0 milliseconds

01-01-2024T18:37:23 - [MESSAGE][PASSED] - Browser is opened with url: ''

01-01-2024T18:37:23 - [TEST_STEP][PASSED] - navigateToUrl("https://firefly.buudadawg.online/login"): Navigate to 'https://firefly.buudadawg.online/login' successfully

01-01-2024T18:37:26 - [MESSAGE][PASSED] - Navigate to 'https://firefly.buudadawg.online/login' successfully

01-01-2024T18:37:26 - [TEST_STEP][PASSED] - setText(findTestObject("Object Repository/Transaction/Page_Login to Firefly III/input_email"), "killermh1352@gmail.com"): Text 'killermh1352@gmail.com' is set on object 'Object Repository/Transaction/Page_Login to Firefly III/input_email'

01-01-2024T18:37:27 - [MESSAGE][PASSED] - Text 'killermh1352@gmail.com' is set on object 'Object Repository/Transaction/Page_Login to Firefly III/input_email'

01-01-2024T18:37:27 - [TEST_STEP][PASSED] - setEncryptedText(findTestObject("Object Repository/Transaction/Page_Login to Firefly III/input_password"), "6oCTgB1F4BsRIglOqBBBioLQaRY939LF"): Text ****** has been set on object 'Object Repository/Transaction/Page_Login to Firefly III/input_password'

01-01-2024T18:37:28 - [MESSAGE][PASSED] - Text ****** has been set on object 'Object Repository/Transaction/Page_Login to Firefly III/input_password'

01-01-2024T18:37:28 - [TEST_STEP][PASSED] - sendKeys(findTestObject("Object Repository/Transaction/Page_Login to Firefly III/input_password"), Keys.chord(ENTER)): Keys 'ENTER + ' sent to object: 'Object Repository/Transaction/Page_Login to Firefly III/input_password'

01-01-2024T18:37:29 - [MESSAGE][PASSED] - Keys 'ENTER + ' sent to object: 'Object Repository/Transaction/Page_Login to Firefly III/input_password'

01-01-2024T18:37:29 - [TEST_STEP][PASSED] - click(findTestObject("Object Repository/Transaction/Page_Whats playing  Firefly III/a_Transactions")): Object: 'Object Repository/Transaction/Page_Whats playing  Firefly III/a_Transactions' is clicked on

01-01-2024T18:37:30 - [MESSAGE][PASSED] - Object: 'Object Repository/Transaction/Page_Whats playing  Firefly III/a_Transactions' is clicked on

01-01-2024T18:37:30 - [TEST_STEP][PASSED] - click(findTestObject("Object Repository/Transaction/Page_Whats playing  Firefly III/a_Expenses")): Object: 'Object Repository/Transaction/Page_Whats playing  Firefly III/a_Expenses' is clicked on

01-01-2024T18:37:31 - [MESSAGE][PASSED] - Object: 'Object Repository/Transaction/Page_Whats playing  Firefly III/a_Expenses' is clicked on

01-01-2024T18:37:31 - [TEST_STEP][PASSED] - click(findTestObject("Object Repository/Transaction/Page_All expenses between January 1st, 2024_d388e7/a_Create a new transaction")): Object: 'Object Repository/Transaction/Page_All expenses between January 1st, 2024_d388e7/a_Create a new transaction' is clicked on

01-01-2024T18:37:32 - [MESSAGE][PASSED] - Object: 'Object Repository/Transaction/Page_All expenses between January 1st, 2024_d388e7/a_Create a new transaction' is clicked on

01-01-2024T18:37:32 - [TEST_STEP][PASSED] - setText(findTestObject("Transaction/Page_Create new withdrawal  Transactions  F_057ce1/input_description"), description): Text 'Clothing/Shoe/Accessory Stores' is set on object 'Object Repository/Transaction/Page_Create new withdrawal  Transactions  F_057ce1/input_description'

01-01-2024T18:37:33 - [MESSAGE][PASSED] - Text 'Clothing/Shoe/Accessory Stores' is set on object 'Object Repository/Transaction/Page_Create new withdrawal  Transactions  F_057ce1/input_description'

01-01-2024T18:37:33 - [TEST_STEP][PASSED] - setText(findTestObject("Object Repository/Transaction/Page_Create new withdrawal  Transactions  F_057ce1/input_source"), source_account, STOP_ON_FAILURE): Text 'My Asset Account' is set on object 'Object Repository/Transaction/Page_Create new withdrawal  Transactions  F_057ce1/input_source'

01-01-2024T18:37:34 - [MESSAGE][PASSED] - Text 'My Asset Account' is set on object 'Object Repository/Transaction/Page_Create new withdrawal  Transactions  F_057ce1/input_source'

01-01-2024T18:37:34 - [TEST_STEP][PASSED] - setText(findTestObject("Object Repository/Transaction/Page_Create new withdrawal  Transactions  F_057ce1/input_destination"), destination_account, STOP_ON_FAILURE): Text 'My Savings Account' is set on object 'Object Repository/Transaction/Page_Create new withdrawal  Transactions  F_057ce1/input_destination'

01-01-2024T18:37:35 - [MESSAGE][PASSED] - Text 'My Savings Account' is set on object 'Object Repository/Transaction/Page_Create new withdrawal  Transactions  F_057ce1/input_destination'

01-01-2024T18:37:35 - [TEST_STEP][PASSED] - setText(findTestObject("Transaction/Page_Create new withdrawal  Transactions  F_057ce1/input_date"), date): Text '2023-08-25T15:05' is set on object 'Object Repository/Transaction/Page_Create new withdrawal  Transactions  F_057ce1/input_date'

01-01-2024T18:37:36 - [MESSAGE][PASSED] - Text '2023-08-25T15:05' is set on object 'Object Repository/Transaction/Page_Create new withdrawal  Transactions  F_057ce1/input_date'

01-01-2024T18:37:36 - [TEST_STEP][PASSED] - setText(findTestObject("Object Repository/Transaction/Page_Create new withdrawal  Transactions  F_057ce1/input_amount"), amount): Text '92' is set on object 'Object Repository/Transaction/Page_Create new withdrawal  Transactions  F_057ce1/input_amount'

01-01-2024T18:37:37 - [MESSAGE][PASSED] - Text '92' is set on object 'Object Repository/Transaction/Page_Create new withdrawal  Transactions  F_057ce1/input_amount'

01-01-2024T18:37:37 - [TEST_STEP][PASSED] - if (getText(findTestObject("Object Repository/Transaction/Page_Create new withdrawal  Transactions  F_057ce1/select_foreign_currency")) == ""): Text of object 'Object Repository/Transaction/Page_Create new withdrawal  Transactions  F_057ce1/select_foreign_currency' is: 'Euro'

01-01-2024T18:37:37 - [MESSAGE][PASSED] - Text of object 'Object Repository/Transaction/Page_Create new withdrawal  Transactions  F_057ce1/select_foreign_currency' is: 'Euro'

01-01-2024T18:37:37 - [TEST_STEP][PASSED] - try: null

01-01-2024T18:37:37 - [TEST_STEP][PASSED] - waitForElementPresent(findTestObject("Object Repository/Transaction/Page_Create new withdrawal  Transactions  F_057ce1/select_(none)      My Budget", 0.5)): null

01-01-2024T18:37:37 - [TEST_STEP][PASSED] - catch (Exception err): null

01-01-2024T18:37:37 - [TEST_STEP][PASSED] - out.println("not found budget"): null

01-01-2024T18:37:37 - [TEST_STEP][PASSED] - setText(findTestObject("Object Repository/Transaction/Page_Create new withdrawal  Transactions  F_057ce1/input_category"), category): Text 'Masonry' is set on object 'Object Repository/Transaction/Page_Create new withdrawal  Transactions  F_057ce1/input_category'

01-01-2024T18:37:38 - [MESSAGE][PASSED] - Text 'Masonry' is set on object 'Object Repository/Transaction/Page_Create new withdrawal  Transactions  F_057ce1/input_category'

01-01-2024T18:37:38 - [TEST_STEP][PASSED] - selectOptionByValue(findTestObject("Object Repository/Transaction/Page_Create new withdrawal  Transactions  F_057ce1/select_(no piggy bank)                  1 (_6b16ef"), piggy_bank, true): All options with value '42' are selected in object 'Object Repository/Transaction/Page_Create new withdrawal  Transactions  F_057ce1/select_(no piggy bank)                  1 (_6b16ef'  using regular expression

01-01-2024T18:37:40 - [MESSAGE][PASSED] - All options with value '42' are selected in object 'Object Repository/Transaction/Page_Create new withdrawal  Transactions  F_057ce1/select_(no piggy bank)                  1 (_6b16ef'  using regular expression

01-01-2024T18:37:40 - [TEST_STEP][PASSED] - setText(findTestObject("Object Repository/Transaction/Page_Create new withdrawal  Transactions  F_057ce1/input_ti-new-tag-input ti-valid"), tags): Text '' is set on object 'Object Repository/Transaction/Page_Create new withdrawal  Transactions  F_057ce1/input_ti-new-tag-input ti-valid'

01-01-2024T18:37:40 - [MESSAGE][PASSED] - Text '' is set on object 'Object Repository/Transaction/Page_Create new withdrawal  Transactions  F_057ce1/input_ti-new-tag-input ti-valid'

01-01-2024T18:37:40 - [TEST_STEP][PASSED] - try: null

01-01-2024T18:37:40 - [TEST_STEP][PASSED] - waitForElementPresent(findTestObject("Object Repository/Transaction/Page_Create new withdrawal  Transactions  F_057ce1/select_(none)      Name"), 0.5): null

01-01-2024T18:37:40 - [TEST_STEP][PASSED] - catch (Exception err): null

01-01-2024T18:37:40 - [TEST_STEP][PASSED] - out.println("not found bill"): null

01-01-2024T18:37:40 - [TEST_STEP][PASSED] - click(findTestObject("Object Repository/Transaction/Page_Create new withdrawal  Transactions  F_057ce1/button_Submit")): Object: 'Object Repository/Transaction/Page_Create new withdrawal  Transactions  F_057ce1/button_Submit' is clicked on

01-01-2024T18:37:41 - [MESSAGE][PASSED] - Object: 'Object Repository/Transaction/Page_Create new withdrawal  Transactions  F_057ce1/button_Submit' is clicked on

01-01-2024T18:37:41 - [TEST_STEP][PASSED] - try: null

01-01-2024T18:37:41 - [TEST_STEP][PASSED] - verifyElementPresent(findTestObject("Piggy Bank/Page_New piggy bank  Piggy banks  Firefly III/text_dangers"), 1): Object 'Object Repository/Piggy Bank/Page_New piggy bank  Piggy banks  Firefly III/text_dangers' is present

01-01-2024T18:37:41 - [MESSAGE][PASSED] - Object 'Object Repository/Piggy Bank/Page_New piggy bank  Piggy banks  Firefly III/text_dangers' is present

01-01-2024T18:37:41 - [TEST_STEP][PASSED] - verifyElementNotPresent(findTestObject("Piggy Bank/Page_New piggy bank  Piggy banks  Firefly III/success_alert"), 1): Web element with id: 'Object Repository/Piggy Bank/Page_New piggy bank  Piggy banks  Firefly III/success_alert' located by 'By.cssSelector: #app > div.content-wrapper > section.content > div' is not present after '1' second(s)

01-01-2024T18:37:42 - [MESSAGE][PASSED] - Web element with id: 'Object Repository/Piggy Bank/Page_New piggy bank  Piggy banks  Firefly III/success_alert' located by 'By.cssSelector: #app > div.content-wrapper > section.content > div' is not present after '1' second(s)

01-01-2024T18:37:42 - [TEST_STEP][PASSED] - out.println("text danger"): null

01-01-2024T18:37:42 - [TEST_STEP][PASSED] - closeBrowser(): Browser is closed

01-01-2024T18:37:42 - [MESSAGE][PASSED] - Browser is closed]]></system-out>
         <system-err><![CDATA[]]></system-err>
      </testcase>
      <system-out><![CDATA[01-01-2024T18:37:02 - [TEST_SUITE][PASSED] - Transaction: Test Cases/Transaction]]></system-out>
      <system-err><![CDATA[]]></system-err>
   </testsuite>
</testsuites>
