<?xml version="1.0" encoding="UTF-8"?>
<testsuites name="Piggy Bank" time="17.938" tests="1" failures="0" errors="0">
   <testsuite name="Piggy Bank" tests="1" failures="0" errors="0" time="17.938" skipped="0" timestamp="01-01-2024T10:00:49" hostname="MODERN 15 - Phuc" id="Test Suites/Piggy Bank">
      <properties>
         <property name="deviceName" value=""/>
         <property name="devicePlatform" value=""/>
         <property name="logFolder" value="C:\\Users\\MODERN 15\\git\\G1_Firefly_testing\\Reports\\20240101_100044\\Piggy Bank\\20240101_100044"/>
         <property name="logFiles" value="C:\\Users\\MODERN 15\\git\\G1_Firefly_testing\\Reports\\20240101_100044\\Piggy Bank\\20240101_100044\\execution0.log"/>
         <property name="attachments" value=""/>
         <property name="hostName" value="MODERN 15 - Phuc"/>
         <property name="os" value="Windows 11 64bit"/>
         <property name="katalonVersion" value="9.1.0.212"/>
         <property name="browser" value="Chrome 120.0.0.0"/>
         <property name="hostAddress" value="192.168.1.4"/>
         <property name="sessionId" value="15792405eadfb0b2e34b1eae5c3883a8"/>
         <property name="seleniumVersion" value="3.141.59"/>
         <property name="proxyInformation" value="ProxyInformation { proxyOption=NO_PROXY, proxyServerType=HTTP, username=, password=********, proxyServerAddress=, proxyServerPort=0, executionList=&quot;&quot;, isApplyToDesiredCapabilities=true }"/>
         <property name="platform" value="Windows 11"/>
      </properties>
      <testcase name="Test Cases/Create piggy bank" time="17.692" classname="Test Cases/Create piggy bank" status="PASSED">
         <system-out><![CDATA[01-01-2024T10:00:49 - [TEST_CASE][PASSED] - Test Cases/Create piggy bank: Test Cases/Create piggy bank

01-01-2024T10:00:50 - [TEST_STEP][PASSED] - openBrowser(""): Browser is opened with url: ''

01-01-2024T10:00:50 - [MESSAGE][INFO] - Starting 'Chrome' driver

01-01-2024T10:00:50 - [MESSAGE][INFO] - Action delay is set to 0 milliseconds

01-01-2024T10:00:52 - [MESSAGE][PASSED] - Browser is opened with url: ''

01-01-2024T10:00:52 - [TEST_STEP][PASSED] - navigateToUrl("https://firefly.buudadawg.online/login"): Navigate to 'https://firefly.buudadawg.online/login' successfully

01-01-2024T10:00:55 - [MESSAGE][PASSED] - Navigate to 'https://firefly.buudadawg.online/login' successfully

01-01-2024T10:00:55 - [TEST_STEP][PASSED] - setText(findTestObject("Object Repository/Piggy Bank/Page_Login to Firefly III/input_email"), "killermh1352@gmail.com"): Text 'killermh1352@gmail.com' is set on object 'Object Repository/Piggy Bank/Page_Login to Firefly III/input_email'

01-01-2024T10:00:57 - [MESSAGE][PASSED] - Text 'killermh1352@gmail.com' is set on object 'Object Repository/Piggy Bank/Page_Login to Firefly III/input_email'

01-01-2024T10:00:57 - [TEST_STEP][PASSED] - setEncryptedText(findTestObject("Object Repository/Piggy Bank/Page_Login to Firefly III/input_password"), "6oCTgB1F4BsRIglOqBBBioLQaRY939LF"): Text ****** has been set on object 'Object Repository/Piggy Bank/Page_Login to Firefly III/input_password'

01-01-2024T10:00:57 - [MESSAGE][PASSED] - Text ****** has been set on object 'Object Repository/Piggy Bank/Page_Login to Firefly III/input_password'

01-01-2024T10:00:57 - [TEST_STEP][PASSED] - click(findTestObject("Object Repository/Piggy Bank/Page_Login to Firefly III/button_Sign in")): Object: 'Object Repository/Piggy Bank/Page_Login to Firefly III/button_Sign in' is clicked on

01-01-2024T10:00:58 - [MESSAGE][PASSED] - Object: 'Object Repository/Piggy Bank/Page_Login to Firefly III/button_Sign in' is clicked on

01-01-2024T10:00:58 - [TEST_STEP][PASSED] - click(findTestObject("Object Repository/Piggy Bank/Page_Whats playing  Firefly III/a_Piggy banks")): Object: 'Object Repository/Piggy Bank/Page_Whats playing  Firefly III/a_Piggy banks' is clicked on

01-01-2024T10:01:00 - [MESSAGE][PASSED] - Object: 'Object Repository/Piggy Bank/Page_Whats playing  Firefly III/a_Piggy banks' is clicked on

01-01-2024T10:01:00 - [TEST_STEP][PASSED] - click(findTestObject("Object Repository/Piggy Bank/Page_Piggy banks  Firefly III/a_Create new piggy bank")): Object: 'Object Repository/Piggy Bank/Page_Piggy banks  Firefly III/a_Create new piggy bank' is clicked on

01-01-2024T10:01:01 - [MESSAGE][PASSED] - Object: 'Object Repository/Piggy Bank/Page_Piggy banks  Firefly III/a_Create new piggy bank' is clicked on

01-01-2024T10:01:01 - [TEST_STEP][PASSED] - setText(findTestObject("Object Repository/Piggy Bank/Page_New piggy bank  Piggy banks  Firefly III/input_name"), "Katalon Piggy Bank"): Text 'Katalon Piggy Bank' is set on object 'Object Repository/Piggy Bank/Page_New piggy bank  Piggy banks  Firefly III/input_name'

01-01-2024T10:01:03 - [MESSAGE][PASSED] - Text 'Katalon Piggy Bank' is set on object 'Object Repository/Piggy Bank/Page_New piggy bank  Piggy banks  Firefly III/input_name'

01-01-2024T10:01:03 - [TEST_STEP][PASSED] - setText(findTestObject("Object Repository/Piggy Bank/Page_New piggy bank  Piggy banks  Firefly III/input_targetamount"), "100"): Text '100' is set on object 'Object Repository/Piggy Bank/Page_New piggy bank  Piggy banks  Firefly III/input_targetamount'

01-01-2024T10:01:03 - [MESSAGE][PASSED] - Text '100' is set on object 'Object Repository/Piggy Bank/Page_New piggy bank  Piggy banks  Firefly III/input_targetamount'

01-01-2024T10:01:03 - [TEST_STEP][PASSED] - setText(findTestObject("Object Repository/Piggy Bank/Page_New piggy bank  Piggy banks  Firefly III/textarea_notes"), "Noting..."): Text 'Noting...' is set on object 'Object Repository/Piggy Bank/Page_New piggy bank  Piggy banks  Firefly III/textarea_notes'

01-01-2024T10:01:04 - [MESSAGE][PASSED] - Text 'Noting...' is set on object 'Object Repository/Piggy Bank/Page_New piggy bank  Piggy banks  Firefly III/textarea_notes'

01-01-2024T10:01:04 - [TEST_STEP][PASSED] - setText(findTestObject("Object Repository/Piggy Bank/Page_New piggy bank  Piggy banks  Firefly III/input_object_group"), "Group"): Text 'Group' is set on object 'Object Repository/Piggy Bank/Page_New piggy bank  Piggy banks  Firefly III/input_object_group'

01-01-2024T10:01:05 - [MESSAGE][PASSED] - Text 'Group' is set on object 'Object Repository/Piggy Bank/Page_New piggy bank  Piggy banks  Firefly III/input_object_group'

01-01-2024T10:01:05 - [TEST_STEP][PASSED] - click(findTestObject("Object Repository/Piggy Bank/Page_New piggy bank  Piggy banks  Firefly III/button_Store new piggy bank")): Object: 'Object Repository/Piggy Bank/Page_New piggy bank  Piggy banks  Firefly III/button_Store new piggy bank' is clicked on

01-01-2024T10:01:07 - [MESSAGE][PASSED] - Object: 'Object Repository/Piggy Bank/Page_New piggy bank  Piggy banks  Firefly III/button_Store new piggy bank' is clicked on

01-01-2024T10:01:07 - [TEST_STEP][PASSED] - closeBrowser(): Browser is closed

01-01-2024T10:01:07 - [MESSAGE][PASSED] - Browser is closed]]></system-out>
         <system-err><![CDATA[]]></system-err>
      </testcase>
      <system-out><![CDATA[01-01-2024T10:00:49 - [TEST_SUITE][PASSED] - Piggy Bank: Test Cases/Create piggy bank]]></system-out>
      <system-err><![CDATA[]]></system-err>
   </testsuite>
</testsuites>
