<?xml version="1.0" encoding="UTF-8"?>
<testsuites name="Piggy Bank" time="240.033" tests="10" failures="3" errors="0">
   <testsuite name="Piggy Bank" tests="10" failures="3" errors="0" time="240.033" skipped="0" timestamp="01-01-2024T23:08:17" hostname="MODERN 15 - Phuc" id="Test Suites/Piggy Bank">
      <properties>
         <property name="deviceName" value=""/>
         <property name="devicePlatform" value=""/>
         <property name="logFolder" value="C:\\Users\\MODERN 15\\git\\G1_Firefly_testing\\Reports\\20240101_230812\\Piggy Bank\\20240101_230812"/>
         <property name="logFiles" value="C:\\Users\\MODERN 15\\git\\G1_Firefly_testing\\Reports\\20240101_230812\\Piggy Bank\\20240101_230812\\execution0.log"/>
         <property name="attachments" value="C:\\Users\\MODERN 15\\git\\G1_Firefly_testing\\Reports\\20240101_230812\\Piggy Bank\\20240101_230812\\1704125319919.png, C:\\Users\\MODERN 15\\git\\G1_Firefly_testing\\Reports\\20240101_230812\\Piggy Bank\\20240101_230812\\1704125320099.png, C:\\Users\\MODERN 15\\git\\G1_Firefly_testing\\Reports\\20240101_230812\\Piggy Bank\\20240101_230812\\1704125337261.png, C:\\Users\\MODERN 15\\git\\G1_Firefly_testing\\Reports\\20240101_230812\\Piggy Bank\\20240101_230812\\1704125356008.png, C:\\Users\\MODERN 15\\git\\G1_Firefly_testing\\Reports\\20240101_230812\\Piggy Bank\\20240101_230812\\1704125374945.png, C:\\Users\\MODERN 15\\git\\G1_Firefly_testing\\Reports\\20240101_230812\\Piggy Bank\\20240101_230812\\1704125375086.png, C:\\Users\\MODERN 15\\git\\G1_Firefly_testing\\Reports\\20240101_230812\\Piggy Bank\\20240101_230812\\1704125401278.png, C:\\Users\\MODERN 15\\git\\G1_Firefly_testing\\Reports\\20240101_230812\\Piggy Bank\\20240101_230812\\1704125401404.png, C:\\Users\\MODERN 15\\git\\G1_Firefly_testing\\Reports\\20240101_230812\\Piggy Bank\\20240101_230812\\1704125416957.png, C:\\Users\\MODERN 15\\git\\G1_Firefly_testing\\Reports\\20240101_230812\\Piggy Bank\\20240101_230812\\1704125470861.png, C:\\Users\\MODERN 15\\git\\G1_Firefly_testing\\Reports\\20240101_230812\\Piggy Bank\\20240101_230812\\1704125470988.png, C:\\Users\\MODERN 15\\git\\G1_Firefly_testing\\Reports\\20240101_230812\\Piggy Bank\\20240101_230812\\1704125489632.png, C:\\Users\\MODERN 15\\git\\G1_Firefly_testing\\Reports\\20240101_230812\\Piggy Bank\\20240101_230812\\1704125489759.png, C:\\Users\\MODERN 15\\git\\G1_Firefly_testing\\Reports\\20240101_230812\\Piggy Bank\\20240101_230812\\1704125507734.png, C:\\Users\\MODERN 15\\git\\G1_Firefly_testing\\Reports\\20240101_230812\\Piggy Bank\\20240101_230812\\1704125507861.png, C:\\Users\\MODERN 15\\git\\G1_Firefly_testing\\Reports\\20240101_230812\\Piggy Bank\\20240101_230812\\1704125536884.png, C:\\Users\\MODERN 15\\git\\G1_Firefly_testing\\Reports\\20240101_230812\\Piggy Bank\\20240101_230812\\1704125536996.png"/>
         <property name="hostName" value="MODERN 15 - Phuc"/>
         <property name="os" value="Windows 11 64bit"/>
         <property name="katalonVersion" value="9.1.0.212"/>
         <property name="browser" value="Chrome 120.0.0.0"/>
         <property name="hostAddress" value="192.168.1.4"/>
         <property name="sessionId" value="db06e430e171809b2a35ceb62f1cdb76"/>
         <property name="seleniumVersion" value="3.141.59"/>
         <property name="proxyInformation" value="ProxyInformation { proxyOption=NO_PROXY, proxyServerType=HTTP, username=, password=********, proxyServerAddress=, proxyServerPort=0, executionList=&quot;&quot;, isApplyToDesiredCapabilities=true }"/>
         <property name="platform" value="Windows 11"/>
      </properties>
      <testcase name="Test Cases/Piggy Bank" time="22.833" classname="Test Cases/Piggy Bank" status="PASSED">
         <system-out><![CDATA[01-01-2024T23:08:18 - [TEST_CASE][PASSED] - Test Cases/Piggy Bank: Test Cases/Piggy Bank

01-01-2024T23:08:18 - [TEST_STEP][PASSED] - openBrowser(""): Browser is opened with url: ''

01-01-2024T23:08:19 - [MESSAGE][INFO] - Starting 'Chrome' driver

01-01-2024T23:08:19 - [MESSAGE][INFO] - Action delay is set to 0 milliseconds

01-01-2024T23:08:21 - [MESSAGE][PASSED] - Browser is opened with url: ''

01-01-2024T23:08:21 - [TEST_STEP][PASSED] - navigateToUrl("https://firefly.buudadawg.online/login"): Navigate to 'https://firefly.buudadawg.online/login' successfully

01-01-2024T23:08:24 - [MESSAGE][PASSED] - Navigate to 'https://firefly.buudadawg.online/login' successfully

01-01-2024T23:08:24 - [TEST_STEP][PASSED] - setText(findTestObject("Object Repository/Piggy Bank/Page_Login to Firefly III/input_email"), username): Text 'killermh1352@gmail.com' is set on object 'Object Repository/Piggy Bank/Page_Login to Firefly III/input_email'

01-01-2024T23:08:25 - [MESSAGE][PASSED] - Text 'killermh1352@gmail.com' is set on object 'Object Repository/Piggy Bank/Page_Login to Firefly III/input_email'

01-01-2024T23:08:25 - [TEST_STEP][PASSED] - setText(findTestObject("Object Repository/Piggy Bank/Page_Login to Firefly III/input_password"), password): Text 'tranvinhphuc2002' is set on object 'Object Repository/Piggy Bank/Page_Login to Firefly III/input_password'

01-01-2024T23:08:26 - [MESSAGE][PASSED] - Text 'tranvinhphuc2002' is set on object 'Object Repository/Piggy Bank/Page_Login to Firefly III/input_password'

01-01-2024T23:08:26 - [TEST_STEP][PASSED] - sendKeys(findTestObject("Object Repository/Piggy Bank/Page_Login to Firefly III/input_password"), Keys.chord(ENTER)): Keys 'ENTER + ' sent to object: 'Object Repository/Piggy Bank/Page_Login to Firefly III/input_password'

01-01-2024T23:08:27 - [MESSAGE][PASSED] - Keys 'ENTER + ' sent to object: 'Object Repository/Piggy Bank/Page_Login to Firefly III/input_password'

01-01-2024T23:08:27 - [TEST_STEP][PASSED] - click(findTestObject("Object Repository/Piggy Bank/Page_Whats playing  Firefly III/a_Piggy banks")): Object: 'Object Repository/Piggy Bank/Page_Whats playing  Firefly III/a_Piggy banks' is clicked on

01-01-2024T23:08:29 - [MESSAGE][PASSED] - Object: 'Object Repository/Piggy Bank/Page_Whats playing  Firefly III/a_Piggy banks' is clicked on

01-01-2024T23:08:29 - [TEST_STEP][PASSED] - click(findTestObject("Piggy Bank/Page_Piggy banks  Firefly III/a_Create new piggy bank")): Object: 'Object Repository/Piggy Bank/Page_Piggy banks  Firefly III/a_Create new piggy bank' is clicked on

01-01-2024T23:08:30 - [MESSAGE][PASSED] - Object: 'Object Repository/Piggy Bank/Page_Piggy banks  Firefly III/a_Create new piggy bank' is clicked on

01-01-2024T23:08:30 - [TEST_STEP][PASSED] - setText(findTestObject("Object Repository/Piggy Bank/Page_New piggy bank  Piggy banks  Firefly III/input_name"), name): Text 'Target Corporation' is set on object 'Object Repository/Piggy Bank/Page_New piggy bank  Piggy banks  Firefly III/input_name'

01-01-2024T23:08:31 - [MESSAGE][PASSED] - Text 'Target Corporation' is set on object 'Object Repository/Piggy Bank/Page_New piggy bank  Piggy banks  Firefly III/input_name'

01-01-2024T23:08:31 - [TEST_STEP][PASSED] - selectOptionByLabel(findTestObject("Object Repository/Piggy Bank/Page_New piggy bank  Piggy banks  Firefly III/select_My Savings AccountMy Asset Account"), save_on_account, true): All options with label 'My Savings Account' are selected in object 'Object Repository/Piggy Bank/Page_New piggy bank  Piggy banks  Firefly III/select_My Savings AccountMy Asset Account'  using regular expression

01-01-2024T23:08:31 - [MESSAGE][PASSED] - All options with label 'My Savings Account' are selected in object 'Object Repository/Piggy Bank/Page_New piggy bank  Piggy banks  Firefly III/select_My Savings AccountMy Asset Account'  using regular expression

01-01-2024T23:08:32 - [TEST_STEP][PASSED] - setText(findTestObject("Object Repository/Piggy Bank/Page_New piggy bank  Piggy banks  Firefly III/input_targetamount"), target_amount): Text '68716' is set on object 'Object Repository/Piggy Bank/Page_New piggy bank  Piggy banks  Firefly III/input_targetamount'

01-01-2024T23:08:32 - [MESSAGE][PASSED] - Text '68716' is set on object 'Object Repository/Piggy Bank/Page_New piggy bank  Piggy banks  Firefly III/input_targetamount'

01-01-2024T23:08:32 - [TEST_STEP][PASSED] - setText(findTestObject("Object Repository/Piggy Bank/Page_New piggy bank  Piggy banks  Firefly III/textarea_notes"), notes): Text 'adipiscing elit proin interdum mauris non ligula pellentesque ultrices phasellus id sapien in sapien iaculis congue vivamus metus arcu adipiscing molestie hendrerit at vulputate vitae nisl aenean lectus pellentesque eget nunc donec quis orci eget orci vehicula condimentum curabitur in libero ut massa volutpat convallis morbi odio odio elementum eu interdum eu tincidunt in leo maecenas pulvinar lobortis est phasellus sit amet erat nulla tempus vivamus in felis eu sapien cursus' is set on object 'Object Repository/Piggy Bank/Page_New piggy bank  Piggy banks  Firefly III/textarea_notes'

01-01-2024T23:08:34 - [MESSAGE][PASSED] - Text 'adipiscing elit proin interdum mauris non ligula pellentesque ultrices phasellus id sapien in sapien iaculis congue vivamus metus arcu adipiscing molestie hendrerit at vulputate vitae nisl aenean lectus pellentesque eget nunc donec quis orci eget orci vehicula condimentum curabitur in libero ut massa volutpat convallis morbi odio odio elementum eu interdum eu tincidunt in leo maecenas pulvinar lobortis est phasellus sit amet erat nulla tempus vivamus in felis eu sapien cursus' is set on object 'Object Repository/Piggy Bank/Page_New piggy bank  Piggy banks  Firefly III/textarea_notes'

01-01-2024T23:08:34 - [TEST_STEP][PASSED] - setText(findTestObject("Object Repository/Piggy Bank/Page_New piggy bank  Piggy banks  Firefly III/input_object_group"), group): Text '' is set on object 'Object Repository/Piggy Bank/Page_New piggy bank  Piggy banks  Firefly III/input_object_group'

01-01-2024T23:08:35 - [MESSAGE][PASSED] - Text '' is set on object 'Object Repository/Piggy Bank/Page_New piggy bank  Piggy banks  Firefly III/input_object_group'

01-01-2024T23:08:35 - [TEST_STEP][PASSED] - setText(findTestObject("Piggy Bank/Page_New piggy bank  Piggy banks  Firefly III/input_date"), target_date): Text '' is set on object 'Object Repository/Piggy Bank/Page_New piggy bank  Piggy banks  Firefly III/input_date'

01-01-2024T23:08:36 - [MESSAGE][PASSED] - Text '' is set on object 'Object Repository/Piggy Bank/Page_New piggy bank  Piggy banks  Firefly III/input_date'

01-01-2024T23:08:36 - [TEST_STEP][PASSED] - if (attachment): null

01-01-2024T23:08:36 - [TEST_STEP][PASSED] - click(findTestObject("Object Repository/Piggy Bank/Page_New piggy bank  Piggy banks  Firefly III/div_Mandatory fields                       _ed7e9e")): Object: 'Object Repository/Piggy Bank/Page_New piggy bank  Piggy banks  Firefly III/div_Mandatory fields                       _ed7e9e' is clicked on

01-01-2024T23:08:36 - [MESSAGE][PASSED] - Object: 'Object Repository/Piggy Bank/Page_New piggy bank  Piggy banks  Firefly III/div_Mandatory fields                       _ed7e9e' is clicked on

01-01-2024T23:08:36 - [TEST_STEP][PASSED] - click(findTestObject("Object Repository/Piggy Bank/Page_New piggy bank  Piggy banks  Firefly III/button_Store new piggy bank")): Object: 'Object Repository/Piggy Bank/Page_New piggy bank  Piggy banks  Firefly III/button_Store new piggy bank' is clicked on

01-01-2024T23:08:38 - [MESSAGE][PASSED] - Object: 'Object Repository/Piggy Bank/Page_New piggy bank  Piggy banks  Firefly III/button_Store new piggy bank' is clicked on

01-01-2024T23:08:38 - [TEST_STEP][FAILED] - try: Unable to verify object 'Object Repository/Shared_alert/success_alert' is not present (Root cause: com.kms.katalon.core.exception.StepFailedException: Unable to verify object 'Object Repository/Shared_alert/success_alert' is not present
	at com.kms.katalon.core.webui.keyword.internal.WebUIKeywordMain.stepFailed(WebUIKeywordMain.groovy:64)
	at com.kms.katalon.core.webui.keyword.internal.WebUIKeywordMain.runKeyword(WebUIKeywordMain.groovy:26)
	at com.kms.katalon.core.webui.keyword.internal.WebUIKeywordMain$runKeyword.call(Unknown Source)
	at com.kms.katalon.core.webui.keyword.builtin.VerifyElementNotPresentKeyword.verifyElementNotPresent(VerifyElementNotPresentKeyword.groovy:122)
	at com.kms.katalon.core.webui.keyword.builtin.VerifyElementNotPresentKeyword.execute(VerifyElementNotPresentKeyword.groovy:68)
	at com.kms.katalon.core.keyword.internal.KeywordExecutor.executeKeywordForPlatform(KeywordExecutor.groovy:74)
	at com.kms.katalon.core.webui.keyword.WebUiBuiltInKeywords.verifyElementNotPresent(WebUiBuiltInKeywords.groovy:1536)
	at Piggy Bank.run(Piggy Bank:64)
	at com.kms.katalon.core.main.ScriptEngine.run(ScriptEngine.java:194)
	at com.kms.katalon.core.main.ScriptEngine.runScriptAsRawText(ScriptEngine.java:119)
	at com.kms.katalon.core.main.TestCaseExecutor.runScript(TestCaseExecutor.java:448)
	at com.kms.katalon.core.main.TestCaseExecutor.doExecute(TestCaseExecutor.java:439)
	at com.kms.katalon.core.main.TestCaseExecutor.processExecutionPhase(TestCaseExecutor.java:418)
	at com.kms.katalon.core.main.TestCaseExecutor.accessMainPhase(TestCaseExecutor.java:410)
	at com.kms.katalon.core.main.TestCaseExecutor.execute(TestCaseExecutor.java:285)
	at com.kms.katalon.core.common.CommonExecutor.accessTestCaseMainPhase(CommonExecutor.java:65)
	at com.kms.katalon.core.main.TestSuiteExecutor.accessTestSuiteMainPhase(TestSuiteExecutor.java:148)
	at com.kms.katalon.core.main.TestSuiteExecutor.execute(TestSuiteExecutor.java:106)
	at com.kms.katalon.core.main.TestCaseMain.startTestSuite(TestCaseMain.java:180)
	at TempTestSuite1704125292372.run(TempTestSuite1704125292372.groovy:36)
	at java.base/jdk.internal.reflect.NativeMethodAccessorImpl.invoke0(Native Method)
	at java.base/jdk.internal.reflect.NativeMethodAccessorImpl.invoke(NativeMethodAccessorImpl.java:77)
	at java.base/jdk.internal.reflect.DelegatingMethodAccessorImpl.invoke(DelegatingMethodAccessorImpl.java:43)
Caused by: com.kms.katalon.core.exception.StepFailedException: Web element with id: 'Object Repository/Shared_alert/success_alert' located by 'By.cssSelector: #app > div.content-wrapper > section.content > div' is present after '1' second(s)
	at com.kms.katalon.core.webui.keyword.internal.WebUIKeywordMain.stepFailed(WebUIKeywordMain.groovy:64)
	at com.kms.katalon.core.webui.keyword.internal.WebUIKeywordMain$stepFailed$0.call(Unknown Source)
	at com.kms.katalon.core.webui.keyword.builtin.VerifyElementNotPresentKeyword$_verifyElementNotPresent_closure1.doCall(VerifyElementNotPresentKeyword.groovy:113)
	at com.kms.katalon.core.webui.keyword.builtin.VerifyElementNotPresentKeyword$_verifyElementNotPresent_closure1.doCall(VerifyElementNotPresentKeyword.groovy)
	at java.base/jdk.internal.reflect.NativeMethodAccessorImpl.invoke0(Native Method)
	at java.base/jdk.internal.reflect.NativeMethodAccessorImpl.invoke(NativeMethodAccessorImpl.java:77)
	at java.base/jdk.internal.reflect.DelegatingMethodAccessorImpl.invoke(DelegatingMethodAccessorImpl.java:43)
	at com.kms.katalon.core.webui.keyword.internal.WebUIKeywordMain.runKeyword(WebUIKeywordMain.groovy:20)
	... 21 more
)

01-01-2024T23:08:38 - [TEST_STEP][PASSED] - verifyElementPresent(findTestObject("Shared_alert/text_dangers"), 1): Object 'Object Repository/Shared_alert/text_dangers' is present

01-01-2024T23:08:38 - [MESSAGE][PASSED] - Object 'Object Repository/Shared_alert/text_dangers' is present

01-01-2024T23:08:38 - [TEST_STEP][FAILED] - verifyElementNotPresent(findTestObject("Shared_alert/success_alert"), 1): Unable to verify object 'Object Repository/Shared_alert/success_alert' is not present (Root cause: com.kms.katalon.core.exception.StepFailedException: Unable to verify object 'Object Repository/Shared_alert/success_alert' is not present
	at com.kms.katalon.core.webui.keyword.internal.WebUIKeywordMain.stepFailed(WebUIKeywordMain.groovy:64)
	at com.kms.katalon.core.webui.keyword.internal.WebUIKeywordMain.runKeyword(WebUIKeywordMain.groovy:26)
	at com.kms.katalon.core.webui.keyword.internal.WebUIKeywordMain$runKeyword.call(Unknown Source)
	at com.kms.katalon.core.webui.keyword.builtin.VerifyElementNotPresentKeyword.verifyElementNotPresent(VerifyElementNotPresentKeyword.groovy:122)
	at com.kms.katalon.core.webui.keyword.builtin.VerifyElementNotPresentKeyword.execute(VerifyElementNotPresentKeyword.groovy:68)
	at com.kms.katalon.core.keyword.internal.KeywordExecutor.executeKeywordForPlatform(KeywordExecutor.groovy:74)
	at com.kms.katalon.core.webui.keyword.WebUiBuiltInKeywords.verifyElementNotPresent(WebUiBuiltInKeywords.groovy:1536)
	at Piggy Bank.run(Piggy Bank:64)
	at com.kms.katalon.core.main.ScriptEngine.run(ScriptEngine.java:194)
	at com.kms.katalon.core.main.ScriptEngine.runScriptAsRawText(ScriptEngine.java:119)
	at com.kms.katalon.core.main.TestCaseExecutor.runScript(TestCaseExecutor.java:448)
	at com.kms.katalon.core.main.TestCaseExecutor.doExecute(TestCaseExecutor.java:439)
	at com.kms.katalon.core.main.TestCaseExecutor.processExecutionPhase(TestCaseExecutor.java:418)
	at com.kms.katalon.core.main.TestCaseExecutor.accessMainPhase(TestCaseExecutor.java:410)
	at com.kms.katalon.core.main.TestCaseExecutor.execute(TestCaseExecutor.java:285)
	at com.kms.katalon.core.common.CommonExecutor.accessTestCaseMainPhase(CommonExecutor.java:65)
	at com.kms.katalon.core.main.TestSuiteExecutor.accessTestSuiteMainPhase(TestSuiteExecutor.java:148)
	at com.kms.katalon.core.main.TestSuiteExecutor.execute(TestSuiteExecutor.java:106)
	at com.kms.katalon.core.main.TestCaseMain.startTestSuite(TestCaseMain.java:180)
	at TempTestSuite1704125292372.run(TempTestSuite1704125292372.groovy:36)
	at java.base/jdk.internal.reflect.NativeMethodAccessorImpl.invoke0(Native Method)
	at java.base/jdk.internal.reflect.NativeMethodAccessorImpl.invoke(NativeMethodAccessorImpl.java:77)
	at java.base/jdk.internal.reflect.DelegatingMethodAccessorImpl.invoke(DelegatingMethodAccessorImpl.java:43)
Caused by: com.kms.katalon.core.exception.StepFailedException: Web element with id: 'Object Repository/Shared_alert/success_alert' located by 'By.cssSelector: #app > div.content-wrapper > section.content > div' is present after '1' second(s)
	at com.kms.katalon.core.webui.keyword.internal.WebUIKeywordMain.stepFailed(WebUIKeywordMain.groovy:64)
	at com.kms.katalon.core.webui.keyword.internal.WebUIKeywordMain$stepFailed$0.call(Unknown Source)
	at com.kms.katalon.core.webui.keyword.builtin.VerifyElementNotPresentKeyword$_verifyElementNotPresent_closure1.doCall(VerifyElementNotPresentKeyword.groovy:113)
	at com.kms.katalon.core.webui.keyword.builtin.VerifyElementNotPresentKeyword$_verifyElementNotPresent_closure1.doCall(VerifyElementNotPresentKeyword.groovy)
	at java.base/jdk.internal.reflect.NativeMethodAccessorImpl.invoke0(Native Method)
	at java.base/jdk.internal.reflect.NativeMethodAccessorImpl.invoke(NativeMethodAccessorImpl.java:77)
	at java.base/jdk.internal.reflect.DelegatingMethodAccessorImpl.invoke(DelegatingMethodAccessorImpl.java:43)
	at com.kms.katalon.core.webui.keyword.internal.WebUIKeywordMain.runKeyword(WebUIKeywordMain.groovy:20)
	... 21 more
)

01-01-2024T23:08:40 - [MESSAGE][FAILED] - Web element with id: 'Object Repository/Shared_alert/success_alert' located by 'By.cssSelector: #app > div.content-wrapper > section.content > div' is present after '1' second(s) (Root cause: com.kms.katalon.core.exception.StepFailedException: Web element with id: 'Object Repository/Shared_alert/success_alert' located by 'By.cssSelector: #app > div.content-wrapper > section.content > div' is present after '1' second(s)
	at com.kms.katalon.core.webui.keyword.internal.WebUIKeywordMain.stepFailed(WebUIKeywordMain.groovy:64)
	at com.kms.katalon.core.webui.keyword.internal.WebUIKeywordMain$stepFailed$0.call(Unknown Source)
	at com.kms.katalon.core.webui.keyword.builtin.VerifyElementNotPresentKeyword$_verifyElementNotPresent_closure1.doCall(VerifyElementNotPresentKeyword.groovy:113)
	at com.kms.katalon.core.webui.keyword.builtin.VerifyElementNotPresentKeyword$_verifyElementNotPresent_closure1.doCall(VerifyElementNotPresentKeyword.groovy)
	at java.base/jdk.internal.reflect.NativeMethodAccessorImpl.invoke0(Native Method)
	at java.base/jdk.internal.reflect.NativeMethodAccessorImpl.invoke(NativeMethodAccessorImpl.java:77)
	at java.base/jdk.internal.reflect.DelegatingMethodAccessorImpl.invoke(DelegatingMethodAccessorImpl.java:43)
	at com.kms.katalon.core.webui.keyword.internal.WebUIKeywordMain.runKeyword(WebUIKeywordMain.groovy:20)
	at com.kms.katalon.core.webui.keyword.internal.WebUIKeywordMain$runKeyword.call(Unknown Source)
	at com.kms.katalon.core.webui.keyword.builtin.VerifyElementNotPresentKeyword.verifyElementNotPresent(VerifyElementNotPresentKeyword.groovy:122)
	at com.kms.katalon.core.webui.keyword.builtin.VerifyElementNotPresentKeyword.execute(VerifyElementNotPresentKeyword.groovy:68)
	at com.kms.katalon.core.keyword.internal.KeywordExecutor.executeKeywordForPlatform(KeywordExecutor.groovy:74)
	at com.kms.katalon.core.webui.keyword.WebUiBuiltInKeywords.verifyElementNotPresent(WebUiBuiltInKeywords.groovy:1536)
	at Piggy Bank.run(Piggy Bank:64)
	at com.kms.katalon.core.main.ScriptEngine.run(ScriptEngine.java:194)
	at com.kms.katalon.core.main.ScriptEngine.runScriptAsRawText(ScriptEngine.java:119)
	at com.kms.katalon.core.main.TestCaseExecutor.runScript(TestCaseExecutor.java:448)
	at com.kms.katalon.core.main.TestCaseExecutor.doExecute(TestCaseExecutor.java:439)
	at com.kms.katalon.core.main.TestCaseExecutor.processExecutionPhase(TestCaseExecutor.java:418)
	at com.kms.katalon.core.main.TestCaseExecutor.accessMainPhase(TestCaseExecutor.java:410)
	at com.kms.katalon.core.main.TestCaseExecutor.execute(TestCaseExecutor.java:285)
	at com.kms.katalon.core.common.CommonExecutor.accessTestCaseMainPhase(CommonExecutor.java:65)
	at com.kms.katalon.core.main.TestSuiteExecutor.accessTestSuiteMainPhase(TestSuiteExecutor.java:148)
	at com.kms.katalon.core.main.TestSuiteExecutor.execute(TestSuiteExecutor.java:106)
	at com.kms.katalon.core.main.TestCaseMain.startTestSuite(TestCaseMain.java:180)
	at TempTestSuite1704125292372.run(TempTestSuite1704125292372.groovy:36)
	at java.base/jdk.internal.reflect.NativeMethodAccessorImpl.invoke0(Native Method)
	at java.base/jdk.internal.reflect.NativeMethodAccessorImpl.invoke(NativeMethodAccessorImpl.java:77)
	at java.base/jdk.internal.reflect.DelegatingMethodAccessorImpl.invoke(DelegatingMethodAccessorImpl.java:43)
)
[[ATTACHMENT|C:\\Users\\MODERN 15\\git\\G1_Firefly_testing\\Reports\\20240101_230812\\Piggy Bank\\20240101_230812\\1704125319919.png]]

01-01-2024T23:08:40 - [MESSAGE][FAILED] - Unable to verify object 'Object Repository/Shared_alert/success_alert' is not present (Root cause: com.kms.katalon.core.exception.StepFailedException: Unable to verify object 'Object Repository/Shared_alert/success_alert' is not present
	at com.kms.katalon.core.webui.keyword.internal.WebUIKeywordMain.stepFailed(WebUIKeywordMain.groovy:64)
	at com.kms.katalon.core.webui.keyword.internal.WebUIKeywordMain.runKeyword(WebUIKeywordMain.groovy:26)
	at com.kms.katalon.core.webui.keyword.internal.WebUIKeywordMain$runKeyword.call(Unknown Source)
	at com.kms.katalon.core.webui.keyword.builtin.VerifyElementNotPresentKeyword.verifyElementNotPresent(VerifyElementNotPresentKeyword.groovy:122)
	at com.kms.katalon.core.webui.keyword.builtin.VerifyElementNotPresentKeyword.execute(VerifyElementNotPresentKeyword.groovy:68)
	at com.kms.katalon.core.keyword.internal.KeywordExecutor.executeKeywordForPlatform(KeywordExecutor.groovy:74)
	at com.kms.katalon.core.webui.keyword.WebUiBuiltInKeywords.verifyElementNotPresent(WebUiBuiltInKeywords.groovy:1536)
	at Piggy Bank.run(Piggy Bank:64)
	at com.kms.katalon.core.main.ScriptEngine.run(ScriptEngine.java:194)
	at com.kms.katalon.core.main.ScriptEngine.runScriptAsRawText(ScriptEngine.java:119)
	at com.kms.katalon.core.main.TestCaseExecutor.runScript(TestCaseExecutor.java:448)
	at com.kms.katalon.core.main.TestCaseExecutor.doExecute(TestCaseExecutor.java:439)
	at com.kms.katalon.core.main.TestCaseExecutor.processExecutionPhase(TestCaseExecutor.java:418)
	at com.kms.katalon.core.main.TestCaseExecutor.accessMainPhase(TestCaseExecutor.java:410)
	at com.kms.katalon.core.main.TestCaseExecutor.execute(TestCaseExecutor.java:285)
	at com.kms.katalon.core.common.CommonExecutor.accessTestCaseMainPhase(CommonExecutor.java:65)
	at com.kms.katalon.core.main.TestSuiteExecutor.accessTestSuiteMainPhase(TestSuiteExecutor.java:148)
	at com.kms.katalon.core.main.TestSuiteExecutor.execute(TestSuiteExecutor.java:106)
	at com.kms.katalon.core.main.TestCaseMain.startTestSuite(TestCaseMain.java:180)
	at TempTestSuite1704125292372.run(TempTestSuite1704125292372.groovy:36)
	at java.base/jdk.internal.reflect.NativeMethodAccessorImpl.invoke0(Native Method)
	at java.base/jdk.internal.reflect.NativeMethodAccessorImpl.invoke(NativeMethodAccessorImpl.java:77)
	at java.base/jdk.internal.reflect.DelegatingMethodAccessorImpl.invoke(DelegatingMethodAccessorImpl.java:43)
Caused by: com.kms.katalon.core.exception.StepFailedException: Web element with id: 'Object Repository/Shared_alert/success_alert' located by 'By.cssSelector: #app > div.content-wrapper > section.content > div' is present after '1' second(s)
	at com.kms.katalon.core.webui.keyword.internal.WebUIKeywordMain.stepFailed(WebUIKeywordMain.groovy:64)
	at com.kms.katalon.core.webui.keyword.internal.WebUIKeywordMain$stepFailed$0.call(Unknown Source)
	at com.kms.katalon.core.webui.keyword.builtin.VerifyElementNotPresentKeyword$_verifyElementNotPresent_closure1.doCall(VerifyElementNotPresentKeyword.groovy:113)
	at com.kms.katalon.core.webui.keyword.builtin.VerifyElementNotPresentKeyword$_verifyElementNotPresent_closure1.doCall(VerifyElementNotPresentKeyword.groovy)
	at java.base/jdk.internal.reflect.NativeMethodAccessorImpl.invoke0(Native Method)
	at java.base/jdk.internal.reflect.NativeMethodAccessorImpl.invoke(NativeMethodAccessorImpl.java:77)
	at java.base/jdk.internal.reflect.DelegatingMethodAccessorImpl.invoke(DelegatingMethodAccessorImpl.java:43)
	at com.kms.katalon.core.webui.keyword.internal.WebUIKeywordMain.runKeyword(WebUIKeywordMain.groovy:20)
	... 21 more
)
[[ATTACHMENT|C:\\Users\\MODERN 15\\git\\G1_Firefly_testing\\Reports\\20240101_230812\\Piggy Bank\\20240101_230812\\1704125320099.png]]

01-01-2024T23:08:40 - [TEST_STEP][PASSED] - catch (Exception err): null

01-01-2024T23:08:40 - [TEST_STEP][PASSED] - verifyElementPresent(findTestObject("Shared_alert/success_alert"), 1): Object 'Object Repository/Shared_alert/success_alert' is present

01-01-2024T23:08:40 - [MESSAGE][PASSED] - Object 'Object Repository/Shared_alert/success_alert' is present

01-01-2024T23:08:40 - [TEST_STEP][PASSED] - out.println("success"): null

01-01-2024T23:08:40 - [TEST_STEP][PASSED] - closeBrowser(): Browser is closed

01-01-2024T23:08:40 - [MESSAGE][PASSED] - Browser is closed]]></system-out>
         <system-err><![CDATA[]]></system-err>
      </testcase>
      <testcase name="Test Cases/Piggy Bank" time="16.342" classname="Test Cases/Piggy Bank" status="FAILED">
         <failure type="FAILED" message="Test Cases/Piggy Bank FAILED.&#xa;Reason:&#xa;com.kms.katalon.core.exception.StepFailedException: Unable to upload file 'C:\Users\MODERN 15\git\G1_Firefly_testing\Attachments File\65MiB.bin.csv' to object 'Object Repository/Piggy Bank/Page_New piggy bank  Piggy banks  Firefly III/button_upload'&#xa;	at com.kms.katalon.core.webui.keyword.internal.WebUIKeywordMain.stepFailed(WebUIKeywordMain.groovy:64)&#xa;	at com.kms.katalon.core.webui.keyword.internal.WebUIKeywordMain.runKeyword(WebUIKeywordMain.groovy:26)&#xa;	at com.kms.katalon.core.webui.keyword.builtin.UploadFileKeyword.uploadFile(UploadFileKeyword.groovy:87)&#xa;	at com.kms.katalon.core.webui.keyword.builtin.UploadFileKeyword.execute(UploadFileKeyword.groovy:68)&#xa;	at com.kms.katalon.core.keyword.internal.KeywordExecutor.executeKeywordForPlatform(KeywordExecutor.groovy:74)&#xa;	at com.kms.katalon.core.webui.keyword.WebUiBuiltInKeywords.uploadFile(WebUiBuiltInKeywords.groovy:4117)&#xa;	at Piggy Bank.run(Piggy Bank:54)&#xa;	at com.kms.katalon.core.main.ScriptEngine.run(ScriptEngine.java:194)&#xa;	at com.kms.katalon.core.main.ScriptEngine.runScriptAsRawText(ScriptEngine.java:119)&#xa;	at com.kms.katalon.core.main.TestCaseExecutor.runScript(TestCaseExecutor.java:448)&#xa;	at com.kms.katalon.core.main.TestCaseExecutor.doExecute(TestCaseExecutor.java:439)&#xa;	at com.kms.katalon.core.main.TestCaseExecutor.processExecutionPhase(TestCaseExecutor.java:418)&#xa;	at com.kms.katalon.core.main.TestCaseExecutor.accessMainPhase(TestCaseExecutor.java:410)&#xa;	at com.kms.katalon.core.main.TestCaseExecutor.execute(TestCaseExecutor.java:285)&#xa;	at com.kms.katalon.core.common.CommonExecutor.accessTestCaseMainPhase(CommonExecutor.java:65)&#xa;	at com.kms.katalon.core.main.TestSuiteExecutor.accessTestSuiteMainPhase(TestSuiteExecutor.java:148)&#xa;	at com.kms.katalon.core.main.TestSuiteExecutor.execute(TestSuiteExecutor.java:106)&#xa;	at com.kms.katalon.core.main.TestCaseMain.startTestSuite(TestCaseMain.java:180)&#xa;	at TempTestSuite1704125292372.run(TempTestSuite1704125292372.groovy:36)&#xa;	at java.base/jdk.internal.reflect.NativeMethodAccessorImpl.invoke0(Native Method)&#xa;	at java.base/jdk.internal.reflect.NativeMethodAccessorImpl.invoke(NativeMethodAccessorImpl.java:77)&#xa;	at java.base/jdk.internal.reflect.DelegatingMethodAccessorImpl.invoke(DelegatingMethodAccessorImpl.java:43)&#xa;Caused by: org.openqa.selenium.InvalidArgumentException: invalid argument: File not found : C:\Users\MODERN 15\git\G1_Firefly_testing\Attachments File\65MiB.bin.csv&#xa;  (Session info: chrome=120.0.6099.130)&#xa;Build info: version: '3.141.59', revision: 'e82be7d358', time: '2018-11-14T08:25:53'&#xa;System info: host: 'PHUC', ip: '192.168.1.4', os.name: 'Windows 11', os.arch: 'amd64', os.version: '10.0', java.version: '17.0.7'&#xa;Driver info: com.kms.katalon.selenium.driver.CChromeDriver&#xa;Capabilities {acceptInsecureCerts: false, browserName: chrome, browserVersion: 120.0.6099.130, chrome: {chromedriverVersion: 119.0.6045.105 (38c72552c5e..., userDataDir: C:\Users\MODERN~1\AppData\L...}, fedcm:accounts: true, goog:chromeOptions: {debuggerAddress: localhost:62169}, javascriptEnabled: true, networkConnectionEnabled: false, pageLoadStrategy: normal, platform: WINDOWS, platformName: WINDOWS, proxy: Proxy(), setWindowRect: true, strictFileInteractability: false, timeouts: {implicit: 0, pageLoad: 300000, script: 30000}, unhandledPromptBehavior: dismiss and notify, webauthn:extension:credBlob: true, webauthn:extension:largeBlob: true, webauthn:extension:minPinLength: true, webauthn:extension:prf: true, webauthn:virtualAuthenticators: true}&#xa;Session ID: 2bca0fc1b5674bf4e819a8834487425b&#xa;	at java.base/jdk.internal.reflect.NativeConstructorAccessorImpl.newInstance0(Native Method)&#xa;	at java.base/jdk.internal.reflect.NativeConstructorAccessorImpl.newInstance(NativeConstructorAccessorImpl.java:77)&#xa;	at java.base/jdk.internal.reflect.DelegatingConstructorAccessorImpl.newInstance(DelegatingConstructorAccessorImpl.java:45)&#xa;	at org.openqa.selenium.remote.http.W3CHttpResponseCodec.createException(W3CHttpResponseCodec.java:187)&#xa;	at org.openqa.selenium.remote.http.W3CHttpResponseCodec.decode(W3CHttpResponseCodec.java:122)&#xa;	at org.openqa.selenium.remote.http.W3CHttpResponseCodec.decode(W3CHttpResponseCodec.java:49)&#xa;	at org.openqa.selenium.remote.HttpCommandExecutor.execute(HttpCommandExecutor.java:158)&#xa;	at org.openqa.selenium.remote.service.DriverCommandExecutor.execute(DriverCommandExecutor.java:83)&#xa;	at org.openqa.selenium.remote.RemoteWebDriver.execute(RemoteWebDriver.java:552)&#xa;	at com.kms.katalon.selenium.driver.CChromeDriver.execute(CChromeDriver.java:19)&#xa;	at org.openqa.selenium.remote.RemoteWebElement.execute(RemoteWebElement.java:285)&#xa;	at org.openqa.selenium.remote.RemoteWebElement.sendKeys(RemoteWebElement.java:106)&#xa;	at jdk.internal.reflect.GeneratedMethodAccessor13.invoke(Unknown Source)&#xa;	at java.base/jdk.internal.reflect.DelegatingMethodAccessorImpl.invoke(DelegatingMethodAccessorImpl.java:43)&#xa;	at org.openqa.selenium.support.events.EventFiringWebDriver$EventFiringWebElement.lambda$new$0(EventFiringWebDriver.java:404)&#xa;	at jdk.proxy2/jdk.proxy2.$Proxy24.sendKeys(Unknown Source)&#xa;	at org.openqa.selenium.support.events.EventFiringWebDriver$EventFiringWebElement.sendKeys(EventFiringWebDriver.java:429)&#xa;	at com.kms.katalon.core.webui.keyword.builtin.UploadFileKeyword$_uploadFile_closure1.doCall(UploadFileKeyword.groovy:80)&#xa;	at com.kms.katalon.core.webui.keyword.builtin.UploadFileKeyword$_uploadFile_closure1.call(UploadFileKeyword.groovy)&#xa;	at com.kms.katalon.core.webui.keyword.internal.WebUIKeywordMain.runKeyword(WebUIKeywordMain.groovy:20)&#xa;	... 20 more&#xa;"/>
         <system-out><![CDATA[01-01-2024T23:08:41 - [TEST_CASE][FAILED] - Test Cases/Piggy Bank: Test Cases/Piggy Bank FAILED.
Reason:
com.kms.katalon.core.exception.StepFailedException: Unable to upload file 'C:\Users\MODERN 15\git\G1_Firefly_testing\Attachments File\65MiB.bin.csv' to object 'Object Repository/Piggy Bank/Page_New piggy bank  Piggy banks  Firefly III/button_upload'
	at com.kms.katalon.core.webui.keyword.internal.WebUIKeywordMain.stepFailed(WebUIKeywordMain.groovy:64)
	at com.kms.katalon.core.webui.keyword.internal.WebUIKeywordMain.runKeyword(WebUIKeywordMain.groovy:26)
	at com.kms.katalon.core.webui.keyword.builtin.UploadFileKeyword.uploadFile(UploadFileKeyword.groovy:87)
	at com.kms.katalon.core.webui.keyword.builtin.UploadFileKeyword.execute(UploadFileKeyword.groovy:68)
	at com.kms.katalon.core.keyword.internal.KeywordExecutor.executeKeywordForPlatform(KeywordExecutor.groovy:74)
	at com.kms.katalon.core.webui.keyword.WebUiBuiltInKeywords.uploadFile(WebUiBuiltInKeywords.groovy:4117)
	at Piggy Bank.run(Piggy Bank:54)
	at com.kms.katalon.core.main.ScriptEngine.run(ScriptEngine.java:194)
	at com.kms.katalon.core.main.ScriptEngine.runScriptAsRawText(ScriptEngine.java:119)
	at com.kms.katalon.core.main.TestCaseExecutor.runScript(TestCaseExecutor.java:448)
	at com.kms.katalon.core.main.TestCaseExecutor.doExecute(TestCaseExecutor.java:439)
	at com.kms.katalon.core.main.TestCaseExecutor.processExecutionPhase(TestCaseExecutor.java:418)
	at com.kms.katalon.core.main.TestCaseExecutor.accessMainPhase(TestCaseExecutor.java:410)
	at com.kms.katalon.core.main.TestCaseExecutor.execute(TestCaseExecutor.java:285)
	at com.kms.katalon.core.common.CommonExecutor.accessTestCaseMainPhase(CommonExecutor.java:65)
	at com.kms.katalon.core.main.TestSuiteExecutor.accessTestSuiteMainPhase(TestSuiteExecutor.java:148)
	at com.kms.katalon.core.main.TestSuiteExecutor.execute(TestSuiteExecutor.java:106)
	at com.kms.katalon.core.main.TestCaseMain.startTestSuite(TestCaseMain.java:180)
	at TempTestSuite1704125292372.run(TempTestSuite1704125292372.groovy:36)
	at java.base/jdk.internal.reflect.NativeMethodAccessorImpl.invoke0(Native Method)
	at java.base/jdk.internal.reflect.NativeMethodAccessorImpl.invoke(NativeMethodAccessorImpl.java:77)
	at java.base/jdk.internal.reflect.DelegatingMethodAccessorImpl.invoke(DelegatingMethodAccessorImpl.java:43)
Caused by: org.openqa.selenium.InvalidArgumentException: invalid argument: File not found : C:\Users\MODERN 15\git\G1_Firefly_testing\Attachments File\65MiB.bin.csv
  (Session info: chrome=120.0.6099.130)
Build info: version: '3.141.59', revision: 'e82be7d358', time: '2018-11-14T08:25:53'
System info: host: 'PHUC', ip: '192.168.1.4', os.name: 'Windows 11', os.arch: 'amd64', os.version: '10.0', java.version: '17.0.7'
Driver info: com.kms.katalon.selenium.driver.CChromeDriver
Capabilities {acceptInsecureCerts: false, browserName: chrome, browserVersion: 120.0.6099.130, chrome: {chromedriverVersion: 119.0.6045.105 (38c72552c5e..., userDataDir: C:\Users\MODERN~1\AppData\L...}, fedcm:accounts: true, goog:chromeOptions: {debuggerAddress: localhost:62169}, javascriptEnabled: true, networkConnectionEnabled: false, pageLoadStrategy: normal, platform: WINDOWS, platformName: WINDOWS, proxy: Proxy(), setWindowRect: true, strictFileInteractability: false, timeouts: {implicit: 0, pageLoad: 300000, script: 30000}, unhandledPromptBehavior: dismiss and notify, webauthn:extension:credBlob: true, webauthn:extension:largeBlob: true, webauthn:extension:minPinLength: true, webauthn:extension:prf: true, webauthn:virtualAuthenticators: true}
Session ID: 2bca0fc1b5674bf4e819a8834487425b
	at java.base/jdk.internal.reflect.NativeConstructorAccessorImpl.newInstance0(Native Method)
	at java.base/jdk.internal.reflect.NativeConstructorAccessorImpl.newInstance(NativeConstructorAccessorImpl.java:77)
	at java.base/jdk.internal.reflect.DelegatingConstructorAccessorImpl.newInstance(DelegatingConstructorAccessorImpl.java:45)
	at org.openqa.selenium.remote.http.W3CHttpResponseCodec.createException(W3CHttpResponseCodec.java:187)
	at org.openqa.selenium.remote.http.W3CHttpResponseCodec.decode(W3CHttpResponseCodec.java:122)
	at org.openqa.selenium.remote.http.W3CHttpResponseCodec.decode(W3CHttpResponseCodec.java:49)
	at org.openqa.selenium.remote.HttpCommandExecutor.execute(HttpCommandExecutor.java:158)
	at org.openqa.selenium.remote.service.DriverCommandExecutor.execute(DriverCommandExecutor.java:83)
	at org.openqa.selenium.remote.RemoteWebDriver.execute(RemoteWebDriver.java:552)
	at com.kms.katalon.selenium.driver.CChromeDriver.execute(CChromeDriver.java:19)
	at org.openqa.selenium.remote.RemoteWebElement.execute(RemoteWebElement.java:285)
	at org.openqa.selenium.remote.RemoteWebElement.sendKeys(RemoteWebElement.java:106)
	at jdk.internal.reflect.GeneratedMethodAccessor13.invoke(Unknown Source)
	at java.base/jdk.internal.reflect.DelegatingMethodAccessorImpl.invoke(DelegatingMethodAccessorImpl.java:43)
	at org.openqa.selenium.support.events.EventFiringWebDriver$EventFiringWebElement.lambda$new$0(EventFiringWebDriver.java:404)
	at jdk.proxy2/jdk.proxy2.$Proxy24.sendKeys(Unknown Source)
	at org.openqa.selenium.support.events.EventFiringWebDriver$EventFiringWebElement.sendKeys(EventFiringWebDriver.java:429)
	at com.kms.katalon.core.webui.keyword.builtin.UploadFileKeyword$_uploadFile_closure1.doCall(UploadFileKeyword.groovy:80)
	at com.kms.katalon.core.webui.keyword.builtin.UploadFileKeyword$_uploadFile_closure1.call(UploadFileKeyword.groovy)
	at com.kms.katalon.core.webui.keyword.internal.WebUIKeywordMain.runKeyword(WebUIKeywordMain.groovy:20)
	... 20 more


01-01-2024T23:08:41 - [TEST_STEP][PASSED] - openBrowser(""): Browser is opened with url: ''

01-01-2024T23:08:41 - [MESSAGE][INFO] - Starting 'Chrome' driver

01-01-2024T23:08:41 - [MESSAGE][INFO] - Action delay is set to 0 milliseconds

01-01-2024T23:08:42 - [MESSAGE][PASSED] - Browser is opened with url: ''

01-01-2024T23:08:42 - [TEST_STEP][PASSED] - navigateToUrl("https://firefly.buudadawg.online/login"): Navigate to 'https://firefly.buudadawg.online/login' successfully

01-01-2024T23:08:45 - [MESSAGE][PASSED] - Navigate to 'https://firefly.buudadawg.online/login' successfully

01-01-2024T23:08:45 - [TEST_STEP][PASSED] - setText(findTestObject("Object Repository/Piggy Bank/Page_Login to Firefly III/input_email"), username): Text 'killermh1352@gmail.com' is set on object 'Object Repository/Piggy Bank/Page_Login to Firefly III/input_email'

01-01-2024T23:08:46 - [MESSAGE][PASSED] - Text 'killermh1352@gmail.com' is set on object 'Object Repository/Piggy Bank/Page_Login to Firefly III/input_email'

01-01-2024T23:08:46 - [TEST_STEP][PASSED] - setText(findTestObject("Object Repository/Piggy Bank/Page_Login to Firefly III/input_password"), password): Text 'tranvinhphuc2002' is set on object 'Object Repository/Piggy Bank/Page_Login to Firefly III/input_password'

01-01-2024T23:08:46 - [MESSAGE][PASSED] - Text 'tranvinhphuc2002' is set on object 'Object Repository/Piggy Bank/Page_Login to Firefly III/input_password'

01-01-2024T23:08:46 - [TEST_STEP][PASSED] - sendKeys(findTestObject("Object Repository/Piggy Bank/Page_Login to Firefly III/input_password"), Keys.chord(ENTER)): Keys 'ENTER + ' sent to object: 'Object Repository/Piggy Bank/Page_Login to Firefly III/input_password'

01-01-2024T23:08:47 - [MESSAGE][PASSED] - Keys 'ENTER + ' sent to object: 'Object Repository/Piggy Bank/Page_Login to Firefly III/input_password'

01-01-2024T23:08:47 - [TEST_STEP][PASSED] - click(findTestObject("Object Repository/Piggy Bank/Page_Whats playing  Firefly III/a_Piggy banks")): Object: 'Object Repository/Piggy Bank/Page_Whats playing  Firefly III/a_Piggy banks' is clicked on

01-01-2024T23:08:49 - [MESSAGE][PASSED] - Object: 'Object Repository/Piggy Bank/Page_Whats playing  Firefly III/a_Piggy banks' is clicked on

01-01-2024T23:08:49 - [TEST_STEP][PASSED] - click(findTestObject("Piggy Bank/Page_Piggy banks  Firefly III/a_Create new piggy bank")): Object: 'Object Repository/Piggy Bank/Page_Piggy banks  Firefly III/a_Create new piggy bank' is clicked on

01-01-2024T23:08:50 - [MESSAGE][PASSED] - Object: 'Object Repository/Piggy Bank/Page_Piggy banks  Firefly III/a_Create new piggy bank' is clicked on

01-01-2024T23:08:50 - [TEST_STEP][PASSED] - setText(findTestObject("Object Repository/Piggy Bank/Page_New piggy bank  Piggy banks  Firefly III/input_name"), name): Text 'Gabelli Convertible and Income Securities Fund, Inc. (The)' is set on object 'Object Repository/Piggy Bank/Page_New piggy bank  Piggy banks  Firefly III/input_name'

01-01-2024T23:08:51 - [MESSAGE][PASSED] - Text 'Gabelli Convertible and Income Securities Fund, Inc. (The)' is set on object 'Object Repository/Piggy Bank/Page_New piggy bank  Piggy banks  Firefly III/input_name'

01-01-2024T23:08:51 - [TEST_STEP][PASSED] - selectOptionByLabel(findTestObject("Object Repository/Piggy Bank/Page_New piggy bank  Piggy banks  Firefly III/select_My Savings AccountMy Asset Account"), save_on_account, true): All options with label 'My Asset Account' are selected in object 'Object Repository/Piggy Bank/Page_New piggy bank  Piggy banks  Firefly III/select_My Savings AccountMy Asset Account'  using regular expression

01-01-2024T23:08:52 - [MESSAGE][PASSED] - All options with label 'My Asset Account' are selected in object 'Object Repository/Piggy Bank/Page_New piggy bank  Piggy banks  Firefly III/select_My Savings AccountMy Asset Account'  using regular expression

01-01-2024T23:08:52 - [TEST_STEP][PASSED] - setText(findTestObject("Object Repository/Piggy Bank/Page_New piggy bank  Piggy banks  Firefly III/input_targetamount"), target_amount): Text '29801' is set on object 'Object Repository/Piggy Bank/Page_New piggy bank  Piggy banks  Firefly III/input_targetamount'

01-01-2024T23:08:53 - [MESSAGE][PASSED] - Text '29801' is set on object 'Object Repository/Piggy Bank/Page_New piggy bank  Piggy banks  Firefly III/input_targetamount'

01-01-2024T23:08:53 - [TEST_STEP][PASSED] - setText(findTestObject("Object Repository/Piggy Bank/Page_New piggy bank  Piggy banks  Firefly III/textarea_notes"), notes): Text 'nec dui luctus rutrum nulla tellus in sagittis dui vel nisl duis ac nibh fusce lacus purus aliquet at feugiat non pretium quis lectus suspendisse potenti in eleifend quam a odio in hac habitasse platea dictumst maecenas ut massa quis augue luctus tincidunt nulla mollis molestie lorem quisque ut erat curabitur gravida nisi at nibh in hac habitasse platea dictumst aliquam augue quam sollicitudin vitae consectetuer eget rutrum at lorem integer tincidunt ante vel ipsum praesent blandit lacinia erat vestibulum' is set on object 'Object Repository/Piggy Bank/Page_New piggy bank  Piggy banks  Firefly III/textarea_notes'

01-01-2024T23:08:54 - [MESSAGE][PASSED] - Text 'nec dui luctus rutrum nulla tellus in sagittis dui vel nisl duis ac nibh fusce lacus purus aliquet at feugiat non pretium quis lectus suspendisse potenti in eleifend quam a odio in hac habitasse platea dictumst maecenas ut massa quis augue luctus tincidunt nulla mollis molestie lorem quisque ut erat curabitur gravida nisi at nibh in hac habitasse platea dictumst aliquam augue quam sollicitudin vitae consectetuer eget rutrum at lorem integer tincidunt ante vel ipsum praesent blandit lacinia erat vestibulum' is set on object 'Object Repository/Piggy Bank/Page_New piggy bank  Piggy banks  Firefly III/textarea_notes'

01-01-2024T23:08:54 - [TEST_STEP][PASSED] - setText(findTestObject("Object Repository/Piggy Bank/Page_New piggy bank  Piggy banks  Firefly III/input_object_group"), group): Text 'enim sit amet nunc viverra dapibus nulla suscipit ligula in lacus curabitur at ipsum ac' is set on object 'Object Repository/Piggy Bank/Page_New piggy bank  Piggy banks  Firefly III/input_object_group'

01-01-2024T23:08:55 - [MESSAGE][PASSED] - Text 'enim sit amet nunc viverra dapibus nulla suscipit ligula in lacus curabitur at ipsum ac' is set on object 'Object Repository/Piggy Bank/Page_New piggy bank  Piggy banks  Firefly III/input_object_group'

01-01-2024T23:08:55 - [TEST_STEP][PASSED] - setText(findTestObject("Piggy Bank/Page_New piggy bank  Piggy banks  Firefly III/input_date"), target_date): Text '10/02/2023' is set on object 'Object Repository/Piggy Bank/Page_New piggy bank  Piggy banks  Firefly III/input_date'

01-01-2024T23:08:56 - [MESSAGE][PASSED] - Text '10/02/2023' is set on object 'Object Repository/Piggy Bank/Page_New piggy bank  Piggy banks  Firefly III/input_date'

01-01-2024T23:08:56 - [TEST_STEP][FAILED] - if (attachment): Unable to upload file 'C:\Users\MODERN 15\git\G1_Firefly_testing\Attachments File\65MiB.bin.csv' to object 'Object Repository/Piggy Bank/Page_New piggy bank  Piggy banks  Firefly III/button_upload' (Root cause: com.kms.katalon.core.exception.StepFailedException: Unable to upload file 'C:\Users\MODERN 15\git\G1_Firefly_testing\Attachments File\65MiB.bin.csv' to object 'Object Repository/Piggy Bank/Page_New piggy bank  Piggy banks  Firefly III/button_upload'
	at com.kms.katalon.core.webui.keyword.internal.WebUIKeywordMain.stepFailed(WebUIKeywordMain.groovy:64)
	at com.kms.katalon.core.webui.keyword.internal.WebUIKeywordMain.runKeyword(WebUIKeywordMain.groovy:26)
	at com.kms.katalon.core.webui.keyword.builtin.UploadFileKeyword.uploadFile(UploadFileKeyword.groovy:87)
	at com.kms.katalon.core.webui.keyword.builtin.UploadFileKeyword.execute(UploadFileKeyword.groovy:68)
	at com.kms.katalon.core.keyword.internal.KeywordExecutor.executeKeywordForPlatform(KeywordExecutor.groovy:74)
	at com.kms.katalon.core.webui.keyword.WebUiBuiltInKeywords.uploadFile(WebUiBuiltInKeywords.groovy:4117)
	at Piggy Bank.run(Piggy Bank:54)
	at com.kms.katalon.core.main.ScriptEngine.run(ScriptEngine.java:194)
	at com.kms.katalon.core.main.ScriptEngine.runScriptAsRawText(ScriptEngine.java:119)
	at com.kms.katalon.core.main.TestCaseExecutor.runScript(TestCaseExecutor.java:448)
	at com.kms.katalon.core.main.TestCaseExecutor.doExecute(TestCaseExecutor.java:439)
	at com.kms.katalon.core.main.TestCaseExecutor.processExecutionPhase(TestCaseExecutor.java:418)
	at com.kms.katalon.core.main.TestCaseExecutor.accessMainPhase(TestCaseExecutor.java:410)
	at com.kms.katalon.core.main.TestCaseExecutor.execute(TestCaseExecutor.java:285)
	at com.kms.katalon.core.common.CommonExecutor.accessTestCaseMainPhase(CommonExecutor.java:65)
	at com.kms.katalon.core.main.TestSuiteExecutor.accessTestSuiteMainPhase(TestSuiteExecutor.java:148)
	at com.kms.katalon.core.main.TestSuiteExecutor.execute(TestSuiteExecutor.java:106)
	at com.kms.katalon.core.main.TestCaseMain.startTestSuite(TestCaseMain.java:180)
	at TempTestSuite1704125292372.run(TempTestSuite1704125292372.groovy:36)
	at java.base/jdk.internal.reflect.NativeMethodAccessorImpl.invoke0(Native Method)
	at java.base/jdk.internal.reflect.NativeMethodAccessorImpl.invoke(NativeMethodAccessorImpl.java:77)
	at java.base/jdk.internal.reflect.DelegatingMethodAccessorImpl.invoke(DelegatingMethodAccessorImpl.java:43)
Caused by: org.openqa.selenium.InvalidArgumentException: invalid argument: File not found : C:\Users\MODERN 15\git\G1_Firefly_testing\Attachments File\65MiB.bin.csv
  (Session info: chrome=120.0.6099.130)
Build info: version: '3.141.59', revision: 'e82be7d358', time: '2018-11-14T08:25:53'
System info: host: 'PHUC', ip: '192.168.1.4', os.name: 'Windows 11', os.arch: 'amd64', os.version: '10.0', java.version: '17.0.7'
Driver info: com.kms.katalon.selenium.driver.CChromeDriver
Capabilities {acceptInsecureCerts: false, browserName: chrome, browserVersion: 120.0.6099.130, chrome: {chromedriverVersion: 119.0.6045.105 (38c72552c5e..., userDataDir: C:\Users\MODERN~1\AppData\L...}, fedcm:accounts: true, goog:chromeOptions: {debuggerAddress: localhost:62169}, javascriptEnabled: true, networkConnectionEnabled: false, pageLoadStrategy: normal, platform: WINDOWS, platformName: WINDOWS, proxy: Proxy(), setWindowRect: true, strictFileInteractability: false, timeouts: {implicit: 0, pageLoad: 300000, script: 30000}, unhandledPromptBehavior: dismiss and notify, webauthn:extension:credBlob: true, webauthn:extension:largeBlob: true, webauthn:extension:minPinLength: true, webauthn:extension:prf: true, webauthn:virtualAuthenticators: true}
Session ID: 2bca0fc1b5674bf4e819a8834487425b
	at java.base/jdk.internal.reflect.NativeConstructorAccessorImpl.newInstance0(Native Method)
	at java.base/jdk.internal.reflect.NativeConstructorAccessorImpl.newInstance(NativeConstructorAccessorImpl.java:77)
	at java.base/jdk.internal.reflect.DelegatingConstructorAccessorImpl.newInstance(DelegatingConstructorAccessorImpl.java:45)
	at org.openqa.selenium.remote.http.W3CHttpResponseCodec.createException(W3CHttpResponseCodec.java:187)
	at org.openqa.selenium.remote.http.W3CHttpResponseCodec.decode(W3CHttpResponseCodec.java:122)
	at org.openqa.selenium.remote.http.W3CHttpResponseCodec.decode(W3CHttpResponseCodec.java:49)
	at org.openqa.selenium.remote.HttpCommandExecutor.execute(HttpCommandExecutor.java:158)
	at org.openqa.selenium.remote.service.DriverCommandExecutor.execute(DriverCommandExecutor.java:83)
	at org.openqa.selenium.remote.RemoteWebDriver.execute(RemoteWebDriver.java:552)
	at com.kms.katalon.selenium.driver.CChromeDriver.execute(CChromeDriver.java:19)
	at org.openqa.selenium.remote.RemoteWebElement.execute(RemoteWebElement.java:285)
	at org.openqa.selenium.remote.RemoteWebElement.sendKeys(RemoteWebElement.java:106)
	at jdk.internal.reflect.GeneratedMethodAccessor13.invoke(Unknown Source)
	at java.base/jdk.internal.reflect.DelegatingMethodAccessorImpl.invoke(DelegatingMethodAccessorImpl.java:43)
	at org.openqa.selenium.support.events.EventFiringWebDriver$EventFiringWebElement.lambda$new$0(EventFiringWebDriver.java:404)
	at jdk.proxy2/jdk.proxy2.$Proxy24.sendKeys(Unknown Source)
	at org.openqa.selenium.support.events.EventFiringWebDriver$EventFiringWebElement.sendKeys(EventFiringWebDriver.java:429)
	at com.kms.katalon.core.webui.keyword.builtin.UploadFileKeyword$_uploadFile_closure1.doCall(UploadFileKeyword.groovy:80)
	at com.kms.katalon.core.webui.keyword.builtin.UploadFileKeyword$_uploadFile_closure1.call(UploadFileKeyword.groovy)
	at com.kms.katalon.core.webui.keyword.internal.WebUIKeywordMain.runKeyword(WebUIKeywordMain.groovy:20)
	at com.kms.katalon.core.webui.keyword.builtin.UploadFileKeyword.uploadFile(UploadFileKeyword.groovy:87)
	at com.kms.katalon.core.webui.keyword.builtin.UploadFileKeyword.execute(UploadFileKeyword.groovy:68)
	at com.kms.katalon.core.keyword.internal.KeywordExecutor.executeKeywordForPlatform(KeywordExecutor.groovy:74)
	at com.kms.katalon.core.webui.keyword.WebUiBuiltInKeywords.uploadFile(WebUiBuiltInKeywords.groovy:4117)
	at Script1704083070390.run(Script1704083070390.groovy:54)
	... 15 more
)

01-01-2024T23:08:56 - [TEST_STEP][PASSED] - absolutePath = normalize().toString(): null

01-01-2024T23:08:56 - [TEST_STEP][FAILED] - uploadFile(findTestObject("Piggy Bank/Page_New piggy bank  Piggy banks  Firefly III/button_upload"), absolutePath): Unable to upload file 'C:\Users\MODERN 15\git\G1_Firefly_testing\Attachments File\65MiB.bin.csv' to object 'Object Repository/Piggy Bank/Page_New piggy bank  Piggy banks  Firefly III/button_upload' (Root cause: com.kms.katalon.core.exception.StepFailedException: Unable to upload file 'C:\Users\MODERN 15\git\G1_Firefly_testing\Attachments File\65MiB.bin.csv' to object 'Object Repository/Piggy Bank/Page_New piggy bank  Piggy banks  Firefly III/button_upload'
	at com.kms.katalon.core.webui.keyword.internal.WebUIKeywordMain.stepFailed(WebUIKeywordMain.groovy:64)
	at com.kms.katalon.core.webui.keyword.internal.WebUIKeywordMain.runKeyword(WebUIKeywordMain.groovy:26)
	at com.kms.katalon.core.webui.keyword.builtin.UploadFileKeyword.uploadFile(UploadFileKeyword.groovy:87)
	at com.kms.katalon.core.webui.keyword.builtin.UploadFileKeyword.execute(UploadFileKeyword.groovy:68)
	at com.kms.katalon.core.keyword.internal.KeywordExecutor.executeKeywordForPlatform(KeywordExecutor.groovy:74)
	at com.kms.katalon.core.webui.keyword.WebUiBuiltInKeywords.uploadFile(WebUiBuiltInKeywords.groovy:4117)
	at Piggy Bank.run(Piggy Bank:54)
	at com.kms.katalon.core.main.ScriptEngine.run(ScriptEngine.java:194)
	at com.kms.katalon.core.main.ScriptEngine.runScriptAsRawText(ScriptEngine.java:119)
	at com.kms.katalon.core.main.TestCaseExecutor.runScript(TestCaseExecutor.java:448)
	at com.kms.katalon.core.main.TestCaseExecutor.doExecute(TestCaseExecutor.java:439)
	at com.kms.katalon.core.main.TestCaseExecutor.processExecutionPhase(TestCaseExecutor.java:418)
	at com.kms.katalon.core.main.TestCaseExecutor.accessMainPhase(TestCaseExecutor.java:410)
	at com.kms.katalon.core.main.TestCaseExecutor.execute(TestCaseExecutor.java:285)
	at com.kms.katalon.core.common.CommonExecutor.accessTestCaseMainPhase(CommonExecutor.java:65)
	at com.kms.katalon.core.main.TestSuiteExecutor.accessTestSuiteMainPhase(TestSuiteExecutor.java:148)
	at com.kms.katalon.core.main.TestSuiteExecutor.execute(TestSuiteExecutor.java:106)
	at com.kms.katalon.core.main.TestCaseMain.startTestSuite(TestCaseMain.java:180)
	at TempTestSuite1704125292372.run(TempTestSuite1704125292372.groovy:36)
	at java.base/jdk.internal.reflect.NativeMethodAccessorImpl.invoke0(Native Method)
	at java.base/jdk.internal.reflect.NativeMethodAccessorImpl.invoke(NativeMethodAccessorImpl.java:77)
	at java.base/jdk.internal.reflect.DelegatingMethodAccessorImpl.invoke(DelegatingMethodAccessorImpl.java:43)
Caused by: org.openqa.selenium.InvalidArgumentException: invalid argument: File not found : C:\Users\MODERN 15\git\G1_Firefly_testing\Attachments File\65MiB.bin.csv
  (Session info: chrome=120.0.6099.130)
Build info: version: '3.141.59', revision: 'e82be7d358', time: '2018-11-14T08:25:53'
System info: host: 'PHUC', ip: '192.168.1.4', os.name: 'Windows 11', os.arch: 'amd64', os.version: '10.0', java.version: '17.0.7'
Driver info: com.kms.katalon.selenium.driver.CChromeDriver
Capabilities {acceptInsecureCerts: false, browserName: chrome, browserVersion: 120.0.6099.130, chrome: {chromedriverVersion: 119.0.6045.105 (38c72552c5e..., userDataDir: C:\Users\MODERN~1\AppData\L...}, fedcm:accounts: true, goog:chromeOptions: {debuggerAddress: localhost:62169}, javascriptEnabled: true, networkConnectionEnabled: false, pageLoadStrategy: normal, platform: WINDOWS, platformName: WINDOWS, proxy: Proxy(), setWindowRect: true, strictFileInteractability: false, timeouts: {implicit: 0, pageLoad: 300000, script: 30000}, unhandledPromptBehavior: dismiss and notify, webauthn:extension:credBlob: true, webauthn:extension:largeBlob: true, webauthn:extension:minPinLength: true, webauthn:extension:prf: true, webauthn:virtualAuthenticators: true}
Session ID: 2bca0fc1b5674bf4e819a8834487425b
	at java.base/jdk.internal.reflect.NativeConstructorAccessorImpl.newInstance0(Native Method)
	at java.base/jdk.internal.reflect.NativeConstructorAccessorImpl.newInstance(NativeConstructorAccessorImpl.java:77)
	at java.base/jdk.internal.reflect.DelegatingConstructorAccessorImpl.newInstance(DelegatingConstructorAccessorImpl.java:45)
	at org.openqa.selenium.remote.http.W3CHttpResponseCodec.createException(W3CHttpResponseCodec.java:187)
	at org.openqa.selenium.remote.http.W3CHttpResponseCodec.decode(W3CHttpResponseCodec.java:122)
	at org.openqa.selenium.remote.http.W3CHttpResponseCodec.decode(W3CHttpResponseCodec.java:49)
	at org.openqa.selenium.remote.HttpCommandExecutor.execute(HttpCommandExecutor.java:158)
	at org.openqa.selenium.remote.service.DriverCommandExecutor.execute(DriverCommandExecutor.java:83)
	at org.openqa.selenium.remote.RemoteWebDriver.execute(RemoteWebDriver.java:552)
	at com.kms.katalon.selenium.driver.CChromeDriver.execute(CChromeDriver.java:19)
	at org.openqa.selenium.remote.RemoteWebElement.execute(RemoteWebElement.java:285)
	at org.openqa.selenium.remote.RemoteWebElement.sendKeys(RemoteWebElement.java:106)
	at jdk.internal.reflect.GeneratedMethodAccessor13.invoke(Unknown Source)
	at java.base/jdk.internal.reflect.DelegatingMethodAccessorImpl.invoke(DelegatingMethodAccessorImpl.java:43)
	at org.openqa.selenium.support.events.EventFiringWebDriver$EventFiringWebElement.lambda$new$0(EventFiringWebDriver.java:404)
	at jdk.proxy2/jdk.proxy2.$Proxy24.sendKeys(Unknown Source)
	at org.openqa.selenium.support.events.EventFiringWebDriver$EventFiringWebElement.sendKeys(EventFiringWebDriver.java:429)
	at com.kms.katalon.core.webui.keyword.builtin.UploadFileKeyword$_uploadFile_closure1.doCall(UploadFileKeyword.groovy:80)
	at com.kms.katalon.core.webui.keyword.builtin.UploadFileKeyword$_uploadFile_closure1.call(UploadFileKeyword.groovy)
	at com.kms.katalon.core.webui.keyword.internal.WebUIKeywordMain.runKeyword(WebUIKeywordMain.groovy:20)
	at com.kms.katalon.core.webui.keyword.builtin.UploadFileKeyword.uploadFile(UploadFileKeyword.groovy:87)
	at com.kms.katalon.core.webui.keyword.builtin.UploadFileKeyword.execute(UploadFileKeyword.groovy:68)
	at com.kms.katalon.core.keyword.internal.KeywordExecutor.executeKeywordForPlatform(KeywordExecutor.groovy:74)
	at com.kms.katalon.core.webui.keyword.WebUiBuiltInKeywords.uploadFile(WebUiBuiltInKeywords.groovy:4117)
	at Script1704083070390.run(Script1704083070390.groovy:54)
	... 15 more
)

01-01-2024T23:08:57 - [MESSAGE][FAILED] - Unable to upload file 'C:\Users\MODERN 15\git\G1_Firefly_testing\Attachments File\65MiB.bin.csv' to object 'Object Repository/Piggy Bank/Page_New piggy bank  Piggy banks  Firefly III/button_upload' (Root cause: com.kms.katalon.core.exception.StepFailedException: Unable to upload file 'C:\Users\MODERN 15\git\G1_Firefly_testing\Attachments File\65MiB.bin.csv' to object 'Object Repository/Piggy Bank/Page_New piggy bank  Piggy banks  Firefly III/button_upload'
	at com.kms.katalon.core.webui.keyword.internal.WebUIKeywordMain.stepFailed(WebUIKeywordMain.groovy:64)
	at com.kms.katalon.core.webui.keyword.internal.WebUIKeywordMain.runKeyword(WebUIKeywordMain.groovy:26)
	at com.kms.katalon.core.webui.keyword.builtin.UploadFileKeyword.uploadFile(UploadFileKeyword.groovy:87)
	at com.kms.katalon.core.webui.keyword.builtin.UploadFileKeyword.execute(UploadFileKeyword.groovy:68)
	at com.kms.katalon.core.keyword.internal.KeywordExecutor.executeKeywordForPlatform(KeywordExecutor.groovy:74)
	at com.kms.katalon.core.webui.keyword.WebUiBuiltInKeywords.uploadFile(WebUiBuiltInKeywords.groovy:4117)
	at Piggy Bank.run(Piggy Bank:54)
	at com.kms.katalon.core.main.ScriptEngine.run(ScriptEngine.java:194)
	at com.kms.katalon.core.main.ScriptEngine.runScriptAsRawText(ScriptEngine.java:119)
	at com.kms.katalon.core.main.TestCaseExecutor.runScript(TestCaseExecutor.java:448)
	at com.kms.katalon.core.main.TestCaseExecutor.doExecute(TestCaseExecutor.java:439)
	at com.kms.katalon.core.main.TestCaseExecutor.processExecutionPhase(TestCaseExecutor.java:418)
	at com.kms.katalon.core.main.TestCaseExecutor.accessMainPhase(TestCaseExecutor.java:410)
	at com.kms.katalon.core.main.TestCaseExecutor.execute(TestCaseExecutor.java:285)
	at com.kms.katalon.core.common.CommonExecutor.accessTestCaseMainPhase(CommonExecutor.java:65)
	at com.kms.katalon.core.main.TestSuiteExecutor.accessTestSuiteMainPhase(TestSuiteExecutor.java:148)
	at com.kms.katalon.core.main.TestSuiteExecutor.execute(TestSuiteExecutor.java:106)
	at com.kms.katalon.core.main.TestCaseMain.startTestSuite(TestCaseMain.java:180)
	at TempTestSuite1704125292372.run(TempTestSuite1704125292372.groovy:36)
	at java.base/jdk.internal.reflect.NativeMethodAccessorImpl.invoke0(Native Method)
	at java.base/jdk.internal.reflect.NativeMethodAccessorImpl.invoke(NativeMethodAccessorImpl.java:77)
	at java.base/jdk.internal.reflect.DelegatingMethodAccessorImpl.invoke(DelegatingMethodAccessorImpl.java:43)
Caused by: org.openqa.selenium.InvalidArgumentException: invalid argument: File not found : C:\Users\MODERN 15\git\G1_Firefly_testing\Attachments File\65MiB.bin.csv
  (Session info: chrome=120.0.6099.130)
Build info: version: '3.141.59', revision: 'e82be7d358', time: '2018-11-14T08:25:53'
System info: host: 'PHUC', ip: '192.168.1.4', os.name: 'Windows 11', os.arch: 'amd64', os.version: '10.0', java.version: '17.0.7'
Driver info: com.kms.katalon.selenium.driver.CChromeDriver
Capabilities {acceptInsecureCerts: false, browserName: chrome, browserVersion: 120.0.6099.130, chrome: {chromedriverVersion: 119.0.6045.105 (38c72552c5e..., userDataDir: C:\Users\MODERN~1\AppData\L...}, fedcm:accounts: true, goog:chromeOptions: {debuggerAddress: localhost:62169}, javascriptEnabled: true, networkConnectionEnabled: false, pageLoadStrategy: normal, platform: WINDOWS, platformName: WINDOWS, proxy: Proxy(), setWindowRect: true, strictFileInteractability: false, timeouts: {implicit: 0, pageLoad: 300000, script: 30000}, unhandledPromptBehavior: dismiss and notify, webauthn:extension:credBlob: true, webauthn:extension:largeBlob: true, webauthn:extension:minPinLength: true, webauthn:extension:prf: true, webauthn:virtualAuthenticators: true}
Session ID: 2bca0fc1b5674bf4e819a8834487425b
	at java.base/jdk.internal.reflect.NativeConstructorAccessorImpl.newInstance0(Native Method)
	at java.base/jdk.internal.reflect.NativeConstructorAccessorImpl.newInstance(NativeConstructorAccessorImpl.java:77)
	at java.base/jdk.internal.reflect.DelegatingConstructorAccessorImpl.newInstance(DelegatingConstructorAccessorImpl.java:45)
	at org.openqa.selenium.remote.http.W3CHttpResponseCodec.createException(W3CHttpResponseCodec.java:187)
	at org.openqa.selenium.remote.http.W3CHttpResponseCodec.decode(W3CHttpResponseCodec.java:122)
	at org.openqa.selenium.remote.http.W3CHttpResponseCodec.decode(W3CHttpResponseCodec.java:49)
	at org.openqa.selenium.remote.HttpCommandExecutor.execute(HttpCommandExecutor.java:158)
	at org.openqa.selenium.remote.service.DriverCommandExecutor.execute(DriverCommandExecutor.java:83)
	at org.openqa.selenium.remote.RemoteWebDriver.execute(RemoteWebDriver.java:552)
	at com.kms.katalon.selenium.driver.CChromeDriver.execute(CChromeDriver.java:19)
	at org.openqa.selenium.remote.RemoteWebElement.execute(RemoteWebElement.java:285)
	at org.openqa.selenium.remote.RemoteWebElement.sendKeys(RemoteWebElement.java:106)
	at jdk.internal.reflect.GeneratedMethodAccessor13.invoke(Unknown Source)
	at java.base/jdk.internal.reflect.DelegatingMethodAccessorImpl.invoke(DelegatingMethodAccessorImpl.java:43)
	at org.openqa.selenium.support.events.EventFiringWebDriver$EventFiringWebElement.lambda$new$0(EventFiringWebDriver.java:404)
	at jdk.proxy2/jdk.proxy2.$Proxy24.sendKeys(Unknown Source)
	at org.openqa.selenium.support.events.EventFiringWebDriver$EventFiringWebElement.sendKeys(EventFiringWebDriver.java:429)
	at com.kms.katalon.core.webui.keyword.builtin.UploadFileKeyword$_uploadFile_closure1.doCall(UploadFileKeyword.groovy:80)
	at com.kms.katalon.core.webui.keyword.builtin.UploadFileKeyword$_uploadFile_closure1.call(UploadFileKeyword.groovy)
	at com.kms.katalon.core.webui.keyword.internal.WebUIKeywordMain.runKeyword(WebUIKeywordMain.groovy:20)
	at com.kms.katalon.core.webui.keyword.builtin.UploadFileKeyword.uploadFile(UploadFileKeyword.groovy:87)
	at com.kms.katalon.core.webui.keyword.builtin.UploadFileKeyword.execute(UploadFileKeyword.groovy:68)
	at com.kms.katalon.core.keyword.internal.KeywordExecutor.executeKeywordForPlatform(KeywordExecutor.groovy:74)
	at com.kms.katalon.core.webui.keyword.WebUiBuiltInKeywords.uploadFile(WebUiBuiltInKeywords.groovy:4117)
	at Script1704083070390.run(Script1704083070390.groovy:54)
	... 15 more
)
[[ATTACHMENT|C:\\Users\\MODERN 15\\git\\G1_Firefly_testing\\Reports\\20240101_230812\\Piggy Bank\\20240101_230812\\1704125337261.png]]]]></system-out>
         <system-err><![CDATA[01-01-2024T23:08:41 - [TEST_CASE][FAILED] - Test Cases/Piggy Bank: Test Cases/Piggy Bank FAILED.
Reason:
com.kms.katalon.core.exception.StepFailedException: Unable to upload file 'C:\Users\MODERN 15\git\G1_Firefly_testing\Attachments File\65MiB.bin.csv' to object 'Object Repository/Piggy Bank/Page_New piggy bank  Piggy banks  Firefly III/button_upload'
	at com.kms.katalon.core.webui.keyword.internal.WebUIKeywordMain.stepFailed(WebUIKeywordMain.groovy:64)
	at com.kms.katalon.core.webui.keyword.internal.WebUIKeywordMain.runKeyword(WebUIKeywordMain.groovy:26)
	at com.kms.katalon.core.webui.keyword.builtin.UploadFileKeyword.uploadFile(UploadFileKeyword.groovy:87)
	at com.kms.katalon.core.webui.keyword.builtin.UploadFileKeyword.execute(UploadFileKeyword.groovy:68)
	at com.kms.katalon.core.keyword.internal.KeywordExecutor.executeKeywordForPlatform(KeywordExecutor.groovy:74)
	at com.kms.katalon.core.webui.keyword.WebUiBuiltInKeywords.uploadFile(WebUiBuiltInKeywords.groovy:4117)
	at Piggy Bank.run(Piggy Bank:54)
	at com.kms.katalon.core.main.ScriptEngine.run(ScriptEngine.java:194)
	at com.kms.katalon.core.main.ScriptEngine.runScriptAsRawText(ScriptEngine.java:119)
	at com.kms.katalon.core.main.TestCaseExecutor.runScript(TestCaseExecutor.java:448)
	at com.kms.katalon.core.main.TestCaseExecutor.doExecute(TestCaseExecutor.java:439)
	at com.kms.katalon.core.main.TestCaseExecutor.processExecutionPhase(TestCaseExecutor.java:418)
	at com.kms.katalon.core.main.TestCaseExecutor.accessMainPhase(TestCaseExecutor.java:410)
	at com.kms.katalon.core.main.TestCaseExecutor.execute(TestCaseExecutor.java:285)
	at com.kms.katalon.core.common.CommonExecutor.accessTestCaseMainPhase(CommonExecutor.java:65)
	at com.kms.katalon.core.main.TestSuiteExecutor.accessTestSuiteMainPhase(TestSuiteExecutor.java:148)
	at com.kms.katalon.core.main.TestSuiteExecutor.execute(TestSuiteExecutor.java:106)
	at com.kms.katalon.core.main.TestCaseMain.startTestSuite(TestCaseMain.java:180)
	at TempTestSuite1704125292372.run(TempTestSuite1704125292372.groovy:36)
	at java.base/jdk.internal.reflect.NativeMethodAccessorImpl.invoke0(Native Method)
	at java.base/jdk.internal.reflect.NativeMethodAccessorImpl.invoke(NativeMethodAccessorImpl.java:77)
	at java.base/jdk.internal.reflect.DelegatingMethodAccessorImpl.invoke(DelegatingMethodAccessorImpl.java:43)
Caused by: org.openqa.selenium.InvalidArgumentException: invalid argument: File not found : C:\Users\MODERN 15\git\G1_Firefly_testing\Attachments File\65MiB.bin.csv
  (Session info: chrome=120.0.6099.130)
Build info: version: '3.141.59', revision: 'e82be7d358', time: '2018-11-14T08:25:53'
System info: host: 'PHUC', ip: '192.168.1.4', os.name: 'Windows 11', os.arch: 'amd64', os.version: '10.0', java.version: '17.0.7'
Driver info: com.kms.katalon.selenium.driver.CChromeDriver
Capabilities {acceptInsecureCerts: false, browserName: chrome, browserVersion: 120.0.6099.130, chrome: {chromedriverVersion: 119.0.6045.105 (38c72552c5e..., userDataDir: C:\Users\MODERN~1\AppData\L...}, fedcm:accounts: true, goog:chromeOptions: {debuggerAddress: localhost:62169}, javascriptEnabled: true, networkConnectionEnabled: false, pageLoadStrategy: normal, platform: WINDOWS, platformName: WINDOWS, proxy: Proxy(), setWindowRect: true, strictFileInteractability: false, timeouts: {implicit: 0, pageLoad: 300000, script: 30000}, unhandledPromptBehavior: dismiss and notify, webauthn:extension:credBlob: true, webauthn:extension:largeBlob: true, webauthn:extension:minPinLength: true, webauthn:extension:prf: true, webauthn:virtualAuthenticators: true}
Session ID: 2bca0fc1b5674bf4e819a8834487425b
	at java.base/jdk.internal.reflect.NativeConstructorAccessorImpl.newInstance0(Native Method)
	at java.base/jdk.internal.reflect.NativeConstructorAccessorImpl.newInstance(NativeConstructorAccessorImpl.java:77)
	at java.base/jdk.internal.reflect.DelegatingConstructorAccessorImpl.newInstance(DelegatingConstructorAccessorImpl.java:45)
	at org.openqa.selenium.remote.http.W3CHttpResponseCodec.createException(W3CHttpResponseCodec.java:187)
	at org.openqa.selenium.remote.http.W3CHttpResponseCodec.decode(W3CHttpResponseCodec.java:122)
	at org.openqa.selenium.remote.http.W3CHttpResponseCodec.decode(W3CHttpResponseCodec.java:49)
	at org.openqa.selenium.remote.HttpCommandExecutor.execute(HttpCommandExecutor.java:158)
	at org.openqa.selenium.remote.service.DriverCommandExecutor.execute(DriverCommandExecutor.java:83)
	at org.openqa.selenium.remote.RemoteWebDriver.execute(RemoteWebDriver.java:552)
	at com.kms.katalon.selenium.driver.CChromeDriver.execute(CChromeDriver.java:19)
	at org.openqa.selenium.remote.RemoteWebElement.execute(RemoteWebElement.java:285)
	at org.openqa.selenium.remote.RemoteWebElement.sendKeys(RemoteWebElement.java:106)
	at jdk.internal.reflect.GeneratedMethodAccessor13.invoke(Unknown Source)
	at java.base/jdk.internal.reflect.DelegatingMethodAccessorImpl.invoke(DelegatingMethodAccessorImpl.java:43)
	at org.openqa.selenium.support.events.EventFiringWebDriver$EventFiringWebElement.lambda$new$0(EventFiringWebDriver.java:404)
	at jdk.proxy2/jdk.proxy2.$Proxy24.sendKeys(Unknown Source)
	at org.openqa.selenium.support.events.EventFiringWebDriver$EventFiringWebElement.sendKeys(EventFiringWebDriver.java:429)
	at com.kms.katalon.core.webui.keyword.builtin.UploadFileKeyword$_uploadFile_closure1.doCall(UploadFileKeyword.groovy:80)
	at com.kms.katalon.core.webui.keyword.builtin.UploadFileKeyword$_uploadFile_closure1.call(UploadFileKeyword.groovy)
	at com.kms.katalon.core.webui.keyword.internal.WebUIKeywordMain.runKeyword(WebUIKeywordMain.groovy:20)
	... 20 more]]></system-err>
      </testcase>
      <testcase name="Test Cases/Piggy Bank" time="18.667" classname="Test Cases/Piggy Bank" status="FAILED">
         <failure type="FAILED" message="Test Cases/Piggy Bank FAILED.&#xa;Reason:&#xa;com.kms.katalon.core.exception.StepFailedException: Unable to upload file 'C:\Users\MODERN 15\git\G1_Firefly_testing\Attachments File\65MiB.bin.csv' to object 'Object Repository/Piggy Bank/Page_New piggy bank  Piggy banks  Firefly III/button_upload'&#xa;	at com.kms.katalon.core.webui.keyword.internal.WebUIKeywordMain.stepFailed(WebUIKeywordMain.groovy:64)&#xa;	at com.kms.katalon.core.webui.keyword.internal.WebUIKeywordMain.runKeyword(WebUIKeywordMain.groovy:26)&#xa;	at com.kms.katalon.core.webui.keyword.builtin.UploadFileKeyword.uploadFile(UploadFileKeyword.groovy:87)&#xa;	at com.kms.katalon.core.webui.keyword.builtin.UploadFileKeyword.execute(UploadFileKeyword.groovy:68)&#xa;	at com.kms.katalon.core.keyword.internal.KeywordExecutor.executeKeywordForPlatform(KeywordExecutor.groovy:74)&#xa;	at com.kms.katalon.core.webui.keyword.WebUiBuiltInKeywords.uploadFile(WebUiBuiltInKeywords.groovy:4117)&#xa;	at Piggy Bank.run(Piggy Bank:54)&#xa;	at com.kms.katalon.core.main.ScriptEngine.run(ScriptEngine.java:194)&#xa;	at com.kms.katalon.core.main.ScriptEngine.runScriptAsRawText(ScriptEngine.java:119)&#xa;	at com.kms.katalon.core.main.TestCaseExecutor.runScript(TestCaseExecutor.java:448)&#xa;	at com.kms.katalon.core.main.TestCaseExecutor.doExecute(TestCaseExecutor.java:439)&#xa;	at com.kms.katalon.core.main.TestCaseExecutor.processExecutionPhase(TestCaseExecutor.java:418)&#xa;	at com.kms.katalon.core.main.TestCaseExecutor.accessMainPhase(TestCaseExecutor.java:410)&#xa;	at com.kms.katalon.core.main.TestCaseExecutor.execute(TestCaseExecutor.java:285)&#xa;	at com.kms.katalon.core.common.CommonExecutor.accessTestCaseMainPhase(CommonExecutor.java:65)&#xa;	at com.kms.katalon.core.main.TestSuiteExecutor.accessTestSuiteMainPhase(TestSuiteExecutor.java:148)&#xa;	at com.kms.katalon.core.main.TestSuiteExecutor.execute(TestSuiteExecutor.java:106)&#xa;	at com.kms.katalon.core.main.TestCaseMain.startTestSuite(TestCaseMain.java:180)&#xa;	at TempTestSuite1704125292372.run(TempTestSuite1704125292372.groovy:36)&#xa;	at java.base/jdk.internal.reflect.NativeMethodAccessorImpl.invoke0(Native Method)&#xa;	at java.base/jdk.internal.reflect.NativeMethodAccessorImpl.invoke(NativeMethodAccessorImpl.java:77)&#xa;	at java.base/jdk.internal.reflect.DelegatingMethodAccessorImpl.invoke(DelegatingMethodAccessorImpl.java:43)&#xa;Caused by: org.openqa.selenium.InvalidArgumentException: invalid argument: File not found : C:\Users\MODERN 15\git\G1_Firefly_testing\Attachments File\65MiB.bin.csv&#xa;  (Session info: chrome=120.0.6099.130)&#xa;Build info: version: '3.141.59', revision: 'e82be7d358', time: '2018-11-14T08:25:53'&#xa;System info: host: 'PHUC', ip: '192.168.1.4', os.name: 'Windows 11', os.arch: 'amd64', os.version: '10.0', java.version: '17.0.7'&#xa;Driver info: com.kms.katalon.selenium.driver.CChromeDriver&#xa;Capabilities {acceptInsecureCerts: false, browserName: chrome, browserVersion: 120.0.6099.130, chrome: {chromedriverVersion: 119.0.6045.105 (38c72552c5e..., userDataDir: C:\Users\MODERN~1\AppData\L...}, fedcm:accounts: true, goog:chromeOptions: {debuggerAddress: localhost:62206}, javascriptEnabled: true, networkConnectionEnabled: false, pageLoadStrategy: normal, platform: WINDOWS, platformName: WINDOWS, proxy: Proxy(), setWindowRect: true, strictFileInteractability: false, timeouts: {implicit: 0, pageLoad: 300000, script: 30000}, unhandledPromptBehavior: dismiss and notify, webauthn:extension:credBlob: true, webauthn:extension:largeBlob: true, webauthn:extension:minPinLength: true, webauthn:extension:prf: true, webauthn:virtualAuthenticators: true}&#xa;Session ID: a07a5a3b5f810d765abcf584020fb61a&#xa;	at java.base/jdk.internal.reflect.NativeConstructorAccessorImpl.newInstance0(Native Method)&#xa;	at java.base/jdk.internal.reflect.NativeConstructorAccessorImpl.newInstance(NativeConstructorAccessorImpl.java:77)&#xa;	at java.base/jdk.internal.reflect.DelegatingConstructorAccessorImpl.newInstance(DelegatingConstructorAccessorImpl.java:45)&#xa;	at org.openqa.selenium.remote.http.W3CHttpResponseCodec.createException(W3CHttpResponseCodec.java:187)&#xa;	at org.openqa.selenium.remote.http.W3CHttpResponseCodec.decode(W3CHttpResponseCodec.java:122)&#xa;	at org.openqa.selenium.remote.http.W3CHttpResponseCodec.decode(W3CHttpResponseCodec.java:49)&#xa;	at org.openqa.selenium.remote.HttpCommandExecutor.execute(HttpCommandExecutor.java:158)&#xa;	at org.openqa.selenium.remote.service.DriverCommandExecutor.execute(DriverCommandExecutor.java:83)&#xa;	at org.openqa.selenium.remote.RemoteWebDriver.execute(RemoteWebDriver.java:552)&#xa;	at com.kms.katalon.selenium.driver.CChromeDriver.execute(CChromeDriver.java:19)&#xa;	at org.openqa.selenium.remote.RemoteWebElement.execute(RemoteWebElement.java:285)&#xa;	at org.openqa.selenium.remote.RemoteWebElement.sendKeys(RemoteWebElement.java:106)&#xa;	at jdk.internal.reflect.GeneratedMethodAccessor13.invoke(Unknown Source)&#xa;	at java.base/jdk.internal.reflect.DelegatingMethodAccessorImpl.invoke(DelegatingMethodAccessorImpl.java:43)&#xa;	at org.openqa.selenium.support.events.EventFiringWebDriver$EventFiringWebElement.lambda$new$0(EventFiringWebDriver.java:404)&#xa;	at jdk.proxy2/jdk.proxy2.$Proxy24.sendKeys(Unknown Source)&#xa;	at org.openqa.selenium.support.events.EventFiringWebDriver$EventFiringWebElement.sendKeys(EventFiringWebDriver.java:429)&#xa;	at com.kms.katalon.core.webui.keyword.builtin.UploadFileKeyword$_uploadFile_closure1.doCall(UploadFileKeyword.groovy:80)&#xa;	at com.kms.katalon.core.webui.keyword.builtin.UploadFileKeyword$_uploadFile_closure1.call(UploadFileKeyword.groovy)&#xa;	at com.kms.katalon.core.webui.keyword.internal.WebUIKeywordMain.runKeyword(WebUIKeywordMain.groovy:20)&#xa;	... 20 more&#xa;"/>
         <system-out><![CDATA[01-01-2024T23:08:57 - [TEST_CASE][FAILED] - Test Cases/Piggy Bank: Test Cases/Piggy Bank FAILED.
Reason:
com.kms.katalon.core.exception.StepFailedException: Unable to upload file 'C:\Users\MODERN 15\git\G1_Firefly_testing\Attachments File\65MiB.bin.csv' to object 'Object Repository/Piggy Bank/Page_New piggy bank  Piggy banks  Firefly III/button_upload'
	at com.kms.katalon.core.webui.keyword.internal.WebUIKeywordMain.stepFailed(WebUIKeywordMain.groovy:64)
	at com.kms.katalon.core.webui.keyword.internal.WebUIKeywordMain.runKeyword(WebUIKeywordMain.groovy:26)
	at com.kms.katalon.core.webui.keyword.builtin.UploadFileKeyword.uploadFile(UploadFileKeyword.groovy:87)
	at com.kms.katalon.core.webui.keyword.builtin.UploadFileKeyword.execute(UploadFileKeyword.groovy:68)
	at com.kms.katalon.core.keyword.internal.KeywordExecutor.executeKeywordForPlatform(KeywordExecutor.groovy:74)
	at com.kms.katalon.core.webui.keyword.WebUiBuiltInKeywords.uploadFile(WebUiBuiltInKeywords.groovy:4117)
	at Piggy Bank.run(Piggy Bank:54)
	at com.kms.katalon.core.main.ScriptEngine.run(ScriptEngine.java:194)
	at com.kms.katalon.core.main.ScriptEngine.runScriptAsRawText(ScriptEngine.java:119)
	at com.kms.katalon.core.main.TestCaseExecutor.runScript(TestCaseExecutor.java:448)
	at com.kms.katalon.core.main.TestCaseExecutor.doExecute(TestCaseExecutor.java:439)
	at com.kms.katalon.core.main.TestCaseExecutor.processExecutionPhase(TestCaseExecutor.java:418)
	at com.kms.katalon.core.main.TestCaseExecutor.accessMainPhase(TestCaseExecutor.java:410)
	at com.kms.katalon.core.main.TestCaseExecutor.execute(TestCaseExecutor.java:285)
	at com.kms.katalon.core.common.CommonExecutor.accessTestCaseMainPhase(CommonExecutor.java:65)
	at com.kms.katalon.core.main.TestSuiteExecutor.accessTestSuiteMainPhase(TestSuiteExecutor.java:148)
	at com.kms.katalon.core.main.TestSuiteExecutor.execute(TestSuiteExecutor.java:106)
	at com.kms.katalon.core.main.TestCaseMain.startTestSuite(TestCaseMain.java:180)
	at TempTestSuite1704125292372.run(TempTestSuite1704125292372.groovy:36)
	at java.base/jdk.internal.reflect.NativeMethodAccessorImpl.invoke0(Native Method)
	at java.base/jdk.internal.reflect.NativeMethodAccessorImpl.invoke(NativeMethodAccessorImpl.java:77)
	at java.base/jdk.internal.reflect.DelegatingMethodAccessorImpl.invoke(DelegatingMethodAccessorImpl.java:43)
Caused by: org.openqa.selenium.InvalidArgumentException: invalid argument: File not found : C:\Users\MODERN 15\git\G1_Firefly_testing\Attachments File\65MiB.bin.csv
  (Session info: chrome=120.0.6099.130)
Build info: version: '3.141.59', revision: 'e82be7d358', time: '2018-11-14T08:25:53'
System info: host: 'PHUC', ip: '192.168.1.4', os.name: 'Windows 11', os.arch: 'amd64', os.version: '10.0', java.version: '17.0.7'
Driver info: com.kms.katalon.selenium.driver.CChromeDriver
Capabilities {acceptInsecureCerts: false, browserName: chrome, browserVersion: 120.0.6099.130, chrome: {chromedriverVersion: 119.0.6045.105 (38c72552c5e..., userDataDir: C:\Users\MODERN~1\AppData\L...}, fedcm:accounts: true, goog:chromeOptions: {debuggerAddress: localhost:62206}, javascriptEnabled: true, networkConnectionEnabled: false, pageLoadStrategy: normal, platform: WINDOWS, platformName: WINDOWS, proxy: Proxy(), setWindowRect: true, strictFileInteractability: false, timeouts: {implicit: 0, pageLoad: 300000, script: 30000}, unhandledPromptBehavior: dismiss and notify, webauthn:extension:credBlob: true, webauthn:extension:largeBlob: true, webauthn:extension:minPinLength: true, webauthn:extension:prf: true, webauthn:virtualAuthenticators: true}
Session ID: a07a5a3b5f810d765abcf584020fb61a
	at java.base/jdk.internal.reflect.NativeConstructorAccessorImpl.newInstance0(Native Method)
	at java.base/jdk.internal.reflect.NativeConstructorAccessorImpl.newInstance(NativeConstructorAccessorImpl.java:77)
	at java.base/jdk.internal.reflect.DelegatingConstructorAccessorImpl.newInstance(DelegatingConstructorAccessorImpl.java:45)
	at org.openqa.selenium.remote.http.W3CHttpResponseCodec.createException(W3CHttpResponseCodec.java:187)
	at org.openqa.selenium.remote.http.W3CHttpResponseCodec.decode(W3CHttpResponseCodec.java:122)
	at org.openqa.selenium.remote.http.W3CHttpResponseCodec.decode(W3CHttpResponseCodec.java:49)
	at org.openqa.selenium.remote.HttpCommandExecutor.execute(HttpCommandExecutor.java:158)
	at org.openqa.selenium.remote.service.DriverCommandExecutor.execute(DriverCommandExecutor.java:83)
	at org.openqa.selenium.remote.RemoteWebDriver.execute(RemoteWebDriver.java:552)
	at com.kms.katalon.selenium.driver.CChromeDriver.execute(CChromeDriver.java:19)
	at org.openqa.selenium.remote.RemoteWebElement.execute(RemoteWebElement.java:285)
	at org.openqa.selenium.remote.RemoteWebElement.sendKeys(RemoteWebElement.java:106)
	at jdk.internal.reflect.GeneratedMethodAccessor13.invoke(Unknown Source)
	at java.base/jdk.internal.reflect.DelegatingMethodAccessorImpl.invoke(DelegatingMethodAccessorImpl.java:43)
	at org.openqa.selenium.support.events.EventFiringWebDriver$EventFiringWebElement.lambda$new$0(EventFiringWebDriver.java:404)
	at jdk.proxy2/jdk.proxy2.$Proxy24.sendKeys(Unknown Source)
	at org.openqa.selenium.support.events.EventFiringWebDriver$EventFiringWebElement.sendKeys(EventFiringWebDriver.java:429)
	at com.kms.katalon.core.webui.keyword.builtin.UploadFileKeyword$_uploadFile_closure1.doCall(UploadFileKeyword.groovy:80)
	at com.kms.katalon.core.webui.keyword.builtin.UploadFileKeyword$_uploadFile_closure1.call(UploadFileKeyword.groovy)
	at com.kms.katalon.core.webui.keyword.internal.WebUIKeywordMain.runKeyword(WebUIKeywordMain.groovy:20)
	... 20 more


01-01-2024T23:08:57 - [TEST_STEP][PASSED] - openBrowser(""): Browser is opened with url: ''

01-01-2024T23:08:57 - [MESSAGE][WARNING] - A browser is already opened. Closing browser and opening a new one

01-01-2024T23:08:57 - [MESSAGE][INFO] - Starting 'Chrome' driver

01-01-2024T23:08:57 - [MESSAGE][INFO] - Action delay is set to 0 milliseconds

01-01-2024T23:08:58 - [MESSAGE][PASSED] - Browser is opened with url: ''

01-01-2024T23:08:58 - [TEST_STEP][PASSED] - navigateToUrl("https://firefly.buudadawg.online/login"): Navigate to 'https://firefly.buudadawg.online/login' successfully

01-01-2024T23:09:01 - [MESSAGE][PASSED] - Navigate to 'https://firefly.buudadawg.online/login' successfully

01-01-2024T23:09:01 - [TEST_STEP][PASSED] - setText(findTestObject("Object Repository/Piggy Bank/Page_Login to Firefly III/input_email"), username): Text 'killermh1352@gmail.com' is set on object 'Object Repository/Piggy Bank/Page_Login to Firefly III/input_email'

01-01-2024T23:09:02 - [MESSAGE][PASSED] - Text 'killermh1352@gmail.com' is set on object 'Object Repository/Piggy Bank/Page_Login to Firefly III/input_email'

01-01-2024T23:09:02 - [TEST_STEP][PASSED] - setText(findTestObject("Object Repository/Piggy Bank/Page_Login to Firefly III/input_password"), password): Text 'tranvinhphuc2002' is set on object 'Object Repository/Piggy Bank/Page_Login to Firefly III/input_password'

01-01-2024T23:09:03 - [MESSAGE][PASSED] - Text 'tranvinhphuc2002' is set on object 'Object Repository/Piggy Bank/Page_Login to Firefly III/input_password'

01-01-2024T23:09:03 - [TEST_STEP][PASSED] - sendKeys(findTestObject("Object Repository/Piggy Bank/Page_Login to Firefly III/input_password"), Keys.chord(ENTER)): Keys 'ENTER + ' sent to object: 'Object Repository/Piggy Bank/Page_Login to Firefly III/input_password'

01-01-2024T23:09:04 - [MESSAGE][PASSED] - Keys 'ENTER + ' sent to object: 'Object Repository/Piggy Bank/Page_Login to Firefly III/input_password'

01-01-2024T23:09:04 - [TEST_STEP][PASSED] - click(findTestObject("Object Repository/Piggy Bank/Page_Whats playing  Firefly III/a_Piggy banks")): Object: 'Object Repository/Piggy Bank/Page_Whats playing  Firefly III/a_Piggy banks' is clicked on

01-01-2024T23:09:06 - [MESSAGE][PASSED] - Object: 'Object Repository/Piggy Bank/Page_Whats playing  Firefly III/a_Piggy banks' is clicked on

01-01-2024T23:09:06 - [TEST_STEP][PASSED] - click(findTestObject("Piggy Bank/Page_Piggy banks  Firefly III/a_Create new piggy bank")): Object: 'Object Repository/Piggy Bank/Page_Piggy banks  Firefly III/a_Create new piggy bank' is clicked on

01-01-2024T23:09:07 - [MESSAGE][PASSED] - Object: 'Object Repository/Piggy Bank/Page_Piggy banks  Firefly III/a_Create new piggy bank' is clicked on

01-01-2024T23:09:07 - [TEST_STEP][PASSED] - setText(findTestObject("Object Repository/Piggy Bank/Page_New piggy bank  Piggy banks  Firefly III/input_name"), name): Text 'Sierra Wireless, Inc.' is set on object 'Object Repository/Piggy Bank/Page_New piggy bank  Piggy banks  Firefly III/input_name'

01-01-2024T23:09:07 - [MESSAGE][PASSED] - Text 'Sierra Wireless, Inc.' is set on object 'Object Repository/Piggy Bank/Page_New piggy bank  Piggy banks  Firefly III/input_name'

01-01-2024T23:09:07 - [TEST_STEP][PASSED] - selectOptionByLabel(findTestObject("Object Repository/Piggy Bank/Page_New piggy bank  Piggy banks  Firefly III/select_My Savings AccountMy Asset Account"), save_on_account, true): All options with label 'My Asset Account' are selected in object 'Object Repository/Piggy Bank/Page_New piggy bank  Piggy banks  Firefly III/select_My Savings AccountMy Asset Account'  using regular expression

01-01-2024T23:09:08 - [MESSAGE][PASSED] - All options with label 'My Asset Account' are selected in object 'Object Repository/Piggy Bank/Page_New piggy bank  Piggy banks  Firefly III/select_My Savings AccountMy Asset Account'  using regular expression

01-01-2024T23:09:08 - [TEST_STEP][PASSED] - setText(findTestObject("Object Repository/Piggy Bank/Page_New piggy bank  Piggy banks  Firefly III/input_targetamount"), target_amount): Text '52369' is set on object 'Object Repository/Piggy Bank/Page_New piggy bank  Piggy banks  Firefly III/input_targetamount'

01-01-2024T23:09:09 - [MESSAGE][PASSED] - Text '52369' is set on object 'Object Repository/Piggy Bank/Page_New piggy bank  Piggy banks  Firefly III/input_targetamount'

01-01-2024T23:09:09 - [TEST_STEP][PASSED] - setText(findTestObject("Object Repository/Piggy Bank/Page_New piggy bank  Piggy banks  Firefly III/textarea_notes"), notes): Text 'nibh in hac habitasse platea dictumst aliquam augue quam sollicitudin vitae consectetuer eget rutrum at lorem integer tincidunt ante vel ipsum praesent blandit lacinia erat vestibulum sed magna at nunc commodo placerat praesent blandit nam nulla integer pede justo lacinia eget tincidunt eget tempus vel pede morbi porttitor lorem id ligula suspendisse ornare consequat lectus in est risus auctor sed tristique in tempus sit amet sem fusce consequat nulla nisl nunc nisl duis bibendum felis sed interdum venenatis turpis enim blandit mi in porttitor pede justo eu massa donec dapibus duis at velit eu est congue elementum in hac habitasse platea dictumst morbi vestibulum velit id pretium iaculis diam erat fermentum justo nec condimentum neque sapien placerat ante nulla justo aliquam quis turpis eget elit sodales scelerisque mauris sit amet eros suspendisse accumsan tortor quis turpis sed ante vivamus tortor duis mattis egestas metus aenean fermentum donec ut mauris eget massa tempor convallis nulla neque libero convallis eget eleifend luctus ultricies eu nibh quisque id justo sit amet sapien dignissim vestibulum vestibulum ante ipsum primis in faucibus orci luctus et ultrices posuere cubilia curae nulla dapibus dolor vel est donec odio justo sollicitudin ut suscipit a feugiat et eros vestibulum ac est lacinia nisi venenatis tristique fusce congue diam id ornare imperdiet sapien urna pretium nisl ut volutpat sapien arcu sed augue aliquam erat volutpat in congue etiam justo etiam pretium iaculis justo in hac habitasse platea dictumst' is set on object 'Object Repository/Piggy Bank/Page_New piggy bank  Piggy banks  Firefly III/textarea_notes'

01-01-2024T23:09:13 - [MESSAGE][PASSED] - Text 'nibh in hac habitasse platea dictumst aliquam augue quam sollicitudin vitae consectetuer eget rutrum at lorem integer tincidunt ante vel ipsum praesent blandit lacinia erat vestibulum sed magna at nunc commodo placerat praesent blandit nam nulla integer pede justo lacinia eget tincidunt eget tempus vel pede morbi porttitor lorem id ligula suspendisse ornare consequat lectus in est risus auctor sed tristique in tempus sit amet sem fusce consequat nulla nisl nunc nisl duis bibendum felis sed interdum venenatis turpis enim blandit mi in porttitor pede justo eu massa donec dapibus duis at velit eu est congue elementum in hac habitasse platea dictumst morbi vestibulum velit id pretium iaculis diam erat fermentum justo nec condimentum neque sapien placerat ante nulla justo aliquam quis turpis eget elit sodales scelerisque mauris sit amet eros suspendisse accumsan tortor quis turpis sed ante vivamus tortor duis mattis egestas metus aenean fermentum donec ut mauris eget massa tempor convallis nulla neque libero convallis eget eleifend luctus ultricies eu nibh quisque id justo sit amet sapien dignissim vestibulum vestibulum ante ipsum primis in faucibus orci luctus et ultrices posuere cubilia curae nulla dapibus dolor vel est donec odio justo sollicitudin ut suscipit a feugiat et eros vestibulum ac est lacinia nisi venenatis tristique fusce congue diam id ornare imperdiet sapien urna pretium nisl ut volutpat sapien arcu sed augue aliquam erat volutpat in congue etiam justo etiam pretium iaculis justo in hac habitasse platea dictumst' is set on object 'Object Repository/Piggy Bank/Page_New piggy bank  Piggy banks  Firefly III/textarea_notes'

01-01-2024T23:09:13 - [TEST_STEP][PASSED] - setText(findTestObject("Object Repository/Piggy Bank/Page_New piggy bank  Piggy banks  Firefly III/input_object_group"), group): Text 'odio condimentum id luctus nec molestie sed justo pellentesque viverra pede ac diam' is set on object 'Object Repository/Piggy Bank/Page_New piggy bank  Piggy banks  Firefly III/input_object_group'

01-01-2024T23:09:14 - [MESSAGE][PASSED] - Text 'odio condimentum id luctus nec molestie sed justo pellentesque viverra pede ac diam' is set on object 'Object Repository/Piggy Bank/Page_New piggy bank  Piggy banks  Firefly III/input_object_group'

01-01-2024T23:09:14 - [TEST_STEP][PASSED] - setText(findTestObject("Piggy Bank/Page_New piggy bank  Piggy banks  Firefly III/input_date"), target_date): Text '' is set on object 'Object Repository/Piggy Bank/Page_New piggy bank  Piggy banks  Firefly III/input_date'

01-01-2024T23:09:15 - [MESSAGE][PASSED] - Text '' is set on object 'Object Repository/Piggy Bank/Page_New piggy bank  Piggy banks  Firefly III/input_date'

01-01-2024T23:09:15 - [TEST_STEP][FAILED] - if (attachment): Unable to upload file 'C:\Users\MODERN 15\git\G1_Firefly_testing\Attachments File\65MiB.bin.csv' to object 'Object Repository/Piggy Bank/Page_New piggy bank  Piggy banks  Firefly III/button_upload' (Root cause: com.kms.katalon.core.exception.StepFailedException: Unable to upload file 'C:\Users\MODERN 15\git\G1_Firefly_testing\Attachments File\65MiB.bin.csv' to object 'Object Repository/Piggy Bank/Page_New piggy bank  Piggy banks  Firefly III/button_upload'
	at com.kms.katalon.core.webui.keyword.internal.WebUIKeywordMain.stepFailed(WebUIKeywordMain.groovy:64)
	at com.kms.katalon.core.webui.keyword.internal.WebUIKeywordMain.runKeyword(WebUIKeywordMain.groovy:26)
	at com.kms.katalon.core.webui.keyword.builtin.UploadFileKeyword.uploadFile(UploadFileKeyword.groovy:87)
	at com.kms.katalon.core.webui.keyword.builtin.UploadFileKeyword.execute(UploadFileKeyword.groovy:68)
	at com.kms.katalon.core.keyword.internal.KeywordExecutor.executeKeywordForPlatform(KeywordExecutor.groovy:74)
	at com.kms.katalon.core.webui.keyword.WebUiBuiltInKeywords.uploadFile(WebUiBuiltInKeywords.groovy:4117)
	at Piggy Bank.run(Piggy Bank:54)
	at com.kms.katalon.core.main.ScriptEngine.run(ScriptEngine.java:194)
	at com.kms.katalon.core.main.ScriptEngine.runScriptAsRawText(ScriptEngine.java:119)
	at com.kms.katalon.core.main.TestCaseExecutor.runScript(TestCaseExecutor.java:448)
	at com.kms.katalon.core.main.TestCaseExecutor.doExecute(TestCaseExecutor.java:439)
	at com.kms.katalon.core.main.TestCaseExecutor.processExecutionPhase(TestCaseExecutor.java:418)
	at com.kms.katalon.core.main.TestCaseExecutor.accessMainPhase(TestCaseExecutor.java:410)
	at com.kms.katalon.core.main.TestCaseExecutor.execute(TestCaseExecutor.java:285)
	at com.kms.katalon.core.common.CommonExecutor.accessTestCaseMainPhase(CommonExecutor.java:65)
	at com.kms.katalon.core.main.TestSuiteExecutor.accessTestSuiteMainPhase(TestSuiteExecutor.java:148)
	at com.kms.katalon.core.main.TestSuiteExecutor.execute(TestSuiteExecutor.java:106)
	at com.kms.katalon.core.main.TestCaseMain.startTestSuite(TestCaseMain.java:180)
	at TempTestSuite1704125292372.run(TempTestSuite1704125292372.groovy:36)
	at java.base/jdk.internal.reflect.NativeMethodAccessorImpl.invoke0(Native Method)
	at java.base/jdk.internal.reflect.NativeMethodAccessorImpl.invoke(NativeMethodAccessorImpl.java:77)
	at java.base/jdk.internal.reflect.DelegatingMethodAccessorImpl.invoke(DelegatingMethodAccessorImpl.java:43)
Caused by: org.openqa.selenium.InvalidArgumentException: invalid argument: File not found : C:\Users\MODERN 15\git\G1_Firefly_testing\Attachments File\65MiB.bin.csv
  (Session info: chrome=120.0.6099.130)
Build info: version: '3.141.59', revision: 'e82be7d358', time: '2018-11-14T08:25:53'
System info: host: 'PHUC', ip: '192.168.1.4', os.name: 'Windows 11', os.arch: 'amd64', os.version: '10.0', java.version: '17.0.7'
Driver info: com.kms.katalon.selenium.driver.CChromeDriver
Capabilities {acceptInsecureCerts: false, browserName: chrome, browserVersion: 120.0.6099.130, chrome: {chromedriverVersion: 119.0.6045.105 (38c72552c5e..., userDataDir: C:\Users\MODERN~1\AppData\L...}, fedcm:accounts: true, goog:chromeOptions: {debuggerAddress: localhost:62206}, javascriptEnabled: true, networkConnectionEnabled: false, pageLoadStrategy: normal, platform: WINDOWS, platformName: WINDOWS, proxy: Proxy(), setWindowRect: true, strictFileInteractability: false, timeouts: {implicit: 0, pageLoad: 300000, script: 30000}, unhandledPromptBehavior: dismiss and notify, webauthn:extension:credBlob: true, webauthn:extension:largeBlob: true, webauthn:extension:minPinLength: true, webauthn:extension:prf: true, webauthn:virtualAuthenticators: true}
Session ID: a07a5a3b5f810d765abcf584020fb61a
	at java.base/jdk.internal.reflect.NativeConstructorAccessorImpl.newInstance0(Native Method)
	at java.base/jdk.internal.reflect.NativeConstructorAccessorImpl.newInstance(NativeConstructorAccessorImpl.java:77)
	at java.base/jdk.internal.reflect.DelegatingConstructorAccessorImpl.newInstance(DelegatingConstructorAccessorImpl.java:45)
	at org.openqa.selenium.remote.http.W3CHttpResponseCodec.createException(W3CHttpResponseCodec.java:187)
	at org.openqa.selenium.remote.http.W3CHttpResponseCodec.decode(W3CHttpResponseCodec.java:122)
	at org.openqa.selenium.remote.http.W3CHttpResponseCodec.decode(W3CHttpResponseCodec.java:49)
	at org.openqa.selenium.remote.HttpCommandExecutor.execute(HttpCommandExecutor.java:158)
	at org.openqa.selenium.remote.service.DriverCommandExecutor.execute(DriverCommandExecutor.java:83)
	at org.openqa.selenium.remote.RemoteWebDriver.execute(RemoteWebDriver.java:552)
	at com.kms.katalon.selenium.driver.CChromeDriver.execute(CChromeDriver.java:19)
	at org.openqa.selenium.remote.RemoteWebElement.execute(RemoteWebElement.java:285)
	at org.openqa.selenium.remote.RemoteWebElement.sendKeys(RemoteWebElement.java:106)
	at jdk.internal.reflect.GeneratedMethodAccessor13.invoke(Unknown Source)
	at java.base/jdk.internal.reflect.DelegatingMethodAccessorImpl.invoke(DelegatingMethodAccessorImpl.java:43)
	at org.openqa.selenium.support.events.EventFiringWebDriver$EventFiringWebElement.lambda$new$0(EventFiringWebDriver.java:404)
	at jdk.proxy2/jdk.proxy2.$Proxy24.sendKeys(Unknown Source)
	at org.openqa.selenium.support.events.EventFiringWebDriver$EventFiringWebElement.sendKeys(EventFiringWebDriver.java:429)
	at com.kms.katalon.core.webui.keyword.builtin.UploadFileKeyword$_uploadFile_closure1.doCall(UploadFileKeyword.groovy:80)
	at com.kms.katalon.core.webui.keyword.builtin.UploadFileKeyword$_uploadFile_closure1.call(UploadFileKeyword.groovy)
	at com.kms.katalon.core.webui.keyword.internal.WebUIKeywordMain.runKeyword(WebUIKeywordMain.groovy:20)
	at com.kms.katalon.core.webui.keyword.builtin.UploadFileKeyword.uploadFile(UploadFileKeyword.groovy:87)
	at com.kms.katalon.core.webui.keyword.builtin.UploadFileKeyword.execute(UploadFileKeyword.groovy:68)
	at com.kms.katalon.core.keyword.internal.KeywordExecutor.executeKeywordForPlatform(KeywordExecutor.groovy:74)
	at com.kms.katalon.core.webui.keyword.WebUiBuiltInKeywords.uploadFile(WebUiBuiltInKeywords.groovy:4117)
	at Script1704083070390.run(Script1704083070390.groovy:54)
	... 15 more
)

01-01-2024T23:09:15 - [TEST_STEP][PASSED] - absolutePath = normalize().toString(): null

01-01-2024T23:09:15 - [TEST_STEP][FAILED] - uploadFile(findTestObject("Piggy Bank/Page_New piggy bank  Piggy banks  Firefly III/button_upload"), absolutePath): Unable to upload file 'C:\Users\MODERN 15\git\G1_Firefly_testing\Attachments File\65MiB.bin.csv' to object 'Object Repository/Piggy Bank/Page_New piggy bank  Piggy banks  Firefly III/button_upload' (Root cause: com.kms.katalon.core.exception.StepFailedException: Unable to upload file 'C:\Users\MODERN 15\git\G1_Firefly_testing\Attachments File\65MiB.bin.csv' to object 'Object Repository/Piggy Bank/Page_New piggy bank  Piggy banks  Firefly III/button_upload'
	at com.kms.katalon.core.webui.keyword.internal.WebUIKeywordMain.stepFailed(WebUIKeywordMain.groovy:64)
	at com.kms.katalon.core.webui.keyword.internal.WebUIKeywordMain.runKeyword(WebUIKeywordMain.groovy:26)
	at com.kms.katalon.core.webui.keyword.builtin.UploadFileKeyword.uploadFile(UploadFileKeyword.groovy:87)
	at com.kms.katalon.core.webui.keyword.builtin.UploadFileKeyword.execute(UploadFileKeyword.groovy:68)
	at com.kms.katalon.core.keyword.internal.KeywordExecutor.executeKeywordForPlatform(KeywordExecutor.groovy:74)
	at com.kms.katalon.core.webui.keyword.WebUiBuiltInKeywords.uploadFile(WebUiBuiltInKeywords.groovy:4117)
	at Piggy Bank.run(Piggy Bank:54)
	at com.kms.katalon.core.main.ScriptEngine.run(ScriptEngine.java:194)
	at com.kms.katalon.core.main.ScriptEngine.runScriptAsRawText(ScriptEngine.java:119)
	at com.kms.katalon.core.main.TestCaseExecutor.runScript(TestCaseExecutor.java:448)
	at com.kms.katalon.core.main.TestCaseExecutor.doExecute(TestCaseExecutor.java:439)
	at com.kms.katalon.core.main.TestCaseExecutor.processExecutionPhase(TestCaseExecutor.java:418)
	at com.kms.katalon.core.main.TestCaseExecutor.accessMainPhase(TestCaseExecutor.java:410)
	at com.kms.katalon.core.main.TestCaseExecutor.execute(TestCaseExecutor.java:285)
	at com.kms.katalon.core.common.CommonExecutor.accessTestCaseMainPhase(CommonExecutor.java:65)
	at com.kms.katalon.core.main.TestSuiteExecutor.accessTestSuiteMainPhase(TestSuiteExecutor.java:148)
	at com.kms.katalon.core.main.TestSuiteExecutor.execute(TestSuiteExecutor.java:106)
	at com.kms.katalon.core.main.TestCaseMain.startTestSuite(TestCaseMain.java:180)
	at TempTestSuite1704125292372.run(TempTestSuite1704125292372.groovy:36)
	at java.base/jdk.internal.reflect.NativeMethodAccessorImpl.invoke0(Native Method)
	at java.base/jdk.internal.reflect.NativeMethodAccessorImpl.invoke(NativeMethodAccessorImpl.java:77)
	at java.base/jdk.internal.reflect.DelegatingMethodAccessorImpl.invoke(DelegatingMethodAccessorImpl.java:43)
Caused by: org.openqa.selenium.InvalidArgumentException: invalid argument: File not found : C:\Users\MODERN 15\git\G1_Firefly_testing\Attachments File\65MiB.bin.csv
  (Session info: chrome=120.0.6099.130)
Build info: version: '3.141.59', revision: 'e82be7d358', time: '2018-11-14T08:25:53'
System info: host: 'PHUC', ip: '192.168.1.4', os.name: 'Windows 11', os.arch: 'amd64', os.version: '10.0', java.version: '17.0.7'
Driver info: com.kms.katalon.selenium.driver.CChromeDriver
Capabilities {acceptInsecureCerts: false, browserName: chrome, browserVersion: 120.0.6099.130, chrome: {chromedriverVersion: 119.0.6045.105 (38c72552c5e..., userDataDir: C:\Users\MODERN~1\AppData\L...}, fedcm:accounts: true, goog:chromeOptions: {debuggerAddress: localhost:62206}, javascriptEnabled: true, networkConnectionEnabled: false, pageLoadStrategy: normal, platform: WINDOWS, platformName: WINDOWS, proxy: Proxy(), setWindowRect: true, strictFileInteractability: false, timeouts: {implicit: 0, pageLoad: 300000, script: 30000}, unhandledPromptBehavior: dismiss and notify, webauthn:extension:credBlob: true, webauthn:extension:largeBlob: true, webauthn:extension:minPinLength: true, webauthn:extension:prf: true, webauthn:virtualAuthenticators: true}
Session ID: a07a5a3b5f810d765abcf584020fb61a
	at java.base/jdk.internal.reflect.NativeConstructorAccessorImpl.newInstance0(Native Method)
	at java.base/jdk.internal.reflect.NativeConstructorAccessorImpl.newInstance(NativeConstructorAccessorImpl.java:77)
	at java.base/jdk.internal.reflect.DelegatingConstructorAccessorImpl.newInstance(DelegatingConstructorAccessorImpl.java:45)
	at org.openqa.selenium.remote.http.W3CHttpResponseCodec.createException(W3CHttpResponseCodec.java:187)
	at org.openqa.selenium.remote.http.W3CHttpResponseCodec.decode(W3CHttpResponseCodec.java:122)
	at org.openqa.selenium.remote.http.W3CHttpResponseCodec.decode(W3CHttpResponseCodec.java:49)
	at org.openqa.selenium.remote.HttpCommandExecutor.execute(HttpCommandExecutor.java:158)
	at org.openqa.selenium.remote.service.DriverCommandExecutor.execute(DriverCommandExecutor.java:83)
	at org.openqa.selenium.remote.RemoteWebDriver.execute(RemoteWebDriver.java:552)
	at com.kms.katalon.selenium.driver.CChromeDriver.execute(CChromeDriver.java:19)
	at org.openqa.selenium.remote.RemoteWebElement.execute(RemoteWebElement.java:285)
	at org.openqa.selenium.remote.RemoteWebElement.sendKeys(RemoteWebElement.java:106)
	at jdk.internal.reflect.GeneratedMethodAccessor13.invoke(Unknown Source)
	at java.base/jdk.internal.reflect.DelegatingMethodAccessorImpl.invoke(DelegatingMethodAccessorImpl.java:43)
	at org.openqa.selenium.support.events.EventFiringWebDriver$EventFiringWebElement.lambda$new$0(EventFiringWebDriver.java:404)
	at jdk.proxy2/jdk.proxy2.$Proxy24.sendKeys(Unknown Source)
	at org.openqa.selenium.support.events.EventFiringWebDriver$EventFiringWebElement.sendKeys(EventFiringWebDriver.java:429)
	at com.kms.katalon.core.webui.keyword.builtin.UploadFileKeyword$_uploadFile_closure1.doCall(UploadFileKeyword.groovy:80)
	at com.kms.katalon.core.webui.keyword.builtin.UploadFileKeyword$_uploadFile_closure1.call(UploadFileKeyword.groovy)
	at com.kms.katalon.core.webui.keyword.internal.WebUIKeywordMain.runKeyword(WebUIKeywordMain.groovy:20)
	at com.kms.katalon.core.webui.keyword.builtin.UploadFileKeyword.uploadFile(UploadFileKeyword.groovy:87)
	at com.kms.katalon.core.webui.keyword.builtin.UploadFileKeyword.execute(UploadFileKeyword.groovy:68)
	at com.kms.katalon.core.keyword.internal.KeywordExecutor.executeKeywordForPlatform(KeywordExecutor.groovy:74)
	at com.kms.katalon.core.webui.keyword.WebUiBuiltInKeywords.uploadFile(WebUiBuiltInKeywords.groovy:4117)
	at Script1704083070390.run(Script1704083070390.groovy:54)
	... 15 more
)

01-01-2024T23:09:16 - [MESSAGE][FAILED] - Unable to upload file 'C:\Users\MODERN 15\git\G1_Firefly_testing\Attachments File\65MiB.bin.csv' to object 'Object Repository/Piggy Bank/Page_New piggy bank  Piggy banks  Firefly III/button_upload' (Root cause: com.kms.katalon.core.exception.StepFailedException: Unable to upload file 'C:\Users\MODERN 15\git\G1_Firefly_testing\Attachments File\65MiB.bin.csv' to object 'Object Repository/Piggy Bank/Page_New piggy bank  Piggy banks  Firefly III/button_upload'
	at com.kms.katalon.core.webui.keyword.internal.WebUIKeywordMain.stepFailed(WebUIKeywordMain.groovy:64)
	at com.kms.katalon.core.webui.keyword.internal.WebUIKeywordMain.runKeyword(WebUIKeywordMain.groovy:26)
	at com.kms.katalon.core.webui.keyword.builtin.UploadFileKeyword.uploadFile(UploadFileKeyword.groovy:87)
	at com.kms.katalon.core.webui.keyword.builtin.UploadFileKeyword.execute(UploadFileKeyword.groovy:68)
	at com.kms.katalon.core.keyword.internal.KeywordExecutor.executeKeywordForPlatform(KeywordExecutor.groovy:74)
	at com.kms.katalon.core.webui.keyword.WebUiBuiltInKeywords.uploadFile(WebUiBuiltInKeywords.groovy:4117)
	at Piggy Bank.run(Piggy Bank:54)
	at com.kms.katalon.core.main.ScriptEngine.run(ScriptEngine.java:194)
	at com.kms.katalon.core.main.ScriptEngine.runScriptAsRawText(ScriptEngine.java:119)
	at com.kms.katalon.core.main.TestCaseExecutor.runScript(TestCaseExecutor.java:448)
	at com.kms.katalon.core.main.TestCaseExecutor.doExecute(TestCaseExecutor.java:439)
	at com.kms.katalon.core.main.TestCaseExecutor.processExecutionPhase(TestCaseExecutor.java:418)
	at com.kms.katalon.core.main.TestCaseExecutor.accessMainPhase(TestCaseExecutor.java:410)
	at com.kms.katalon.core.main.TestCaseExecutor.execute(TestCaseExecutor.java:285)
	at com.kms.katalon.core.common.CommonExecutor.accessTestCaseMainPhase(CommonExecutor.java:65)
	at com.kms.katalon.core.main.TestSuiteExecutor.accessTestSuiteMainPhase(TestSuiteExecutor.java:148)
	at com.kms.katalon.core.main.TestSuiteExecutor.execute(TestSuiteExecutor.java:106)
	at com.kms.katalon.core.main.TestCaseMain.startTestSuite(TestCaseMain.java:180)
	at TempTestSuite1704125292372.run(TempTestSuite1704125292372.groovy:36)
	at java.base/jdk.internal.reflect.NativeMethodAccessorImpl.invoke0(Native Method)
	at java.base/jdk.internal.reflect.NativeMethodAccessorImpl.invoke(NativeMethodAccessorImpl.java:77)
	at java.base/jdk.internal.reflect.DelegatingMethodAccessorImpl.invoke(DelegatingMethodAccessorImpl.java:43)
Caused by: org.openqa.selenium.InvalidArgumentException: invalid argument: File not found : C:\Users\MODERN 15\git\G1_Firefly_testing\Attachments File\65MiB.bin.csv
  (Session info: chrome=120.0.6099.130)
Build info: version: '3.141.59', revision: 'e82be7d358', time: '2018-11-14T08:25:53'
System info: host: 'PHUC', ip: '192.168.1.4', os.name: 'Windows 11', os.arch: 'amd64', os.version: '10.0', java.version: '17.0.7'
Driver info: com.kms.katalon.selenium.driver.CChromeDriver
Capabilities {acceptInsecureCerts: false, browserName: chrome, browserVersion: 120.0.6099.130, chrome: {chromedriverVersion: 119.0.6045.105 (38c72552c5e..., userDataDir: C:\Users\MODERN~1\AppData\L...}, fedcm:accounts: true, goog:chromeOptions: {debuggerAddress: localhost:62206}, javascriptEnabled: true, networkConnectionEnabled: false, pageLoadStrategy: normal, platform: WINDOWS, platformName: WINDOWS, proxy: Proxy(), setWindowRect: true, strictFileInteractability: false, timeouts: {implicit: 0, pageLoad: 300000, script: 30000}, unhandledPromptBehavior: dismiss and notify, webauthn:extension:credBlob: true, webauthn:extension:largeBlob: true, webauthn:extension:minPinLength: true, webauthn:extension:prf: true, webauthn:virtualAuthenticators: true}
Session ID: a07a5a3b5f810d765abcf584020fb61a
	at java.base/jdk.internal.reflect.NativeConstructorAccessorImpl.newInstance0(Native Method)
	at java.base/jdk.internal.reflect.NativeConstructorAccessorImpl.newInstance(NativeConstructorAccessorImpl.java:77)
	at java.base/jdk.internal.reflect.DelegatingConstructorAccessorImpl.newInstance(DelegatingConstructorAccessorImpl.java:45)
	at org.openqa.selenium.remote.http.W3CHttpResponseCodec.createException(W3CHttpResponseCodec.java:187)
	at org.openqa.selenium.remote.http.W3CHttpResponseCodec.decode(W3CHttpResponseCodec.java:122)
	at org.openqa.selenium.remote.http.W3CHttpResponseCodec.decode(W3CHttpResponseCodec.java:49)
	at org.openqa.selenium.remote.HttpCommandExecutor.execute(HttpCommandExecutor.java:158)
	at org.openqa.selenium.remote.service.DriverCommandExecutor.execute(DriverCommandExecutor.java:83)
	at org.openqa.selenium.remote.RemoteWebDriver.execute(RemoteWebDriver.java:552)
	at com.kms.katalon.selenium.driver.CChromeDriver.execute(CChromeDriver.java:19)
	at org.openqa.selenium.remote.RemoteWebElement.execute(RemoteWebElement.java:285)
	at org.openqa.selenium.remote.RemoteWebElement.sendKeys(RemoteWebElement.java:106)
	at jdk.internal.reflect.GeneratedMethodAccessor13.invoke(Unknown Source)
	at java.base/jdk.internal.reflect.DelegatingMethodAccessorImpl.invoke(DelegatingMethodAccessorImpl.java:43)
	at org.openqa.selenium.support.events.EventFiringWebDriver$EventFiringWebElement.lambda$new$0(EventFiringWebDriver.java:404)
	at jdk.proxy2/jdk.proxy2.$Proxy24.sendKeys(Unknown Source)
	at org.openqa.selenium.support.events.EventFiringWebDriver$EventFiringWebElement.sendKeys(EventFiringWebDriver.java:429)
	at com.kms.katalon.core.webui.keyword.builtin.UploadFileKeyword$_uploadFile_closure1.doCall(UploadFileKeyword.groovy:80)
	at com.kms.katalon.core.webui.keyword.builtin.UploadFileKeyword$_uploadFile_closure1.call(UploadFileKeyword.groovy)
	at com.kms.katalon.core.webui.keyword.internal.WebUIKeywordMain.runKeyword(WebUIKeywordMain.groovy:20)
	at com.kms.katalon.core.webui.keyword.builtin.UploadFileKeyword.uploadFile(UploadFileKeyword.groovy:87)
	at com.kms.katalon.core.webui.keyword.builtin.UploadFileKeyword.execute(UploadFileKeyword.groovy:68)
	at com.kms.katalon.core.keyword.internal.KeywordExecutor.executeKeywordForPlatform(KeywordExecutor.groovy:74)
	at com.kms.katalon.core.webui.keyword.WebUiBuiltInKeywords.uploadFile(WebUiBuiltInKeywords.groovy:4117)
	at Script1704083070390.run(Script1704083070390.groovy:54)
	... 15 more
)
[[ATTACHMENT|C:\\Users\\MODERN 15\\git\\G1_Firefly_testing\\Reports\\20240101_230812\\Piggy Bank\\20240101_230812\\1704125356008.png]]]]></system-out>
         <system-err><![CDATA[01-01-2024T23:08:57 - [TEST_CASE][FAILED] - Test Cases/Piggy Bank: Test Cases/Piggy Bank FAILED.
Reason:
com.kms.katalon.core.exception.StepFailedException: Unable to upload file 'C:\Users\MODERN 15\git\G1_Firefly_testing\Attachments File\65MiB.bin.csv' to object 'Object Repository/Piggy Bank/Page_New piggy bank  Piggy banks  Firefly III/button_upload'
	at com.kms.katalon.core.webui.keyword.internal.WebUIKeywordMain.stepFailed(WebUIKeywordMain.groovy:64)
	at com.kms.katalon.core.webui.keyword.internal.WebUIKeywordMain.runKeyword(WebUIKeywordMain.groovy:26)
	at com.kms.katalon.core.webui.keyword.builtin.UploadFileKeyword.uploadFile(UploadFileKeyword.groovy:87)
	at com.kms.katalon.core.webui.keyword.builtin.UploadFileKeyword.execute(UploadFileKeyword.groovy:68)
	at com.kms.katalon.core.keyword.internal.KeywordExecutor.executeKeywordForPlatform(KeywordExecutor.groovy:74)
	at com.kms.katalon.core.webui.keyword.WebUiBuiltInKeywords.uploadFile(WebUiBuiltInKeywords.groovy:4117)
	at Piggy Bank.run(Piggy Bank:54)
	at com.kms.katalon.core.main.ScriptEngine.run(ScriptEngine.java:194)
	at com.kms.katalon.core.main.ScriptEngine.runScriptAsRawText(ScriptEngine.java:119)
	at com.kms.katalon.core.main.TestCaseExecutor.runScript(TestCaseExecutor.java:448)
	at com.kms.katalon.core.main.TestCaseExecutor.doExecute(TestCaseExecutor.java:439)
	at com.kms.katalon.core.main.TestCaseExecutor.processExecutionPhase(TestCaseExecutor.java:418)
	at com.kms.katalon.core.main.TestCaseExecutor.accessMainPhase(TestCaseExecutor.java:410)
	at com.kms.katalon.core.main.TestCaseExecutor.execute(TestCaseExecutor.java:285)
	at com.kms.katalon.core.common.CommonExecutor.accessTestCaseMainPhase(CommonExecutor.java:65)
	at com.kms.katalon.core.main.TestSuiteExecutor.accessTestSuiteMainPhase(TestSuiteExecutor.java:148)
	at com.kms.katalon.core.main.TestSuiteExecutor.execute(TestSuiteExecutor.java:106)
	at com.kms.katalon.core.main.TestCaseMain.startTestSuite(TestCaseMain.java:180)
	at TempTestSuite1704125292372.run(TempTestSuite1704125292372.groovy:36)
	at java.base/jdk.internal.reflect.NativeMethodAccessorImpl.invoke0(Native Method)
	at java.base/jdk.internal.reflect.NativeMethodAccessorImpl.invoke(NativeMethodAccessorImpl.java:77)
	at java.base/jdk.internal.reflect.DelegatingMethodAccessorImpl.invoke(DelegatingMethodAccessorImpl.java:43)
Caused by: org.openqa.selenium.InvalidArgumentException: invalid argument: File not found : C:\Users\MODERN 15\git\G1_Firefly_testing\Attachments File\65MiB.bin.csv
  (Session info: chrome=120.0.6099.130)
Build info: version: '3.141.59', revision: 'e82be7d358', time: '2018-11-14T08:25:53'
System info: host: 'PHUC', ip: '192.168.1.4', os.name: 'Windows 11', os.arch: 'amd64', os.version: '10.0', java.version: '17.0.7'
Driver info: com.kms.katalon.selenium.driver.CChromeDriver
Capabilities {acceptInsecureCerts: false, browserName: chrome, browserVersion: 120.0.6099.130, chrome: {chromedriverVersion: 119.0.6045.105 (38c72552c5e..., userDataDir: C:\Users\MODERN~1\AppData\L...}, fedcm:accounts: true, goog:chromeOptions: {debuggerAddress: localhost:62206}, javascriptEnabled: true, networkConnectionEnabled: false, pageLoadStrategy: normal, platform: WINDOWS, platformName: WINDOWS, proxy: Proxy(), setWindowRect: true, strictFileInteractability: false, timeouts: {implicit: 0, pageLoad: 300000, script: 30000}, unhandledPromptBehavior: dismiss and notify, webauthn:extension:credBlob: true, webauthn:extension:largeBlob: true, webauthn:extension:minPinLength: true, webauthn:extension:prf: true, webauthn:virtualAuthenticators: true}
Session ID: a07a5a3b5f810d765abcf584020fb61a
	at java.base/jdk.internal.reflect.NativeConstructorAccessorImpl.newInstance0(Native Method)
	at java.base/jdk.internal.reflect.NativeConstructorAccessorImpl.newInstance(NativeConstructorAccessorImpl.java:77)
	at java.base/jdk.internal.reflect.DelegatingConstructorAccessorImpl.newInstance(DelegatingConstructorAccessorImpl.java:45)
	at org.openqa.selenium.remote.http.W3CHttpResponseCodec.createException(W3CHttpResponseCodec.java:187)
	at org.openqa.selenium.remote.http.W3CHttpResponseCodec.decode(W3CHttpResponseCodec.java:122)
	at org.openqa.selenium.remote.http.W3CHttpResponseCodec.decode(W3CHttpResponseCodec.java:49)
	at org.openqa.selenium.remote.HttpCommandExecutor.execute(HttpCommandExecutor.java:158)
	at org.openqa.selenium.remote.service.DriverCommandExecutor.execute(DriverCommandExecutor.java:83)
	at org.openqa.selenium.remote.RemoteWebDriver.execute(RemoteWebDriver.java:552)
	at com.kms.katalon.selenium.driver.CChromeDriver.execute(CChromeDriver.java:19)
	at org.openqa.selenium.remote.RemoteWebElement.execute(RemoteWebElement.java:285)
	at org.openqa.selenium.remote.RemoteWebElement.sendKeys(RemoteWebElement.java:106)
	at jdk.internal.reflect.GeneratedMethodAccessor13.invoke(Unknown Source)
	at java.base/jdk.internal.reflect.DelegatingMethodAccessorImpl.invoke(DelegatingMethodAccessorImpl.java:43)
	at org.openqa.selenium.support.events.EventFiringWebDriver$EventFiringWebElement.lambda$new$0(EventFiringWebDriver.java:404)
	at jdk.proxy2/jdk.proxy2.$Proxy24.sendKeys(Unknown Source)
	at org.openqa.selenium.support.events.EventFiringWebDriver$EventFiringWebElement.sendKeys(EventFiringWebDriver.java:429)
	at com.kms.katalon.core.webui.keyword.builtin.UploadFileKeyword$_uploadFile_closure1.doCall(UploadFileKeyword.groovy:80)
	at com.kms.katalon.core.webui.keyword.builtin.UploadFileKeyword$_uploadFile_closure1.call(UploadFileKeyword.groovy)
	at com.kms.katalon.core.webui.keyword.internal.WebUIKeywordMain.runKeyword(WebUIKeywordMain.groovy:20)
	... 20 more]]></system-err>
      </testcase>
      <testcase name="Test Cases/Piggy Bank" time="19.508" classname="Test Cases/Piggy Bank" status="PASSED">
         <system-out><![CDATA[01-01-2024T23:09:16 - [TEST_CASE][PASSED] - Test Cases/Piggy Bank: Test Cases/Piggy Bank

01-01-2024T23:09:16 - [TEST_STEP][PASSED] - openBrowser(""): Browser is opened with url: ''

01-01-2024T23:09:16 - [MESSAGE][WARNING] - A browser is already opened. Closing browser and opening a new one

01-01-2024T23:09:16 - [MESSAGE][INFO] - Starting 'Chrome' driver

01-01-2024T23:09:16 - [MESSAGE][INFO] - Action delay is set to 0 milliseconds

01-01-2024T23:09:17 - [MESSAGE][PASSED] - Browser is opened with url: ''

01-01-2024T23:09:17 - [TEST_STEP][PASSED] - navigateToUrl("https://firefly.buudadawg.online/login"): Navigate to 'https://firefly.buudadawg.online/login' successfully

01-01-2024T23:09:20 - [MESSAGE][PASSED] - Navigate to 'https://firefly.buudadawg.online/login' successfully

01-01-2024T23:09:20 - [TEST_STEP][PASSED] - setText(findTestObject("Object Repository/Piggy Bank/Page_Login to Firefly III/input_email"), username): Text 'killermh1352@gmail.com' is set on object 'Object Repository/Piggy Bank/Page_Login to Firefly III/input_email'

01-01-2024T23:09:21 - [MESSAGE][PASSED] - Text 'killermh1352@gmail.com' is set on object 'Object Repository/Piggy Bank/Page_Login to Firefly III/input_email'

01-01-2024T23:09:21 - [TEST_STEP][PASSED] - setText(findTestObject("Object Repository/Piggy Bank/Page_Login to Firefly III/input_password"), password): Text 'tranvinhphuc2002' is set on object 'Object Repository/Piggy Bank/Page_Login to Firefly III/input_password'

01-01-2024T23:09:22 - [MESSAGE][PASSED] - Text 'tranvinhphuc2002' is set on object 'Object Repository/Piggy Bank/Page_Login to Firefly III/input_password'

01-01-2024T23:09:22 - [TEST_STEP][PASSED] - sendKeys(findTestObject("Object Repository/Piggy Bank/Page_Login to Firefly III/input_password"), Keys.chord(ENTER)): Keys 'ENTER + ' sent to object: 'Object Repository/Piggy Bank/Page_Login to Firefly III/input_password'

01-01-2024T23:09:23 - [MESSAGE][PASSED] - Keys 'ENTER + ' sent to object: 'Object Repository/Piggy Bank/Page_Login to Firefly III/input_password'

01-01-2024T23:09:23 - [TEST_STEP][PASSED] - click(findTestObject("Object Repository/Piggy Bank/Page_Whats playing  Firefly III/a_Piggy banks")): Object: 'Object Repository/Piggy Bank/Page_Whats playing  Firefly III/a_Piggy banks' is clicked on

01-01-2024T23:09:25 - [MESSAGE][PASSED] - Object: 'Object Repository/Piggy Bank/Page_Whats playing  Firefly III/a_Piggy banks' is clicked on

01-01-2024T23:09:25 - [TEST_STEP][PASSED] - click(findTestObject("Piggy Bank/Page_Piggy banks  Firefly III/a_Create new piggy bank")): Object: 'Object Repository/Piggy Bank/Page_Piggy banks  Firefly III/a_Create new piggy bank' is clicked on

01-01-2024T23:09:26 - [MESSAGE][PASSED] - Object: 'Object Repository/Piggy Bank/Page_Piggy banks  Firefly III/a_Create new piggy bank' is clicked on

01-01-2024T23:09:26 - [TEST_STEP][PASSED] - setText(findTestObject("Object Repository/Piggy Bank/Page_New piggy bank  Piggy banks  Firefly III/input_name"), name): Text 'Citizens & Northern Corp' is set on object 'Object Repository/Piggy Bank/Page_New piggy bank  Piggy banks  Firefly III/input_name'

01-01-2024T23:09:26 - [MESSAGE][PASSED] - Text 'Citizens & Northern Corp' is set on object 'Object Repository/Piggy Bank/Page_New piggy bank  Piggy banks  Firefly III/input_name'

01-01-2024T23:09:26 - [TEST_STEP][PASSED] - selectOptionByLabel(findTestObject("Object Repository/Piggy Bank/Page_New piggy bank  Piggy banks  Firefly III/select_My Savings AccountMy Asset Account"), save_on_account, true): All options with label 'My Savings Account' are selected in object 'Object Repository/Piggy Bank/Page_New piggy bank  Piggy banks  Firefly III/select_My Savings AccountMy Asset Account'  using regular expression

01-01-2024T23:09:27 - [MESSAGE][PASSED] - All options with label 'My Savings Account' are selected in object 'Object Repository/Piggy Bank/Page_New piggy bank  Piggy banks  Firefly III/select_My Savings AccountMy Asset Account'  using regular expression

01-01-2024T23:09:27 - [TEST_STEP][PASSED] - setText(findTestObject("Object Repository/Piggy Bank/Page_New piggy bank  Piggy banks  Firefly III/input_targetamount"), target_amount): Text '76483' is set on object 'Object Repository/Piggy Bank/Page_New piggy bank  Piggy banks  Firefly III/input_targetamount'

01-01-2024T23:09:28 - [MESSAGE][PASSED] - Text '76483' is set on object 'Object Repository/Piggy Bank/Page_New piggy bank  Piggy banks  Firefly III/input_targetamount'

01-01-2024T23:09:28 - [TEST_STEP][PASSED] - setText(findTestObject("Object Repository/Piggy Bank/Page_New piggy bank  Piggy banks  Firefly III/textarea_notes"), notes): Text 'vivamus tortor duis mattis egestas metus aenean fermentum donec ut mauris eget massa tempor convallis nulla neque libero convallis eget eleifend luctus ultricies eu nibh quisque id justo sit amet sapien dignissim vestibulum vestibulum ante ipsum primis in faucibus orci luctus et ultrices posuere cubilia curae nulla dapibus dolor vel est donec odio justo' is set on object 'Object Repository/Piggy Bank/Page_New piggy bank  Piggy banks  Firefly III/textarea_notes'

01-01-2024T23:09:30 - [MESSAGE][PASSED] - Text 'vivamus tortor duis mattis egestas metus aenean fermentum donec ut mauris eget massa tempor convallis nulla neque libero convallis eget eleifend luctus ultricies eu nibh quisque id justo sit amet sapien dignissim vestibulum vestibulum ante ipsum primis in faucibus orci luctus et ultrices posuere cubilia curae nulla dapibus dolor vel est donec odio justo' is set on object 'Object Repository/Piggy Bank/Page_New piggy bank  Piggy banks  Firefly III/textarea_notes'

01-01-2024T23:09:30 - [TEST_STEP][PASSED] - setText(findTestObject("Object Repository/Piggy Bank/Page_New piggy bank  Piggy banks  Firefly III/input_object_group"), group): Text '' is set on object 'Object Repository/Piggy Bank/Page_New piggy bank  Piggy banks  Firefly III/input_object_group'

01-01-2024T23:09:30 - [MESSAGE][PASSED] - Text '' is set on object 'Object Repository/Piggy Bank/Page_New piggy bank  Piggy banks  Firefly III/input_object_group'

01-01-2024T23:09:30 - [TEST_STEP][PASSED] - setText(findTestObject("Piggy Bank/Page_New piggy bank  Piggy banks  Firefly III/input_date"), target_date): Text '10/16/2023' is set on object 'Object Repository/Piggy Bank/Page_New piggy bank  Piggy banks  Firefly III/input_date'

01-01-2024T23:09:31 - [MESSAGE][PASSED] - Text '10/16/2023' is set on object 'Object Repository/Piggy Bank/Page_New piggy bank  Piggy banks  Firefly III/input_date'

01-01-2024T23:09:31 - [TEST_STEP][PASSED] - if (attachment): null

01-01-2024T23:09:31 - [TEST_STEP][PASSED] - click(findTestObject("Object Repository/Piggy Bank/Page_New piggy bank  Piggy banks  Firefly III/div_Mandatory fields                       _ed7e9e")): Object: 'Object Repository/Piggy Bank/Page_New piggy bank  Piggy banks  Firefly III/div_Mandatory fields                       _ed7e9e' is clicked on

01-01-2024T23:09:31 - [MESSAGE][PASSED] - Object: 'Object Repository/Piggy Bank/Page_New piggy bank  Piggy banks  Firefly III/div_Mandatory fields                       _ed7e9e' is clicked on

01-01-2024T23:09:31 - [TEST_STEP][PASSED] - click(findTestObject("Object Repository/Piggy Bank/Page_New piggy bank  Piggy banks  Firefly III/button_Store new piggy bank")): Object: 'Object Repository/Piggy Bank/Page_New piggy bank  Piggy banks  Firefly III/button_Store new piggy bank' is clicked on

01-01-2024T23:09:33 - [MESSAGE][PASSED] - Object: 'Object Repository/Piggy Bank/Page_New piggy bank  Piggy banks  Firefly III/button_Store new piggy bank' is clicked on

01-01-2024T23:09:33 - [TEST_STEP][FAILED] - try: Unable to verify object 'Object Repository/Shared_alert/success_alert' is not present (Root cause: com.kms.katalon.core.exception.StepFailedException: Unable to verify object 'Object Repository/Shared_alert/success_alert' is not present
	at com.kms.katalon.core.webui.keyword.internal.WebUIKeywordMain.stepFailed(WebUIKeywordMain.groovy:64)
	at com.kms.katalon.core.webui.keyword.internal.WebUIKeywordMain.runKeyword(WebUIKeywordMain.groovy:26)
	at com.kms.katalon.core.webui.keyword.internal.WebUIKeywordMain$runKeyword.call(Unknown Source)
	at com.kms.katalon.core.webui.keyword.builtin.VerifyElementNotPresentKeyword.verifyElementNotPresent(VerifyElementNotPresentKeyword.groovy:122)
	at com.kms.katalon.core.webui.keyword.builtin.VerifyElementNotPresentKeyword.execute(VerifyElementNotPresentKeyword.groovy:68)
	at com.kms.katalon.core.keyword.internal.KeywordExecutor.executeKeywordForPlatform(KeywordExecutor.groovy:74)
	at com.kms.katalon.core.webui.keyword.WebUiBuiltInKeywords.verifyElementNotPresent(WebUiBuiltInKeywords.groovy:1536)
	at Piggy Bank.run(Piggy Bank:64)
	at com.kms.katalon.core.main.ScriptEngine.run(ScriptEngine.java:194)
	at com.kms.katalon.core.main.ScriptEngine.runScriptAsRawText(ScriptEngine.java:119)
	at com.kms.katalon.core.main.TestCaseExecutor.runScript(TestCaseExecutor.java:448)
	at com.kms.katalon.core.main.TestCaseExecutor.doExecute(TestCaseExecutor.java:439)
	at com.kms.katalon.core.main.TestCaseExecutor.processExecutionPhase(TestCaseExecutor.java:418)
	at com.kms.katalon.core.main.TestCaseExecutor.accessMainPhase(TestCaseExecutor.java:410)
	at com.kms.katalon.core.main.TestCaseExecutor.execute(TestCaseExecutor.java:285)
	at com.kms.katalon.core.common.CommonExecutor.accessTestCaseMainPhase(CommonExecutor.java:65)
	at com.kms.katalon.core.main.TestSuiteExecutor.accessTestSuiteMainPhase(TestSuiteExecutor.java:148)
	at com.kms.katalon.core.main.TestSuiteExecutor.execute(TestSuiteExecutor.java:106)
	at com.kms.katalon.core.main.TestCaseMain.startTestSuite(TestCaseMain.java:180)
	at TempTestSuite1704125292372.run(TempTestSuite1704125292372.groovy:36)
	at java.base/jdk.internal.reflect.NativeMethodAccessorImpl.invoke0(Native Method)
	at java.base/jdk.internal.reflect.NativeMethodAccessorImpl.invoke(NativeMethodAccessorImpl.java:77)
	at java.base/jdk.internal.reflect.DelegatingMethodAccessorImpl.invoke(DelegatingMethodAccessorImpl.java:43)
Caused by: com.kms.katalon.core.exception.StepFailedException: Web element with id: 'Object Repository/Shared_alert/success_alert' located by 'By.cssSelector: #app > div.content-wrapper > section.content > div' is present after '1' second(s)
	at com.kms.katalon.core.webui.keyword.internal.WebUIKeywordMain.stepFailed(WebUIKeywordMain.groovy:64)
	at com.kms.katalon.core.webui.keyword.internal.WebUIKeywordMain$stepFailed$0.call(Unknown Source)
	at com.kms.katalon.core.webui.keyword.builtin.VerifyElementNotPresentKeyword$_verifyElementNotPresent_closure1.doCall(VerifyElementNotPresentKeyword.groovy:113)
	at com.kms.katalon.core.webui.keyword.builtin.VerifyElementNotPresentKeyword$_verifyElementNotPresent_closure1.doCall(VerifyElementNotPresentKeyword.groovy)
	at java.base/jdk.internal.reflect.NativeMethodAccessorImpl.invoke0(Native Method)
	at java.base/jdk.internal.reflect.NativeMethodAccessorImpl.invoke(NativeMethodAccessorImpl.java:77)
	at java.base/jdk.internal.reflect.DelegatingMethodAccessorImpl.invoke(DelegatingMethodAccessorImpl.java:43)
	at com.kms.katalon.core.webui.keyword.internal.WebUIKeywordMain.runKeyword(WebUIKeywordMain.groovy:20)
	... 21 more
)

01-01-2024T23:09:33 - [TEST_STEP][PASSED] - verifyElementPresent(findTestObject("Shared_alert/text_dangers"), 1): Object 'Object Repository/Shared_alert/text_dangers' is present

01-01-2024T23:09:33 - [MESSAGE][PASSED] - Object 'Object Repository/Shared_alert/text_dangers' is present

01-01-2024T23:09:33 - [TEST_STEP][FAILED] - verifyElementNotPresent(findTestObject("Shared_alert/success_alert"), 1): Unable to verify object 'Object Repository/Shared_alert/success_alert' is not present (Root cause: com.kms.katalon.core.exception.StepFailedException: Unable to verify object 'Object Repository/Shared_alert/success_alert' is not present
	at com.kms.katalon.core.webui.keyword.internal.WebUIKeywordMain.stepFailed(WebUIKeywordMain.groovy:64)
	at com.kms.katalon.core.webui.keyword.internal.WebUIKeywordMain.runKeyword(WebUIKeywordMain.groovy:26)
	at com.kms.katalon.core.webui.keyword.internal.WebUIKeywordMain$runKeyword.call(Unknown Source)
	at com.kms.katalon.core.webui.keyword.builtin.VerifyElementNotPresentKeyword.verifyElementNotPresent(VerifyElementNotPresentKeyword.groovy:122)
	at com.kms.katalon.core.webui.keyword.builtin.VerifyElementNotPresentKeyword.execute(VerifyElementNotPresentKeyword.groovy:68)
	at com.kms.katalon.core.keyword.internal.KeywordExecutor.executeKeywordForPlatform(KeywordExecutor.groovy:74)
	at com.kms.katalon.core.webui.keyword.WebUiBuiltInKeywords.verifyElementNotPresent(WebUiBuiltInKeywords.groovy:1536)
	at Piggy Bank.run(Piggy Bank:64)
	at com.kms.katalon.core.main.ScriptEngine.run(ScriptEngine.java:194)
	at com.kms.katalon.core.main.ScriptEngine.runScriptAsRawText(ScriptEngine.java:119)
	at com.kms.katalon.core.main.TestCaseExecutor.runScript(TestCaseExecutor.java:448)
	at com.kms.katalon.core.main.TestCaseExecutor.doExecute(TestCaseExecutor.java:439)
	at com.kms.katalon.core.main.TestCaseExecutor.processExecutionPhase(TestCaseExecutor.java:418)
	at com.kms.katalon.core.main.TestCaseExecutor.accessMainPhase(TestCaseExecutor.java:410)
	at com.kms.katalon.core.main.TestCaseExecutor.execute(TestCaseExecutor.java:285)
	at com.kms.katalon.core.common.CommonExecutor.accessTestCaseMainPhase(CommonExecutor.java:65)
	at com.kms.katalon.core.main.TestSuiteExecutor.accessTestSuiteMainPhase(TestSuiteExecutor.java:148)
	at com.kms.katalon.core.main.TestSuiteExecutor.execute(TestSuiteExecutor.java:106)
	at com.kms.katalon.core.main.TestCaseMain.startTestSuite(TestCaseMain.java:180)
	at TempTestSuite1704125292372.run(TempTestSuite1704125292372.groovy:36)
	at java.base/jdk.internal.reflect.NativeMethodAccessorImpl.invoke0(Native Method)
	at java.base/jdk.internal.reflect.NativeMethodAccessorImpl.invoke(NativeMethodAccessorImpl.java:77)
	at java.base/jdk.internal.reflect.DelegatingMethodAccessorImpl.invoke(DelegatingMethodAccessorImpl.java:43)
Caused by: com.kms.katalon.core.exception.StepFailedException: Web element with id: 'Object Repository/Shared_alert/success_alert' located by 'By.cssSelector: #app > div.content-wrapper > section.content > div' is present after '1' second(s)
	at com.kms.katalon.core.webui.keyword.internal.WebUIKeywordMain.stepFailed(WebUIKeywordMain.groovy:64)
	at com.kms.katalon.core.webui.keyword.internal.WebUIKeywordMain$stepFailed$0.call(Unknown Source)
	at com.kms.katalon.core.webui.keyword.builtin.VerifyElementNotPresentKeyword$_verifyElementNotPresent_closure1.doCall(VerifyElementNotPresentKeyword.groovy:113)
	at com.kms.katalon.core.webui.keyword.builtin.VerifyElementNotPresentKeyword$_verifyElementNotPresent_closure1.doCall(VerifyElementNotPresentKeyword.groovy)
	at java.base/jdk.internal.reflect.NativeMethodAccessorImpl.invoke0(Native Method)
	at java.base/jdk.internal.reflect.NativeMethodAccessorImpl.invoke(NativeMethodAccessorImpl.java:77)
	at java.base/jdk.internal.reflect.DelegatingMethodAccessorImpl.invoke(DelegatingMethodAccessorImpl.java:43)
	at com.kms.katalon.core.webui.keyword.internal.WebUIKeywordMain.runKeyword(WebUIKeywordMain.groovy:20)
	... 21 more
)

01-01-2024T23:09:35 - [MESSAGE][FAILED] - Web element with id: 'Object Repository/Shared_alert/success_alert' located by 'By.cssSelector: #app > div.content-wrapper > section.content > div' is present after '1' second(s) (Root cause: com.kms.katalon.core.exception.StepFailedException: Web element with id: 'Object Repository/Shared_alert/success_alert' located by 'By.cssSelector: #app > div.content-wrapper > section.content > div' is present after '1' second(s)
	at com.kms.katalon.core.webui.keyword.internal.WebUIKeywordMain.stepFailed(WebUIKeywordMain.groovy:64)
	at com.kms.katalon.core.webui.keyword.internal.WebUIKeywordMain$stepFailed$0.call(Unknown Source)
	at com.kms.katalon.core.webui.keyword.builtin.VerifyElementNotPresentKeyword$_verifyElementNotPresent_closure1.doCall(VerifyElementNotPresentKeyword.groovy:113)
	at com.kms.katalon.core.webui.keyword.builtin.VerifyElementNotPresentKeyword$_verifyElementNotPresent_closure1.doCall(VerifyElementNotPresentKeyword.groovy)
	at java.base/jdk.internal.reflect.NativeMethodAccessorImpl.invoke0(Native Method)
	at java.base/jdk.internal.reflect.NativeMethodAccessorImpl.invoke(NativeMethodAccessorImpl.java:77)
	at java.base/jdk.internal.reflect.DelegatingMethodAccessorImpl.invoke(DelegatingMethodAccessorImpl.java:43)
	at com.kms.katalon.core.webui.keyword.internal.WebUIKeywordMain.runKeyword(WebUIKeywordMain.groovy:20)
	at com.kms.katalon.core.webui.keyword.internal.WebUIKeywordMain$runKeyword.call(Unknown Source)
	at com.kms.katalon.core.webui.keyword.builtin.VerifyElementNotPresentKeyword.verifyElementNotPresent(VerifyElementNotPresentKeyword.groovy:122)
	at com.kms.katalon.core.webui.keyword.builtin.VerifyElementNotPresentKeyword.execute(VerifyElementNotPresentKeyword.groovy:68)
	at com.kms.katalon.core.keyword.internal.KeywordExecutor.executeKeywordForPlatform(KeywordExecutor.groovy:74)
	at com.kms.katalon.core.webui.keyword.WebUiBuiltInKeywords.verifyElementNotPresent(WebUiBuiltInKeywords.groovy:1536)
	at Piggy Bank.run(Piggy Bank:64)
	at com.kms.katalon.core.main.ScriptEngine.run(ScriptEngine.java:194)
	at com.kms.katalon.core.main.ScriptEngine.runScriptAsRawText(ScriptEngine.java:119)
	at com.kms.katalon.core.main.TestCaseExecutor.runScript(TestCaseExecutor.java:448)
	at com.kms.katalon.core.main.TestCaseExecutor.doExecute(TestCaseExecutor.java:439)
	at com.kms.katalon.core.main.TestCaseExecutor.processExecutionPhase(TestCaseExecutor.java:418)
	at com.kms.katalon.core.main.TestCaseExecutor.accessMainPhase(TestCaseExecutor.java:410)
	at com.kms.katalon.core.main.TestCaseExecutor.execute(TestCaseExecutor.java:285)
	at com.kms.katalon.core.common.CommonExecutor.accessTestCaseMainPhase(CommonExecutor.java:65)
	at com.kms.katalon.core.main.TestSuiteExecutor.accessTestSuiteMainPhase(TestSuiteExecutor.java:148)
	at com.kms.katalon.core.main.TestSuiteExecutor.execute(TestSuiteExecutor.java:106)
	at com.kms.katalon.core.main.TestCaseMain.startTestSuite(TestCaseMain.java:180)
	at TempTestSuite1704125292372.run(TempTestSuite1704125292372.groovy:36)
	at java.base/jdk.internal.reflect.NativeMethodAccessorImpl.invoke0(Native Method)
	at java.base/jdk.internal.reflect.NativeMethodAccessorImpl.invoke(NativeMethodAccessorImpl.java:77)
	at java.base/jdk.internal.reflect.DelegatingMethodAccessorImpl.invoke(DelegatingMethodAccessorImpl.java:43)
)
[[ATTACHMENT|C:\\Users\\MODERN 15\\git\\G1_Firefly_testing\\Reports\\20240101_230812\\Piggy Bank\\20240101_230812\\1704125374945.png]]

01-01-2024T23:09:35 - [MESSAGE][FAILED] - Unable to verify object 'Object Repository/Shared_alert/success_alert' is not present (Root cause: com.kms.katalon.core.exception.StepFailedException: Unable to verify object 'Object Repository/Shared_alert/success_alert' is not present
	at com.kms.katalon.core.webui.keyword.internal.WebUIKeywordMain.stepFailed(WebUIKeywordMain.groovy:64)
	at com.kms.katalon.core.webui.keyword.internal.WebUIKeywordMain.runKeyword(WebUIKeywordMain.groovy:26)
	at com.kms.katalon.core.webui.keyword.internal.WebUIKeywordMain$runKeyword.call(Unknown Source)
	at com.kms.katalon.core.webui.keyword.builtin.VerifyElementNotPresentKeyword.verifyElementNotPresent(VerifyElementNotPresentKeyword.groovy:122)
	at com.kms.katalon.core.webui.keyword.builtin.VerifyElementNotPresentKeyword.execute(VerifyElementNotPresentKeyword.groovy:68)
	at com.kms.katalon.core.keyword.internal.KeywordExecutor.executeKeywordForPlatform(KeywordExecutor.groovy:74)
	at com.kms.katalon.core.webui.keyword.WebUiBuiltInKeywords.verifyElementNotPresent(WebUiBuiltInKeywords.groovy:1536)
	at Piggy Bank.run(Piggy Bank:64)
	at com.kms.katalon.core.main.ScriptEngine.run(ScriptEngine.java:194)
	at com.kms.katalon.core.main.ScriptEngine.runScriptAsRawText(ScriptEngine.java:119)
	at com.kms.katalon.core.main.TestCaseExecutor.runScript(TestCaseExecutor.java:448)
	at com.kms.katalon.core.main.TestCaseExecutor.doExecute(TestCaseExecutor.java:439)
	at com.kms.katalon.core.main.TestCaseExecutor.processExecutionPhase(TestCaseExecutor.java:418)
	at com.kms.katalon.core.main.TestCaseExecutor.accessMainPhase(TestCaseExecutor.java:410)
	at com.kms.katalon.core.main.TestCaseExecutor.execute(TestCaseExecutor.java:285)
	at com.kms.katalon.core.common.CommonExecutor.accessTestCaseMainPhase(CommonExecutor.java:65)
	at com.kms.katalon.core.main.TestSuiteExecutor.accessTestSuiteMainPhase(TestSuiteExecutor.java:148)
	at com.kms.katalon.core.main.TestSuiteExecutor.execute(TestSuiteExecutor.java:106)
	at com.kms.katalon.core.main.TestCaseMain.startTestSuite(TestCaseMain.java:180)
	at TempTestSuite1704125292372.run(TempTestSuite1704125292372.groovy:36)
	at java.base/jdk.internal.reflect.NativeMethodAccessorImpl.invoke0(Native Method)
	at java.base/jdk.internal.reflect.NativeMethodAccessorImpl.invoke(NativeMethodAccessorImpl.java:77)
	at java.base/jdk.internal.reflect.DelegatingMethodAccessorImpl.invoke(DelegatingMethodAccessorImpl.java:43)
Caused by: com.kms.katalon.core.exception.StepFailedException: Web element with id: 'Object Repository/Shared_alert/success_alert' located by 'By.cssSelector: #app > div.content-wrapper > section.content > div' is present after '1' second(s)
	at com.kms.katalon.core.webui.keyword.internal.WebUIKeywordMain.stepFailed(WebUIKeywordMain.groovy:64)
	at com.kms.katalon.core.webui.keyword.internal.WebUIKeywordMain$stepFailed$0.call(Unknown Source)
	at com.kms.katalon.core.webui.keyword.builtin.VerifyElementNotPresentKeyword$_verifyElementNotPresent_closure1.doCall(VerifyElementNotPresentKeyword.groovy:113)
	at com.kms.katalon.core.webui.keyword.builtin.VerifyElementNotPresentKeyword$_verifyElementNotPresent_closure1.doCall(VerifyElementNotPresentKeyword.groovy)
	at java.base/jdk.internal.reflect.NativeMethodAccessorImpl.invoke0(Native Method)
	at java.base/jdk.internal.reflect.NativeMethodAccessorImpl.invoke(NativeMethodAccessorImpl.java:77)
	at java.base/jdk.internal.reflect.DelegatingMethodAccessorImpl.invoke(DelegatingMethodAccessorImpl.java:43)
	at com.kms.katalon.core.webui.keyword.internal.WebUIKeywordMain.runKeyword(WebUIKeywordMain.groovy:20)
	... 21 more
)
[[ATTACHMENT|C:\\Users\\MODERN 15\\git\\G1_Firefly_testing\\Reports\\20240101_230812\\Piggy Bank\\20240101_230812\\1704125375086.png]]

01-01-2024T23:09:35 - [TEST_STEP][PASSED] - catch (Exception err): null

01-01-2024T23:09:35 - [TEST_STEP][PASSED] - verifyElementPresent(findTestObject("Shared_alert/success_alert"), 1): Object 'Object Repository/Shared_alert/success_alert' is present

01-01-2024T23:09:35 - [MESSAGE][PASSED] - Object 'Object Repository/Shared_alert/success_alert' is present

01-01-2024T23:09:35 - [TEST_STEP][PASSED] - out.println("success"): null

01-01-2024T23:09:35 - [TEST_STEP][PASSED] - closeBrowser(): Browser is closed

01-01-2024T23:09:35 - [MESSAGE][PASSED] - Browser is closed]]></system-out>
         <system-err><![CDATA[]]></system-err>
      </testcase>
      <testcase name="Test Cases/Piggy Bank" time="26.156" classname="Test Cases/Piggy Bank" status="PASSED">
         <system-out><![CDATA[01-01-2024T23:09:35 - [TEST_CASE][PASSED] - Test Cases/Piggy Bank: Test Cases/Piggy Bank

01-01-2024T23:09:35 - [TEST_STEP][PASSED] - openBrowser(""): Browser is opened with url: ''

01-01-2024T23:09:35 - [MESSAGE][INFO] - Starting 'Chrome' driver

01-01-2024T23:09:35 - [MESSAGE][INFO] - Action delay is set to 0 milliseconds

01-01-2024T23:09:36 - [MESSAGE][PASSED] - Browser is opened with url: ''

01-01-2024T23:09:36 - [TEST_STEP][PASSED] - navigateToUrl("https://firefly.buudadawg.online/login"): Navigate to 'https://firefly.buudadawg.online/login' successfully

01-01-2024T23:09:39 - [MESSAGE][PASSED] - Navigate to 'https://firefly.buudadawg.online/login' successfully

01-01-2024T23:09:39 - [TEST_STEP][PASSED] - setText(findTestObject("Object Repository/Piggy Bank/Page_Login to Firefly III/input_email"), username): Text 'killermh1352@gmail.com' is set on object 'Object Repository/Piggy Bank/Page_Login to Firefly III/input_email'

01-01-2024T23:09:40 - [MESSAGE][PASSED] - Text 'killermh1352@gmail.com' is set on object 'Object Repository/Piggy Bank/Page_Login to Firefly III/input_email'

01-01-2024T23:09:40 - [TEST_STEP][PASSED] - setText(findTestObject("Object Repository/Piggy Bank/Page_Login to Firefly III/input_password"), password): Text 'tranvinhphuc2002' is set on object 'Object Repository/Piggy Bank/Page_Login to Firefly III/input_password'

01-01-2024T23:09:41 - [MESSAGE][PASSED] - Text 'tranvinhphuc2002' is set on object 'Object Repository/Piggy Bank/Page_Login to Firefly III/input_password'

01-01-2024T23:09:41 - [TEST_STEP][PASSED] - sendKeys(findTestObject("Object Repository/Piggy Bank/Page_Login to Firefly III/input_password"), Keys.chord(ENTER)): Keys 'ENTER + ' sent to object: 'Object Repository/Piggy Bank/Page_Login to Firefly III/input_password'

01-01-2024T23:09:42 - [MESSAGE][PASSED] - Keys 'ENTER + ' sent to object: 'Object Repository/Piggy Bank/Page_Login to Firefly III/input_password'

01-01-2024T23:09:42 - [TEST_STEP][PASSED] - click(findTestObject("Object Repository/Piggy Bank/Page_Whats playing  Firefly III/a_Piggy banks")): Object: 'Object Repository/Piggy Bank/Page_Whats playing  Firefly III/a_Piggy banks' is clicked on

01-01-2024T23:09:44 - [MESSAGE][PASSED] - Object: 'Object Repository/Piggy Bank/Page_Whats playing  Firefly III/a_Piggy banks' is clicked on

01-01-2024T23:09:44 - [TEST_STEP][PASSED] - click(findTestObject("Piggy Bank/Page_Piggy banks  Firefly III/a_Create new piggy bank")): Object: 'Object Repository/Piggy Bank/Page_Piggy banks  Firefly III/a_Create new piggy bank' is clicked on

01-01-2024T23:09:45 - [MESSAGE][PASSED] - Object: 'Object Repository/Piggy Bank/Page_Piggy banks  Firefly III/a_Create new piggy bank' is clicked on

01-01-2024T23:09:45 - [TEST_STEP][PASSED] - setText(findTestObject("Object Repository/Piggy Bank/Page_New piggy bank  Piggy banks  Firefly III/input_name"), name): Text 'Amplify Online Retail ETF' is set on object 'Object Repository/Piggy Bank/Page_New piggy bank  Piggy banks  Firefly III/input_name'

01-01-2024T23:09:46 - [MESSAGE][PASSED] - Text 'Amplify Online Retail ETF' is set on object 'Object Repository/Piggy Bank/Page_New piggy bank  Piggy banks  Firefly III/input_name'

01-01-2024T23:09:46 - [TEST_STEP][PASSED] - selectOptionByLabel(findTestObject("Object Repository/Piggy Bank/Page_New piggy bank  Piggy banks  Firefly III/select_My Savings AccountMy Asset Account"), save_on_account, true): All options with label 'My Savings Account' are selected in object 'Object Repository/Piggy Bank/Page_New piggy bank  Piggy banks  Firefly III/select_My Savings AccountMy Asset Account'  using regular expression

01-01-2024T23:09:47 - [MESSAGE][PASSED] - All options with label 'My Savings Account' are selected in object 'Object Repository/Piggy Bank/Page_New piggy bank  Piggy banks  Firefly III/select_My Savings AccountMy Asset Account'  using regular expression

01-01-2024T23:09:47 - [TEST_STEP][PASSED] - setText(findTestObject("Object Repository/Piggy Bank/Page_New piggy bank  Piggy banks  Firefly III/input_targetamount"), target_amount): Text '44086' is set on object 'Object Repository/Piggy Bank/Page_New piggy bank  Piggy banks  Firefly III/input_targetamount'

01-01-2024T23:09:47 - [MESSAGE][PASSED] - Text '44086' is set on object 'Object Repository/Piggy Bank/Page_New piggy bank  Piggy banks  Firefly III/input_targetamount'

01-01-2024T23:09:47 - [TEST_STEP][PASSED] - setText(findTestObject("Object Repository/Piggy Bank/Page_New piggy bank  Piggy banks  Firefly III/textarea_notes"), notes): Text 'nulla pede ullamcorper augue a suscipit nulla elit ac nulla sed vel enim sit amet nunc viverra dapibus nulla suscipit ligula in lacus curabitur at ipsum ac tellus semper interdum mauris' is set on object 'Object Repository/Piggy Bank/Page_New piggy bank  Piggy banks  Firefly III/textarea_notes'

01-01-2024T23:09:48 - [MESSAGE][PASSED] - Text 'nulla pede ullamcorper augue a suscipit nulla elit ac nulla sed vel enim sit amet nunc viverra dapibus nulla suscipit ligula in lacus curabitur at ipsum ac tellus semper interdum mauris' is set on object 'Object Repository/Piggy Bank/Page_New piggy bank  Piggy banks  Firefly III/textarea_notes'

01-01-2024T23:09:48 - [TEST_STEP][PASSED] - setText(findTestObject("Object Repository/Piggy Bank/Page_New piggy bank  Piggy banks  Firefly III/input_object_group"), group): Text '' is set on object 'Object Repository/Piggy Bank/Page_New piggy bank  Piggy banks  Firefly III/input_object_group'

01-01-2024T23:09:49 - [MESSAGE][PASSED] - Text '' is set on object 'Object Repository/Piggy Bank/Page_New piggy bank  Piggy banks  Firefly III/input_object_group'

01-01-2024T23:09:49 - [TEST_STEP][PASSED] - setText(findTestObject("Piggy Bank/Page_New piggy bank  Piggy banks  Firefly III/input_date"), target_date): Text '01/16/2023' is set on object 'Object Repository/Piggy Bank/Page_New piggy bank  Piggy banks  Firefly III/input_date'

01-01-2024T23:09:50 - [MESSAGE][PASSED] - Text '01/16/2023' is set on object 'Object Repository/Piggy Bank/Page_New piggy bank  Piggy banks  Firefly III/input_date'

01-01-2024T23:09:50 - [TEST_STEP][PASSED] - if (attachment): File 'C:\Users\MODERN 15\git\G1_Firefly_testing\Attachments File\Report_May.xlsx' sent to object: 'Object Repository/Piggy Bank/Page_New piggy bank  Piggy banks  Firefly III/button_upload'

01-01-2024T23:09:50 - [TEST_STEP][PASSED] - absolutePath = normalize().toString(): null

01-01-2024T23:09:50 - [TEST_STEP][PASSED] - uploadFile(findTestObject("Piggy Bank/Page_New piggy bank  Piggy banks  Firefly III/button_upload"), absolutePath): File 'C:\Users\MODERN 15\git\G1_Firefly_testing\Attachments File\Report_May.xlsx' sent to object: 'Object Repository/Piggy Bank/Page_New piggy bank  Piggy banks  Firefly III/button_upload'

01-01-2024T23:09:50 - [MESSAGE][PASSED] - File 'C:\Users\MODERN 15\git\G1_Firefly_testing\Attachments File\Report_May.xlsx' sent to object: 'Object Repository/Piggy Bank/Page_New piggy bank  Piggy banks  Firefly III/button_upload'

01-01-2024T23:09:50 - [TEST_STEP][PASSED] - click(findTestObject("Object Repository/Piggy Bank/Page_New piggy bank  Piggy banks  Firefly III/div_Mandatory fields                       _ed7e9e")): Object: 'Object Repository/Piggy Bank/Page_New piggy bank  Piggy banks  Firefly III/div_Mandatory fields                       _ed7e9e' is clicked on

01-01-2024T23:09:50 - [MESSAGE][PASSED] - Object: 'Object Repository/Piggy Bank/Page_New piggy bank  Piggy banks  Firefly III/div_Mandatory fields                       _ed7e9e' is clicked on

01-01-2024T23:09:50 - [TEST_STEP][PASSED] - click(findTestObject("Object Repository/Piggy Bank/Page_New piggy bank  Piggy banks  Firefly III/button_Store new piggy bank")): Object: 'Object Repository/Piggy Bank/Page_New piggy bank  Piggy banks  Firefly III/button_Store new piggy bank' is clicked on

01-01-2024T23:09:59 - [MESSAGE][PASSED] - Object: 'Object Repository/Piggy Bank/Page_New piggy bank  Piggy banks  Firefly III/button_Store new piggy bank' is clicked on

01-01-2024T23:09:59 - [TEST_STEP][FAILED] - try: Unable to verify object 'Object Repository/Shared_alert/success_alert' is not present (Root cause: com.kms.katalon.core.exception.StepFailedException: Unable to verify object 'Object Repository/Shared_alert/success_alert' is not present
	at com.kms.katalon.core.webui.keyword.internal.WebUIKeywordMain.stepFailed(WebUIKeywordMain.groovy:64)
	at com.kms.katalon.core.webui.keyword.internal.WebUIKeywordMain.runKeyword(WebUIKeywordMain.groovy:26)
	at com.kms.katalon.core.webui.keyword.internal.WebUIKeywordMain$runKeyword.call(Unknown Source)
	at com.kms.katalon.core.webui.keyword.builtin.VerifyElementNotPresentKeyword.verifyElementNotPresent(VerifyElementNotPresentKeyword.groovy:122)
	at com.kms.katalon.core.webui.keyword.builtin.VerifyElementNotPresentKeyword.execute(VerifyElementNotPresentKeyword.groovy:68)
	at com.kms.katalon.core.keyword.internal.KeywordExecutor.executeKeywordForPlatform(KeywordExecutor.groovy:74)
	at com.kms.katalon.core.webui.keyword.WebUiBuiltInKeywords.verifyElementNotPresent(WebUiBuiltInKeywords.groovy:1536)
	at Piggy Bank.run(Piggy Bank:64)
	at com.kms.katalon.core.main.ScriptEngine.run(ScriptEngine.java:194)
	at com.kms.katalon.core.main.ScriptEngine.runScriptAsRawText(ScriptEngine.java:119)
	at com.kms.katalon.core.main.TestCaseExecutor.runScript(TestCaseExecutor.java:448)
	at com.kms.katalon.core.main.TestCaseExecutor.doExecute(TestCaseExecutor.java:439)
	at com.kms.katalon.core.main.TestCaseExecutor.processExecutionPhase(TestCaseExecutor.java:418)
	at com.kms.katalon.core.main.TestCaseExecutor.accessMainPhase(TestCaseExecutor.java:410)
	at com.kms.katalon.core.main.TestCaseExecutor.execute(TestCaseExecutor.java:285)
	at com.kms.katalon.core.common.CommonExecutor.accessTestCaseMainPhase(CommonExecutor.java:65)
	at com.kms.katalon.core.main.TestSuiteExecutor.accessTestSuiteMainPhase(TestSuiteExecutor.java:148)
	at com.kms.katalon.core.main.TestSuiteExecutor.execute(TestSuiteExecutor.java:106)
	at com.kms.katalon.core.main.TestCaseMain.startTestSuite(TestCaseMain.java:180)
	at TempTestSuite1704125292372.run(TempTestSuite1704125292372.groovy:36)
	at java.base/jdk.internal.reflect.NativeMethodAccessorImpl.invoke0(Native Method)
	at java.base/jdk.internal.reflect.NativeMethodAccessorImpl.invoke(NativeMethodAccessorImpl.java:77)
	at java.base/jdk.internal.reflect.DelegatingMethodAccessorImpl.invoke(DelegatingMethodAccessorImpl.java:43)
Caused by: com.kms.katalon.core.exception.StepFailedException: Web element with id: 'Object Repository/Shared_alert/success_alert' located by 'By.cssSelector: #app > div.content-wrapper > section.content > div' is present after '1' second(s)
	at com.kms.katalon.core.webui.keyword.internal.WebUIKeywordMain.stepFailed(WebUIKeywordMain.groovy:64)
	at com.kms.katalon.core.webui.keyword.internal.WebUIKeywordMain$stepFailed$0.call(Unknown Source)
	at com.kms.katalon.core.webui.keyword.builtin.VerifyElementNotPresentKeyword$_verifyElementNotPresent_closure1.doCall(VerifyElementNotPresentKeyword.groovy:113)
	at com.kms.katalon.core.webui.keyword.builtin.VerifyElementNotPresentKeyword$_verifyElementNotPresent_closure1.doCall(VerifyElementNotPresentKeyword.groovy)
	at java.base/jdk.internal.reflect.NativeMethodAccessorImpl.invoke0(Native Method)
	at java.base/jdk.internal.reflect.NativeMethodAccessorImpl.invoke(NativeMethodAccessorImpl.java:77)
	at java.base/jdk.internal.reflect.DelegatingMethodAccessorImpl.invoke(DelegatingMethodAccessorImpl.java:43)
	at com.kms.katalon.core.webui.keyword.internal.WebUIKeywordMain.runKeyword(WebUIKeywordMain.groovy:20)
	... 21 more
)

01-01-2024T23:09:59 - [TEST_STEP][PASSED] - verifyElementPresent(findTestObject("Shared_alert/text_dangers"), 1): Object 'Object Repository/Shared_alert/text_dangers' is present

01-01-2024T23:10:00 - [MESSAGE][PASSED] - Object 'Object Repository/Shared_alert/text_dangers' is present

01-01-2024T23:10:00 - [TEST_STEP][FAILED] - verifyElementNotPresent(findTestObject("Shared_alert/success_alert"), 1): Unable to verify object 'Object Repository/Shared_alert/success_alert' is not present (Root cause: com.kms.katalon.core.exception.StepFailedException: Unable to verify object 'Object Repository/Shared_alert/success_alert' is not present
	at com.kms.katalon.core.webui.keyword.internal.WebUIKeywordMain.stepFailed(WebUIKeywordMain.groovy:64)
	at com.kms.katalon.core.webui.keyword.internal.WebUIKeywordMain.runKeyword(WebUIKeywordMain.groovy:26)
	at com.kms.katalon.core.webui.keyword.internal.WebUIKeywordMain$runKeyword.call(Unknown Source)
	at com.kms.katalon.core.webui.keyword.builtin.VerifyElementNotPresentKeyword.verifyElementNotPresent(VerifyElementNotPresentKeyword.groovy:122)
	at com.kms.katalon.core.webui.keyword.builtin.VerifyElementNotPresentKeyword.execute(VerifyElementNotPresentKeyword.groovy:68)
	at com.kms.katalon.core.keyword.internal.KeywordExecutor.executeKeywordForPlatform(KeywordExecutor.groovy:74)
	at com.kms.katalon.core.webui.keyword.WebUiBuiltInKeywords.verifyElementNotPresent(WebUiBuiltInKeywords.groovy:1536)
	at Piggy Bank.run(Piggy Bank:64)
	at com.kms.katalon.core.main.ScriptEngine.run(ScriptEngine.java:194)
	at com.kms.katalon.core.main.ScriptEngine.runScriptAsRawText(ScriptEngine.java:119)
	at com.kms.katalon.core.main.TestCaseExecutor.runScript(TestCaseExecutor.java:448)
	at com.kms.katalon.core.main.TestCaseExecutor.doExecute(TestCaseExecutor.java:439)
	at com.kms.katalon.core.main.TestCaseExecutor.processExecutionPhase(TestCaseExecutor.java:418)
	at com.kms.katalon.core.main.TestCaseExecutor.accessMainPhase(TestCaseExecutor.java:410)
	at com.kms.katalon.core.main.TestCaseExecutor.execute(TestCaseExecutor.java:285)
	at com.kms.katalon.core.common.CommonExecutor.accessTestCaseMainPhase(CommonExecutor.java:65)
	at com.kms.katalon.core.main.TestSuiteExecutor.accessTestSuiteMainPhase(TestSuiteExecutor.java:148)
	at com.kms.katalon.core.main.TestSuiteExecutor.execute(TestSuiteExecutor.java:106)
	at com.kms.katalon.core.main.TestCaseMain.startTestSuite(TestCaseMain.java:180)
	at TempTestSuite1704125292372.run(TempTestSuite1704125292372.groovy:36)
	at java.base/jdk.internal.reflect.NativeMethodAccessorImpl.invoke0(Native Method)
	at java.base/jdk.internal.reflect.NativeMethodAccessorImpl.invoke(NativeMethodAccessorImpl.java:77)
	at java.base/jdk.internal.reflect.DelegatingMethodAccessorImpl.invoke(DelegatingMethodAccessorImpl.java:43)
Caused by: com.kms.katalon.core.exception.StepFailedException: Web element with id: 'Object Repository/Shared_alert/success_alert' located by 'By.cssSelector: #app > div.content-wrapper > section.content > div' is present after '1' second(s)
	at com.kms.katalon.core.webui.keyword.internal.WebUIKeywordMain.stepFailed(WebUIKeywordMain.groovy:64)
	at com.kms.katalon.core.webui.keyword.internal.WebUIKeywordMain$stepFailed$0.call(Unknown Source)
	at com.kms.katalon.core.webui.keyword.builtin.VerifyElementNotPresentKeyword$_verifyElementNotPresent_closure1.doCall(VerifyElementNotPresentKeyword.groovy:113)
	at com.kms.katalon.core.webui.keyword.builtin.VerifyElementNotPresentKeyword$_verifyElementNotPresent_closure1.doCall(VerifyElementNotPresentKeyword.groovy)
	at java.base/jdk.internal.reflect.NativeMethodAccessorImpl.invoke0(Native Method)
	at java.base/jdk.internal.reflect.NativeMethodAccessorImpl.invoke(NativeMethodAccessorImpl.java:77)
	at java.base/jdk.internal.reflect.DelegatingMethodAccessorImpl.invoke(DelegatingMethodAccessorImpl.java:43)
	at com.kms.katalon.core.webui.keyword.internal.WebUIKeywordMain.runKeyword(WebUIKeywordMain.groovy:20)
	... 21 more
)

01-01-2024T23:10:01 - [MESSAGE][FAILED] - Web element with id: 'Object Repository/Shared_alert/success_alert' located by 'By.cssSelector: #app > div.content-wrapper > section.content > div' is present after '1' second(s) (Root cause: com.kms.katalon.core.exception.StepFailedException: Web element with id: 'Object Repository/Shared_alert/success_alert' located by 'By.cssSelector: #app > div.content-wrapper > section.content > div' is present after '1' second(s)
	at com.kms.katalon.core.webui.keyword.internal.WebUIKeywordMain.stepFailed(WebUIKeywordMain.groovy:64)
	at com.kms.katalon.core.webui.keyword.internal.WebUIKeywordMain$stepFailed$0.call(Unknown Source)
	at com.kms.katalon.core.webui.keyword.builtin.VerifyElementNotPresentKeyword$_verifyElementNotPresent_closure1.doCall(VerifyElementNotPresentKeyword.groovy:113)
	at com.kms.katalon.core.webui.keyword.builtin.VerifyElementNotPresentKeyword$_verifyElementNotPresent_closure1.doCall(VerifyElementNotPresentKeyword.groovy)
	at java.base/jdk.internal.reflect.NativeMethodAccessorImpl.invoke0(Native Method)
	at java.base/jdk.internal.reflect.NativeMethodAccessorImpl.invoke(NativeMethodAccessorImpl.java:77)
	at java.base/jdk.internal.reflect.DelegatingMethodAccessorImpl.invoke(DelegatingMethodAccessorImpl.java:43)
	at com.kms.katalon.core.webui.keyword.internal.WebUIKeywordMain.runKeyword(WebUIKeywordMain.groovy:20)
	at com.kms.katalon.core.webui.keyword.internal.WebUIKeywordMain$runKeyword.call(Unknown Source)
	at com.kms.katalon.core.webui.keyword.builtin.VerifyElementNotPresentKeyword.verifyElementNotPresent(VerifyElementNotPresentKeyword.groovy:122)
	at com.kms.katalon.core.webui.keyword.builtin.VerifyElementNotPresentKeyword.execute(VerifyElementNotPresentKeyword.groovy:68)
	at com.kms.katalon.core.keyword.internal.KeywordExecutor.executeKeywordForPlatform(KeywordExecutor.groovy:74)
	at com.kms.katalon.core.webui.keyword.WebUiBuiltInKeywords.verifyElementNotPresent(WebUiBuiltInKeywords.groovy:1536)
	at Piggy Bank.run(Piggy Bank:64)
	at com.kms.katalon.core.main.ScriptEngine.run(ScriptEngine.java:194)
	at com.kms.katalon.core.main.ScriptEngine.runScriptAsRawText(ScriptEngine.java:119)
	at com.kms.katalon.core.main.TestCaseExecutor.runScript(TestCaseExecutor.java:448)
	at com.kms.katalon.core.main.TestCaseExecutor.doExecute(TestCaseExecutor.java:439)
	at com.kms.katalon.core.main.TestCaseExecutor.processExecutionPhase(TestCaseExecutor.java:418)
	at com.kms.katalon.core.main.TestCaseExecutor.accessMainPhase(TestCaseExecutor.java:410)
	at com.kms.katalon.core.main.TestCaseExecutor.execute(TestCaseExecutor.java:285)
	at com.kms.katalon.core.common.CommonExecutor.accessTestCaseMainPhase(CommonExecutor.java:65)
	at com.kms.katalon.core.main.TestSuiteExecutor.accessTestSuiteMainPhase(TestSuiteExecutor.java:148)
	at com.kms.katalon.core.main.TestSuiteExecutor.execute(TestSuiteExecutor.java:106)
	at com.kms.katalon.core.main.TestCaseMain.startTestSuite(TestCaseMain.java:180)
	at TempTestSuite1704125292372.run(TempTestSuite1704125292372.groovy:36)
	at java.base/jdk.internal.reflect.NativeMethodAccessorImpl.invoke0(Native Method)
	at java.base/jdk.internal.reflect.NativeMethodAccessorImpl.invoke(NativeMethodAccessorImpl.java:77)
	at java.base/jdk.internal.reflect.DelegatingMethodAccessorImpl.invoke(DelegatingMethodAccessorImpl.java:43)
)
[[ATTACHMENT|C:\\Users\\MODERN 15\\git\\G1_Firefly_testing\\Reports\\20240101_230812\\Piggy Bank\\20240101_230812\\1704125401278.png]]

01-01-2024T23:10:01 - [MESSAGE][FAILED] - Unable to verify object 'Object Repository/Shared_alert/success_alert' is not present (Root cause: com.kms.katalon.core.exception.StepFailedException: Unable to verify object 'Object Repository/Shared_alert/success_alert' is not present
	at com.kms.katalon.core.webui.keyword.internal.WebUIKeywordMain.stepFailed(WebUIKeywordMain.groovy:64)
	at com.kms.katalon.core.webui.keyword.internal.WebUIKeywordMain.runKeyword(WebUIKeywordMain.groovy:26)
	at com.kms.katalon.core.webui.keyword.internal.WebUIKeywordMain$runKeyword.call(Unknown Source)
	at com.kms.katalon.core.webui.keyword.builtin.VerifyElementNotPresentKeyword.verifyElementNotPresent(VerifyElementNotPresentKeyword.groovy:122)
	at com.kms.katalon.core.webui.keyword.builtin.VerifyElementNotPresentKeyword.execute(VerifyElementNotPresentKeyword.groovy:68)
	at com.kms.katalon.core.keyword.internal.KeywordExecutor.executeKeywordForPlatform(KeywordExecutor.groovy:74)
	at com.kms.katalon.core.webui.keyword.WebUiBuiltInKeywords.verifyElementNotPresent(WebUiBuiltInKeywords.groovy:1536)
	at Piggy Bank.run(Piggy Bank:64)
	at com.kms.katalon.core.main.ScriptEngine.run(ScriptEngine.java:194)
	at com.kms.katalon.core.main.ScriptEngine.runScriptAsRawText(ScriptEngine.java:119)
	at com.kms.katalon.core.main.TestCaseExecutor.runScript(TestCaseExecutor.java:448)
	at com.kms.katalon.core.main.TestCaseExecutor.doExecute(TestCaseExecutor.java:439)
	at com.kms.katalon.core.main.TestCaseExecutor.processExecutionPhase(TestCaseExecutor.java:418)
	at com.kms.katalon.core.main.TestCaseExecutor.accessMainPhase(TestCaseExecutor.java:410)
	at com.kms.katalon.core.main.TestCaseExecutor.execute(TestCaseExecutor.java:285)
	at com.kms.katalon.core.common.CommonExecutor.accessTestCaseMainPhase(CommonExecutor.java:65)
	at com.kms.katalon.core.main.TestSuiteExecutor.accessTestSuiteMainPhase(TestSuiteExecutor.java:148)
	at com.kms.katalon.core.main.TestSuiteExecutor.execute(TestSuiteExecutor.java:106)
	at com.kms.katalon.core.main.TestCaseMain.startTestSuite(TestCaseMain.java:180)
	at TempTestSuite1704125292372.run(TempTestSuite1704125292372.groovy:36)
	at java.base/jdk.internal.reflect.NativeMethodAccessorImpl.invoke0(Native Method)
	at java.base/jdk.internal.reflect.NativeMethodAccessorImpl.invoke(NativeMethodAccessorImpl.java:77)
	at java.base/jdk.internal.reflect.DelegatingMethodAccessorImpl.invoke(DelegatingMethodAccessorImpl.java:43)
Caused by: com.kms.katalon.core.exception.StepFailedException: Web element with id: 'Object Repository/Shared_alert/success_alert' located by 'By.cssSelector: #app > div.content-wrapper > section.content > div' is present after '1' second(s)
	at com.kms.katalon.core.webui.keyword.internal.WebUIKeywordMain.stepFailed(WebUIKeywordMain.groovy:64)
	at com.kms.katalon.core.webui.keyword.internal.WebUIKeywordMain$stepFailed$0.call(Unknown Source)
	at com.kms.katalon.core.webui.keyword.builtin.VerifyElementNotPresentKeyword$_verifyElementNotPresent_closure1.doCall(VerifyElementNotPresentKeyword.groovy:113)
	at com.kms.katalon.core.webui.keyword.builtin.VerifyElementNotPresentKeyword$_verifyElementNotPresent_closure1.doCall(VerifyElementNotPresentKeyword.groovy)
	at java.base/jdk.internal.reflect.NativeMethodAccessorImpl.invoke0(Native Method)
	at java.base/jdk.internal.reflect.NativeMethodAccessorImpl.invoke(NativeMethodAccessorImpl.java:77)
	at java.base/jdk.internal.reflect.DelegatingMethodAccessorImpl.invoke(DelegatingMethodAccessorImpl.java:43)
	at com.kms.katalon.core.webui.keyword.internal.WebUIKeywordMain.runKeyword(WebUIKeywordMain.groovy:20)
	... 21 more
)
[[ATTACHMENT|C:\\Users\\MODERN 15\\git\\G1_Firefly_testing\\Reports\\20240101_230812\\Piggy Bank\\20240101_230812\\1704125401404.png]]

01-01-2024T23:10:01 - [TEST_STEP][PASSED] - catch (Exception err): null

01-01-2024T23:10:01 - [TEST_STEP][PASSED] - verifyElementPresent(findTestObject("Shared_alert/success_alert"), 1): Object 'Object Repository/Shared_alert/success_alert' is present

01-01-2024T23:10:01 - [MESSAGE][PASSED] - Object 'Object Repository/Shared_alert/success_alert' is present

01-01-2024T23:10:01 - [TEST_STEP][PASSED] - out.println("success"): null

01-01-2024T23:10:01 - [TEST_STEP][PASSED] - closeBrowser(): Browser is closed

01-01-2024T23:10:02 - [MESSAGE][PASSED] - Browser is closed]]></system-out>
         <system-err><![CDATA[]]></system-err>
      </testcase>
      <testcase name="Test Cases/Piggy Bank" time="14.937" classname="Test Cases/Piggy Bank" status="FAILED">
         <failure type="FAILED" message="Test Cases/Piggy Bank FAILED.&#xa;Reason:&#xa;com.kms.katalon.core.exception.StepFailedException: Unable to upload file 'C:\Users\MODERN 15\git\G1_Firefly_testing\Attachments File\65MiB.bin.csv' to object 'Object Repository/Piggy Bank/Page_New piggy bank  Piggy banks  Firefly III/button_upload'&#xa;	at com.kms.katalon.core.webui.keyword.internal.WebUIKeywordMain.stepFailed(WebUIKeywordMain.groovy:64)&#xa;	at com.kms.katalon.core.webui.keyword.internal.WebUIKeywordMain.runKeyword(WebUIKeywordMain.groovy:26)&#xa;	at com.kms.katalon.core.webui.keyword.builtin.UploadFileKeyword.uploadFile(UploadFileKeyword.groovy:87)&#xa;	at com.kms.katalon.core.webui.keyword.builtin.UploadFileKeyword.execute(UploadFileKeyword.groovy:68)&#xa;	at com.kms.katalon.core.keyword.internal.KeywordExecutor.executeKeywordForPlatform(KeywordExecutor.groovy:74)&#xa;	at com.kms.katalon.core.webui.keyword.WebUiBuiltInKeywords.uploadFile(WebUiBuiltInKeywords.groovy:4117)&#xa;	at Piggy Bank.run(Piggy Bank:54)&#xa;	at com.kms.katalon.core.main.ScriptEngine.run(ScriptEngine.java:194)&#xa;	at com.kms.katalon.core.main.ScriptEngine.runScriptAsRawText(ScriptEngine.java:119)&#xa;	at com.kms.katalon.core.main.TestCaseExecutor.runScript(TestCaseExecutor.java:448)&#xa;	at com.kms.katalon.core.main.TestCaseExecutor.doExecute(TestCaseExecutor.java:439)&#xa;	at com.kms.katalon.core.main.TestCaseExecutor.processExecutionPhase(TestCaseExecutor.java:418)&#xa;	at com.kms.katalon.core.main.TestCaseExecutor.accessMainPhase(TestCaseExecutor.java:410)&#xa;	at com.kms.katalon.core.main.TestCaseExecutor.execute(TestCaseExecutor.java:285)&#xa;	at com.kms.katalon.core.common.CommonExecutor.accessTestCaseMainPhase(CommonExecutor.java:65)&#xa;	at com.kms.katalon.core.main.TestSuiteExecutor.accessTestSuiteMainPhase(TestSuiteExecutor.java:148)&#xa;	at com.kms.katalon.core.main.TestSuiteExecutor.execute(TestSuiteExecutor.java:106)&#xa;	at com.kms.katalon.core.main.TestCaseMain.startTestSuite(TestCaseMain.java:180)&#xa;	at TempTestSuite1704125292372.run(TempTestSuite1704125292372.groovy:36)&#xa;	at java.base/jdk.internal.reflect.NativeMethodAccessorImpl.invoke0(Native Method)&#xa;	at java.base/jdk.internal.reflect.NativeMethodAccessorImpl.invoke(NativeMethodAccessorImpl.java:77)&#xa;	at java.base/jdk.internal.reflect.DelegatingMethodAccessorImpl.invoke(DelegatingMethodAccessorImpl.java:43)&#xa;Caused by: org.openqa.selenium.InvalidArgumentException: invalid argument: File not found : C:\Users\MODERN 15\git\G1_Firefly_testing\Attachments File\65MiB.bin.csv&#xa;  (Session info: chrome=120.0.6099.130)&#xa;Build info: version: '3.141.59', revision: 'e82be7d358', time: '2018-11-14T08:25:53'&#xa;System info: host: 'PHUC', ip: '192.168.1.4', os.name: 'Windows 11', os.arch: 'amd64', os.version: '10.0', java.version: '17.0.7'&#xa;Driver info: com.kms.katalon.selenium.driver.CChromeDriver&#xa;Capabilities {acceptInsecureCerts: false, browserName: chrome, browserVersion: 120.0.6099.130, chrome: {chromedriverVersion: 119.0.6045.105 (38c72552c5e..., userDataDir: C:\Users\MODERN~1\AppData\L...}, fedcm:accounts: true, goog:chromeOptions: {debuggerAddress: localhost:62350}, javascriptEnabled: true, networkConnectionEnabled: false, pageLoadStrategy: normal, platform: WINDOWS, platformName: WINDOWS, proxy: Proxy(), setWindowRect: true, strictFileInteractability: false, timeouts: {implicit: 0, pageLoad: 300000, script: 30000}, unhandledPromptBehavior: dismiss and notify, webauthn:extension:credBlob: true, webauthn:extension:largeBlob: true, webauthn:extension:minPinLength: true, webauthn:extension:prf: true, webauthn:virtualAuthenticators: true}&#xa;Session ID: 667abbec9397864421a6aa15eafbcdd3&#xa;	at java.base/jdk.internal.reflect.NativeConstructorAccessorImpl.newInstance0(Native Method)&#xa;	at java.base/jdk.internal.reflect.NativeConstructorAccessorImpl.newInstance(NativeConstructorAccessorImpl.java:77)&#xa;	at java.base/jdk.internal.reflect.DelegatingConstructorAccessorImpl.newInstance(DelegatingConstructorAccessorImpl.java:45)&#xa;	at org.openqa.selenium.remote.http.W3CHttpResponseCodec.createException(W3CHttpResponseCodec.java:187)&#xa;	at org.openqa.selenium.remote.http.W3CHttpResponseCodec.decode(W3CHttpResponseCodec.java:122)&#xa;	at org.openqa.selenium.remote.http.W3CHttpResponseCodec.decode(W3CHttpResponseCodec.java:49)&#xa;	at org.openqa.selenium.remote.HttpCommandExecutor.execute(HttpCommandExecutor.java:158)&#xa;	at org.openqa.selenium.remote.service.DriverCommandExecutor.execute(DriverCommandExecutor.java:83)&#xa;	at org.openqa.selenium.remote.RemoteWebDriver.execute(RemoteWebDriver.java:552)&#xa;	at com.kms.katalon.selenium.driver.CChromeDriver.execute(CChromeDriver.java:19)&#xa;	at org.openqa.selenium.remote.RemoteWebElement.execute(RemoteWebElement.java:285)&#xa;	at org.openqa.selenium.remote.RemoteWebElement.sendKeys(RemoteWebElement.java:106)&#xa;	at jdk.internal.reflect.GeneratedMethodAccessor13.invoke(Unknown Source)&#xa;	at java.base/jdk.internal.reflect.DelegatingMethodAccessorImpl.invoke(DelegatingMethodAccessorImpl.java:43)&#xa;	at org.openqa.selenium.support.events.EventFiringWebDriver$EventFiringWebElement.lambda$new$0(EventFiringWebDriver.java:404)&#xa;	at jdk.proxy2/jdk.proxy2.$Proxy24.sendKeys(Unknown Source)&#xa;	at org.openqa.selenium.support.events.EventFiringWebDriver$EventFiringWebElement.sendKeys(EventFiringWebDriver.java:429)&#xa;	at com.kms.katalon.core.webui.keyword.builtin.UploadFileKeyword$_uploadFile_closure1.doCall(UploadFileKeyword.groovy:80)&#xa;	at com.kms.katalon.core.webui.keyword.builtin.UploadFileKeyword$_uploadFile_closure1.call(UploadFileKeyword.groovy)&#xa;	at com.kms.katalon.core.webui.keyword.internal.WebUIKeywordMain.runKeyword(WebUIKeywordMain.groovy:20)&#xa;	... 20 more&#xa;"/>
         <system-out><![CDATA[01-01-2024T23:10:02 - [TEST_CASE][FAILED] - Test Cases/Piggy Bank: Test Cases/Piggy Bank FAILED.
Reason:
com.kms.katalon.core.exception.StepFailedException: Unable to upload file 'C:\Users\MODERN 15\git\G1_Firefly_testing\Attachments File\65MiB.bin.csv' to object 'Object Repository/Piggy Bank/Page_New piggy bank  Piggy banks  Firefly III/button_upload'
	at com.kms.katalon.core.webui.keyword.internal.WebUIKeywordMain.stepFailed(WebUIKeywordMain.groovy:64)
	at com.kms.katalon.core.webui.keyword.internal.WebUIKeywordMain.runKeyword(WebUIKeywordMain.groovy:26)
	at com.kms.katalon.core.webui.keyword.builtin.UploadFileKeyword.uploadFile(UploadFileKeyword.groovy:87)
	at com.kms.katalon.core.webui.keyword.builtin.UploadFileKeyword.execute(UploadFileKeyword.groovy:68)
	at com.kms.katalon.core.keyword.internal.KeywordExecutor.executeKeywordForPlatform(KeywordExecutor.groovy:74)
	at com.kms.katalon.core.webui.keyword.WebUiBuiltInKeywords.uploadFile(WebUiBuiltInKeywords.groovy:4117)
	at Piggy Bank.run(Piggy Bank:54)
	at com.kms.katalon.core.main.ScriptEngine.run(ScriptEngine.java:194)
	at com.kms.katalon.core.main.ScriptEngine.runScriptAsRawText(ScriptEngine.java:119)
	at com.kms.katalon.core.main.TestCaseExecutor.runScript(TestCaseExecutor.java:448)
	at com.kms.katalon.core.main.TestCaseExecutor.doExecute(TestCaseExecutor.java:439)
	at com.kms.katalon.core.main.TestCaseExecutor.processExecutionPhase(TestCaseExecutor.java:418)
	at com.kms.katalon.core.main.TestCaseExecutor.accessMainPhase(TestCaseExecutor.java:410)
	at com.kms.katalon.core.main.TestCaseExecutor.execute(TestCaseExecutor.java:285)
	at com.kms.katalon.core.common.CommonExecutor.accessTestCaseMainPhase(CommonExecutor.java:65)
	at com.kms.katalon.core.main.TestSuiteExecutor.accessTestSuiteMainPhase(TestSuiteExecutor.java:148)
	at com.kms.katalon.core.main.TestSuiteExecutor.execute(TestSuiteExecutor.java:106)
	at com.kms.katalon.core.main.TestCaseMain.startTestSuite(TestCaseMain.java:180)
	at TempTestSuite1704125292372.run(TempTestSuite1704125292372.groovy:36)
	at java.base/jdk.internal.reflect.NativeMethodAccessorImpl.invoke0(Native Method)
	at java.base/jdk.internal.reflect.NativeMethodAccessorImpl.invoke(NativeMethodAccessorImpl.java:77)
	at java.base/jdk.internal.reflect.DelegatingMethodAccessorImpl.invoke(DelegatingMethodAccessorImpl.java:43)
Caused by: org.openqa.selenium.InvalidArgumentException: invalid argument: File not found : C:\Users\MODERN 15\git\G1_Firefly_testing\Attachments File\65MiB.bin.csv
  (Session info: chrome=120.0.6099.130)
Build info: version: '3.141.59', revision: 'e82be7d358', time: '2018-11-14T08:25:53'
System info: host: 'PHUC', ip: '192.168.1.4', os.name: 'Windows 11', os.arch: 'amd64', os.version: '10.0', java.version: '17.0.7'
Driver info: com.kms.katalon.selenium.driver.CChromeDriver
Capabilities {acceptInsecureCerts: false, browserName: chrome, browserVersion: 120.0.6099.130, chrome: {chromedriverVersion: 119.0.6045.105 (38c72552c5e..., userDataDir: C:\Users\MODERN~1\AppData\L...}, fedcm:accounts: true, goog:chromeOptions: {debuggerAddress: localhost:62350}, javascriptEnabled: true, networkConnectionEnabled: false, pageLoadStrategy: normal, platform: WINDOWS, platformName: WINDOWS, proxy: Proxy(), setWindowRect: true, strictFileInteractability: false, timeouts: {implicit: 0, pageLoad: 300000, script: 30000}, unhandledPromptBehavior: dismiss and notify, webauthn:extension:credBlob: true, webauthn:extension:largeBlob: true, webauthn:extension:minPinLength: true, webauthn:extension:prf: true, webauthn:virtualAuthenticators: true}
Session ID: 667abbec9397864421a6aa15eafbcdd3
	at java.base/jdk.internal.reflect.NativeConstructorAccessorImpl.newInstance0(Native Method)
	at java.base/jdk.internal.reflect.NativeConstructorAccessorImpl.newInstance(NativeConstructorAccessorImpl.java:77)
	at java.base/jdk.internal.reflect.DelegatingConstructorAccessorImpl.newInstance(DelegatingConstructorAccessorImpl.java:45)
	at org.openqa.selenium.remote.http.W3CHttpResponseCodec.createException(W3CHttpResponseCodec.java:187)
	at org.openqa.selenium.remote.http.W3CHttpResponseCodec.decode(W3CHttpResponseCodec.java:122)
	at org.openqa.selenium.remote.http.W3CHttpResponseCodec.decode(W3CHttpResponseCodec.java:49)
	at org.openqa.selenium.remote.HttpCommandExecutor.execute(HttpCommandExecutor.java:158)
	at org.openqa.selenium.remote.service.DriverCommandExecutor.execute(DriverCommandExecutor.java:83)
	at org.openqa.selenium.remote.RemoteWebDriver.execute(RemoteWebDriver.java:552)
	at com.kms.katalon.selenium.driver.CChromeDriver.execute(CChromeDriver.java:19)
	at org.openqa.selenium.remote.RemoteWebElement.execute(RemoteWebElement.java:285)
	at org.openqa.selenium.remote.RemoteWebElement.sendKeys(RemoteWebElement.java:106)
	at jdk.internal.reflect.GeneratedMethodAccessor13.invoke(Unknown Source)
	at java.base/jdk.internal.reflect.DelegatingMethodAccessorImpl.invoke(DelegatingMethodAccessorImpl.java:43)
	at org.openqa.selenium.support.events.EventFiringWebDriver$EventFiringWebElement.lambda$new$0(EventFiringWebDriver.java:404)
	at jdk.proxy2/jdk.proxy2.$Proxy24.sendKeys(Unknown Source)
	at org.openqa.selenium.support.events.EventFiringWebDriver$EventFiringWebElement.sendKeys(EventFiringWebDriver.java:429)
	at com.kms.katalon.core.webui.keyword.builtin.UploadFileKeyword$_uploadFile_closure1.doCall(UploadFileKeyword.groovy:80)
	at com.kms.katalon.core.webui.keyword.builtin.UploadFileKeyword$_uploadFile_closure1.call(UploadFileKeyword.groovy)
	at com.kms.katalon.core.webui.keyword.internal.WebUIKeywordMain.runKeyword(WebUIKeywordMain.groovy:20)
	... 20 more


01-01-2024T23:10:02 - [TEST_STEP][PASSED] - openBrowser(""): Browser is opened with url: ''

01-01-2024T23:10:02 - [MESSAGE][INFO] - Starting 'Chrome' driver

01-01-2024T23:10:02 - [MESSAGE][INFO] - Action delay is set to 0 milliseconds

01-01-2024T23:10:03 - [MESSAGE][PASSED] - Browser is opened with url: ''

01-01-2024T23:10:03 - [TEST_STEP][PASSED] - navigateToUrl("https://firefly.buudadawg.online/login"): Navigate to 'https://firefly.buudadawg.online/login' successfully

01-01-2024T23:10:06 - [MESSAGE][PASSED] - Navigate to 'https://firefly.buudadawg.online/login' successfully

01-01-2024T23:10:06 - [TEST_STEP][PASSED] - setText(findTestObject("Object Repository/Piggy Bank/Page_Login to Firefly III/input_email"), username): Text 'killermh1352@gmail.com' is set on object 'Object Repository/Piggy Bank/Page_Login to Firefly III/input_email'

01-01-2024T23:10:07 - [MESSAGE][PASSED] - Text 'killermh1352@gmail.com' is set on object 'Object Repository/Piggy Bank/Page_Login to Firefly III/input_email'

01-01-2024T23:10:07 - [TEST_STEP][PASSED] - setText(findTestObject("Object Repository/Piggy Bank/Page_Login to Firefly III/input_password"), password): Text 'tranvinhphuc2002' is set on object 'Object Repository/Piggy Bank/Page_Login to Firefly III/input_password'

01-01-2024T23:10:07 - [MESSAGE][PASSED] - Text 'tranvinhphuc2002' is set on object 'Object Repository/Piggy Bank/Page_Login to Firefly III/input_password'

01-01-2024T23:10:07 - [TEST_STEP][PASSED] - sendKeys(findTestObject("Object Repository/Piggy Bank/Page_Login to Firefly III/input_password"), Keys.chord(ENTER)): Keys 'ENTER + ' sent to object: 'Object Repository/Piggy Bank/Page_Login to Firefly III/input_password'

01-01-2024T23:10:08 - [MESSAGE][PASSED] - Keys 'ENTER + ' sent to object: 'Object Repository/Piggy Bank/Page_Login to Firefly III/input_password'

01-01-2024T23:10:08 - [TEST_STEP][PASSED] - click(findTestObject("Object Repository/Piggy Bank/Page_Whats playing  Firefly III/a_Piggy banks")): Object: 'Object Repository/Piggy Bank/Page_Whats playing  Firefly III/a_Piggy banks' is clicked on

01-01-2024T23:10:10 - [MESSAGE][PASSED] - Object: 'Object Repository/Piggy Bank/Page_Whats playing  Firefly III/a_Piggy banks' is clicked on

01-01-2024T23:10:10 - [TEST_STEP][PASSED] - click(findTestObject("Piggy Bank/Page_Piggy banks  Firefly III/a_Create new piggy bank")): Object: 'Object Repository/Piggy Bank/Page_Piggy banks  Firefly III/a_Create new piggy bank' is clicked on

01-01-2024T23:10:11 - [MESSAGE][PASSED] - Object: 'Object Repository/Piggy Bank/Page_Piggy banks  Firefly III/a_Create new piggy bank' is clicked on

01-01-2024T23:10:11 - [TEST_STEP][PASSED] - setText(findTestObject("Object Repository/Piggy Bank/Page_New piggy bank  Piggy banks  Firefly III/input_name"), name): Text 'Tilly's, Inc.' is set on object 'Object Repository/Piggy Bank/Page_New piggy bank  Piggy banks  Firefly III/input_name'

01-01-2024T23:10:12 - [MESSAGE][PASSED] - Text 'Tilly's, Inc.' is set on object 'Object Repository/Piggy Bank/Page_New piggy bank  Piggy banks  Firefly III/input_name'

01-01-2024T23:10:12 - [TEST_STEP][PASSED] - selectOptionByLabel(findTestObject("Object Repository/Piggy Bank/Page_New piggy bank  Piggy banks  Firefly III/select_My Savings AccountMy Asset Account"), save_on_account, true): All options with label 'My Savings Account' are selected in object 'Object Repository/Piggy Bank/Page_New piggy bank  Piggy banks  Firefly III/select_My Savings AccountMy Asset Account'  using regular expression

01-01-2024T23:10:13 - [MESSAGE][PASSED] - All options with label 'My Savings Account' are selected in object 'Object Repository/Piggy Bank/Page_New piggy bank  Piggy banks  Firefly III/select_My Savings AccountMy Asset Account'  using regular expression

01-01-2024T23:10:13 - [TEST_STEP][PASSED] - setText(findTestObject("Object Repository/Piggy Bank/Page_New piggy bank  Piggy banks  Firefly III/input_targetamount"), target_amount): Text '52165' is set on object 'Object Repository/Piggy Bank/Page_New piggy bank  Piggy banks  Firefly III/input_targetamount'

01-01-2024T23:10:13 - [MESSAGE][PASSED] - Text '52165' is set on object 'Object Repository/Piggy Bank/Page_New piggy bank  Piggy banks  Firefly III/input_targetamount'

01-01-2024T23:10:13 - [TEST_STEP][PASSED] - setText(findTestObject("Object Repository/Piggy Bank/Page_New piggy bank  Piggy banks  Firefly III/textarea_notes"), notes): Text '' is set on object 'Object Repository/Piggy Bank/Page_New piggy bank  Piggy banks  Firefly III/textarea_notes'

01-01-2024T23:10:14 - [MESSAGE][PASSED] - Text '' is set on object 'Object Repository/Piggy Bank/Page_New piggy bank  Piggy banks  Firefly III/textarea_notes'

01-01-2024T23:10:14 - [TEST_STEP][PASSED] - setText(findTestObject("Object Repository/Piggy Bank/Page_New piggy bank  Piggy banks  Firefly III/input_object_group"), group): Text 'consequat metus sapien ut nunc vestibulum ante ipsum primis in faucibus orci luctus et ultrices posuere cubilia' is set on object 'Object Repository/Piggy Bank/Page_New piggy bank  Piggy banks  Firefly III/input_object_group'

01-01-2024T23:10:15 - [MESSAGE][PASSED] - Text 'consequat metus sapien ut nunc vestibulum ante ipsum primis in faucibus orci luctus et ultrices posuere cubilia' is set on object 'Object Repository/Piggy Bank/Page_New piggy bank  Piggy banks  Firefly III/input_object_group'

01-01-2024T23:10:15 - [TEST_STEP][PASSED] - setText(findTestObject("Piggy Bank/Page_New piggy bank  Piggy banks  Firefly III/input_date"), target_date): Text '01/20/2023' is set on object 'Object Repository/Piggy Bank/Page_New piggy bank  Piggy banks  Firefly III/input_date'

01-01-2024T23:10:16 - [MESSAGE][PASSED] - Text '01/20/2023' is set on object 'Object Repository/Piggy Bank/Page_New piggy bank  Piggy banks  Firefly III/input_date'

01-01-2024T23:10:16 - [TEST_STEP][FAILED] - if (attachment): Unable to upload file 'C:\Users\MODERN 15\git\G1_Firefly_testing\Attachments File\65MiB.bin.csv' to object 'Object Repository/Piggy Bank/Page_New piggy bank  Piggy banks  Firefly III/button_upload' (Root cause: com.kms.katalon.core.exception.StepFailedException: Unable to upload file 'C:\Users\MODERN 15\git\G1_Firefly_testing\Attachments File\65MiB.bin.csv' to object 'Object Repository/Piggy Bank/Page_New piggy bank  Piggy banks  Firefly III/button_upload'
	at com.kms.katalon.core.webui.keyword.internal.WebUIKeywordMain.stepFailed(WebUIKeywordMain.groovy:64)
	at com.kms.katalon.core.webui.keyword.internal.WebUIKeywordMain.runKeyword(WebUIKeywordMain.groovy:26)
	at com.kms.katalon.core.webui.keyword.builtin.UploadFileKeyword.uploadFile(UploadFileKeyword.groovy:87)
	at com.kms.katalon.core.webui.keyword.builtin.UploadFileKeyword.execute(UploadFileKeyword.groovy:68)
	at com.kms.katalon.core.keyword.internal.KeywordExecutor.executeKeywordForPlatform(KeywordExecutor.groovy:74)
	at com.kms.katalon.core.webui.keyword.WebUiBuiltInKeywords.uploadFile(WebUiBuiltInKeywords.groovy:4117)
	at Piggy Bank.run(Piggy Bank:54)
	at com.kms.katalon.core.main.ScriptEngine.run(ScriptEngine.java:194)
	at com.kms.katalon.core.main.ScriptEngine.runScriptAsRawText(ScriptEngine.java:119)
	at com.kms.katalon.core.main.TestCaseExecutor.runScript(TestCaseExecutor.java:448)
	at com.kms.katalon.core.main.TestCaseExecutor.doExecute(TestCaseExecutor.java:439)
	at com.kms.katalon.core.main.TestCaseExecutor.processExecutionPhase(TestCaseExecutor.java:418)
	at com.kms.katalon.core.main.TestCaseExecutor.accessMainPhase(TestCaseExecutor.java:410)
	at com.kms.katalon.core.main.TestCaseExecutor.execute(TestCaseExecutor.java:285)
	at com.kms.katalon.core.common.CommonExecutor.accessTestCaseMainPhase(CommonExecutor.java:65)
	at com.kms.katalon.core.main.TestSuiteExecutor.accessTestSuiteMainPhase(TestSuiteExecutor.java:148)
	at com.kms.katalon.core.main.TestSuiteExecutor.execute(TestSuiteExecutor.java:106)
	at com.kms.katalon.core.main.TestCaseMain.startTestSuite(TestCaseMain.java:180)
	at TempTestSuite1704125292372.run(TempTestSuite1704125292372.groovy:36)
	at java.base/jdk.internal.reflect.NativeMethodAccessorImpl.invoke0(Native Method)
	at java.base/jdk.internal.reflect.NativeMethodAccessorImpl.invoke(NativeMethodAccessorImpl.java:77)
	at java.base/jdk.internal.reflect.DelegatingMethodAccessorImpl.invoke(DelegatingMethodAccessorImpl.java:43)
Caused by: org.openqa.selenium.InvalidArgumentException: invalid argument: File not found : C:\Users\MODERN 15\git\G1_Firefly_testing\Attachments File\65MiB.bin.csv
  (Session info: chrome=120.0.6099.130)
Build info: version: '3.141.59', revision: 'e82be7d358', time: '2018-11-14T08:25:53'
System info: host: 'PHUC', ip: '192.168.1.4', os.name: 'Windows 11', os.arch: 'amd64', os.version: '10.0', java.version: '17.0.7'
Driver info: com.kms.katalon.selenium.driver.CChromeDriver
Capabilities {acceptInsecureCerts: false, browserName: chrome, browserVersion: 120.0.6099.130, chrome: {chromedriverVersion: 119.0.6045.105 (38c72552c5e..., userDataDir: C:\Users\MODERN~1\AppData\L...}, fedcm:accounts: true, goog:chromeOptions: {debuggerAddress: localhost:62350}, javascriptEnabled: true, networkConnectionEnabled: false, pageLoadStrategy: normal, platform: WINDOWS, platformName: WINDOWS, proxy: Proxy(), setWindowRect: true, strictFileInteractability: false, timeouts: {implicit: 0, pageLoad: 300000, script: 30000}, unhandledPromptBehavior: dismiss and notify, webauthn:extension:credBlob: true, webauthn:extension:largeBlob: true, webauthn:extension:minPinLength: true, webauthn:extension:prf: true, webauthn:virtualAuthenticators: true}
Session ID: 667abbec9397864421a6aa15eafbcdd3
	at java.base/jdk.internal.reflect.NativeConstructorAccessorImpl.newInstance0(Native Method)
	at java.base/jdk.internal.reflect.NativeConstructorAccessorImpl.newInstance(NativeConstructorAccessorImpl.java:77)
	at java.base/jdk.internal.reflect.DelegatingConstructorAccessorImpl.newInstance(DelegatingConstructorAccessorImpl.java:45)
	at org.openqa.selenium.remote.http.W3CHttpResponseCodec.createException(W3CHttpResponseCodec.java:187)
	at org.openqa.selenium.remote.http.W3CHttpResponseCodec.decode(W3CHttpResponseCodec.java:122)
	at org.openqa.selenium.remote.http.W3CHttpResponseCodec.decode(W3CHttpResponseCodec.java:49)
	at org.openqa.selenium.remote.HttpCommandExecutor.execute(HttpCommandExecutor.java:158)
	at org.openqa.selenium.remote.service.DriverCommandExecutor.execute(DriverCommandExecutor.java:83)
	at org.openqa.selenium.remote.RemoteWebDriver.execute(RemoteWebDriver.java:552)
	at com.kms.katalon.selenium.driver.CChromeDriver.execute(CChromeDriver.java:19)
	at org.openqa.selenium.remote.RemoteWebElement.execute(RemoteWebElement.java:285)
	at org.openqa.selenium.remote.RemoteWebElement.sendKeys(RemoteWebElement.java:106)
	at jdk.internal.reflect.GeneratedMethodAccessor13.invoke(Unknown Source)
	at java.base/jdk.internal.reflect.DelegatingMethodAccessorImpl.invoke(DelegatingMethodAccessorImpl.java:43)
	at org.openqa.selenium.support.events.EventFiringWebDriver$EventFiringWebElement.lambda$new$0(EventFiringWebDriver.java:404)
	at jdk.proxy2/jdk.proxy2.$Proxy24.sendKeys(Unknown Source)
	at org.openqa.selenium.support.events.EventFiringWebDriver$EventFiringWebElement.sendKeys(EventFiringWebDriver.java:429)
	at com.kms.katalon.core.webui.keyword.builtin.UploadFileKeyword$_uploadFile_closure1.doCall(UploadFileKeyword.groovy:80)
	at com.kms.katalon.core.webui.keyword.builtin.UploadFileKeyword$_uploadFile_closure1.call(UploadFileKeyword.groovy)
	at com.kms.katalon.core.webui.keyword.internal.WebUIKeywordMain.runKeyword(WebUIKeywordMain.groovy:20)
	at com.kms.katalon.core.webui.keyword.builtin.UploadFileKeyword.uploadFile(UploadFileKeyword.groovy:87)
	at com.kms.katalon.core.webui.keyword.builtin.UploadFileKeyword.execute(UploadFileKeyword.groovy:68)
	at com.kms.katalon.core.keyword.internal.KeywordExecutor.executeKeywordForPlatform(KeywordExecutor.groovy:74)
	at com.kms.katalon.core.webui.keyword.WebUiBuiltInKeywords.uploadFile(WebUiBuiltInKeywords.groovy:4117)
	at Script1704083070390.run(Script1704083070390.groovy:54)
	... 15 more
)

01-01-2024T23:10:16 - [TEST_STEP][PASSED] - absolutePath = normalize().toString(): null

01-01-2024T23:10:16 - [TEST_STEP][FAILED] - uploadFile(findTestObject("Piggy Bank/Page_New piggy bank  Piggy banks  Firefly III/button_upload"), absolutePath): Unable to upload file 'C:\Users\MODERN 15\git\G1_Firefly_testing\Attachments File\65MiB.bin.csv' to object 'Object Repository/Piggy Bank/Page_New piggy bank  Piggy banks  Firefly III/button_upload' (Root cause: com.kms.katalon.core.exception.StepFailedException: Unable to upload file 'C:\Users\MODERN 15\git\G1_Firefly_testing\Attachments File\65MiB.bin.csv' to object 'Object Repository/Piggy Bank/Page_New piggy bank  Piggy banks  Firefly III/button_upload'
	at com.kms.katalon.core.webui.keyword.internal.WebUIKeywordMain.stepFailed(WebUIKeywordMain.groovy:64)
	at com.kms.katalon.core.webui.keyword.internal.WebUIKeywordMain.runKeyword(WebUIKeywordMain.groovy:26)
	at com.kms.katalon.core.webui.keyword.builtin.UploadFileKeyword.uploadFile(UploadFileKeyword.groovy:87)
	at com.kms.katalon.core.webui.keyword.builtin.UploadFileKeyword.execute(UploadFileKeyword.groovy:68)
	at com.kms.katalon.core.keyword.internal.KeywordExecutor.executeKeywordForPlatform(KeywordExecutor.groovy:74)
	at com.kms.katalon.core.webui.keyword.WebUiBuiltInKeywords.uploadFile(WebUiBuiltInKeywords.groovy:4117)
	at Piggy Bank.run(Piggy Bank:54)
	at com.kms.katalon.core.main.ScriptEngine.run(ScriptEngine.java:194)
	at com.kms.katalon.core.main.ScriptEngine.runScriptAsRawText(ScriptEngine.java:119)
	at com.kms.katalon.core.main.TestCaseExecutor.runScript(TestCaseExecutor.java:448)
	at com.kms.katalon.core.main.TestCaseExecutor.doExecute(TestCaseExecutor.java:439)
	at com.kms.katalon.core.main.TestCaseExecutor.processExecutionPhase(TestCaseExecutor.java:418)
	at com.kms.katalon.core.main.TestCaseExecutor.accessMainPhase(TestCaseExecutor.java:410)
	at com.kms.katalon.core.main.TestCaseExecutor.execute(TestCaseExecutor.java:285)
	at com.kms.katalon.core.common.CommonExecutor.accessTestCaseMainPhase(CommonExecutor.java:65)
	at com.kms.katalon.core.main.TestSuiteExecutor.accessTestSuiteMainPhase(TestSuiteExecutor.java:148)
	at com.kms.katalon.core.main.TestSuiteExecutor.execute(TestSuiteExecutor.java:106)
	at com.kms.katalon.core.main.TestCaseMain.startTestSuite(TestCaseMain.java:180)
	at TempTestSuite1704125292372.run(TempTestSuite1704125292372.groovy:36)
	at java.base/jdk.internal.reflect.NativeMethodAccessorImpl.invoke0(Native Method)
	at java.base/jdk.internal.reflect.NativeMethodAccessorImpl.invoke(NativeMethodAccessorImpl.java:77)
	at java.base/jdk.internal.reflect.DelegatingMethodAccessorImpl.invoke(DelegatingMethodAccessorImpl.java:43)
Caused by: org.openqa.selenium.InvalidArgumentException: invalid argument: File not found : C:\Users\MODERN 15\git\G1_Firefly_testing\Attachments File\65MiB.bin.csv
  (Session info: chrome=120.0.6099.130)
Build info: version: '3.141.59', revision: 'e82be7d358', time: '2018-11-14T08:25:53'
System info: host: 'PHUC', ip: '192.168.1.4', os.name: 'Windows 11', os.arch: 'amd64', os.version: '10.0', java.version: '17.0.7'
Driver info: com.kms.katalon.selenium.driver.CChromeDriver
Capabilities {acceptInsecureCerts: false, browserName: chrome, browserVersion: 120.0.6099.130, chrome: {chromedriverVersion: 119.0.6045.105 (38c72552c5e..., userDataDir: C:\Users\MODERN~1\AppData\L...}, fedcm:accounts: true, goog:chromeOptions: {debuggerAddress: localhost:62350}, javascriptEnabled: true, networkConnectionEnabled: false, pageLoadStrategy: normal, platform: WINDOWS, platformName: WINDOWS, proxy: Proxy(), setWindowRect: true, strictFileInteractability: false, timeouts: {implicit: 0, pageLoad: 300000, script: 30000}, unhandledPromptBehavior: dismiss and notify, webauthn:extension:credBlob: true, webauthn:extension:largeBlob: true, webauthn:extension:minPinLength: true, webauthn:extension:prf: true, webauthn:virtualAuthenticators: true}
Session ID: 667abbec9397864421a6aa15eafbcdd3
	at java.base/jdk.internal.reflect.NativeConstructorAccessorImpl.newInstance0(Native Method)
	at java.base/jdk.internal.reflect.NativeConstructorAccessorImpl.newInstance(NativeConstructorAccessorImpl.java:77)
	at java.base/jdk.internal.reflect.DelegatingConstructorAccessorImpl.newInstance(DelegatingConstructorAccessorImpl.java:45)
	at org.openqa.selenium.remote.http.W3CHttpResponseCodec.createException(W3CHttpResponseCodec.java:187)
	at org.openqa.selenium.remote.http.W3CHttpResponseCodec.decode(W3CHttpResponseCodec.java:122)
	at org.openqa.selenium.remote.http.W3CHttpResponseCodec.decode(W3CHttpResponseCodec.java:49)
	at org.openqa.selenium.remote.HttpCommandExecutor.execute(HttpCommandExecutor.java:158)
	at org.openqa.selenium.remote.service.DriverCommandExecutor.execute(DriverCommandExecutor.java:83)
	at org.openqa.selenium.remote.RemoteWebDriver.execute(RemoteWebDriver.java:552)
	at com.kms.katalon.selenium.driver.CChromeDriver.execute(CChromeDriver.java:19)
	at org.openqa.selenium.remote.RemoteWebElement.execute(RemoteWebElement.java:285)
	at org.openqa.selenium.remote.RemoteWebElement.sendKeys(RemoteWebElement.java:106)
	at jdk.internal.reflect.GeneratedMethodAccessor13.invoke(Unknown Source)
	at java.base/jdk.internal.reflect.DelegatingMethodAccessorImpl.invoke(DelegatingMethodAccessorImpl.java:43)
	at org.openqa.selenium.support.events.EventFiringWebDriver$EventFiringWebElement.lambda$new$0(EventFiringWebDriver.java:404)
	at jdk.proxy2/jdk.proxy2.$Proxy24.sendKeys(Unknown Source)
	at org.openqa.selenium.support.events.EventFiringWebDriver$EventFiringWebElement.sendKeys(EventFiringWebDriver.java:429)
	at com.kms.katalon.core.webui.keyword.builtin.UploadFileKeyword$_uploadFile_closure1.doCall(UploadFileKeyword.groovy:80)
	at com.kms.katalon.core.webui.keyword.builtin.UploadFileKeyword$_uploadFile_closure1.call(UploadFileKeyword.groovy)
	at com.kms.katalon.core.webui.keyword.internal.WebUIKeywordMain.runKeyword(WebUIKeywordMain.groovy:20)
	at com.kms.katalon.core.webui.keyword.builtin.UploadFileKeyword.uploadFile(UploadFileKeyword.groovy:87)
	at com.kms.katalon.core.webui.keyword.builtin.UploadFileKeyword.execute(UploadFileKeyword.groovy:68)
	at com.kms.katalon.core.keyword.internal.KeywordExecutor.executeKeywordForPlatform(KeywordExecutor.groovy:74)
	at com.kms.katalon.core.webui.keyword.WebUiBuiltInKeywords.uploadFile(WebUiBuiltInKeywords.groovy:4117)
	at Script1704083070390.run(Script1704083070390.groovy:54)
	... 15 more
)

01-01-2024T23:10:17 - [MESSAGE][FAILED] - Unable to upload file 'C:\Users\MODERN 15\git\G1_Firefly_testing\Attachments File\65MiB.bin.csv' to object 'Object Repository/Piggy Bank/Page_New piggy bank  Piggy banks  Firefly III/button_upload' (Root cause: com.kms.katalon.core.exception.StepFailedException: Unable to upload file 'C:\Users\MODERN 15\git\G1_Firefly_testing\Attachments File\65MiB.bin.csv' to object 'Object Repository/Piggy Bank/Page_New piggy bank  Piggy banks  Firefly III/button_upload'
	at com.kms.katalon.core.webui.keyword.internal.WebUIKeywordMain.stepFailed(WebUIKeywordMain.groovy:64)
	at com.kms.katalon.core.webui.keyword.internal.WebUIKeywordMain.runKeyword(WebUIKeywordMain.groovy:26)
	at com.kms.katalon.core.webui.keyword.builtin.UploadFileKeyword.uploadFile(UploadFileKeyword.groovy:87)
	at com.kms.katalon.core.webui.keyword.builtin.UploadFileKeyword.execute(UploadFileKeyword.groovy:68)
	at com.kms.katalon.core.keyword.internal.KeywordExecutor.executeKeywordForPlatform(KeywordExecutor.groovy:74)
	at com.kms.katalon.core.webui.keyword.WebUiBuiltInKeywords.uploadFile(WebUiBuiltInKeywords.groovy:4117)
	at Piggy Bank.run(Piggy Bank:54)
	at com.kms.katalon.core.main.ScriptEngine.run(ScriptEngine.java:194)
	at com.kms.katalon.core.main.ScriptEngine.runScriptAsRawText(ScriptEngine.java:119)
	at com.kms.katalon.core.main.TestCaseExecutor.runScript(TestCaseExecutor.java:448)
	at com.kms.katalon.core.main.TestCaseExecutor.doExecute(TestCaseExecutor.java:439)
	at com.kms.katalon.core.main.TestCaseExecutor.processExecutionPhase(TestCaseExecutor.java:418)
	at com.kms.katalon.core.main.TestCaseExecutor.accessMainPhase(TestCaseExecutor.java:410)
	at com.kms.katalon.core.main.TestCaseExecutor.execute(TestCaseExecutor.java:285)
	at com.kms.katalon.core.common.CommonExecutor.accessTestCaseMainPhase(CommonExecutor.java:65)
	at com.kms.katalon.core.main.TestSuiteExecutor.accessTestSuiteMainPhase(TestSuiteExecutor.java:148)
	at com.kms.katalon.core.main.TestSuiteExecutor.execute(TestSuiteExecutor.java:106)
	at com.kms.katalon.core.main.TestCaseMain.startTestSuite(TestCaseMain.java:180)
	at TempTestSuite1704125292372.run(TempTestSuite1704125292372.groovy:36)
	at java.base/jdk.internal.reflect.NativeMethodAccessorImpl.invoke0(Native Method)
	at java.base/jdk.internal.reflect.NativeMethodAccessorImpl.invoke(NativeMethodAccessorImpl.java:77)
	at java.base/jdk.internal.reflect.DelegatingMethodAccessorImpl.invoke(DelegatingMethodAccessorImpl.java:43)
Caused by: org.openqa.selenium.InvalidArgumentException: invalid argument: File not found : C:\Users\MODERN 15\git\G1_Firefly_testing\Attachments File\65MiB.bin.csv
  (Session info: chrome=120.0.6099.130)
Build info: version: '3.141.59', revision: 'e82be7d358', time: '2018-11-14T08:25:53'
System info: host: 'PHUC', ip: '192.168.1.4', os.name: 'Windows 11', os.arch: 'amd64', os.version: '10.0', java.version: '17.0.7'
Driver info: com.kms.katalon.selenium.driver.CChromeDriver
Capabilities {acceptInsecureCerts: false, browserName: chrome, browserVersion: 120.0.6099.130, chrome: {chromedriverVersion: 119.0.6045.105 (38c72552c5e..., userDataDir: C:\Users\MODERN~1\AppData\L...}, fedcm:accounts: true, goog:chromeOptions: {debuggerAddress: localhost:62350}, javascriptEnabled: true, networkConnectionEnabled: false, pageLoadStrategy: normal, platform: WINDOWS, platformName: WINDOWS, proxy: Proxy(), setWindowRect: true, strictFileInteractability: false, timeouts: {implicit: 0, pageLoad: 300000, script: 30000}, unhandledPromptBehavior: dismiss and notify, webauthn:extension:credBlob: true, webauthn:extension:largeBlob: true, webauthn:extension:minPinLength: true, webauthn:extension:prf: true, webauthn:virtualAuthenticators: true}
Session ID: 667abbec9397864421a6aa15eafbcdd3
	at java.base/jdk.internal.reflect.NativeConstructorAccessorImpl.newInstance0(Native Method)
	at java.base/jdk.internal.reflect.NativeConstructorAccessorImpl.newInstance(NativeConstructorAccessorImpl.java:77)
	at java.base/jdk.internal.reflect.DelegatingConstructorAccessorImpl.newInstance(DelegatingConstructorAccessorImpl.java:45)
	at org.openqa.selenium.remote.http.W3CHttpResponseCodec.createException(W3CHttpResponseCodec.java:187)
	at org.openqa.selenium.remote.http.W3CHttpResponseCodec.decode(W3CHttpResponseCodec.java:122)
	at org.openqa.selenium.remote.http.W3CHttpResponseCodec.decode(W3CHttpResponseCodec.java:49)
	at org.openqa.selenium.remote.HttpCommandExecutor.execute(HttpCommandExecutor.java:158)
	at org.openqa.selenium.remote.service.DriverCommandExecutor.execute(DriverCommandExecutor.java:83)
	at org.openqa.selenium.remote.RemoteWebDriver.execute(RemoteWebDriver.java:552)
	at com.kms.katalon.selenium.driver.CChromeDriver.execute(CChromeDriver.java:19)
	at org.openqa.selenium.remote.RemoteWebElement.execute(RemoteWebElement.java:285)
	at org.openqa.selenium.remote.RemoteWebElement.sendKeys(RemoteWebElement.java:106)
	at jdk.internal.reflect.GeneratedMethodAccessor13.invoke(Unknown Source)
	at java.base/jdk.internal.reflect.DelegatingMethodAccessorImpl.invoke(DelegatingMethodAccessorImpl.java:43)
	at org.openqa.selenium.support.events.EventFiringWebDriver$EventFiringWebElement.lambda$new$0(EventFiringWebDriver.java:404)
	at jdk.proxy2/jdk.proxy2.$Proxy24.sendKeys(Unknown Source)
	at org.openqa.selenium.support.events.EventFiringWebDriver$EventFiringWebElement.sendKeys(EventFiringWebDriver.java:429)
	at com.kms.katalon.core.webui.keyword.builtin.UploadFileKeyword$_uploadFile_closure1.doCall(UploadFileKeyword.groovy:80)
	at com.kms.katalon.core.webui.keyword.builtin.UploadFileKeyword$_uploadFile_closure1.call(UploadFileKeyword.groovy)
	at com.kms.katalon.core.webui.keyword.internal.WebUIKeywordMain.runKeyword(WebUIKeywordMain.groovy:20)
	at com.kms.katalon.core.webui.keyword.builtin.UploadFileKeyword.uploadFile(UploadFileKeyword.groovy:87)
	at com.kms.katalon.core.webui.keyword.builtin.UploadFileKeyword.execute(UploadFileKeyword.groovy:68)
	at com.kms.katalon.core.keyword.internal.KeywordExecutor.executeKeywordForPlatform(KeywordExecutor.groovy:74)
	at com.kms.katalon.core.webui.keyword.WebUiBuiltInKeywords.uploadFile(WebUiBuiltInKeywords.groovy:4117)
	at Script1704083070390.run(Script1704083070390.groovy:54)
	... 15 more
)
[[ATTACHMENT|C:\\Users\\MODERN 15\\git\\G1_Firefly_testing\\Reports\\20240101_230812\\Piggy Bank\\20240101_230812\\1704125416957.png]]]]></system-out>
         <system-err><![CDATA[01-01-2024T23:10:02 - [TEST_CASE][FAILED] - Test Cases/Piggy Bank: Test Cases/Piggy Bank FAILED.
Reason:
com.kms.katalon.core.exception.StepFailedException: Unable to upload file 'C:\Users\MODERN 15\git\G1_Firefly_testing\Attachments File\65MiB.bin.csv' to object 'Object Repository/Piggy Bank/Page_New piggy bank  Piggy banks  Firefly III/button_upload'
	at com.kms.katalon.core.webui.keyword.internal.WebUIKeywordMain.stepFailed(WebUIKeywordMain.groovy:64)
	at com.kms.katalon.core.webui.keyword.internal.WebUIKeywordMain.runKeyword(WebUIKeywordMain.groovy:26)
	at com.kms.katalon.core.webui.keyword.builtin.UploadFileKeyword.uploadFile(UploadFileKeyword.groovy:87)
	at com.kms.katalon.core.webui.keyword.builtin.UploadFileKeyword.execute(UploadFileKeyword.groovy:68)
	at com.kms.katalon.core.keyword.internal.KeywordExecutor.executeKeywordForPlatform(KeywordExecutor.groovy:74)
	at com.kms.katalon.core.webui.keyword.WebUiBuiltInKeywords.uploadFile(WebUiBuiltInKeywords.groovy:4117)
	at Piggy Bank.run(Piggy Bank:54)
	at com.kms.katalon.core.main.ScriptEngine.run(ScriptEngine.java:194)
	at com.kms.katalon.core.main.ScriptEngine.runScriptAsRawText(ScriptEngine.java:119)
	at com.kms.katalon.core.main.TestCaseExecutor.runScript(TestCaseExecutor.java:448)
	at com.kms.katalon.core.main.TestCaseExecutor.doExecute(TestCaseExecutor.java:439)
	at com.kms.katalon.core.main.TestCaseExecutor.processExecutionPhase(TestCaseExecutor.java:418)
	at com.kms.katalon.core.main.TestCaseExecutor.accessMainPhase(TestCaseExecutor.java:410)
	at com.kms.katalon.core.main.TestCaseExecutor.execute(TestCaseExecutor.java:285)
	at com.kms.katalon.core.common.CommonExecutor.accessTestCaseMainPhase(CommonExecutor.java:65)
	at com.kms.katalon.core.main.TestSuiteExecutor.accessTestSuiteMainPhase(TestSuiteExecutor.java:148)
	at com.kms.katalon.core.main.TestSuiteExecutor.execute(TestSuiteExecutor.java:106)
	at com.kms.katalon.core.main.TestCaseMain.startTestSuite(TestCaseMain.java:180)
	at TempTestSuite1704125292372.run(TempTestSuite1704125292372.groovy:36)
	at java.base/jdk.internal.reflect.NativeMethodAccessorImpl.invoke0(Native Method)
	at java.base/jdk.internal.reflect.NativeMethodAccessorImpl.invoke(NativeMethodAccessorImpl.java:77)
	at java.base/jdk.internal.reflect.DelegatingMethodAccessorImpl.invoke(DelegatingMethodAccessorImpl.java:43)
Caused by: org.openqa.selenium.InvalidArgumentException: invalid argument: File not found : C:\Users\MODERN 15\git\G1_Firefly_testing\Attachments File\65MiB.bin.csv
  (Session info: chrome=120.0.6099.130)
Build info: version: '3.141.59', revision: 'e82be7d358', time: '2018-11-14T08:25:53'
System info: host: 'PHUC', ip: '192.168.1.4', os.name: 'Windows 11', os.arch: 'amd64', os.version: '10.0', java.version: '17.0.7'
Driver info: com.kms.katalon.selenium.driver.CChromeDriver
Capabilities {acceptInsecureCerts: false, browserName: chrome, browserVersion: 120.0.6099.130, chrome: {chromedriverVersion: 119.0.6045.105 (38c72552c5e..., userDataDir: C:\Users\MODERN~1\AppData\L...}, fedcm:accounts: true, goog:chromeOptions: {debuggerAddress: localhost:62350}, javascriptEnabled: true, networkConnectionEnabled: false, pageLoadStrategy: normal, platform: WINDOWS, platformName: WINDOWS, proxy: Proxy(), setWindowRect: true, strictFileInteractability: false, timeouts: {implicit: 0, pageLoad: 300000, script: 30000}, unhandledPromptBehavior: dismiss and notify, webauthn:extension:credBlob: true, webauthn:extension:largeBlob: true, webauthn:extension:minPinLength: true, webauthn:extension:prf: true, webauthn:virtualAuthenticators: true}
Session ID: 667abbec9397864421a6aa15eafbcdd3
	at java.base/jdk.internal.reflect.NativeConstructorAccessorImpl.newInstance0(Native Method)
	at java.base/jdk.internal.reflect.NativeConstructorAccessorImpl.newInstance(NativeConstructorAccessorImpl.java:77)
	at java.base/jdk.internal.reflect.DelegatingConstructorAccessorImpl.newInstance(DelegatingConstructorAccessorImpl.java:45)
	at org.openqa.selenium.remote.http.W3CHttpResponseCodec.createException(W3CHttpResponseCodec.java:187)
	at org.openqa.selenium.remote.http.W3CHttpResponseCodec.decode(W3CHttpResponseCodec.java:122)
	at org.openqa.selenium.remote.http.W3CHttpResponseCodec.decode(W3CHttpResponseCodec.java:49)
	at org.openqa.selenium.remote.HttpCommandExecutor.execute(HttpCommandExecutor.java:158)
	at org.openqa.selenium.remote.service.DriverCommandExecutor.execute(DriverCommandExecutor.java:83)
	at org.openqa.selenium.remote.RemoteWebDriver.execute(RemoteWebDriver.java:552)
	at com.kms.katalon.selenium.driver.CChromeDriver.execute(CChromeDriver.java:19)
	at org.openqa.selenium.remote.RemoteWebElement.execute(RemoteWebElement.java:285)
	at org.openqa.selenium.remote.RemoteWebElement.sendKeys(RemoteWebElement.java:106)
	at jdk.internal.reflect.GeneratedMethodAccessor13.invoke(Unknown Source)
	at java.base/jdk.internal.reflect.DelegatingMethodAccessorImpl.invoke(DelegatingMethodAccessorImpl.java:43)
	at org.openqa.selenium.support.events.EventFiringWebDriver$EventFiringWebElement.lambda$new$0(EventFiringWebDriver.java:404)
	at jdk.proxy2/jdk.proxy2.$Proxy24.sendKeys(Unknown Source)
	at org.openqa.selenium.support.events.EventFiringWebDriver$EventFiringWebElement.sendKeys(EventFiringWebDriver.java:429)
	at com.kms.katalon.core.webui.keyword.builtin.UploadFileKeyword$_uploadFile_closure1.doCall(UploadFileKeyword.groovy:80)
	at com.kms.katalon.core.webui.keyword.builtin.UploadFileKeyword$_uploadFile_closure1.call(UploadFileKeyword.groovy)
	at com.kms.katalon.core.webui.keyword.internal.WebUIKeywordMain.runKeyword(WebUIKeywordMain.groovy:20)
	... 20 more]]></system-err>
      </testcase>
      <testcase name="Test Cases/Piggy Bank" time="54.431" classname="Test Cases/Piggy Bank" status="PASSED">
         <system-out><![CDATA[01-01-2024T23:10:17 - [TEST_CASE][PASSED] - Test Cases/Piggy Bank: Test Cases/Piggy Bank

01-01-2024T23:10:17 - [TEST_STEP][PASSED] - openBrowser(""): Browser is opened with url: ''

01-01-2024T23:10:17 - [MESSAGE][WARNING] - A browser is already opened. Closing browser and opening a new one

01-01-2024T23:10:17 - [MESSAGE][INFO] - Starting 'Chrome' driver

01-01-2024T23:10:17 - [MESSAGE][INFO] - Action delay is set to 0 milliseconds

01-01-2024T23:10:18 - [MESSAGE][PASSED] - Browser is opened with url: ''

01-01-2024T23:10:18 - [TEST_STEP][PASSED] - navigateToUrl("https://firefly.buudadawg.online/login"): Navigate to 'https://firefly.buudadawg.online/login' successfully

01-01-2024T23:10:21 - [MESSAGE][PASSED] - Navigate to 'https://firefly.buudadawg.online/login' successfully

01-01-2024T23:10:21 - [TEST_STEP][PASSED] - setText(findTestObject("Object Repository/Piggy Bank/Page_Login to Firefly III/input_email"), username): Text 'killermh1352@gmail.com' is set on object 'Object Repository/Piggy Bank/Page_Login to Firefly III/input_email'

01-01-2024T23:10:22 - [MESSAGE][PASSED] - Text 'killermh1352@gmail.com' is set on object 'Object Repository/Piggy Bank/Page_Login to Firefly III/input_email'

01-01-2024T23:10:22 - [TEST_STEP][PASSED] - setText(findTestObject("Object Repository/Piggy Bank/Page_Login to Firefly III/input_password"), password): Text 'tranvinhphuc2002' is set on object 'Object Repository/Piggy Bank/Page_Login to Firefly III/input_password'

01-01-2024T23:10:23 - [MESSAGE][PASSED] - Text 'tranvinhphuc2002' is set on object 'Object Repository/Piggy Bank/Page_Login to Firefly III/input_password'

01-01-2024T23:10:23 - [TEST_STEP][PASSED] - sendKeys(findTestObject("Object Repository/Piggy Bank/Page_Login to Firefly III/input_password"), Keys.chord(ENTER)): Keys 'ENTER + ' sent to object: 'Object Repository/Piggy Bank/Page_Login to Firefly III/input_password'

01-01-2024T23:10:23 - [MESSAGE][PASSED] - Keys 'ENTER + ' sent to object: 'Object Repository/Piggy Bank/Page_Login to Firefly III/input_password'

01-01-2024T23:10:23 - [TEST_STEP][PASSED] - click(findTestObject("Object Repository/Piggy Bank/Page_Whats playing  Firefly III/a_Piggy banks")): Object: 'Object Repository/Piggy Bank/Page_Whats playing  Firefly III/a_Piggy banks' is clicked on

01-01-2024T23:10:26 - [MESSAGE][PASSED] - Object: 'Object Repository/Piggy Bank/Page_Whats playing  Firefly III/a_Piggy banks' is clicked on

01-01-2024T23:10:26 - [TEST_STEP][PASSED] - click(findTestObject("Piggy Bank/Page_Piggy banks  Firefly III/a_Create new piggy bank")): Object: 'Object Repository/Piggy Bank/Page_Piggy banks  Firefly III/a_Create new piggy bank' is clicked on

01-01-2024T23:10:26 - [MESSAGE][PASSED] - Object: 'Object Repository/Piggy Bank/Page_Piggy banks  Firefly III/a_Create new piggy bank' is clicked on

01-01-2024T23:10:26 - [TEST_STEP][PASSED] - setText(findTestObject("Object Repository/Piggy Bank/Page_New piggy bank  Piggy banks  Firefly III/input_name"), name): Text 'Anixter International Inc.' is set on object 'Object Repository/Piggy Bank/Page_New piggy bank  Piggy banks  Firefly III/input_name'

01-01-2024T23:10:27 - [MESSAGE][PASSED] - Text 'Anixter International Inc.' is set on object 'Object Repository/Piggy Bank/Page_New piggy bank  Piggy banks  Firefly III/input_name'

01-01-2024T23:10:27 - [TEST_STEP][PASSED] - selectOptionByLabel(findTestObject("Object Repository/Piggy Bank/Page_New piggy bank  Piggy banks  Firefly III/select_My Savings AccountMy Asset Account"), save_on_account, true): All options with label 'My Savings Account' are selected in object 'Object Repository/Piggy Bank/Page_New piggy bank  Piggy banks  Firefly III/select_My Savings AccountMy Asset Account'  using regular expression

01-01-2024T23:10:28 - [MESSAGE][PASSED] - All options with label 'My Savings Account' are selected in object 'Object Repository/Piggy Bank/Page_New piggy bank  Piggy banks  Firefly III/select_My Savings AccountMy Asset Account'  using regular expression

01-01-2024T23:10:28 - [TEST_STEP][PASSED] - setText(findTestObject("Object Repository/Piggy Bank/Page_New piggy bank  Piggy banks  Firefly III/input_targetamount"), target_amount): Text '68285' is set on object 'Object Repository/Piggy Bank/Page_New piggy bank  Piggy banks  Firefly III/input_targetamount'

01-01-2024T23:10:29 - [MESSAGE][PASSED] - Text '68285' is set on object 'Object Repository/Piggy Bank/Page_New piggy bank  Piggy banks  Firefly III/input_targetamount'

01-01-2024T23:10:29 - [TEST_STEP][PASSED] - setText(findTestObject("Object Repository/Piggy Bank/Page_New piggy bank  Piggy banks  Firefly III/textarea_notes"), notes): Text '' is set on object 'Object Repository/Piggy Bank/Page_New piggy bank  Piggy banks  Firefly III/textarea_notes'

01-01-2024T23:10:29 - [MESSAGE][PASSED] - Text '' is set on object 'Object Repository/Piggy Bank/Page_New piggy bank  Piggy banks  Firefly III/textarea_notes'

01-01-2024T23:10:29 - [TEST_STEP][PASSED] - setText(findTestObject("Object Repository/Piggy Bank/Page_New piggy bank  Piggy banks  Firefly III/input_object_group"), group): Text '' is set on object 'Object Repository/Piggy Bank/Page_New piggy bank  Piggy banks  Firefly III/input_object_group'

01-01-2024T23:10:30 - [MESSAGE][PASSED] - Text '' is set on object 'Object Repository/Piggy Bank/Page_New piggy bank  Piggy banks  Firefly III/input_object_group'

01-01-2024T23:10:30 - [TEST_STEP][PASSED] - setText(findTestObject("Piggy Bank/Page_New piggy bank  Piggy banks  Firefly III/input_date"), target_date): Text '07/11/2023' is set on object 'Object Repository/Piggy Bank/Page_New piggy bank  Piggy banks  Firefly III/input_date'

01-01-2024T23:10:31 - [MESSAGE][PASSED] - Text '07/11/2023' is set on object 'Object Repository/Piggy Bank/Page_New piggy bank  Piggy banks  Firefly III/input_date'

01-01-2024T23:10:31 - [TEST_STEP][PASSED] - if (attachment): File 'C:\Users\MODERN 15\git\G1_Firefly_testing\Attachments File\Report_May.xlsx' sent to object: 'Object Repository/Piggy Bank/Page_New piggy bank  Piggy banks  Firefly III/button_upload'

01-01-2024T23:10:31 - [TEST_STEP][PASSED] - absolutePath = normalize().toString(): null

01-01-2024T23:10:31 - [TEST_STEP][PASSED] - uploadFile(findTestObject("Piggy Bank/Page_New piggy bank  Piggy banks  Firefly III/button_upload"), absolutePath): File 'C:\Users\MODERN 15\git\G1_Firefly_testing\Attachments File\Report_May.xlsx' sent to object: 'Object Repository/Piggy Bank/Page_New piggy bank  Piggy banks  Firefly III/button_upload'

01-01-2024T23:10:31 - [MESSAGE][PASSED] - File 'C:\Users\MODERN 15\git\G1_Firefly_testing\Attachments File\Report_May.xlsx' sent to object: 'Object Repository/Piggy Bank/Page_New piggy bank  Piggy banks  Firefly III/button_upload'

01-01-2024T23:10:31 - [TEST_STEP][PASSED] - click(findTestObject("Object Repository/Piggy Bank/Page_New piggy bank  Piggy banks  Firefly III/div_Mandatory fields                       _ed7e9e")): Object: 'Object Repository/Piggy Bank/Page_New piggy bank  Piggy banks  Firefly III/div_Mandatory fields                       _ed7e9e' is clicked on

01-01-2024T23:10:31 - [MESSAGE][PASSED] - Object: 'Object Repository/Piggy Bank/Page_New piggy bank  Piggy banks  Firefly III/div_Mandatory fields                       _ed7e9e' is clicked on

01-01-2024T23:10:31 - [TEST_STEP][PASSED] - click(findTestObject("Object Repository/Piggy Bank/Page_New piggy bank  Piggy banks  Firefly III/button_Store new piggy bank")): Object: 'Object Repository/Piggy Bank/Page_New piggy bank  Piggy banks  Firefly III/button_Store new piggy bank' is clicked on

01-01-2024T23:11:09 - [MESSAGE][PASSED] - Object: 'Object Repository/Piggy Bank/Page_New piggy bank  Piggy banks  Firefly III/button_Store new piggy bank' is clicked on

01-01-2024T23:11:09 - [TEST_STEP][FAILED] - try: Unable to verify object 'Object Repository/Shared_alert/success_alert' is not present (Root cause: com.kms.katalon.core.exception.StepFailedException: Unable to verify object 'Object Repository/Shared_alert/success_alert' is not present
	at com.kms.katalon.core.webui.keyword.internal.WebUIKeywordMain.stepFailed(WebUIKeywordMain.groovy:64)
	at com.kms.katalon.core.webui.keyword.internal.WebUIKeywordMain.runKeyword(WebUIKeywordMain.groovy:26)
	at com.kms.katalon.core.webui.keyword.internal.WebUIKeywordMain$runKeyword.call(Unknown Source)
	at com.kms.katalon.core.webui.keyword.builtin.VerifyElementNotPresentKeyword.verifyElementNotPresent(VerifyElementNotPresentKeyword.groovy:122)
	at com.kms.katalon.core.webui.keyword.builtin.VerifyElementNotPresentKeyword.execute(VerifyElementNotPresentKeyword.groovy:68)
	at com.kms.katalon.core.keyword.internal.KeywordExecutor.executeKeywordForPlatform(KeywordExecutor.groovy:74)
	at com.kms.katalon.core.webui.keyword.WebUiBuiltInKeywords.verifyElementNotPresent(WebUiBuiltInKeywords.groovy:1536)
	at Piggy Bank.run(Piggy Bank:64)
	at com.kms.katalon.core.main.ScriptEngine.run(ScriptEngine.java:194)
	at com.kms.katalon.core.main.ScriptEngine.runScriptAsRawText(ScriptEngine.java:119)
	at com.kms.katalon.core.main.TestCaseExecutor.runScript(TestCaseExecutor.java:448)
	at com.kms.katalon.core.main.TestCaseExecutor.doExecute(TestCaseExecutor.java:439)
	at com.kms.katalon.core.main.TestCaseExecutor.processExecutionPhase(TestCaseExecutor.java:418)
	at com.kms.katalon.core.main.TestCaseExecutor.accessMainPhase(TestCaseExecutor.java:410)
	at com.kms.katalon.core.main.TestCaseExecutor.execute(TestCaseExecutor.java:285)
	at com.kms.katalon.core.common.CommonExecutor.accessTestCaseMainPhase(CommonExecutor.java:65)
	at com.kms.katalon.core.main.TestSuiteExecutor.accessTestSuiteMainPhase(TestSuiteExecutor.java:148)
	at com.kms.katalon.core.main.TestSuiteExecutor.execute(TestSuiteExecutor.java:106)
	at com.kms.katalon.core.main.TestCaseMain.startTestSuite(TestCaseMain.java:180)
	at TempTestSuite1704125292372.run(TempTestSuite1704125292372.groovy:36)
	at java.base/jdk.internal.reflect.NativeMethodAccessorImpl.invoke0(Native Method)
	at java.base/jdk.internal.reflect.NativeMethodAccessorImpl.invoke(NativeMethodAccessorImpl.java:77)
	at java.base/jdk.internal.reflect.DelegatingMethodAccessorImpl.invoke(DelegatingMethodAccessorImpl.java:43)
Caused by: com.kms.katalon.core.exception.StepFailedException: Web element with id: 'Object Repository/Shared_alert/success_alert' located by 'By.cssSelector: #app > div.content-wrapper > section.content > div' is present after '1' second(s)
	at com.kms.katalon.core.webui.keyword.internal.WebUIKeywordMain.stepFailed(WebUIKeywordMain.groovy:64)
	at com.kms.katalon.core.webui.keyword.internal.WebUIKeywordMain$stepFailed$0.call(Unknown Source)
	at com.kms.katalon.core.webui.keyword.builtin.VerifyElementNotPresentKeyword$_verifyElementNotPresent_closure1.doCall(VerifyElementNotPresentKeyword.groovy:113)
	at com.kms.katalon.core.webui.keyword.builtin.VerifyElementNotPresentKeyword$_verifyElementNotPresent_closure1.doCall(VerifyElementNotPresentKeyword.groovy)
	at java.base/jdk.internal.reflect.NativeMethodAccessorImpl.invoke0(Native Method)
	at java.base/jdk.internal.reflect.NativeMethodAccessorImpl.invoke(NativeMethodAccessorImpl.java:77)
	at java.base/jdk.internal.reflect.DelegatingMethodAccessorImpl.invoke(DelegatingMethodAccessorImpl.java:43)
	at com.kms.katalon.core.webui.keyword.internal.WebUIKeywordMain.runKeyword(WebUIKeywordMain.groovy:20)
	... 21 more
)

01-01-2024T23:11:09 - [TEST_STEP][PASSED] - verifyElementPresent(findTestObject("Shared_alert/text_dangers"), 1): Object 'Object Repository/Shared_alert/text_dangers' is present

01-01-2024T23:11:09 - [MESSAGE][PASSED] - Object 'Object Repository/Shared_alert/text_dangers' is present

01-01-2024T23:11:09 - [TEST_STEP][FAILED] - verifyElementNotPresent(findTestObject("Shared_alert/success_alert"), 1): Unable to verify object 'Object Repository/Shared_alert/success_alert' is not present (Root cause: com.kms.katalon.core.exception.StepFailedException: Unable to verify object 'Object Repository/Shared_alert/success_alert' is not present
	at com.kms.katalon.core.webui.keyword.internal.WebUIKeywordMain.stepFailed(WebUIKeywordMain.groovy:64)
	at com.kms.katalon.core.webui.keyword.internal.WebUIKeywordMain.runKeyword(WebUIKeywordMain.groovy:26)
	at com.kms.katalon.core.webui.keyword.internal.WebUIKeywordMain$runKeyword.call(Unknown Source)
	at com.kms.katalon.core.webui.keyword.builtin.VerifyElementNotPresentKeyword.verifyElementNotPresent(VerifyElementNotPresentKeyword.groovy:122)
	at com.kms.katalon.core.webui.keyword.builtin.VerifyElementNotPresentKeyword.execute(VerifyElementNotPresentKeyword.groovy:68)
	at com.kms.katalon.core.keyword.internal.KeywordExecutor.executeKeywordForPlatform(KeywordExecutor.groovy:74)
	at com.kms.katalon.core.webui.keyword.WebUiBuiltInKeywords.verifyElementNotPresent(WebUiBuiltInKeywords.groovy:1536)
	at Piggy Bank.run(Piggy Bank:64)
	at com.kms.katalon.core.main.ScriptEngine.run(ScriptEngine.java:194)
	at com.kms.katalon.core.main.ScriptEngine.runScriptAsRawText(ScriptEngine.java:119)
	at com.kms.katalon.core.main.TestCaseExecutor.runScript(TestCaseExecutor.java:448)
	at com.kms.katalon.core.main.TestCaseExecutor.doExecute(TestCaseExecutor.java:439)
	at com.kms.katalon.core.main.TestCaseExecutor.processExecutionPhase(TestCaseExecutor.java:418)
	at com.kms.katalon.core.main.TestCaseExecutor.accessMainPhase(TestCaseExecutor.java:410)
	at com.kms.katalon.core.main.TestCaseExecutor.execute(TestCaseExecutor.java:285)
	at com.kms.katalon.core.common.CommonExecutor.accessTestCaseMainPhase(CommonExecutor.java:65)
	at com.kms.katalon.core.main.TestSuiteExecutor.accessTestSuiteMainPhase(TestSuiteExecutor.java:148)
	at com.kms.katalon.core.main.TestSuiteExecutor.execute(TestSuiteExecutor.java:106)
	at com.kms.katalon.core.main.TestCaseMain.startTestSuite(TestCaseMain.java:180)
	at TempTestSuite1704125292372.run(TempTestSuite1704125292372.groovy:36)
	at java.base/jdk.internal.reflect.NativeMethodAccessorImpl.invoke0(Native Method)
	at java.base/jdk.internal.reflect.NativeMethodAccessorImpl.invoke(NativeMethodAccessorImpl.java:77)
	at java.base/jdk.internal.reflect.DelegatingMethodAccessorImpl.invoke(DelegatingMethodAccessorImpl.java:43)
Caused by: com.kms.katalon.core.exception.StepFailedException: Web element with id: 'Object Repository/Shared_alert/success_alert' located by 'By.cssSelector: #app > div.content-wrapper > section.content > div' is present after '1' second(s)
	at com.kms.katalon.core.webui.keyword.internal.WebUIKeywordMain.stepFailed(WebUIKeywordMain.groovy:64)
	at com.kms.katalon.core.webui.keyword.internal.WebUIKeywordMain$stepFailed$0.call(Unknown Source)
	at com.kms.katalon.core.webui.keyword.builtin.VerifyElementNotPresentKeyword$_verifyElementNotPresent_closure1.doCall(VerifyElementNotPresentKeyword.groovy:113)
	at com.kms.katalon.core.webui.keyword.builtin.VerifyElementNotPresentKeyword$_verifyElementNotPresent_closure1.doCall(VerifyElementNotPresentKeyword.groovy)
	at java.base/jdk.internal.reflect.NativeMethodAccessorImpl.invoke0(Native Method)
	at java.base/jdk.internal.reflect.NativeMethodAccessorImpl.invoke(NativeMethodAccessorImpl.java:77)
	at java.base/jdk.internal.reflect.DelegatingMethodAccessorImpl.invoke(DelegatingMethodAccessorImpl.java:43)
	at com.kms.katalon.core.webui.keyword.internal.WebUIKeywordMain.runKeyword(WebUIKeywordMain.groovy:20)
	... 21 more
)

01-01-2024T23:11:10 - [MESSAGE][FAILED] - Web element with id: 'Object Repository/Shared_alert/success_alert' located by 'By.cssSelector: #app > div.content-wrapper > section.content > div' is present after '1' second(s) (Root cause: com.kms.katalon.core.exception.StepFailedException: Web element with id: 'Object Repository/Shared_alert/success_alert' located by 'By.cssSelector: #app > div.content-wrapper > section.content > div' is present after '1' second(s)
	at com.kms.katalon.core.webui.keyword.internal.WebUIKeywordMain.stepFailed(WebUIKeywordMain.groovy:64)
	at com.kms.katalon.core.webui.keyword.internal.WebUIKeywordMain$stepFailed$0.call(Unknown Source)
	at com.kms.katalon.core.webui.keyword.builtin.VerifyElementNotPresentKeyword$_verifyElementNotPresent_closure1.doCall(VerifyElementNotPresentKeyword.groovy:113)
	at com.kms.katalon.core.webui.keyword.builtin.VerifyElementNotPresentKeyword$_verifyElementNotPresent_closure1.doCall(VerifyElementNotPresentKeyword.groovy)
	at java.base/jdk.internal.reflect.NativeMethodAccessorImpl.invoke0(Native Method)
	at java.base/jdk.internal.reflect.NativeMethodAccessorImpl.invoke(NativeMethodAccessorImpl.java:77)
	at java.base/jdk.internal.reflect.DelegatingMethodAccessorImpl.invoke(DelegatingMethodAccessorImpl.java:43)
	at com.kms.katalon.core.webui.keyword.internal.WebUIKeywordMain.runKeyword(WebUIKeywordMain.groovy:20)
	at com.kms.katalon.core.webui.keyword.internal.WebUIKeywordMain$runKeyword.call(Unknown Source)
	at com.kms.katalon.core.webui.keyword.builtin.VerifyElementNotPresentKeyword.verifyElementNotPresent(VerifyElementNotPresentKeyword.groovy:122)
	at com.kms.katalon.core.webui.keyword.builtin.VerifyElementNotPresentKeyword.execute(VerifyElementNotPresentKeyword.groovy:68)
	at com.kms.katalon.core.keyword.internal.KeywordExecutor.executeKeywordForPlatform(KeywordExecutor.groovy:74)
	at com.kms.katalon.core.webui.keyword.WebUiBuiltInKeywords.verifyElementNotPresent(WebUiBuiltInKeywords.groovy:1536)
	at Piggy Bank.run(Piggy Bank:64)
	at com.kms.katalon.core.main.ScriptEngine.run(ScriptEngine.java:194)
	at com.kms.katalon.core.main.ScriptEngine.runScriptAsRawText(ScriptEngine.java:119)
	at com.kms.katalon.core.main.TestCaseExecutor.runScript(TestCaseExecutor.java:448)
	at com.kms.katalon.core.main.TestCaseExecutor.doExecute(TestCaseExecutor.java:439)
	at com.kms.katalon.core.main.TestCaseExecutor.processExecutionPhase(TestCaseExecutor.java:418)
	at com.kms.katalon.core.main.TestCaseExecutor.accessMainPhase(TestCaseExecutor.java:410)
	at com.kms.katalon.core.main.TestCaseExecutor.execute(TestCaseExecutor.java:285)
	at com.kms.katalon.core.common.CommonExecutor.accessTestCaseMainPhase(CommonExecutor.java:65)
	at com.kms.katalon.core.main.TestSuiteExecutor.accessTestSuiteMainPhase(TestSuiteExecutor.java:148)
	at com.kms.katalon.core.main.TestSuiteExecutor.execute(TestSuiteExecutor.java:106)
	at com.kms.katalon.core.main.TestCaseMain.startTestSuite(TestCaseMain.java:180)
	at TempTestSuite1704125292372.run(TempTestSuite1704125292372.groovy:36)
	at java.base/jdk.internal.reflect.NativeMethodAccessorImpl.invoke0(Native Method)
	at java.base/jdk.internal.reflect.NativeMethodAccessorImpl.invoke(NativeMethodAccessorImpl.java:77)
	at java.base/jdk.internal.reflect.DelegatingMethodAccessorImpl.invoke(DelegatingMethodAccessorImpl.java:43)
)
[[ATTACHMENT|C:\\Users\\MODERN 15\\git\\G1_Firefly_testing\\Reports\\20240101_230812\\Piggy Bank\\20240101_230812\\1704125470861.png]]

01-01-2024T23:11:11 - [MESSAGE][FAILED] - Unable to verify object 'Object Repository/Shared_alert/success_alert' is not present (Root cause: com.kms.katalon.core.exception.StepFailedException: Unable to verify object 'Object Repository/Shared_alert/success_alert' is not present
	at com.kms.katalon.core.webui.keyword.internal.WebUIKeywordMain.stepFailed(WebUIKeywordMain.groovy:64)
	at com.kms.katalon.core.webui.keyword.internal.WebUIKeywordMain.runKeyword(WebUIKeywordMain.groovy:26)
	at com.kms.katalon.core.webui.keyword.internal.WebUIKeywordMain$runKeyword.call(Unknown Source)
	at com.kms.katalon.core.webui.keyword.builtin.VerifyElementNotPresentKeyword.verifyElementNotPresent(VerifyElementNotPresentKeyword.groovy:122)
	at com.kms.katalon.core.webui.keyword.builtin.VerifyElementNotPresentKeyword.execute(VerifyElementNotPresentKeyword.groovy:68)
	at com.kms.katalon.core.keyword.internal.KeywordExecutor.executeKeywordForPlatform(KeywordExecutor.groovy:74)
	at com.kms.katalon.core.webui.keyword.WebUiBuiltInKeywords.verifyElementNotPresent(WebUiBuiltInKeywords.groovy:1536)
	at Piggy Bank.run(Piggy Bank:64)
	at com.kms.katalon.core.main.ScriptEngine.run(ScriptEngine.java:194)
	at com.kms.katalon.core.main.ScriptEngine.runScriptAsRawText(ScriptEngine.java:119)
	at com.kms.katalon.core.main.TestCaseExecutor.runScript(TestCaseExecutor.java:448)
	at com.kms.katalon.core.main.TestCaseExecutor.doExecute(TestCaseExecutor.java:439)
	at com.kms.katalon.core.main.TestCaseExecutor.processExecutionPhase(TestCaseExecutor.java:418)
	at com.kms.katalon.core.main.TestCaseExecutor.accessMainPhase(TestCaseExecutor.java:410)
	at com.kms.katalon.core.main.TestCaseExecutor.execute(TestCaseExecutor.java:285)
	at com.kms.katalon.core.common.CommonExecutor.accessTestCaseMainPhase(CommonExecutor.java:65)
	at com.kms.katalon.core.main.TestSuiteExecutor.accessTestSuiteMainPhase(TestSuiteExecutor.java:148)
	at com.kms.katalon.core.main.TestSuiteExecutor.execute(TestSuiteExecutor.java:106)
	at com.kms.katalon.core.main.TestCaseMain.startTestSuite(TestCaseMain.java:180)
	at TempTestSuite1704125292372.run(TempTestSuite1704125292372.groovy:36)
	at java.base/jdk.internal.reflect.NativeMethodAccessorImpl.invoke0(Native Method)
	at java.base/jdk.internal.reflect.NativeMethodAccessorImpl.invoke(NativeMethodAccessorImpl.java:77)
	at java.base/jdk.internal.reflect.DelegatingMethodAccessorImpl.invoke(DelegatingMethodAccessorImpl.java:43)
Caused by: com.kms.katalon.core.exception.StepFailedException: Web element with id: 'Object Repository/Shared_alert/success_alert' located by 'By.cssSelector: #app > div.content-wrapper > section.content > div' is present after '1' second(s)
	at com.kms.katalon.core.webui.keyword.internal.WebUIKeywordMain.stepFailed(WebUIKeywordMain.groovy:64)
	at com.kms.katalon.core.webui.keyword.internal.WebUIKeywordMain$stepFailed$0.call(Unknown Source)
	at com.kms.katalon.core.webui.keyword.builtin.VerifyElementNotPresentKeyword$_verifyElementNotPresent_closure1.doCall(VerifyElementNotPresentKeyword.groovy:113)
	at com.kms.katalon.core.webui.keyword.builtin.VerifyElementNotPresentKeyword$_verifyElementNotPresent_closure1.doCall(VerifyElementNotPresentKeyword.groovy)
	at java.base/jdk.internal.reflect.NativeMethodAccessorImpl.invoke0(Native Method)
	at java.base/jdk.internal.reflect.NativeMethodAccessorImpl.invoke(NativeMethodAccessorImpl.java:77)
	at java.base/jdk.internal.reflect.DelegatingMethodAccessorImpl.invoke(DelegatingMethodAccessorImpl.java:43)
	at com.kms.katalon.core.webui.keyword.internal.WebUIKeywordMain.runKeyword(WebUIKeywordMain.groovy:20)
	... 21 more
)
[[ATTACHMENT|C:\\Users\\MODERN 15\\git\\G1_Firefly_testing\\Reports\\20240101_230812\\Piggy Bank\\20240101_230812\\1704125470988.png]]

01-01-2024T23:11:11 - [TEST_STEP][PASSED] - catch (Exception err): null

01-01-2024T23:11:11 - [TEST_STEP][PASSED] - verifyElementPresent(findTestObject("Shared_alert/success_alert"), 1): Object 'Object Repository/Shared_alert/success_alert' is present

01-01-2024T23:11:11 - [MESSAGE][PASSED] - Object 'Object Repository/Shared_alert/success_alert' is present

01-01-2024T23:11:11 - [TEST_STEP][PASSED] - out.println("success"): null

01-01-2024T23:11:11 - [TEST_STEP][PASSED] - closeBrowser(): Browser is closed

01-01-2024T23:11:11 - [MESSAGE][PASSED] - Browser is closed]]></system-out>
         <system-err><![CDATA[]]></system-err>
      </testcase>
      <testcase name="Test Cases/Piggy Bank" time="18.716" classname="Test Cases/Piggy Bank" status="PASSED">
         <system-out><![CDATA[01-01-2024T23:11:11 - [TEST_CASE][PASSED] - Test Cases/Piggy Bank: Test Cases/Piggy Bank

01-01-2024T23:11:11 - [TEST_STEP][PASSED] - openBrowser(""): Browser is opened with url: ''

01-01-2024T23:11:11 - [MESSAGE][INFO] - Starting 'Chrome' driver

01-01-2024T23:11:11 - [MESSAGE][INFO] - Action delay is set to 0 milliseconds

01-01-2024T23:11:12 - [MESSAGE][PASSED] - Browser is opened with url: ''

01-01-2024T23:11:12 - [TEST_STEP][PASSED] - navigateToUrl("https://firefly.buudadawg.online/login"): Navigate to 'https://firefly.buudadawg.online/login' successfully

01-01-2024T23:11:15 - [MESSAGE][PASSED] - Navigate to 'https://firefly.buudadawg.online/login' successfully

01-01-2024T23:11:15 - [TEST_STEP][PASSED] - setText(findTestObject("Object Repository/Piggy Bank/Page_Login to Firefly III/input_email"), username): Text 'killermh1352@gmail.com' is set on object 'Object Repository/Piggy Bank/Page_Login to Firefly III/input_email'

01-01-2024T23:11:16 - [MESSAGE][PASSED] - Text 'killermh1352@gmail.com' is set on object 'Object Repository/Piggy Bank/Page_Login to Firefly III/input_email'

01-01-2024T23:11:16 - [TEST_STEP][PASSED] - setText(findTestObject("Object Repository/Piggy Bank/Page_Login to Firefly III/input_password"), password): Text 'tranvinhphuc2002' is set on object 'Object Repository/Piggy Bank/Page_Login to Firefly III/input_password'

01-01-2024T23:11:17 - [MESSAGE][PASSED] - Text 'tranvinhphuc2002' is set on object 'Object Repository/Piggy Bank/Page_Login to Firefly III/input_password'

01-01-2024T23:11:17 - [TEST_STEP][PASSED] - sendKeys(findTestObject("Object Repository/Piggy Bank/Page_Login to Firefly III/input_password"), Keys.chord(ENTER)): Keys 'ENTER + ' sent to object: 'Object Repository/Piggy Bank/Page_Login to Firefly III/input_password'

01-01-2024T23:11:17 - [MESSAGE][PASSED] - Keys 'ENTER + ' sent to object: 'Object Repository/Piggy Bank/Page_Login to Firefly III/input_password'

01-01-2024T23:11:17 - [TEST_STEP][PASSED] - click(findTestObject("Object Repository/Piggy Bank/Page_Whats playing  Firefly III/a_Piggy banks")): Object: 'Object Repository/Piggy Bank/Page_Whats playing  Firefly III/a_Piggy banks' is clicked on

01-01-2024T23:11:20 - [MESSAGE][PASSED] - Object: 'Object Repository/Piggy Bank/Page_Whats playing  Firefly III/a_Piggy banks' is clicked on

01-01-2024T23:11:20 - [TEST_STEP][PASSED] - click(findTestObject("Piggy Bank/Page_Piggy banks  Firefly III/a_Create new piggy bank")): Object: 'Object Repository/Piggy Bank/Page_Piggy banks  Firefly III/a_Create new piggy bank' is clicked on

01-01-2024T23:11:21 - [MESSAGE][PASSED] - Object: 'Object Repository/Piggy Bank/Page_Piggy banks  Firefly III/a_Create new piggy bank' is clicked on

01-01-2024T23:11:21 - [TEST_STEP][PASSED] - setText(findTestObject("Object Repository/Piggy Bank/Page_New piggy bank  Piggy banks  Firefly III/input_name"), name): Text 'Comerica Incorporated' is set on object 'Object Repository/Piggy Bank/Page_New piggy bank  Piggy banks  Firefly III/input_name'

01-01-2024T23:11:21 - [MESSAGE][PASSED] - Text 'Comerica Incorporated' is set on object 'Object Repository/Piggy Bank/Page_New piggy bank  Piggy banks  Firefly III/input_name'

01-01-2024T23:11:21 - [TEST_STEP][PASSED] - selectOptionByLabel(findTestObject("Object Repository/Piggy Bank/Page_New piggy bank  Piggy banks  Firefly III/select_My Savings AccountMy Asset Account"), save_on_account, true): All options with label 'My Asset Account' are selected in object 'Object Repository/Piggy Bank/Page_New piggy bank  Piggy banks  Firefly III/select_My Savings AccountMy Asset Account'  using regular expression

01-01-2024T23:11:22 - [MESSAGE][PASSED] - All options with label 'My Asset Account' are selected in object 'Object Repository/Piggy Bank/Page_New piggy bank  Piggy banks  Firefly III/select_My Savings AccountMy Asset Account'  using regular expression

01-01-2024T23:11:22 - [TEST_STEP][PASSED] - setText(findTestObject("Object Repository/Piggy Bank/Page_New piggy bank  Piggy banks  Firefly III/input_targetamount"), target_amount): Text '88658' is set on object 'Object Repository/Piggy Bank/Page_New piggy bank  Piggy banks  Firefly III/input_targetamount'

01-01-2024T23:11:23 - [MESSAGE][PASSED] - Text '88658' is set on object 'Object Repository/Piggy Bank/Page_New piggy bank  Piggy banks  Firefly III/input_targetamount'

01-01-2024T23:11:23 - [TEST_STEP][PASSED] - setText(findTestObject("Object Repository/Piggy Bank/Page_New piggy bank  Piggy banks  Firefly III/textarea_notes"), notes): Text 'erat id mauris vulputate elementum nullam varius nulla facilisi cras non velit nec nisi vulputate nonummy maecenas tincidunt lacus at velit vivamus vel nulla eget eros elementum pellentesque quisque' is set on object 'Object Repository/Piggy Bank/Page_New piggy bank  Piggy banks  Firefly III/textarea_notes'

01-01-2024T23:11:24 - [MESSAGE][PASSED] - Text 'erat id mauris vulputate elementum nullam varius nulla facilisi cras non velit nec nisi vulputate nonummy maecenas tincidunt lacus at velit vivamus vel nulla eget eros elementum pellentesque quisque' is set on object 'Object Repository/Piggy Bank/Page_New piggy bank  Piggy banks  Firefly III/textarea_notes'

01-01-2024T23:11:24 - [TEST_STEP][PASSED] - setText(findTestObject("Object Repository/Piggy Bank/Page_New piggy bank  Piggy banks  Firefly III/input_object_group"), group): Text '' is set on object 'Object Repository/Piggy Bank/Page_New piggy bank  Piggy banks  Firefly III/input_object_group'

01-01-2024T23:11:25 - [MESSAGE][PASSED] - Text '' is set on object 'Object Repository/Piggy Bank/Page_New piggy bank  Piggy banks  Firefly III/input_object_group'

01-01-2024T23:11:25 - [TEST_STEP][PASSED] - setText(findTestObject("Piggy Bank/Page_New piggy bank  Piggy banks  Firefly III/input_date"), target_date): Text '' is set on object 'Object Repository/Piggy Bank/Page_New piggy bank  Piggy banks  Firefly III/input_date'

01-01-2024T23:11:25 - [MESSAGE][PASSED] - Text '' is set on object 'Object Repository/Piggy Bank/Page_New piggy bank  Piggy banks  Firefly III/input_date'

01-01-2024T23:11:25 - [TEST_STEP][PASSED] - if (attachment): null

01-01-2024T23:11:25 - [TEST_STEP][PASSED] - click(findTestObject("Object Repository/Piggy Bank/Page_New piggy bank  Piggy banks  Firefly III/div_Mandatory fields                       _ed7e9e")): Object: 'Object Repository/Piggy Bank/Page_New piggy bank  Piggy banks  Firefly III/div_Mandatory fields                       _ed7e9e' is clicked on

01-01-2024T23:11:26 - [MESSAGE][PASSED] - Object: 'Object Repository/Piggy Bank/Page_New piggy bank  Piggy banks  Firefly III/div_Mandatory fields                       _ed7e9e' is clicked on

01-01-2024T23:11:26 - [TEST_STEP][PASSED] - click(findTestObject("Object Repository/Piggy Bank/Page_New piggy bank  Piggy banks  Firefly III/button_Store new piggy bank")): Object: 'Object Repository/Piggy Bank/Page_New piggy bank  Piggy banks  Firefly III/button_Store new piggy bank' is clicked on

01-01-2024T23:11:28 - [MESSAGE][PASSED] - Object: 'Object Repository/Piggy Bank/Page_New piggy bank  Piggy banks  Firefly III/button_Store new piggy bank' is clicked on

01-01-2024T23:11:28 - [TEST_STEP][FAILED] - try: Unable to verify object 'Object Repository/Shared_alert/success_alert' is not present (Root cause: com.kms.katalon.core.exception.StepFailedException: Unable to verify object 'Object Repository/Shared_alert/success_alert' is not present
	at com.kms.katalon.core.webui.keyword.internal.WebUIKeywordMain.stepFailed(WebUIKeywordMain.groovy:64)
	at com.kms.katalon.core.webui.keyword.internal.WebUIKeywordMain.runKeyword(WebUIKeywordMain.groovy:26)
	at com.kms.katalon.core.webui.keyword.internal.WebUIKeywordMain$runKeyword.call(Unknown Source)
	at com.kms.katalon.core.webui.keyword.builtin.VerifyElementNotPresentKeyword.verifyElementNotPresent(VerifyElementNotPresentKeyword.groovy:122)
	at com.kms.katalon.core.webui.keyword.builtin.VerifyElementNotPresentKeyword.execute(VerifyElementNotPresentKeyword.groovy:68)
	at com.kms.katalon.core.keyword.internal.KeywordExecutor.executeKeywordForPlatform(KeywordExecutor.groovy:74)
	at com.kms.katalon.core.webui.keyword.WebUiBuiltInKeywords.verifyElementNotPresent(WebUiBuiltInKeywords.groovy:1536)
	at Piggy Bank.run(Piggy Bank:64)
	at com.kms.katalon.core.main.ScriptEngine.run(ScriptEngine.java:194)
	at com.kms.katalon.core.main.ScriptEngine.runScriptAsRawText(ScriptEngine.java:119)
	at com.kms.katalon.core.main.TestCaseExecutor.runScript(TestCaseExecutor.java:448)
	at com.kms.katalon.core.main.TestCaseExecutor.doExecute(TestCaseExecutor.java:439)
	at com.kms.katalon.core.main.TestCaseExecutor.processExecutionPhase(TestCaseExecutor.java:418)
	at com.kms.katalon.core.main.TestCaseExecutor.accessMainPhase(TestCaseExecutor.java:410)
	at com.kms.katalon.core.main.TestCaseExecutor.execute(TestCaseExecutor.java:285)
	at com.kms.katalon.core.common.CommonExecutor.accessTestCaseMainPhase(CommonExecutor.java:65)
	at com.kms.katalon.core.main.TestSuiteExecutor.accessTestSuiteMainPhase(TestSuiteExecutor.java:148)
	at com.kms.katalon.core.main.TestSuiteExecutor.execute(TestSuiteExecutor.java:106)
	at com.kms.katalon.core.main.TestCaseMain.startTestSuite(TestCaseMain.java:180)
	at TempTestSuite1704125292372.run(TempTestSuite1704125292372.groovy:36)
	at java.base/jdk.internal.reflect.NativeMethodAccessorImpl.invoke0(Native Method)
	at java.base/jdk.internal.reflect.NativeMethodAccessorImpl.invoke(NativeMethodAccessorImpl.java:77)
	at java.base/jdk.internal.reflect.DelegatingMethodAccessorImpl.invoke(DelegatingMethodAccessorImpl.java:43)
Caused by: com.kms.katalon.core.exception.StepFailedException: Web element with id: 'Object Repository/Shared_alert/success_alert' located by 'By.cssSelector: #app > div.content-wrapper > section.content > div' is present after '1' second(s)
	at com.kms.katalon.core.webui.keyword.internal.WebUIKeywordMain.stepFailed(WebUIKeywordMain.groovy:64)
	at com.kms.katalon.core.webui.keyword.internal.WebUIKeywordMain$stepFailed$0.call(Unknown Source)
	at com.kms.katalon.core.webui.keyword.builtin.VerifyElementNotPresentKeyword$_verifyElementNotPresent_closure1.doCall(VerifyElementNotPresentKeyword.groovy:113)
	at com.kms.katalon.core.webui.keyword.builtin.VerifyElementNotPresentKeyword$_verifyElementNotPresent_closure1.doCall(VerifyElementNotPresentKeyword.groovy)
	at java.base/jdk.internal.reflect.NativeMethodAccessorImpl.invoke0(Native Method)
	at java.base/jdk.internal.reflect.NativeMethodAccessorImpl.invoke(NativeMethodAccessorImpl.java:77)
	at java.base/jdk.internal.reflect.DelegatingMethodAccessorImpl.invoke(DelegatingMethodAccessorImpl.java:43)
	at com.kms.katalon.core.webui.keyword.internal.WebUIKeywordMain.runKeyword(WebUIKeywordMain.groovy:20)
	... 21 more
)

01-01-2024T23:11:28 - [TEST_STEP][PASSED] - verifyElementPresent(findTestObject("Shared_alert/text_dangers"), 1): Object 'Object Repository/Shared_alert/text_dangers' is present

01-01-2024T23:11:28 - [MESSAGE][PASSED] - Object 'Object Repository/Shared_alert/text_dangers' is present

01-01-2024T23:11:28 - [TEST_STEP][FAILED] - verifyElementNotPresent(findTestObject("Shared_alert/success_alert"), 1): Unable to verify object 'Object Repository/Shared_alert/success_alert' is not present (Root cause: com.kms.katalon.core.exception.StepFailedException: Unable to verify object 'Object Repository/Shared_alert/success_alert' is not present
	at com.kms.katalon.core.webui.keyword.internal.WebUIKeywordMain.stepFailed(WebUIKeywordMain.groovy:64)
	at com.kms.katalon.core.webui.keyword.internal.WebUIKeywordMain.runKeyword(WebUIKeywordMain.groovy:26)
	at com.kms.katalon.core.webui.keyword.internal.WebUIKeywordMain$runKeyword.call(Unknown Source)
	at com.kms.katalon.core.webui.keyword.builtin.VerifyElementNotPresentKeyword.verifyElementNotPresent(VerifyElementNotPresentKeyword.groovy:122)
	at com.kms.katalon.core.webui.keyword.builtin.VerifyElementNotPresentKeyword.execute(VerifyElementNotPresentKeyword.groovy:68)
	at com.kms.katalon.core.keyword.internal.KeywordExecutor.executeKeywordForPlatform(KeywordExecutor.groovy:74)
	at com.kms.katalon.core.webui.keyword.WebUiBuiltInKeywords.verifyElementNotPresent(WebUiBuiltInKeywords.groovy:1536)
	at Piggy Bank.run(Piggy Bank:64)
	at com.kms.katalon.core.main.ScriptEngine.run(ScriptEngine.java:194)
	at com.kms.katalon.core.main.ScriptEngine.runScriptAsRawText(ScriptEngine.java:119)
	at com.kms.katalon.core.main.TestCaseExecutor.runScript(TestCaseExecutor.java:448)
	at com.kms.katalon.core.main.TestCaseExecutor.doExecute(TestCaseExecutor.java:439)
	at com.kms.katalon.core.main.TestCaseExecutor.processExecutionPhase(TestCaseExecutor.java:418)
	at com.kms.katalon.core.main.TestCaseExecutor.accessMainPhase(TestCaseExecutor.java:410)
	at com.kms.katalon.core.main.TestCaseExecutor.execute(TestCaseExecutor.java:285)
	at com.kms.katalon.core.common.CommonExecutor.accessTestCaseMainPhase(CommonExecutor.java:65)
	at com.kms.katalon.core.main.TestSuiteExecutor.accessTestSuiteMainPhase(TestSuiteExecutor.java:148)
	at com.kms.katalon.core.main.TestSuiteExecutor.execute(TestSuiteExecutor.java:106)
	at com.kms.katalon.core.main.TestCaseMain.startTestSuite(TestCaseMain.java:180)
	at TempTestSuite1704125292372.run(TempTestSuite1704125292372.groovy:36)
	at java.base/jdk.internal.reflect.NativeMethodAccessorImpl.invoke0(Native Method)
	at java.base/jdk.internal.reflect.NativeMethodAccessorImpl.invoke(NativeMethodAccessorImpl.java:77)
	at java.base/jdk.internal.reflect.DelegatingMethodAccessorImpl.invoke(DelegatingMethodAccessorImpl.java:43)
Caused by: com.kms.katalon.core.exception.StepFailedException: Web element with id: 'Object Repository/Shared_alert/success_alert' located by 'By.cssSelector: #app > div.content-wrapper > section.content > div' is present after '1' second(s)
	at com.kms.katalon.core.webui.keyword.internal.WebUIKeywordMain.stepFailed(WebUIKeywordMain.groovy:64)
	at com.kms.katalon.core.webui.keyword.internal.WebUIKeywordMain$stepFailed$0.call(Unknown Source)
	at com.kms.katalon.core.webui.keyword.builtin.VerifyElementNotPresentKeyword$_verifyElementNotPresent_closure1.doCall(VerifyElementNotPresentKeyword.groovy:113)
	at com.kms.katalon.core.webui.keyword.builtin.VerifyElementNotPresentKeyword$_verifyElementNotPresent_closure1.doCall(VerifyElementNotPresentKeyword.groovy)
	at java.base/jdk.internal.reflect.NativeMethodAccessorImpl.invoke0(Native Method)
	at java.base/jdk.internal.reflect.NativeMethodAccessorImpl.invoke(NativeMethodAccessorImpl.java:77)
	at java.base/jdk.internal.reflect.DelegatingMethodAccessorImpl.invoke(DelegatingMethodAccessorImpl.java:43)
	at com.kms.katalon.core.webui.keyword.internal.WebUIKeywordMain.runKeyword(WebUIKeywordMain.groovy:20)
	... 21 more
)

01-01-2024T23:11:29 - [MESSAGE][FAILED] - Web element with id: 'Object Repository/Shared_alert/success_alert' located by 'By.cssSelector: #app > div.content-wrapper > section.content > div' is present after '1' second(s) (Root cause: com.kms.katalon.core.exception.StepFailedException: Web element with id: 'Object Repository/Shared_alert/success_alert' located by 'By.cssSelector: #app > div.content-wrapper > section.content > div' is present after '1' second(s)
	at com.kms.katalon.core.webui.keyword.internal.WebUIKeywordMain.stepFailed(WebUIKeywordMain.groovy:64)
	at com.kms.katalon.core.webui.keyword.internal.WebUIKeywordMain$stepFailed$0.call(Unknown Source)
	at com.kms.katalon.core.webui.keyword.builtin.VerifyElementNotPresentKeyword$_verifyElementNotPresent_closure1.doCall(VerifyElementNotPresentKeyword.groovy:113)
	at com.kms.katalon.core.webui.keyword.builtin.VerifyElementNotPresentKeyword$_verifyElementNotPresent_closure1.doCall(VerifyElementNotPresentKeyword.groovy)
	at java.base/jdk.internal.reflect.NativeMethodAccessorImpl.invoke0(Native Method)
	at java.base/jdk.internal.reflect.NativeMethodAccessorImpl.invoke(NativeMethodAccessorImpl.java:77)
	at java.base/jdk.internal.reflect.DelegatingMethodAccessorImpl.invoke(DelegatingMethodAccessorImpl.java:43)
	at com.kms.katalon.core.webui.keyword.internal.WebUIKeywordMain.runKeyword(WebUIKeywordMain.groovy:20)
	at com.kms.katalon.core.webui.keyword.internal.WebUIKeywordMain$runKeyword.call(Unknown Source)
	at com.kms.katalon.core.webui.keyword.builtin.VerifyElementNotPresentKeyword.verifyElementNotPresent(VerifyElementNotPresentKeyword.groovy:122)
	at com.kms.katalon.core.webui.keyword.builtin.VerifyElementNotPresentKeyword.execute(VerifyElementNotPresentKeyword.groovy:68)
	at com.kms.katalon.core.keyword.internal.KeywordExecutor.executeKeywordForPlatform(KeywordExecutor.groovy:74)
	at com.kms.katalon.core.webui.keyword.WebUiBuiltInKeywords.verifyElementNotPresent(WebUiBuiltInKeywords.groovy:1536)
	at Piggy Bank.run(Piggy Bank:64)
	at com.kms.katalon.core.main.ScriptEngine.run(ScriptEngine.java:194)
	at com.kms.katalon.core.main.ScriptEngine.runScriptAsRawText(ScriptEngine.java:119)
	at com.kms.katalon.core.main.TestCaseExecutor.runScript(TestCaseExecutor.java:448)
	at com.kms.katalon.core.main.TestCaseExecutor.doExecute(TestCaseExecutor.java:439)
	at com.kms.katalon.core.main.TestCaseExecutor.processExecutionPhase(TestCaseExecutor.java:418)
	at com.kms.katalon.core.main.TestCaseExecutor.accessMainPhase(TestCaseExecutor.java:410)
	at com.kms.katalon.core.main.TestCaseExecutor.execute(TestCaseExecutor.java:285)
	at com.kms.katalon.core.common.CommonExecutor.accessTestCaseMainPhase(CommonExecutor.java:65)
	at com.kms.katalon.core.main.TestSuiteExecutor.accessTestSuiteMainPhase(TestSuiteExecutor.java:148)
	at com.kms.katalon.core.main.TestSuiteExecutor.execute(TestSuiteExecutor.java:106)
	at com.kms.katalon.core.main.TestCaseMain.startTestSuite(TestCaseMain.java:180)
	at TempTestSuite1704125292372.run(TempTestSuite1704125292372.groovy:36)
	at java.base/jdk.internal.reflect.NativeMethodAccessorImpl.invoke0(Native Method)
	at java.base/jdk.internal.reflect.NativeMethodAccessorImpl.invoke(NativeMethodAccessorImpl.java:77)
	at java.base/jdk.internal.reflect.DelegatingMethodAccessorImpl.invoke(DelegatingMethodAccessorImpl.java:43)
)
[[ATTACHMENT|C:\\Users\\MODERN 15\\git\\G1_Firefly_testing\\Reports\\20240101_230812\\Piggy Bank\\20240101_230812\\1704125489632.png]]

01-01-2024T23:11:29 - [MESSAGE][FAILED] - Unable to verify object 'Object Repository/Shared_alert/success_alert' is not present (Root cause: com.kms.katalon.core.exception.StepFailedException: Unable to verify object 'Object Repository/Shared_alert/success_alert' is not present
	at com.kms.katalon.core.webui.keyword.internal.WebUIKeywordMain.stepFailed(WebUIKeywordMain.groovy:64)
	at com.kms.katalon.core.webui.keyword.internal.WebUIKeywordMain.runKeyword(WebUIKeywordMain.groovy:26)
	at com.kms.katalon.core.webui.keyword.internal.WebUIKeywordMain$runKeyword.call(Unknown Source)
	at com.kms.katalon.core.webui.keyword.builtin.VerifyElementNotPresentKeyword.verifyElementNotPresent(VerifyElementNotPresentKeyword.groovy:122)
	at com.kms.katalon.core.webui.keyword.builtin.VerifyElementNotPresentKeyword.execute(VerifyElementNotPresentKeyword.groovy:68)
	at com.kms.katalon.core.keyword.internal.KeywordExecutor.executeKeywordForPlatform(KeywordExecutor.groovy:74)
	at com.kms.katalon.core.webui.keyword.WebUiBuiltInKeywords.verifyElementNotPresent(WebUiBuiltInKeywords.groovy:1536)
	at Piggy Bank.run(Piggy Bank:64)
	at com.kms.katalon.core.main.ScriptEngine.run(ScriptEngine.java:194)
	at com.kms.katalon.core.main.ScriptEngine.runScriptAsRawText(ScriptEngine.java:119)
	at com.kms.katalon.core.main.TestCaseExecutor.runScript(TestCaseExecutor.java:448)
	at com.kms.katalon.core.main.TestCaseExecutor.doExecute(TestCaseExecutor.java:439)
	at com.kms.katalon.core.main.TestCaseExecutor.processExecutionPhase(TestCaseExecutor.java:418)
	at com.kms.katalon.core.main.TestCaseExecutor.accessMainPhase(TestCaseExecutor.java:410)
	at com.kms.katalon.core.main.TestCaseExecutor.execute(TestCaseExecutor.java:285)
	at com.kms.katalon.core.common.CommonExecutor.accessTestCaseMainPhase(CommonExecutor.java:65)
	at com.kms.katalon.core.main.TestSuiteExecutor.accessTestSuiteMainPhase(TestSuiteExecutor.java:148)
	at com.kms.katalon.core.main.TestSuiteExecutor.execute(TestSuiteExecutor.java:106)
	at com.kms.katalon.core.main.TestCaseMain.startTestSuite(TestCaseMain.java:180)
	at TempTestSuite1704125292372.run(TempTestSuite1704125292372.groovy:36)
	at java.base/jdk.internal.reflect.NativeMethodAccessorImpl.invoke0(Native Method)
	at java.base/jdk.internal.reflect.NativeMethodAccessorImpl.invoke(NativeMethodAccessorImpl.java:77)
	at java.base/jdk.internal.reflect.DelegatingMethodAccessorImpl.invoke(DelegatingMethodAccessorImpl.java:43)
Caused by: com.kms.katalon.core.exception.StepFailedException: Web element with id: 'Object Repository/Shared_alert/success_alert' located by 'By.cssSelector: #app > div.content-wrapper > section.content > div' is present after '1' second(s)
	at com.kms.katalon.core.webui.keyword.internal.WebUIKeywordMain.stepFailed(WebUIKeywordMain.groovy:64)
	at com.kms.katalon.core.webui.keyword.internal.WebUIKeywordMain$stepFailed$0.call(Unknown Source)
	at com.kms.katalon.core.webui.keyword.builtin.VerifyElementNotPresentKeyword$_verifyElementNotPresent_closure1.doCall(VerifyElementNotPresentKeyword.groovy:113)
	at com.kms.katalon.core.webui.keyword.builtin.VerifyElementNotPresentKeyword$_verifyElementNotPresent_closure1.doCall(VerifyElementNotPresentKeyword.groovy)
	at java.base/jdk.internal.reflect.NativeMethodAccessorImpl.invoke0(Native Method)
	at java.base/jdk.internal.reflect.NativeMethodAccessorImpl.invoke(NativeMethodAccessorImpl.java:77)
	at java.base/jdk.internal.reflect.DelegatingMethodAccessorImpl.invoke(DelegatingMethodAccessorImpl.java:43)
	at com.kms.katalon.core.webui.keyword.internal.WebUIKeywordMain.runKeyword(WebUIKeywordMain.groovy:20)
	... 21 more
)
[[ATTACHMENT|C:\\Users\\MODERN 15\\git\\G1_Firefly_testing\\Reports\\20240101_230812\\Piggy Bank\\20240101_230812\\1704125489759.png]]

01-01-2024T23:11:29 - [TEST_STEP][PASSED] - catch (Exception err): null

01-01-2024T23:11:29 - [TEST_STEP][PASSED] - verifyElementPresent(findTestObject("Shared_alert/success_alert"), 1): Object 'Object Repository/Shared_alert/success_alert' is present

01-01-2024T23:11:30 - [MESSAGE][PASSED] - Object 'Object Repository/Shared_alert/success_alert' is present

01-01-2024T23:11:30 - [TEST_STEP][PASSED] - out.println("success"): null

01-01-2024T23:11:30 - [TEST_STEP][PASSED] - closeBrowser(): Browser is closed

01-01-2024T23:11:30 - [MESSAGE][PASSED] - Browser is closed]]></system-out>
         <system-err><![CDATA[]]></system-err>
      </testcase>
      <testcase name="Test Cases/Piggy Bank" time="18.002" classname="Test Cases/Piggy Bank" status="PASSED">
         <system-out><![CDATA[01-01-2024T23:11:30 - [TEST_CASE][PASSED] - Test Cases/Piggy Bank: Test Cases/Piggy Bank

01-01-2024T23:11:30 - [TEST_STEP][PASSED] - openBrowser(""): Browser is opened with url: ''

01-01-2024T23:11:30 - [MESSAGE][INFO] - Starting 'Chrome' driver

01-01-2024T23:11:30 - [MESSAGE][INFO] - Action delay is set to 0 milliseconds

01-01-2024T23:11:31 - [MESSAGE][PASSED] - Browser is opened with url: ''

01-01-2024T23:11:31 - [TEST_STEP][PASSED] - navigateToUrl("https://firefly.buudadawg.online/login"): Navigate to 'https://firefly.buudadawg.online/login' successfully

01-01-2024T23:11:34 - [MESSAGE][PASSED] - Navigate to 'https://firefly.buudadawg.online/login' successfully

01-01-2024T23:11:34 - [TEST_STEP][PASSED] - setText(findTestObject("Object Repository/Piggy Bank/Page_Login to Firefly III/input_email"), username): Text 'killermh1352@gmail.com' is set on object 'Object Repository/Piggy Bank/Page_Login to Firefly III/input_email'

01-01-2024T23:11:35 - [MESSAGE][PASSED] - Text 'killermh1352@gmail.com' is set on object 'Object Repository/Piggy Bank/Page_Login to Firefly III/input_email'

01-01-2024T23:11:35 - [TEST_STEP][PASSED] - setText(findTestObject("Object Repository/Piggy Bank/Page_Login to Firefly III/input_password"), password): Text 'tranvinhphuc2002' is set on object 'Object Repository/Piggy Bank/Page_Login to Firefly III/input_password'

01-01-2024T23:11:35 - [MESSAGE][PASSED] - Text 'tranvinhphuc2002' is set on object 'Object Repository/Piggy Bank/Page_Login to Firefly III/input_password'

01-01-2024T23:11:35 - [TEST_STEP][PASSED] - sendKeys(findTestObject("Object Repository/Piggy Bank/Page_Login to Firefly III/input_password"), Keys.chord(ENTER)): Keys 'ENTER + ' sent to object: 'Object Repository/Piggy Bank/Page_Login to Firefly III/input_password'

01-01-2024T23:11:36 - [MESSAGE][PASSED] - Keys 'ENTER + ' sent to object: 'Object Repository/Piggy Bank/Page_Login to Firefly III/input_password'

01-01-2024T23:11:36 - [TEST_STEP][PASSED] - click(findTestObject("Object Repository/Piggy Bank/Page_Whats playing  Firefly III/a_Piggy banks")): Object: 'Object Repository/Piggy Bank/Page_Whats playing  Firefly III/a_Piggy banks' is clicked on

01-01-2024T23:11:39 - [MESSAGE][PASSED] - Object: 'Object Repository/Piggy Bank/Page_Whats playing  Firefly III/a_Piggy banks' is clicked on

01-01-2024T23:11:39 - [TEST_STEP][PASSED] - click(findTestObject("Piggy Bank/Page_Piggy banks  Firefly III/a_Create new piggy bank")): Object: 'Object Repository/Piggy Bank/Page_Piggy banks  Firefly III/a_Create new piggy bank' is clicked on

01-01-2024T23:11:39 - [MESSAGE][PASSED] - Object: 'Object Repository/Piggy Bank/Page_Piggy banks  Firefly III/a_Create new piggy bank' is clicked on

01-01-2024T23:11:39 - [TEST_STEP][PASSED] - setText(findTestObject("Object Repository/Piggy Bank/Page_New piggy bank  Piggy banks  Firefly III/input_name"), name): Text 'Entravision Communications Corporation' is set on object 'Object Repository/Piggy Bank/Page_New piggy bank  Piggy banks  Firefly III/input_name'

01-01-2024T23:11:40 - [MESSAGE][PASSED] - Text 'Entravision Communications Corporation' is set on object 'Object Repository/Piggy Bank/Page_New piggy bank  Piggy banks  Firefly III/input_name'

01-01-2024T23:11:40 - [TEST_STEP][PASSED] - selectOptionByLabel(findTestObject("Object Repository/Piggy Bank/Page_New piggy bank  Piggy banks  Firefly III/select_My Savings AccountMy Asset Account"), save_on_account, true): All options with label 'My Savings Account' are selected in object 'Object Repository/Piggy Bank/Page_New piggy bank  Piggy banks  Firefly III/select_My Savings AccountMy Asset Account'  using regular expression

01-01-2024T23:11:41 - [MESSAGE][PASSED] - All options with label 'My Savings Account' are selected in object 'Object Repository/Piggy Bank/Page_New piggy bank  Piggy banks  Firefly III/select_My Savings AccountMy Asset Account'  using regular expression

01-01-2024T23:11:41 - [TEST_STEP][PASSED] - setText(findTestObject("Object Repository/Piggy Bank/Page_New piggy bank  Piggy banks  Firefly III/input_targetamount"), target_amount): Text '37398' is set on object 'Object Repository/Piggy Bank/Page_New piggy bank  Piggy banks  Firefly III/input_targetamount'

01-01-2024T23:11:42 - [MESSAGE][PASSED] - Text '37398' is set on object 'Object Repository/Piggy Bank/Page_New piggy bank  Piggy banks  Firefly III/input_targetamount'

01-01-2024T23:11:42 - [TEST_STEP][PASSED] - setText(findTestObject("Object Repository/Piggy Bank/Page_New piggy bank  Piggy banks  Firefly III/textarea_notes"), notes): Text '' is set on object 'Object Repository/Piggy Bank/Page_New piggy bank  Piggy banks  Firefly III/textarea_notes'

01-01-2024T23:11:42 - [MESSAGE][PASSED] - Text '' is set on object 'Object Repository/Piggy Bank/Page_New piggy bank  Piggy banks  Firefly III/textarea_notes'

01-01-2024T23:11:42 - [TEST_STEP][PASSED] - setText(findTestObject("Object Repository/Piggy Bank/Page_New piggy bank  Piggy banks  Firefly III/input_object_group"), group): Text '' is set on object 'Object Repository/Piggy Bank/Page_New piggy bank  Piggy banks  Firefly III/input_object_group'

01-01-2024T23:11:43 - [MESSAGE][PASSED] - Text '' is set on object 'Object Repository/Piggy Bank/Page_New piggy bank  Piggy banks  Firefly III/input_object_group'

01-01-2024T23:11:43 - [TEST_STEP][PASSED] - setText(findTestObject("Piggy Bank/Page_New piggy bank  Piggy banks  Firefly III/input_date"), target_date): Text '' is set on object 'Object Repository/Piggy Bank/Page_New piggy bank  Piggy banks  Firefly III/input_date'

01-01-2024T23:11:44 - [MESSAGE][PASSED] - Text '' is set on object 'Object Repository/Piggy Bank/Page_New piggy bank  Piggy banks  Firefly III/input_date'

01-01-2024T23:11:44 - [TEST_STEP][PASSED] - if (attachment): null

01-01-2024T23:11:44 - [TEST_STEP][PASSED] - click(findTestObject("Object Repository/Piggy Bank/Page_New piggy bank  Piggy banks  Firefly III/div_Mandatory fields                       _ed7e9e")): Object: 'Object Repository/Piggy Bank/Page_New piggy bank  Piggy banks  Firefly III/div_Mandatory fields                       _ed7e9e' is clicked on

01-01-2024T23:11:44 - [MESSAGE][PASSED] - Object: 'Object Repository/Piggy Bank/Page_New piggy bank  Piggy banks  Firefly III/div_Mandatory fields                       _ed7e9e' is clicked on

01-01-2024T23:11:44 - [TEST_STEP][PASSED] - click(findTestObject("Object Repository/Piggy Bank/Page_New piggy bank  Piggy banks  Firefly III/button_Store new piggy bank")): Object: 'Object Repository/Piggy Bank/Page_New piggy bank  Piggy banks  Firefly III/button_Store new piggy bank' is clicked on

01-01-2024T23:11:46 - [MESSAGE][PASSED] - Object: 'Object Repository/Piggy Bank/Page_New piggy bank  Piggy banks  Firefly III/button_Store new piggy bank' is clicked on

01-01-2024T23:11:46 - [TEST_STEP][FAILED] - try: Unable to verify object 'Object Repository/Shared_alert/success_alert' is not present (Root cause: com.kms.katalon.core.exception.StepFailedException: Unable to verify object 'Object Repository/Shared_alert/success_alert' is not present
	at com.kms.katalon.core.webui.keyword.internal.WebUIKeywordMain.stepFailed(WebUIKeywordMain.groovy:64)
	at com.kms.katalon.core.webui.keyword.internal.WebUIKeywordMain.runKeyword(WebUIKeywordMain.groovy:26)
	at com.kms.katalon.core.webui.keyword.internal.WebUIKeywordMain$runKeyword.call(Unknown Source)
	at com.kms.katalon.core.webui.keyword.builtin.VerifyElementNotPresentKeyword.verifyElementNotPresent(VerifyElementNotPresentKeyword.groovy:122)
	at com.kms.katalon.core.webui.keyword.builtin.VerifyElementNotPresentKeyword.execute(VerifyElementNotPresentKeyword.groovy:68)
	at com.kms.katalon.core.keyword.internal.KeywordExecutor.executeKeywordForPlatform(KeywordExecutor.groovy:74)
	at com.kms.katalon.core.webui.keyword.WebUiBuiltInKeywords.verifyElementNotPresent(WebUiBuiltInKeywords.groovy:1536)
	at Piggy Bank.run(Piggy Bank:64)
	at com.kms.katalon.core.main.ScriptEngine.run(ScriptEngine.java:194)
	at com.kms.katalon.core.main.ScriptEngine.runScriptAsRawText(ScriptEngine.java:119)
	at com.kms.katalon.core.main.TestCaseExecutor.runScript(TestCaseExecutor.java:448)
	at com.kms.katalon.core.main.TestCaseExecutor.doExecute(TestCaseExecutor.java:439)
	at com.kms.katalon.core.main.TestCaseExecutor.processExecutionPhase(TestCaseExecutor.java:418)
	at com.kms.katalon.core.main.TestCaseExecutor.accessMainPhase(TestCaseExecutor.java:410)
	at com.kms.katalon.core.main.TestCaseExecutor.execute(TestCaseExecutor.java:285)
	at com.kms.katalon.core.common.CommonExecutor.accessTestCaseMainPhase(CommonExecutor.java:65)
	at com.kms.katalon.core.main.TestSuiteExecutor.accessTestSuiteMainPhase(TestSuiteExecutor.java:148)
	at com.kms.katalon.core.main.TestSuiteExecutor.execute(TestSuiteExecutor.java:106)
	at com.kms.katalon.core.main.TestCaseMain.startTestSuite(TestCaseMain.java:180)
	at TempTestSuite1704125292372.run(TempTestSuite1704125292372.groovy:36)
	at java.base/jdk.internal.reflect.NativeMethodAccessorImpl.invoke0(Native Method)
	at java.base/jdk.internal.reflect.NativeMethodAccessorImpl.invoke(NativeMethodAccessorImpl.java:77)
	at java.base/jdk.internal.reflect.DelegatingMethodAccessorImpl.invoke(DelegatingMethodAccessorImpl.java:43)
Caused by: com.kms.katalon.core.exception.StepFailedException: Web element with id: 'Object Repository/Shared_alert/success_alert' located by 'By.cssSelector: #app > div.content-wrapper > section.content > div' is present after '1' second(s)
	at com.kms.katalon.core.webui.keyword.internal.WebUIKeywordMain.stepFailed(WebUIKeywordMain.groovy:64)
	at com.kms.katalon.core.webui.keyword.internal.WebUIKeywordMain$stepFailed$0.call(Unknown Source)
	at com.kms.katalon.core.webui.keyword.builtin.VerifyElementNotPresentKeyword$_verifyElementNotPresent_closure1.doCall(VerifyElementNotPresentKeyword.groovy:113)
	at com.kms.katalon.core.webui.keyword.builtin.VerifyElementNotPresentKeyword$_verifyElementNotPresent_closure1.doCall(VerifyElementNotPresentKeyword.groovy)
	at java.base/jdk.internal.reflect.NativeMethodAccessorImpl.invoke0(Native Method)
	at java.base/jdk.internal.reflect.NativeMethodAccessorImpl.invoke(NativeMethodAccessorImpl.java:77)
	at java.base/jdk.internal.reflect.DelegatingMethodAccessorImpl.invoke(DelegatingMethodAccessorImpl.java:43)
	at com.kms.katalon.core.webui.keyword.internal.WebUIKeywordMain.runKeyword(WebUIKeywordMain.groovy:20)
	... 21 more
)

01-01-2024T23:11:46 - [TEST_STEP][PASSED] - verifyElementPresent(findTestObject("Shared_alert/text_dangers"), 1): Object 'Object Repository/Shared_alert/text_dangers' is present

01-01-2024T23:11:46 - [MESSAGE][PASSED] - Object 'Object Repository/Shared_alert/text_dangers' is present

01-01-2024T23:11:46 - [TEST_STEP][FAILED] - verifyElementNotPresent(findTestObject("Shared_alert/success_alert"), 1): Unable to verify object 'Object Repository/Shared_alert/success_alert' is not present (Root cause: com.kms.katalon.core.exception.StepFailedException: Unable to verify object 'Object Repository/Shared_alert/success_alert' is not present
	at com.kms.katalon.core.webui.keyword.internal.WebUIKeywordMain.stepFailed(WebUIKeywordMain.groovy:64)
	at com.kms.katalon.core.webui.keyword.internal.WebUIKeywordMain.runKeyword(WebUIKeywordMain.groovy:26)
	at com.kms.katalon.core.webui.keyword.internal.WebUIKeywordMain$runKeyword.call(Unknown Source)
	at com.kms.katalon.core.webui.keyword.builtin.VerifyElementNotPresentKeyword.verifyElementNotPresent(VerifyElementNotPresentKeyword.groovy:122)
	at com.kms.katalon.core.webui.keyword.builtin.VerifyElementNotPresentKeyword.execute(VerifyElementNotPresentKeyword.groovy:68)
	at com.kms.katalon.core.keyword.internal.KeywordExecutor.executeKeywordForPlatform(KeywordExecutor.groovy:74)
	at com.kms.katalon.core.webui.keyword.WebUiBuiltInKeywords.verifyElementNotPresent(WebUiBuiltInKeywords.groovy:1536)
	at Piggy Bank.run(Piggy Bank:64)
	at com.kms.katalon.core.main.ScriptEngine.run(ScriptEngine.java:194)
	at com.kms.katalon.core.main.ScriptEngine.runScriptAsRawText(ScriptEngine.java:119)
	at com.kms.katalon.core.main.TestCaseExecutor.runScript(TestCaseExecutor.java:448)
	at com.kms.katalon.core.main.TestCaseExecutor.doExecute(TestCaseExecutor.java:439)
	at com.kms.katalon.core.main.TestCaseExecutor.processExecutionPhase(TestCaseExecutor.java:418)
	at com.kms.katalon.core.main.TestCaseExecutor.accessMainPhase(TestCaseExecutor.java:410)
	at com.kms.katalon.core.main.TestCaseExecutor.execute(TestCaseExecutor.java:285)
	at com.kms.katalon.core.common.CommonExecutor.accessTestCaseMainPhase(CommonExecutor.java:65)
	at com.kms.katalon.core.main.TestSuiteExecutor.accessTestSuiteMainPhase(TestSuiteExecutor.java:148)
	at com.kms.katalon.core.main.TestSuiteExecutor.execute(TestSuiteExecutor.java:106)
	at com.kms.katalon.core.main.TestCaseMain.startTestSuite(TestCaseMain.java:180)
	at TempTestSuite1704125292372.run(TempTestSuite1704125292372.groovy:36)
	at java.base/jdk.internal.reflect.NativeMethodAccessorImpl.invoke0(Native Method)
	at java.base/jdk.internal.reflect.NativeMethodAccessorImpl.invoke(NativeMethodAccessorImpl.java:77)
	at java.base/jdk.internal.reflect.DelegatingMethodAccessorImpl.invoke(DelegatingMethodAccessorImpl.java:43)
Caused by: com.kms.katalon.core.exception.StepFailedException: Web element with id: 'Object Repository/Shared_alert/success_alert' located by 'By.cssSelector: #app > div.content-wrapper > section.content > div' is present after '1' second(s)
	at com.kms.katalon.core.webui.keyword.internal.WebUIKeywordMain.stepFailed(WebUIKeywordMain.groovy:64)
	at com.kms.katalon.core.webui.keyword.internal.WebUIKeywordMain$stepFailed$0.call(Unknown Source)
	at com.kms.katalon.core.webui.keyword.builtin.VerifyElementNotPresentKeyword$_verifyElementNotPresent_closure1.doCall(VerifyElementNotPresentKeyword.groovy:113)
	at com.kms.katalon.core.webui.keyword.builtin.VerifyElementNotPresentKeyword$_verifyElementNotPresent_closure1.doCall(VerifyElementNotPresentKeyword.groovy)
	at java.base/jdk.internal.reflect.NativeMethodAccessorImpl.invoke0(Native Method)
	at java.base/jdk.internal.reflect.NativeMethodAccessorImpl.invoke(NativeMethodAccessorImpl.java:77)
	at java.base/jdk.internal.reflect.DelegatingMethodAccessorImpl.invoke(DelegatingMethodAccessorImpl.java:43)
	at com.kms.katalon.core.webui.keyword.internal.WebUIKeywordMain.runKeyword(WebUIKeywordMain.groovy:20)
	... 21 more
)

01-01-2024T23:11:47 - [MESSAGE][FAILED] - Web element with id: 'Object Repository/Shared_alert/success_alert' located by 'By.cssSelector: #app > div.content-wrapper > section.content > div' is present after '1' second(s) (Root cause: com.kms.katalon.core.exception.StepFailedException: Web element with id: 'Object Repository/Shared_alert/success_alert' located by 'By.cssSelector: #app > div.content-wrapper > section.content > div' is present after '1' second(s)
	at com.kms.katalon.core.webui.keyword.internal.WebUIKeywordMain.stepFailed(WebUIKeywordMain.groovy:64)
	at com.kms.katalon.core.webui.keyword.internal.WebUIKeywordMain$stepFailed$0.call(Unknown Source)
	at com.kms.katalon.core.webui.keyword.builtin.VerifyElementNotPresentKeyword$_verifyElementNotPresent_closure1.doCall(VerifyElementNotPresentKeyword.groovy:113)
	at com.kms.katalon.core.webui.keyword.builtin.VerifyElementNotPresentKeyword$_verifyElementNotPresent_closure1.doCall(VerifyElementNotPresentKeyword.groovy)
	at java.base/jdk.internal.reflect.NativeMethodAccessorImpl.invoke0(Native Method)
	at java.base/jdk.internal.reflect.NativeMethodAccessorImpl.invoke(NativeMethodAccessorImpl.java:77)
	at java.base/jdk.internal.reflect.DelegatingMethodAccessorImpl.invoke(DelegatingMethodAccessorImpl.java:43)
	at com.kms.katalon.core.webui.keyword.internal.WebUIKeywordMain.runKeyword(WebUIKeywordMain.groovy:20)
	at com.kms.katalon.core.webui.keyword.internal.WebUIKeywordMain$runKeyword.call(Unknown Source)
	at com.kms.katalon.core.webui.keyword.builtin.VerifyElementNotPresentKeyword.verifyElementNotPresent(VerifyElementNotPresentKeyword.groovy:122)
	at com.kms.katalon.core.webui.keyword.builtin.VerifyElementNotPresentKeyword.execute(VerifyElementNotPresentKeyword.groovy:68)
	at com.kms.katalon.core.keyword.internal.KeywordExecutor.executeKeywordForPlatform(KeywordExecutor.groovy:74)
	at com.kms.katalon.core.webui.keyword.WebUiBuiltInKeywords.verifyElementNotPresent(WebUiBuiltInKeywords.groovy:1536)
	at Piggy Bank.run(Piggy Bank:64)
	at com.kms.katalon.core.main.ScriptEngine.run(ScriptEngine.java:194)
	at com.kms.katalon.core.main.ScriptEngine.runScriptAsRawText(ScriptEngine.java:119)
	at com.kms.katalon.core.main.TestCaseExecutor.runScript(TestCaseExecutor.java:448)
	at com.kms.katalon.core.main.TestCaseExecutor.doExecute(TestCaseExecutor.java:439)
	at com.kms.katalon.core.main.TestCaseExecutor.processExecutionPhase(TestCaseExecutor.java:418)
	at com.kms.katalon.core.main.TestCaseExecutor.accessMainPhase(TestCaseExecutor.java:410)
	at com.kms.katalon.core.main.TestCaseExecutor.execute(TestCaseExecutor.java:285)
	at com.kms.katalon.core.common.CommonExecutor.accessTestCaseMainPhase(CommonExecutor.java:65)
	at com.kms.katalon.core.main.TestSuiteExecutor.accessTestSuiteMainPhase(TestSuiteExecutor.java:148)
	at com.kms.katalon.core.main.TestSuiteExecutor.execute(TestSuiteExecutor.java:106)
	at com.kms.katalon.core.main.TestCaseMain.startTestSuite(TestCaseMain.java:180)
	at TempTestSuite1704125292372.run(TempTestSuite1704125292372.groovy:36)
	at java.base/jdk.internal.reflect.NativeMethodAccessorImpl.invoke0(Native Method)
	at java.base/jdk.internal.reflect.NativeMethodAccessorImpl.invoke(NativeMethodAccessorImpl.java:77)
	at java.base/jdk.internal.reflect.DelegatingMethodAccessorImpl.invoke(DelegatingMethodAccessorImpl.java:43)
)
[[ATTACHMENT|C:\\Users\\MODERN 15\\git\\G1_Firefly_testing\\Reports\\20240101_230812\\Piggy Bank\\20240101_230812\\1704125507734.png]]

01-01-2024T23:11:47 - [MESSAGE][FAILED] - Unable to verify object 'Object Repository/Shared_alert/success_alert' is not present (Root cause: com.kms.katalon.core.exception.StepFailedException: Unable to verify object 'Object Repository/Shared_alert/success_alert' is not present
	at com.kms.katalon.core.webui.keyword.internal.WebUIKeywordMain.stepFailed(WebUIKeywordMain.groovy:64)
	at com.kms.katalon.core.webui.keyword.internal.WebUIKeywordMain.runKeyword(WebUIKeywordMain.groovy:26)
	at com.kms.katalon.core.webui.keyword.internal.WebUIKeywordMain$runKeyword.call(Unknown Source)
	at com.kms.katalon.core.webui.keyword.builtin.VerifyElementNotPresentKeyword.verifyElementNotPresent(VerifyElementNotPresentKeyword.groovy:122)
	at com.kms.katalon.core.webui.keyword.builtin.VerifyElementNotPresentKeyword.execute(VerifyElementNotPresentKeyword.groovy:68)
	at com.kms.katalon.core.keyword.internal.KeywordExecutor.executeKeywordForPlatform(KeywordExecutor.groovy:74)
	at com.kms.katalon.core.webui.keyword.WebUiBuiltInKeywords.verifyElementNotPresent(WebUiBuiltInKeywords.groovy:1536)
	at Piggy Bank.run(Piggy Bank:64)
	at com.kms.katalon.core.main.ScriptEngine.run(ScriptEngine.java:194)
	at com.kms.katalon.core.main.ScriptEngine.runScriptAsRawText(ScriptEngine.java:119)
	at com.kms.katalon.core.main.TestCaseExecutor.runScript(TestCaseExecutor.java:448)
	at com.kms.katalon.core.main.TestCaseExecutor.doExecute(TestCaseExecutor.java:439)
	at com.kms.katalon.core.main.TestCaseExecutor.processExecutionPhase(TestCaseExecutor.java:418)
	at com.kms.katalon.core.main.TestCaseExecutor.accessMainPhase(TestCaseExecutor.java:410)
	at com.kms.katalon.core.main.TestCaseExecutor.execute(TestCaseExecutor.java:285)
	at com.kms.katalon.core.common.CommonExecutor.accessTestCaseMainPhase(CommonExecutor.java:65)
	at com.kms.katalon.core.main.TestSuiteExecutor.accessTestSuiteMainPhase(TestSuiteExecutor.java:148)
	at com.kms.katalon.core.main.TestSuiteExecutor.execute(TestSuiteExecutor.java:106)
	at com.kms.katalon.core.main.TestCaseMain.startTestSuite(TestCaseMain.java:180)
	at TempTestSuite1704125292372.run(TempTestSuite1704125292372.groovy:36)
	at java.base/jdk.internal.reflect.NativeMethodAccessorImpl.invoke0(Native Method)
	at java.base/jdk.internal.reflect.NativeMethodAccessorImpl.invoke(NativeMethodAccessorImpl.java:77)
	at java.base/jdk.internal.reflect.DelegatingMethodAccessorImpl.invoke(DelegatingMethodAccessorImpl.java:43)
Caused by: com.kms.katalon.core.exception.StepFailedException: Web element with id: 'Object Repository/Shared_alert/success_alert' located by 'By.cssSelector: #app > div.content-wrapper > section.content > div' is present after '1' second(s)
	at com.kms.katalon.core.webui.keyword.internal.WebUIKeywordMain.stepFailed(WebUIKeywordMain.groovy:64)
	at com.kms.katalon.core.webui.keyword.internal.WebUIKeywordMain$stepFailed$0.call(Unknown Source)
	at com.kms.katalon.core.webui.keyword.builtin.VerifyElementNotPresentKeyword$_verifyElementNotPresent_closure1.doCall(VerifyElementNotPresentKeyword.groovy:113)
	at com.kms.katalon.core.webui.keyword.builtin.VerifyElementNotPresentKeyword$_verifyElementNotPresent_closure1.doCall(VerifyElementNotPresentKeyword.groovy)
	at java.base/jdk.internal.reflect.NativeMethodAccessorImpl.invoke0(Native Method)
	at java.base/jdk.internal.reflect.NativeMethodAccessorImpl.invoke(NativeMethodAccessorImpl.java:77)
	at java.base/jdk.internal.reflect.DelegatingMethodAccessorImpl.invoke(DelegatingMethodAccessorImpl.java:43)
	at com.kms.katalon.core.webui.keyword.internal.WebUIKeywordMain.runKeyword(WebUIKeywordMain.groovy:20)
	... 21 more
)
[[ATTACHMENT|C:\\Users\\MODERN 15\\git\\G1_Firefly_testing\\Reports\\20240101_230812\\Piggy Bank\\20240101_230812\\1704125507861.png]]

01-01-2024T23:11:47 - [TEST_STEP][PASSED] - catch (Exception err): null

01-01-2024T23:11:47 - [TEST_STEP][PASSED] - verifyElementPresent(findTestObject("Shared_alert/success_alert"), 1): Object 'Object Repository/Shared_alert/success_alert' is present

01-01-2024T23:11:48 - [MESSAGE][PASSED] - Object 'Object Repository/Shared_alert/success_alert' is present

01-01-2024T23:11:48 - [TEST_STEP][PASSED] - out.println("success"): null

01-01-2024T23:11:48 - [TEST_STEP][PASSED] - closeBrowser(): Browser is closed

01-01-2024T23:11:48 - [MESSAGE][PASSED] - Browser is closed]]></system-out>
         <system-err><![CDATA[]]></system-err>
      </testcase>
      <testcase name="Test Cases/Piggy Bank" time="29.113" classname="Test Cases/Piggy Bank" status="PASSED">
         <system-out><![CDATA[01-01-2024T23:11:48 - [TEST_CASE][PASSED] - Test Cases/Piggy Bank: Test Cases/Piggy Bank

01-01-2024T23:11:48 - [TEST_STEP][PASSED] - openBrowser(""): Browser is opened with url: ''

01-01-2024T23:11:48 - [MESSAGE][INFO] - Starting 'Chrome' driver

01-01-2024T23:11:48 - [MESSAGE][INFO] - Action delay is set to 0 milliseconds

01-01-2024T23:11:49 - [MESSAGE][PASSED] - Browser is opened with url: ''

01-01-2024T23:11:49 - [TEST_STEP][PASSED] - navigateToUrl("https://firefly.buudadawg.online/login"): Navigate to 'https://firefly.buudadawg.online/login' successfully

01-01-2024T23:11:52 - [MESSAGE][PASSED] - Navigate to 'https://firefly.buudadawg.online/login' successfully

01-01-2024T23:11:52 - [TEST_STEP][PASSED] - setText(findTestObject("Object Repository/Piggy Bank/Page_Login to Firefly III/input_email"), username): Text 'killermh1352@gmail.com' is set on object 'Object Repository/Piggy Bank/Page_Login to Firefly III/input_email'

01-01-2024T23:11:53 - [MESSAGE][PASSED] - Text 'killermh1352@gmail.com' is set on object 'Object Repository/Piggy Bank/Page_Login to Firefly III/input_email'

01-01-2024T23:11:53 - [TEST_STEP][PASSED] - setText(findTestObject("Object Repository/Piggy Bank/Page_Login to Firefly III/input_password"), password): Text 'tranvinhphuc2002' is set on object 'Object Repository/Piggy Bank/Page_Login to Firefly III/input_password'

01-01-2024T23:11:53 - [MESSAGE][PASSED] - Text 'tranvinhphuc2002' is set on object 'Object Repository/Piggy Bank/Page_Login to Firefly III/input_password'

01-01-2024T23:11:53 - [TEST_STEP][PASSED] - sendKeys(findTestObject("Object Repository/Piggy Bank/Page_Login to Firefly III/input_password"), Keys.chord(ENTER)): Keys 'ENTER + ' sent to object: 'Object Repository/Piggy Bank/Page_Login to Firefly III/input_password'

01-01-2024T23:11:54 - [MESSAGE][PASSED] - Keys 'ENTER + ' sent to object: 'Object Repository/Piggy Bank/Page_Login to Firefly III/input_password'

01-01-2024T23:11:54 - [TEST_STEP][PASSED] - click(findTestObject("Object Repository/Piggy Bank/Page_Whats playing  Firefly III/a_Piggy banks")): Object: 'Object Repository/Piggy Bank/Page_Whats playing  Firefly III/a_Piggy banks' is clicked on

01-01-2024T23:11:56 - [MESSAGE][PASSED] - Object: 'Object Repository/Piggy Bank/Page_Whats playing  Firefly III/a_Piggy banks' is clicked on

01-01-2024T23:11:56 - [TEST_STEP][PASSED] - click(findTestObject("Piggy Bank/Page_Piggy banks  Firefly III/a_Create new piggy bank")): Object: 'Object Repository/Piggy Bank/Page_Piggy banks  Firefly III/a_Create new piggy bank' is clicked on

01-01-2024T23:11:57 - [MESSAGE][PASSED] - Object: 'Object Repository/Piggy Bank/Page_Piggy banks  Firefly III/a_Create new piggy bank' is clicked on

01-01-2024T23:11:57 - [TEST_STEP][PASSED] - setText(findTestObject("Object Repository/Piggy Bank/Page_New piggy bank  Piggy banks  Firefly III/input_name"), name): Text 'CSRA Inc.' is set on object 'Object Repository/Piggy Bank/Page_New piggy bank  Piggy banks  Firefly III/input_name'

01-01-2024T23:11:58 - [MESSAGE][PASSED] - Text 'CSRA Inc.' is set on object 'Object Repository/Piggy Bank/Page_New piggy bank  Piggy banks  Firefly III/input_name'

01-01-2024T23:11:58 - [TEST_STEP][PASSED] - selectOptionByLabel(findTestObject("Object Repository/Piggy Bank/Page_New piggy bank  Piggy banks  Firefly III/select_My Savings AccountMy Asset Account"), save_on_account, true): All options with label 'My Savings Account' are selected in object 'Object Repository/Piggy Bank/Page_New piggy bank  Piggy banks  Firefly III/select_My Savings AccountMy Asset Account'  using regular expression

01-01-2024T23:11:59 - [MESSAGE][PASSED] - All options with label 'My Savings Account' are selected in object 'Object Repository/Piggy Bank/Page_New piggy bank  Piggy banks  Firefly III/select_My Savings AccountMy Asset Account'  using regular expression

01-01-2024T23:11:59 - [TEST_STEP][PASSED] - setText(findTestObject("Object Repository/Piggy Bank/Page_New piggy bank  Piggy banks  Firefly III/input_targetamount"), target_amount): Text '80621' is set on object 'Object Repository/Piggy Bank/Page_New piggy bank  Piggy banks  Firefly III/input_targetamount'

01-01-2024T23:11:59 - [MESSAGE][PASSED] - Text '80621' is set on object 'Object Repository/Piggy Bank/Page_New piggy bank  Piggy banks  Firefly III/input_targetamount'

01-01-2024T23:11:59 - [TEST_STEP][PASSED] - setText(findTestObject("Object Repository/Piggy Bank/Page_New piggy bank  Piggy banks  Firefly III/textarea_notes"), notes): Text 'risus semper porta volutpat quam pede lobortis ligula sit amet eleifend pede libero quis orci nullam molestie nibh in lectus pellentesque at nulla suspendisse potenti cras in purus eu magna vulputate luctus cum sociis natoque penatibus et magnis dis parturient montes nascetur ridiculus mus vivamus vestibulum sagittis sapien cum sociis natoque penatibus et magnis dis parturient montes nascetur ridiculus mus etiam vel augue vestibulum rutrum rutrum neque aenean auctor gravida sem praesent id massa id nisl venenatis lacinia aenean sit amet justo morbi ut odio cras mi pede malesuada in imperdiet et commodo vulputate justo in blandit ultrices enim lorem ipsum dolor sit amet consectetuer adipiscing elit proin interdum mauris non ligula pellentesque ultrices phasellus id sapien in sapien iaculis congue vivamus metus arcu adipiscing molestie hendrerit at vulputate vitae nisl aenean lectus pellentesque eget nunc donec quis orci eget orci vehicula condimentum curabitur in libero ut massa volutpat convallis morbi odio odio elementum eu interdum eu tincidunt in leo maecenas pulvinar lobortis est phasellus sit amet erat nulla tempus vivamus in felis eu sapien cursus vestibulum proin eu mi nulla ac enim in tempor turpis nec euismod scelerisque quam turpis adipiscing lorem vitae mattis nibh ligula nec sem duis aliquam convallis nunc proin at' is set on object 'Object Repository/Piggy Bank/Page_New piggy bank  Piggy banks  Firefly III/textarea_notes'

01-01-2024T23:12:03 - [MESSAGE][PASSED] - Text 'risus semper porta volutpat quam pede lobortis ligula sit amet eleifend pede libero quis orci nullam molestie nibh in lectus pellentesque at nulla suspendisse potenti cras in purus eu magna vulputate luctus cum sociis natoque penatibus et magnis dis parturient montes nascetur ridiculus mus vivamus vestibulum sagittis sapien cum sociis natoque penatibus et magnis dis parturient montes nascetur ridiculus mus etiam vel augue vestibulum rutrum rutrum neque aenean auctor gravida sem praesent id massa id nisl venenatis lacinia aenean sit amet justo morbi ut odio cras mi pede malesuada in imperdiet et commodo vulputate justo in blandit ultrices enim lorem ipsum dolor sit amet consectetuer adipiscing elit proin interdum mauris non ligula pellentesque ultrices phasellus id sapien in sapien iaculis congue vivamus metus arcu adipiscing molestie hendrerit at vulputate vitae nisl aenean lectus pellentesque eget nunc donec quis orci eget orci vehicula condimentum curabitur in libero ut massa volutpat convallis morbi odio odio elementum eu interdum eu tincidunt in leo maecenas pulvinar lobortis est phasellus sit amet erat nulla tempus vivamus in felis eu sapien cursus vestibulum proin eu mi nulla ac enim in tempor turpis nec euismod scelerisque quam turpis adipiscing lorem vitae mattis nibh ligula nec sem duis aliquam convallis nunc proin at' is set on object 'Object Repository/Piggy Bank/Page_New piggy bank  Piggy banks  Firefly III/textarea_notes'

01-01-2024T23:12:03 - [TEST_STEP][PASSED] - setText(findTestObject("Object Repository/Piggy Bank/Page_New piggy bank  Piggy banks  Firefly III/input_object_group"), group): Text 'nisi nam ultrices libero non mattis pulvinar nulla pede ullamcorper augue a suscipit nulla' is set on object 'Object Repository/Piggy Bank/Page_New piggy bank  Piggy banks  Firefly III/input_object_group'

01-01-2024T23:12:04 - [MESSAGE][PASSED] - Text 'nisi nam ultrices libero non mattis pulvinar nulla pede ullamcorper augue a suscipit nulla' is set on object 'Object Repository/Piggy Bank/Page_New piggy bank  Piggy banks  Firefly III/input_object_group'

01-01-2024T23:12:04 - [TEST_STEP][PASSED] - setText(findTestObject("Piggy Bank/Page_New piggy bank  Piggy banks  Firefly III/input_date"), target_date): Text '' is set on object 'Object Repository/Piggy Bank/Page_New piggy bank  Piggy banks  Firefly III/input_date'

01-01-2024T23:12:05 - [MESSAGE][PASSED] - Text '' is set on object 'Object Repository/Piggy Bank/Page_New piggy bank  Piggy banks  Firefly III/input_date'

01-01-2024T23:12:05 - [TEST_STEP][PASSED] - if (attachment): File 'C:\Users\MODERN 15\git\G1_Firefly_testing\Attachments File\Report_May.xlsx' sent to object: 'Object Repository/Piggy Bank/Page_New piggy bank  Piggy banks  Firefly III/button_upload'

01-01-2024T23:12:05 - [TEST_STEP][PASSED] - absolutePath = normalize().toString(): null

01-01-2024T23:12:05 - [TEST_STEP][PASSED] - uploadFile(findTestObject("Piggy Bank/Page_New piggy bank  Piggy banks  Firefly III/button_upload"), absolutePath): File 'C:\Users\MODERN 15\git\G1_Firefly_testing\Attachments File\Report_May.xlsx' sent to object: 'Object Repository/Piggy Bank/Page_New piggy bank  Piggy banks  Firefly III/button_upload'

01-01-2024T23:12:06 - [MESSAGE][PASSED] - File 'C:\Users\MODERN 15\git\G1_Firefly_testing\Attachments File\Report_May.xlsx' sent to object: 'Object Repository/Piggy Bank/Page_New piggy bank  Piggy banks  Firefly III/button_upload'

01-01-2024T23:12:06 - [TEST_STEP][PASSED] - click(findTestObject("Object Repository/Piggy Bank/Page_New piggy bank  Piggy banks  Firefly III/div_Mandatory fields                       _ed7e9e")): Object: 'Object Repository/Piggy Bank/Page_New piggy bank  Piggy banks  Firefly III/div_Mandatory fields                       _ed7e9e' is clicked on

01-01-2024T23:12:06 - [MESSAGE][PASSED] - Object: 'Object Repository/Piggy Bank/Page_New piggy bank  Piggy banks  Firefly III/div_Mandatory fields                       _ed7e9e' is clicked on

01-01-2024T23:12:06 - [TEST_STEP][PASSED] - click(findTestObject("Object Repository/Piggy Bank/Page_New piggy bank  Piggy banks  Firefly III/button_Store new piggy bank")): Object: 'Object Repository/Piggy Bank/Page_New piggy bank  Piggy banks  Firefly III/button_Store new piggy bank' is clicked on

01-01-2024T23:12:15 - [MESSAGE][PASSED] - Object: 'Object Repository/Piggy Bank/Page_New piggy bank  Piggy banks  Firefly III/button_Store new piggy bank' is clicked on

01-01-2024T23:12:15 - [TEST_STEP][FAILED] - try: Unable to verify object 'Object Repository/Shared_alert/success_alert' is not present (Root cause: com.kms.katalon.core.exception.StepFailedException: Unable to verify object 'Object Repository/Shared_alert/success_alert' is not present
	at com.kms.katalon.core.webui.keyword.internal.WebUIKeywordMain.stepFailed(WebUIKeywordMain.groovy:64)
	at com.kms.katalon.core.webui.keyword.internal.WebUIKeywordMain.runKeyword(WebUIKeywordMain.groovy:26)
	at com.kms.katalon.core.webui.keyword.internal.WebUIKeywordMain$runKeyword.call(Unknown Source)
	at com.kms.katalon.core.webui.keyword.builtin.VerifyElementNotPresentKeyword.verifyElementNotPresent(VerifyElementNotPresentKeyword.groovy:122)
	at com.kms.katalon.core.webui.keyword.builtin.VerifyElementNotPresentKeyword.execute(VerifyElementNotPresentKeyword.groovy:68)
	at com.kms.katalon.core.keyword.internal.KeywordExecutor.executeKeywordForPlatform(KeywordExecutor.groovy:74)
	at com.kms.katalon.core.webui.keyword.WebUiBuiltInKeywords.verifyElementNotPresent(WebUiBuiltInKeywords.groovy:1536)
	at Piggy Bank.run(Piggy Bank:64)
	at com.kms.katalon.core.main.ScriptEngine.run(ScriptEngine.java:194)
	at com.kms.katalon.core.main.ScriptEngine.runScriptAsRawText(ScriptEngine.java:119)
	at com.kms.katalon.core.main.TestCaseExecutor.runScript(TestCaseExecutor.java:448)
	at com.kms.katalon.core.main.TestCaseExecutor.doExecute(TestCaseExecutor.java:439)
	at com.kms.katalon.core.main.TestCaseExecutor.processExecutionPhase(TestCaseExecutor.java:418)
	at com.kms.katalon.core.main.TestCaseExecutor.accessMainPhase(TestCaseExecutor.java:410)
	at com.kms.katalon.core.main.TestCaseExecutor.execute(TestCaseExecutor.java:285)
	at com.kms.katalon.core.common.CommonExecutor.accessTestCaseMainPhase(CommonExecutor.java:65)
	at com.kms.katalon.core.main.TestSuiteExecutor.accessTestSuiteMainPhase(TestSuiteExecutor.java:148)
	at com.kms.katalon.core.main.TestSuiteExecutor.execute(TestSuiteExecutor.java:106)
	at com.kms.katalon.core.main.TestCaseMain.startTestSuite(TestCaseMain.java:180)
	at TempTestSuite1704125292372.run(TempTestSuite1704125292372.groovy:36)
	at java.base/jdk.internal.reflect.NativeMethodAccessorImpl.invoke0(Native Method)
	at java.base/jdk.internal.reflect.NativeMethodAccessorImpl.invoke(NativeMethodAccessorImpl.java:77)
	at java.base/jdk.internal.reflect.DelegatingMethodAccessorImpl.invoke(DelegatingMethodAccessorImpl.java:43)
Caused by: com.kms.katalon.core.exception.StepFailedException: Web element with id: 'Object Repository/Shared_alert/success_alert' located by 'By.cssSelector: #app > div.content-wrapper > section.content > div' is present after '1' second(s)
	at com.kms.katalon.core.webui.keyword.internal.WebUIKeywordMain.stepFailed(WebUIKeywordMain.groovy:64)
	at com.kms.katalon.core.webui.keyword.internal.WebUIKeywordMain$stepFailed$0.call(Unknown Source)
	at com.kms.katalon.core.webui.keyword.builtin.VerifyElementNotPresentKeyword$_verifyElementNotPresent_closure1.doCall(VerifyElementNotPresentKeyword.groovy:113)
	at com.kms.katalon.core.webui.keyword.builtin.VerifyElementNotPresentKeyword$_verifyElementNotPresent_closure1.doCall(VerifyElementNotPresentKeyword.groovy)
	at java.base/jdk.internal.reflect.NativeMethodAccessorImpl.invoke0(Native Method)
	at java.base/jdk.internal.reflect.NativeMethodAccessorImpl.invoke(NativeMethodAccessorImpl.java:77)
	at java.base/jdk.internal.reflect.DelegatingMethodAccessorImpl.invoke(DelegatingMethodAccessorImpl.java:43)
	at com.kms.katalon.core.webui.keyword.internal.WebUIKeywordMain.runKeyword(WebUIKeywordMain.groovy:20)
	... 21 more
)

01-01-2024T23:12:15 - [TEST_STEP][PASSED] - verifyElementPresent(findTestObject("Shared_alert/text_dangers"), 1): Object 'Object Repository/Shared_alert/text_dangers' is present

01-01-2024T23:12:15 - [MESSAGE][PASSED] - Object 'Object Repository/Shared_alert/text_dangers' is present

01-01-2024T23:12:15 - [TEST_STEP][FAILED] - verifyElementNotPresent(findTestObject("Shared_alert/success_alert"), 1): Unable to verify object 'Object Repository/Shared_alert/success_alert' is not present (Root cause: com.kms.katalon.core.exception.StepFailedException: Unable to verify object 'Object Repository/Shared_alert/success_alert' is not present
	at com.kms.katalon.core.webui.keyword.internal.WebUIKeywordMain.stepFailed(WebUIKeywordMain.groovy:64)
	at com.kms.katalon.core.webui.keyword.internal.WebUIKeywordMain.runKeyword(WebUIKeywordMain.groovy:26)
	at com.kms.katalon.core.webui.keyword.internal.WebUIKeywordMain$runKeyword.call(Unknown Source)
	at com.kms.katalon.core.webui.keyword.builtin.VerifyElementNotPresentKeyword.verifyElementNotPresent(VerifyElementNotPresentKeyword.groovy:122)
	at com.kms.katalon.core.webui.keyword.builtin.VerifyElementNotPresentKeyword.execute(VerifyElementNotPresentKeyword.groovy:68)
	at com.kms.katalon.core.keyword.internal.KeywordExecutor.executeKeywordForPlatform(KeywordExecutor.groovy:74)
	at com.kms.katalon.core.webui.keyword.WebUiBuiltInKeywords.verifyElementNotPresent(WebUiBuiltInKeywords.groovy:1536)
	at Piggy Bank.run(Piggy Bank:64)
	at com.kms.katalon.core.main.ScriptEngine.run(ScriptEngine.java:194)
	at com.kms.katalon.core.main.ScriptEngine.runScriptAsRawText(ScriptEngine.java:119)
	at com.kms.katalon.core.main.TestCaseExecutor.runScript(TestCaseExecutor.java:448)
	at com.kms.katalon.core.main.TestCaseExecutor.doExecute(TestCaseExecutor.java:439)
	at com.kms.katalon.core.main.TestCaseExecutor.processExecutionPhase(TestCaseExecutor.java:418)
	at com.kms.katalon.core.main.TestCaseExecutor.accessMainPhase(TestCaseExecutor.java:410)
	at com.kms.katalon.core.main.TestCaseExecutor.execute(TestCaseExecutor.java:285)
	at com.kms.katalon.core.common.CommonExecutor.accessTestCaseMainPhase(CommonExecutor.java:65)
	at com.kms.katalon.core.main.TestSuiteExecutor.accessTestSuiteMainPhase(TestSuiteExecutor.java:148)
	at com.kms.katalon.core.main.TestSuiteExecutor.execute(TestSuiteExecutor.java:106)
	at com.kms.katalon.core.main.TestCaseMain.startTestSuite(TestCaseMain.java:180)
	at TempTestSuite1704125292372.run(TempTestSuite1704125292372.groovy:36)
	at java.base/jdk.internal.reflect.NativeMethodAccessorImpl.invoke0(Native Method)
	at java.base/jdk.internal.reflect.NativeMethodAccessorImpl.invoke(NativeMethodAccessorImpl.java:77)
	at java.base/jdk.internal.reflect.DelegatingMethodAccessorImpl.invoke(DelegatingMethodAccessorImpl.java:43)
Caused by: com.kms.katalon.core.exception.StepFailedException: Web element with id: 'Object Repository/Shared_alert/success_alert' located by 'By.cssSelector: #app > div.content-wrapper > section.content > div' is present after '1' second(s)
	at com.kms.katalon.core.webui.keyword.internal.WebUIKeywordMain.stepFailed(WebUIKeywordMain.groovy:64)
	at com.kms.katalon.core.webui.keyword.internal.WebUIKeywordMain$stepFailed$0.call(Unknown Source)
	at com.kms.katalon.core.webui.keyword.builtin.VerifyElementNotPresentKeyword$_verifyElementNotPresent_closure1.doCall(VerifyElementNotPresentKeyword.groovy:113)
	at com.kms.katalon.core.webui.keyword.builtin.VerifyElementNotPresentKeyword$_verifyElementNotPresent_closure1.doCall(VerifyElementNotPresentKeyword.groovy)
	at java.base/jdk.internal.reflect.NativeMethodAccessorImpl.invoke0(Native Method)
	at java.base/jdk.internal.reflect.NativeMethodAccessorImpl.invoke(NativeMethodAccessorImpl.java:77)
	at java.base/jdk.internal.reflect.DelegatingMethodAccessorImpl.invoke(DelegatingMethodAccessorImpl.java:43)
	at com.kms.katalon.core.webui.keyword.internal.WebUIKeywordMain.runKeyword(WebUIKeywordMain.groovy:20)
	... 21 more
)

01-01-2024T23:12:16 - [MESSAGE][FAILED] - Web element with id: 'Object Repository/Shared_alert/success_alert' located by 'By.cssSelector: #app > div.content-wrapper > section.content > div' is present after '1' second(s) (Root cause: com.kms.katalon.core.exception.StepFailedException: Web element with id: 'Object Repository/Shared_alert/success_alert' located by 'By.cssSelector: #app > div.content-wrapper > section.content > div' is present after '1' second(s)
	at com.kms.katalon.core.webui.keyword.internal.WebUIKeywordMain.stepFailed(WebUIKeywordMain.groovy:64)
	at com.kms.katalon.core.webui.keyword.internal.WebUIKeywordMain$stepFailed$0.call(Unknown Source)
	at com.kms.katalon.core.webui.keyword.builtin.VerifyElementNotPresentKeyword$_verifyElementNotPresent_closure1.doCall(VerifyElementNotPresentKeyword.groovy:113)
	at com.kms.katalon.core.webui.keyword.builtin.VerifyElementNotPresentKeyword$_verifyElementNotPresent_closure1.doCall(VerifyElementNotPresentKeyword.groovy)
	at java.base/jdk.internal.reflect.NativeMethodAccessorImpl.invoke0(Native Method)
	at java.base/jdk.internal.reflect.NativeMethodAccessorImpl.invoke(NativeMethodAccessorImpl.java:77)
	at java.base/jdk.internal.reflect.DelegatingMethodAccessorImpl.invoke(DelegatingMethodAccessorImpl.java:43)
	at com.kms.katalon.core.webui.keyword.internal.WebUIKeywordMain.runKeyword(WebUIKeywordMain.groovy:20)
	at com.kms.katalon.core.webui.keyword.internal.WebUIKeywordMain$runKeyword.call(Unknown Source)
	at com.kms.katalon.core.webui.keyword.builtin.VerifyElementNotPresentKeyword.verifyElementNotPresent(VerifyElementNotPresentKeyword.groovy:122)
	at com.kms.katalon.core.webui.keyword.builtin.VerifyElementNotPresentKeyword.execute(VerifyElementNotPresentKeyword.groovy:68)
	at com.kms.katalon.core.keyword.internal.KeywordExecutor.executeKeywordForPlatform(KeywordExecutor.groovy:74)
	at com.kms.katalon.core.webui.keyword.WebUiBuiltInKeywords.verifyElementNotPresent(WebUiBuiltInKeywords.groovy:1536)
	at Piggy Bank.run(Piggy Bank:64)
	at com.kms.katalon.core.main.ScriptEngine.run(ScriptEngine.java:194)
	at com.kms.katalon.core.main.ScriptEngine.runScriptAsRawText(ScriptEngine.java:119)
	at com.kms.katalon.core.main.TestCaseExecutor.runScript(TestCaseExecutor.java:448)
	at com.kms.katalon.core.main.TestCaseExecutor.doExecute(TestCaseExecutor.java:439)
	at com.kms.katalon.core.main.TestCaseExecutor.processExecutionPhase(TestCaseExecutor.java:418)
	at com.kms.katalon.core.main.TestCaseExecutor.accessMainPhase(TestCaseExecutor.java:410)
	at com.kms.katalon.core.main.TestCaseExecutor.execute(TestCaseExecutor.java:285)
	at com.kms.katalon.core.common.CommonExecutor.accessTestCaseMainPhase(CommonExecutor.java:65)
	at com.kms.katalon.core.main.TestSuiteExecutor.accessTestSuiteMainPhase(TestSuiteExecutor.java:148)
	at com.kms.katalon.core.main.TestSuiteExecutor.execute(TestSuiteExecutor.java:106)
	at com.kms.katalon.core.main.TestCaseMain.startTestSuite(TestCaseMain.java:180)
	at TempTestSuite1704125292372.run(TempTestSuite1704125292372.groovy:36)
	at java.base/jdk.internal.reflect.NativeMethodAccessorImpl.invoke0(Native Method)
	at java.base/jdk.internal.reflect.NativeMethodAccessorImpl.invoke(NativeMethodAccessorImpl.java:77)
	at java.base/jdk.internal.reflect.DelegatingMethodAccessorImpl.invoke(DelegatingMethodAccessorImpl.java:43)
)
[[ATTACHMENT|C:\\Users\\MODERN 15\\git\\G1_Firefly_testing\\Reports\\20240101_230812\\Piggy Bank\\20240101_230812\\1704125536884.png]]

01-01-2024T23:12:17 - [MESSAGE][FAILED] - Unable to verify object 'Object Repository/Shared_alert/success_alert' is not present (Root cause: com.kms.katalon.core.exception.StepFailedException: Unable to verify object 'Object Repository/Shared_alert/success_alert' is not present
	at com.kms.katalon.core.webui.keyword.internal.WebUIKeywordMain.stepFailed(WebUIKeywordMain.groovy:64)
	at com.kms.katalon.core.webui.keyword.internal.WebUIKeywordMain.runKeyword(WebUIKeywordMain.groovy:26)
	at com.kms.katalon.core.webui.keyword.internal.WebUIKeywordMain$runKeyword.call(Unknown Source)
	at com.kms.katalon.core.webui.keyword.builtin.VerifyElementNotPresentKeyword.verifyElementNotPresent(VerifyElementNotPresentKeyword.groovy:122)
	at com.kms.katalon.core.webui.keyword.builtin.VerifyElementNotPresentKeyword.execute(VerifyElementNotPresentKeyword.groovy:68)
	at com.kms.katalon.core.keyword.internal.KeywordExecutor.executeKeywordForPlatform(KeywordExecutor.groovy:74)
	at com.kms.katalon.core.webui.keyword.WebUiBuiltInKeywords.verifyElementNotPresent(WebUiBuiltInKeywords.groovy:1536)
	at Piggy Bank.run(Piggy Bank:64)
	at com.kms.katalon.core.main.ScriptEngine.run(ScriptEngine.java:194)
	at com.kms.katalon.core.main.ScriptEngine.runScriptAsRawText(ScriptEngine.java:119)
	at com.kms.katalon.core.main.TestCaseExecutor.runScript(TestCaseExecutor.java:448)
	at com.kms.katalon.core.main.TestCaseExecutor.doExecute(TestCaseExecutor.java:439)
	at com.kms.katalon.core.main.TestCaseExecutor.processExecutionPhase(TestCaseExecutor.java:418)
	at com.kms.katalon.core.main.TestCaseExecutor.accessMainPhase(TestCaseExecutor.java:410)
	at com.kms.katalon.core.main.TestCaseExecutor.execute(TestCaseExecutor.java:285)
	at com.kms.katalon.core.common.CommonExecutor.accessTestCaseMainPhase(CommonExecutor.java:65)
	at com.kms.katalon.core.main.TestSuiteExecutor.accessTestSuiteMainPhase(TestSuiteExecutor.java:148)
	at com.kms.katalon.core.main.TestSuiteExecutor.execute(TestSuiteExecutor.java:106)
	at com.kms.katalon.core.main.TestCaseMain.startTestSuite(TestCaseMain.java:180)
	at TempTestSuite1704125292372.run(TempTestSuite1704125292372.groovy:36)
	at java.base/jdk.internal.reflect.NativeMethodAccessorImpl.invoke0(Native Method)
	at java.base/jdk.internal.reflect.NativeMethodAccessorImpl.invoke(NativeMethodAccessorImpl.java:77)
	at java.base/jdk.internal.reflect.DelegatingMethodAccessorImpl.invoke(DelegatingMethodAccessorImpl.java:43)
Caused by: com.kms.katalon.core.exception.StepFailedException: Web element with id: 'Object Repository/Shared_alert/success_alert' located by 'By.cssSelector: #app > div.content-wrapper > section.content > div' is present after '1' second(s)
	at com.kms.katalon.core.webui.keyword.internal.WebUIKeywordMain.stepFailed(WebUIKeywordMain.groovy:64)
	at com.kms.katalon.core.webui.keyword.internal.WebUIKeywordMain$stepFailed$0.call(Unknown Source)
	at com.kms.katalon.core.webui.keyword.builtin.VerifyElementNotPresentKeyword$_verifyElementNotPresent_closure1.doCall(VerifyElementNotPresentKeyword.groovy:113)
	at com.kms.katalon.core.webui.keyword.builtin.VerifyElementNotPresentKeyword$_verifyElementNotPresent_closure1.doCall(VerifyElementNotPresentKeyword.groovy)
	at java.base/jdk.internal.reflect.NativeMethodAccessorImpl.invoke0(Native Method)
	at java.base/jdk.internal.reflect.NativeMethodAccessorImpl.invoke(NativeMethodAccessorImpl.java:77)
	at java.base/jdk.internal.reflect.DelegatingMethodAccessorImpl.invoke(DelegatingMethodAccessorImpl.java:43)
	at com.kms.katalon.core.webui.keyword.internal.WebUIKeywordMain.runKeyword(WebUIKeywordMain.groovy:20)
	... 21 more
)
[[ATTACHMENT|C:\\Users\\MODERN 15\\git\\G1_Firefly_testing\\Reports\\20240101_230812\\Piggy Bank\\20240101_230812\\1704125536996.png]]

01-01-2024T23:12:17 - [TEST_STEP][PASSED] - catch (Exception err): null

01-01-2024T23:12:17 - [TEST_STEP][PASSED] - verifyElementPresent(findTestObject("Shared_alert/success_alert"), 1): Object 'Object Repository/Shared_alert/success_alert' is present

01-01-2024T23:12:17 - [MESSAGE][PASSED] - Object 'Object Repository/Shared_alert/success_alert' is present

01-01-2024T23:12:17 - [TEST_STEP][PASSED] - out.println("success"): null

01-01-2024T23:12:17 - [TEST_STEP][PASSED] - closeBrowser(): Browser is closed

01-01-2024T23:12:17 - [MESSAGE][PASSED] - Browser is closed]]></system-out>
         <system-err><![CDATA[]]></system-err>
      </testcase>
      <system-out><![CDATA[01-01-2024T23:08:17 - [TEST_SUITE][FAILED] - Piggy Bank: Test Cases/Piggy Bank FAILED.
Reason:
com.kms.katalon.core.exception.StepFailedException: Unable to upload file 'C:\Users\MODERN 15\git\G1_Firefly_testing\Attachments File\65MiB.bin.csv' to object 'Object Repository/Piggy Bank/Page_New piggy bank  Piggy banks  Firefly III/button_upload'
	at com.kms.katalon.core.webui.keyword.internal.WebUIKeywordMain.stepFailed(WebUIKeywordMain.groovy:64)
	at com.kms.katalon.core.webui.keyword.internal.WebUIKeywordMain.runKeyword(WebUIKeywordMain.groovy:26)
	at com.kms.katalon.core.webui.keyword.builtin.UploadFileKeyword.uploadFile(UploadFileKeyword.groovy:87)
	at com.kms.katalon.core.webui.keyword.builtin.UploadFileKeyword.execute(UploadFileKeyword.groovy:68)
	at com.kms.katalon.core.keyword.internal.KeywordExecutor.executeKeywordForPlatform(KeywordExecutor.groovy:74)
	at com.kms.katalon.core.webui.keyword.WebUiBuiltInKeywords.uploadFile(WebUiBuiltInKeywords.groovy:4117)
	at Piggy Bank.run(Piggy Bank:54)
	at com.kms.katalon.core.main.ScriptEngine.run(ScriptEngine.java:194)
	at com.kms.katalon.core.main.ScriptEngine.runScriptAsRawText(ScriptEngine.java:119)
	at com.kms.katalon.core.main.TestCaseExecutor.runScript(TestCaseExecutor.java:448)
	at com.kms.katalon.core.main.TestCaseExecutor.doExecute(TestCaseExecutor.java:439)
	at com.kms.katalon.core.main.TestCaseExecutor.processExecutionPhase(TestCaseExecutor.java:418)
	at com.kms.katalon.core.main.TestCaseExecutor.accessMainPhase(TestCaseExecutor.java:410)
	at com.kms.katalon.core.main.TestCaseExecutor.execute(TestCaseExecutor.java:285)
	at com.kms.katalon.core.common.CommonExecutor.accessTestCaseMainPhase(CommonExecutor.java:65)
	at com.kms.katalon.core.main.TestSuiteExecutor.accessTestSuiteMainPhase(TestSuiteExecutor.java:148)
	at com.kms.katalon.core.main.TestSuiteExecutor.execute(TestSuiteExecutor.java:106)
	at com.kms.katalon.core.main.TestCaseMain.startTestSuite(TestCaseMain.java:180)
	at TempTestSuite1704125292372.run(TempTestSuite1704125292372.groovy:36)
	at java.base/jdk.internal.reflect.NativeMethodAccessorImpl.invoke0(Native Method)
	at java.base/jdk.internal.reflect.NativeMethodAccessorImpl.invoke(NativeMethodAccessorImpl.java:77)
	at java.base/jdk.internal.reflect.DelegatingMethodAccessorImpl.invoke(DelegatingMethodAccessorImpl.java:43)
Caused by: org.openqa.selenium.InvalidArgumentException: invalid argument: File not found : C:\Users\MODERN 15\git\G1_Firefly_testing\Attachments File\65MiB.bin.csv
  (Session info: chrome=120.0.6099.130)
Build info: version: '3.141.59', revision: 'e82be7d358', time: '2018-11-14T08:25:53'
System info: host: 'PHUC', ip: '192.168.1.4', os.name: 'Windows 11', os.arch: 'amd64', os.version: '10.0', java.version: '17.0.7'
Driver info: com.kms.katalon.selenium.driver.CChromeDriver
Capabilities {acceptInsecureCerts: false, browserName: chrome, browserVersion: 120.0.6099.130, chrome: {chromedriverVersion: 119.0.6045.105 (38c72552c5e..., userDataDir: C:\Users\MODERN~1\AppData\L...}, fedcm:accounts: true, goog:chromeOptions: {debuggerAddress: localhost:62169}, javascriptEnabled: true, networkConnectionEnabled: false, pageLoadStrategy: normal, platform: WINDOWS, platformName: WINDOWS, proxy: Proxy(), setWindowRect: true, strictFileInteractability: false, timeouts: {implicit: 0, pageLoad: 300000, script: 30000}, unhandledPromptBehavior: dismiss and notify, webauthn:extension:credBlob: true, webauthn:extension:largeBlob: true, webauthn:extension:minPinLength: true, webauthn:extension:prf: true, webauthn:virtualAuthenticators: true}
Session ID: 2bca0fc1b5674bf4e819a8834487425b
	at java.base/jdk.internal.reflect.NativeConstructorAccessorImpl.newInstance0(Native Method)
	at java.base/jdk.internal.reflect.NativeConstructorAccessorImpl.newInstance(NativeConstructorAccessorImpl.java:77)
	at java.base/jdk.internal.reflect.DelegatingConstructorAccessorImpl.newInstance(DelegatingConstructorAccessorImpl.java:45)
	at org.openqa.selenium.remote.http.W3CHttpResponseCodec.createException(W3CHttpResponseCodec.java:187)
	at org.openqa.selenium.remote.http.W3CHttpResponseCodec.decode(W3CHttpResponseCodec.java:122)
	at org.openqa.selenium.remote.http.W3CHttpResponseCodec.decode(W3CHttpResponseCodec.java:49)
	at org.openqa.selenium.remote.HttpCommandExecutor.execute(HttpCommandExecutor.java:158)
	at org.openqa.selenium.remote.service.DriverCommandExecutor.execute(DriverCommandExecutor.java:83)
	at org.openqa.selenium.remote.RemoteWebDriver.execute(RemoteWebDriver.java:552)
	at com.kms.katalon.selenium.driver.CChromeDriver.execute(CChromeDriver.java:19)
	at org.openqa.selenium.remote.RemoteWebElement.execute(RemoteWebElement.java:285)
	at org.openqa.selenium.remote.RemoteWebElement.sendKeys(RemoteWebElement.java:106)
	at jdk.internal.reflect.GeneratedMethodAccessor13.invoke(Unknown Source)
	at java.base/jdk.internal.reflect.DelegatingMethodAccessorImpl.invoke(DelegatingMethodAccessorImpl.java:43)
	at org.openqa.selenium.support.events.EventFiringWebDriver$EventFiringWebElement.lambda$new$0(EventFiringWebDriver.java:404)
	at jdk.proxy2/jdk.proxy2.$Proxy24.sendKeys(Unknown Source)
	at org.openqa.selenium.support.events.EventFiringWebDriver$EventFiringWebElement.sendKeys(EventFiringWebDriver.java:429)
	at com.kms.katalon.core.webui.keyword.builtin.UploadFileKeyword$_uploadFile_closure1.doCall(UploadFileKeyword.groovy:80)
	at com.kms.katalon.core.webui.keyword.builtin.UploadFileKeyword$_uploadFile_closure1.call(UploadFileKeyword.groovy)
	at com.kms.katalon.core.webui.keyword.internal.WebUIKeywordMain.runKeyword(WebUIKeywordMain.groovy:20)
	... 20 more]]></system-out>
      <system-err><![CDATA[01-01-2024T23:08:17 - [TEST_SUITE][FAILED] - Piggy Bank: Test Cases/Piggy Bank FAILED.
Reason:
com.kms.katalon.core.exception.StepFailedException: Unable to upload file 'C:\Users\MODERN 15\git\G1_Firefly_testing\Attachments File\65MiB.bin.csv' to object 'Object Repository/Piggy Bank/Page_New piggy bank  Piggy banks  Firefly III/button_upload'
	at com.kms.katalon.core.webui.keyword.internal.WebUIKeywordMain.stepFailed(WebUIKeywordMain.groovy:64)
	at com.kms.katalon.core.webui.keyword.internal.WebUIKeywordMain.runKeyword(WebUIKeywordMain.groovy:26)
	at com.kms.katalon.core.webui.keyword.builtin.UploadFileKeyword.uploadFile(UploadFileKeyword.groovy:87)
	at com.kms.katalon.core.webui.keyword.builtin.UploadFileKeyword.execute(UploadFileKeyword.groovy:68)
	at com.kms.katalon.core.keyword.internal.KeywordExecutor.executeKeywordForPlatform(KeywordExecutor.groovy:74)
	at com.kms.katalon.core.webui.keyword.WebUiBuiltInKeywords.uploadFile(WebUiBuiltInKeywords.groovy:4117)
	at Piggy Bank.run(Piggy Bank:54)
	at com.kms.katalon.core.main.ScriptEngine.run(ScriptEngine.java:194)
	at com.kms.katalon.core.main.ScriptEngine.runScriptAsRawText(ScriptEngine.java:119)
	at com.kms.katalon.core.main.TestCaseExecutor.runScript(TestCaseExecutor.java:448)
	at com.kms.katalon.core.main.TestCaseExecutor.doExecute(TestCaseExecutor.java:439)
	at com.kms.katalon.core.main.TestCaseExecutor.processExecutionPhase(TestCaseExecutor.java:418)
	at com.kms.katalon.core.main.TestCaseExecutor.accessMainPhase(TestCaseExecutor.java:410)
	at com.kms.katalon.core.main.TestCaseExecutor.execute(TestCaseExecutor.java:285)
	at com.kms.katalon.core.common.CommonExecutor.accessTestCaseMainPhase(CommonExecutor.java:65)
	at com.kms.katalon.core.main.TestSuiteExecutor.accessTestSuiteMainPhase(TestSuiteExecutor.java:148)
	at com.kms.katalon.core.main.TestSuiteExecutor.execute(TestSuiteExecutor.java:106)
	at com.kms.katalon.core.main.TestCaseMain.startTestSuite(TestCaseMain.java:180)
	at TempTestSuite1704125292372.run(TempTestSuite1704125292372.groovy:36)
	at java.base/jdk.internal.reflect.NativeMethodAccessorImpl.invoke0(Native Method)
	at java.base/jdk.internal.reflect.NativeMethodAccessorImpl.invoke(NativeMethodAccessorImpl.java:77)
	at java.base/jdk.internal.reflect.DelegatingMethodAccessorImpl.invoke(DelegatingMethodAccessorImpl.java:43)
Caused by: org.openqa.selenium.InvalidArgumentException: invalid argument: File not found : C:\Users\MODERN 15\git\G1_Firefly_testing\Attachments File\65MiB.bin.csv
  (Session info: chrome=120.0.6099.130)
Build info: version: '3.141.59', revision: 'e82be7d358', time: '2018-11-14T08:25:53'
System info: host: 'PHUC', ip: '192.168.1.4', os.name: 'Windows 11', os.arch: 'amd64', os.version: '10.0', java.version: '17.0.7'
Driver info: com.kms.katalon.selenium.driver.CChromeDriver
Capabilities {acceptInsecureCerts: false, browserName: chrome, browserVersion: 120.0.6099.130, chrome: {chromedriverVersion: 119.0.6045.105 (38c72552c5e..., userDataDir: C:\Users\MODERN~1\AppData\L...}, fedcm:accounts: true, goog:chromeOptions: {debuggerAddress: localhost:62169}, javascriptEnabled: true, networkConnectionEnabled: false, pageLoadStrategy: normal, platform: WINDOWS, platformName: WINDOWS, proxy: Proxy(), setWindowRect: true, strictFileInteractability: false, timeouts: {implicit: 0, pageLoad: 300000, script: 30000}, unhandledPromptBehavior: dismiss and notify, webauthn:extension:credBlob: true, webauthn:extension:largeBlob: true, webauthn:extension:minPinLength: true, webauthn:extension:prf: true, webauthn:virtualAuthenticators: true}
Session ID: 2bca0fc1b5674bf4e819a8834487425b
	at java.base/jdk.internal.reflect.NativeConstructorAccessorImpl.newInstance0(Native Method)
	at java.base/jdk.internal.reflect.NativeConstructorAccessorImpl.newInstance(NativeConstructorAccessorImpl.java:77)
	at java.base/jdk.internal.reflect.DelegatingConstructorAccessorImpl.newInstance(DelegatingConstructorAccessorImpl.java:45)
	at org.openqa.selenium.remote.http.W3CHttpResponseCodec.createException(W3CHttpResponseCodec.java:187)
	at org.openqa.selenium.remote.http.W3CHttpResponseCodec.decode(W3CHttpResponseCodec.java:122)
	at org.openqa.selenium.remote.http.W3CHttpResponseCodec.decode(W3CHttpResponseCodec.java:49)
	at org.openqa.selenium.remote.HttpCommandExecutor.execute(HttpCommandExecutor.java:158)
	at org.openqa.selenium.remote.service.DriverCommandExecutor.execute(DriverCommandExecutor.java:83)
	at org.openqa.selenium.remote.RemoteWebDriver.execute(RemoteWebDriver.java:552)
	at com.kms.katalon.selenium.driver.CChromeDriver.execute(CChromeDriver.java:19)
	at org.openqa.selenium.remote.RemoteWebElement.execute(RemoteWebElement.java:285)
	at org.openqa.selenium.remote.RemoteWebElement.sendKeys(RemoteWebElement.java:106)
	at jdk.internal.reflect.GeneratedMethodAccessor13.invoke(Unknown Source)
	at java.base/jdk.internal.reflect.DelegatingMethodAccessorImpl.invoke(DelegatingMethodAccessorImpl.java:43)
	at org.openqa.selenium.support.events.EventFiringWebDriver$EventFiringWebElement.lambda$new$0(EventFiringWebDriver.java:404)
	at jdk.proxy2/jdk.proxy2.$Proxy24.sendKeys(Unknown Source)
	at org.openqa.selenium.support.events.EventFiringWebDriver$EventFiringWebElement.sendKeys(EventFiringWebDriver.java:429)
	at com.kms.katalon.core.webui.keyword.builtin.UploadFileKeyword$_uploadFile_closure1.doCall(UploadFileKeyword.groovy:80)
	at com.kms.katalon.core.webui.keyword.builtin.UploadFileKeyword$_uploadFile_closure1.call(UploadFileKeyword.groovy)
	at com.kms.katalon.core.webui.keyword.internal.WebUIKeywordMain.runKeyword(WebUIKeywordMain.groovy:20)
	... 20 more]]></system-err>
   </testsuite>
</testsuites>
