<?xml version="1.0" encoding="UTF-8"?>
<testsuites name="Piggy Bank" time="246.035" tests="10" failures="1" errors="0">
   <testsuite name="Piggy Bank" tests="10" failures="1" errors="0" time="246.035" skipped="0" timestamp="01-01-2024T23:22:22" hostname="MODERN 15 - Phuc" id="Test Suites/Piggy Bank">
      <properties>
         <property name="deviceName" value=""/>
         <property name="devicePlatform" value=""/>
         <property name="logFolder" value="C:\\Users\\MODERN 15\\git\\G1_Firefly_testing\\Reports\\20240101_232218\\Piggy Bank\\20240101_232218"/>
         <property name="logFiles" value="C:\\Users\\MODERN 15\\git\\G1_Firefly_testing\\Reports\\20240101_232218\\Piggy Bank\\20240101_232218\\execution0.log"/>
         <property name="attachments" value="C:\\Users\\MODERN 15\\git\\G1_Firefly_testing\\Reports\\20240101_232218\\Piggy Bank\\20240101_232218\\1704126162653.png, C:\\Users\\MODERN 15\\git\\G1_Firefly_testing\\Reports\\20240101_232218\\Piggy Bank\\20240101_232218\\1704126162801.png, C:\\Users\\MODERN 15\\git\\G1_Firefly_testing\\Reports\\20240101_232218\\Piggy Bank\\20240101_232218\\1704126186306.png, C:\\Users\\MODERN 15\\git\\G1_Firefly_testing\\Reports\\20240101_232218\\Piggy Bank\\20240101_232218\\1704126186428.png, C:\\Users\\MODERN 15\\git\\G1_Firefly_testing\\Reports\\20240101_232218\\Piggy Bank\\20240101_232218\\1704126206029.png, C:\\Users\\MODERN 15\\git\\G1_Firefly_testing\\Reports\\20240101_232218\\Piggy Bank\\20240101_232218\\1704126206164.png, C:\\Users\\MODERN 15\\git\\G1_Firefly_testing\\Reports\\20240101_232218\\Piggy Bank\\20240101_232218\\1704126232766.png, C:\\Users\\MODERN 15\\git\\G1_Firefly_testing\\Reports\\20240101_232218\\Piggy Bank\\20240101_232218\\1704126232865.png, C:\\Users\\MODERN 15\\git\\G1_Firefly_testing\\Reports\\20240101_232218\\Piggy Bank\\20240101_232218\\1704126235034.png, C:\\Users\\MODERN 15\\git\\G1_Firefly_testing\\Reports\\20240101_232218\\Piggy Bank\\20240101_232218\\1704126235134.png, C:\\Users\\MODERN 15\\git\\G1_Firefly_testing\\Reports\\20240101_232218\\Piggy Bank\\20240101_232218\\1704126256486.png, C:\\Users\\MODERN 15\\git\\G1_Firefly_testing\\Reports\\20240101_232218\\Piggy Bank\\20240101_232218\\1704126256625.png, C:\\Users\\MODERN 15\\git\\G1_Firefly_testing\\Reports\\20240101_232218\\Piggy Bank\\20240101_232218\\1704126276296.png, C:\\Users\\MODERN 15\\git\\G1_Firefly_testing\\Reports\\20240101_232218\\Piggy Bank\\20240101_232218\\1704126276420.png, C:\\Users\\MODERN 15\\git\\G1_Firefly_testing\\Reports\\20240101_232218\\Piggy Bank\\20240101_232218\\1704126324765.png, C:\\Users\\MODERN 15\\git\\G1_Firefly_testing\\Reports\\20240101_232218\\Piggy Bank\\20240101_232218\\1704126324896.png, C:\\Users\\MODERN 15\\git\\G1_Firefly_testing\\Reports\\20240101_232218\\Piggy Bank\\20240101_232218\\1704126346223.png, C:\\Users\\MODERN 15\\git\\G1_Firefly_testing\\Reports\\20240101_232218\\Piggy Bank\\20240101_232218\\1704126346353.png, C:\\Users\\MODERN 15\\git\\G1_Firefly_testing\\Reports\\20240101_232218\\Piggy Bank\\20240101_232218\\1704126368649.png, C:\\Users\\MODERN 15\\git\\G1_Firefly_testing\\Reports\\20240101_232218\\Piggy Bank\\20240101_232218\\1704126368783.png, C:\\Users\\MODERN 15\\git\\G1_Firefly_testing\\Reports\\20240101_232218\\Piggy Bank\\20240101_232218\\1704126387894.png, C:\\Users\\MODERN 15\\git\\G1_Firefly_testing\\Reports\\20240101_232218\\Piggy Bank\\20240101_232218\\1704126388016.png"/>
         <property name="hostName" value="MODERN 15 - Phuc"/>
         <property name="os" value="Windows 11 64bit"/>
         <property name="katalonVersion" value="9.1.0.212"/>
         <property name="browser" value="Chrome 120.0.0.0"/>
         <property name="hostAddress" value="192.168.1.4"/>
         <property name="sessionId" value="47a0cb057b1a3a3cb9313e78cb61433d"/>
         <property name="seleniumVersion" value="3.141.59"/>
         <property name="proxyInformation" value="ProxyInformation { proxyOption=NO_PROXY, proxyServerType=HTTP, username=, password=********, proxyServerAddress=, proxyServerPort=0, executionList=&quot;&quot;, isApplyToDesiredCapabilities=true }"/>
         <property name="platform" value="Windows 11"/>
      </properties>
      <testcase name="Test Cases/Piggy Bank" time="20.644" classname="Test Cases/Piggy Bank" status="PASSED">
         <system-out><![CDATA[01-01-2024T23:22:22 - [TEST_CASE][PASSED] - Test Cases/Piggy Bank: Test Cases/Piggy Bank

01-01-2024T23:22:23 - [TEST_STEP][PASSED] - openBrowser(""): Browser is opened with url: ''

01-01-2024T23:22:23 - [MESSAGE][INFO] - Starting 'Chrome' driver

01-01-2024T23:22:23 - [MESSAGE][INFO] - Action delay is set to 0 milliseconds

01-01-2024T23:22:25 - [MESSAGE][PASSED] - Browser is opened with url: ''

01-01-2024T23:22:25 - [TEST_STEP][PASSED] - navigateToUrl("https://firefly.buudadawg.online/login"): Navigate to 'https://firefly.buudadawg.online/login' successfully

01-01-2024T23:22:28 - [MESSAGE][PASSED] - Navigate to 'https://firefly.buudadawg.online/login' successfully

01-01-2024T23:22:28 - [TEST_STEP][PASSED] - setText(findTestObject("Object Repository/Piggy Bank/Page_Login to Firefly III/input_email"), username): Text 'killermh1352@gmail.com' is set on object 'Object Repository/Piggy Bank/Page_Login to Firefly III/input_email'

01-01-2024T23:22:29 - [MESSAGE][PASSED] - Text 'killermh1352@gmail.com' is set on object 'Object Repository/Piggy Bank/Page_Login to Firefly III/input_email'

01-01-2024T23:22:29 - [TEST_STEP][PASSED] - setText(findTestObject("Object Repository/Piggy Bank/Page_Login to Firefly III/input_password"), password): Text 'tranvinhphuc2002' is set on object 'Object Repository/Piggy Bank/Page_Login to Firefly III/input_password'

01-01-2024T23:22:30 - [MESSAGE][PASSED] - Text 'tranvinhphuc2002' is set on object 'Object Repository/Piggy Bank/Page_Login to Firefly III/input_password'

01-01-2024T23:22:30 - [TEST_STEP][PASSED] - sendKeys(findTestObject("Object Repository/Piggy Bank/Page_Login to Firefly III/input_password"), Keys.chord(ENTER)): Keys 'ENTER + ' sent to object: 'Object Repository/Piggy Bank/Page_Login to Firefly III/input_password'

01-01-2024T23:22:31 - [MESSAGE][PASSED] - Keys 'ENTER + ' sent to object: 'Object Repository/Piggy Bank/Page_Login to Firefly III/input_password'

01-01-2024T23:22:31 - [TEST_STEP][PASSED] - click(findTestObject("Object Repository/Piggy Bank/Page_Whats playing  Firefly III/a_Piggy banks")): Object: 'Object Repository/Piggy Bank/Page_Whats playing  Firefly III/a_Piggy banks' is clicked on

01-01-2024T23:22:33 - [MESSAGE][PASSED] - Object: 'Object Repository/Piggy Bank/Page_Whats playing  Firefly III/a_Piggy banks' is clicked on

01-01-2024T23:22:33 - [TEST_STEP][PASSED] - click(findTestObject("Piggy Bank/Page_Piggy banks  Firefly III/a_Create new piggy bank")): Object: 'Object Repository/Piggy Bank/Page_Piggy banks  Firefly III/a_Create new piggy bank' is clicked on

01-01-2024T23:22:34 - [MESSAGE][PASSED] - Object: 'Object Repository/Piggy Bank/Page_Piggy banks  Firefly III/a_Create new piggy bank' is clicked on

01-01-2024T23:22:34 - [TEST_STEP][PASSED] - setText(findTestObject("Object Repository/Piggy Bank/Page_New piggy bank  Piggy banks  Firefly III/input_name"), name): Text 'Five9, Inc.' is set on object 'Object Repository/Piggy Bank/Page_New piggy bank  Piggy banks  Firefly III/input_name'

01-01-2024T23:22:35 - [MESSAGE][PASSED] - Text 'Five9, Inc.' is set on object 'Object Repository/Piggy Bank/Page_New piggy bank  Piggy banks  Firefly III/input_name'

01-01-2024T23:22:35 - [TEST_STEP][PASSED] - selectOptionByLabel(findTestObject("Object Repository/Piggy Bank/Page_New piggy bank  Piggy banks  Firefly III/select_My Savings AccountMy Asset Account"), save_on_account, true): All options with label 'My Asset Account' are selected in object 'Object Repository/Piggy Bank/Page_New piggy bank  Piggy banks  Firefly III/select_My Savings AccountMy Asset Account'  using regular expression

01-01-2024T23:22:35 - [MESSAGE][PASSED] - All options with label 'My Asset Account' are selected in object 'Object Repository/Piggy Bank/Page_New piggy bank  Piggy banks  Firefly III/select_My Savings AccountMy Asset Account'  using regular expression

01-01-2024T23:22:35 - [TEST_STEP][PASSED] - setText(findTestObject("Object Repository/Piggy Bank/Page_New piggy bank  Piggy banks  Firefly III/input_targetamount"), target_amount): Text '18528' is set on object 'Object Repository/Piggy Bank/Page_New piggy bank  Piggy banks  Firefly III/input_targetamount'

01-01-2024T23:22:36 - [MESSAGE][PASSED] - Text '18528' is set on object 'Object Repository/Piggy Bank/Page_New piggy bank  Piggy banks  Firefly III/input_targetamount'

01-01-2024T23:22:36 - [TEST_STEP][PASSED] - setText(findTestObject("Object Repository/Piggy Bank/Page_New piggy bank  Piggy banks  Firefly III/textarea_notes"), notes): Text '' is set on object 'Object Repository/Piggy Bank/Page_New piggy bank  Piggy banks  Firefly III/textarea_notes'

01-01-2024T23:22:37 - [MESSAGE][PASSED] - Text '' is set on object 'Object Repository/Piggy Bank/Page_New piggy bank  Piggy banks  Firefly III/textarea_notes'

01-01-2024T23:22:37 - [TEST_STEP][PASSED] - setText(findTestObject("Object Repository/Piggy Bank/Page_New piggy bank  Piggy banks  Firefly III/input_object_group"), group): Text '' is set on object 'Object Repository/Piggy Bank/Page_New piggy bank  Piggy banks  Firefly III/input_object_group'

01-01-2024T23:22:37 - [MESSAGE][PASSED] - Text '' is set on object 'Object Repository/Piggy Bank/Page_New piggy bank  Piggy banks  Firefly III/input_object_group'

01-01-2024T23:22:37 - [TEST_STEP][PASSED] - setText(findTestObject("Piggy Bank/Page_New piggy bank  Piggy banks  Firefly III/input_date"), target_date): Text '09/28/2023' is set on object 'Object Repository/Piggy Bank/Page_New piggy bank  Piggy banks  Firefly III/input_date'

01-01-2024T23:22:38 - [MESSAGE][PASSED] - Text '09/28/2023' is set on object 'Object Repository/Piggy Bank/Page_New piggy bank  Piggy banks  Firefly III/input_date'

01-01-2024T23:22:38 - [TEST_STEP][PASSED] - if (attachment): null

01-01-2024T23:22:38 - [TEST_STEP][PASSED] - click(findTestObject("Object Repository/Piggy Bank/Page_New piggy bank  Piggy banks  Firefly III/div_Mandatory fields                       _ed7e9e")): Object: 'Object Repository/Piggy Bank/Page_New piggy bank  Piggy banks  Firefly III/div_Mandatory fields                       _ed7e9e' is clicked on

01-01-2024T23:22:39 - [MESSAGE][PASSED] - Object: 'Object Repository/Piggy Bank/Page_New piggy bank  Piggy banks  Firefly III/div_Mandatory fields                       _ed7e9e' is clicked on

01-01-2024T23:22:39 - [TEST_STEP][PASSED] - click(findTestObject("Object Repository/Piggy Bank/Page_New piggy bank  Piggy banks  Firefly III/button_Store new piggy bank")): Object: 'Object Repository/Piggy Bank/Page_New piggy bank  Piggy banks  Firefly III/button_Store new piggy bank' is clicked on

01-01-2024T23:22:40 - [MESSAGE][PASSED] - Object: 'Object Repository/Piggy Bank/Page_New piggy bank  Piggy banks  Firefly III/button_Store new piggy bank' is clicked on

01-01-2024T23:22:40 - [TEST_STEP][FAILED] - try: Unable to verify object 'Object Repository/Shared_alert/success_alert' is not present (Root cause: com.kms.katalon.core.exception.StepFailedException: Unable to verify object 'Object Repository/Shared_alert/success_alert' is not present
	at com.kms.katalon.core.webui.keyword.internal.WebUIKeywordMain.stepFailed(WebUIKeywordMain.groovy:64)
	at com.kms.katalon.core.webui.keyword.internal.WebUIKeywordMain.runKeyword(WebUIKeywordMain.groovy:26)
	at com.kms.katalon.core.webui.keyword.internal.WebUIKeywordMain$runKeyword.call(Unknown Source)
	at com.kms.katalon.core.webui.keyword.builtin.VerifyElementNotPresentKeyword.verifyElementNotPresent(VerifyElementNotPresentKeyword.groovy:122)
	at com.kms.katalon.core.webui.keyword.builtin.VerifyElementNotPresentKeyword.execute(VerifyElementNotPresentKeyword.groovy:68)
	at com.kms.katalon.core.keyword.internal.KeywordExecutor.executeKeywordForPlatform(KeywordExecutor.groovy:74)
	at com.kms.katalon.core.webui.keyword.WebUiBuiltInKeywords.verifyElementNotPresent(WebUiBuiltInKeywords.groovy:1536)
	at Piggy Bank.run(Piggy Bank:64)
	at com.kms.katalon.core.main.ScriptEngine.run(ScriptEngine.java:194)
	at com.kms.katalon.core.main.ScriptEngine.runScriptAsRawText(ScriptEngine.java:119)
	at com.kms.katalon.core.main.TestCaseExecutor.runScript(TestCaseExecutor.java:448)
	at com.kms.katalon.core.main.TestCaseExecutor.doExecute(TestCaseExecutor.java:439)
	at com.kms.katalon.core.main.TestCaseExecutor.processExecutionPhase(TestCaseExecutor.java:418)
	at com.kms.katalon.core.main.TestCaseExecutor.accessMainPhase(TestCaseExecutor.java:410)
	at com.kms.katalon.core.main.TestCaseExecutor.execute(TestCaseExecutor.java:285)
	at com.kms.katalon.core.common.CommonExecutor.accessTestCaseMainPhase(CommonExecutor.java:65)
	at com.kms.katalon.core.main.TestSuiteExecutor.accessTestSuiteMainPhase(TestSuiteExecutor.java:148)
	at com.kms.katalon.core.main.TestSuiteExecutor.execute(TestSuiteExecutor.java:106)
	at com.kms.katalon.core.main.TestCaseMain.startTestSuite(TestCaseMain.java:180)
	at TempTestSuite1704126138119.run(TempTestSuite1704126138119.groovy:36)
	at java.base/jdk.internal.reflect.NativeMethodAccessorImpl.invoke0(Native Method)
	at java.base/jdk.internal.reflect.NativeMethodAccessorImpl.invoke(NativeMethodAccessorImpl.java:77)
	at java.base/jdk.internal.reflect.DelegatingMethodAccessorImpl.invoke(DelegatingMethodAccessorImpl.java:43)
Caused by: com.kms.katalon.core.exception.StepFailedException: Web element with id: 'Object Repository/Shared_alert/success_alert' located by 'By.cssSelector: #app > div.content-wrapper > section.content > div' is present after '1' second(s)
	at com.kms.katalon.core.webui.keyword.internal.WebUIKeywordMain.stepFailed(WebUIKeywordMain.groovy:64)
	at com.kms.katalon.core.webui.keyword.internal.WebUIKeywordMain$stepFailed$0.call(Unknown Source)
	at com.kms.katalon.core.webui.keyword.builtin.VerifyElementNotPresentKeyword$_verifyElementNotPresent_closure1.doCall(VerifyElementNotPresentKeyword.groovy:113)
	at com.kms.katalon.core.webui.keyword.builtin.VerifyElementNotPresentKeyword$_verifyElementNotPresent_closure1.doCall(VerifyElementNotPresentKeyword.groovy)
	at java.base/jdk.internal.reflect.NativeMethodAccessorImpl.invoke0(Native Method)
	at java.base/jdk.internal.reflect.NativeMethodAccessorImpl.invoke(NativeMethodAccessorImpl.java:77)
	at java.base/jdk.internal.reflect.DelegatingMethodAccessorImpl.invoke(DelegatingMethodAccessorImpl.java:43)
	at com.kms.katalon.core.webui.keyword.internal.WebUIKeywordMain.runKeyword(WebUIKeywordMain.groovy:20)
	... 21 more
)

01-01-2024T23:22:40 - [TEST_STEP][PASSED] - verifyElementPresent(findTestObject("Shared_alert/text_dangers"), 1): Object 'Object Repository/Shared_alert/text_dangers' is present

01-01-2024T23:22:41 - [MESSAGE][PASSED] - Object 'Object Repository/Shared_alert/text_dangers' is present

01-01-2024T23:22:41 - [TEST_STEP][FAILED] - verifyElementNotPresent(findTestObject("Shared_alert/success_alert"), 1): Unable to verify object 'Object Repository/Shared_alert/success_alert' is not present (Root cause: com.kms.katalon.core.exception.StepFailedException: Unable to verify object 'Object Repository/Shared_alert/success_alert' is not present
	at com.kms.katalon.core.webui.keyword.internal.WebUIKeywordMain.stepFailed(WebUIKeywordMain.groovy:64)
	at com.kms.katalon.core.webui.keyword.internal.WebUIKeywordMain.runKeyword(WebUIKeywordMain.groovy:26)
	at com.kms.katalon.core.webui.keyword.internal.WebUIKeywordMain$runKeyword.call(Unknown Source)
	at com.kms.katalon.core.webui.keyword.builtin.VerifyElementNotPresentKeyword.verifyElementNotPresent(VerifyElementNotPresentKeyword.groovy:122)
	at com.kms.katalon.core.webui.keyword.builtin.VerifyElementNotPresentKeyword.execute(VerifyElementNotPresentKeyword.groovy:68)
	at com.kms.katalon.core.keyword.internal.KeywordExecutor.executeKeywordForPlatform(KeywordExecutor.groovy:74)
	at com.kms.katalon.core.webui.keyword.WebUiBuiltInKeywords.verifyElementNotPresent(WebUiBuiltInKeywords.groovy:1536)
	at Piggy Bank.run(Piggy Bank:64)
	at com.kms.katalon.core.main.ScriptEngine.run(ScriptEngine.java:194)
	at com.kms.katalon.core.main.ScriptEngine.runScriptAsRawText(ScriptEngine.java:119)
	at com.kms.katalon.core.main.TestCaseExecutor.runScript(TestCaseExecutor.java:448)
	at com.kms.katalon.core.main.TestCaseExecutor.doExecute(TestCaseExecutor.java:439)
	at com.kms.katalon.core.main.TestCaseExecutor.processExecutionPhase(TestCaseExecutor.java:418)
	at com.kms.katalon.core.main.TestCaseExecutor.accessMainPhase(TestCaseExecutor.java:410)
	at com.kms.katalon.core.main.TestCaseExecutor.execute(TestCaseExecutor.java:285)
	at com.kms.katalon.core.common.CommonExecutor.accessTestCaseMainPhase(CommonExecutor.java:65)
	at com.kms.katalon.core.main.TestSuiteExecutor.accessTestSuiteMainPhase(TestSuiteExecutor.java:148)
	at com.kms.katalon.core.main.TestSuiteExecutor.execute(TestSuiteExecutor.java:106)
	at com.kms.katalon.core.main.TestCaseMain.startTestSuite(TestCaseMain.java:180)
	at TempTestSuite1704126138119.run(TempTestSuite1704126138119.groovy:36)
	at java.base/jdk.internal.reflect.NativeMethodAccessorImpl.invoke0(Native Method)
	at java.base/jdk.internal.reflect.NativeMethodAccessorImpl.invoke(NativeMethodAccessorImpl.java:77)
	at java.base/jdk.internal.reflect.DelegatingMethodAccessorImpl.invoke(DelegatingMethodAccessorImpl.java:43)
Caused by: com.kms.katalon.core.exception.StepFailedException: Web element with id: 'Object Repository/Shared_alert/success_alert' located by 'By.cssSelector: #app > div.content-wrapper > section.content > div' is present after '1' second(s)
	at com.kms.katalon.core.webui.keyword.internal.WebUIKeywordMain.stepFailed(WebUIKeywordMain.groovy:64)
	at com.kms.katalon.core.webui.keyword.internal.WebUIKeywordMain$stepFailed$0.call(Unknown Source)
	at com.kms.katalon.core.webui.keyword.builtin.VerifyElementNotPresentKeyword$_verifyElementNotPresent_closure1.doCall(VerifyElementNotPresentKeyword.groovy:113)
	at com.kms.katalon.core.webui.keyword.builtin.VerifyElementNotPresentKeyword$_verifyElementNotPresent_closure1.doCall(VerifyElementNotPresentKeyword.groovy)
	at java.base/jdk.internal.reflect.NativeMethodAccessorImpl.invoke0(Native Method)
	at java.base/jdk.internal.reflect.NativeMethodAccessorImpl.invoke(NativeMethodAccessorImpl.java:77)
	at java.base/jdk.internal.reflect.DelegatingMethodAccessorImpl.invoke(DelegatingMethodAccessorImpl.java:43)
	at com.kms.katalon.core.webui.keyword.internal.WebUIKeywordMain.runKeyword(WebUIKeywordMain.groovy:20)
	... 21 more
)

01-01-2024T23:22:42 - [MESSAGE][FAILED] - Web element with id: 'Object Repository/Shared_alert/success_alert' located by 'By.cssSelector: #app > div.content-wrapper > section.content > div' is present after '1' second(s) (Root cause: com.kms.katalon.core.exception.StepFailedException: Web element with id: 'Object Repository/Shared_alert/success_alert' located by 'By.cssSelector: #app > div.content-wrapper > section.content > div' is present after '1' second(s)
	at com.kms.katalon.core.webui.keyword.internal.WebUIKeywordMain.stepFailed(WebUIKeywordMain.groovy:64)
	at com.kms.katalon.core.webui.keyword.internal.WebUIKeywordMain$stepFailed$0.call(Unknown Source)
	at com.kms.katalon.core.webui.keyword.builtin.VerifyElementNotPresentKeyword$_verifyElementNotPresent_closure1.doCall(VerifyElementNotPresentKeyword.groovy:113)
	at com.kms.katalon.core.webui.keyword.builtin.VerifyElementNotPresentKeyword$_verifyElementNotPresent_closure1.doCall(VerifyElementNotPresentKeyword.groovy)
	at java.base/jdk.internal.reflect.NativeMethodAccessorImpl.invoke0(Native Method)
	at java.base/jdk.internal.reflect.NativeMethodAccessorImpl.invoke(NativeMethodAccessorImpl.java:77)
	at java.base/jdk.internal.reflect.DelegatingMethodAccessorImpl.invoke(DelegatingMethodAccessorImpl.java:43)
	at com.kms.katalon.core.webui.keyword.internal.WebUIKeywordMain.runKeyword(WebUIKeywordMain.groovy:20)
	at com.kms.katalon.core.webui.keyword.internal.WebUIKeywordMain$runKeyword.call(Unknown Source)
	at com.kms.katalon.core.webui.keyword.builtin.VerifyElementNotPresentKeyword.verifyElementNotPresent(VerifyElementNotPresentKeyword.groovy:122)
	at com.kms.katalon.core.webui.keyword.builtin.VerifyElementNotPresentKeyword.execute(VerifyElementNotPresentKeyword.groovy:68)
	at com.kms.katalon.core.keyword.internal.KeywordExecutor.executeKeywordForPlatform(KeywordExecutor.groovy:74)
	at com.kms.katalon.core.webui.keyword.WebUiBuiltInKeywords.verifyElementNotPresent(WebUiBuiltInKeywords.groovy:1536)
	at Piggy Bank.run(Piggy Bank:64)
	at com.kms.katalon.core.main.ScriptEngine.run(ScriptEngine.java:194)
	at com.kms.katalon.core.main.ScriptEngine.runScriptAsRawText(ScriptEngine.java:119)
	at com.kms.katalon.core.main.TestCaseExecutor.runScript(TestCaseExecutor.java:448)
	at com.kms.katalon.core.main.TestCaseExecutor.doExecute(TestCaseExecutor.java:439)
	at com.kms.katalon.core.main.TestCaseExecutor.processExecutionPhase(TestCaseExecutor.java:418)
	at com.kms.katalon.core.main.TestCaseExecutor.accessMainPhase(TestCaseExecutor.java:410)
	at com.kms.katalon.core.main.TestCaseExecutor.execute(TestCaseExecutor.java:285)
	at com.kms.katalon.core.common.CommonExecutor.accessTestCaseMainPhase(CommonExecutor.java:65)
	at com.kms.katalon.core.main.TestSuiteExecutor.accessTestSuiteMainPhase(TestSuiteExecutor.java:148)
	at com.kms.katalon.core.main.TestSuiteExecutor.execute(TestSuiteExecutor.java:106)
	at com.kms.katalon.core.main.TestCaseMain.startTestSuite(TestCaseMain.java:180)
	at TempTestSuite1704126138119.run(TempTestSuite1704126138119.groovy:36)
	at java.base/jdk.internal.reflect.NativeMethodAccessorImpl.invoke0(Native Method)
	at java.base/jdk.internal.reflect.NativeMethodAccessorImpl.invoke(NativeMethodAccessorImpl.java:77)
	at java.base/jdk.internal.reflect.DelegatingMethodAccessorImpl.invoke(DelegatingMethodAccessorImpl.java:43)
)
[[ATTACHMENT|C:\\Users\\MODERN 15\\git\\G1_Firefly_testing\\Reports\\20240101_232218\\Piggy Bank\\20240101_232218\\1704126162653.png]]

01-01-2024T23:22:42 - [MESSAGE][FAILED] - Unable to verify object 'Object Repository/Shared_alert/success_alert' is not present (Root cause: com.kms.katalon.core.exception.StepFailedException: Unable to verify object 'Object Repository/Shared_alert/success_alert' is not present
	at com.kms.katalon.core.webui.keyword.internal.WebUIKeywordMain.stepFailed(WebUIKeywordMain.groovy:64)
	at com.kms.katalon.core.webui.keyword.internal.WebUIKeywordMain.runKeyword(WebUIKeywordMain.groovy:26)
	at com.kms.katalon.core.webui.keyword.internal.WebUIKeywordMain$runKeyword.call(Unknown Source)
	at com.kms.katalon.core.webui.keyword.builtin.VerifyElementNotPresentKeyword.verifyElementNotPresent(VerifyElementNotPresentKeyword.groovy:122)
	at com.kms.katalon.core.webui.keyword.builtin.VerifyElementNotPresentKeyword.execute(VerifyElementNotPresentKeyword.groovy:68)
	at com.kms.katalon.core.keyword.internal.KeywordExecutor.executeKeywordForPlatform(KeywordExecutor.groovy:74)
	at com.kms.katalon.core.webui.keyword.WebUiBuiltInKeywords.verifyElementNotPresent(WebUiBuiltInKeywords.groovy:1536)
	at Piggy Bank.run(Piggy Bank:64)
	at com.kms.katalon.core.main.ScriptEngine.run(ScriptEngine.java:194)
	at com.kms.katalon.core.main.ScriptEngine.runScriptAsRawText(ScriptEngine.java:119)
	at com.kms.katalon.core.main.TestCaseExecutor.runScript(TestCaseExecutor.java:448)
	at com.kms.katalon.core.main.TestCaseExecutor.doExecute(TestCaseExecutor.java:439)
	at com.kms.katalon.core.main.TestCaseExecutor.processExecutionPhase(TestCaseExecutor.java:418)
	at com.kms.katalon.core.main.TestCaseExecutor.accessMainPhase(TestCaseExecutor.java:410)
	at com.kms.katalon.core.main.TestCaseExecutor.execute(TestCaseExecutor.java:285)
	at com.kms.katalon.core.common.CommonExecutor.accessTestCaseMainPhase(CommonExecutor.java:65)
	at com.kms.katalon.core.main.TestSuiteExecutor.accessTestSuiteMainPhase(TestSuiteExecutor.java:148)
	at com.kms.katalon.core.main.TestSuiteExecutor.execute(TestSuiteExecutor.java:106)
	at com.kms.katalon.core.main.TestCaseMain.startTestSuite(TestCaseMain.java:180)
	at TempTestSuite1704126138119.run(TempTestSuite1704126138119.groovy:36)
	at java.base/jdk.internal.reflect.NativeMethodAccessorImpl.invoke0(Native Method)
	at java.base/jdk.internal.reflect.NativeMethodAccessorImpl.invoke(NativeMethodAccessorImpl.java:77)
	at java.base/jdk.internal.reflect.DelegatingMethodAccessorImpl.invoke(DelegatingMethodAccessorImpl.java:43)
Caused by: com.kms.katalon.core.exception.StepFailedException: Web element with id: 'Object Repository/Shared_alert/success_alert' located by 'By.cssSelector: #app > div.content-wrapper > section.content > div' is present after '1' second(s)
	at com.kms.katalon.core.webui.keyword.internal.WebUIKeywordMain.stepFailed(WebUIKeywordMain.groovy:64)
	at com.kms.katalon.core.webui.keyword.internal.WebUIKeywordMain$stepFailed$0.call(Unknown Source)
	at com.kms.katalon.core.webui.keyword.builtin.VerifyElementNotPresentKeyword$_verifyElementNotPresent_closure1.doCall(VerifyElementNotPresentKeyword.groovy:113)
	at com.kms.katalon.core.webui.keyword.builtin.VerifyElementNotPresentKeyword$_verifyElementNotPresent_closure1.doCall(VerifyElementNotPresentKeyword.groovy)
	at java.base/jdk.internal.reflect.NativeMethodAccessorImpl.invoke0(Native Method)
	at java.base/jdk.internal.reflect.NativeMethodAccessorImpl.invoke(NativeMethodAccessorImpl.java:77)
	at java.base/jdk.internal.reflect.DelegatingMethodAccessorImpl.invoke(DelegatingMethodAccessorImpl.java:43)
	at com.kms.katalon.core.webui.keyword.internal.WebUIKeywordMain.runKeyword(WebUIKeywordMain.groovy:20)
	... 21 more
)
[[ATTACHMENT|C:\\Users\\MODERN 15\\git\\G1_Firefly_testing\\Reports\\20240101_232218\\Piggy Bank\\20240101_232218\\1704126162801.png]]

01-01-2024T23:22:42 - [TEST_STEP][PASSED] - catch (Exception err): null

01-01-2024T23:22:42 - [TEST_STEP][PASSED] - verifyElementPresent(findTestObject("Shared_alert/success_alert"), 1): Object 'Object Repository/Shared_alert/success_alert' is present

01-01-2024T23:22:43 - [MESSAGE][PASSED] - Object 'Object Repository/Shared_alert/success_alert' is present

01-01-2024T23:22:43 - [TEST_STEP][PASSED] - out.println("success"): null

01-01-2024T23:22:43 - [TEST_STEP][PASSED] - closeBrowser(): Browser is closed

01-01-2024T23:22:43 - [MESSAGE][PASSED] - Browser is closed]]></system-out>
         <system-err><![CDATA[]]></system-err>
      </testcase>
      <testcase name="Test Cases/Piggy Bank" time="23.427" classname="Test Cases/Piggy Bank" status="PASSED">
         <system-out><![CDATA[01-01-2024T23:22:43 - [TEST_CASE][PASSED] - Test Cases/Piggy Bank: Test Cases/Piggy Bank

01-01-2024T23:22:43 - [TEST_STEP][PASSED] - openBrowser(""): Browser is opened with url: ''

01-01-2024T23:22:43 - [MESSAGE][INFO] - Starting 'Chrome' driver

01-01-2024T23:22:43 - [MESSAGE][INFO] - Action delay is set to 0 milliseconds

01-01-2024T23:22:44 - [MESSAGE][PASSED] - Browser is opened with url: ''

01-01-2024T23:22:44 - [TEST_STEP][PASSED] - navigateToUrl("https://firefly.buudadawg.online/login"): Navigate to 'https://firefly.buudadawg.online/login' successfully

01-01-2024T23:22:47 - [MESSAGE][PASSED] - Navigate to 'https://firefly.buudadawg.online/login' successfully

01-01-2024T23:22:47 - [TEST_STEP][PASSED] - setText(findTestObject("Object Repository/Piggy Bank/Page_Login to Firefly III/input_email"), username): Text 'killermh1352@gmail.com' is set on object 'Object Repository/Piggy Bank/Page_Login to Firefly III/input_email'

01-01-2024T23:22:48 - [MESSAGE][PASSED] - Text 'killermh1352@gmail.com' is set on object 'Object Repository/Piggy Bank/Page_Login to Firefly III/input_email'

01-01-2024T23:22:48 - [TEST_STEP][PASSED] - setText(findTestObject("Object Repository/Piggy Bank/Page_Login to Firefly III/input_password"), password): Text 'tranvinhphuc2002' is set on object 'Object Repository/Piggy Bank/Page_Login to Firefly III/input_password'

01-01-2024T23:22:48 - [MESSAGE][PASSED] - Text 'tranvinhphuc2002' is set on object 'Object Repository/Piggy Bank/Page_Login to Firefly III/input_password'

01-01-2024T23:22:48 - [TEST_STEP][PASSED] - sendKeys(findTestObject("Object Repository/Piggy Bank/Page_Login to Firefly III/input_password"), Keys.chord(ENTER)): Keys 'ENTER + ' sent to object: 'Object Repository/Piggy Bank/Page_Login to Firefly III/input_password'

01-01-2024T23:22:49 - [MESSAGE][PASSED] - Keys 'ENTER + ' sent to object: 'Object Repository/Piggy Bank/Page_Login to Firefly III/input_password'

01-01-2024T23:22:49 - [TEST_STEP][PASSED] - click(findTestObject("Object Repository/Piggy Bank/Page_Whats playing  Firefly III/a_Piggy banks")): Object: 'Object Repository/Piggy Bank/Page_Whats playing  Firefly III/a_Piggy banks' is clicked on

01-01-2024T23:22:52 - [MESSAGE][PASSED] - Object: 'Object Repository/Piggy Bank/Page_Whats playing  Firefly III/a_Piggy banks' is clicked on

01-01-2024T23:22:52 - [TEST_STEP][PASSED] - click(findTestObject("Piggy Bank/Page_Piggy banks  Firefly III/a_Create new piggy bank")): Object: 'Object Repository/Piggy Bank/Page_Piggy banks  Firefly III/a_Create new piggy bank' is clicked on

01-01-2024T23:22:53 - [MESSAGE][PASSED] - Object: 'Object Repository/Piggy Bank/Page_Piggy banks  Firefly III/a_Create new piggy bank' is clicked on

01-01-2024T23:22:53 - [TEST_STEP][PASSED] - setText(findTestObject("Object Repository/Piggy Bank/Page_New piggy bank  Piggy banks  Firefly III/input_name"), name): Text 'Catasys, Inc.' is set on object 'Object Repository/Piggy Bank/Page_New piggy bank  Piggy banks  Firefly III/input_name'

01-01-2024T23:22:53 - [MESSAGE][PASSED] - Text 'Catasys, Inc.' is set on object 'Object Repository/Piggy Bank/Page_New piggy bank  Piggy banks  Firefly III/input_name'

01-01-2024T23:22:53 - [TEST_STEP][PASSED] - selectOptionByLabel(findTestObject("Object Repository/Piggy Bank/Page_New piggy bank  Piggy banks  Firefly III/select_My Savings AccountMy Asset Account"), save_on_account, true): All options with label 'My Asset Account' are selected in object 'Object Repository/Piggy Bank/Page_New piggy bank  Piggy banks  Firefly III/select_My Savings AccountMy Asset Account'  using regular expression

01-01-2024T23:22:54 - [MESSAGE][PASSED] - All options with label 'My Asset Account' are selected in object 'Object Repository/Piggy Bank/Page_New piggy bank  Piggy banks  Firefly III/select_My Savings AccountMy Asset Account'  using regular expression

01-01-2024T23:22:54 - [TEST_STEP][PASSED] - setText(findTestObject("Object Repository/Piggy Bank/Page_New piggy bank  Piggy banks  Firefly III/input_targetamount"), target_amount): Text '54646' is set on object 'Object Repository/Piggy Bank/Page_New piggy bank  Piggy banks  Firefly III/input_targetamount'

01-01-2024T23:22:55 - [MESSAGE][PASSED] - Text '54646' is set on object 'Object Repository/Piggy Bank/Page_New piggy bank  Piggy banks  Firefly III/input_targetamount'

01-01-2024T23:22:55 - [TEST_STEP][PASSED] - setText(findTestObject("Object Repository/Piggy Bank/Page_New piggy bank  Piggy banks  Firefly III/textarea_notes"), notes): Text 'aenean auctor gravida sem praesent id massa id nisl venenatis lacinia aenean sit amet justo morbi ut odio cras mi pede malesuada in imperdiet et commodo vulputate justo in blandit ultrices enim lorem ipsum dolor sit amet consectetuer adipiscing elit proin interdum mauris non ligula pellentesque ultrices phasellus id sapien in sapien iaculis congue vivamus metus arcu adipiscing molestie hendrerit at vulputate vitae nisl aenean lectus pellentesque eget nunc donec quis orci eget orci vehicula condimentum curabitur in libero ut massa volutpat convallis morbi odio odio elementum eu interdum eu tincidunt in leo maecenas pulvinar lobortis est phasellus sit amet erat nulla tempus vivamus in felis eu sapien cursus vestibulum proin eu mi nulla ac enim in tempor turpis nec euismod scelerisque quam turpis adipiscing lorem vitae mattis nibh ligula nec sem duis aliquam convallis nunc proin at turpis a pede posuere nonummy integer non velit donec diam neque vestibulum eget vulputate ut ultrices vel augue vestibulum ante ipsum primis in faucibus orci luctus et ultrices posuere cubilia curae donec pharetra magna vestibulum aliquet ultrices erat tortor sollicitudin mi sit amet lobortis sapien sapien non mi integer ac neque duis bibendum morbi non quam nec dui luctus rutrum nulla tellus in sagittis dui vel nisl duis' is set on object 'Object Repository/Piggy Bank/Page_New piggy bank  Piggy banks  Firefly III/textarea_notes'

01-01-2024T23:22:59 - [MESSAGE][PASSED] - Text 'aenean auctor gravida sem praesent id massa id nisl venenatis lacinia aenean sit amet justo morbi ut odio cras mi pede malesuada in imperdiet et commodo vulputate justo in blandit ultrices enim lorem ipsum dolor sit amet consectetuer adipiscing elit proin interdum mauris non ligula pellentesque ultrices phasellus id sapien in sapien iaculis congue vivamus metus arcu adipiscing molestie hendrerit at vulputate vitae nisl aenean lectus pellentesque eget nunc donec quis orci eget orci vehicula condimentum curabitur in libero ut massa volutpat convallis morbi odio odio elementum eu interdum eu tincidunt in leo maecenas pulvinar lobortis est phasellus sit amet erat nulla tempus vivamus in felis eu sapien cursus vestibulum proin eu mi nulla ac enim in tempor turpis nec euismod scelerisque quam turpis adipiscing lorem vitae mattis nibh ligula nec sem duis aliquam convallis nunc proin at turpis a pede posuere nonummy integer non velit donec diam neque vestibulum eget vulputate ut ultrices vel augue vestibulum ante ipsum primis in faucibus orci luctus et ultrices posuere cubilia curae donec pharetra magna vestibulum aliquet ultrices erat tortor sollicitudin mi sit amet lobortis sapien sapien non mi integer ac neque duis bibendum morbi non quam nec dui luctus rutrum nulla tellus in sagittis dui vel nisl duis' is set on object 'Object Repository/Piggy Bank/Page_New piggy bank  Piggy banks  Firefly III/textarea_notes'

01-01-2024T23:22:59 - [TEST_STEP][PASSED] - setText(findTestObject("Object Repository/Piggy Bank/Page_New piggy bank  Piggy banks  Firefly III/input_object_group"), group): Text '' is set on object 'Object Repository/Piggy Bank/Page_New piggy bank  Piggy banks  Firefly III/input_object_group'

01-01-2024T23:22:59 - [MESSAGE][PASSED] - Text '' is set on object 'Object Repository/Piggy Bank/Page_New piggy bank  Piggy banks  Firefly III/input_object_group'

01-01-2024T23:22:59 - [TEST_STEP][PASSED] - setText(findTestObject("Piggy Bank/Page_New piggy bank  Piggy banks  Firefly III/input_date"), target_date): Text '' is set on object 'Object Repository/Piggy Bank/Page_New piggy bank  Piggy banks  Firefly III/input_date'

01-01-2024T23:23:00 - [MESSAGE][PASSED] - Text '' is set on object 'Object Repository/Piggy Bank/Page_New piggy bank  Piggy banks  Firefly III/input_date'

01-01-2024T23:23:00 - [TEST_STEP][PASSED] - if (attachment): null

01-01-2024T23:23:00 - [TEST_STEP][PASSED] - click(findTestObject("Object Repository/Piggy Bank/Page_New piggy bank  Piggy banks  Firefly III/div_Mandatory fields                       _ed7e9e")): Object: 'Object Repository/Piggy Bank/Page_New piggy bank  Piggy banks  Firefly III/div_Mandatory fields                       _ed7e9e' is clicked on

01-01-2024T23:23:00 - [MESSAGE][PASSED] - Object: 'Object Repository/Piggy Bank/Page_New piggy bank  Piggy banks  Firefly III/div_Mandatory fields                       _ed7e9e' is clicked on

01-01-2024T23:23:00 - [TEST_STEP][PASSED] - click(findTestObject("Object Repository/Piggy Bank/Page_New piggy bank  Piggy banks  Firefly III/button_Store new piggy bank")): Object: 'Object Repository/Piggy Bank/Page_New piggy bank  Piggy banks  Firefly III/button_Store new piggy bank' is clicked on

01-01-2024T23:23:04 - [MESSAGE][PASSED] - Object: 'Object Repository/Piggy Bank/Page_New piggy bank  Piggy banks  Firefly III/button_Store new piggy bank' is clicked on

01-01-2024T23:23:04 - [TEST_STEP][FAILED] - try: Unable to verify object 'Object Repository/Shared_alert/success_alert' is not present (Root cause: com.kms.katalon.core.exception.StepFailedException: Unable to verify object 'Object Repository/Shared_alert/success_alert' is not present
	at com.kms.katalon.core.webui.keyword.internal.WebUIKeywordMain.stepFailed(WebUIKeywordMain.groovy:64)
	at com.kms.katalon.core.webui.keyword.internal.WebUIKeywordMain.runKeyword(WebUIKeywordMain.groovy:26)
	at com.kms.katalon.core.webui.keyword.internal.WebUIKeywordMain$runKeyword.call(Unknown Source)
	at com.kms.katalon.core.webui.keyword.builtin.VerifyElementNotPresentKeyword.verifyElementNotPresent(VerifyElementNotPresentKeyword.groovy:122)
	at com.kms.katalon.core.webui.keyword.builtin.VerifyElementNotPresentKeyword.execute(VerifyElementNotPresentKeyword.groovy:68)
	at com.kms.katalon.core.keyword.internal.KeywordExecutor.executeKeywordForPlatform(KeywordExecutor.groovy:74)
	at com.kms.katalon.core.webui.keyword.WebUiBuiltInKeywords.verifyElementNotPresent(WebUiBuiltInKeywords.groovy:1536)
	at Piggy Bank.run(Piggy Bank:64)
	at com.kms.katalon.core.main.ScriptEngine.run(ScriptEngine.java:194)
	at com.kms.katalon.core.main.ScriptEngine.runScriptAsRawText(ScriptEngine.java:119)
	at com.kms.katalon.core.main.TestCaseExecutor.runScript(TestCaseExecutor.java:448)
	at com.kms.katalon.core.main.TestCaseExecutor.doExecute(TestCaseExecutor.java:439)
	at com.kms.katalon.core.main.TestCaseExecutor.processExecutionPhase(TestCaseExecutor.java:418)
	at com.kms.katalon.core.main.TestCaseExecutor.accessMainPhase(TestCaseExecutor.java:410)
	at com.kms.katalon.core.main.TestCaseExecutor.execute(TestCaseExecutor.java:285)
	at com.kms.katalon.core.common.CommonExecutor.accessTestCaseMainPhase(CommonExecutor.java:65)
	at com.kms.katalon.core.main.TestSuiteExecutor.accessTestSuiteMainPhase(TestSuiteExecutor.java:148)
	at com.kms.katalon.core.main.TestSuiteExecutor.execute(TestSuiteExecutor.java:106)
	at com.kms.katalon.core.main.TestCaseMain.startTestSuite(TestCaseMain.java:180)
	at TempTestSuite1704126138119.run(TempTestSuite1704126138119.groovy:36)
	at java.base/jdk.internal.reflect.NativeMethodAccessorImpl.invoke0(Native Method)
	at java.base/jdk.internal.reflect.NativeMethodAccessorImpl.invoke(NativeMethodAccessorImpl.java:77)
	at java.base/jdk.internal.reflect.DelegatingMethodAccessorImpl.invoke(DelegatingMethodAccessorImpl.java:43)
Caused by: com.kms.katalon.core.exception.StepFailedException: Web element with id: 'Object Repository/Shared_alert/success_alert' located by 'By.cssSelector: #app > div.content-wrapper > section.content > div' is present after '1' second(s)
	at com.kms.katalon.core.webui.keyword.internal.WebUIKeywordMain.stepFailed(WebUIKeywordMain.groovy:64)
	at com.kms.katalon.core.webui.keyword.internal.WebUIKeywordMain$stepFailed$0.call(Unknown Source)
	at com.kms.katalon.core.webui.keyword.builtin.VerifyElementNotPresentKeyword$_verifyElementNotPresent_closure1.doCall(VerifyElementNotPresentKeyword.groovy:113)
	at com.kms.katalon.core.webui.keyword.builtin.VerifyElementNotPresentKeyword$_verifyElementNotPresent_closure1.doCall(VerifyElementNotPresentKeyword.groovy)
	at java.base/jdk.internal.reflect.NativeMethodAccessorImpl.invoke0(Native Method)
	at java.base/jdk.internal.reflect.NativeMethodAccessorImpl.invoke(NativeMethodAccessorImpl.java:77)
	at java.base/jdk.internal.reflect.DelegatingMethodAccessorImpl.invoke(DelegatingMethodAccessorImpl.java:43)
	at com.kms.katalon.core.webui.keyword.internal.WebUIKeywordMain.runKeyword(WebUIKeywordMain.groovy:20)
	... 21 more
)

01-01-2024T23:23:04 - [TEST_STEP][PASSED] - verifyElementPresent(findTestObject("Shared_alert/text_dangers"), 1): Object 'Object Repository/Shared_alert/text_dangers' is present

01-01-2024T23:23:05 - [MESSAGE][PASSED] - Object 'Object Repository/Shared_alert/text_dangers' is present

01-01-2024T23:23:05 - [TEST_STEP][FAILED] - verifyElementNotPresent(findTestObject("Shared_alert/success_alert"), 1): Unable to verify object 'Object Repository/Shared_alert/success_alert' is not present (Root cause: com.kms.katalon.core.exception.StepFailedException: Unable to verify object 'Object Repository/Shared_alert/success_alert' is not present
	at com.kms.katalon.core.webui.keyword.internal.WebUIKeywordMain.stepFailed(WebUIKeywordMain.groovy:64)
	at com.kms.katalon.core.webui.keyword.internal.WebUIKeywordMain.runKeyword(WebUIKeywordMain.groovy:26)
	at com.kms.katalon.core.webui.keyword.internal.WebUIKeywordMain$runKeyword.call(Unknown Source)
	at com.kms.katalon.core.webui.keyword.builtin.VerifyElementNotPresentKeyword.verifyElementNotPresent(VerifyElementNotPresentKeyword.groovy:122)
	at com.kms.katalon.core.webui.keyword.builtin.VerifyElementNotPresentKeyword.execute(VerifyElementNotPresentKeyword.groovy:68)
	at com.kms.katalon.core.keyword.internal.KeywordExecutor.executeKeywordForPlatform(KeywordExecutor.groovy:74)
	at com.kms.katalon.core.webui.keyword.WebUiBuiltInKeywords.verifyElementNotPresent(WebUiBuiltInKeywords.groovy:1536)
	at Piggy Bank.run(Piggy Bank:64)
	at com.kms.katalon.core.main.ScriptEngine.run(ScriptEngine.java:194)
	at com.kms.katalon.core.main.ScriptEngine.runScriptAsRawText(ScriptEngine.java:119)
	at com.kms.katalon.core.main.TestCaseExecutor.runScript(TestCaseExecutor.java:448)
	at com.kms.katalon.core.main.TestCaseExecutor.doExecute(TestCaseExecutor.java:439)
	at com.kms.katalon.core.main.TestCaseExecutor.processExecutionPhase(TestCaseExecutor.java:418)
	at com.kms.katalon.core.main.TestCaseExecutor.accessMainPhase(TestCaseExecutor.java:410)
	at com.kms.katalon.core.main.TestCaseExecutor.execute(TestCaseExecutor.java:285)
	at com.kms.katalon.core.common.CommonExecutor.accessTestCaseMainPhase(CommonExecutor.java:65)
	at com.kms.katalon.core.main.TestSuiteExecutor.accessTestSuiteMainPhase(TestSuiteExecutor.java:148)
	at com.kms.katalon.core.main.TestSuiteExecutor.execute(TestSuiteExecutor.java:106)
	at com.kms.katalon.core.main.TestCaseMain.startTestSuite(TestCaseMain.java:180)
	at TempTestSuite1704126138119.run(TempTestSuite1704126138119.groovy:36)
	at java.base/jdk.internal.reflect.NativeMethodAccessorImpl.invoke0(Native Method)
	at java.base/jdk.internal.reflect.NativeMethodAccessorImpl.invoke(NativeMethodAccessorImpl.java:77)
	at java.base/jdk.internal.reflect.DelegatingMethodAccessorImpl.invoke(DelegatingMethodAccessorImpl.java:43)
Caused by: com.kms.katalon.core.exception.StepFailedException: Web element with id: 'Object Repository/Shared_alert/success_alert' located by 'By.cssSelector: #app > div.content-wrapper > section.content > div' is present after '1' second(s)
	at com.kms.katalon.core.webui.keyword.internal.WebUIKeywordMain.stepFailed(WebUIKeywordMain.groovy:64)
	at com.kms.katalon.core.webui.keyword.internal.WebUIKeywordMain$stepFailed$0.call(Unknown Source)
	at com.kms.katalon.core.webui.keyword.builtin.VerifyElementNotPresentKeyword$_verifyElementNotPresent_closure1.doCall(VerifyElementNotPresentKeyword.groovy:113)
	at com.kms.katalon.core.webui.keyword.builtin.VerifyElementNotPresentKeyword$_verifyElementNotPresent_closure1.doCall(VerifyElementNotPresentKeyword.groovy)
	at java.base/jdk.internal.reflect.NativeMethodAccessorImpl.invoke0(Native Method)
	at java.base/jdk.internal.reflect.NativeMethodAccessorImpl.invoke(NativeMethodAccessorImpl.java:77)
	at java.base/jdk.internal.reflect.DelegatingMethodAccessorImpl.invoke(DelegatingMethodAccessorImpl.java:43)
	at com.kms.katalon.core.webui.keyword.internal.WebUIKeywordMain.runKeyword(WebUIKeywordMain.groovy:20)
	... 21 more
)

01-01-2024T23:23:06 - [MESSAGE][FAILED] - Web element with id: 'Object Repository/Shared_alert/success_alert' located by 'By.cssSelector: #app > div.content-wrapper > section.content > div' is present after '1' second(s) (Root cause: com.kms.katalon.core.exception.StepFailedException: Web element with id: 'Object Repository/Shared_alert/success_alert' located by 'By.cssSelector: #app > div.content-wrapper > section.content > div' is present after '1' second(s)
	at com.kms.katalon.core.webui.keyword.internal.WebUIKeywordMain.stepFailed(WebUIKeywordMain.groovy:64)
	at com.kms.katalon.core.webui.keyword.internal.WebUIKeywordMain$stepFailed$0.call(Unknown Source)
	at com.kms.katalon.core.webui.keyword.builtin.VerifyElementNotPresentKeyword$_verifyElementNotPresent_closure1.doCall(VerifyElementNotPresentKeyword.groovy:113)
	at com.kms.katalon.core.webui.keyword.builtin.VerifyElementNotPresentKeyword$_verifyElementNotPresent_closure1.doCall(VerifyElementNotPresentKeyword.groovy)
	at java.base/jdk.internal.reflect.NativeMethodAccessorImpl.invoke0(Native Method)
	at java.base/jdk.internal.reflect.NativeMethodAccessorImpl.invoke(NativeMethodAccessorImpl.java:77)
	at java.base/jdk.internal.reflect.DelegatingMethodAccessorImpl.invoke(DelegatingMethodAccessorImpl.java:43)
	at com.kms.katalon.core.webui.keyword.internal.WebUIKeywordMain.runKeyword(WebUIKeywordMain.groovy:20)
	at com.kms.katalon.core.webui.keyword.internal.WebUIKeywordMain$runKeyword.call(Unknown Source)
	at com.kms.katalon.core.webui.keyword.builtin.VerifyElementNotPresentKeyword.verifyElementNotPresent(VerifyElementNotPresentKeyword.groovy:122)
	at com.kms.katalon.core.webui.keyword.builtin.VerifyElementNotPresentKeyword.execute(VerifyElementNotPresentKeyword.groovy:68)
	at com.kms.katalon.core.keyword.internal.KeywordExecutor.executeKeywordForPlatform(KeywordExecutor.groovy:74)
	at com.kms.katalon.core.webui.keyword.WebUiBuiltInKeywords.verifyElementNotPresent(WebUiBuiltInKeywords.groovy:1536)
	at Piggy Bank.run(Piggy Bank:64)
	at com.kms.katalon.core.main.ScriptEngine.run(ScriptEngine.java:194)
	at com.kms.katalon.core.main.ScriptEngine.runScriptAsRawText(ScriptEngine.java:119)
	at com.kms.katalon.core.main.TestCaseExecutor.runScript(TestCaseExecutor.java:448)
	at com.kms.katalon.core.main.TestCaseExecutor.doExecute(TestCaseExecutor.java:439)
	at com.kms.katalon.core.main.TestCaseExecutor.processExecutionPhase(TestCaseExecutor.java:418)
	at com.kms.katalon.core.main.TestCaseExecutor.accessMainPhase(TestCaseExecutor.java:410)
	at com.kms.katalon.core.main.TestCaseExecutor.execute(TestCaseExecutor.java:285)
	at com.kms.katalon.core.common.CommonExecutor.accessTestCaseMainPhase(CommonExecutor.java:65)
	at com.kms.katalon.core.main.TestSuiteExecutor.accessTestSuiteMainPhase(TestSuiteExecutor.java:148)
	at com.kms.katalon.core.main.TestSuiteExecutor.execute(TestSuiteExecutor.java:106)
	at com.kms.katalon.core.main.TestCaseMain.startTestSuite(TestCaseMain.java:180)
	at TempTestSuite1704126138119.run(TempTestSuite1704126138119.groovy:36)
	at java.base/jdk.internal.reflect.NativeMethodAccessorImpl.invoke0(Native Method)
	at java.base/jdk.internal.reflect.NativeMethodAccessorImpl.invoke(NativeMethodAccessorImpl.java:77)
	at java.base/jdk.internal.reflect.DelegatingMethodAccessorImpl.invoke(DelegatingMethodAccessorImpl.java:43)
)
[[ATTACHMENT|C:\\Users\\MODERN 15\\git\\G1_Firefly_testing\\Reports\\20240101_232218\\Piggy Bank\\20240101_232218\\1704126186306.png]]

01-01-2024T23:23:06 - [MESSAGE][FAILED] - Unable to verify object 'Object Repository/Shared_alert/success_alert' is not present (Root cause: com.kms.katalon.core.exception.StepFailedException: Unable to verify object 'Object Repository/Shared_alert/success_alert' is not present
	at com.kms.katalon.core.webui.keyword.internal.WebUIKeywordMain.stepFailed(WebUIKeywordMain.groovy:64)
	at com.kms.katalon.core.webui.keyword.internal.WebUIKeywordMain.runKeyword(WebUIKeywordMain.groovy:26)
	at com.kms.katalon.core.webui.keyword.internal.WebUIKeywordMain$runKeyword.call(Unknown Source)
	at com.kms.katalon.core.webui.keyword.builtin.VerifyElementNotPresentKeyword.verifyElementNotPresent(VerifyElementNotPresentKeyword.groovy:122)
	at com.kms.katalon.core.webui.keyword.builtin.VerifyElementNotPresentKeyword.execute(VerifyElementNotPresentKeyword.groovy:68)
	at com.kms.katalon.core.keyword.internal.KeywordExecutor.executeKeywordForPlatform(KeywordExecutor.groovy:74)
	at com.kms.katalon.core.webui.keyword.WebUiBuiltInKeywords.verifyElementNotPresent(WebUiBuiltInKeywords.groovy:1536)
	at Piggy Bank.run(Piggy Bank:64)
	at com.kms.katalon.core.main.ScriptEngine.run(ScriptEngine.java:194)
	at com.kms.katalon.core.main.ScriptEngine.runScriptAsRawText(ScriptEngine.java:119)
	at com.kms.katalon.core.main.TestCaseExecutor.runScript(TestCaseExecutor.java:448)
	at com.kms.katalon.core.main.TestCaseExecutor.doExecute(TestCaseExecutor.java:439)
	at com.kms.katalon.core.main.TestCaseExecutor.processExecutionPhase(TestCaseExecutor.java:418)
	at com.kms.katalon.core.main.TestCaseExecutor.accessMainPhase(TestCaseExecutor.java:410)
	at com.kms.katalon.core.main.TestCaseExecutor.execute(TestCaseExecutor.java:285)
	at com.kms.katalon.core.common.CommonExecutor.accessTestCaseMainPhase(CommonExecutor.java:65)
	at com.kms.katalon.core.main.TestSuiteExecutor.accessTestSuiteMainPhase(TestSuiteExecutor.java:148)
	at com.kms.katalon.core.main.TestSuiteExecutor.execute(TestSuiteExecutor.java:106)
	at com.kms.katalon.core.main.TestCaseMain.startTestSuite(TestCaseMain.java:180)
	at TempTestSuite1704126138119.run(TempTestSuite1704126138119.groovy:36)
	at java.base/jdk.internal.reflect.NativeMethodAccessorImpl.invoke0(Native Method)
	at java.base/jdk.internal.reflect.NativeMethodAccessorImpl.invoke(NativeMethodAccessorImpl.java:77)
	at java.base/jdk.internal.reflect.DelegatingMethodAccessorImpl.invoke(DelegatingMethodAccessorImpl.java:43)
Caused by: com.kms.katalon.core.exception.StepFailedException: Web element with id: 'Object Repository/Shared_alert/success_alert' located by 'By.cssSelector: #app > div.content-wrapper > section.content > div' is present after '1' second(s)
	at com.kms.katalon.core.webui.keyword.internal.WebUIKeywordMain.stepFailed(WebUIKeywordMain.groovy:64)
	at com.kms.katalon.core.webui.keyword.internal.WebUIKeywordMain$stepFailed$0.call(Unknown Source)
	at com.kms.katalon.core.webui.keyword.builtin.VerifyElementNotPresentKeyword$_verifyElementNotPresent_closure1.doCall(VerifyElementNotPresentKeyword.groovy:113)
	at com.kms.katalon.core.webui.keyword.builtin.VerifyElementNotPresentKeyword$_verifyElementNotPresent_closure1.doCall(VerifyElementNotPresentKeyword.groovy)
	at java.base/jdk.internal.reflect.NativeMethodAccessorImpl.invoke0(Native Method)
	at java.base/jdk.internal.reflect.NativeMethodAccessorImpl.invoke(NativeMethodAccessorImpl.java:77)
	at java.base/jdk.internal.reflect.DelegatingMethodAccessorImpl.invoke(DelegatingMethodAccessorImpl.java:43)
	at com.kms.katalon.core.webui.keyword.internal.WebUIKeywordMain.runKeyword(WebUIKeywordMain.groovy:20)
	... 21 more
)
[[ATTACHMENT|C:\\Users\\MODERN 15\\git\\G1_Firefly_testing\\Reports\\20240101_232218\\Piggy Bank\\20240101_232218\\1704126186428.png]]

01-01-2024T23:23:06 - [TEST_STEP][PASSED] - catch (Exception err): null

01-01-2024T23:23:06 - [TEST_STEP][PASSED] - verifyElementPresent(findTestObject("Shared_alert/success_alert"), 1): Object 'Object Repository/Shared_alert/success_alert' is present

01-01-2024T23:23:06 - [MESSAGE][PASSED] - Object 'Object Repository/Shared_alert/success_alert' is present

01-01-2024T23:23:06 - [TEST_STEP][PASSED] - out.println("success"): null

01-01-2024T23:23:06 - [TEST_STEP][PASSED] - closeBrowser(): Browser is closed

01-01-2024T23:23:07 - [MESSAGE][PASSED] - Browser is closed]]></system-out>
         <system-err><![CDATA[]]></system-err>
      </testcase>
      <testcase name="Test Cases/Piggy Bank" time="19.597" classname="Test Cases/Piggy Bank" status="PASSED">
         <system-out><![CDATA[01-01-2024T23:23:07 - [TEST_CASE][PASSED] - Test Cases/Piggy Bank: Test Cases/Piggy Bank

01-01-2024T23:23:07 - [TEST_STEP][PASSED] - openBrowser(""): Browser is opened with url: ''

01-01-2024T23:23:07 - [MESSAGE][INFO] - Starting 'Chrome' driver

01-01-2024T23:23:07 - [MESSAGE][INFO] - Action delay is set to 0 milliseconds

01-01-2024T23:23:08 - [MESSAGE][PASSED] - Browser is opened with url: ''

01-01-2024T23:23:08 - [TEST_STEP][PASSED] - navigateToUrl("https://firefly.buudadawg.online/login"): Navigate to 'https://firefly.buudadawg.online/login' successfully

01-01-2024T23:23:11 - [MESSAGE][PASSED] - Navigate to 'https://firefly.buudadawg.online/login' successfully

01-01-2024T23:23:11 - [TEST_STEP][PASSED] - setText(findTestObject("Object Repository/Piggy Bank/Page_Login to Firefly III/input_email"), username): Text 'killermh1352@gmail.com' is set on object 'Object Repository/Piggy Bank/Page_Login to Firefly III/input_email'

01-01-2024T23:23:11 - [MESSAGE][PASSED] - Text 'killermh1352@gmail.com' is set on object 'Object Repository/Piggy Bank/Page_Login to Firefly III/input_email'

01-01-2024T23:23:11 - [TEST_STEP][PASSED] - setText(findTestObject("Object Repository/Piggy Bank/Page_Login to Firefly III/input_password"), password): Text 'tranvinhphuc2002' is set on object 'Object Repository/Piggy Bank/Page_Login to Firefly III/input_password'

01-01-2024T23:23:12 - [MESSAGE][PASSED] - Text 'tranvinhphuc2002' is set on object 'Object Repository/Piggy Bank/Page_Login to Firefly III/input_password'

01-01-2024T23:23:12 - [TEST_STEP][PASSED] - sendKeys(findTestObject("Object Repository/Piggy Bank/Page_Login to Firefly III/input_password"), Keys.chord(ENTER)): Keys 'ENTER + ' sent to object: 'Object Repository/Piggy Bank/Page_Login to Firefly III/input_password'

01-01-2024T23:23:13 - [MESSAGE][PASSED] - Keys 'ENTER + ' sent to object: 'Object Repository/Piggy Bank/Page_Login to Firefly III/input_password'

01-01-2024T23:23:13 - [TEST_STEP][PASSED] - click(findTestObject("Object Repository/Piggy Bank/Page_Whats playing  Firefly III/a_Piggy banks")): Object: 'Object Repository/Piggy Bank/Page_Whats playing  Firefly III/a_Piggy banks' is clicked on

01-01-2024T23:23:15 - [MESSAGE][PASSED] - Object: 'Object Repository/Piggy Bank/Page_Whats playing  Firefly III/a_Piggy banks' is clicked on

01-01-2024T23:23:15 - [TEST_STEP][PASSED] - click(findTestObject("Piggy Bank/Page_Piggy banks  Firefly III/a_Create new piggy bank")): Object: 'Object Repository/Piggy Bank/Page_Piggy banks  Firefly III/a_Create new piggy bank' is clicked on

01-01-2024T23:23:16 - [MESSAGE][PASSED] - Object: 'Object Repository/Piggy Bank/Page_Piggy banks  Firefly III/a_Create new piggy bank' is clicked on

01-01-2024T23:23:16 - [TEST_STEP][PASSED] - setText(findTestObject("Object Repository/Piggy Bank/Page_New piggy bank  Piggy banks  Firefly III/input_name"), name): Text 'New York Times Company (The)' is set on object 'Object Repository/Piggy Bank/Page_New piggy bank  Piggy banks  Firefly III/input_name'

01-01-2024T23:23:17 - [MESSAGE][PASSED] - Text 'New York Times Company (The)' is set on object 'Object Repository/Piggy Bank/Page_New piggy bank  Piggy banks  Firefly III/input_name'

01-01-2024T23:23:17 - [TEST_STEP][PASSED] - selectOptionByLabel(findTestObject("Object Repository/Piggy Bank/Page_New piggy bank  Piggy banks  Firefly III/select_My Savings AccountMy Asset Account"), save_on_account, true): All options with label 'My Savings Account' are selected in object 'Object Repository/Piggy Bank/Page_New piggy bank  Piggy banks  Firefly III/select_My Savings AccountMy Asset Account'  using regular expression

01-01-2024T23:23:18 - [MESSAGE][PASSED] - All options with label 'My Savings Account' are selected in object 'Object Repository/Piggy Bank/Page_New piggy bank  Piggy banks  Firefly III/select_My Savings AccountMy Asset Account'  using regular expression

01-01-2024T23:23:18 - [TEST_STEP][PASSED] - setText(findTestObject("Object Repository/Piggy Bank/Page_New piggy bank  Piggy banks  Firefly III/input_targetamount"), target_amount): Text '92578' is set on object 'Object Repository/Piggy Bank/Page_New piggy bank  Piggy banks  Firefly III/input_targetamount'

01-01-2024T23:23:19 - [MESSAGE][PASSED] - Text '92578' is set on object 'Object Repository/Piggy Bank/Page_New piggy bank  Piggy banks  Firefly III/input_targetamount'

01-01-2024T23:23:19 - [TEST_STEP][PASSED] - setText(findTestObject("Object Repository/Piggy Bank/Page_New piggy bank  Piggy banks  Firefly III/textarea_notes"), notes): Text '' is set on object 'Object Repository/Piggy Bank/Page_New piggy bank  Piggy banks  Firefly III/textarea_notes'

01-01-2024T23:23:19 - [MESSAGE][PASSED] - Text '' is set on object 'Object Repository/Piggy Bank/Page_New piggy bank  Piggy banks  Firefly III/textarea_notes'

01-01-2024T23:23:19 - [TEST_STEP][PASSED] - setText(findTestObject("Object Repository/Piggy Bank/Page_New piggy bank  Piggy banks  Firefly III/input_object_group"), group): Text 'sed vel enim sit amet nunc viverra dapibus nulla suscipit ligula in lacus curabitur at ipsum' is set on object 'Object Repository/Piggy Bank/Page_New piggy bank  Piggy banks  Firefly III/input_object_group'

01-01-2024T23:23:20 - [MESSAGE][PASSED] - Text 'sed vel enim sit amet nunc viverra dapibus nulla suscipit ligula in lacus curabitur at ipsum' is set on object 'Object Repository/Piggy Bank/Page_New piggy bank  Piggy banks  Firefly III/input_object_group'

01-01-2024T23:23:20 - [TEST_STEP][PASSED] - setText(findTestObject("Piggy Bank/Page_New piggy bank  Piggy banks  Firefly III/input_date"), target_date): Text '04/21/2023' is set on object 'Object Repository/Piggy Bank/Page_New piggy bank  Piggy banks  Firefly III/input_date'

01-01-2024T23:23:21 - [MESSAGE][PASSED] - Text '04/21/2023' is set on object 'Object Repository/Piggy Bank/Page_New piggy bank  Piggy banks  Firefly III/input_date'

01-01-2024T23:23:21 - [TEST_STEP][PASSED] - if (attachment): File 'C:\Users\MODERN 15\git\G1_Firefly_testing\Attachments File\MOCK_DATA.csv' sent to object: 'Object Repository/Piggy Bank/Page_New piggy bank  Piggy banks  Firefly III/button_upload'

01-01-2024T23:23:21 - [TEST_STEP][PASSED] - absolutePath = normalize().toString(): null

01-01-2024T23:23:21 - [TEST_STEP][PASSED] - uploadFile(findTestObject("Piggy Bank/Page_New piggy bank  Piggy banks  Firefly III/button_upload"), absolutePath): File 'C:\Users\MODERN 15\git\G1_Firefly_testing\Attachments File\MOCK_DATA.csv' sent to object: 'Object Repository/Piggy Bank/Page_New piggy bank  Piggy banks  Firefly III/button_upload'

01-01-2024T23:23:22 - [MESSAGE][PASSED] - File 'C:\Users\MODERN 15\git\G1_Firefly_testing\Attachments File\MOCK_DATA.csv' sent to object: 'Object Repository/Piggy Bank/Page_New piggy bank  Piggy banks  Firefly III/button_upload'

01-01-2024T23:23:22 - [TEST_STEP][PASSED] - click(findTestObject("Object Repository/Piggy Bank/Page_New piggy bank  Piggy banks  Firefly III/div_Mandatory fields                       _ed7e9e")): Object: 'Object Repository/Piggy Bank/Page_New piggy bank  Piggy banks  Firefly III/div_Mandatory fields                       _ed7e9e' is clicked on

01-01-2024T23:23:22 - [MESSAGE][PASSED] - Object: 'Object Repository/Piggy Bank/Page_New piggy bank  Piggy banks  Firefly III/div_Mandatory fields                       _ed7e9e' is clicked on

01-01-2024T23:23:22 - [TEST_STEP][PASSED] - click(findTestObject("Object Repository/Piggy Bank/Page_New piggy bank  Piggy banks  Firefly III/button_Store new piggy bank")): Object: 'Object Repository/Piggy Bank/Page_New piggy bank  Piggy banks  Firefly III/button_Store new piggy bank' is clicked on

01-01-2024T23:23:24 - [MESSAGE][PASSED] - Object: 'Object Repository/Piggy Bank/Page_New piggy bank  Piggy banks  Firefly III/button_Store new piggy bank' is clicked on

01-01-2024T23:23:24 - [TEST_STEP][FAILED] - try: Unable to verify object 'Object Repository/Shared_alert/success_alert' is not present (Root cause: com.kms.katalon.core.exception.StepFailedException: Unable to verify object 'Object Repository/Shared_alert/success_alert' is not present
	at com.kms.katalon.core.webui.keyword.internal.WebUIKeywordMain.stepFailed(WebUIKeywordMain.groovy:64)
	at com.kms.katalon.core.webui.keyword.internal.WebUIKeywordMain.runKeyword(WebUIKeywordMain.groovy:26)
	at com.kms.katalon.core.webui.keyword.internal.WebUIKeywordMain$runKeyword.call(Unknown Source)
	at com.kms.katalon.core.webui.keyword.builtin.VerifyElementNotPresentKeyword.verifyElementNotPresent(VerifyElementNotPresentKeyword.groovy:122)
	at com.kms.katalon.core.webui.keyword.builtin.VerifyElementNotPresentKeyword.execute(VerifyElementNotPresentKeyword.groovy:68)
	at com.kms.katalon.core.keyword.internal.KeywordExecutor.executeKeywordForPlatform(KeywordExecutor.groovy:74)
	at com.kms.katalon.core.webui.keyword.WebUiBuiltInKeywords.verifyElementNotPresent(WebUiBuiltInKeywords.groovy:1536)
	at Piggy Bank.run(Piggy Bank:64)
	at com.kms.katalon.core.main.ScriptEngine.run(ScriptEngine.java:194)
	at com.kms.katalon.core.main.ScriptEngine.runScriptAsRawText(ScriptEngine.java:119)
	at com.kms.katalon.core.main.TestCaseExecutor.runScript(TestCaseExecutor.java:448)
	at com.kms.katalon.core.main.TestCaseExecutor.doExecute(TestCaseExecutor.java:439)
	at com.kms.katalon.core.main.TestCaseExecutor.processExecutionPhase(TestCaseExecutor.java:418)
	at com.kms.katalon.core.main.TestCaseExecutor.accessMainPhase(TestCaseExecutor.java:410)
	at com.kms.katalon.core.main.TestCaseExecutor.execute(TestCaseExecutor.java:285)
	at com.kms.katalon.core.common.CommonExecutor.accessTestCaseMainPhase(CommonExecutor.java:65)
	at com.kms.katalon.core.main.TestSuiteExecutor.accessTestSuiteMainPhase(TestSuiteExecutor.java:148)
	at com.kms.katalon.core.main.TestSuiteExecutor.execute(TestSuiteExecutor.java:106)
	at com.kms.katalon.core.main.TestCaseMain.startTestSuite(TestCaseMain.java:180)
	at TempTestSuite1704126138119.run(TempTestSuite1704126138119.groovy:36)
	at java.base/jdk.internal.reflect.NativeMethodAccessorImpl.invoke0(Native Method)
	at java.base/jdk.internal.reflect.NativeMethodAccessorImpl.invoke(NativeMethodAccessorImpl.java:77)
	at java.base/jdk.internal.reflect.DelegatingMethodAccessorImpl.invoke(DelegatingMethodAccessorImpl.java:43)
Caused by: com.kms.katalon.core.exception.StepFailedException: Web element with id: 'Object Repository/Shared_alert/success_alert' located by 'By.cssSelector: #app > div.content-wrapper > section.content > div' is present after '1' second(s)
	at com.kms.katalon.core.webui.keyword.internal.WebUIKeywordMain.stepFailed(WebUIKeywordMain.groovy:64)
	at com.kms.katalon.core.webui.keyword.internal.WebUIKeywordMain$stepFailed$0.call(Unknown Source)
	at com.kms.katalon.core.webui.keyword.builtin.VerifyElementNotPresentKeyword$_verifyElementNotPresent_closure1.doCall(VerifyElementNotPresentKeyword.groovy:113)
	at com.kms.katalon.core.webui.keyword.builtin.VerifyElementNotPresentKeyword$_verifyElementNotPresent_closure1.doCall(VerifyElementNotPresentKeyword.groovy)
	at java.base/jdk.internal.reflect.NativeMethodAccessorImpl.invoke0(Native Method)
	at java.base/jdk.internal.reflect.NativeMethodAccessorImpl.invoke(NativeMethodAccessorImpl.java:77)
	at java.base/jdk.internal.reflect.DelegatingMethodAccessorImpl.invoke(DelegatingMethodAccessorImpl.java:43)
	at com.kms.katalon.core.webui.keyword.internal.WebUIKeywordMain.runKeyword(WebUIKeywordMain.groovy:20)
	... 21 more
)

01-01-2024T23:23:24 - [TEST_STEP][PASSED] - verifyElementPresent(findTestObject("Shared_alert/text_dangers"), 1): Object 'Object Repository/Shared_alert/text_dangers' is present

01-01-2024T23:23:24 - [MESSAGE][PASSED] - Object 'Object Repository/Shared_alert/text_dangers' is present

01-01-2024T23:23:24 - [TEST_STEP][FAILED] - verifyElementNotPresent(findTestObject("Shared_alert/success_alert"), 1): Unable to verify object 'Object Repository/Shared_alert/success_alert' is not present (Root cause: com.kms.katalon.core.exception.StepFailedException: Unable to verify object 'Object Repository/Shared_alert/success_alert' is not present
	at com.kms.katalon.core.webui.keyword.internal.WebUIKeywordMain.stepFailed(WebUIKeywordMain.groovy:64)
	at com.kms.katalon.core.webui.keyword.internal.WebUIKeywordMain.runKeyword(WebUIKeywordMain.groovy:26)
	at com.kms.katalon.core.webui.keyword.internal.WebUIKeywordMain$runKeyword.call(Unknown Source)
	at com.kms.katalon.core.webui.keyword.builtin.VerifyElementNotPresentKeyword.verifyElementNotPresent(VerifyElementNotPresentKeyword.groovy:122)
	at com.kms.katalon.core.webui.keyword.builtin.VerifyElementNotPresentKeyword.execute(VerifyElementNotPresentKeyword.groovy:68)
	at com.kms.katalon.core.keyword.internal.KeywordExecutor.executeKeywordForPlatform(KeywordExecutor.groovy:74)
	at com.kms.katalon.core.webui.keyword.WebUiBuiltInKeywords.verifyElementNotPresent(WebUiBuiltInKeywords.groovy:1536)
	at Piggy Bank.run(Piggy Bank:64)
	at com.kms.katalon.core.main.ScriptEngine.run(ScriptEngine.java:194)
	at com.kms.katalon.core.main.ScriptEngine.runScriptAsRawText(ScriptEngine.java:119)
	at com.kms.katalon.core.main.TestCaseExecutor.runScript(TestCaseExecutor.java:448)
	at com.kms.katalon.core.main.TestCaseExecutor.doExecute(TestCaseExecutor.java:439)
	at com.kms.katalon.core.main.TestCaseExecutor.processExecutionPhase(TestCaseExecutor.java:418)
	at com.kms.katalon.core.main.TestCaseExecutor.accessMainPhase(TestCaseExecutor.java:410)
	at com.kms.katalon.core.main.TestCaseExecutor.execute(TestCaseExecutor.java:285)
	at com.kms.katalon.core.common.CommonExecutor.accessTestCaseMainPhase(CommonExecutor.java:65)
	at com.kms.katalon.core.main.TestSuiteExecutor.accessTestSuiteMainPhase(TestSuiteExecutor.java:148)
	at com.kms.katalon.core.main.TestSuiteExecutor.execute(TestSuiteExecutor.java:106)
	at com.kms.katalon.core.main.TestCaseMain.startTestSuite(TestCaseMain.java:180)
	at TempTestSuite1704126138119.run(TempTestSuite1704126138119.groovy:36)
	at java.base/jdk.internal.reflect.NativeMethodAccessorImpl.invoke0(Native Method)
	at java.base/jdk.internal.reflect.NativeMethodAccessorImpl.invoke(NativeMethodAccessorImpl.java:77)
	at java.base/jdk.internal.reflect.DelegatingMethodAccessorImpl.invoke(DelegatingMethodAccessorImpl.java:43)
Caused by: com.kms.katalon.core.exception.StepFailedException: Web element with id: 'Object Repository/Shared_alert/success_alert' located by 'By.cssSelector: #app > div.content-wrapper > section.content > div' is present after '1' second(s)
	at com.kms.katalon.core.webui.keyword.internal.WebUIKeywordMain.stepFailed(WebUIKeywordMain.groovy:64)
	at com.kms.katalon.core.webui.keyword.internal.WebUIKeywordMain$stepFailed$0.call(Unknown Source)
	at com.kms.katalon.core.webui.keyword.builtin.VerifyElementNotPresentKeyword$_verifyElementNotPresent_closure1.doCall(VerifyElementNotPresentKeyword.groovy:113)
	at com.kms.katalon.core.webui.keyword.builtin.VerifyElementNotPresentKeyword$_verifyElementNotPresent_closure1.doCall(VerifyElementNotPresentKeyword.groovy)
	at java.base/jdk.internal.reflect.NativeMethodAccessorImpl.invoke0(Native Method)
	at java.base/jdk.internal.reflect.NativeMethodAccessorImpl.invoke(NativeMethodAccessorImpl.java:77)
	at java.base/jdk.internal.reflect.DelegatingMethodAccessorImpl.invoke(DelegatingMethodAccessorImpl.java:43)
	at com.kms.katalon.core.webui.keyword.internal.WebUIKeywordMain.runKeyword(WebUIKeywordMain.groovy:20)
	... 21 more
)

01-01-2024T23:23:26 - [MESSAGE][FAILED] - Web element with id: 'Object Repository/Shared_alert/success_alert' located by 'By.cssSelector: #app > div.content-wrapper > section.content > div' is present after '1' second(s) (Root cause: com.kms.katalon.core.exception.StepFailedException: Web element with id: 'Object Repository/Shared_alert/success_alert' located by 'By.cssSelector: #app > div.content-wrapper > section.content > div' is present after '1' second(s)
	at com.kms.katalon.core.webui.keyword.internal.WebUIKeywordMain.stepFailed(WebUIKeywordMain.groovy:64)
	at com.kms.katalon.core.webui.keyword.internal.WebUIKeywordMain$stepFailed$0.call(Unknown Source)
	at com.kms.katalon.core.webui.keyword.builtin.VerifyElementNotPresentKeyword$_verifyElementNotPresent_closure1.doCall(VerifyElementNotPresentKeyword.groovy:113)
	at com.kms.katalon.core.webui.keyword.builtin.VerifyElementNotPresentKeyword$_verifyElementNotPresent_closure1.doCall(VerifyElementNotPresentKeyword.groovy)
	at java.base/jdk.internal.reflect.NativeMethodAccessorImpl.invoke0(Native Method)
	at java.base/jdk.internal.reflect.NativeMethodAccessorImpl.invoke(NativeMethodAccessorImpl.java:77)
	at java.base/jdk.internal.reflect.DelegatingMethodAccessorImpl.invoke(DelegatingMethodAccessorImpl.java:43)
	at com.kms.katalon.core.webui.keyword.internal.WebUIKeywordMain.runKeyword(WebUIKeywordMain.groovy:20)
	at com.kms.katalon.core.webui.keyword.internal.WebUIKeywordMain$runKeyword.call(Unknown Source)
	at com.kms.katalon.core.webui.keyword.builtin.VerifyElementNotPresentKeyword.verifyElementNotPresent(VerifyElementNotPresentKeyword.groovy:122)
	at com.kms.katalon.core.webui.keyword.builtin.VerifyElementNotPresentKeyword.execute(VerifyElementNotPresentKeyword.groovy:68)
	at com.kms.katalon.core.keyword.internal.KeywordExecutor.executeKeywordForPlatform(KeywordExecutor.groovy:74)
	at com.kms.katalon.core.webui.keyword.WebUiBuiltInKeywords.verifyElementNotPresent(WebUiBuiltInKeywords.groovy:1536)
	at Piggy Bank.run(Piggy Bank:64)
	at com.kms.katalon.core.main.ScriptEngine.run(ScriptEngine.java:194)
	at com.kms.katalon.core.main.ScriptEngine.runScriptAsRawText(ScriptEngine.java:119)
	at com.kms.katalon.core.main.TestCaseExecutor.runScript(TestCaseExecutor.java:448)
	at com.kms.katalon.core.main.TestCaseExecutor.doExecute(TestCaseExecutor.java:439)
	at com.kms.katalon.core.main.TestCaseExecutor.processExecutionPhase(TestCaseExecutor.java:418)
	at com.kms.katalon.core.main.TestCaseExecutor.accessMainPhase(TestCaseExecutor.java:410)
	at com.kms.katalon.core.main.TestCaseExecutor.execute(TestCaseExecutor.java:285)
	at com.kms.katalon.core.common.CommonExecutor.accessTestCaseMainPhase(CommonExecutor.java:65)
	at com.kms.katalon.core.main.TestSuiteExecutor.accessTestSuiteMainPhase(TestSuiteExecutor.java:148)
	at com.kms.katalon.core.main.TestSuiteExecutor.execute(TestSuiteExecutor.java:106)
	at com.kms.katalon.core.main.TestCaseMain.startTestSuite(TestCaseMain.java:180)
	at TempTestSuite1704126138119.run(TempTestSuite1704126138119.groovy:36)
	at java.base/jdk.internal.reflect.NativeMethodAccessorImpl.invoke0(Native Method)
	at java.base/jdk.internal.reflect.NativeMethodAccessorImpl.invoke(NativeMethodAccessorImpl.java:77)
	at java.base/jdk.internal.reflect.DelegatingMethodAccessorImpl.invoke(DelegatingMethodAccessorImpl.java:43)
)
[[ATTACHMENT|C:\\Users\\MODERN 15\\git\\G1_Firefly_testing\\Reports\\20240101_232218\\Piggy Bank\\20240101_232218\\1704126206029.png]]

01-01-2024T23:23:26 - [MESSAGE][FAILED] - Unable to verify object 'Object Repository/Shared_alert/success_alert' is not present (Root cause: com.kms.katalon.core.exception.StepFailedException: Unable to verify object 'Object Repository/Shared_alert/success_alert' is not present
	at com.kms.katalon.core.webui.keyword.internal.WebUIKeywordMain.stepFailed(WebUIKeywordMain.groovy:64)
	at com.kms.katalon.core.webui.keyword.internal.WebUIKeywordMain.runKeyword(WebUIKeywordMain.groovy:26)
	at com.kms.katalon.core.webui.keyword.internal.WebUIKeywordMain$runKeyword.call(Unknown Source)
	at com.kms.katalon.core.webui.keyword.builtin.VerifyElementNotPresentKeyword.verifyElementNotPresent(VerifyElementNotPresentKeyword.groovy:122)
	at com.kms.katalon.core.webui.keyword.builtin.VerifyElementNotPresentKeyword.execute(VerifyElementNotPresentKeyword.groovy:68)
	at com.kms.katalon.core.keyword.internal.KeywordExecutor.executeKeywordForPlatform(KeywordExecutor.groovy:74)
	at com.kms.katalon.core.webui.keyword.WebUiBuiltInKeywords.verifyElementNotPresent(WebUiBuiltInKeywords.groovy:1536)
	at Piggy Bank.run(Piggy Bank:64)
	at com.kms.katalon.core.main.ScriptEngine.run(ScriptEngine.java:194)
	at com.kms.katalon.core.main.ScriptEngine.runScriptAsRawText(ScriptEngine.java:119)
	at com.kms.katalon.core.main.TestCaseExecutor.runScript(TestCaseExecutor.java:448)
	at com.kms.katalon.core.main.TestCaseExecutor.doExecute(TestCaseExecutor.java:439)
	at com.kms.katalon.core.main.TestCaseExecutor.processExecutionPhase(TestCaseExecutor.java:418)
	at com.kms.katalon.core.main.TestCaseExecutor.accessMainPhase(TestCaseExecutor.java:410)
	at com.kms.katalon.core.main.TestCaseExecutor.execute(TestCaseExecutor.java:285)
	at com.kms.katalon.core.common.CommonExecutor.accessTestCaseMainPhase(CommonExecutor.java:65)
	at com.kms.katalon.core.main.TestSuiteExecutor.accessTestSuiteMainPhase(TestSuiteExecutor.java:148)
	at com.kms.katalon.core.main.TestSuiteExecutor.execute(TestSuiteExecutor.java:106)
	at com.kms.katalon.core.main.TestCaseMain.startTestSuite(TestCaseMain.java:180)
	at TempTestSuite1704126138119.run(TempTestSuite1704126138119.groovy:36)
	at java.base/jdk.internal.reflect.NativeMethodAccessorImpl.invoke0(Native Method)
	at java.base/jdk.internal.reflect.NativeMethodAccessorImpl.invoke(NativeMethodAccessorImpl.java:77)
	at java.base/jdk.internal.reflect.DelegatingMethodAccessorImpl.invoke(DelegatingMethodAccessorImpl.java:43)
Caused by: com.kms.katalon.core.exception.StepFailedException: Web element with id: 'Object Repository/Shared_alert/success_alert' located by 'By.cssSelector: #app > div.content-wrapper > section.content > div' is present after '1' second(s)
	at com.kms.katalon.core.webui.keyword.internal.WebUIKeywordMain.stepFailed(WebUIKeywordMain.groovy:64)
	at com.kms.katalon.core.webui.keyword.internal.WebUIKeywordMain$stepFailed$0.call(Unknown Source)
	at com.kms.katalon.core.webui.keyword.builtin.VerifyElementNotPresentKeyword$_verifyElementNotPresent_closure1.doCall(VerifyElementNotPresentKeyword.groovy:113)
	at com.kms.katalon.core.webui.keyword.builtin.VerifyElementNotPresentKeyword$_verifyElementNotPresent_closure1.doCall(VerifyElementNotPresentKeyword.groovy)
	at java.base/jdk.internal.reflect.NativeMethodAccessorImpl.invoke0(Native Method)
	at java.base/jdk.internal.reflect.NativeMethodAccessorImpl.invoke(NativeMethodAccessorImpl.java:77)
	at java.base/jdk.internal.reflect.DelegatingMethodAccessorImpl.invoke(DelegatingMethodAccessorImpl.java:43)
	at com.kms.katalon.core.webui.keyword.internal.WebUIKeywordMain.runKeyword(WebUIKeywordMain.groovy:20)
	... 21 more
)
[[ATTACHMENT|C:\\Users\\MODERN 15\\git\\G1_Firefly_testing\\Reports\\20240101_232218\\Piggy Bank\\20240101_232218\\1704126206164.png]]

01-01-2024T23:23:26 - [TEST_STEP][PASSED] - catch (Exception err): null

01-01-2024T23:23:26 - [TEST_STEP][PASSED] - verifyElementPresent(findTestObject("Shared_alert/success_alert"), 1): Object 'Object Repository/Shared_alert/success_alert' is present

01-01-2024T23:23:26 - [MESSAGE][PASSED] - Object 'Object Repository/Shared_alert/success_alert' is present

01-01-2024T23:23:26 - [TEST_STEP][PASSED] - out.println("success"): null

01-01-2024T23:23:26 - [TEST_STEP][PASSED] - closeBrowser(): Browser is closed

01-01-2024T23:23:26 - [MESSAGE][PASSED] - Browser is closed]]></system-out>
         <system-err><![CDATA[]]></system-err>
      </testcase>
      <testcase name="Test Cases/Piggy Bank" time="28.309" classname="Test Cases/Piggy Bank" status="FAILED">
         <failure type="FAILED" message="Test Cases/Piggy Bank FAILED.&#xa;Reason:&#xa;com.kms.katalon.core.exception.StepFailedException: Unable to verify object 'Object Repository/Shared_alert/success_alert' is present&#xa;	at com.kms.katalon.core.webui.keyword.internal.WebUIKeywordMain.stepFailed(WebUIKeywordMain.groovy:64)&#xa;	at com.kms.katalon.core.webui.keyword.internal.WebUIKeywordMain.runKeyword(WebUIKeywordMain.groovy:26)&#xa;	at com.kms.katalon.core.webui.keyword.builtin.VerifyElementPresentKeyword.verifyElementPresent(VerifyElementPresentKeyword.groovy:92)&#xa;	at com.kms.katalon.core.webui.keyword.builtin.VerifyElementPresentKeyword.execute(VerifyElementPresentKeyword.groovy:68)&#xa;	at com.kms.katalon.core.keyword.internal.KeywordExecutor.executeKeywordForPlatform(KeywordExecutor.groovy:74)&#xa;	at com.kms.katalon.core.webui.keyword.WebUiBuiltInKeywords.verifyElementPresent(WebUiBuiltInKeywords.groovy:1503)&#xa;	at Piggy Bank.run(Piggy Bank:69)&#xa;	at com.kms.katalon.core.main.ScriptEngine.run(ScriptEngine.java:194)&#xa;	at com.kms.katalon.core.main.ScriptEngine.runScriptAsRawText(ScriptEngine.java:119)&#xa;	at com.kms.katalon.core.main.TestCaseExecutor.runScript(TestCaseExecutor.java:448)&#xa;	at com.kms.katalon.core.main.TestCaseExecutor.doExecute(TestCaseExecutor.java:439)&#xa;	at com.kms.katalon.core.main.TestCaseExecutor.processExecutionPhase(TestCaseExecutor.java:418)&#xa;	at com.kms.katalon.core.main.TestCaseExecutor.accessMainPhase(TestCaseExecutor.java:410)&#xa;	at com.kms.katalon.core.main.TestCaseExecutor.execute(TestCaseExecutor.java:285)&#xa;	at com.kms.katalon.core.common.CommonExecutor.accessTestCaseMainPhase(CommonExecutor.java:65)&#xa;	at com.kms.katalon.core.main.TestSuiteExecutor.accessTestSuiteMainPhase(TestSuiteExecutor.java:148)&#xa;	at com.kms.katalon.core.main.TestSuiteExecutor.execute(TestSuiteExecutor.java:106)&#xa;	at com.kms.katalon.core.main.TestCaseMain.startTestSuite(TestCaseMain.java:180)&#xa;	at TempTestSuite1704126138119.run(TempTestSuite1704126138119.groovy:36)&#xa;	at java.base/jdk.internal.reflect.NativeMethodAccessorImpl.invoke0(Native Method)&#xa;	at java.base/jdk.internal.reflect.NativeMethodAccessorImpl.invoke(NativeMethodAccessorImpl.java:77)&#xa;	at java.base/jdk.internal.reflect.DelegatingMethodAccessorImpl.invoke(DelegatingMethodAccessorImpl.java:43)&#xa;Caused by: com.kms.katalon.core.exception.StepFailedException: com.kms.katalon.core.webui.exception.WebElementNotFoundException: Web element with id: 'Object Repository/Shared_alert/success_alert' located by '#app > div.content-wrapper > section.content > div' not found&#xa;	at com.kms.katalon.core.webui.keyword.internal.WebUIKeywordMain.stepFailed(WebUIKeywordMain.groovy:64)&#xa;	at com.kms.katalon.core.webui.keyword.builtin.VerifyElementPresentKeyword$_verifyElementPresent_closure1.doCall(VerifyElementPresentKeyword.groovy:85)&#xa;	at com.kms.katalon.core.webui.keyword.builtin.VerifyElementPresentKeyword$_verifyElementPresent_closure1.call(VerifyElementPresentKeyword.groovy)&#xa;	at com.kms.katalon.core.webui.keyword.internal.WebUIKeywordMain.runKeyword(WebUIKeywordMain.groovy:20)&#xa;	... 20 more&#xa;"/>
         <system-out><![CDATA[01-01-2024T23:23:26 - [TEST_CASE][FAILED] - Test Cases/Piggy Bank: Test Cases/Piggy Bank FAILED.
Reason:
com.kms.katalon.core.exception.StepFailedException: Unable to verify object 'Object Repository/Shared_alert/success_alert' is present
	at com.kms.katalon.core.webui.keyword.internal.WebUIKeywordMain.stepFailed(WebUIKeywordMain.groovy:64)
	at com.kms.katalon.core.webui.keyword.internal.WebUIKeywordMain.runKeyword(WebUIKeywordMain.groovy:26)
	at com.kms.katalon.core.webui.keyword.builtin.VerifyElementPresentKeyword.verifyElementPresent(VerifyElementPresentKeyword.groovy:92)
	at com.kms.katalon.core.webui.keyword.builtin.VerifyElementPresentKeyword.execute(VerifyElementPresentKeyword.groovy:68)
	at com.kms.katalon.core.keyword.internal.KeywordExecutor.executeKeywordForPlatform(KeywordExecutor.groovy:74)
	at com.kms.katalon.core.webui.keyword.WebUiBuiltInKeywords.verifyElementPresent(WebUiBuiltInKeywords.groovy:1503)
	at Piggy Bank.run(Piggy Bank:69)
	at com.kms.katalon.core.main.ScriptEngine.run(ScriptEngine.java:194)
	at com.kms.katalon.core.main.ScriptEngine.runScriptAsRawText(ScriptEngine.java:119)
	at com.kms.katalon.core.main.TestCaseExecutor.runScript(TestCaseExecutor.java:448)
	at com.kms.katalon.core.main.TestCaseExecutor.doExecute(TestCaseExecutor.java:439)
	at com.kms.katalon.core.main.TestCaseExecutor.processExecutionPhase(TestCaseExecutor.java:418)
	at com.kms.katalon.core.main.TestCaseExecutor.accessMainPhase(TestCaseExecutor.java:410)
	at com.kms.katalon.core.main.TestCaseExecutor.execute(TestCaseExecutor.java:285)
	at com.kms.katalon.core.common.CommonExecutor.accessTestCaseMainPhase(CommonExecutor.java:65)
	at com.kms.katalon.core.main.TestSuiteExecutor.accessTestSuiteMainPhase(TestSuiteExecutor.java:148)
	at com.kms.katalon.core.main.TestSuiteExecutor.execute(TestSuiteExecutor.java:106)
	at com.kms.katalon.core.main.TestCaseMain.startTestSuite(TestCaseMain.java:180)
	at TempTestSuite1704126138119.run(TempTestSuite1704126138119.groovy:36)
	at java.base/jdk.internal.reflect.NativeMethodAccessorImpl.invoke0(Native Method)
	at java.base/jdk.internal.reflect.NativeMethodAccessorImpl.invoke(NativeMethodAccessorImpl.java:77)
	at java.base/jdk.internal.reflect.DelegatingMethodAccessorImpl.invoke(DelegatingMethodAccessorImpl.java:43)
Caused by: com.kms.katalon.core.exception.StepFailedException: com.kms.katalon.core.webui.exception.WebElementNotFoundException: Web element with id: 'Object Repository/Shared_alert/success_alert' located by '#app > div.content-wrapper > section.content > div' not found
	at com.kms.katalon.core.webui.keyword.internal.WebUIKeywordMain.stepFailed(WebUIKeywordMain.groovy:64)
	at com.kms.katalon.core.webui.keyword.builtin.VerifyElementPresentKeyword$_verifyElementPresent_closure1.doCall(VerifyElementPresentKeyword.groovy:85)
	at com.kms.katalon.core.webui.keyword.builtin.VerifyElementPresentKeyword$_verifyElementPresent_closure1.call(VerifyElementPresentKeyword.groovy)
	at com.kms.katalon.core.webui.keyword.internal.WebUIKeywordMain.runKeyword(WebUIKeywordMain.groovy:20)
	... 20 more


01-01-2024T23:23:27 - [TEST_STEP][PASSED] - openBrowser(""): Browser is opened with url: ''

01-01-2024T23:23:27 - [MESSAGE][INFO] - Starting 'Chrome' driver

01-01-2024T23:23:27 - [MESSAGE][INFO] - Action delay is set to 0 milliseconds

01-01-2024T23:23:28 - [MESSAGE][PASSED] - Browser is opened with url: ''

01-01-2024T23:23:28 - [TEST_STEP][PASSED] - navigateToUrl("https://firefly.buudadawg.online/login"): Navigate to 'https://firefly.buudadawg.online/login' successfully

01-01-2024T23:23:30 - [MESSAGE][PASSED] - Navigate to 'https://firefly.buudadawg.online/login' successfully

01-01-2024T23:23:30 - [TEST_STEP][PASSED] - setText(findTestObject("Object Repository/Piggy Bank/Page_Login to Firefly III/input_email"), username): Text 'killermh1352@gmail.com' is set on object 'Object Repository/Piggy Bank/Page_Login to Firefly III/input_email'

01-01-2024T23:23:31 - [MESSAGE][PASSED] - Text 'killermh1352@gmail.com' is set on object 'Object Repository/Piggy Bank/Page_Login to Firefly III/input_email'

01-01-2024T23:23:31 - [TEST_STEP][PASSED] - setText(findTestObject("Object Repository/Piggy Bank/Page_Login to Firefly III/input_password"), password): Text 'tranvinhphuc2002' is set on object 'Object Repository/Piggy Bank/Page_Login to Firefly III/input_password'

01-01-2024T23:23:32 - [MESSAGE][PASSED] - Text 'tranvinhphuc2002' is set on object 'Object Repository/Piggy Bank/Page_Login to Firefly III/input_password'

01-01-2024T23:23:32 - [TEST_STEP][PASSED] - sendKeys(findTestObject("Object Repository/Piggy Bank/Page_Login to Firefly III/input_password"), Keys.chord(ENTER)): Keys 'ENTER + ' sent to object: 'Object Repository/Piggy Bank/Page_Login to Firefly III/input_password'

01-01-2024T23:23:33 - [MESSAGE][PASSED] - Keys 'ENTER + ' sent to object: 'Object Repository/Piggy Bank/Page_Login to Firefly III/input_password'

01-01-2024T23:23:33 - [TEST_STEP][PASSED] - click(findTestObject("Object Repository/Piggy Bank/Page_Whats playing  Firefly III/a_Piggy banks")): Object: 'Object Repository/Piggy Bank/Page_Whats playing  Firefly III/a_Piggy banks' is clicked on

01-01-2024T23:23:36 - [MESSAGE][PASSED] - Object: 'Object Repository/Piggy Bank/Page_Whats playing  Firefly III/a_Piggy banks' is clicked on

01-01-2024T23:23:36 - [TEST_STEP][PASSED] - click(findTestObject("Piggy Bank/Page_Piggy banks  Firefly III/a_Create new piggy bank")): Object: 'Object Repository/Piggy Bank/Page_Piggy banks  Firefly III/a_Create new piggy bank' is clicked on

01-01-2024T23:23:36 - [MESSAGE][PASSED] - Object: 'Object Repository/Piggy Bank/Page_Piggy banks  Firefly III/a_Create new piggy bank' is clicked on

01-01-2024T23:23:36 - [TEST_STEP][PASSED] - setText(findTestObject("Object Repository/Piggy Bank/Page_New piggy bank  Piggy banks  Firefly III/input_name"), name): Text 'PowerShares DWA Emerging Markets Momentum Portfolio' is set on object 'Object Repository/Piggy Bank/Page_New piggy bank  Piggy banks  Firefly III/input_name'

01-01-2024T23:23:37 - [MESSAGE][PASSED] - Text 'PowerShares DWA Emerging Markets Momentum Portfolio' is set on object 'Object Repository/Piggy Bank/Page_New piggy bank  Piggy banks  Firefly III/input_name'

01-01-2024T23:23:37 - [TEST_STEP][PASSED] - selectOptionByLabel(findTestObject("Object Repository/Piggy Bank/Page_New piggy bank  Piggy banks  Firefly III/select_My Savings AccountMy Asset Account"), save_on_account, true): All options with label 'My Savings Account' are selected in object 'Object Repository/Piggy Bank/Page_New piggy bank  Piggy banks  Firefly III/select_My Savings AccountMy Asset Account'  using regular expression

01-01-2024T23:23:38 - [MESSAGE][PASSED] - All options with label 'My Savings Account' are selected in object 'Object Repository/Piggy Bank/Page_New piggy bank  Piggy banks  Firefly III/select_My Savings AccountMy Asset Account'  using regular expression

01-01-2024T23:23:38 - [TEST_STEP][PASSED] - setText(findTestObject("Object Repository/Piggy Bank/Page_New piggy bank  Piggy banks  Firefly III/input_targetamount"), target_amount): Text '8400' is set on object 'Object Repository/Piggy Bank/Page_New piggy bank  Piggy banks  Firefly III/input_targetamount'

01-01-2024T23:23:39 - [MESSAGE][PASSED] - Text '8400' is set on object 'Object Repository/Piggy Bank/Page_New piggy bank  Piggy banks  Firefly III/input_targetamount'

01-01-2024T23:23:39 - [TEST_STEP][PASSED] - setText(findTestObject("Object Repository/Piggy Bank/Page_New piggy bank  Piggy banks  Firefly III/textarea_notes"), notes): Text 'orci pede venenatis non sodales sed tincidunt eu felis fusce posuere felis sed lacus morbi sem mauris laoreet ut rhoncus aliquet pulvinar sed nisl nunc rhoncus dui vel sem sed sagittis nam congue risus semper porta volutpat quam pede lobortis ligula sit amet eleifend pede libero quis orci nullam molestie nibh in lectus pellentesque at nulla suspendisse potenti cras in purus eu magna vulputate luctus cum sociis natoque penatibus et magnis dis parturient montes nascetur ridiculus mus vivamus vestibulum sagittis sapien cum sociis natoque penatibus et magnis dis parturient montes nascetur ridiculus mus etiam vel augue vestibulum rutrum rutrum neque aenean auctor gravida sem praesent id massa id nisl venenatis lacinia aenean sit amet justo morbi ut odio cras mi pede malesuada in imperdiet et commodo vulputate justo in blandit ultrices enim lorem ipsum dolor sit amet consectetuer adipiscing elit proin interdum mauris non ligula pellentesque ultrices phasellus id sapien in sapien iaculis congue vivamus metus arcu adipiscing molestie hendrerit at vulputate vitae nisl aenean lectus pellentesque eget nunc donec quis orci eget orci vehicula condimentum curabitur in libero ut massa volutpat convallis morbi odio' is set on object 'Object Repository/Piggy Bank/Page_New piggy bank  Piggy banks  Firefly III/textarea_notes'

01-01-2024T23:23:42 - [MESSAGE][PASSED] - Text 'orci pede venenatis non sodales sed tincidunt eu felis fusce posuere felis sed lacus morbi sem mauris laoreet ut rhoncus aliquet pulvinar sed nisl nunc rhoncus dui vel sem sed sagittis nam congue risus semper porta volutpat quam pede lobortis ligula sit amet eleifend pede libero quis orci nullam molestie nibh in lectus pellentesque at nulla suspendisse potenti cras in purus eu magna vulputate luctus cum sociis natoque penatibus et magnis dis parturient montes nascetur ridiculus mus vivamus vestibulum sagittis sapien cum sociis natoque penatibus et magnis dis parturient montes nascetur ridiculus mus etiam vel augue vestibulum rutrum rutrum neque aenean auctor gravida sem praesent id massa id nisl venenatis lacinia aenean sit amet justo morbi ut odio cras mi pede malesuada in imperdiet et commodo vulputate justo in blandit ultrices enim lorem ipsum dolor sit amet consectetuer adipiscing elit proin interdum mauris non ligula pellentesque ultrices phasellus id sapien in sapien iaculis congue vivamus metus arcu adipiscing molestie hendrerit at vulputate vitae nisl aenean lectus pellentesque eget nunc donec quis orci eget orci vehicula condimentum curabitur in libero ut massa volutpat convallis morbi odio' is set on object 'Object Repository/Piggy Bank/Page_New piggy bank  Piggy banks  Firefly III/textarea_notes'

01-01-2024T23:23:42 - [TEST_STEP][PASSED] - setText(findTestObject("Object Repository/Piggy Bank/Page_New piggy bank  Piggy banks  Firefly III/input_object_group"), group): Text '' is set on object 'Object Repository/Piggy Bank/Page_New piggy bank  Piggy banks  Firefly III/input_object_group'

01-01-2024T23:23:43 - [MESSAGE][PASSED] - Text '' is set on object 'Object Repository/Piggy Bank/Page_New piggy bank  Piggy banks  Firefly III/input_object_group'

01-01-2024T23:23:43 - [TEST_STEP][PASSED] - setText(findTestObject("Piggy Bank/Page_New piggy bank  Piggy banks  Firefly III/input_date"), target_date): Text '11/17/2023' is set on object 'Object Repository/Piggy Bank/Page_New piggy bank  Piggy banks  Firefly III/input_date'

01-01-2024T23:23:44 - [MESSAGE][PASSED] - Text '11/17/2023' is set on object 'Object Repository/Piggy Bank/Page_New piggy bank  Piggy banks  Firefly III/input_date'

01-01-2024T23:23:44 - [TEST_STEP][PASSED] - if (attachment): File 'C:\Users\MODERN 15\git\G1_Firefly_testing\Attachments File\65MiB.bin' sent to object: 'Object Repository/Piggy Bank/Page_New piggy bank  Piggy banks  Firefly III/button_upload'

01-01-2024T23:23:44 - [TEST_STEP][PASSED] - absolutePath = normalize().toString(): null

01-01-2024T23:23:44 - [TEST_STEP][PASSED] - uploadFile(findTestObject("Piggy Bank/Page_New piggy bank  Piggy banks  Firefly III/button_upload"), absolutePath): File 'C:\Users\MODERN 15\git\G1_Firefly_testing\Attachments File\65MiB.bin' sent to object: 'Object Repository/Piggy Bank/Page_New piggy bank  Piggy banks  Firefly III/button_upload'

01-01-2024T23:23:44 - [MESSAGE][PASSED] - File 'C:\Users\MODERN 15\git\G1_Firefly_testing\Attachments File\65MiB.bin' sent to object: 'Object Repository/Piggy Bank/Page_New piggy bank  Piggy banks  Firefly III/button_upload'

01-01-2024T23:23:44 - [TEST_STEP][PASSED] - click(findTestObject("Object Repository/Piggy Bank/Page_New piggy bank  Piggy banks  Firefly III/div_Mandatory fields                       _ed7e9e")): Object: 'Object Repository/Piggy Bank/Page_New piggy bank  Piggy banks  Firefly III/div_Mandatory fields                       _ed7e9e' is clicked on

01-01-2024T23:23:44 - [MESSAGE][PASSED] - Object: 'Object Repository/Piggy Bank/Page_New piggy bank  Piggy banks  Firefly III/div_Mandatory fields                       _ed7e9e' is clicked on

01-01-2024T23:23:44 - [TEST_STEP][PASSED] - click(findTestObject("Object Repository/Piggy Bank/Page_New piggy bank  Piggy banks  Firefly III/button_Store new piggy bank")): Object: 'Object Repository/Piggy Bank/Page_New piggy bank  Piggy banks  Firefly III/button_Store new piggy bank' is clicked on

01-01-2024T23:23:50 - [MESSAGE][PASSED] - Object: 'Object Repository/Piggy Bank/Page_New piggy bank  Piggy banks  Firefly III/button_Store new piggy bank' is clicked on

01-01-2024T23:23:50 - [TEST_STEP][FAILED] - try: Unable to verify object 'Object Repository/Shared_alert/text_dangers' is present (Root cause: com.kms.katalon.core.exception.StepFailedException: Unable to verify object 'Object Repository/Shared_alert/text_dangers' is present
	at com.kms.katalon.core.webui.keyword.internal.WebUIKeywordMain.stepFailed(WebUIKeywordMain.groovy:64)
	at com.kms.katalon.core.webui.keyword.internal.WebUIKeywordMain.runKeyword(WebUIKeywordMain.groovy:26)
	at com.kms.katalon.core.webui.keyword.builtin.VerifyElementPresentKeyword.verifyElementPresent(VerifyElementPresentKeyword.groovy:92)
	at com.kms.katalon.core.webui.keyword.builtin.VerifyElementPresentKeyword.execute(VerifyElementPresentKeyword.groovy:68)
	at com.kms.katalon.core.keyword.internal.KeywordExecutor.executeKeywordForPlatform(KeywordExecutor.groovy:74)
	at com.kms.katalon.core.webui.keyword.WebUiBuiltInKeywords.verifyElementPresent(WebUiBuiltInKeywords.groovy:1503)
	at Piggy Bank.run(Piggy Bank:62)
	at com.kms.katalon.core.main.ScriptEngine.run(ScriptEngine.java:194)
	at com.kms.katalon.core.main.ScriptEngine.runScriptAsRawText(ScriptEngine.java:119)
	at com.kms.katalon.core.main.TestCaseExecutor.runScript(TestCaseExecutor.java:448)
	at com.kms.katalon.core.main.TestCaseExecutor.doExecute(TestCaseExecutor.java:439)
	at com.kms.katalon.core.main.TestCaseExecutor.processExecutionPhase(TestCaseExecutor.java:418)
	at com.kms.katalon.core.main.TestCaseExecutor.accessMainPhase(TestCaseExecutor.java:410)
	at com.kms.katalon.core.main.TestCaseExecutor.execute(TestCaseExecutor.java:285)
	at com.kms.katalon.core.common.CommonExecutor.accessTestCaseMainPhase(CommonExecutor.java:65)
	at com.kms.katalon.core.main.TestSuiteExecutor.accessTestSuiteMainPhase(TestSuiteExecutor.java:148)
	at com.kms.katalon.core.main.TestSuiteExecutor.execute(TestSuiteExecutor.java:106)
	at com.kms.katalon.core.main.TestCaseMain.startTestSuite(TestCaseMain.java:180)
	at TempTestSuite1704126138119.run(TempTestSuite1704126138119.groovy:36)
	at java.base/jdk.internal.reflect.NativeMethodAccessorImpl.invoke0(Native Method)
	at java.base/jdk.internal.reflect.NativeMethodAccessorImpl.invoke(NativeMethodAccessorImpl.java:77)
	at java.base/jdk.internal.reflect.DelegatingMethodAccessorImpl.invoke(DelegatingMethodAccessorImpl.java:43)
Caused by: com.kms.katalon.core.exception.StepFailedException: com.kms.katalon.core.webui.exception.WebElementNotFoundException: Web element with id: 'Object Repository/Shared_alert/text_dangers' located by '.text-danger' not found
	at com.kms.katalon.core.webui.keyword.internal.WebUIKeywordMain.stepFailed(WebUIKeywordMain.groovy:64)
	at com.kms.katalon.core.webui.keyword.builtin.VerifyElementPresentKeyword$_verifyElementPresent_closure1.doCall(VerifyElementPresentKeyword.groovy:85)
	at com.kms.katalon.core.webui.keyword.builtin.VerifyElementPresentKeyword$_verifyElementPresent_closure1.call(VerifyElementPresentKeyword.groovy)
	at com.kms.katalon.core.webui.keyword.internal.WebUIKeywordMain.runKeyword(WebUIKeywordMain.groovy:20)
	... 20 more
)

01-01-2024T23:23:50 - [TEST_STEP][FAILED] - verifyElementPresent(findTestObject("Shared_alert/text_dangers"), 1): Unable to verify object 'Object Repository/Shared_alert/text_dangers' is present (Root cause: com.kms.katalon.core.exception.StepFailedException: Unable to verify object 'Object Repository/Shared_alert/text_dangers' is present
	at com.kms.katalon.core.webui.keyword.internal.WebUIKeywordMain.stepFailed(WebUIKeywordMain.groovy:64)
	at com.kms.katalon.core.webui.keyword.internal.WebUIKeywordMain.runKeyword(WebUIKeywordMain.groovy:26)
	at com.kms.katalon.core.webui.keyword.builtin.VerifyElementPresentKeyword.verifyElementPresent(VerifyElementPresentKeyword.groovy:92)
	at com.kms.katalon.core.webui.keyword.builtin.VerifyElementPresentKeyword.execute(VerifyElementPresentKeyword.groovy:68)
	at com.kms.katalon.core.keyword.internal.KeywordExecutor.executeKeywordForPlatform(KeywordExecutor.groovy:74)
	at com.kms.katalon.core.webui.keyword.WebUiBuiltInKeywords.verifyElementPresent(WebUiBuiltInKeywords.groovy:1503)
	at Piggy Bank.run(Piggy Bank:62)
	at com.kms.katalon.core.main.ScriptEngine.run(ScriptEngine.java:194)
	at com.kms.katalon.core.main.ScriptEngine.runScriptAsRawText(ScriptEngine.java:119)
	at com.kms.katalon.core.main.TestCaseExecutor.runScript(TestCaseExecutor.java:448)
	at com.kms.katalon.core.main.TestCaseExecutor.doExecute(TestCaseExecutor.java:439)
	at com.kms.katalon.core.main.TestCaseExecutor.processExecutionPhase(TestCaseExecutor.java:418)
	at com.kms.katalon.core.main.TestCaseExecutor.accessMainPhase(TestCaseExecutor.java:410)
	at com.kms.katalon.core.main.TestCaseExecutor.execute(TestCaseExecutor.java:285)
	at com.kms.katalon.core.common.CommonExecutor.accessTestCaseMainPhase(CommonExecutor.java:65)
	at com.kms.katalon.core.main.TestSuiteExecutor.accessTestSuiteMainPhase(TestSuiteExecutor.java:148)
	at com.kms.katalon.core.main.TestSuiteExecutor.execute(TestSuiteExecutor.java:106)
	at com.kms.katalon.core.main.TestCaseMain.startTestSuite(TestCaseMain.java:180)
	at TempTestSuite1704126138119.run(TempTestSuite1704126138119.groovy:36)
	at java.base/jdk.internal.reflect.NativeMethodAccessorImpl.invoke0(Native Method)
	at java.base/jdk.internal.reflect.NativeMethodAccessorImpl.invoke(NativeMethodAccessorImpl.java:77)
	at java.base/jdk.internal.reflect.DelegatingMethodAccessorImpl.invoke(DelegatingMethodAccessorImpl.java:43)
Caused by: com.kms.katalon.core.exception.StepFailedException: com.kms.katalon.core.webui.exception.WebElementNotFoundException: Web element with id: 'Object Repository/Shared_alert/text_dangers' located by '.text-danger' not found
	at com.kms.katalon.core.webui.keyword.internal.WebUIKeywordMain.stepFailed(WebUIKeywordMain.groovy:64)
	at com.kms.katalon.core.webui.keyword.builtin.VerifyElementPresentKeyword$_verifyElementPresent_closure1.doCall(VerifyElementPresentKeyword.groovy:85)
	at com.kms.katalon.core.webui.keyword.builtin.VerifyElementPresentKeyword$_verifyElementPresent_closure1.call(VerifyElementPresentKeyword.groovy)
	at com.kms.katalon.core.webui.keyword.internal.WebUIKeywordMain.runKeyword(WebUIKeywordMain.groovy:20)
	... 20 more
)

01-01-2024T23:23:52 - [MESSAGE][INFO] - Unable to find the element located by 'By.cssSelector: .text-danger'. Please recheck the objects properties to make sure the desired element is located. 

01-01-2024T23:23:52 - [MESSAGE][FAILED] - com.kms.katalon.core.webui.exception.WebElementNotFoundException: Web element with id: 'Object Repository/Shared_alert/text_dangers' located by '.text-danger' not found (Root cause: com.kms.katalon.core.exception.StepFailedException: com.kms.katalon.core.webui.exception.WebElementNotFoundException: Web element with id: 'Object Repository/Shared_alert/text_dangers' located by '.text-danger' not found
	at com.kms.katalon.core.webui.keyword.internal.WebUIKeywordMain.stepFailed(WebUIKeywordMain.groovy:64)
	at com.kms.katalon.core.webui.keyword.builtin.VerifyElementPresentKeyword$_verifyElementPresent_closure1.doCall(VerifyElementPresentKeyword.groovy:85)
	at com.kms.katalon.core.webui.keyword.builtin.VerifyElementPresentKeyword$_verifyElementPresent_closure1.call(VerifyElementPresentKeyword.groovy)
	at com.kms.katalon.core.webui.keyword.internal.WebUIKeywordMain.runKeyword(WebUIKeywordMain.groovy:20)
	at com.kms.katalon.core.webui.keyword.builtin.VerifyElementPresentKeyword.verifyElementPresent(VerifyElementPresentKeyword.groovy:92)
	at com.kms.katalon.core.webui.keyword.builtin.VerifyElementPresentKeyword.execute(VerifyElementPresentKeyword.groovy:68)
	at com.kms.katalon.core.keyword.internal.KeywordExecutor.executeKeywordForPlatform(KeywordExecutor.groovy:74)
	at com.kms.katalon.core.webui.keyword.WebUiBuiltInKeywords.verifyElementPresent(WebUiBuiltInKeywords.groovy:1503)
	at Piggy Bank.run(Piggy Bank:62)
	at com.kms.katalon.core.main.ScriptEngine.run(ScriptEngine.java:194)
	at com.kms.katalon.core.main.ScriptEngine.runScriptAsRawText(ScriptEngine.java:119)
	at com.kms.katalon.core.main.TestCaseExecutor.runScript(TestCaseExecutor.java:448)
	at com.kms.katalon.core.main.TestCaseExecutor.doExecute(TestCaseExecutor.java:439)
	at com.kms.katalon.core.main.TestCaseExecutor.processExecutionPhase(TestCaseExecutor.java:418)
	at com.kms.katalon.core.main.TestCaseExecutor.accessMainPhase(TestCaseExecutor.java:410)
	at com.kms.katalon.core.main.TestCaseExecutor.execute(TestCaseExecutor.java:285)
	at com.kms.katalon.core.common.CommonExecutor.accessTestCaseMainPhase(CommonExecutor.java:65)
	at com.kms.katalon.core.main.TestSuiteExecutor.accessTestSuiteMainPhase(TestSuiteExecutor.java:148)
	at com.kms.katalon.core.main.TestSuiteExecutor.execute(TestSuiteExecutor.java:106)
	at com.kms.katalon.core.main.TestCaseMain.startTestSuite(TestCaseMain.java:180)
	at TempTestSuite1704126138119.run(TempTestSuite1704126138119.groovy:36)
	at java.base/jdk.internal.reflect.NativeMethodAccessorImpl.invoke0(Native Method)
	at java.base/jdk.internal.reflect.NativeMethodAccessorImpl.invoke(NativeMethodAccessorImpl.java:77)
	at java.base/jdk.internal.reflect.DelegatingMethodAccessorImpl.invoke(DelegatingMethodAccessorImpl.java:43)
)
[[ATTACHMENT|C:\\Users\\MODERN 15\\git\\G1_Firefly_testing\\Reports\\20240101_232218\\Piggy Bank\\20240101_232218\\1704126232766.png]]

01-01-2024T23:23:52 - [MESSAGE][FAILED] - Unable to verify object 'Object Repository/Shared_alert/text_dangers' is present (Root cause: com.kms.katalon.core.exception.StepFailedException: Unable to verify object 'Object Repository/Shared_alert/text_dangers' is present
	at com.kms.katalon.core.webui.keyword.internal.WebUIKeywordMain.stepFailed(WebUIKeywordMain.groovy:64)
	at com.kms.katalon.core.webui.keyword.internal.WebUIKeywordMain.runKeyword(WebUIKeywordMain.groovy:26)
	at com.kms.katalon.core.webui.keyword.builtin.VerifyElementPresentKeyword.verifyElementPresent(VerifyElementPresentKeyword.groovy:92)
	at com.kms.katalon.core.webui.keyword.builtin.VerifyElementPresentKeyword.execute(VerifyElementPresentKeyword.groovy:68)
	at com.kms.katalon.core.keyword.internal.KeywordExecutor.executeKeywordForPlatform(KeywordExecutor.groovy:74)
	at com.kms.katalon.core.webui.keyword.WebUiBuiltInKeywords.verifyElementPresent(WebUiBuiltInKeywords.groovy:1503)
	at Piggy Bank.run(Piggy Bank:62)
	at com.kms.katalon.core.main.ScriptEngine.run(ScriptEngine.java:194)
	at com.kms.katalon.core.main.ScriptEngine.runScriptAsRawText(ScriptEngine.java:119)
	at com.kms.katalon.core.main.TestCaseExecutor.runScript(TestCaseExecutor.java:448)
	at com.kms.katalon.core.main.TestCaseExecutor.doExecute(TestCaseExecutor.java:439)
	at com.kms.katalon.core.main.TestCaseExecutor.processExecutionPhase(TestCaseExecutor.java:418)
	at com.kms.katalon.core.main.TestCaseExecutor.accessMainPhase(TestCaseExecutor.java:410)
	at com.kms.katalon.core.main.TestCaseExecutor.execute(TestCaseExecutor.java:285)
	at com.kms.katalon.core.common.CommonExecutor.accessTestCaseMainPhase(CommonExecutor.java:65)
	at com.kms.katalon.core.main.TestSuiteExecutor.accessTestSuiteMainPhase(TestSuiteExecutor.java:148)
	at com.kms.katalon.core.main.TestSuiteExecutor.execute(TestSuiteExecutor.java:106)
	at com.kms.katalon.core.main.TestCaseMain.startTestSuite(TestCaseMain.java:180)
	at TempTestSuite1704126138119.run(TempTestSuite1704126138119.groovy:36)
	at java.base/jdk.internal.reflect.NativeMethodAccessorImpl.invoke0(Native Method)
	at java.base/jdk.internal.reflect.NativeMethodAccessorImpl.invoke(NativeMethodAccessorImpl.java:77)
	at java.base/jdk.internal.reflect.DelegatingMethodAccessorImpl.invoke(DelegatingMethodAccessorImpl.java:43)
Caused by: com.kms.katalon.core.exception.StepFailedException: com.kms.katalon.core.webui.exception.WebElementNotFoundException: Web element with id: 'Object Repository/Shared_alert/text_dangers' located by '.text-danger' not found
	at com.kms.katalon.core.webui.keyword.internal.WebUIKeywordMain.stepFailed(WebUIKeywordMain.groovy:64)
	at com.kms.katalon.core.webui.keyword.builtin.VerifyElementPresentKeyword$_verifyElementPresent_closure1.doCall(VerifyElementPresentKeyword.groovy:85)
	at com.kms.katalon.core.webui.keyword.builtin.VerifyElementPresentKeyword$_verifyElementPresent_closure1.call(VerifyElementPresentKeyword.groovy)
	at com.kms.katalon.core.webui.keyword.internal.WebUIKeywordMain.runKeyword(WebUIKeywordMain.groovy:20)
	... 20 more
)
[[ATTACHMENT|C:\\Users\\MODERN 15\\git\\G1_Firefly_testing\\Reports\\20240101_232218\\Piggy Bank\\20240101_232218\\1704126232865.png]]

01-01-2024T23:23:52 - [TEST_STEP][FAILED] - catch (Exception err): Unable to verify object 'Object Repository/Shared_alert/success_alert' is present (Root cause: com.kms.katalon.core.exception.StepFailedException: Unable to verify object 'Object Repository/Shared_alert/success_alert' is present
	at com.kms.katalon.core.webui.keyword.internal.WebUIKeywordMain.stepFailed(WebUIKeywordMain.groovy:64)
	at com.kms.katalon.core.webui.keyword.internal.WebUIKeywordMain.runKeyword(WebUIKeywordMain.groovy:26)
	at com.kms.katalon.core.webui.keyword.builtin.VerifyElementPresentKeyword.verifyElementPresent(VerifyElementPresentKeyword.groovy:92)
	at com.kms.katalon.core.webui.keyword.builtin.VerifyElementPresentKeyword.execute(VerifyElementPresentKeyword.groovy:68)
	at com.kms.katalon.core.keyword.internal.KeywordExecutor.executeKeywordForPlatform(KeywordExecutor.groovy:74)
	at com.kms.katalon.core.webui.keyword.WebUiBuiltInKeywords.verifyElementPresent(WebUiBuiltInKeywords.groovy:1503)
	at Piggy Bank.run(Piggy Bank:69)
	at com.kms.katalon.core.main.ScriptEngine.run(ScriptEngine.java:194)
	at com.kms.katalon.core.main.ScriptEngine.runScriptAsRawText(ScriptEngine.java:119)
	at com.kms.katalon.core.main.TestCaseExecutor.runScript(TestCaseExecutor.java:448)
	at com.kms.katalon.core.main.TestCaseExecutor.doExecute(TestCaseExecutor.java:439)
	at com.kms.katalon.core.main.TestCaseExecutor.processExecutionPhase(TestCaseExecutor.java:418)
	at com.kms.katalon.core.main.TestCaseExecutor.accessMainPhase(TestCaseExecutor.java:410)
	at com.kms.katalon.core.main.TestCaseExecutor.execute(TestCaseExecutor.java:285)
	at com.kms.katalon.core.common.CommonExecutor.accessTestCaseMainPhase(CommonExecutor.java:65)
	at com.kms.katalon.core.main.TestSuiteExecutor.accessTestSuiteMainPhase(TestSuiteExecutor.java:148)
	at com.kms.katalon.core.main.TestSuiteExecutor.execute(TestSuiteExecutor.java:106)
	at com.kms.katalon.core.main.TestCaseMain.startTestSuite(TestCaseMain.java:180)
	at TempTestSuite1704126138119.run(TempTestSuite1704126138119.groovy:36)
	at java.base/jdk.internal.reflect.NativeMethodAccessorImpl.invoke0(Native Method)
	at java.base/jdk.internal.reflect.NativeMethodAccessorImpl.invoke(NativeMethodAccessorImpl.java:77)
	at java.base/jdk.internal.reflect.DelegatingMethodAccessorImpl.invoke(DelegatingMethodAccessorImpl.java:43)
Caused by: com.kms.katalon.core.exception.StepFailedException: com.kms.katalon.core.webui.exception.WebElementNotFoundException: Web element with id: 'Object Repository/Shared_alert/success_alert' located by '#app > div.content-wrapper > section.content > div' not found
	at com.kms.katalon.core.webui.keyword.internal.WebUIKeywordMain.stepFailed(WebUIKeywordMain.groovy:64)
	at com.kms.katalon.core.webui.keyword.builtin.VerifyElementPresentKeyword$_verifyElementPresent_closure1.doCall(VerifyElementPresentKeyword.groovy:85)
	at com.kms.katalon.core.webui.keyword.builtin.VerifyElementPresentKeyword$_verifyElementPresent_closure1.call(VerifyElementPresentKeyword.groovy)
	at com.kms.katalon.core.webui.keyword.internal.WebUIKeywordMain.runKeyword(WebUIKeywordMain.groovy:20)
	... 20 more
)

01-01-2024T23:23:52 - [TEST_STEP][FAILED] - verifyElementPresent(findTestObject("Shared_alert/success_alert"), 1): Unable to verify object 'Object Repository/Shared_alert/success_alert' is present (Root cause: com.kms.katalon.core.exception.StepFailedException: Unable to verify object 'Object Repository/Shared_alert/success_alert' is present
	at com.kms.katalon.core.webui.keyword.internal.WebUIKeywordMain.stepFailed(WebUIKeywordMain.groovy:64)
	at com.kms.katalon.core.webui.keyword.internal.WebUIKeywordMain.runKeyword(WebUIKeywordMain.groovy:26)
	at com.kms.katalon.core.webui.keyword.builtin.VerifyElementPresentKeyword.verifyElementPresent(VerifyElementPresentKeyword.groovy:92)
	at com.kms.katalon.core.webui.keyword.builtin.VerifyElementPresentKeyword.execute(VerifyElementPresentKeyword.groovy:68)
	at com.kms.katalon.core.keyword.internal.KeywordExecutor.executeKeywordForPlatform(KeywordExecutor.groovy:74)
	at com.kms.katalon.core.webui.keyword.WebUiBuiltInKeywords.verifyElementPresent(WebUiBuiltInKeywords.groovy:1503)
	at Piggy Bank.run(Piggy Bank:69)
	at com.kms.katalon.core.main.ScriptEngine.run(ScriptEngine.java:194)
	at com.kms.katalon.core.main.ScriptEngine.runScriptAsRawText(ScriptEngine.java:119)
	at com.kms.katalon.core.main.TestCaseExecutor.runScript(TestCaseExecutor.java:448)
	at com.kms.katalon.core.main.TestCaseExecutor.doExecute(TestCaseExecutor.java:439)
	at com.kms.katalon.core.main.TestCaseExecutor.processExecutionPhase(TestCaseExecutor.java:418)
	at com.kms.katalon.core.main.TestCaseExecutor.accessMainPhase(TestCaseExecutor.java:410)
	at com.kms.katalon.core.main.TestCaseExecutor.execute(TestCaseExecutor.java:285)
	at com.kms.katalon.core.common.CommonExecutor.accessTestCaseMainPhase(CommonExecutor.java:65)
	at com.kms.katalon.core.main.TestSuiteExecutor.accessTestSuiteMainPhase(TestSuiteExecutor.java:148)
	at com.kms.katalon.core.main.TestSuiteExecutor.execute(TestSuiteExecutor.java:106)
	at com.kms.katalon.core.main.TestCaseMain.startTestSuite(TestCaseMain.java:180)
	at TempTestSuite1704126138119.run(TempTestSuite1704126138119.groovy:36)
	at java.base/jdk.internal.reflect.NativeMethodAccessorImpl.invoke0(Native Method)
	at java.base/jdk.internal.reflect.NativeMethodAccessorImpl.invoke(NativeMethodAccessorImpl.java:77)
	at java.base/jdk.internal.reflect.DelegatingMethodAccessorImpl.invoke(DelegatingMethodAccessorImpl.java:43)
Caused by: com.kms.katalon.core.exception.StepFailedException: com.kms.katalon.core.webui.exception.WebElementNotFoundException: Web element with id: 'Object Repository/Shared_alert/success_alert' located by '#app > div.content-wrapper > section.content > div' not found
	at com.kms.katalon.core.webui.keyword.internal.WebUIKeywordMain.stepFailed(WebUIKeywordMain.groovy:64)
	at com.kms.katalon.core.webui.keyword.builtin.VerifyElementPresentKeyword$_verifyElementPresent_closure1.doCall(VerifyElementPresentKeyword.groovy:85)
	at com.kms.katalon.core.webui.keyword.builtin.VerifyElementPresentKeyword$_verifyElementPresent_closure1.call(VerifyElementPresentKeyword.groovy)
	at com.kms.katalon.core.webui.keyword.internal.WebUIKeywordMain.runKeyword(WebUIKeywordMain.groovy:20)
	... 20 more
)

01-01-2024T23:23:55 - [MESSAGE][INFO] - Unable to find the element located by 'By.cssSelector: #app > div.content-wrapper > section.content > div'. Please recheck the objects properties to make sure the desired element is located. 

01-01-2024T23:23:55 - [MESSAGE][FAILED] - com.kms.katalon.core.webui.exception.WebElementNotFoundException: Web element with id: 'Object Repository/Shared_alert/success_alert' located by '#app > div.content-wrapper > section.content > div' not found (Root cause: com.kms.katalon.core.exception.StepFailedException: com.kms.katalon.core.webui.exception.WebElementNotFoundException: Web element with id: 'Object Repository/Shared_alert/success_alert' located by '#app > div.content-wrapper > section.content > div' not found
	at com.kms.katalon.core.webui.keyword.internal.WebUIKeywordMain.stepFailed(WebUIKeywordMain.groovy:64)
	at com.kms.katalon.core.webui.keyword.builtin.VerifyElementPresentKeyword$_verifyElementPresent_closure1.doCall(VerifyElementPresentKeyword.groovy:85)
	at com.kms.katalon.core.webui.keyword.builtin.VerifyElementPresentKeyword$_verifyElementPresent_closure1.call(VerifyElementPresentKeyword.groovy)
	at com.kms.katalon.core.webui.keyword.internal.WebUIKeywordMain.runKeyword(WebUIKeywordMain.groovy:20)
	at com.kms.katalon.core.webui.keyword.builtin.VerifyElementPresentKeyword.verifyElementPresent(VerifyElementPresentKeyword.groovy:92)
	at com.kms.katalon.core.webui.keyword.builtin.VerifyElementPresentKeyword.execute(VerifyElementPresentKeyword.groovy:68)
	at com.kms.katalon.core.keyword.internal.KeywordExecutor.executeKeywordForPlatform(KeywordExecutor.groovy:74)
	at com.kms.katalon.core.webui.keyword.WebUiBuiltInKeywords.verifyElementPresent(WebUiBuiltInKeywords.groovy:1503)
	at Piggy Bank.run(Piggy Bank:69)
	at com.kms.katalon.core.main.ScriptEngine.run(ScriptEngine.java:194)
	at com.kms.katalon.core.main.ScriptEngine.runScriptAsRawText(ScriptEngine.java:119)
	at com.kms.katalon.core.main.TestCaseExecutor.runScript(TestCaseExecutor.java:448)
	at com.kms.katalon.core.main.TestCaseExecutor.doExecute(TestCaseExecutor.java:439)
	at com.kms.katalon.core.main.TestCaseExecutor.processExecutionPhase(TestCaseExecutor.java:418)
	at com.kms.katalon.core.main.TestCaseExecutor.accessMainPhase(TestCaseExecutor.java:410)
	at com.kms.katalon.core.main.TestCaseExecutor.execute(TestCaseExecutor.java:285)
	at com.kms.katalon.core.common.CommonExecutor.accessTestCaseMainPhase(CommonExecutor.java:65)
	at com.kms.katalon.core.main.TestSuiteExecutor.accessTestSuiteMainPhase(TestSuiteExecutor.java:148)
	at com.kms.katalon.core.main.TestSuiteExecutor.execute(TestSuiteExecutor.java:106)
	at com.kms.katalon.core.main.TestCaseMain.startTestSuite(TestCaseMain.java:180)
	at TempTestSuite1704126138119.run(TempTestSuite1704126138119.groovy:36)
	at java.base/jdk.internal.reflect.NativeMethodAccessorImpl.invoke0(Native Method)
	at java.base/jdk.internal.reflect.NativeMethodAccessorImpl.invoke(NativeMethodAccessorImpl.java:77)
	at java.base/jdk.internal.reflect.DelegatingMethodAccessorImpl.invoke(DelegatingMethodAccessorImpl.java:43)
)
[[ATTACHMENT|C:\\Users\\MODERN 15\\git\\G1_Firefly_testing\\Reports\\20240101_232218\\Piggy Bank\\20240101_232218\\1704126235034.png]]

01-01-2024T23:23:55 - [MESSAGE][FAILED] - Unable to verify object 'Object Repository/Shared_alert/success_alert' is present (Root cause: com.kms.katalon.core.exception.StepFailedException: Unable to verify object 'Object Repository/Shared_alert/success_alert' is present
	at com.kms.katalon.core.webui.keyword.internal.WebUIKeywordMain.stepFailed(WebUIKeywordMain.groovy:64)
	at com.kms.katalon.core.webui.keyword.internal.WebUIKeywordMain.runKeyword(WebUIKeywordMain.groovy:26)
	at com.kms.katalon.core.webui.keyword.builtin.VerifyElementPresentKeyword.verifyElementPresent(VerifyElementPresentKeyword.groovy:92)
	at com.kms.katalon.core.webui.keyword.builtin.VerifyElementPresentKeyword.execute(VerifyElementPresentKeyword.groovy:68)
	at com.kms.katalon.core.keyword.internal.KeywordExecutor.executeKeywordForPlatform(KeywordExecutor.groovy:74)
	at com.kms.katalon.core.webui.keyword.WebUiBuiltInKeywords.verifyElementPresent(WebUiBuiltInKeywords.groovy:1503)
	at Piggy Bank.run(Piggy Bank:69)
	at com.kms.katalon.core.main.ScriptEngine.run(ScriptEngine.java:194)
	at com.kms.katalon.core.main.ScriptEngine.runScriptAsRawText(ScriptEngine.java:119)
	at com.kms.katalon.core.main.TestCaseExecutor.runScript(TestCaseExecutor.java:448)
	at com.kms.katalon.core.main.TestCaseExecutor.doExecute(TestCaseExecutor.java:439)
	at com.kms.katalon.core.main.TestCaseExecutor.processExecutionPhase(TestCaseExecutor.java:418)
	at com.kms.katalon.core.main.TestCaseExecutor.accessMainPhase(TestCaseExecutor.java:410)
	at com.kms.katalon.core.main.TestCaseExecutor.execute(TestCaseExecutor.java:285)
	at com.kms.katalon.core.common.CommonExecutor.accessTestCaseMainPhase(CommonExecutor.java:65)
	at com.kms.katalon.core.main.TestSuiteExecutor.accessTestSuiteMainPhase(TestSuiteExecutor.java:148)
	at com.kms.katalon.core.main.TestSuiteExecutor.execute(TestSuiteExecutor.java:106)
	at com.kms.katalon.core.main.TestCaseMain.startTestSuite(TestCaseMain.java:180)
	at TempTestSuite1704126138119.run(TempTestSuite1704126138119.groovy:36)
	at java.base/jdk.internal.reflect.NativeMethodAccessorImpl.invoke0(Native Method)
	at java.base/jdk.internal.reflect.NativeMethodAccessorImpl.invoke(NativeMethodAccessorImpl.java:77)
	at java.base/jdk.internal.reflect.DelegatingMethodAccessorImpl.invoke(DelegatingMethodAccessorImpl.java:43)
Caused by: com.kms.katalon.core.exception.StepFailedException: com.kms.katalon.core.webui.exception.WebElementNotFoundException: Web element with id: 'Object Repository/Shared_alert/success_alert' located by '#app > div.content-wrapper > section.content > div' not found
	at com.kms.katalon.core.webui.keyword.internal.WebUIKeywordMain.stepFailed(WebUIKeywordMain.groovy:64)
	at com.kms.katalon.core.webui.keyword.builtin.VerifyElementPresentKeyword$_verifyElementPresent_closure1.doCall(VerifyElementPresentKeyword.groovy:85)
	at com.kms.katalon.core.webui.keyword.builtin.VerifyElementPresentKeyword$_verifyElementPresent_closure1.call(VerifyElementPresentKeyword.groovy)
	at com.kms.katalon.core.webui.keyword.internal.WebUIKeywordMain.runKeyword(WebUIKeywordMain.groovy:20)
	... 20 more
)
[[ATTACHMENT|C:\\Users\\MODERN 15\\git\\G1_Firefly_testing\\Reports\\20240101_232218\\Piggy Bank\\20240101_232218\\1704126235134.png]]]]></system-out>
         <system-err><![CDATA[01-01-2024T23:23:26 - [TEST_CASE][FAILED] - Test Cases/Piggy Bank: Test Cases/Piggy Bank FAILED.
Reason:
com.kms.katalon.core.exception.StepFailedException: Unable to verify object 'Object Repository/Shared_alert/success_alert' is present
	at com.kms.katalon.core.webui.keyword.internal.WebUIKeywordMain.stepFailed(WebUIKeywordMain.groovy:64)
	at com.kms.katalon.core.webui.keyword.internal.WebUIKeywordMain.runKeyword(WebUIKeywordMain.groovy:26)
	at com.kms.katalon.core.webui.keyword.builtin.VerifyElementPresentKeyword.verifyElementPresent(VerifyElementPresentKeyword.groovy:92)
	at com.kms.katalon.core.webui.keyword.builtin.VerifyElementPresentKeyword.execute(VerifyElementPresentKeyword.groovy:68)
	at com.kms.katalon.core.keyword.internal.KeywordExecutor.executeKeywordForPlatform(KeywordExecutor.groovy:74)
	at com.kms.katalon.core.webui.keyword.WebUiBuiltInKeywords.verifyElementPresent(WebUiBuiltInKeywords.groovy:1503)
	at Piggy Bank.run(Piggy Bank:69)
	at com.kms.katalon.core.main.ScriptEngine.run(ScriptEngine.java:194)
	at com.kms.katalon.core.main.ScriptEngine.runScriptAsRawText(ScriptEngine.java:119)
	at com.kms.katalon.core.main.TestCaseExecutor.runScript(TestCaseExecutor.java:448)
	at com.kms.katalon.core.main.TestCaseExecutor.doExecute(TestCaseExecutor.java:439)
	at com.kms.katalon.core.main.TestCaseExecutor.processExecutionPhase(TestCaseExecutor.java:418)
	at com.kms.katalon.core.main.TestCaseExecutor.accessMainPhase(TestCaseExecutor.java:410)
	at com.kms.katalon.core.main.TestCaseExecutor.execute(TestCaseExecutor.java:285)
	at com.kms.katalon.core.common.CommonExecutor.accessTestCaseMainPhase(CommonExecutor.java:65)
	at com.kms.katalon.core.main.TestSuiteExecutor.accessTestSuiteMainPhase(TestSuiteExecutor.java:148)
	at com.kms.katalon.core.main.TestSuiteExecutor.execute(TestSuiteExecutor.java:106)
	at com.kms.katalon.core.main.TestCaseMain.startTestSuite(TestCaseMain.java:180)
	at TempTestSuite1704126138119.run(TempTestSuite1704126138119.groovy:36)
	at java.base/jdk.internal.reflect.NativeMethodAccessorImpl.invoke0(Native Method)
	at java.base/jdk.internal.reflect.NativeMethodAccessorImpl.invoke(NativeMethodAccessorImpl.java:77)
	at java.base/jdk.internal.reflect.DelegatingMethodAccessorImpl.invoke(DelegatingMethodAccessorImpl.java:43)
Caused by: com.kms.katalon.core.exception.StepFailedException: com.kms.katalon.core.webui.exception.WebElementNotFoundException: Web element with id: 'Object Repository/Shared_alert/success_alert' located by '#app > div.content-wrapper > section.content > div' not found
	at com.kms.katalon.core.webui.keyword.internal.WebUIKeywordMain.stepFailed(WebUIKeywordMain.groovy:64)
	at com.kms.katalon.core.webui.keyword.builtin.VerifyElementPresentKeyword$_verifyElementPresent_closure1.doCall(VerifyElementPresentKeyword.groovy:85)
	at com.kms.katalon.core.webui.keyword.builtin.VerifyElementPresentKeyword$_verifyElementPresent_closure1.call(VerifyElementPresentKeyword.groovy)
	at com.kms.katalon.core.webui.keyword.internal.WebUIKeywordMain.runKeyword(WebUIKeywordMain.groovy:20)
	... 20 more]]></system-err>
      </testcase>
      <testcase name="Test Cases/Piggy Bank" time="21.961" classname="Test Cases/Piggy Bank" status="PASSED">
         <system-out><![CDATA[01-01-2024T23:23:55 - [TEST_CASE][PASSED] - Test Cases/Piggy Bank: Test Cases/Piggy Bank

01-01-2024T23:23:55 - [TEST_STEP][PASSED] - openBrowser(""): Browser is opened with url: ''

01-01-2024T23:23:55 - [MESSAGE][WARNING] - A browser is already opened. Closing browser and opening a new one

01-01-2024T23:23:55 - [MESSAGE][INFO] - Starting 'Chrome' driver

01-01-2024T23:23:55 - [MESSAGE][INFO] - Action delay is set to 0 milliseconds

01-01-2024T23:23:56 - [MESSAGE][PASSED] - Browser is opened with url: ''

01-01-2024T23:23:56 - [TEST_STEP][PASSED] - navigateToUrl("https://firefly.buudadawg.online/login"): Navigate to 'https://firefly.buudadawg.online/login' successfully

01-01-2024T23:23:59 - [MESSAGE][PASSED] - Navigate to 'https://firefly.buudadawg.online/login' successfully

01-01-2024T23:23:59 - [TEST_STEP][PASSED] - setText(findTestObject("Object Repository/Piggy Bank/Page_Login to Firefly III/input_email"), username): Text 'killermh1352@gmail.com' is set on object 'Object Repository/Piggy Bank/Page_Login to Firefly III/input_email'

01-01-2024T23:24:00 - [MESSAGE][PASSED] - Text 'killermh1352@gmail.com' is set on object 'Object Repository/Piggy Bank/Page_Login to Firefly III/input_email'

01-01-2024T23:24:00 - [TEST_STEP][PASSED] - setText(findTestObject("Object Repository/Piggy Bank/Page_Login to Firefly III/input_password"), password): Text 'tranvinhphuc2002' is set on object 'Object Repository/Piggy Bank/Page_Login to Firefly III/input_password'

01-01-2024T23:24:00 - [MESSAGE][PASSED] - Text 'tranvinhphuc2002' is set on object 'Object Repository/Piggy Bank/Page_Login to Firefly III/input_password'

01-01-2024T23:24:00 - [TEST_STEP][PASSED] - sendKeys(findTestObject("Object Repository/Piggy Bank/Page_Login to Firefly III/input_password"), Keys.chord(ENTER)): Keys 'ENTER + ' sent to object: 'Object Repository/Piggy Bank/Page_Login to Firefly III/input_password'

01-01-2024T23:24:01 - [MESSAGE][PASSED] - Keys 'ENTER + ' sent to object: 'Object Repository/Piggy Bank/Page_Login to Firefly III/input_password'

01-01-2024T23:24:01 - [TEST_STEP][PASSED] - click(findTestObject("Object Repository/Piggy Bank/Page_Whats playing  Firefly III/a_Piggy banks")): Object: 'Object Repository/Piggy Bank/Page_Whats playing  Firefly III/a_Piggy banks' is clicked on

01-01-2024T23:24:04 - [MESSAGE][PASSED] - Object: 'Object Repository/Piggy Bank/Page_Whats playing  Firefly III/a_Piggy banks' is clicked on

01-01-2024T23:24:04 - [TEST_STEP][PASSED] - click(findTestObject("Piggy Bank/Page_Piggy banks  Firefly III/a_Create new piggy bank")): Object: 'Object Repository/Piggy Bank/Page_Piggy banks  Firefly III/a_Create new piggy bank' is clicked on

01-01-2024T23:24:05 - [MESSAGE][PASSED] - Object: 'Object Repository/Piggy Bank/Page_Piggy banks  Firefly III/a_Create new piggy bank' is clicked on

01-01-2024T23:24:05 - [TEST_STEP][PASSED] - setText(findTestObject("Object Repository/Piggy Bank/Page_New piggy bank  Piggy banks  Firefly III/input_name"), name): Text 'Acceleron Pharma Inc.' is set on object 'Object Repository/Piggy Bank/Page_New piggy bank  Piggy banks  Firefly III/input_name'

01-01-2024T23:24:06 - [MESSAGE][PASSED] - Text 'Acceleron Pharma Inc.' is set on object 'Object Repository/Piggy Bank/Page_New piggy bank  Piggy banks  Firefly III/input_name'

01-01-2024T23:24:06 - [TEST_STEP][PASSED] - selectOptionByLabel(findTestObject("Object Repository/Piggy Bank/Page_New piggy bank  Piggy banks  Firefly III/select_My Savings AccountMy Asset Account"), save_on_account, true): All options with label 'My Asset Account' are selected in object 'Object Repository/Piggy Bank/Page_New piggy bank  Piggy banks  Firefly III/select_My Savings AccountMy Asset Account'  using regular expression

01-01-2024T23:24:07 - [MESSAGE][PASSED] - All options with label 'My Asset Account' are selected in object 'Object Repository/Piggy Bank/Page_New piggy bank  Piggy banks  Firefly III/select_My Savings AccountMy Asset Account'  using regular expression

01-01-2024T23:24:07 - [TEST_STEP][PASSED] - setText(findTestObject("Object Repository/Piggy Bank/Page_New piggy bank  Piggy banks  Firefly III/input_targetamount"), target_amount): Text '10118' is set on object 'Object Repository/Piggy Bank/Page_New piggy bank  Piggy banks  Firefly III/input_targetamount'

01-01-2024T23:24:07 - [MESSAGE][PASSED] - Text '10118' is set on object 'Object Repository/Piggy Bank/Page_New piggy bank  Piggy banks  Firefly III/input_targetamount'

01-01-2024T23:24:07 - [TEST_STEP][PASSED] - setText(findTestObject("Object Repository/Piggy Bank/Page_New piggy bank  Piggy banks  Firefly III/textarea_notes"), notes): Text 'mus vivamus vestibulum sagittis sapien cum sociis natoque penatibus et magnis dis parturient montes nascetur ridiculus mus etiam vel augue vestibulum rutrum rutrum neque aenean auctor gravida sem praesent id massa id nisl venenatis lacinia aenean sit amet justo morbi ut odio cras mi pede malesuada in imperdiet et commodo vulputate justo in blandit ultrices enim lorem ipsum dolor sit amet consectetuer adipiscing elit proin interdum mauris non ligula pellentesque ultrices phasellus id sapien in sapien iaculis congue vivamus metus arcu adipiscing molestie hendrerit at vulputate vitae nisl aenean lectus pellentesque eget nunc donec quis orci eget orci vehicula condimentum curabitur in libero ut massa volutpat convallis morbi odio odio elementum eu interdum eu tincidunt in leo maecenas pulvinar lobortis est phasellus sit amet erat nulla tempus vivamus in felis eu sapien cursus vestibulum proin eu mi nulla ac enim in tempor turpis nec euismod scelerisque quam turpis adipiscing lorem vitae mattis nibh ligula nec sem duis aliquam convallis nunc proin at turpis a pede posuere nonummy integer non velit donec diam neque vestibulum eget vulputate ut ultrices vel augue vestibulum ante ipsum' is set on object 'Object Repository/Piggy Bank/Page_New piggy bank  Piggy banks  Firefly III/textarea_notes'

01-01-2024T23:24:11 - [MESSAGE][PASSED] - Text 'mus vivamus vestibulum sagittis sapien cum sociis natoque penatibus et magnis dis parturient montes nascetur ridiculus mus etiam vel augue vestibulum rutrum rutrum neque aenean auctor gravida sem praesent id massa id nisl venenatis lacinia aenean sit amet justo morbi ut odio cras mi pede malesuada in imperdiet et commodo vulputate justo in blandit ultrices enim lorem ipsum dolor sit amet consectetuer adipiscing elit proin interdum mauris non ligula pellentesque ultrices phasellus id sapien in sapien iaculis congue vivamus metus arcu adipiscing molestie hendrerit at vulputate vitae nisl aenean lectus pellentesque eget nunc donec quis orci eget orci vehicula condimentum curabitur in libero ut massa volutpat convallis morbi odio odio elementum eu interdum eu tincidunt in leo maecenas pulvinar lobortis est phasellus sit amet erat nulla tempus vivamus in felis eu sapien cursus vestibulum proin eu mi nulla ac enim in tempor turpis nec euismod scelerisque quam turpis adipiscing lorem vitae mattis nibh ligula nec sem duis aliquam convallis nunc proin at turpis a pede posuere nonummy integer non velit donec diam neque vestibulum eget vulputate ut ultrices vel augue vestibulum ante ipsum' is set on object 'Object Repository/Piggy Bank/Page_New piggy bank  Piggy banks  Firefly III/textarea_notes'

01-01-2024T23:24:11 - [TEST_STEP][PASSED] - setText(findTestObject("Object Repository/Piggy Bank/Page_New piggy bank  Piggy banks  Firefly III/input_object_group"), group): Text '' is set on object 'Object Repository/Piggy Bank/Page_New piggy bank  Piggy banks  Firefly III/input_object_group'

01-01-2024T23:24:11 - [MESSAGE][PASSED] - Text '' is set on object 'Object Repository/Piggy Bank/Page_New piggy bank  Piggy banks  Firefly III/input_object_group'

01-01-2024T23:24:11 - [TEST_STEP][PASSED] - setText(findTestObject("Piggy Bank/Page_New piggy bank  Piggy banks  Firefly III/input_date"), target_date): Text '' is set on object 'Object Repository/Piggy Bank/Page_New piggy bank  Piggy banks  Firefly III/input_date'

01-01-2024T23:24:12 - [MESSAGE][PASSED] - Text '' is set on object 'Object Repository/Piggy Bank/Page_New piggy bank  Piggy banks  Firefly III/input_date'

01-01-2024T23:24:12 - [TEST_STEP][PASSED] - if (attachment): null

01-01-2024T23:24:12 - [TEST_STEP][PASSED] - click(findTestObject("Object Repository/Piggy Bank/Page_New piggy bank  Piggy banks  Firefly III/div_Mandatory fields                       _ed7e9e")): Object: 'Object Repository/Piggy Bank/Page_New piggy bank  Piggy banks  Firefly III/div_Mandatory fields                       _ed7e9e' is clicked on

01-01-2024T23:24:12 - [MESSAGE][PASSED] - Object: 'Object Repository/Piggy Bank/Page_New piggy bank  Piggy banks  Firefly III/div_Mandatory fields                       _ed7e9e' is clicked on

01-01-2024T23:24:12 - [TEST_STEP][PASSED] - click(findTestObject("Object Repository/Piggy Bank/Page_New piggy bank  Piggy banks  Firefly III/button_Store new piggy bank")): Object: 'Object Repository/Piggy Bank/Page_New piggy bank  Piggy banks  Firefly III/button_Store new piggy bank' is clicked on

01-01-2024T23:24:15 - [MESSAGE][PASSED] - Object: 'Object Repository/Piggy Bank/Page_New piggy bank  Piggy banks  Firefly III/button_Store new piggy bank' is clicked on

01-01-2024T23:24:15 - [TEST_STEP][FAILED] - try: Unable to verify object 'Object Repository/Shared_alert/success_alert' is not present (Root cause: com.kms.katalon.core.exception.StepFailedException: Unable to verify object 'Object Repository/Shared_alert/success_alert' is not present
	at com.kms.katalon.core.webui.keyword.internal.WebUIKeywordMain.stepFailed(WebUIKeywordMain.groovy:64)
	at com.kms.katalon.core.webui.keyword.internal.WebUIKeywordMain.runKeyword(WebUIKeywordMain.groovy:26)
	at com.kms.katalon.core.webui.keyword.internal.WebUIKeywordMain$runKeyword.call(Unknown Source)
	at com.kms.katalon.core.webui.keyword.builtin.VerifyElementNotPresentKeyword.verifyElementNotPresent(VerifyElementNotPresentKeyword.groovy:122)
	at com.kms.katalon.core.webui.keyword.builtin.VerifyElementNotPresentKeyword.execute(VerifyElementNotPresentKeyword.groovy:68)
	at com.kms.katalon.core.keyword.internal.KeywordExecutor.executeKeywordForPlatform(KeywordExecutor.groovy:74)
	at com.kms.katalon.core.webui.keyword.WebUiBuiltInKeywords.verifyElementNotPresent(WebUiBuiltInKeywords.groovy:1536)
	at Piggy Bank.run(Piggy Bank:64)
	at com.kms.katalon.core.main.ScriptEngine.run(ScriptEngine.java:194)
	at com.kms.katalon.core.main.ScriptEngine.runScriptAsRawText(ScriptEngine.java:119)
	at com.kms.katalon.core.main.TestCaseExecutor.runScript(TestCaseExecutor.java:448)
	at com.kms.katalon.core.main.TestCaseExecutor.doExecute(TestCaseExecutor.java:439)
	at com.kms.katalon.core.main.TestCaseExecutor.processExecutionPhase(TestCaseExecutor.java:418)
	at com.kms.katalon.core.main.TestCaseExecutor.accessMainPhase(TestCaseExecutor.java:410)
	at com.kms.katalon.core.main.TestCaseExecutor.execute(TestCaseExecutor.java:285)
	at com.kms.katalon.core.common.CommonExecutor.accessTestCaseMainPhase(CommonExecutor.java:65)
	at com.kms.katalon.core.main.TestSuiteExecutor.accessTestSuiteMainPhase(TestSuiteExecutor.java:148)
	at com.kms.katalon.core.main.TestSuiteExecutor.execute(TestSuiteExecutor.java:106)
	at com.kms.katalon.core.main.TestCaseMain.startTestSuite(TestCaseMain.java:180)
	at TempTestSuite1704126138119.run(TempTestSuite1704126138119.groovy:36)
	at java.base/jdk.internal.reflect.NativeMethodAccessorImpl.invoke0(Native Method)
	at java.base/jdk.internal.reflect.NativeMethodAccessorImpl.invoke(NativeMethodAccessorImpl.java:77)
	at java.base/jdk.internal.reflect.DelegatingMethodAccessorImpl.invoke(DelegatingMethodAccessorImpl.java:43)
Caused by: com.kms.katalon.core.exception.StepFailedException: Web element with id: 'Object Repository/Shared_alert/success_alert' located by 'By.cssSelector: #app > div.content-wrapper > section.content > div' is present after '1' second(s)
	at com.kms.katalon.core.webui.keyword.internal.WebUIKeywordMain.stepFailed(WebUIKeywordMain.groovy:64)
	at com.kms.katalon.core.webui.keyword.internal.WebUIKeywordMain$stepFailed$0.call(Unknown Source)
	at com.kms.katalon.core.webui.keyword.builtin.VerifyElementNotPresentKeyword$_verifyElementNotPresent_closure1.doCall(VerifyElementNotPresentKeyword.groovy:113)
	at com.kms.katalon.core.webui.keyword.builtin.VerifyElementNotPresentKeyword$_verifyElementNotPresent_closure1.doCall(VerifyElementNotPresentKeyword.groovy)
	at java.base/jdk.internal.reflect.NativeMethodAccessorImpl.invoke0(Native Method)
	at java.base/jdk.internal.reflect.NativeMethodAccessorImpl.invoke(NativeMethodAccessorImpl.java:77)
	at java.base/jdk.internal.reflect.DelegatingMethodAccessorImpl.invoke(DelegatingMethodAccessorImpl.java:43)
	at com.kms.katalon.core.webui.keyword.internal.WebUIKeywordMain.runKeyword(WebUIKeywordMain.groovy:20)
	... 21 more
)

01-01-2024T23:24:15 - [TEST_STEP][PASSED] - verifyElementPresent(findTestObject("Shared_alert/text_dangers"), 1): Object 'Object Repository/Shared_alert/text_dangers' is present

01-01-2024T23:24:15 - [MESSAGE][PASSED] - Object 'Object Repository/Shared_alert/text_dangers' is present

01-01-2024T23:24:15 - [TEST_STEP][FAILED] - verifyElementNotPresent(findTestObject("Shared_alert/success_alert"), 1): Unable to verify object 'Object Repository/Shared_alert/success_alert' is not present (Root cause: com.kms.katalon.core.exception.StepFailedException: Unable to verify object 'Object Repository/Shared_alert/success_alert' is not present
	at com.kms.katalon.core.webui.keyword.internal.WebUIKeywordMain.stepFailed(WebUIKeywordMain.groovy:64)
	at com.kms.katalon.core.webui.keyword.internal.WebUIKeywordMain.runKeyword(WebUIKeywordMain.groovy:26)
	at com.kms.katalon.core.webui.keyword.internal.WebUIKeywordMain$runKeyword.call(Unknown Source)
	at com.kms.katalon.core.webui.keyword.builtin.VerifyElementNotPresentKeyword.verifyElementNotPresent(VerifyElementNotPresentKeyword.groovy:122)
	at com.kms.katalon.core.webui.keyword.builtin.VerifyElementNotPresentKeyword.execute(VerifyElementNotPresentKeyword.groovy:68)
	at com.kms.katalon.core.keyword.internal.KeywordExecutor.executeKeywordForPlatform(KeywordExecutor.groovy:74)
	at com.kms.katalon.core.webui.keyword.WebUiBuiltInKeywords.verifyElementNotPresent(WebUiBuiltInKeywords.groovy:1536)
	at Piggy Bank.run(Piggy Bank:64)
	at com.kms.katalon.core.main.ScriptEngine.run(ScriptEngine.java:194)
	at com.kms.katalon.core.main.ScriptEngine.runScriptAsRawText(ScriptEngine.java:119)
	at com.kms.katalon.core.main.TestCaseExecutor.runScript(TestCaseExecutor.java:448)
	at com.kms.katalon.core.main.TestCaseExecutor.doExecute(TestCaseExecutor.java:439)
	at com.kms.katalon.core.main.TestCaseExecutor.processExecutionPhase(TestCaseExecutor.java:418)
	at com.kms.katalon.core.main.TestCaseExecutor.accessMainPhase(TestCaseExecutor.java:410)
	at com.kms.katalon.core.main.TestCaseExecutor.execute(TestCaseExecutor.java:285)
	at com.kms.katalon.core.common.CommonExecutor.accessTestCaseMainPhase(CommonExecutor.java:65)
	at com.kms.katalon.core.main.TestSuiteExecutor.accessTestSuiteMainPhase(TestSuiteExecutor.java:148)
	at com.kms.katalon.core.main.TestSuiteExecutor.execute(TestSuiteExecutor.java:106)
	at com.kms.katalon.core.main.TestCaseMain.startTestSuite(TestCaseMain.java:180)
	at TempTestSuite1704126138119.run(TempTestSuite1704126138119.groovy:36)
	at java.base/jdk.internal.reflect.NativeMethodAccessorImpl.invoke0(Native Method)
	at java.base/jdk.internal.reflect.NativeMethodAccessorImpl.invoke(NativeMethodAccessorImpl.java:77)
	at java.base/jdk.internal.reflect.DelegatingMethodAccessorImpl.invoke(DelegatingMethodAccessorImpl.java:43)
Caused by: com.kms.katalon.core.exception.StepFailedException: Web element with id: 'Object Repository/Shared_alert/success_alert' located by 'By.cssSelector: #app > div.content-wrapper > section.content > div' is present after '1' second(s)
	at com.kms.katalon.core.webui.keyword.internal.WebUIKeywordMain.stepFailed(WebUIKeywordMain.groovy:64)
	at com.kms.katalon.core.webui.keyword.internal.WebUIKeywordMain$stepFailed$0.call(Unknown Source)
	at com.kms.katalon.core.webui.keyword.builtin.VerifyElementNotPresentKeyword$_verifyElementNotPresent_closure1.doCall(VerifyElementNotPresentKeyword.groovy:113)
	at com.kms.katalon.core.webui.keyword.builtin.VerifyElementNotPresentKeyword$_verifyElementNotPresent_closure1.doCall(VerifyElementNotPresentKeyword.groovy)
	at java.base/jdk.internal.reflect.NativeMethodAccessorImpl.invoke0(Native Method)
	at java.base/jdk.internal.reflect.NativeMethodAccessorImpl.invoke(NativeMethodAccessorImpl.java:77)
	at java.base/jdk.internal.reflect.DelegatingMethodAccessorImpl.invoke(DelegatingMethodAccessorImpl.java:43)
	at com.kms.katalon.core.webui.keyword.internal.WebUIKeywordMain.runKeyword(WebUIKeywordMain.groovy:20)
	... 21 more
)

01-01-2024T23:24:16 - [MESSAGE][FAILED] - Web element with id: 'Object Repository/Shared_alert/success_alert' located by 'By.cssSelector: #app > div.content-wrapper > section.content > div' is present after '1' second(s) (Root cause: com.kms.katalon.core.exception.StepFailedException: Web element with id: 'Object Repository/Shared_alert/success_alert' located by 'By.cssSelector: #app > div.content-wrapper > section.content > div' is present after '1' second(s)
	at com.kms.katalon.core.webui.keyword.internal.WebUIKeywordMain.stepFailed(WebUIKeywordMain.groovy:64)
	at com.kms.katalon.core.webui.keyword.internal.WebUIKeywordMain$stepFailed$0.call(Unknown Source)
	at com.kms.katalon.core.webui.keyword.builtin.VerifyElementNotPresentKeyword$_verifyElementNotPresent_closure1.doCall(VerifyElementNotPresentKeyword.groovy:113)
	at com.kms.katalon.core.webui.keyword.builtin.VerifyElementNotPresentKeyword$_verifyElementNotPresent_closure1.doCall(VerifyElementNotPresentKeyword.groovy)
	at java.base/jdk.internal.reflect.NativeMethodAccessorImpl.invoke0(Native Method)
	at java.base/jdk.internal.reflect.NativeMethodAccessorImpl.invoke(NativeMethodAccessorImpl.java:77)
	at java.base/jdk.internal.reflect.DelegatingMethodAccessorImpl.invoke(DelegatingMethodAccessorImpl.java:43)
	at com.kms.katalon.core.webui.keyword.internal.WebUIKeywordMain.runKeyword(WebUIKeywordMain.groovy:20)
	at com.kms.katalon.core.webui.keyword.internal.WebUIKeywordMain$runKeyword.call(Unknown Source)
	at com.kms.katalon.core.webui.keyword.builtin.VerifyElementNotPresentKeyword.verifyElementNotPresent(VerifyElementNotPresentKeyword.groovy:122)
	at com.kms.katalon.core.webui.keyword.builtin.VerifyElementNotPresentKeyword.execute(VerifyElementNotPresentKeyword.groovy:68)
	at com.kms.katalon.core.keyword.internal.KeywordExecutor.executeKeywordForPlatform(KeywordExecutor.groovy:74)
	at com.kms.katalon.core.webui.keyword.WebUiBuiltInKeywords.verifyElementNotPresent(WebUiBuiltInKeywords.groovy:1536)
	at Piggy Bank.run(Piggy Bank:64)
	at com.kms.katalon.core.main.ScriptEngine.run(ScriptEngine.java:194)
	at com.kms.katalon.core.main.ScriptEngine.runScriptAsRawText(ScriptEngine.java:119)
	at com.kms.katalon.core.main.TestCaseExecutor.runScript(TestCaseExecutor.java:448)
	at com.kms.katalon.core.main.TestCaseExecutor.doExecute(TestCaseExecutor.java:439)
	at com.kms.katalon.core.main.TestCaseExecutor.processExecutionPhase(TestCaseExecutor.java:418)
	at com.kms.katalon.core.main.TestCaseExecutor.accessMainPhase(TestCaseExecutor.java:410)
	at com.kms.katalon.core.main.TestCaseExecutor.execute(TestCaseExecutor.java:285)
	at com.kms.katalon.core.common.CommonExecutor.accessTestCaseMainPhase(CommonExecutor.java:65)
	at com.kms.katalon.core.main.TestSuiteExecutor.accessTestSuiteMainPhase(TestSuiteExecutor.java:148)
	at com.kms.katalon.core.main.TestSuiteExecutor.execute(TestSuiteExecutor.java:106)
	at com.kms.katalon.core.main.TestCaseMain.startTestSuite(TestCaseMain.java:180)
	at TempTestSuite1704126138119.run(TempTestSuite1704126138119.groovy:36)
	at java.base/jdk.internal.reflect.NativeMethodAccessorImpl.invoke0(Native Method)
	at java.base/jdk.internal.reflect.NativeMethodAccessorImpl.invoke(NativeMethodAccessorImpl.java:77)
	at java.base/jdk.internal.reflect.DelegatingMethodAccessorImpl.invoke(DelegatingMethodAccessorImpl.java:43)
)
[[ATTACHMENT|C:\\Users\\MODERN 15\\git\\G1_Firefly_testing\\Reports\\20240101_232218\\Piggy Bank\\20240101_232218\\1704126256486.png]]

01-01-2024T23:24:16 - [MESSAGE][FAILED] - Unable to verify object 'Object Repository/Shared_alert/success_alert' is not present (Root cause: com.kms.katalon.core.exception.StepFailedException: Unable to verify object 'Object Repository/Shared_alert/success_alert' is not present
	at com.kms.katalon.core.webui.keyword.internal.WebUIKeywordMain.stepFailed(WebUIKeywordMain.groovy:64)
	at com.kms.katalon.core.webui.keyword.internal.WebUIKeywordMain.runKeyword(WebUIKeywordMain.groovy:26)
	at com.kms.katalon.core.webui.keyword.internal.WebUIKeywordMain$runKeyword.call(Unknown Source)
	at com.kms.katalon.core.webui.keyword.builtin.VerifyElementNotPresentKeyword.verifyElementNotPresent(VerifyElementNotPresentKeyword.groovy:122)
	at com.kms.katalon.core.webui.keyword.builtin.VerifyElementNotPresentKeyword.execute(VerifyElementNotPresentKeyword.groovy:68)
	at com.kms.katalon.core.keyword.internal.KeywordExecutor.executeKeywordForPlatform(KeywordExecutor.groovy:74)
	at com.kms.katalon.core.webui.keyword.WebUiBuiltInKeywords.verifyElementNotPresent(WebUiBuiltInKeywords.groovy:1536)
	at Piggy Bank.run(Piggy Bank:64)
	at com.kms.katalon.core.main.ScriptEngine.run(ScriptEngine.java:194)
	at com.kms.katalon.core.main.ScriptEngine.runScriptAsRawText(ScriptEngine.java:119)
	at com.kms.katalon.core.main.TestCaseExecutor.runScript(TestCaseExecutor.java:448)
	at com.kms.katalon.core.main.TestCaseExecutor.doExecute(TestCaseExecutor.java:439)
	at com.kms.katalon.core.main.TestCaseExecutor.processExecutionPhase(TestCaseExecutor.java:418)
	at com.kms.katalon.core.main.TestCaseExecutor.accessMainPhase(TestCaseExecutor.java:410)
	at com.kms.katalon.core.main.TestCaseExecutor.execute(TestCaseExecutor.java:285)
	at com.kms.katalon.core.common.CommonExecutor.accessTestCaseMainPhase(CommonExecutor.java:65)
	at com.kms.katalon.core.main.TestSuiteExecutor.accessTestSuiteMainPhase(TestSuiteExecutor.java:148)
	at com.kms.katalon.core.main.TestSuiteExecutor.execute(TestSuiteExecutor.java:106)
	at com.kms.katalon.core.main.TestCaseMain.startTestSuite(TestCaseMain.java:180)
	at TempTestSuite1704126138119.run(TempTestSuite1704126138119.groovy:36)
	at java.base/jdk.internal.reflect.NativeMethodAccessorImpl.invoke0(Native Method)
	at java.base/jdk.internal.reflect.NativeMethodAccessorImpl.invoke(NativeMethodAccessorImpl.java:77)
	at java.base/jdk.internal.reflect.DelegatingMethodAccessorImpl.invoke(DelegatingMethodAccessorImpl.java:43)
Caused by: com.kms.katalon.core.exception.StepFailedException: Web element with id: 'Object Repository/Shared_alert/success_alert' located by 'By.cssSelector: #app > div.content-wrapper > section.content > div' is present after '1' second(s)
	at com.kms.katalon.core.webui.keyword.internal.WebUIKeywordMain.stepFailed(WebUIKeywordMain.groovy:64)
	at com.kms.katalon.core.webui.keyword.internal.WebUIKeywordMain$stepFailed$0.call(Unknown Source)
	at com.kms.katalon.core.webui.keyword.builtin.VerifyElementNotPresentKeyword$_verifyElementNotPresent_closure1.doCall(VerifyElementNotPresentKeyword.groovy:113)
	at com.kms.katalon.core.webui.keyword.builtin.VerifyElementNotPresentKeyword$_verifyElementNotPresent_closure1.doCall(VerifyElementNotPresentKeyword.groovy)
	at java.base/jdk.internal.reflect.NativeMethodAccessorImpl.invoke0(Native Method)
	at java.base/jdk.internal.reflect.NativeMethodAccessorImpl.invoke(NativeMethodAccessorImpl.java:77)
	at java.base/jdk.internal.reflect.DelegatingMethodAccessorImpl.invoke(DelegatingMethodAccessorImpl.java:43)
	at com.kms.katalon.core.webui.keyword.internal.WebUIKeywordMain.runKeyword(WebUIKeywordMain.groovy:20)
	... 21 more
)
[[ATTACHMENT|C:\\Users\\MODERN 15\\git\\G1_Firefly_testing\\Reports\\20240101_232218\\Piggy Bank\\20240101_232218\\1704126256625.png]]

01-01-2024T23:24:16 - [TEST_STEP][PASSED] - catch (Exception err): null

01-01-2024T23:24:16 - [TEST_STEP][PASSED] - verifyElementPresent(findTestObject("Shared_alert/success_alert"), 1): Object 'Object Repository/Shared_alert/success_alert' is present

01-01-2024T23:24:17 - [MESSAGE][PASSED] - Object 'Object Repository/Shared_alert/success_alert' is present

01-01-2024T23:24:17 - [TEST_STEP][PASSED] - out.println("success"): null

01-01-2024T23:24:17 - [TEST_STEP][PASSED] - closeBrowser(): Browser is closed

01-01-2024T23:24:17 - [MESSAGE][PASSED] - Browser is closed]]></system-out>
         <system-err><![CDATA[]]></system-err>
      </testcase>
      <testcase name="Test Cases/Piggy Bank" time="19.738" classname="Test Cases/Piggy Bank" status="PASSED">
         <system-out><![CDATA[01-01-2024T23:24:17 - [TEST_CASE][PASSED] - Test Cases/Piggy Bank: Test Cases/Piggy Bank

01-01-2024T23:24:17 - [TEST_STEP][PASSED] - openBrowser(""): Browser is opened with url: ''

01-01-2024T23:24:17 - [MESSAGE][INFO] - Starting 'Chrome' driver

01-01-2024T23:24:17 - [MESSAGE][INFO] - Action delay is set to 0 milliseconds

01-01-2024T23:24:18 - [MESSAGE][PASSED] - Browser is opened with url: ''

01-01-2024T23:24:18 - [TEST_STEP][PASSED] - navigateToUrl("https://firefly.buudadawg.online/login"): Navigate to 'https://firefly.buudadawg.online/login' successfully

01-01-2024T23:24:21 - [MESSAGE][PASSED] - Navigate to 'https://firefly.buudadawg.online/login' successfully

01-01-2024T23:24:21 - [TEST_STEP][PASSED] - setText(findTestObject("Object Repository/Piggy Bank/Page_Login to Firefly III/input_email"), username): Text 'killermh1352@gmail.com' is set on object 'Object Repository/Piggy Bank/Page_Login to Firefly III/input_email'

01-01-2024T23:24:22 - [MESSAGE][PASSED] - Text 'killermh1352@gmail.com' is set on object 'Object Repository/Piggy Bank/Page_Login to Firefly III/input_email'

01-01-2024T23:24:22 - [TEST_STEP][PASSED] - setText(findTestObject("Object Repository/Piggy Bank/Page_Login to Firefly III/input_password"), password): Text 'tranvinhphuc2002' is set on object 'Object Repository/Piggy Bank/Page_Login to Firefly III/input_password'

01-01-2024T23:24:22 - [MESSAGE][PASSED] - Text 'tranvinhphuc2002' is set on object 'Object Repository/Piggy Bank/Page_Login to Firefly III/input_password'

01-01-2024T23:24:22 - [TEST_STEP][PASSED] - sendKeys(findTestObject("Object Repository/Piggy Bank/Page_Login to Firefly III/input_password"), Keys.chord(ENTER)): Keys 'ENTER + ' sent to object: 'Object Repository/Piggy Bank/Page_Login to Firefly III/input_password'

01-01-2024T23:24:23 - [MESSAGE][PASSED] - Keys 'ENTER + ' sent to object: 'Object Repository/Piggy Bank/Page_Login to Firefly III/input_password'

01-01-2024T23:24:23 - [TEST_STEP][PASSED] - click(findTestObject("Object Repository/Piggy Bank/Page_Whats playing  Firefly III/a_Piggy banks")): Object: 'Object Repository/Piggy Bank/Page_Whats playing  Firefly III/a_Piggy banks' is clicked on

01-01-2024T23:24:26 - [MESSAGE][PASSED] - Object: 'Object Repository/Piggy Bank/Page_Whats playing  Firefly III/a_Piggy banks' is clicked on

01-01-2024T23:24:26 - [TEST_STEP][PASSED] - click(findTestObject("Piggy Bank/Page_Piggy banks  Firefly III/a_Create new piggy bank")): Object: 'Object Repository/Piggy Bank/Page_Piggy banks  Firefly III/a_Create new piggy bank' is clicked on

01-01-2024T23:24:27 - [MESSAGE][PASSED] - Object: 'Object Repository/Piggy Bank/Page_Piggy banks  Firefly III/a_Create new piggy bank' is clicked on

01-01-2024T23:24:27 - [TEST_STEP][PASSED] - setText(findTestObject("Object Repository/Piggy Bank/Page_New piggy bank  Piggy banks  Firefly III/input_name"), name): Text 'Nautilus Group, Inc. (The)' is set on object 'Object Repository/Piggy Bank/Page_New piggy bank  Piggy banks  Firefly III/input_name'

01-01-2024T23:24:27 - [MESSAGE][PASSED] - Text 'Nautilus Group, Inc. (The)' is set on object 'Object Repository/Piggy Bank/Page_New piggy bank  Piggy banks  Firefly III/input_name'

01-01-2024T23:24:27 - [TEST_STEP][PASSED] - selectOptionByLabel(findTestObject("Object Repository/Piggy Bank/Page_New piggy bank  Piggy banks  Firefly III/select_My Savings AccountMy Asset Account"), save_on_account, true): All options with label 'My Asset Account' are selected in object 'Object Repository/Piggy Bank/Page_New piggy bank  Piggy banks  Firefly III/select_My Savings AccountMy Asset Account'  using regular expression

01-01-2024T23:24:28 - [MESSAGE][PASSED] - All options with label 'My Asset Account' are selected in object 'Object Repository/Piggy Bank/Page_New piggy bank  Piggy banks  Firefly III/select_My Savings AccountMy Asset Account'  using regular expression

01-01-2024T23:24:28 - [TEST_STEP][PASSED] - setText(findTestObject("Object Repository/Piggy Bank/Page_New piggy bank  Piggy banks  Firefly III/input_targetamount"), target_amount): Text '28319' is set on object 'Object Repository/Piggy Bank/Page_New piggy bank  Piggy banks  Firefly III/input_targetamount'

01-01-2024T23:24:29 - [MESSAGE][PASSED] - Text '28319' is set on object 'Object Repository/Piggy Bank/Page_New piggy bank  Piggy banks  Firefly III/input_targetamount'

01-01-2024T23:24:29 - [TEST_STEP][PASSED] - setText(findTestObject("Object Repository/Piggy Bank/Page_New piggy bank  Piggy banks  Firefly III/textarea_notes"), notes): Text 'lectus pellentesque at nulla suspendisse potenti cras in purus eu magna vulputate luctus cum sociis natoque penatibus et magnis dis parturient montes nascetur ridiculus mus vivamus' is set on object 'Object Repository/Piggy Bank/Page_New piggy bank  Piggy banks  Firefly III/textarea_notes'

01-01-2024T23:24:30 - [MESSAGE][PASSED] - Text 'lectus pellentesque at nulla suspendisse potenti cras in purus eu magna vulputate luctus cum sociis natoque penatibus et magnis dis parturient montes nascetur ridiculus mus vivamus' is set on object 'Object Repository/Piggy Bank/Page_New piggy bank  Piggy banks  Firefly III/textarea_notes'

01-01-2024T23:24:30 - [TEST_STEP][PASSED] - setText(findTestObject("Object Repository/Piggy Bank/Page_New piggy bank  Piggy banks  Firefly III/input_object_group"), group): Text 'rutrum nulla nunc purus phasellus in felis donec semper sapien a libero nam dui proin leo odio porttitor' is set on object 'Object Repository/Piggy Bank/Page_New piggy bank  Piggy banks  Firefly III/input_object_group'

01-01-2024T23:24:31 - [MESSAGE][PASSED] - Text 'rutrum nulla nunc purus phasellus in felis donec semper sapien a libero nam dui proin leo odio porttitor' is set on object 'Object Repository/Piggy Bank/Page_New piggy bank  Piggy banks  Firefly III/input_object_group'

01-01-2024T23:24:31 - [TEST_STEP][PASSED] - setText(findTestObject("Piggy Bank/Page_New piggy bank  Piggy banks  Firefly III/input_date"), target_date): Text '07/10/2023' is set on object 'Object Repository/Piggy Bank/Page_New piggy bank  Piggy banks  Firefly III/input_date'

01-01-2024T23:24:32 - [MESSAGE][PASSED] - Text '07/10/2023' is set on object 'Object Repository/Piggy Bank/Page_New piggy bank  Piggy banks  Firefly III/input_date'

01-01-2024T23:24:32 - [TEST_STEP][PASSED] - if (attachment): null

01-01-2024T23:24:32 - [TEST_STEP][PASSED] - click(findTestObject("Object Repository/Piggy Bank/Page_New piggy bank  Piggy banks  Firefly III/div_Mandatory fields                       _ed7e9e")): Object: 'Object Repository/Piggy Bank/Page_New piggy bank  Piggy banks  Firefly III/div_Mandatory fields                       _ed7e9e' is clicked on

01-01-2024T23:24:32 - [MESSAGE][PASSED] - Object: 'Object Repository/Piggy Bank/Page_New piggy bank  Piggy banks  Firefly III/div_Mandatory fields                       _ed7e9e' is clicked on

01-01-2024T23:24:32 - [TEST_STEP][PASSED] - click(findTestObject("Object Repository/Piggy Bank/Page_New piggy bank  Piggy banks  Firefly III/button_Store new piggy bank")): Object: 'Object Repository/Piggy Bank/Page_New piggy bank  Piggy banks  Firefly III/button_Store new piggy bank' is clicked on

01-01-2024T23:24:34 - [MESSAGE][PASSED] - Object: 'Object Repository/Piggy Bank/Page_New piggy bank  Piggy banks  Firefly III/button_Store new piggy bank' is clicked on

01-01-2024T23:24:34 - [TEST_STEP][FAILED] - try: Unable to verify object 'Object Repository/Shared_alert/success_alert' is not present (Root cause: com.kms.katalon.core.exception.StepFailedException: Unable to verify object 'Object Repository/Shared_alert/success_alert' is not present
	at com.kms.katalon.core.webui.keyword.internal.WebUIKeywordMain.stepFailed(WebUIKeywordMain.groovy:64)
	at com.kms.katalon.core.webui.keyword.internal.WebUIKeywordMain.runKeyword(WebUIKeywordMain.groovy:26)
	at com.kms.katalon.core.webui.keyword.internal.WebUIKeywordMain$runKeyword.call(Unknown Source)
	at com.kms.katalon.core.webui.keyword.builtin.VerifyElementNotPresentKeyword.verifyElementNotPresent(VerifyElementNotPresentKeyword.groovy:122)
	at com.kms.katalon.core.webui.keyword.builtin.VerifyElementNotPresentKeyword.execute(VerifyElementNotPresentKeyword.groovy:68)
	at com.kms.katalon.core.keyword.internal.KeywordExecutor.executeKeywordForPlatform(KeywordExecutor.groovy:74)
	at com.kms.katalon.core.webui.keyword.WebUiBuiltInKeywords.verifyElementNotPresent(WebUiBuiltInKeywords.groovy:1536)
	at Piggy Bank.run(Piggy Bank:64)
	at com.kms.katalon.core.main.ScriptEngine.run(ScriptEngine.java:194)
	at com.kms.katalon.core.main.ScriptEngine.runScriptAsRawText(ScriptEngine.java:119)
	at com.kms.katalon.core.main.TestCaseExecutor.runScript(TestCaseExecutor.java:448)
	at com.kms.katalon.core.main.TestCaseExecutor.doExecute(TestCaseExecutor.java:439)
	at com.kms.katalon.core.main.TestCaseExecutor.processExecutionPhase(TestCaseExecutor.java:418)
	at com.kms.katalon.core.main.TestCaseExecutor.accessMainPhase(TestCaseExecutor.java:410)
	at com.kms.katalon.core.main.TestCaseExecutor.execute(TestCaseExecutor.java:285)
	at com.kms.katalon.core.common.CommonExecutor.accessTestCaseMainPhase(CommonExecutor.java:65)
	at com.kms.katalon.core.main.TestSuiteExecutor.accessTestSuiteMainPhase(TestSuiteExecutor.java:148)
	at com.kms.katalon.core.main.TestSuiteExecutor.execute(TestSuiteExecutor.java:106)
	at com.kms.katalon.core.main.TestCaseMain.startTestSuite(TestCaseMain.java:180)
	at TempTestSuite1704126138119.run(TempTestSuite1704126138119.groovy:36)
	at java.base/jdk.internal.reflect.NativeMethodAccessorImpl.invoke0(Native Method)
	at java.base/jdk.internal.reflect.NativeMethodAccessorImpl.invoke(NativeMethodAccessorImpl.java:77)
	at java.base/jdk.internal.reflect.DelegatingMethodAccessorImpl.invoke(DelegatingMethodAccessorImpl.java:43)
Caused by: com.kms.katalon.core.exception.StepFailedException: Web element with id: 'Object Repository/Shared_alert/success_alert' located by 'By.cssSelector: #app > div.content-wrapper > section.content > div' is present after '1' second(s)
	at com.kms.katalon.core.webui.keyword.internal.WebUIKeywordMain.stepFailed(WebUIKeywordMain.groovy:64)
	at com.kms.katalon.core.webui.keyword.internal.WebUIKeywordMain$stepFailed$0.call(Unknown Source)
	at com.kms.katalon.core.webui.keyword.builtin.VerifyElementNotPresentKeyword$_verifyElementNotPresent_closure1.doCall(VerifyElementNotPresentKeyword.groovy:113)
	at com.kms.katalon.core.webui.keyword.builtin.VerifyElementNotPresentKeyword$_verifyElementNotPresent_closure1.doCall(VerifyElementNotPresentKeyword.groovy)
	at java.base/jdk.internal.reflect.NativeMethodAccessorImpl.invoke0(Native Method)
	at java.base/jdk.internal.reflect.NativeMethodAccessorImpl.invoke(NativeMethodAccessorImpl.java:77)
	at java.base/jdk.internal.reflect.DelegatingMethodAccessorImpl.invoke(DelegatingMethodAccessorImpl.java:43)
	at com.kms.katalon.core.webui.keyword.internal.WebUIKeywordMain.runKeyword(WebUIKeywordMain.groovy:20)
	... 21 more
)

01-01-2024T23:24:34 - [TEST_STEP][PASSED] - verifyElementPresent(findTestObject("Shared_alert/text_dangers"), 1): Object 'Object Repository/Shared_alert/text_dangers' is present

01-01-2024T23:24:35 - [MESSAGE][PASSED] - Object 'Object Repository/Shared_alert/text_dangers' is present

01-01-2024T23:24:35 - [TEST_STEP][FAILED] - verifyElementNotPresent(findTestObject("Shared_alert/success_alert"), 1): Unable to verify object 'Object Repository/Shared_alert/success_alert' is not present (Root cause: com.kms.katalon.core.exception.StepFailedException: Unable to verify object 'Object Repository/Shared_alert/success_alert' is not present
	at com.kms.katalon.core.webui.keyword.internal.WebUIKeywordMain.stepFailed(WebUIKeywordMain.groovy:64)
	at com.kms.katalon.core.webui.keyword.internal.WebUIKeywordMain.runKeyword(WebUIKeywordMain.groovy:26)
	at com.kms.katalon.core.webui.keyword.internal.WebUIKeywordMain$runKeyword.call(Unknown Source)
	at com.kms.katalon.core.webui.keyword.builtin.VerifyElementNotPresentKeyword.verifyElementNotPresent(VerifyElementNotPresentKeyword.groovy:122)
	at com.kms.katalon.core.webui.keyword.builtin.VerifyElementNotPresentKeyword.execute(VerifyElementNotPresentKeyword.groovy:68)
	at com.kms.katalon.core.keyword.internal.KeywordExecutor.executeKeywordForPlatform(KeywordExecutor.groovy:74)
	at com.kms.katalon.core.webui.keyword.WebUiBuiltInKeywords.verifyElementNotPresent(WebUiBuiltInKeywords.groovy:1536)
	at Piggy Bank.run(Piggy Bank:64)
	at com.kms.katalon.core.main.ScriptEngine.run(ScriptEngine.java:194)
	at com.kms.katalon.core.main.ScriptEngine.runScriptAsRawText(ScriptEngine.java:119)
	at com.kms.katalon.core.main.TestCaseExecutor.runScript(TestCaseExecutor.java:448)
	at com.kms.katalon.core.main.TestCaseExecutor.doExecute(TestCaseExecutor.java:439)
	at com.kms.katalon.core.main.TestCaseExecutor.processExecutionPhase(TestCaseExecutor.java:418)
	at com.kms.katalon.core.main.TestCaseExecutor.accessMainPhase(TestCaseExecutor.java:410)
	at com.kms.katalon.core.main.TestCaseExecutor.execute(TestCaseExecutor.java:285)
	at com.kms.katalon.core.common.CommonExecutor.accessTestCaseMainPhase(CommonExecutor.java:65)
	at com.kms.katalon.core.main.TestSuiteExecutor.accessTestSuiteMainPhase(TestSuiteExecutor.java:148)
	at com.kms.katalon.core.main.TestSuiteExecutor.execute(TestSuiteExecutor.java:106)
	at com.kms.katalon.core.main.TestCaseMain.startTestSuite(TestCaseMain.java:180)
	at TempTestSuite1704126138119.run(TempTestSuite1704126138119.groovy:36)
	at java.base/jdk.internal.reflect.NativeMethodAccessorImpl.invoke0(Native Method)
	at java.base/jdk.internal.reflect.NativeMethodAccessorImpl.invoke(NativeMethodAccessorImpl.java:77)
	at java.base/jdk.internal.reflect.DelegatingMethodAccessorImpl.invoke(DelegatingMethodAccessorImpl.java:43)
Caused by: com.kms.katalon.core.exception.StepFailedException: Web element with id: 'Object Repository/Shared_alert/success_alert' located by 'By.cssSelector: #app > div.content-wrapper > section.content > div' is present after '1' second(s)
	at com.kms.katalon.core.webui.keyword.internal.WebUIKeywordMain.stepFailed(WebUIKeywordMain.groovy:64)
	at com.kms.katalon.core.webui.keyword.internal.WebUIKeywordMain$stepFailed$0.call(Unknown Source)
	at com.kms.katalon.core.webui.keyword.builtin.VerifyElementNotPresentKeyword$_verifyElementNotPresent_closure1.doCall(VerifyElementNotPresentKeyword.groovy:113)
	at com.kms.katalon.core.webui.keyword.builtin.VerifyElementNotPresentKeyword$_verifyElementNotPresent_closure1.doCall(VerifyElementNotPresentKeyword.groovy)
	at java.base/jdk.internal.reflect.NativeMethodAccessorImpl.invoke0(Native Method)
	at java.base/jdk.internal.reflect.NativeMethodAccessorImpl.invoke(NativeMethodAccessorImpl.java:77)
	at java.base/jdk.internal.reflect.DelegatingMethodAccessorImpl.invoke(DelegatingMethodAccessorImpl.java:43)
	at com.kms.katalon.core.webui.keyword.internal.WebUIKeywordMain.runKeyword(WebUIKeywordMain.groovy:20)
	... 21 more
)

01-01-2024T23:24:36 - [MESSAGE][FAILED] - Web element with id: 'Object Repository/Shared_alert/success_alert' located by 'By.cssSelector: #app > div.content-wrapper > section.content > div' is present after '1' second(s) (Root cause: com.kms.katalon.core.exception.StepFailedException: Web element with id: 'Object Repository/Shared_alert/success_alert' located by 'By.cssSelector: #app > div.content-wrapper > section.content > div' is present after '1' second(s)
	at com.kms.katalon.core.webui.keyword.internal.WebUIKeywordMain.stepFailed(WebUIKeywordMain.groovy:64)
	at com.kms.katalon.core.webui.keyword.internal.WebUIKeywordMain$stepFailed$0.call(Unknown Source)
	at com.kms.katalon.core.webui.keyword.builtin.VerifyElementNotPresentKeyword$_verifyElementNotPresent_closure1.doCall(VerifyElementNotPresentKeyword.groovy:113)
	at com.kms.katalon.core.webui.keyword.builtin.VerifyElementNotPresentKeyword$_verifyElementNotPresent_closure1.doCall(VerifyElementNotPresentKeyword.groovy)
	at java.base/jdk.internal.reflect.NativeMethodAccessorImpl.invoke0(Native Method)
	at java.base/jdk.internal.reflect.NativeMethodAccessorImpl.invoke(NativeMethodAccessorImpl.java:77)
	at java.base/jdk.internal.reflect.DelegatingMethodAccessorImpl.invoke(DelegatingMethodAccessorImpl.java:43)
	at com.kms.katalon.core.webui.keyword.internal.WebUIKeywordMain.runKeyword(WebUIKeywordMain.groovy:20)
	at com.kms.katalon.core.webui.keyword.internal.WebUIKeywordMain$runKeyword.call(Unknown Source)
	at com.kms.katalon.core.webui.keyword.builtin.VerifyElementNotPresentKeyword.verifyElementNotPresent(VerifyElementNotPresentKeyword.groovy:122)
	at com.kms.katalon.core.webui.keyword.builtin.VerifyElementNotPresentKeyword.execute(VerifyElementNotPresentKeyword.groovy:68)
	at com.kms.katalon.core.keyword.internal.KeywordExecutor.executeKeywordForPlatform(KeywordExecutor.groovy:74)
	at com.kms.katalon.core.webui.keyword.WebUiBuiltInKeywords.verifyElementNotPresent(WebUiBuiltInKeywords.groovy:1536)
	at Piggy Bank.run(Piggy Bank:64)
	at com.kms.katalon.core.main.ScriptEngine.run(ScriptEngine.java:194)
	at com.kms.katalon.core.main.ScriptEngine.runScriptAsRawText(ScriptEngine.java:119)
	at com.kms.katalon.core.main.TestCaseExecutor.runScript(TestCaseExecutor.java:448)
	at com.kms.katalon.core.main.TestCaseExecutor.doExecute(TestCaseExecutor.java:439)
	at com.kms.katalon.core.main.TestCaseExecutor.processExecutionPhase(TestCaseExecutor.java:418)
	at com.kms.katalon.core.main.TestCaseExecutor.accessMainPhase(TestCaseExecutor.java:410)
	at com.kms.katalon.core.main.TestCaseExecutor.execute(TestCaseExecutor.java:285)
	at com.kms.katalon.core.common.CommonExecutor.accessTestCaseMainPhase(CommonExecutor.java:65)
	at com.kms.katalon.core.main.TestSuiteExecutor.accessTestSuiteMainPhase(TestSuiteExecutor.java:148)
	at com.kms.katalon.core.main.TestSuiteExecutor.execute(TestSuiteExecutor.java:106)
	at com.kms.katalon.core.main.TestCaseMain.startTestSuite(TestCaseMain.java:180)
	at TempTestSuite1704126138119.run(TempTestSuite1704126138119.groovy:36)
	at java.base/jdk.internal.reflect.NativeMethodAccessorImpl.invoke0(Native Method)
	at java.base/jdk.internal.reflect.NativeMethodAccessorImpl.invoke(NativeMethodAccessorImpl.java:77)
	at java.base/jdk.internal.reflect.DelegatingMethodAccessorImpl.invoke(DelegatingMethodAccessorImpl.java:43)
)
[[ATTACHMENT|C:\\Users\\MODERN 15\\git\\G1_Firefly_testing\\Reports\\20240101_232218\\Piggy Bank\\20240101_232218\\1704126276296.png]]

01-01-2024T23:24:36 - [MESSAGE][FAILED] - Unable to verify object 'Object Repository/Shared_alert/success_alert' is not present (Root cause: com.kms.katalon.core.exception.StepFailedException: Unable to verify object 'Object Repository/Shared_alert/success_alert' is not present
	at com.kms.katalon.core.webui.keyword.internal.WebUIKeywordMain.stepFailed(WebUIKeywordMain.groovy:64)
	at com.kms.katalon.core.webui.keyword.internal.WebUIKeywordMain.runKeyword(WebUIKeywordMain.groovy:26)
	at com.kms.katalon.core.webui.keyword.internal.WebUIKeywordMain$runKeyword.call(Unknown Source)
	at com.kms.katalon.core.webui.keyword.builtin.VerifyElementNotPresentKeyword.verifyElementNotPresent(VerifyElementNotPresentKeyword.groovy:122)
	at com.kms.katalon.core.webui.keyword.builtin.VerifyElementNotPresentKeyword.execute(VerifyElementNotPresentKeyword.groovy:68)
	at com.kms.katalon.core.keyword.internal.KeywordExecutor.executeKeywordForPlatform(KeywordExecutor.groovy:74)
	at com.kms.katalon.core.webui.keyword.WebUiBuiltInKeywords.verifyElementNotPresent(WebUiBuiltInKeywords.groovy:1536)
	at Piggy Bank.run(Piggy Bank:64)
	at com.kms.katalon.core.main.ScriptEngine.run(ScriptEngine.java:194)
	at com.kms.katalon.core.main.ScriptEngine.runScriptAsRawText(ScriptEngine.java:119)
	at com.kms.katalon.core.main.TestCaseExecutor.runScript(TestCaseExecutor.java:448)
	at com.kms.katalon.core.main.TestCaseExecutor.doExecute(TestCaseExecutor.java:439)
	at com.kms.katalon.core.main.TestCaseExecutor.processExecutionPhase(TestCaseExecutor.java:418)
	at com.kms.katalon.core.main.TestCaseExecutor.accessMainPhase(TestCaseExecutor.java:410)
	at com.kms.katalon.core.main.TestCaseExecutor.execute(TestCaseExecutor.java:285)
	at com.kms.katalon.core.common.CommonExecutor.accessTestCaseMainPhase(CommonExecutor.java:65)
	at com.kms.katalon.core.main.TestSuiteExecutor.accessTestSuiteMainPhase(TestSuiteExecutor.java:148)
	at com.kms.katalon.core.main.TestSuiteExecutor.execute(TestSuiteExecutor.java:106)
	at com.kms.katalon.core.main.TestCaseMain.startTestSuite(TestCaseMain.java:180)
	at TempTestSuite1704126138119.run(TempTestSuite1704126138119.groovy:36)
	at java.base/jdk.internal.reflect.NativeMethodAccessorImpl.invoke0(Native Method)
	at java.base/jdk.internal.reflect.NativeMethodAccessorImpl.invoke(NativeMethodAccessorImpl.java:77)
	at java.base/jdk.internal.reflect.DelegatingMethodAccessorImpl.invoke(DelegatingMethodAccessorImpl.java:43)
Caused by: com.kms.katalon.core.exception.StepFailedException: Web element with id: 'Object Repository/Shared_alert/success_alert' located by 'By.cssSelector: #app > div.content-wrapper > section.content > div' is present after '1' second(s)
	at com.kms.katalon.core.webui.keyword.internal.WebUIKeywordMain.stepFailed(WebUIKeywordMain.groovy:64)
	at com.kms.katalon.core.webui.keyword.internal.WebUIKeywordMain$stepFailed$0.call(Unknown Source)
	at com.kms.katalon.core.webui.keyword.builtin.VerifyElementNotPresentKeyword$_verifyElementNotPresent_closure1.doCall(VerifyElementNotPresentKeyword.groovy:113)
	at com.kms.katalon.core.webui.keyword.builtin.VerifyElementNotPresentKeyword$_verifyElementNotPresent_closure1.doCall(VerifyElementNotPresentKeyword.groovy)
	at java.base/jdk.internal.reflect.NativeMethodAccessorImpl.invoke0(Native Method)
	at java.base/jdk.internal.reflect.NativeMethodAccessorImpl.invoke(NativeMethodAccessorImpl.java:77)
	at java.base/jdk.internal.reflect.DelegatingMethodAccessorImpl.invoke(DelegatingMethodAccessorImpl.java:43)
	at com.kms.katalon.core.webui.keyword.internal.WebUIKeywordMain.runKeyword(WebUIKeywordMain.groovy:20)
	... 21 more
)
[[ATTACHMENT|C:\\Users\\MODERN 15\\git\\G1_Firefly_testing\\Reports\\20240101_232218\\Piggy Bank\\20240101_232218\\1704126276420.png]]

01-01-2024T23:24:36 - [TEST_STEP][PASSED] - catch (Exception err): null

01-01-2024T23:24:36 - [TEST_STEP][PASSED] - verifyElementPresent(findTestObject("Shared_alert/success_alert"), 1): Object 'Object Repository/Shared_alert/success_alert' is present

01-01-2024T23:24:36 - [MESSAGE][PASSED] - Object 'Object Repository/Shared_alert/success_alert' is present

01-01-2024T23:24:36 - [TEST_STEP][PASSED] - out.println("success"): null

01-01-2024T23:24:36 - [TEST_STEP][PASSED] - closeBrowser(): Browser is closed

01-01-2024T23:24:37 - [MESSAGE][PASSED] - Browser is closed]]></system-out>
         <system-err><![CDATA[]]></system-err>
      </testcase>
      <testcase name="Test Cases/Piggy Bank" time="48.251" classname="Test Cases/Piggy Bank" status="PASSED">
         <system-out><![CDATA[01-01-2024T23:24:37 - [TEST_CASE][PASSED] - Test Cases/Piggy Bank: Test Cases/Piggy Bank

01-01-2024T23:24:37 - [TEST_STEP][PASSED] - openBrowser(""): Browser is opened with url: ''

01-01-2024T23:24:37 - [MESSAGE][INFO] - Starting 'Chrome' driver

01-01-2024T23:24:37 - [MESSAGE][INFO] - Action delay is set to 0 milliseconds

01-01-2024T23:24:38 - [MESSAGE][PASSED] - Browser is opened with url: ''

01-01-2024T23:24:38 - [TEST_STEP][PASSED] - navigateToUrl("https://firefly.buudadawg.online/login"): Navigate to 'https://firefly.buudadawg.online/login' successfully

01-01-2024T23:24:41 - [MESSAGE][PASSED] - Navigate to 'https://firefly.buudadawg.online/login' successfully

01-01-2024T23:24:41 - [TEST_STEP][PASSED] - setText(findTestObject("Object Repository/Piggy Bank/Page_Login to Firefly III/input_email"), username): Text 'killermh1352@gmail.com' is set on object 'Object Repository/Piggy Bank/Page_Login to Firefly III/input_email'

01-01-2024T23:24:41 - [MESSAGE][PASSED] - Text 'killermh1352@gmail.com' is set on object 'Object Repository/Piggy Bank/Page_Login to Firefly III/input_email'

01-01-2024T23:24:41 - [TEST_STEP][PASSED] - setText(findTestObject("Object Repository/Piggy Bank/Page_Login to Firefly III/input_password"), password): Text 'tranvinhphuc2002' is set on object 'Object Repository/Piggy Bank/Page_Login to Firefly III/input_password'

01-01-2024T23:24:42 - [MESSAGE][PASSED] - Text 'tranvinhphuc2002' is set on object 'Object Repository/Piggy Bank/Page_Login to Firefly III/input_password'

01-01-2024T23:24:42 - [TEST_STEP][PASSED] - sendKeys(findTestObject("Object Repository/Piggy Bank/Page_Login to Firefly III/input_password"), Keys.chord(ENTER)): Keys 'ENTER + ' sent to object: 'Object Repository/Piggy Bank/Page_Login to Firefly III/input_password'

01-01-2024T23:24:43 - [MESSAGE][PASSED] - Keys 'ENTER + ' sent to object: 'Object Repository/Piggy Bank/Page_Login to Firefly III/input_password'

01-01-2024T23:24:43 - [TEST_STEP][PASSED] - click(findTestObject("Object Repository/Piggy Bank/Page_Whats playing  Firefly III/a_Piggy banks")): Object: 'Object Repository/Piggy Bank/Page_Whats playing  Firefly III/a_Piggy banks' is clicked on

01-01-2024T23:24:46 - [MESSAGE][PASSED] - Object: 'Object Repository/Piggy Bank/Page_Whats playing  Firefly III/a_Piggy banks' is clicked on

01-01-2024T23:24:46 - [TEST_STEP][PASSED] - click(findTestObject("Piggy Bank/Page_Piggy banks  Firefly III/a_Create new piggy bank")): Object: 'Object Repository/Piggy Bank/Page_Piggy banks  Firefly III/a_Create new piggy bank' is clicked on

01-01-2024T23:24:46 - [MESSAGE][PASSED] - Object: 'Object Repository/Piggy Bank/Page_Piggy banks  Firefly III/a_Create new piggy bank' is clicked on

01-01-2024T23:24:46 - [TEST_STEP][PASSED] - setText(findTestObject("Object Repository/Piggy Bank/Page_New piggy bank  Piggy banks  Firefly III/input_name"), name): Text 'Cohen & Steers Reit and Preferred Income Fund Inc' is set on object 'Object Repository/Piggy Bank/Page_New piggy bank  Piggy banks  Firefly III/input_name'

01-01-2024T23:24:47 - [MESSAGE][PASSED] - Text 'Cohen & Steers Reit and Preferred Income Fund Inc' is set on object 'Object Repository/Piggy Bank/Page_New piggy bank  Piggy banks  Firefly III/input_name'

01-01-2024T23:24:47 - [TEST_STEP][PASSED] - selectOptionByLabel(findTestObject("Object Repository/Piggy Bank/Page_New piggy bank  Piggy banks  Firefly III/select_My Savings AccountMy Asset Account"), save_on_account, true): All options with label 'My Savings Account' are selected in object 'Object Repository/Piggy Bank/Page_New piggy bank  Piggy banks  Firefly III/select_My Savings AccountMy Asset Account'  using regular expression

01-01-2024T23:24:48 - [MESSAGE][PASSED] - All options with label 'My Savings Account' are selected in object 'Object Repository/Piggy Bank/Page_New piggy bank  Piggy banks  Firefly III/select_My Savings AccountMy Asset Account'  using regular expression

01-01-2024T23:24:48 - [TEST_STEP][PASSED] - setText(findTestObject("Object Repository/Piggy Bank/Page_New piggy bank  Piggy banks  Firefly III/input_targetamount"), target_amount): Text '95802' is set on object 'Object Repository/Piggy Bank/Page_New piggy bank  Piggy banks  Firefly III/input_targetamount'

01-01-2024T23:24:49 - [MESSAGE][PASSED] - Text '95802' is set on object 'Object Repository/Piggy Bank/Page_New piggy bank  Piggy banks  Firefly III/input_targetamount'

01-01-2024T23:24:49 - [TEST_STEP][PASSED] - setText(findTestObject("Object Repository/Piggy Bank/Page_New piggy bank  Piggy banks  Firefly III/textarea_notes"), notes): Text '' is set on object 'Object Repository/Piggy Bank/Page_New piggy bank  Piggy banks  Firefly III/textarea_notes'

01-01-2024T23:24:49 - [MESSAGE][PASSED] - Text '' is set on object 'Object Repository/Piggy Bank/Page_New piggy bank  Piggy banks  Firefly III/textarea_notes'

01-01-2024T23:24:49 - [TEST_STEP][PASSED] - setText(findTestObject("Object Repository/Piggy Bank/Page_New piggy bank  Piggy banks  Firefly III/input_object_group"), group): Text 'luctus cum sociis natoque penatibus et magnis dis parturient montes nascetur ridiculus mus vivamus vestibulum' is set on object 'Object Repository/Piggy Bank/Page_New piggy bank  Piggy banks  Firefly III/input_object_group'

01-01-2024T23:24:50 - [MESSAGE][PASSED] - Text 'luctus cum sociis natoque penatibus et magnis dis parturient montes nascetur ridiculus mus vivamus vestibulum' is set on object 'Object Repository/Piggy Bank/Page_New piggy bank  Piggy banks  Firefly III/input_object_group'

01-01-2024T23:24:50 - [TEST_STEP][PASSED] - setText(findTestObject("Piggy Bank/Page_New piggy bank  Piggy banks  Firefly III/input_date"), target_date): Text '08/16/2023' is set on object 'Object Repository/Piggy Bank/Page_New piggy bank  Piggy banks  Firefly III/input_date'

01-01-2024T23:24:51 - [MESSAGE][PASSED] - Text '08/16/2023' is set on object 'Object Repository/Piggy Bank/Page_New piggy bank  Piggy banks  Firefly III/input_date'

01-01-2024T23:24:51 - [TEST_STEP][PASSED] - if (attachment): File 'C:\Users\MODERN 15\git\G1_Firefly_testing\Attachments File\Report_May.xlsx' sent to object: 'Object Repository/Piggy Bank/Page_New piggy bank  Piggy banks  Firefly III/button_upload'

01-01-2024T23:24:51 - [TEST_STEP][PASSED] - absolutePath = normalize().toString(): null

01-01-2024T23:24:51 - [TEST_STEP][PASSED] - uploadFile(findTestObject("Piggy Bank/Page_New piggy bank  Piggy banks  Firefly III/button_upload"), absolutePath): File 'C:\Users\MODERN 15\git\G1_Firefly_testing\Attachments File\Report_May.xlsx' sent to object: 'Object Repository/Piggy Bank/Page_New piggy bank  Piggy banks  Firefly III/button_upload'

01-01-2024T23:24:52 - [MESSAGE][PASSED] - File 'C:\Users\MODERN 15\git\G1_Firefly_testing\Attachments File\Report_May.xlsx' sent to object: 'Object Repository/Piggy Bank/Page_New piggy bank  Piggy banks  Firefly III/button_upload'

01-01-2024T23:24:52 - [TEST_STEP][PASSED] - click(findTestObject("Object Repository/Piggy Bank/Page_New piggy bank  Piggy banks  Firefly III/div_Mandatory fields                       _ed7e9e")): Object: 'Object Repository/Piggy Bank/Page_New piggy bank  Piggy banks  Firefly III/div_Mandatory fields                       _ed7e9e' is clicked on

01-01-2024T23:24:52 - [MESSAGE][PASSED] - Object: 'Object Repository/Piggy Bank/Page_New piggy bank  Piggy banks  Firefly III/div_Mandatory fields                       _ed7e9e' is clicked on

01-01-2024T23:24:52 - [TEST_STEP][PASSED] - click(findTestObject("Object Repository/Piggy Bank/Page_New piggy bank  Piggy banks  Firefly III/button_Store new piggy bank")): Object: 'Object Repository/Piggy Bank/Page_New piggy bank  Piggy banks  Firefly III/button_Store new piggy bank' is clicked on

01-01-2024T23:25:23 - [MESSAGE][PASSED] - Object: 'Object Repository/Piggy Bank/Page_New piggy bank  Piggy banks  Firefly III/button_Store new piggy bank' is clicked on

01-01-2024T23:25:23 - [TEST_STEP][FAILED] - try: Unable to verify object 'Object Repository/Shared_alert/success_alert' is not present (Root cause: com.kms.katalon.core.exception.StepFailedException: Unable to verify object 'Object Repository/Shared_alert/success_alert' is not present
	at com.kms.katalon.core.webui.keyword.internal.WebUIKeywordMain.stepFailed(WebUIKeywordMain.groovy:64)
	at com.kms.katalon.core.webui.keyword.internal.WebUIKeywordMain.runKeyword(WebUIKeywordMain.groovy:26)
	at com.kms.katalon.core.webui.keyword.internal.WebUIKeywordMain$runKeyword.call(Unknown Source)
	at com.kms.katalon.core.webui.keyword.builtin.VerifyElementNotPresentKeyword.verifyElementNotPresent(VerifyElementNotPresentKeyword.groovy:122)
	at com.kms.katalon.core.webui.keyword.builtin.VerifyElementNotPresentKeyword.execute(VerifyElementNotPresentKeyword.groovy:68)
	at com.kms.katalon.core.keyword.internal.KeywordExecutor.executeKeywordForPlatform(KeywordExecutor.groovy:74)
	at com.kms.katalon.core.webui.keyword.WebUiBuiltInKeywords.verifyElementNotPresent(WebUiBuiltInKeywords.groovy:1536)
	at Piggy Bank.run(Piggy Bank:64)
	at com.kms.katalon.core.main.ScriptEngine.run(ScriptEngine.java:194)
	at com.kms.katalon.core.main.ScriptEngine.runScriptAsRawText(ScriptEngine.java:119)
	at com.kms.katalon.core.main.TestCaseExecutor.runScript(TestCaseExecutor.java:448)
	at com.kms.katalon.core.main.TestCaseExecutor.doExecute(TestCaseExecutor.java:439)
	at com.kms.katalon.core.main.TestCaseExecutor.processExecutionPhase(TestCaseExecutor.java:418)
	at com.kms.katalon.core.main.TestCaseExecutor.accessMainPhase(TestCaseExecutor.java:410)
	at com.kms.katalon.core.main.TestCaseExecutor.execute(TestCaseExecutor.java:285)
	at com.kms.katalon.core.common.CommonExecutor.accessTestCaseMainPhase(CommonExecutor.java:65)
	at com.kms.katalon.core.main.TestSuiteExecutor.accessTestSuiteMainPhase(TestSuiteExecutor.java:148)
	at com.kms.katalon.core.main.TestSuiteExecutor.execute(TestSuiteExecutor.java:106)
	at com.kms.katalon.core.main.TestCaseMain.startTestSuite(TestCaseMain.java:180)
	at TempTestSuite1704126138119.run(TempTestSuite1704126138119.groovy:36)
	at java.base/jdk.internal.reflect.NativeMethodAccessorImpl.invoke0(Native Method)
	at java.base/jdk.internal.reflect.NativeMethodAccessorImpl.invoke(NativeMethodAccessorImpl.java:77)
	at java.base/jdk.internal.reflect.DelegatingMethodAccessorImpl.invoke(DelegatingMethodAccessorImpl.java:43)
Caused by: com.kms.katalon.core.exception.StepFailedException: Web element with id: 'Object Repository/Shared_alert/success_alert' located by 'By.cssSelector: #app > div.content-wrapper > section.content > div' is present after '1' second(s)
	at com.kms.katalon.core.webui.keyword.internal.WebUIKeywordMain.stepFailed(WebUIKeywordMain.groovy:64)
	at com.kms.katalon.core.webui.keyword.internal.WebUIKeywordMain$stepFailed$0.call(Unknown Source)
	at com.kms.katalon.core.webui.keyword.builtin.VerifyElementNotPresentKeyword$_verifyElementNotPresent_closure1.doCall(VerifyElementNotPresentKeyword.groovy:113)
	at com.kms.katalon.core.webui.keyword.builtin.VerifyElementNotPresentKeyword$_verifyElementNotPresent_closure1.doCall(VerifyElementNotPresentKeyword.groovy)
	at java.base/jdk.internal.reflect.NativeMethodAccessorImpl.invoke0(Native Method)
	at java.base/jdk.internal.reflect.NativeMethodAccessorImpl.invoke(NativeMethodAccessorImpl.java:77)
	at java.base/jdk.internal.reflect.DelegatingMethodAccessorImpl.invoke(DelegatingMethodAccessorImpl.java:43)
	at com.kms.katalon.core.webui.keyword.internal.WebUIKeywordMain.runKeyword(WebUIKeywordMain.groovy:20)
	... 21 more
)

01-01-2024T23:25:23 - [TEST_STEP][PASSED] - verifyElementPresent(findTestObject("Shared_alert/text_dangers"), 1): Object 'Object Repository/Shared_alert/text_dangers' is present

01-01-2024T23:25:23 - [MESSAGE][PASSED] - Object 'Object Repository/Shared_alert/text_dangers' is present

01-01-2024T23:25:23 - [TEST_STEP][FAILED] - verifyElementNotPresent(findTestObject("Shared_alert/success_alert"), 1): Unable to verify object 'Object Repository/Shared_alert/success_alert' is not present (Root cause: com.kms.katalon.core.exception.StepFailedException: Unable to verify object 'Object Repository/Shared_alert/success_alert' is not present
	at com.kms.katalon.core.webui.keyword.internal.WebUIKeywordMain.stepFailed(WebUIKeywordMain.groovy:64)
	at com.kms.katalon.core.webui.keyword.internal.WebUIKeywordMain.runKeyword(WebUIKeywordMain.groovy:26)
	at com.kms.katalon.core.webui.keyword.internal.WebUIKeywordMain$runKeyword.call(Unknown Source)
	at com.kms.katalon.core.webui.keyword.builtin.VerifyElementNotPresentKeyword.verifyElementNotPresent(VerifyElementNotPresentKeyword.groovy:122)
	at com.kms.katalon.core.webui.keyword.builtin.VerifyElementNotPresentKeyword.execute(VerifyElementNotPresentKeyword.groovy:68)
	at com.kms.katalon.core.keyword.internal.KeywordExecutor.executeKeywordForPlatform(KeywordExecutor.groovy:74)
	at com.kms.katalon.core.webui.keyword.WebUiBuiltInKeywords.verifyElementNotPresent(WebUiBuiltInKeywords.groovy:1536)
	at Piggy Bank.run(Piggy Bank:64)
	at com.kms.katalon.core.main.ScriptEngine.run(ScriptEngine.java:194)
	at com.kms.katalon.core.main.ScriptEngine.runScriptAsRawText(ScriptEngine.java:119)
	at com.kms.katalon.core.main.TestCaseExecutor.runScript(TestCaseExecutor.java:448)
	at com.kms.katalon.core.main.TestCaseExecutor.doExecute(TestCaseExecutor.java:439)
	at com.kms.katalon.core.main.TestCaseExecutor.processExecutionPhase(TestCaseExecutor.java:418)
	at com.kms.katalon.core.main.TestCaseExecutor.accessMainPhase(TestCaseExecutor.java:410)
	at com.kms.katalon.core.main.TestCaseExecutor.execute(TestCaseExecutor.java:285)
	at com.kms.katalon.core.common.CommonExecutor.accessTestCaseMainPhase(CommonExecutor.java:65)
	at com.kms.katalon.core.main.TestSuiteExecutor.accessTestSuiteMainPhase(TestSuiteExecutor.java:148)
	at com.kms.katalon.core.main.TestSuiteExecutor.execute(TestSuiteExecutor.java:106)
	at com.kms.katalon.core.main.TestCaseMain.startTestSuite(TestCaseMain.java:180)
	at TempTestSuite1704126138119.run(TempTestSuite1704126138119.groovy:36)
	at java.base/jdk.internal.reflect.NativeMethodAccessorImpl.invoke0(Native Method)
	at java.base/jdk.internal.reflect.NativeMethodAccessorImpl.invoke(NativeMethodAccessorImpl.java:77)
	at java.base/jdk.internal.reflect.DelegatingMethodAccessorImpl.invoke(DelegatingMethodAccessorImpl.java:43)
Caused by: com.kms.katalon.core.exception.StepFailedException: Web element with id: 'Object Repository/Shared_alert/success_alert' located by 'By.cssSelector: #app > div.content-wrapper > section.content > div' is present after '1' second(s)
	at com.kms.katalon.core.webui.keyword.internal.WebUIKeywordMain.stepFailed(WebUIKeywordMain.groovy:64)
	at com.kms.katalon.core.webui.keyword.internal.WebUIKeywordMain$stepFailed$0.call(Unknown Source)
	at com.kms.katalon.core.webui.keyword.builtin.VerifyElementNotPresentKeyword$_verifyElementNotPresent_closure1.doCall(VerifyElementNotPresentKeyword.groovy:113)
	at com.kms.katalon.core.webui.keyword.builtin.VerifyElementNotPresentKeyword$_verifyElementNotPresent_closure1.doCall(VerifyElementNotPresentKeyword.groovy)
	at java.base/jdk.internal.reflect.NativeMethodAccessorImpl.invoke0(Native Method)
	at java.base/jdk.internal.reflect.NativeMethodAccessorImpl.invoke(NativeMethodAccessorImpl.java:77)
	at java.base/jdk.internal.reflect.DelegatingMethodAccessorImpl.invoke(DelegatingMethodAccessorImpl.java:43)
	at com.kms.katalon.core.webui.keyword.internal.WebUIKeywordMain.runKeyword(WebUIKeywordMain.groovy:20)
	... 21 more
)

01-01-2024T23:25:24 - [MESSAGE][FAILED] - Web element with id: 'Object Repository/Shared_alert/success_alert' located by 'By.cssSelector: #app > div.content-wrapper > section.content > div' is present after '1' second(s) (Root cause: com.kms.katalon.core.exception.StepFailedException: Web element with id: 'Object Repository/Shared_alert/success_alert' located by 'By.cssSelector: #app > div.content-wrapper > section.content > div' is present after '1' second(s)
	at com.kms.katalon.core.webui.keyword.internal.WebUIKeywordMain.stepFailed(WebUIKeywordMain.groovy:64)
	at com.kms.katalon.core.webui.keyword.internal.WebUIKeywordMain$stepFailed$0.call(Unknown Source)
	at com.kms.katalon.core.webui.keyword.builtin.VerifyElementNotPresentKeyword$_verifyElementNotPresent_closure1.doCall(VerifyElementNotPresentKeyword.groovy:113)
	at com.kms.katalon.core.webui.keyword.builtin.VerifyElementNotPresentKeyword$_verifyElementNotPresent_closure1.doCall(VerifyElementNotPresentKeyword.groovy)
	at java.base/jdk.internal.reflect.NativeMethodAccessorImpl.invoke0(Native Method)
	at java.base/jdk.internal.reflect.NativeMethodAccessorImpl.invoke(NativeMethodAccessorImpl.java:77)
	at java.base/jdk.internal.reflect.DelegatingMethodAccessorImpl.invoke(DelegatingMethodAccessorImpl.java:43)
	at com.kms.katalon.core.webui.keyword.internal.WebUIKeywordMain.runKeyword(WebUIKeywordMain.groovy:20)
	at com.kms.katalon.core.webui.keyword.internal.WebUIKeywordMain$runKeyword.call(Unknown Source)
	at com.kms.katalon.core.webui.keyword.builtin.VerifyElementNotPresentKeyword.verifyElementNotPresent(VerifyElementNotPresentKeyword.groovy:122)
	at com.kms.katalon.core.webui.keyword.builtin.VerifyElementNotPresentKeyword.execute(VerifyElementNotPresentKeyword.groovy:68)
	at com.kms.katalon.core.keyword.internal.KeywordExecutor.executeKeywordForPlatform(KeywordExecutor.groovy:74)
	at com.kms.katalon.core.webui.keyword.WebUiBuiltInKeywords.verifyElementNotPresent(WebUiBuiltInKeywords.groovy:1536)
	at Piggy Bank.run(Piggy Bank:64)
	at com.kms.katalon.core.main.ScriptEngine.run(ScriptEngine.java:194)
	at com.kms.katalon.core.main.ScriptEngine.runScriptAsRawText(ScriptEngine.java:119)
	at com.kms.katalon.core.main.TestCaseExecutor.runScript(TestCaseExecutor.java:448)
	at com.kms.katalon.core.main.TestCaseExecutor.doExecute(TestCaseExecutor.java:439)
	at com.kms.katalon.core.main.TestCaseExecutor.processExecutionPhase(TestCaseExecutor.java:418)
	at com.kms.katalon.core.main.TestCaseExecutor.accessMainPhase(TestCaseExecutor.java:410)
	at com.kms.katalon.core.main.TestCaseExecutor.execute(TestCaseExecutor.java:285)
	at com.kms.katalon.core.common.CommonExecutor.accessTestCaseMainPhase(CommonExecutor.java:65)
	at com.kms.katalon.core.main.TestSuiteExecutor.accessTestSuiteMainPhase(TestSuiteExecutor.java:148)
	at com.kms.katalon.core.main.TestSuiteExecutor.execute(TestSuiteExecutor.java:106)
	at com.kms.katalon.core.main.TestCaseMain.startTestSuite(TestCaseMain.java:180)
	at TempTestSuite1704126138119.run(TempTestSuite1704126138119.groovy:36)
	at java.base/jdk.internal.reflect.NativeMethodAccessorImpl.invoke0(Native Method)
	at java.base/jdk.internal.reflect.NativeMethodAccessorImpl.invoke(NativeMethodAccessorImpl.java:77)
	at java.base/jdk.internal.reflect.DelegatingMethodAccessorImpl.invoke(DelegatingMethodAccessorImpl.java:43)
)
[[ATTACHMENT|C:\\Users\\MODERN 15\\git\\G1_Firefly_testing\\Reports\\20240101_232218\\Piggy Bank\\20240101_232218\\1704126324765.png]]

01-01-2024T23:25:24 - [MESSAGE][FAILED] - Unable to verify object 'Object Repository/Shared_alert/success_alert' is not present (Root cause: com.kms.katalon.core.exception.StepFailedException: Unable to verify object 'Object Repository/Shared_alert/success_alert' is not present
	at com.kms.katalon.core.webui.keyword.internal.WebUIKeywordMain.stepFailed(WebUIKeywordMain.groovy:64)
	at com.kms.katalon.core.webui.keyword.internal.WebUIKeywordMain.runKeyword(WebUIKeywordMain.groovy:26)
	at com.kms.katalon.core.webui.keyword.internal.WebUIKeywordMain$runKeyword.call(Unknown Source)
	at com.kms.katalon.core.webui.keyword.builtin.VerifyElementNotPresentKeyword.verifyElementNotPresent(VerifyElementNotPresentKeyword.groovy:122)
	at com.kms.katalon.core.webui.keyword.builtin.VerifyElementNotPresentKeyword.execute(VerifyElementNotPresentKeyword.groovy:68)
	at com.kms.katalon.core.keyword.internal.KeywordExecutor.executeKeywordForPlatform(KeywordExecutor.groovy:74)
	at com.kms.katalon.core.webui.keyword.WebUiBuiltInKeywords.verifyElementNotPresent(WebUiBuiltInKeywords.groovy:1536)
	at Piggy Bank.run(Piggy Bank:64)
	at com.kms.katalon.core.main.ScriptEngine.run(ScriptEngine.java:194)
	at com.kms.katalon.core.main.ScriptEngine.runScriptAsRawText(ScriptEngine.java:119)
	at com.kms.katalon.core.main.TestCaseExecutor.runScript(TestCaseExecutor.java:448)
	at com.kms.katalon.core.main.TestCaseExecutor.doExecute(TestCaseExecutor.java:439)
	at com.kms.katalon.core.main.TestCaseExecutor.processExecutionPhase(TestCaseExecutor.java:418)
	at com.kms.katalon.core.main.TestCaseExecutor.accessMainPhase(TestCaseExecutor.java:410)
	at com.kms.katalon.core.main.TestCaseExecutor.execute(TestCaseExecutor.java:285)
	at com.kms.katalon.core.common.CommonExecutor.accessTestCaseMainPhase(CommonExecutor.java:65)
	at com.kms.katalon.core.main.TestSuiteExecutor.accessTestSuiteMainPhase(TestSuiteExecutor.java:148)
	at com.kms.katalon.core.main.TestSuiteExecutor.execute(TestSuiteExecutor.java:106)
	at com.kms.katalon.core.main.TestCaseMain.startTestSuite(TestCaseMain.java:180)
	at TempTestSuite1704126138119.run(TempTestSuite1704126138119.groovy:36)
	at java.base/jdk.internal.reflect.NativeMethodAccessorImpl.invoke0(Native Method)
	at java.base/jdk.internal.reflect.NativeMethodAccessorImpl.invoke(NativeMethodAccessorImpl.java:77)
	at java.base/jdk.internal.reflect.DelegatingMethodAccessorImpl.invoke(DelegatingMethodAccessorImpl.java:43)
Caused by: com.kms.katalon.core.exception.StepFailedException: Web element with id: 'Object Repository/Shared_alert/success_alert' located by 'By.cssSelector: #app > div.content-wrapper > section.content > div' is present after '1' second(s)
	at com.kms.katalon.core.webui.keyword.internal.WebUIKeywordMain.stepFailed(WebUIKeywordMain.groovy:64)
	at com.kms.katalon.core.webui.keyword.internal.WebUIKeywordMain$stepFailed$0.call(Unknown Source)
	at com.kms.katalon.core.webui.keyword.builtin.VerifyElementNotPresentKeyword$_verifyElementNotPresent_closure1.doCall(VerifyElementNotPresentKeyword.groovy:113)
	at com.kms.katalon.core.webui.keyword.builtin.VerifyElementNotPresentKeyword$_verifyElementNotPresent_closure1.doCall(VerifyElementNotPresentKeyword.groovy)
	at java.base/jdk.internal.reflect.NativeMethodAccessorImpl.invoke0(Native Method)
	at java.base/jdk.internal.reflect.NativeMethodAccessorImpl.invoke(NativeMethodAccessorImpl.java:77)
	at java.base/jdk.internal.reflect.DelegatingMethodAccessorImpl.invoke(DelegatingMethodAccessorImpl.java:43)
	at com.kms.katalon.core.webui.keyword.internal.WebUIKeywordMain.runKeyword(WebUIKeywordMain.groovy:20)
	... 21 more
)
[[ATTACHMENT|C:\\Users\\MODERN 15\\git\\G1_Firefly_testing\\Reports\\20240101_232218\\Piggy Bank\\20240101_232218\\1704126324896.png]]

01-01-2024T23:25:24 - [TEST_STEP][PASSED] - catch (Exception err): null

01-01-2024T23:25:24 - [TEST_STEP][PASSED] - verifyElementPresent(findTestObject("Shared_alert/success_alert"), 1): Object 'Object Repository/Shared_alert/success_alert' is present

01-01-2024T23:25:25 - [MESSAGE][PASSED] - Object 'Object Repository/Shared_alert/success_alert' is present

01-01-2024T23:25:25 - [TEST_STEP][PASSED] - out.println("success"): null

01-01-2024T23:25:25 - [TEST_STEP][PASSED] - closeBrowser(): Browser is closed

01-01-2024T23:25:25 - [MESSAGE][PASSED] - Browser is closed]]></system-out>
         <system-err><![CDATA[]]></system-err>
      </testcase>
      <testcase name="Test Cases/Piggy Bank" time="21.446" classname="Test Cases/Piggy Bank" status="PASSED">
         <system-out><![CDATA[01-01-2024T23:25:25 - [TEST_CASE][PASSED] - Test Cases/Piggy Bank: Test Cases/Piggy Bank

01-01-2024T23:25:25 - [TEST_STEP][PASSED] - openBrowser(""): Browser is opened with url: ''

01-01-2024T23:25:25 - [MESSAGE][INFO] - Starting 'Chrome' driver

01-01-2024T23:25:25 - [MESSAGE][INFO] - Action delay is set to 0 milliseconds

01-01-2024T23:25:26 - [MESSAGE][PASSED] - Browser is opened with url: ''

01-01-2024T23:25:26 - [TEST_STEP][PASSED] - navigateToUrl("https://firefly.buudadawg.online/login"): Navigate to 'https://firefly.buudadawg.online/login' successfully

01-01-2024T23:25:29 - [MESSAGE][PASSED] - Navigate to 'https://firefly.buudadawg.online/login' successfully

01-01-2024T23:25:29 - [TEST_STEP][PASSED] - setText(findTestObject("Object Repository/Piggy Bank/Page_Login to Firefly III/input_email"), username): Text 'killermh1352@gmail.com' is set on object 'Object Repository/Piggy Bank/Page_Login to Firefly III/input_email'

01-01-2024T23:25:30 - [MESSAGE][PASSED] - Text 'killermh1352@gmail.com' is set on object 'Object Repository/Piggy Bank/Page_Login to Firefly III/input_email'

01-01-2024T23:25:30 - [TEST_STEP][PASSED] - setText(findTestObject("Object Repository/Piggy Bank/Page_Login to Firefly III/input_password"), password): Text 'tranvinhphuc2002' is set on object 'Object Repository/Piggy Bank/Page_Login to Firefly III/input_password'

01-01-2024T23:25:31 - [MESSAGE][PASSED] - Text 'tranvinhphuc2002' is set on object 'Object Repository/Piggy Bank/Page_Login to Firefly III/input_password'

01-01-2024T23:25:31 - [TEST_STEP][PASSED] - sendKeys(findTestObject("Object Repository/Piggy Bank/Page_Login to Firefly III/input_password"), Keys.chord(ENTER)): Keys 'ENTER + ' sent to object: 'Object Repository/Piggy Bank/Page_Login to Firefly III/input_password'

01-01-2024T23:25:32 - [MESSAGE][PASSED] - Keys 'ENTER + ' sent to object: 'Object Repository/Piggy Bank/Page_Login to Firefly III/input_password'

01-01-2024T23:25:32 - [TEST_STEP][PASSED] - click(findTestObject("Object Repository/Piggy Bank/Page_Whats playing  Firefly III/a_Piggy banks")): Object: 'Object Repository/Piggy Bank/Page_Whats playing  Firefly III/a_Piggy banks' is clicked on

01-01-2024T23:25:34 - [MESSAGE][PASSED] - Object: 'Object Repository/Piggy Bank/Page_Whats playing  Firefly III/a_Piggy banks' is clicked on

01-01-2024T23:25:34 - [TEST_STEP][PASSED] - click(findTestObject("Piggy Bank/Page_Piggy banks  Firefly III/a_Create new piggy bank")): Object: 'Object Repository/Piggy Bank/Page_Piggy banks  Firefly III/a_Create new piggy bank' is clicked on

01-01-2024T23:25:35 - [MESSAGE][PASSED] - Object: 'Object Repository/Piggy Bank/Page_Piggy banks  Firefly III/a_Create new piggy bank' is clicked on

01-01-2024T23:25:35 - [TEST_STEP][PASSED] - setText(findTestObject("Object Repository/Piggy Bank/Page_New piggy bank  Piggy banks  Firefly III/input_name"), name): Text 'Summer Infant, Inc.' is set on object 'Object Repository/Piggy Bank/Page_New piggy bank  Piggy banks  Firefly III/input_name'

01-01-2024T23:25:36 - [MESSAGE][PASSED] - Text 'Summer Infant, Inc.' is set on object 'Object Repository/Piggy Bank/Page_New piggy bank  Piggy banks  Firefly III/input_name'

01-01-2024T23:25:36 - [TEST_STEP][PASSED] - selectOptionByLabel(findTestObject("Object Repository/Piggy Bank/Page_New piggy bank  Piggy banks  Firefly III/select_My Savings AccountMy Asset Account"), save_on_account, true): All options with label 'My Savings Account' are selected in object 'Object Repository/Piggy Bank/Page_New piggy bank  Piggy banks  Firefly III/select_My Savings AccountMy Asset Account'  using regular expression

01-01-2024T23:25:37 - [MESSAGE][PASSED] - All options with label 'My Savings Account' are selected in object 'Object Repository/Piggy Bank/Page_New piggy bank  Piggy banks  Firefly III/select_My Savings AccountMy Asset Account'  using regular expression

01-01-2024T23:25:37 - [TEST_STEP][PASSED] - setText(findTestObject("Object Repository/Piggy Bank/Page_New piggy bank  Piggy banks  Firefly III/input_targetamount"), target_amount): Text '68130' is set on object 'Object Repository/Piggy Bank/Page_New piggy bank  Piggy banks  Firefly III/input_targetamount'

01-01-2024T23:25:37 - [MESSAGE][PASSED] - Text '68130' is set on object 'Object Repository/Piggy Bank/Page_New piggy bank  Piggy banks  Firefly III/input_targetamount'

01-01-2024T23:25:37 - [TEST_STEP][PASSED] - setText(findTestObject("Object Repository/Piggy Bank/Page_New piggy bank  Piggy banks  Firefly III/textarea_notes"), notes): Text 'cum sociis natoque penatibus et magnis dis parturient montes nascetur ridiculus mus vivamus vestibulum sagittis sapien cum sociis natoque penatibus et magnis dis parturient montes nascetur ridiculus mus etiam vel augue vestibulum rutrum rutrum neque aenean auctor gravida sem praesent id massa id nisl venenatis lacinia aenean sit amet justo morbi ut odio cras mi pede malesuada in imperdiet et commodo vulputate justo in blandit ultrices enim lorem ipsum dolor' is set on object 'Object Repository/Piggy Bank/Page_New piggy bank  Piggy banks  Firefly III/textarea_notes'

01-01-2024T23:25:39 - [MESSAGE][PASSED] - Text 'cum sociis natoque penatibus et magnis dis parturient montes nascetur ridiculus mus vivamus vestibulum sagittis sapien cum sociis natoque penatibus et magnis dis parturient montes nascetur ridiculus mus etiam vel augue vestibulum rutrum rutrum neque aenean auctor gravida sem praesent id massa id nisl venenatis lacinia aenean sit amet justo morbi ut odio cras mi pede malesuada in imperdiet et commodo vulputate justo in blandit ultrices enim lorem ipsum dolor' is set on object 'Object Repository/Piggy Bank/Page_New piggy bank  Piggy banks  Firefly III/textarea_notes'

01-01-2024T23:25:39 - [TEST_STEP][PASSED] - setText(findTestObject("Object Repository/Piggy Bank/Page_New piggy bank  Piggy banks  Firefly III/input_object_group"), group): Text 'justo in blandit ultrices enim lorem ipsum dolor sit amet consectetuer adipiscing' is set on object 'Object Repository/Piggy Bank/Page_New piggy bank  Piggy banks  Firefly III/input_object_group'

01-01-2024T23:25:40 - [MESSAGE][PASSED] - Text 'justo in blandit ultrices enim lorem ipsum dolor sit amet consectetuer adipiscing' is set on object 'Object Repository/Piggy Bank/Page_New piggy bank  Piggy banks  Firefly III/input_object_group'

01-01-2024T23:25:40 - [TEST_STEP][PASSED] - setText(findTestObject("Piggy Bank/Page_New piggy bank  Piggy banks  Firefly III/input_date"), target_date): Text '04/15/2023' is set on object 'Object Repository/Piggy Bank/Page_New piggy bank  Piggy banks  Firefly III/input_date'

01-01-2024T23:25:41 - [MESSAGE][PASSED] - Text '04/15/2023' is set on object 'Object Repository/Piggy Bank/Page_New piggy bank  Piggy banks  Firefly III/input_date'

01-01-2024T23:25:41 - [TEST_STEP][PASSED] - if (attachment): null

01-01-2024T23:25:41 - [TEST_STEP][PASSED] - click(findTestObject("Object Repository/Piggy Bank/Page_New piggy bank  Piggy banks  Firefly III/div_Mandatory fields                       _ed7e9e")): Object: 'Object Repository/Piggy Bank/Page_New piggy bank  Piggy banks  Firefly III/div_Mandatory fields                       _ed7e9e' is clicked on

01-01-2024T23:25:41 - [MESSAGE][PASSED] - Object: 'Object Repository/Piggy Bank/Page_New piggy bank  Piggy banks  Firefly III/div_Mandatory fields                       _ed7e9e' is clicked on

01-01-2024T23:25:41 - [TEST_STEP][PASSED] - click(findTestObject("Object Repository/Piggy Bank/Page_New piggy bank  Piggy banks  Firefly III/button_Store new piggy bank")): Object: 'Object Repository/Piggy Bank/Page_New piggy bank  Piggy banks  Firefly III/button_Store new piggy bank' is clicked on

01-01-2024T23:25:44 - [MESSAGE][PASSED] - Object: 'Object Repository/Piggy Bank/Page_New piggy bank  Piggy banks  Firefly III/button_Store new piggy bank' is clicked on

01-01-2024T23:25:44 - [TEST_STEP][FAILED] - try: Unable to verify object 'Object Repository/Shared_alert/success_alert' is not present (Root cause: com.kms.katalon.core.exception.StepFailedException: Unable to verify object 'Object Repository/Shared_alert/success_alert' is not present
	at com.kms.katalon.core.webui.keyword.internal.WebUIKeywordMain.stepFailed(WebUIKeywordMain.groovy:64)
	at com.kms.katalon.core.webui.keyword.internal.WebUIKeywordMain.runKeyword(WebUIKeywordMain.groovy:26)
	at com.kms.katalon.core.webui.keyword.internal.WebUIKeywordMain$runKeyword.call(Unknown Source)
	at com.kms.katalon.core.webui.keyword.builtin.VerifyElementNotPresentKeyword.verifyElementNotPresent(VerifyElementNotPresentKeyword.groovy:122)
	at com.kms.katalon.core.webui.keyword.builtin.VerifyElementNotPresentKeyword.execute(VerifyElementNotPresentKeyword.groovy:68)
	at com.kms.katalon.core.keyword.internal.KeywordExecutor.executeKeywordForPlatform(KeywordExecutor.groovy:74)
	at com.kms.katalon.core.webui.keyword.WebUiBuiltInKeywords.verifyElementNotPresent(WebUiBuiltInKeywords.groovy:1536)
	at Piggy Bank.run(Piggy Bank:64)
	at com.kms.katalon.core.main.ScriptEngine.run(ScriptEngine.java:194)
	at com.kms.katalon.core.main.ScriptEngine.runScriptAsRawText(ScriptEngine.java:119)
	at com.kms.katalon.core.main.TestCaseExecutor.runScript(TestCaseExecutor.java:448)
	at com.kms.katalon.core.main.TestCaseExecutor.doExecute(TestCaseExecutor.java:439)
	at com.kms.katalon.core.main.TestCaseExecutor.processExecutionPhase(TestCaseExecutor.java:418)
	at com.kms.katalon.core.main.TestCaseExecutor.accessMainPhase(TestCaseExecutor.java:410)
	at com.kms.katalon.core.main.TestCaseExecutor.execute(TestCaseExecutor.java:285)
	at com.kms.katalon.core.common.CommonExecutor.accessTestCaseMainPhase(CommonExecutor.java:65)
	at com.kms.katalon.core.main.TestSuiteExecutor.accessTestSuiteMainPhase(TestSuiteExecutor.java:148)
	at com.kms.katalon.core.main.TestSuiteExecutor.execute(TestSuiteExecutor.java:106)
	at com.kms.katalon.core.main.TestCaseMain.startTestSuite(TestCaseMain.java:180)
	at TempTestSuite1704126138119.run(TempTestSuite1704126138119.groovy:36)
	at java.base/jdk.internal.reflect.NativeMethodAccessorImpl.invoke0(Native Method)
	at java.base/jdk.internal.reflect.NativeMethodAccessorImpl.invoke(NativeMethodAccessorImpl.java:77)
	at java.base/jdk.internal.reflect.DelegatingMethodAccessorImpl.invoke(DelegatingMethodAccessorImpl.java:43)
Caused by: com.kms.katalon.core.exception.StepFailedException: Web element with id: 'Object Repository/Shared_alert/success_alert' located by 'By.cssSelector: #app > div.content-wrapper > section.content > div' is present after '1' second(s)
	at com.kms.katalon.core.webui.keyword.internal.WebUIKeywordMain.stepFailed(WebUIKeywordMain.groovy:64)
	at com.kms.katalon.core.webui.keyword.internal.WebUIKeywordMain$stepFailed$0.call(Unknown Source)
	at com.kms.katalon.core.webui.keyword.builtin.VerifyElementNotPresentKeyword$_verifyElementNotPresent_closure1.doCall(VerifyElementNotPresentKeyword.groovy:113)
	at com.kms.katalon.core.webui.keyword.builtin.VerifyElementNotPresentKeyword$_verifyElementNotPresent_closure1.doCall(VerifyElementNotPresentKeyword.groovy)
	at java.base/jdk.internal.reflect.NativeMethodAccessorImpl.invoke0(Native Method)
	at java.base/jdk.internal.reflect.NativeMethodAccessorImpl.invoke(NativeMethodAccessorImpl.java:77)
	at java.base/jdk.internal.reflect.DelegatingMethodAccessorImpl.invoke(DelegatingMethodAccessorImpl.java:43)
	at com.kms.katalon.core.webui.keyword.internal.WebUIKeywordMain.runKeyword(WebUIKeywordMain.groovy:20)
	... 21 more
)

01-01-2024T23:25:44 - [TEST_STEP][PASSED] - verifyElementPresent(findTestObject("Shared_alert/text_dangers"), 1): Object 'Object Repository/Shared_alert/text_dangers' is present

01-01-2024T23:25:45 - [MESSAGE][PASSED] - Object 'Object Repository/Shared_alert/text_dangers' is present

01-01-2024T23:25:45 - [TEST_STEP][FAILED] - verifyElementNotPresent(findTestObject("Shared_alert/success_alert"), 1): Unable to verify object 'Object Repository/Shared_alert/success_alert' is not present (Root cause: com.kms.katalon.core.exception.StepFailedException: Unable to verify object 'Object Repository/Shared_alert/success_alert' is not present
	at com.kms.katalon.core.webui.keyword.internal.WebUIKeywordMain.stepFailed(WebUIKeywordMain.groovy:64)
	at com.kms.katalon.core.webui.keyword.internal.WebUIKeywordMain.runKeyword(WebUIKeywordMain.groovy:26)
	at com.kms.katalon.core.webui.keyword.internal.WebUIKeywordMain$runKeyword.call(Unknown Source)
	at com.kms.katalon.core.webui.keyword.builtin.VerifyElementNotPresentKeyword.verifyElementNotPresent(VerifyElementNotPresentKeyword.groovy:122)
	at com.kms.katalon.core.webui.keyword.builtin.VerifyElementNotPresentKeyword.execute(VerifyElementNotPresentKeyword.groovy:68)
	at com.kms.katalon.core.keyword.internal.KeywordExecutor.executeKeywordForPlatform(KeywordExecutor.groovy:74)
	at com.kms.katalon.core.webui.keyword.WebUiBuiltInKeywords.verifyElementNotPresent(WebUiBuiltInKeywords.groovy:1536)
	at Piggy Bank.run(Piggy Bank:64)
	at com.kms.katalon.core.main.ScriptEngine.run(ScriptEngine.java:194)
	at com.kms.katalon.core.main.ScriptEngine.runScriptAsRawText(ScriptEngine.java:119)
	at com.kms.katalon.core.main.TestCaseExecutor.runScript(TestCaseExecutor.java:448)
	at com.kms.katalon.core.main.TestCaseExecutor.doExecute(TestCaseExecutor.java:439)
	at com.kms.katalon.core.main.TestCaseExecutor.processExecutionPhase(TestCaseExecutor.java:418)
	at com.kms.katalon.core.main.TestCaseExecutor.accessMainPhase(TestCaseExecutor.java:410)
	at com.kms.katalon.core.main.TestCaseExecutor.execute(TestCaseExecutor.java:285)
	at com.kms.katalon.core.common.CommonExecutor.accessTestCaseMainPhase(CommonExecutor.java:65)
	at com.kms.katalon.core.main.TestSuiteExecutor.accessTestSuiteMainPhase(TestSuiteExecutor.java:148)
	at com.kms.katalon.core.main.TestSuiteExecutor.execute(TestSuiteExecutor.java:106)
	at com.kms.katalon.core.main.TestCaseMain.startTestSuite(TestCaseMain.java:180)
	at TempTestSuite1704126138119.run(TempTestSuite1704126138119.groovy:36)
	at java.base/jdk.internal.reflect.NativeMethodAccessorImpl.invoke0(Native Method)
	at java.base/jdk.internal.reflect.NativeMethodAccessorImpl.invoke(NativeMethodAccessorImpl.java:77)
	at java.base/jdk.internal.reflect.DelegatingMethodAccessorImpl.invoke(DelegatingMethodAccessorImpl.java:43)
Caused by: com.kms.katalon.core.exception.StepFailedException: Web element with id: 'Object Repository/Shared_alert/success_alert' located by 'By.cssSelector: #app > div.content-wrapper > section.content > div' is present after '1' second(s)
	at com.kms.katalon.core.webui.keyword.internal.WebUIKeywordMain.stepFailed(WebUIKeywordMain.groovy:64)
	at com.kms.katalon.core.webui.keyword.internal.WebUIKeywordMain$stepFailed$0.call(Unknown Source)
	at com.kms.katalon.core.webui.keyword.builtin.VerifyElementNotPresentKeyword$_verifyElementNotPresent_closure1.doCall(VerifyElementNotPresentKeyword.groovy:113)
	at com.kms.katalon.core.webui.keyword.builtin.VerifyElementNotPresentKeyword$_verifyElementNotPresent_closure1.doCall(VerifyElementNotPresentKeyword.groovy)
	at java.base/jdk.internal.reflect.NativeMethodAccessorImpl.invoke0(Native Method)
	at java.base/jdk.internal.reflect.NativeMethodAccessorImpl.invoke(NativeMethodAccessorImpl.java:77)
	at java.base/jdk.internal.reflect.DelegatingMethodAccessorImpl.invoke(DelegatingMethodAccessorImpl.java:43)
	at com.kms.katalon.core.webui.keyword.internal.WebUIKeywordMain.runKeyword(WebUIKeywordMain.groovy:20)
	... 21 more
)

01-01-2024T23:25:46 - [MESSAGE][FAILED] - Web element with id: 'Object Repository/Shared_alert/success_alert' located by 'By.cssSelector: #app > div.content-wrapper > section.content > div' is present after '1' second(s) (Root cause: com.kms.katalon.core.exception.StepFailedException: Web element with id: 'Object Repository/Shared_alert/success_alert' located by 'By.cssSelector: #app > div.content-wrapper > section.content > div' is present after '1' second(s)
	at com.kms.katalon.core.webui.keyword.internal.WebUIKeywordMain.stepFailed(WebUIKeywordMain.groovy:64)
	at com.kms.katalon.core.webui.keyword.internal.WebUIKeywordMain$stepFailed$0.call(Unknown Source)
	at com.kms.katalon.core.webui.keyword.builtin.VerifyElementNotPresentKeyword$_verifyElementNotPresent_closure1.doCall(VerifyElementNotPresentKeyword.groovy:113)
	at com.kms.katalon.core.webui.keyword.builtin.VerifyElementNotPresentKeyword$_verifyElementNotPresent_closure1.doCall(VerifyElementNotPresentKeyword.groovy)
	at java.base/jdk.internal.reflect.NativeMethodAccessorImpl.invoke0(Native Method)
	at java.base/jdk.internal.reflect.NativeMethodAccessorImpl.invoke(NativeMethodAccessorImpl.java:77)
	at java.base/jdk.internal.reflect.DelegatingMethodAccessorImpl.invoke(DelegatingMethodAccessorImpl.java:43)
	at com.kms.katalon.core.webui.keyword.internal.WebUIKeywordMain.runKeyword(WebUIKeywordMain.groovy:20)
	at com.kms.katalon.core.webui.keyword.internal.WebUIKeywordMain$runKeyword.call(Unknown Source)
	at com.kms.katalon.core.webui.keyword.builtin.VerifyElementNotPresentKeyword.verifyElementNotPresent(VerifyElementNotPresentKeyword.groovy:122)
	at com.kms.katalon.core.webui.keyword.builtin.VerifyElementNotPresentKeyword.execute(VerifyElementNotPresentKeyword.groovy:68)
	at com.kms.katalon.core.keyword.internal.KeywordExecutor.executeKeywordForPlatform(KeywordExecutor.groovy:74)
	at com.kms.katalon.core.webui.keyword.WebUiBuiltInKeywords.verifyElementNotPresent(WebUiBuiltInKeywords.groovy:1536)
	at Piggy Bank.run(Piggy Bank:64)
	at com.kms.katalon.core.main.ScriptEngine.run(ScriptEngine.java:194)
	at com.kms.katalon.core.main.ScriptEngine.runScriptAsRawText(ScriptEngine.java:119)
	at com.kms.katalon.core.main.TestCaseExecutor.runScript(TestCaseExecutor.java:448)
	at com.kms.katalon.core.main.TestCaseExecutor.doExecute(TestCaseExecutor.java:439)
	at com.kms.katalon.core.main.TestCaseExecutor.processExecutionPhase(TestCaseExecutor.java:418)
	at com.kms.katalon.core.main.TestCaseExecutor.accessMainPhase(TestCaseExecutor.java:410)
	at com.kms.katalon.core.main.TestCaseExecutor.execute(TestCaseExecutor.java:285)
	at com.kms.katalon.core.common.CommonExecutor.accessTestCaseMainPhase(CommonExecutor.java:65)
	at com.kms.katalon.core.main.TestSuiteExecutor.accessTestSuiteMainPhase(TestSuiteExecutor.java:148)
	at com.kms.katalon.core.main.TestSuiteExecutor.execute(TestSuiteExecutor.java:106)
	at com.kms.katalon.core.main.TestCaseMain.startTestSuite(TestCaseMain.java:180)
	at TempTestSuite1704126138119.run(TempTestSuite1704126138119.groovy:36)
	at java.base/jdk.internal.reflect.NativeMethodAccessorImpl.invoke0(Native Method)
	at java.base/jdk.internal.reflect.NativeMethodAccessorImpl.invoke(NativeMethodAccessorImpl.java:77)
	at java.base/jdk.internal.reflect.DelegatingMethodAccessorImpl.invoke(DelegatingMethodAccessorImpl.java:43)
)
[[ATTACHMENT|C:\\Users\\MODERN 15\\git\\G1_Firefly_testing\\Reports\\20240101_232218\\Piggy Bank\\20240101_232218\\1704126346223.png]]

01-01-2024T23:25:46 - [MESSAGE][FAILED] - Unable to verify object 'Object Repository/Shared_alert/success_alert' is not present (Root cause: com.kms.katalon.core.exception.StepFailedException: Unable to verify object 'Object Repository/Shared_alert/success_alert' is not present
	at com.kms.katalon.core.webui.keyword.internal.WebUIKeywordMain.stepFailed(WebUIKeywordMain.groovy:64)
	at com.kms.katalon.core.webui.keyword.internal.WebUIKeywordMain.runKeyword(WebUIKeywordMain.groovy:26)
	at com.kms.katalon.core.webui.keyword.internal.WebUIKeywordMain$runKeyword.call(Unknown Source)
	at com.kms.katalon.core.webui.keyword.builtin.VerifyElementNotPresentKeyword.verifyElementNotPresent(VerifyElementNotPresentKeyword.groovy:122)
	at com.kms.katalon.core.webui.keyword.builtin.VerifyElementNotPresentKeyword.execute(VerifyElementNotPresentKeyword.groovy:68)
	at com.kms.katalon.core.keyword.internal.KeywordExecutor.executeKeywordForPlatform(KeywordExecutor.groovy:74)
	at com.kms.katalon.core.webui.keyword.WebUiBuiltInKeywords.verifyElementNotPresent(WebUiBuiltInKeywords.groovy:1536)
	at Piggy Bank.run(Piggy Bank:64)
	at com.kms.katalon.core.main.ScriptEngine.run(ScriptEngine.java:194)
	at com.kms.katalon.core.main.ScriptEngine.runScriptAsRawText(ScriptEngine.java:119)
	at com.kms.katalon.core.main.TestCaseExecutor.runScript(TestCaseExecutor.java:448)
	at com.kms.katalon.core.main.TestCaseExecutor.doExecute(TestCaseExecutor.java:439)
	at com.kms.katalon.core.main.TestCaseExecutor.processExecutionPhase(TestCaseExecutor.java:418)
	at com.kms.katalon.core.main.TestCaseExecutor.accessMainPhase(TestCaseExecutor.java:410)
	at com.kms.katalon.core.main.TestCaseExecutor.execute(TestCaseExecutor.java:285)
	at com.kms.katalon.core.common.CommonExecutor.accessTestCaseMainPhase(CommonExecutor.java:65)
	at com.kms.katalon.core.main.TestSuiteExecutor.accessTestSuiteMainPhase(TestSuiteExecutor.java:148)
	at com.kms.katalon.core.main.TestSuiteExecutor.execute(TestSuiteExecutor.java:106)
	at com.kms.katalon.core.main.TestCaseMain.startTestSuite(TestCaseMain.java:180)
	at TempTestSuite1704126138119.run(TempTestSuite1704126138119.groovy:36)
	at java.base/jdk.internal.reflect.NativeMethodAccessorImpl.invoke0(Native Method)
	at java.base/jdk.internal.reflect.NativeMethodAccessorImpl.invoke(NativeMethodAccessorImpl.java:77)
	at java.base/jdk.internal.reflect.DelegatingMethodAccessorImpl.invoke(DelegatingMethodAccessorImpl.java:43)
Caused by: com.kms.katalon.core.exception.StepFailedException: Web element with id: 'Object Repository/Shared_alert/success_alert' located by 'By.cssSelector: #app > div.content-wrapper > section.content > div' is present after '1' second(s)
	at com.kms.katalon.core.webui.keyword.internal.WebUIKeywordMain.stepFailed(WebUIKeywordMain.groovy:64)
	at com.kms.katalon.core.webui.keyword.internal.WebUIKeywordMain$stepFailed$0.call(Unknown Source)
	at com.kms.katalon.core.webui.keyword.builtin.VerifyElementNotPresentKeyword$_verifyElementNotPresent_closure1.doCall(VerifyElementNotPresentKeyword.groovy:113)
	at com.kms.katalon.core.webui.keyword.builtin.VerifyElementNotPresentKeyword$_verifyElementNotPresent_closure1.doCall(VerifyElementNotPresentKeyword.groovy)
	at java.base/jdk.internal.reflect.NativeMethodAccessorImpl.invoke0(Native Method)
	at java.base/jdk.internal.reflect.NativeMethodAccessorImpl.invoke(NativeMethodAccessorImpl.java:77)
	at java.base/jdk.internal.reflect.DelegatingMethodAccessorImpl.invoke(DelegatingMethodAccessorImpl.java:43)
	at com.kms.katalon.core.webui.keyword.internal.WebUIKeywordMain.runKeyword(WebUIKeywordMain.groovy:20)
	... 21 more
)
[[ATTACHMENT|C:\\Users\\MODERN 15\\git\\G1_Firefly_testing\\Reports\\20240101_232218\\Piggy Bank\\20240101_232218\\1704126346353.png]]

01-01-2024T23:25:46 - [TEST_STEP][PASSED] - catch (Exception err): null

01-01-2024T23:25:46 - [TEST_STEP][PASSED] - verifyElementPresent(findTestObject("Shared_alert/success_alert"), 1): Object 'Object Repository/Shared_alert/success_alert' is present

01-01-2024T23:25:46 - [MESSAGE][PASSED] - Object 'Object Repository/Shared_alert/success_alert' is present

01-01-2024T23:25:46 - [TEST_STEP][PASSED] - out.println("success"): null

01-01-2024T23:25:46 - [TEST_STEP][PASSED] - closeBrowser(): Browser is closed

01-01-2024T23:25:47 - [MESSAGE][PASSED] - Browser is closed]]></system-out>
         <system-err><![CDATA[]]></system-err>
      </testcase>
      <testcase name="Test Cases/Piggy Bank" time="22.324" classname="Test Cases/Piggy Bank" status="PASSED">
         <system-out><![CDATA[01-01-2024T23:25:47 - [TEST_CASE][PASSED] - Test Cases/Piggy Bank: Test Cases/Piggy Bank

01-01-2024T23:25:47 - [TEST_STEP][PASSED] - openBrowser(""): Browser is opened with url: ''

01-01-2024T23:25:47 - [MESSAGE][INFO] - Starting 'Chrome' driver

01-01-2024T23:25:47 - [MESSAGE][INFO] - Action delay is set to 0 milliseconds

01-01-2024T23:25:48 - [MESSAGE][PASSED] - Browser is opened with url: ''

01-01-2024T23:25:48 - [TEST_STEP][PASSED] - navigateToUrl("https://firefly.buudadawg.online/login"): Navigate to 'https://firefly.buudadawg.online/login' successfully

01-01-2024T23:25:51 - [MESSAGE][PASSED] - Navigate to 'https://firefly.buudadawg.online/login' successfully

01-01-2024T23:25:51 - [TEST_STEP][PASSED] - setText(findTestObject("Object Repository/Piggy Bank/Page_Login to Firefly III/input_email"), username): Text 'killermh1352@gmail.com' is set on object 'Object Repository/Piggy Bank/Page_Login to Firefly III/input_email'

01-01-2024T23:25:52 - [MESSAGE][PASSED] - Text 'killermh1352@gmail.com' is set on object 'Object Repository/Piggy Bank/Page_Login to Firefly III/input_email'

01-01-2024T23:25:52 - [TEST_STEP][PASSED] - setText(findTestObject("Object Repository/Piggy Bank/Page_Login to Firefly III/input_password"), password): Text 'tranvinhphuc2002' is set on object 'Object Repository/Piggy Bank/Page_Login to Firefly III/input_password'

01-01-2024T23:25:52 - [MESSAGE][PASSED] - Text 'tranvinhphuc2002' is set on object 'Object Repository/Piggy Bank/Page_Login to Firefly III/input_password'

01-01-2024T23:25:52 - [TEST_STEP][PASSED] - sendKeys(findTestObject("Object Repository/Piggy Bank/Page_Login to Firefly III/input_password"), Keys.chord(ENTER)): Keys 'ENTER + ' sent to object: 'Object Repository/Piggy Bank/Page_Login to Firefly III/input_password'

01-01-2024T23:25:53 - [MESSAGE][PASSED] - Keys 'ENTER + ' sent to object: 'Object Repository/Piggy Bank/Page_Login to Firefly III/input_password'

01-01-2024T23:25:53 - [TEST_STEP][PASSED] - click(findTestObject("Object Repository/Piggy Bank/Page_Whats playing  Firefly III/a_Piggy banks")): Object: 'Object Repository/Piggy Bank/Page_Whats playing  Firefly III/a_Piggy banks' is clicked on

01-01-2024T23:25:56 - [MESSAGE][PASSED] - Object: 'Object Repository/Piggy Bank/Page_Whats playing  Firefly III/a_Piggy banks' is clicked on

01-01-2024T23:25:56 - [TEST_STEP][PASSED] - click(findTestObject("Piggy Bank/Page_Piggy banks  Firefly III/a_Create new piggy bank")): Object: 'Object Repository/Piggy Bank/Page_Piggy banks  Firefly III/a_Create new piggy bank' is clicked on

01-01-2024T23:25:57 - [MESSAGE][PASSED] - Object: 'Object Repository/Piggy Bank/Page_Piggy banks  Firefly III/a_Create new piggy bank' is clicked on

01-01-2024T23:25:57 - [TEST_STEP][PASSED] - setText(findTestObject("Object Repository/Piggy Bank/Page_New piggy bank  Piggy banks  Firefly III/input_name"), name): Text 'Globus Medical, Inc.' is set on object 'Object Repository/Piggy Bank/Page_New piggy bank  Piggy banks  Firefly III/input_name'

01-01-2024T23:25:58 - [MESSAGE][PASSED] - Text 'Globus Medical, Inc.' is set on object 'Object Repository/Piggy Bank/Page_New piggy bank  Piggy banks  Firefly III/input_name'

01-01-2024T23:25:58 - [TEST_STEP][PASSED] - selectOptionByLabel(findTestObject("Object Repository/Piggy Bank/Page_New piggy bank  Piggy banks  Firefly III/select_My Savings AccountMy Asset Account"), save_on_account, true): All options with label 'My Asset Account' are selected in object 'Object Repository/Piggy Bank/Page_New piggy bank  Piggy banks  Firefly III/select_My Savings AccountMy Asset Account'  using regular expression

01-01-2024T23:25:58 - [MESSAGE][PASSED] - All options with label 'My Asset Account' are selected in object 'Object Repository/Piggy Bank/Page_New piggy bank  Piggy banks  Firefly III/select_My Savings AccountMy Asset Account'  using regular expression

01-01-2024T23:25:58 - [TEST_STEP][PASSED] - setText(findTestObject("Object Repository/Piggy Bank/Page_New piggy bank  Piggy banks  Firefly III/input_targetamount"), target_amount): Text '12591' is set on object 'Object Repository/Piggy Bank/Page_New piggy bank  Piggy banks  Firefly III/input_targetamount'

01-01-2024T23:25:59 - [MESSAGE][PASSED] - Text '12591' is set on object 'Object Repository/Piggy Bank/Page_New piggy bank  Piggy banks  Firefly III/input_targetamount'

01-01-2024T23:25:59 - [TEST_STEP][PASSED] - setText(findTestObject("Object Repository/Piggy Bank/Page_New piggy bank  Piggy banks  Firefly III/textarea_notes"), notes): Text 'ipsum primis in faucibus orci luctus et ultrices posuere cubilia curae mauris viverra diam vitae quam suspendisse potenti nullam porttitor lacus at turpis donec posuere metus vitae ipsum aliquam non mauris morbi non lectus aliquam sit amet diam in magna bibendum imperdiet nullam orci pede venenatis non sodales sed tincidunt eu felis fusce posuere felis sed lacus morbi sem mauris laoreet ut rhoncus aliquet pulvinar sed nisl nunc rhoncus dui vel sem sed sagittis nam congue risus semper porta volutpat quam pede lobortis ligula sit amet eleifend pede libero quis orci nullam molestie nibh in lectus pellentesque at nulla suspendisse potenti cras in purus eu magna vulputate luctus cum sociis natoque penatibus et magnis dis parturient montes nascetur ridiculus mus vivamus vestibulum sagittis sapien cum sociis natoque penatibus et magnis dis parturient montes nascetur ridiculus mus etiam vel augue vestibulum rutrum rutrum neque aenean auctor gravida sem praesent id massa id nisl venenatis lacinia aenean sit amet justo morbi ut odio cras mi pede malesuada in imperdiet et commodo vulputate justo in blandit' is set on object 'Object Repository/Piggy Bank/Page_New piggy bank  Piggy banks  Firefly III/textarea_notes'

01-01-2024T23:26:02 - [MESSAGE][PASSED] - Text 'ipsum primis in faucibus orci luctus et ultrices posuere cubilia curae mauris viverra diam vitae quam suspendisse potenti nullam porttitor lacus at turpis donec posuere metus vitae ipsum aliquam non mauris morbi non lectus aliquam sit amet diam in magna bibendum imperdiet nullam orci pede venenatis non sodales sed tincidunt eu felis fusce posuere felis sed lacus morbi sem mauris laoreet ut rhoncus aliquet pulvinar sed nisl nunc rhoncus dui vel sem sed sagittis nam congue risus semper porta volutpat quam pede lobortis ligula sit amet eleifend pede libero quis orci nullam molestie nibh in lectus pellentesque at nulla suspendisse potenti cras in purus eu magna vulputate luctus cum sociis natoque penatibus et magnis dis parturient montes nascetur ridiculus mus vivamus vestibulum sagittis sapien cum sociis natoque penatibus et magnis dis parturient montes nascetur ridiculus mus etiam vel augue vestibulum rutrum rutrum neque aenean auctor gravida sem praesent id massa id nisl venenatis lacinia aenean sit amet justo morbi ut odio cras mi pede malesuada in imperdiet et commodo vulputate justo in blandit' is set on object 'Object Repository/Piggy Bank/Page_New piggy bank  Piggy banks  Firefly III/textarea_notes'

01-01-2024T23:26:02 - [TEST_STEP][PASSED] - setText(findTestObject("Object Repository/Piggy Bank/Page_New piggy bank  Piggy banks  Firefly III/input_object_group"), group): Text '' is set on object 'Object Repository/Piggy Bank/Page_New piggy bank  Piggy banks  Firefly III/input_object_group'

01-01-2024T23:26:03 - [MESSAGE][PASSED] - Text '' is set on object 'Object Repository/Piggy Bank/Page_New piggy bank  Piggy banks  Firefly III/input_object_group'

01-01-2024T23:26:03 - [TEST_STEP][PASSED] - setText(findTestObject("Piggy Bank/Page_New piggy bank  Piggy banks  Firefly III/input_date"), target_date): Text '01/13/2023' is set on object 'Object Repository/Piggy Bank/Page_New piggy bank  Piggy banks  Firefly III/input_date'

01-01-2024T23:26:04 - [MESSAGE][PASSED] - Text '01/13/2023' is set on object 'Object Repository/Piggy Bank/Page_New piggy bank  Piggy banks  Firefly III/input_date'

01-01-2024T23:26:04 - [TEST_STEP][PASSED] - if (attachment): File 'C:\Users\MODERN 15\git\G1_Firefly_testing\Attachments File\MOCK_DATA.csv' sent to object: 'Object Repository/Piggy Bank/Page_New piggy bank  Piggy banks  Firefly III/button_upload'

01-01-2024T23:26:04 - [TEST_STEP][PASSED] - absolutePath = normalize().toString(): null

01-01-2024T23:26:04 - [TEST_STEP][PASSED] - uploadFile(findTestObject("Piggy Bank/Page_New piggy bank  Piggy banks  Firefly III/button_upload"), absolutePath): File 'C:\Users\MODERN 15\git\G1_Firefly_testing\Attachments File\MOCK_DATA.csv' sent to object: 'Object Repository/Piggy Bank/Page_New piggy bank  Piggy banks  Firefly III/button_upload'

01-01-2024T23:26:04 - [MESSAGE][PASSED] - File 'C:\Users\MODERN 15\git\G1_Firefly_testing\Attachments File\MOCK_DATA.csv' sent to object: 'Object Repository/Piggy Bank/Page_New piggy bank  Piggy banks  Firefly III/button_upload'

01-01-2024T23:26:04 - [TEST_STEP][PASSED] - click(findTestObject("Object Repository/Piggy Bank/Page_New piggy bank  Piggy banks  Firefly III/div_Mandatory fields                       _ed7e9e")): Object: 'Object Repository/Piggy Bank/Page_New piggy bank  Piggy banks  Firefly III/div_Mandatory fields                       _ed7e9e' is clicked on

01-01-2024T23:26:04 - [MESSAGE][PASSED] - Object: 'Object Repository/Piggy Bank/Page_New piggy bank  Piggy banks  Firefly III/div_Mandatory fields                       _ed7e9e' is clicked on

01-01-2024T23:26:04 - [TEST_STEP][PASSED] - click(findTestObject("Object Repository/Piggy Bank/Page_New piggy bank  Piggy banks  Firefly III/button_Store new piggy bank")): Object: 'Object Repository/Piggy Bank/Page_New piggy bank  Piggy banks  Firefly III/button_Store new piggy bank' is clicked on

01-01-2024T23:26:07 - [MESSAGE][PASSED] - Object: 'Object Repository/Piggy Bank/Page_New piggy bank  Piggy banks  Firefly III/button_Store new piggy bank' is clicked on

01-01-2024T23:26:07 - [TEST_STEP][FAILED] - try: Unable to verify object 'Object Repository/Shared_alert/success_alert' is not present (Root cause: com.kms.katalon.core.exception.StepFailedException: Unable to verify object 'Object Repository/Shared_alert/success_alert' is not present
	at com.kms.katalon.core.webui.keyword.internal.WebUIKeywordMain.stepFailed(WebUIKeywordMain.groovy:64)
	at com.kms.katalon.core.webui.keyword.internal.WebUIKeywordMain.runKeyword(WebUIKeywordMain.groovy:26)
	at com.kms.katalon.core.webui.keyword.internal.WebUIKeywordMain$runKeyword.call(Unknown Source)
	at com.kms.katalon.core.webui.keyword.builtin.VerifyElementNotPresentKeyword.verifyElementNotPresent(VerifyElementNotPresentKeyword.groovy:122)
	at com.kms.katalon.core.webui.keyword.builtin.VerifyElementNotPresentKeyword.execute(VerifyElementNotPresentKeyword.groovy:68)
	at com.kms.katalon.core.keyword.internal.KeywordExecutor.executeKeywordForPlatform(KeywordExecutor.groovy:74)
	at com.kms.katalon.core.webui.keyword.WebUiBuiltInKeywords.verifyElementNotPresent(WebUiBuiltInKeywords.groovy:1536)
	at Piggy Bank.run(Piggy Bank:64)
	at com.kms.katalon.core.main.ScriptEngine.run(ScriptEngine.java:194)
	at com.kms.katalon.core.main.ScriptEngine.runScriptAsRawText(ScriptEngine.java:119)
	at com.kms.katalon.core.main.TestCaseExecutor.runScript(TestCaseExecutor.java:448)
	at com.kms.katalon.core.main.TestCaseExecutor.doExecute(TestCaseExecutor.java:439)
	at com.kms.katalon.core.main.TestCaseExecutor.processExecutionPhase(TestCaseExecutor.java:418)
	at com.kms.katalon.core.main.TestCaseExecutor.accessMainPhase(TestCaseExecutor.java:410)
	at com.kms.katalon.core.main.TestCaseExecutor.execute(TestCaseExecutor.java:285)
	at com.kms.katalon.core.common.CommonExecutor.accessTestCaseMainPhase(CommonExecutor.java:65)
	at com.kms.katalon.core.main.TestSuiteExecutor.accessTestSuiteMainPhase(TestSuiteExecutor.java:148)
	at com.kms.katalon.core.main.TestSuiteExecutor.execute(TestSuiteExecutor.java:106)
	at com.kms.katalon.core.main.TestCaseMain.startTestSuite(TestCaseMain.java:180)
	at TempTestSuite1704126138119.run(TempTestSuite1704126138119.groovy:36)
	at java.base/jdk.internal.reflect.NativeMethodAccessorImpl.invoke0(Native Method)
	at java.base/jdk.internal.reflect.NativeMethodAccessorImpl.invoke(NativeMethodAccessorImpl.java:77)
	at java.base/jdk.internal.reflect.DelegatingMethodAccessorImpl.invoke(DelegatingMethodAccessorImpl.java:43)
Caused by: com.kms.katalon.core.exception.StepFailedException: Web element with id: 'Object Repository/Shared_alert/success_alert' located by 'By.cssSelector: #app > div.content-wrapper > section.content > div' is present after '1' second(s)
	at com.kms.katalon.core.webui.keyword.internal.WebUIKeywordMain.stepFailed(WebUIKeywordMain.groovy:64)
	at com.kms.katalon.core.webui.keyword.internal.WebUIKeywordMain$stepFailed$0.call(Unknown Source)
	at com.kms.katalon.core.webui.keyword.builtin.VerifyElementNotPresentKeyword$_verifyElementNotPresent_closure1.doCall(VerifyElementNotPresentKeyword.groovy:113)
	at com.kms.katalon.core.webui.keyword.builtin.VerifyElementNotPresentKeyword$_verifyElementNotPresent_closure1.doCall(VerifyElementNotPresentKeyword.groovy)
	at java.base/jdk.internal.reflect.NativeMethodAccessorImpl.invoke0(Native Method)
	at java.base/jdk.internal.reflect.NativeMethodAccessorImpl.invoke(NativeMethodAccessorImpl.java:77)
	at java.base/jdk.internal.reflect.DelegatingMethodAccessorImpl.invoke(DelegatingMethodAccessorImpl.java:43)
	at com.kms.katalon.core.webui.keyword.internal.WebUIKeywordMain.runKeyword(WebUIKeywordMain.groovy:20)
	... 21 more
)

01-01-2024T23:26:07 - [TEST_STEP][PASSED] - verifyElementPresent(findTestObject("Shared_alert/text_dangers"), 1): Object 'Object Repository/Shared_alert/text_dangers' is present

01-01-2024T23:26:07 - [MESSAGE][PASSED] - Object 'Object Repository/Shared_alert/text_dangers' is present

01-01-2024T23:26:07 - [TEST_STEP][FAILED] - verifyElementNotPresent(findTestObject("Shared_alert/success_alert"), 1): Unable to verify object 'Object Repository/Shared_alert/success_alert' is not present (Root cause: com.kms.katalon.core.exception.StepFailedException: Unable to verify object 'Object Repository/Shared_alert/success_alert' is not present
	at com.kms.katalon.core.webui.keyword.internal.WebUIKeywordMain.stepFailed(WebUIKeywordMain.groovy:64)
	at com.kms.katalon.core.webui.keyword.internal.WebUIKeywordMain.runKeyword(WebUIKeywordMain.groovy:26)
	at com.kms.katalon.core.webui.keyword.internal.WebUIKeywordMain$runKeyword.call(Unknown Source)
	at com.kms.katalon.core.webui.keyword.builtin.VerifyElementNotPresentKeyword.verifyElementNotPresent(VerifyElementNotPresentKeyword.groovy:122)
	at com.kms.katalon.core.webui.keyword.builtin.VerifyElementNotPresentKeyword.execute(VerifyElementNotPresentKeyword.groovy:68)
	at com.kms.katalon.core.keyword.internal.KeywordExecutor.executeKeywordForPlatform(KeywordExecutor.groovy:74)
	at com.kms.katalon.core.webui.keyword.WebUiBuiltInKeywords.verifyElementNotPresent(WebUiBuiltInKeywords.groovy:1536)
	at Piggy Bank.run(Piggy Bank:64)
	at com.kms.katalon.core.main.ScriptEngine.run(ScriptEngine.java:194)
	at com.kms.katalon.core.main.ScriptEngine.runScriptAsRawText(ScriptEngine.java:119)
	at com.kms.katalon.core.main.TestCaseExecutor.runScript(TestCaseExecutor.java:448)
	at com.kms.katalon.core.main.TestCaseExecutor.doExecute(TestCaseExecutor.java:439)
	at com.kms.katalon.core.main.TestCaseExecutor.processExecutionPhase(TestCaseExecutor.java:418)
	at com.kms.katalon.core.main.TestCaseExecutor.accessMainPhase(TestCaseExecutor.java:410)
	at com.kms.katalon.core.main.TestCaseExecutor.execute(TestCaseExecutor.java:285)
	at com.kms.katalon.core.common.CommonExecutor.accessTestCaseMainPhase(CommonExecutor.java:65)
	at com.kms.katalon.core.main.TestSuiteExecutor.accessTestSuiteMainPhase(TestSuiteExecutor.java:148)
	at com.kms.katalon.core.main.TestSuiteExecutor.execute(TestSuiteExecutor.java:106)
	at com.kms.katalon.core.main.TestCaseMain.startTestSuite(TestCaseMain.java:180)
	at TempTestSuite1704126138119.run(TempTestSuite1704126138119.groovy:36)
	at java.base/jdk.internal.reflect.NativeMethodAccessorImpl.invoke0(Native Method)
	at java.base/jdk.internal.reflect.NativeMethodAccessorImpl.invoke(NativeMethodAccessorImpl.java:77)
	at java.base/jdk.internal.reflect.DelegatingMethodAccessorImpl.invoke(DelegatingMethodAccessorImpl.java:43)
Caused by: com.kms.katalon.core.exception.StepFailedException: Web element with id: 'Object Repository/Shared_alert/success_alert' located by 'By.cssSelector: #app > div.content-wrapper > section.content > div' is present after '1' second(s)
	at com.kms.katalon.core.webui.keyword.internal.WebUIKeywordMain.stepFailed(WebUIKeywordMain.groovy:64)
	at com.kms.katalon.core.webui.keyword.internal.WebUIKeywordMain$stepFailed$0.call(Unknown Source)
	at com.kms.katalon.core.webui.keyword.builtin.VerifyElementNotPresentKeyword$_verifyElementNotPresent_closure1.doCall(VerifyElementNotPresentKeyword.groovy:113)
	at com.kms.katalon.core.webui.keyword.builtin.VerifyElementNotPresentKeyword$_verifyElementNotPresent_closure1.doCall(VerifyElementNotPresentKeyword.groovy)
	at java.base/jdk.internal.reflect.NativeMethodAccessorImpl.invoke0(Native Method)
	at java.base/jdk.internal.reflect.NativeMethodAccessorImpl.invoke(NativeMethodAccessorImpl.java:77)
	at java.base/jdk.internal.reflect.DelegatingMethodAccessorImpl.invoke(DelegatingMethodAccessorImpl.java:43)
	at com.kms.katalon.core.webui.keyword.internal.WebUIKeywordMain.runKeyword(WebUIKeywordMain.groovy:20)
	... 21 more
)

01-01-2024T23:26:08 - [MESSAGE][FAILED] - Web element with id: 'Object Repository/Shared_alert/success_alert' located by 'By.cssSelector: #app > div.content-wrapper > section.content > div' is present after '1' second(s) (Root cause: com.kms.katalon.core.exception.StepFailedException: Web element with id: 'Object Repository/Shared_alert/success_alert' located by 'By.cssSelector: #app > div.content-wrapper > section.content > div' is present after '1' second(s)
	at com.kms.katalon.core.webui.keyword.internal.WebUIKeywordMain.stepFailed(WebUIKeywordMain.groovy:64)
	at com.kms.katalon.core.webui.keyword.internal.WebUIKeywordMain$stepFailed$0.call(Unknown Source)
	at com.kms.katalon.core.webui.keyword.builtin.VerifyElementNotPresentKeyword$_verifyElementNotPresent_closure1.doCall(VerifyElementNotPresentKeyword.groovy:113)
	at com.kms.katalon.core.webui.keyword.builtin.VerifyElementNotPresentKeyword$_verifyElementNotPresent_closure1.doCall(VerifyElementNotPresentKeyword.groovy)
	at java.base/jdk.internal.reflect.NativeMethodAccessorImpl.invoke0(Native Method)
	at java.base/jdk.internal.reflect.NativeMethodAccessorImpl.invoke(NativeMethodAccessorImpl.java:77)
	at java.base/jdk.internal.reflect.DelegatingMethodAccessorImpl.invoke(DelegatingMethodAccessorImpl.java:43)
	at com.kms.katalon.core.webui.keyword.internal.WebUIKeywordMain.runKeyword(WebUIKeywordMain.groovy:20)
	at com.kms.katalon.core.webui.keyword.internal.WebUIKeywordMain$runKeyword.call(Unknown Source)
	at com.kms.katalon.core.webui.keyword.builtin.VerifyElementNotPresentKeyword.verifyElementNotPresent(VerifyElementNotPresentKeyword.groovy:122)
	at com.kms.katalon.core.webui.keyword.builtin.VerifyElementNotPresentKeyword.execute(VerifyElementNotPresentKeyword.groovy:68)
	at com.kms.katalon.core.keyword.internal.KeywordExecutor.executeKeywordForPlatform(KeywordExecutor.groovy:74)
	at com.kms.katalon.core.webui.keyword.WebUiBuiltInKeywords.verifyElementNotPresent(WebUiBuiltInKeywords.groovy:1536)
	at Piggy Bank.run(Piggy Bank:64)
	at com.kms.katalon.core.main.ScriptEngine.run(ScriptEngine.java:194)
	at com.kms.katalon.core.main.ScriptEngine.runScriptAsRawText(ScriptEngine.java:119)
	at com.kms.katalon.core.main.TestCaseExecutor.runScript(TestCaseExecutor.java:448)
	at com.kms.katalon.core.main.TestCaseExecutor.doExecute(TestCaseExecutor.java:439)
	at com.kms.katalon.core.main.TestCaseExecutor.processExecutionPhase(TestCaseExecutor.java:418)
	at com.kms.katalon.core.main.TestCaseExecutor.accessMainPhase(TestCaseExecutor.java:410)
	at com.kms.katalon.core.main.TestCaseExecutor.execute(TestCaseExecutor.java:285)
	at com.kms.katalon.core.common.CommonExecutor.accessTestCaseMainPhase(CommonExecutor.java:65)
	at com.kms.katalon.core.main.TestSuiteExecutor.accessTestSuiteMainPhase(TestSuiteExecutor.java:148)
	at com.kms.katalon.core.main.TestSuiteExecutor.execute(TestSuiteExecutor.java:106)
	at com.kms.katalon.core.main.TestCaseMain.startTestSuite(TestCaseMain.java:180)
	at TempTestSuite1704126138119.run(TempTestSuite1704126138119.groovy:36)
	at java.base/jdk.internal.reflect.NativeMethodAccessorImpl.invoke0(Native Method)
	at java.base/jdk.internal.reflect.NativeMethodAccessorImpl.invoke(NativeMethodAccessorImpl.java:77)
	at java.base/jdk.internal.reflect.DelegatingMethodAccessorImpl.invoke(DelegatingMethodAccessorImpl.java:43)
)
[[ATTACHMENT|C:\\Users\\MODERN 15\\git\\G1_Firefly_testing\\Reports\\20240101_232218\\Piggy Bank\\20240101_232218\\1704126368649.png]]

01-01-2024T23:26:08 - [MESSAGE][FAILED] - Unable to verify object 'Object Repository/Shared_alert/success_alert' is not present (Root cause: com.kms.katalon.core.exception.StepFailedException: Unable to verify object 'Object Repository/Shared_alert/success_alert' is not present
	at com.kms.katalon.core.webui.keyword.internal.WebUIKeywordMain.stepFailed(WebUIKeywordMain.groovy:64)
	at com.kms.katalon.core.webui.keyword.internal.WebUIKeywordMain.runKeyword(WebUIKeywordMain.groovy:26)
	at com.kms.katalon.core.webui.keyword.internal.WebUIKeywordMain$runKeyword.call(Unknown Source)
	at com.kms.katalon.core.webui.keyword.builtin.VerifyElementNotPresentKeyword.verifyElementNotPresent(VerifyElementNotPresentKeyword.groovy:122)
	at com.kms.katalon.core.webui.keyword.builtin.VerifyElementNotPresentKeyword.execute(VerifyElementNotPresentKeyword.groovy:68)
	at com.kms.katalon.core.keyword.internal.KeywordExecutor.executeKeywordForPlatform(KeywordExecutor.groovy:74)
	at com.kms.katalon.core.webui.keyword.WebUiBuiltInKeywords.verifyElementNotPresent(WebUiBuiltInKeywords.groovy:1536)
	at Piggy Bank.run(Piggy Bank:64)
	at com.kms.katalon.core.main.ScriptEngine.run(ScriptEngine.java:194)
	at com.kms.katalon.core.main.ScriptEngine.runScriptAsRawText(ScriptEngine.java:119)
	at com.kms.katalon.core.main.TestCaseExecutor.runScript(TestCaseExecutor.java:448)
	at com.kms.katalon.core.main.TestCaseExecutor.doExecute(TestCaseExecutor.java:439)
	at com.kms.katalon.core.main.TestCaseExecutor.processExecutionPhase(TestCaseExecutor.java:418)
	at com.kms.katalon.core.main.TestCaseExecutor.accessMainPhase(TestCaseExecutor.java:410)
	at com.kms.katalon.core.main.TestCaseExecutor.execute(TestCaseExecutor.java:285)
	at com.kms.katalon.core.common.CommonExecutor.accessTestCaseMainPhase(CommonExecutor.java:65)
	at com.kms.katalon.core.main.TestSuiteExecutor.accessTestSuiteMainPhase(TestSuiteExecutor.java:148)
	at com.kms.katalon.core.main.TestSuiteExecutor.execute(TestSuiteExecutor.java:106)
	at com.kms.katalon.core.main.TestCaseMain.startTestSuite(TestCaseMain.java:180)
	at TempTestSuite1704126138119.run(TempTestSuite1704126138119.groovy:36)
	at java.base/jdk.internal.reflect.NativeMethodAccessorImpl.invoke0(Native Method)
	at java.base/jdk.internal.reflect.NativeMethodAccessorImpl.invoke(NativeMethodAccessorImpl.java:77)
	at java.base/jdk.internal.reflect.DelegatingMethodAccessorImpl.invoke(DelegatingMethodAccessorImpl.java:43)
Caused by: com.kms.katalon.core.exception.StepFailedException: Web element with id: 'Object Repository/Shared_alert/success_alert' located by 'By.cssSelector: #app > div.content-wrapper > section.content > div' is present after '1' second(s)
	at com.kms.katalon.core.webui.keyword.internal.WebUIKeywordMain.stepFailed(WebUIKeywordMain.groovy:64)
	at com.kms.katalon.core.webui.keyword.internal.WebUIKeywordMain$stepFailed$0.call(Unknown Source)
	at com.kms.katalon.core.webui.keyword.builtin.VerifyElementNotPresentKeyword$_verifyElementNotPresent_closure1.doCall(VerifyElementNotPresentKeyword.groovy:113)
	at com.kms.katalon.core.webui.keyword.builtin.VerifyElementNotPresentKeyword$_verifyElementNotPresent_closure1.doCall(VerifyElementNotPresentKeyword.groovy)
	at java.base/jdk.internal.reflect.NativeMethodAccessorImpl.invoke0(Native Method)
	at java.base/jdk.internal.reflect.NativeMethodAccessorImpl.invoke(NativeMethodAccessorImpl.java:77)
	at java.base/jdk.internal.reflect.DelegatingMethodAccessorImpl.invoke(DelegatingMethodAccessorImpl.java:43)
	at com.kms.katalon.core.webui.keyword.internal.WebUIKeywordMain.runKeyword(WebUIKeywordMain.groovy:20)
	... 21 more
)
[[ATTACHMENT|C:\\Users\\MODERN 15\\git\\G1_Firefly_testing\\Reports\\20240101_232218\\Piggy Bank\\20240101_232218\\1704126368783.png]]

01-01-2024T23:26:08 - [TEST_STEP][PASSED] - catch (Exception err): null

01-01-2024T23:26:08 - [TEST_STEP][PASSED] - verifyElementPresent(findTestObject("Shared_alert/success_alert"), 1): Object 'Object Repository/Shared_alert/success_alert' is present

01-01-2024T23:26:09 - [MESSAGE][PASSED] - Object 'Object Repository/Shared_alert/success_alert' is present

01-01-2024T23:26:09 - [TEST_STEP][PASSED] - out.println("success"): null

01-01-2024T23:26:09 - [TEST_STEP][PASSED] - closeBrowser(): Browser is closed

01-01-2024T23:26:09 - [MESSAGE][PASSED] - Browser is closed]]></system-out>
         <system-err><![CDATA[]]></system-err>
      </testcase>
      <testcase name="Test Cases/Piggy Bank" time="19.092" classname="Test Cases/Piggy Bank" status="PASSED">
         <system-out><![CDATA[01-01-2024T23:26:09 - [TEST_CASE][PASSED] - Test Cases/Piggy Bank: Test Cases/Piggy Bank

01-01-2024T23:26:09 - [TEST_STEP][PASSED] - openBrowser(""): Browser is opened with url: ''

01-01-2024T23:26:09 - [MESSAGE][INFO] - Starting 'Chrome' driver

01-01-2024T23:26:09 - [MESSAGE][INFO] - Action delay is set to 0 milliseconds

01-01-2024T23:26:10 - [MESSAGE][PASSED] - Browser is opened with url: ''

01-01-2024T23:26:10 - [TEST_STEP][PASSED] - navigateToUrl("https://firefly.buudadawg.online/login"): Navigate to 'https://firefly.buudadawg.online/login' successfully

01-01-2024T23:26:13 - [MESSAGE][PASSED] - Navigate to 'https://firefly.buudadawg.online/login' successfully

01-01-2024T23:26:13 - [TEST_STEP][PASSED] - setText(findTestObject("Object Repository/Piggy Bank/Page_Login to Firefly III/input_email"), username): Text 'killermh1352@gmail.com' is set on object 'Object Repository/Piggy Bank/Page_Login to Firefly III/input_email'

01-01-2024T23:26:14 - [MESSAGE][PASSED] - Text 'killermh1352@gmail.com' is set on object 'Object Repository/Piggy Bank/Page_Login to Firefly III/input_email'

01-01-2024T23:26:14 - [TEST_STEP][PASSED] - setText(findTestObject("Object Repository/Piggy Bank/Page_Login to Firefly III/input_password"), password): Text 'tranvinhphuc2002' is set on object 'Object Repository/Piggy Bank/Page_Login to Firefly III/input_password'

01-01-2024T23:26:14 - [MESSAGE][PASSED] - Text 'tranvinhphuc2002' is set on object 'Object Repository/Piggy Bank/Page_Login to Firefly III/input_password'

01-01-2024T23:26:14 - [TEST_STEP][PASSED] - sendKeys(findTestObject("Object Repository/Piggy Bank/Page_Login to Firefly III/input_password"), Keys.chord(ENTER)): Keys 'ENTER + ' sent to object: 'Object Repository/Piggy Bank/Page_Login to Firefly III/input_password'

01-01-2024T23:26:15 - [MESSAGE][PASSED] - Keys 'ENTER + ' sent to object: 'Object Repository/Piggy Bank/Page_Login to Firefly III/input_password'

01-01-2024T23:26:15 - [TEST_STEP][PASSED] - click(findTestObject("Object Repository/Piggy Bank/Page_Whats playing  Firefly III/a_Piggy banks")): Object: 'Object Repository/Piggy Bank/Page_Whats playing  Firefly III/a_Piggy banks' is clicked on

01-01-2024T23:26:18 - [MESSAGE][PASSED] - Object: 'Object Repository/Piggy Bank/Page_Whats playing  Firefly III/a_Piggy banks' is clicked on

01-01-2024T23:26:18 - [TEST_STEP][PASSED] - click(findTestObject("Piggy Bank/Page_Piggy banks  Firefly III/a_Create new piggy bank")): Object: 'Object Repository/Piggy Bank/Page_Piggy banks  Firefly III/a_Create new piggy bank' is clicked on

01-01-2024T23:26:19 - [MESSAGE][PASSED] - Object: 'Object Repository/Piggy Bank/Page_Piggy banks  Firefly III/a_Create new piggy bank' is clicked on

01-01-2024T23:26:19 - [TEST_STEP][PASSED] - setText(findTestObject("Object Repository/Piggy Bank/Page_New piggy bank  Piggy banks  Firefly III/input_name"), name): Text 'VelocityShares 3x Long Silver ETN' is set on object 'Object Repository/Piggy Bank/Page_New piggy bank  Piggy banks  Firefly III/input_name'

01-01-2024T23:26:19 - [MESSAGE][PASSED] - Text 'VelocityShares 3x Long Silver ETN' is set on object 'Object Repository/Piggy Bank/Page_New piggy bank  Piggy banks  Firefly III/input_name'

01-01-2024T23:26:19 - [TEST_STEP][PASSED] - selectOptionByLabel(findTestObject("Object Repository/Piggy Bank/Page_New piggy bank  Piggy banks  Firefly III/select_My Savings AccountMy Asset Account"), save_on_account, true): All options with label 'My Asset Account' are selected in object 'Object Repository/Piggy Bank/Page_New piggy bank  Piggy banks  Firefly III/select_My Savings AccountMy Asset Account'  using regular expression

01-01-2024T23:26:20 - [MESSAGE][PASSED] - All options with label 'My Asset Account' are selected in object 'Object Repository/Piggy Bank/Page_New piggy bank  Piggy banks  Firefly III/select_My Savings AccountMy Asset Account'  using regular expression

01-01-2024T23:26:20 - [TEST_STEP][PASSED] - setText(findTestObject("Object Repository/Piggy Bank/Page_New piggy bank  Piggy banks  Firefly III/input_targetamount"), target_amount): Text '60120' is set on object 'Object Repository/Piggy Bank/Page_New piggy bank  Piggy banks  Firefly III/input_targetamount'

01-01-2024T23:26:21 - [MESSAGE][PASSED] - Text '60120' is set on object 'Object Repository/Piggy Bank/Page_New piggy bank  Piggy banks  Firefly III/input_targetamount'

01-01-2024T23:26:21 - [TEST_STEP][PASSED] - setText(findTestObject("Object Repository/Piggy Bank/Page_New piggy bank  Piggy banks  Firefly III/textarea_notes"), notes): Text '' is set on object 'Object Repository/Piggy Bank/Page_New piggy bank  Piggy banks  Firefly III/textarea_notes'

01-01-2024T23:26:21 - [MESSAGE][PASSED] - Text '' is set on object 'Object Repository/Piggy Bank/Page_New piggy bank  Piggy banks  Firefly III/textarea_notes'

01-01-2024T23:26:21 - [TEST_STEP][PASSED] - setText(findTestObject("Object Repository/Piggy Bank/Page_New piggy bank  Piggy banks  Firefly III/input_object_group"), group): Text 'sollicitudin mi sit amet lobortis sapien sapien non mi integer' is set on object 'Object Repository/Piggy Bank/Page_New piggy bank  Piggy banks  Firefly III/input_object_group'

01-01-2024T23:26:22 - [MESSAGE][PASSED] - Text 'sollicitudin mi sit amet lobortis sapien sapien non mi integer' is set on object 'Object Repository/Piggy Bank/Page_New piggy bank  Piggy banks  Firefly III/input_object_group'

01-01-2024T23:26:22 - [TEST_STEP][PASSED] - setText(findTestObject("Piggy Bank/Page_New piggy bank  Piggy banks  Firefly III/input_date"), target_date): Text '08/03/2023' is set on object 'Object Repository/Piggy Bank/Page_New piggy bank  Piggy banks  Firefly III/input_date'

01-01-2024T23:26:23 - [MESSAGE][PASSED] - Text '08/03/2023' is set on object 'Object Repository/Piggy Bank/Page_New piggy bank  Piggy banks  Firefly III/input_date'

01-01-2024T23:26:23 - [TEST_STEP][PASSED] - if (attachment): null

01-01-2024T23:26:23 - [TEST_STEP][PASSED] - click(findTestObject("Object Repository/Piggy Bank/Page_New piggy bank  Piggy banks  Firefly III/div_Mandatory fields                       _ed7e9e")): Object: 'Object Repository/Piggy Bank/Page_New piggy bank  Piggy banks  Firefly III/div_Mandatory fields                       _ed7e9e' is clicked on

01-01-2024T23:26:24 - [MESSAGE][PASSED] - Object: 'Object Repository/Piggy Bank/Page_New piggy bank  Piggy banks  Firefly III/div_Mandatory fields                       _ed7e9e' is clicked on

01-01-2024T23:26:24 - [TEST_STEP][PASSED] - click(findTestObject("Object Repository/Piggy Bank/Page_New piggy bank  Piggy banks  Firefly III/button_Store new piggy bank")): Object: 'Object Repository/Piggy Bank/Page_New piggy bank  Piggy banks  Firefly III/button_Store new piggy bank' is clicked on

01-01-2024T23:26:26 - [MESSAGE][PASSED] - Object: 'Object Repository/Piggy Bank/Page_New piggy bank  Piggy banks  Firefly III/button_Store new piggy bank' is clicked on

01-01-2024T23:26:26 - [TEST_STEP][FAILED] - try: Unable to verify object 'Object Repository/Shared_alert/success_alert' is not present (Root cause: com.kms.katalon.core.exception.StepFailedException: Unable to verify object 'Object Repository/Shared_alert/success_alert' is not present
	at com.kms.katalon.core.webui.keyword.internal.WebUIKeywordMain.stepFailed(WebUIKeywordMain.groovy:64)
	at com.kms.katalon.core.webui.keyword.internal.WebUIKeywordMain.runKeyword(WebUIKeywordMain.groovy:26)
	at com.kms.katalon.core.webui.keyword.internal.WebUIKeywordMain$runKeyword.call(Unknown Source)
	at com.kms.katalon.core.webui.keyword.builtin.VerifyElementNotPresentKeyword.verifyElementNotPresent(VerifyElementNotPresentKeyword.groovy:122)
	at com.kms.katalon.core.webui.keyword.builtin.VerifyElementNotPresentKeyword.execute(VerifyElementNotPresentKeyword.groovy:68)
	at com.kms.katalon.core.keyword.internal.KeywordExecutor.executeKeywordForPlatform(KeywordExecutor.groovy:74)
	at com.kms.katalon.core.webui.keyword.WebUiBuiltInKeywords.verifyElementNotPresent(WebUiBuiltInKeywords.groovy:1536)
	at Piggy Bank.run(Piggy Bank:64)
	at com.kms.katalon.core.main.ScriptEngine.run(ScriptEngine.java:194)
	at com.kms.katalon.core.main.ScriptEngine.runScriptAsRawText(ScriptEngine.java:119)
	at com.kms.katalon.core.main.TestCaseExecutor.runScript(TestCaseExecutor.java:448)
	at com.kms.katalon.core.main.TestCaseExecutor.doExecute(TestCaseExecutor.java:439)
	at com.kms.katalon.core.main.TestCaseExecutor.processExecutionPhase(TestCaseExecutor.java:418)
	at com.kms.katalon.core.main.TestCaseExecutor.accessMainPhase(TestCaseExecutor.java:410)
	at com.kms.katalon.core.main.TestCaseExecutor.execute(TestCaseExecutor.java:285)
	at com.kms.katalon.core.common.CommonExecutor.accessTestCaseMainPhase(CommonExecutor.java:65)
	at com.kms.katalon.core.main.TestSuiteExecutor.accessTestSuiteMainPhase(TestSuiteExecutor.java:148)
	at com.kms.katalon.core.main.TestSuiteExecutor.execute(TestSuiteExecutor.java:106)
	at com.kms.katalon.core.main.TestCaseMain.startTestSuite(TestCaseMain.java:180)
	at TempTestSuite1704126138119.run(TempTestSuite1704126138119.groovy:36)
	at java.base/jdk.internal.reflect.NativeMethodAccessorImpl.invoke0(Native Method)
	at java.base/jdk.internal.reflect.NativeMethodAccessorImpl.invoke(NativeMethodAccessorImpl.java:77)
	at java.base/jdk.internal.reflect.DelegatingMethodAccessorImpl.invoke(DelegatingMethodAccessorImpl.java:43)
Caused by: com.kms.katalon.core.exception.StepFailedException: Web element with id: 'Object Repository/Shared_alert/success_alert' located by 'By.cssSelector: #app > div.content-wrapper > section.content > div' is present after '1' second(s)
	at com.kms.katalon.core.webui.keyword.internal.WebUIKeywordMain.stepFailed(WebUIKeywordMain.groovy:64)
	at com.kms.katalon.core.webui.keyword.internal.WebUIKeywordMain$stepFailed$0.call(Unknown Source)
	at com.kms.katalon.core.webui.keyword.builtin.VerifyElementNotPresentKeyword$_verifyElementNotPresent_closure1.doCall(VerifyElementNotPresentKeyword.groovy:113)
	at com.kms.katalon.core.webui.keyword.builtin.VerifyElementNotPresentKeyword$_verifyElementNotPresent_closure1.doCall(VerifyElementNotPresentKeyword.groovy)
	at java.base/jdk.internal.reflect.NativeMethodAccessorImpl.invoke0(Native Method)
	at java.base/jdk.internal.reflect.NativeMethodAccessorImpl.invoke(NativeMethodAccessorImpl.java:77)
	at java.base/jdk.internal.reflect.DelegatingMethodAccessorImpl.invoke(DelegatingMethodAccessorImpl.java:43)
	at com.kms.katalon.core.webui.keyword.internal.WebUIKeywordMain.runKeyword(WebUIKeywordMain.groovy:20)
	... 21 more
)

01-01-2024T23:26:26 - [TEST_STEP][PASSED] - verifyElementPresent(findTestObject("Shared_alert/text_dangers"), 1): Object 'Object Repository/Shared_alert/text_dangers' is present

01-01-2024T23:26:26 - [MESSAGE][PASSED] - Object 'Object Repository/Shared_alert/text_dangers' is present

01-01-2024T23:26:26 - [TEST_STEP][FAILED] - verifyElementNotPresent(findTestObject("Shared_alert/success_alert"), 1): Unable to verify object 'Object Repository/Shared_alert/success_alert' is not present (Root cause: com.kms.katalon.core.exception.StepFailedException: Unable to verify object 'Object Repository/Shared_alert/success_alert' is not present
	at com.kms.katalon.core.webui.keyword.internal.WebUIKeywordMain.stepFailed(WebUIKeywordMain.groovy:64)
	at com.kms.katalon.core.webui.keyword.internal.WebUIKeywordMain.runKeyword(WebUIKeywordMain.groovy:26)
	at com.kms.katalon.core.webui.keyword.internal.WebUIKeywordMain$runKeyword.call(Unknown Source)
	at com.kms.katalon.core.webui.keyword.builtin.VerifyElementNotPresentKeyword.verifyElementNotPresent(VerifyElementNotPresentKeyword.groovy:122)
	at com.kms.katalon.core.webui.keyword.builtin.VerifyElementNotPresentKeyword.execute(VerifyElementNotPresentKeyword.groovy:68)
	at com.kms.katalon.core.keyword.internal.KeywordExecutor.executeKeywordForPlatform(KeywordExecutor.groovy:74)
	at com.kms.katalon.core.webui.keyword.WebUiBuiltInKeywords.verifyElementNotPresent(WebUiBuiltInKeywords.groovy:1536)
	at Piggy Bank.run(Piggy Bank:64)
	at com.kms.katalon.core.main.ScriptEngine.run(ScriptEngine.java:194)
	at com.kms.katalon.core.main.ScriptEngine.runScriptAsRawText(ScriptEngine.java:119)
	at com.kms.katalon.core.main.TestCaseExecutor.runScript(TestCaseExecutor.java:448)
	at com.kms.katalon.core.main.TestCaseExecutor.doExecute(TestCaseExecutor.java:439)
	at com.kms.katalon.core.main.TestCaseExecutor.processExecutionPhase(TestCaseExecutor.java:418)
	at com.kms.katalon.core.main.TestCaseExecutor.accessMainPhase(TestCaseExecutor.java:410)
	at com.kms.katalon.core.main.TestCaseExecutor.execute(TestCaseExecutor.java:285)
	at com.kms.katalon.core.common.CommonExecutor.accessTestCaseMainPhase(CommonExecutor.java:65)
	at com.kms.katalon.core.main.TestSuiteExecutor.accessTestSuiteMainPhase(TestSuiteExecutor.java:148)
	at com.kms.katalon.core.main.TestSuiteExecutor.execute(TestSuiteExecutor.java:106)
	at com.kms.katalon.core.main.TestCaseMain.startTestSuite(TestCaseMain.java:180)
	at TempTestSuite1704126138119.run(TempTestSuite1704126138119.groovy:36)
	at java.base/jdk.internal.reflect.NativeMethodAccessorImpl.invoke0(Native Method)
	at java.base/jdk.internal.reflect.NativeMethodAccessorImpl.invoke(NativeMethodAccessorImpl.java:77)
	at java.base/jdk.internal.reflect.DelegatingMethodAccessorImpl.invoke(DelegatingMethodAccessorImpl.java:43)
Caused by: com.kms.katalon.core.exception.StepFailedException: Web element with id: 'Object Repository/Shared_alert/success_alert' located by 'By.cssSelector: #app > div.content-wrapper > section.content > div' is present after '1' second(s)
	at com.kms.katalon.core.webui.keyword.internal.WebUIKeywordMain.stepFailed(WebUIKeywordMain.groovy:64)
	at com.kms.katalon.core.webui.keyword.internal.WebUIKeywordMain$stepFailed$0.call(Unknown Source)
	at com.kms.katalon.core.webui.keyword.builtin.VerifyElementNotPresentKeyword$_verifyElementNotPresent_closure1.doCall(VerifyElementNotPresentKeyword.groovy:113)
	at com.kms.katalon.core.webui.keyword.builtin.VerifyElementNotPresentKeyword$_verifyElementNotPresent_closure1.doCall(VerifyElementNotPresentKeyword.groovy)
	at java.base/jdk.internal.reflect.NativeMethodAccessorImpl.invoke0(Native Method)
	at java.base/jdk.internal.reflect.NativeMethodAccessorImpl.invoke(NativeMethodAccessorImpl.java:77)
	at java.base/jdk.internal.reflect.DelegatingMethodAccessorImpl.invoke(DelegatingMethodAccessorImpl.java:43)
	at com.kms.katalon.core.webui.keyword.internal.WebUIKeywordMain.runKeyword(WebUIKeywordMain.groovy:20)
	... 21 more
)

01-01-2024T23:26:28 - [MESSAGE][FAILED] - Web element with id: 'Object Repository/Shared_alert/success_alert' located by 'By.cssSelector: #app > div.content-wrapper > section.content > div' is present after '1' second(s) (Root cause: com.kms.katalon.core.exception.StepFailedException: Web element with id: 'Object Repository/Shared_alert/success_alert' located by 'By.cssSelector: #app > div.content-wrapper > section.content > div' is present after '1' second(s)
	at com.kms.katalon.core.webui.keyword.internal.WebUIKeywordMain.stepFailed(WebUIKeywordMain.groovy:64)
	at com.kms.katalon.core.webui.keyword.internal.WebUIKeywordMain$stepFailed$0.call(Unknown Source)
	at com.kms.katalon.core.webui.keyword.builtin.VerifyElementNotPresentKeyword$_verifyElementNotPresent_closure1.doCall(VerifyElementNotPresentKeyword.groovy:113)
	at com.kms.katalon.core.webui.keyword.builtin.VerifyElementNotPresentKeyword$_verifyElementNotPresent_closure1.doCall(VerifyElementNotPresentKeyword.groovy)
	at java.base/jdk.internal.reflect.NativeMethodAccessorImpl.invoke0(Native Method)
	at java.base/jdk.internal.reflect.NativeMethodAccessorImpl.invoke(NativeMethodAccessorImpl.java:77)
	at java.base/jdk.internal.reflect.DelegatingMethodAccessorImpl.invoke(DelegatingMethodAccessorImpl.java:43)
	at com.kms.katalon.core.webui.keyword.internal.WebUIKeywordMain.runKeyword(WebUIKeywordMain.groovy:20)
	at com.kms.katalon.core.webui.keyword.internal.WebUIKeywordMain$runKeyword.call(Unknown Source)
	at com.kms.katalon.core.webui.keyword.builtin.VerifyElementNotPresentKeyword.verifyElementNotPresent(VerifyElementNotPresentKeyword.groovy:122)
	at com.kms.katalon.core.webui.keyword.builtin.VerifyElementNotPresentKeyword.execute(VerifyElementNotPresentKeyword.groovy:68)
	at com.kms.katalon.core.keyword.internal.KeywordExecutor.executeKeywordForPlatform(KeywordExecutor.groovy:74)
	at com.kms.katalon.core.webui.keyword.WebUiBuiltInKeywords.verifyElementNotPresent(WebUiBuiltInKeywords.groovy:1536)
	at Piggy Bank.run(Piggy Bank:64)
	at com.kms.katalon.core.main.ScriptEngine.run(ScriptEngine.java:194)
	at com.kms.katalon.core.main.ScriptEngine.runScriptAsRawText(ScriptEngine.java:119)
	at com.kms.katalon.core.main.TestCaseExecutor.runScript(TestCaseExecutor.java:448)
	at com.kms.katalon.core.main.TestCaseExecutor.doExecute(TestCaseExecutor.java:439)
	at com.kms.katalon.core.main.TestCaseExecutor.processExecutionPhase(TestCaseExecutor.java:418)
	at com.kms.katalon.core.main.TestCaseExecutor.accessMainPhase(TestCaseExecutor.java:410)
	at com.kms.katalon.core.main.TestCaseExecutor.execute(TestCaseExecutor.java:285)
	at com.kms.katalon.core.common.CommonExecutor.accessTestCaseMainPhase(CommonExecutor.java:65)
	at com.kms.katalon.core.main.TestSuiteExecutor.accessTestSuiteMainPhase(TestSuiteExecutor.java:148)
	at com.kms.katalon.core.main.TestSuiteExecutor.execute(TestSuiteExecutor.java:106)
	at com.kms.katalon.core.main.TestCaseMain.startTestSuite(TestCaseMain.java:180)
	at TempTestSuite1704126138119.run(TempTestSuite1704126138119.groovy:36)
	at java.base/jdk.internal.reflect.NativeMethodAccessorImpl.invoke0(Native Method)
	at java.base/jdk.internal.reflect.NativeMethodAccessorImpl.invoke(NativeMethodAccessorImpl.java:77)
	at java.base/jdk.internal.reflect.DelegatingMethodAccessorImpl.invoke(DelegatingMethodAccessorImpl.java:43)
)
[[ATTACHMENT|C:\\Users\\MODERN 15\\git\\G1_Firefly_testing\\Reports\\20240101_232218\\Piggy Bank\\20240101_232218\\1704126387894.png]]

01-01-2024T23:26:28 - [MESSAGE][FAILED] - Unable to verify object 'Object Repository/Shared_alert/success_alert' is not present (Root cause: com.kms.katalon.core.exception.StepFailedException: Unable to verify object 'Object Repository/Shared_alert/success_alert' is not present
	at com.kms.katalon.core.webui.keyword.internal.WebUIKeywordMain.stepFailed(WebUIKeywordMain.groovy:64)
	at com.kms.katalon.core.webui.keyword.internal.WebUIKeywordMain.runKeyword(WebUIKeywordMain.groovy:26)
	at com.kms.katalon.core.webui.keyword.internal.WebUIKeywordMain$runKeyword.call(Unknown Source)
	at com.kms.katalon.core.webui.keyword.builtin.VerifyElementNotPresentKeyword.verifyElementNotPresent(VerifyElementNotPresentKeyword.groovy:122)
	at com.kms.katalon.core.webui.keyword.builtin.VerifyElementNotPresentKeyword.execute(VerifyElementNotPresentKeyword.groovy:68)
	at com.kms.katalon.core.keyword.internal.KeywordExecutor.executeKeywordForPlatform(KeywordExecutor.groovy:74)
	at com.kms.katalon.core.webui.keyword.WebUiBuiltInKeywords.verifyElementNotPresent(WebUiBuiltInKeywords.groovy:1536)
	at Piggy Bank.run(Piggy Bank:64)
	at com.kms.katalon.core.main.ScriptEngine.run(ScriptEngine.java:194)
	at com.kms.katalon.core.main.ScriptEngine.runScriptAsRawText(ScriptEngine.java:119)
	at com.kms.katalon.core.main.TestCaseExecutor.runScript(TestCaseExecutor.java:448)
	at com.kms.katalon.core.main.TestCaseExecutor.doExecute(TestCaseExecutor.java:439)
	at com.kms.katalon.core.main.TestCaseExecutor.processExecutionPhase(TestCaseExecutor.java:418)
	at com.kms.katalon.core.main.TestCaseExecutor.accessMainPhase(TestCaseExecutor.java:410)
	at com.kms.katalon.core.main.TestCaseExecutor.execute(TestCaseExecutor.java:285)
	at com.kms.katalon.core.common.CommonExecutor.accessTestCaseMainPhase(CommonExecutor.java:65)
	at com.kms.katalon.core.main.TestSuiteExecutor.accessTestSuiteMainPhase(TestSuiteExecutor.java:148)
	at com.kms.katalon.core.main.TestSuiteExecutor.execute(TestSuiteExecutor.java:106)
	at com.kms.katalon.core.main.TestCaseMain.startTestSuite(TestCaseMain.java:180)
	at TempTestSuite1704126138119.run(TempTestSuite1704126138119.groovy:36)
	at java.base/jdk.internal.reflect.NativeMethodAccessorImpl.invoke0(Native Method)
	at java.base/jdk.internal.reflect.NativeMethodAccessorImpl.invoke(NativeMethodAccessorImpl.java:77)
	at java.base/jdk.internal.reflect.DelegatingMethodAccessorImpl.invoke(DelegatingMethodAccessorImpl.java:43)
Caused by: com.kms.katalon.core.exception.StepFailedException: Web element with id: 'Object Repository/Shared_alert/success_alert' located by 'By.cssSelector: #app > div.content-wrapper > section.content > div' is present after '1' second(s)
	at com.kms.katalon.core.webui.keyword.internal.WebUIKeywordMain.stepFailed(WebUIKeywordMain.groovy:64)
	at com.kms.katalon.core.webui.keyword.internal.WebUIKeywordMain$stepFailed$0.call(Unknown Source)
	at com.kms.katalon.core.webui.keyword.builtin.VerifyElementNotPresentKeyword$_verifyElementNotPresent_closure1.doCall(VerifyElementNotPresentKeyword.groovy:113)
	at com.kms.katalon.core.webui.keyword.builtin.VerifyElementNotPresentKeyword$_verifyElementNotPresent_closure1.doCall(VerifyElementNotPresentKeyword.groovy)
	at java.base/jdk.internal.reflect.NativeMethodAccessorImpl.invoke0(Native Method)
	at java.base/jdk.internal.reflect.NativeMethodAccessorImpl.invoke(NativeMethodAccessorImpl.java:77)
	at java.base/jdk.internal.reflect.DelegatingMethodAccessorImpl.invoke(DelegatingMethodAccessorImpl.java:43)
	at com.kms.katalon.core.webui.keyword.internal.WebUIKeywordMain.runKeyword(WebUIKeywordMain.groovy:20)
	... 21 more
)
[[ATTACHMENT|C:\\Users\\MODERN 15\\git\\G1_Firefly_testing\\Reports\\20240101_232218\\Piggy Bank\\20240101_232218\\1704126388016.png]]

01-01-2024T23:26:28 - [TEST_STEP][PASSED] - catch (Exception err): null

01-01-2024T23:26:28 - [TEST_STEP][PASSED] - verifyElementPresent(findTestObject("Shared_alert/success_alert"), 1): Object 'Object Repository/Shared_alert/success_alert' is present

01-01-2024T23:26:28 - [MESSAGE][PASSED] - Object 'Object Repository/Shared_alert/success_alert' is present

01-01-2024T23:26:28 - [TEST_STEP][PASSED] - out.println("success"): null

01-01-2024T23:26:28 - [TEST_STEP][PASSED] - closeBrowser(): Browser is closed

01-01-2024T23:26:28 - [MESSAGE][PASSED] - Browser is closed]]></system-out>
         <system-err><![CDATA[]]></system-err>
      </testcase>
      <system-out><![CDATA[01-01-2024T23:22:22 - [TEST_SUITE][FAILED] - Piggy Bank: Test Cases/Piggy Bank FAILED.
Reason:
com.kms.katalon.core.exception.StepFailedException: Unable to verify object 'Object Repository/Shared_alert/success_alert' is present
	at com.kms.katalon.core.webui.keyword.internal.WebUIKeywordMain.stepFailed(WebUIKeywordMain.groovy:64)
	at com.kms.katalon.core.webui.keyword.internal.WebUIKeywordMain.runKeyword(WebUIKeywordMain.groovy:26)
	at com.kms.katalon.core.webui.keyword.builtin.VerifyElementPresentKeyword.verifyElementPresent(VerifyElementPresentKeyword.groovy:92)
	at com.kms.katalon.core.webui.keyword.builtin.VerifyElementPresentKeyword.execute(VerifyElementPresentKeyword.groovy:68)
	at com.kms.katalon.core.keyword.internal.KeywordExecutor.executeKeywordForPlatform(KeywordExecutor.groovy:74)
	at com.kms.katalon.core.webui.keyword.WebUiBuiltInKeywords.verifyElementPresent(WebUiBuiltInKeywords.groovy:1503)
	at Piggy Bank.run(Piggy Bank:69)
	at com.kms.katalon.core.main.ScriptEngine.run(ScriptEngine.java:194)
	at com.kms.katalon.core.main.ScriptEngine.runScriptAsRawText(ScriptEngine.java:119)
	at com.kms.katalon.core.main.TestCaseExecutor.runScript(TestCaseExecutor.java:448)
	at com.kms.katalon.core.main.TestCaseExecutor.doExecute(TestCaseExecutor.java:439)
	at com.kms.katalon.core.main.TestCaseExecutor.processExecutionPhase(TestCaseExecutor.java:418)
	at com.kms.katalon.core.main.TestCaseExecutor.accessMainPhase(TestCaseExecutor.java:410)
	at com.kms.katalon.core.main.TestCaseExecutor.execute(TestCaseExecutor.java:285)
	at com.kms.katalon.core.common.CommonExecutor.accessTestCaseMainPhase(CommonExecutor.java:65)
	at com.kms.katalon.core.main.TestSuiteExecutor.accessTestSuiteMainPhase(TestSuiteExecutor.java:148)
	at com.kms.katalon.core.main.TestSuiteExecutor.execute(TestSuiteExecutor.java:106)
	at com.kms.katalon.core.main.TestCaseMain.startTestSuite(TestCaseMain.java:180)
	at TempTestSuite1704126138119.run(TempTestSuite1704126138119.groovy:36)
	at java.base/jdk.internal.reflect.NativeMethodAccessorImpl.invoke0(Native Method)
	at java.base/jdk.internal.reflect.NativeMethodAccessorImpl.invoke(NativeMethodAccessorImpl.java:77)
	at java.base/jdk.internal.reflect.DelegatingMethodAccessorImpl.invoke(DelegatingMethodAccessorImpl.java:43)
Caused by: com.kms.katalon.core.exception.StepFailedException: com.kms.katalon.core.webui.exception.WebElementNotFoundException: Web element with id: 'Object Repository/Shared_alert/success_alert' located by '#app > div.content-wrapper > section.content > div' not found
	at com.kms.katalon.core.webui.keyword.internal.WebUIKeywordMain.stepFailed(WebUIKeywordMain.groovy:64)
	at com.kms.katalon.core.webui.keyword.builtin.VerifyElementPresentKeyword$_verifyElementPresent_closure1.doCall(VerifyElementPresentKeyword.groovy:85)
	at com.kms.katalon.core.webui.keyword.builtin.VerifyElementPresentKeyword$_verifyElementPresent_closure1.call(VerifyElementPresentKeyword.groovy)
	at com.kms.katalon.core.webui.keyword.internal.WebUIKeywordMain.runKeyword(WebUIKeywordMain.groovy:20)
	... 20 more]]></system-out>
      <system-err><![CDATA[01-01-2024T23:22:22 - [TEST_SUITE][FAILED] - Piggy Bank: Test Cases/Piggy Bank FAILED.
Reason:
com.kms.katalon.core.exception.StepFailedException: Unable to verify object 'Object Repository/Shared_alert/success_alert' is present
	at com.kms.katalon.core.webui.keyword.internal.WebUIKeywordMain.stepFailed(WebUIKeywordMain.groovy:64)
	at com.kms.katalon.core.webui.keyword.internal.WebUIKeywordMain.runKeyword(WebUIKeywordMain.groovy:26)
	at com.kms.katalon.core.webui.keyword.builtin.VerifyElementPresentKeyword.verifyElementPresent(VerifyElementPresentKeyword.groovy:92)
	at com.kms.katalon.core.webui.keyword.builtin.VerifyElementPresentKeyword.execute(VerifyElementPresentKeyword.groovy:68)
	at com.kms.katalon.core.keyword.internal.KeywordExecutor.executeKeywordForPlatform(KeywordExecutor.groovy:74)
	at com.kms.katalon.core.webui.keyword.WebUiBuiltInKeywords.verifyElementPresent(WebUiBuiltInKeywords.groovy:1503)
	at Piggy Bank.run(Piggy Bank:69)
	at com.kms.katalon.core.main.ScriptEngine.run(ScriptEngine.java:194)
	at com.kms.katalon.core.main.ScriptEngine.runScriptAsRawText(ScriptEngine.java:119)
	at com.kms.katalon.core.main.TestCaseExecutor.runScript(TestCaseExecutor.java:448)
	at com.kms.katalon.core.main.TestCaseExecutor.doExecute(TestCaseExecutor.java:439)
	at com.kms.katalon.core.main.TestCaseExecutor.processExecutionPhase(TestCaseExecutor.java:418)
	at com.kms.katalon.core.main.TestCaseExecutor.accessMainPhase(TestCaseExecutor.java:410)
	at com.kms.katalon.core.main.TestCaseExecutor.execute(TestCaseExecutor.java:285)
	at com.kms.katalon.core.common.CommonExecutor.accessTestCaseMainPhase(CommonExecutor.java:65)
	at com.kms.katalon.core.main.TestSuiteExecutor.accessTestSuiteMainPhase(TestSuiteExecutor.java:148)
	at com.kms.katalon.core.main.TestSuiteExecutor.execute(TestSuiteExecutor.java:106)
	at com.kms.katalon.core.main.TestCaseMain.startTestSuite(TestCaseMain.java:180)
	at TempTestSuite1704126138119.run(TempTestSuite1704126138119.groovy:36)
	at java.base/jdk.internal.reflect.NativeMethodAccessorImpl.invoke0(Native Method)
	at java.base/jdk.internal.reflect.NativeMethodAccessorImpl.invoke(NativeMethodAccessorImpl.java:77)
	at java.base/jdk.internal.reflect.DelegatingMethodAccessorImpl.invoke(DelegatingMethodAccessorImpl.java:43)
Caused by: com.kms.katalon.core.exception.StepFailedException: com.kms.katalon.core.webui.exception.WebElementNotFoundException: Web element with id: 'Object Repository/Shared_alert/success_alert' located by '#app > div.content-wrapper > section.content > div' not found
	at com.kms.katalon.core.webui.keyword.internal.WebUIKeywordMain.stepFailed(WebUIKeywordMain.groovy:64)
	at com.kms.katalon.core.webui.keyword.builtin.VerifyElementPresentKeyword$_verifyElementPresent_closure1.doCall(VerifyElementPresentKeyword.groovy:85)
	at com.kms.katalon.core.webui.keyword.builtin.VerifyElementPresentKeyword$_verifyElementPresent_closure1.call(VerifyElementPresentKeyword.groovy)
	at com.kms.katalon.core.webui.keyword.internal.WebUIKeywordMain.runKeyword(WebUIKeywordMain.groovy:20)
	... 20 more]]></system-err>
   </testsuite>
</testsuites>
