<?xml version="1.0" encoding="UTF-8"?>
<testsuites name="Transaction" time="195.767" tests="10" failures="0" errors="0">
   <testsuite name="Transaction" tests="10" failures="0" errors="0" time="195.767" skipped="0" timestamp="01-01-2024T19:13:36" hostname="MODERN 15 - Phuc" id="Test Suites/Transaction">
      <properties>
         <property name="deviceName" value=""/>
         <property name="devicePlatform" value=""/>
         <property name="logFolder" value="C:\\Users\\MODERN 15\\git\\G1_Firefly_testing\\Reports\\20240101_191333\\Transaction\\20240101_191333"/>
         <property name="logFiles" value="C:\\Users\\MODERN 15\\git\\G1_Firefly_testing\\Reports\\20240101_191333\\Transaction\\20240101_191333\\execution0.log"/>
         <property name="attachments" value=""/>
         <property name="hostName" value="MODERN 15 - Phuc"/>
         <property name="os" value="Windows 11 64bit"/>
         <property name="katalonVersion" value="9.1.0.212"/>
         <property name="browser" value="Chrome 120.0.0.0"/>
         <property name="hostAddress" value="192.168.1.4"/>
         <property name="sessionId" value="9bbf656c727ea1449c93a2d8bf6eaa7e"/>
         <property name="seleniumVersion" value="3.141.59"/>
         <property name="proxyInformation" value="ProxyInformation { proxyOption=NO_PROXY, proxyServerType=HTTP, username=, password=********, proxyServerAddress=, proxyServerPort=0, executionList=&quot;&quot;, isApplyToDesiredCapabilities=true }"/>
         <property name="platform" value="Windows 11"/>
      </properties>
      <testcase name="Test Cases/Transaction" time="20.907" classname="Test Cases/Transaction" status="PASSED">
         <system-out><![CDATA[01-01-2024T19:13:37 - [TEST_CASE][PASSED] - Test Cases/Transaction: Test Cases/Transaction

01-01-2024T19:13:37 - [TEST_STEP][PASSED] - openBrowser(""): Browser is opened with url: ''

01-01-2024T19:13:37 - [MESSAGE][INFO] - Starting 'Chrome' driver

01-01-2024T19:13:37 - [MESSAGE][INFO] - Action delay is set to 0 milliseconds

01-01-2024T19:13:39 - [MESSAGE][PASSED] - Browser is opened with url: ''

01-01-2024T19:13:39 - [TEST_STEP][PASSED] - navigateToUrl("https://firefly.buudadawg.online/login"): Navigate to 'https://firefly.buudadawg.online/login' successfully

01-01-2024T19:13:42 - [MESSAGE][PASSED] - Navigate to 'https://firefly.buudadawg.online/login' successfully

01-01-2024T19:13:42 - [TEST_STEP][PASSED] - setText(findTestObject("Object Repository/Transaction/Page_Login to Firefly III/input_email"), username): Text 'killermh1352@gmail.com' is set on object 'Object Repository/Transaction/Page_Login to Firefly III/input_email'

01-01-2024T19:13:43 - [MESSAGE][PASSED] - Text 'killermh1352@gmail.com' is set on object 'Object Repository/Transaction/Page_Login to Firefly III/input_email'

01-01-2024T19:13:43 - [TEST_STEP][PASSED] - setText(findTestObject("Object Repository/Transaction/Page_Login to Firefly III/input_password"), password): Text 'tranvinhphuc2002' is set on object 'Object Repository/Transaction/Page_Login to Firefly III/input_password'

01-01-2024T19:13:43 - [MESSAGE][PASSED] - Text 'tranvinhphuc2002' is set on object 'Object Repository/Transaction/Page_Login to Firefly III/input_password'

01-01-2024T19:13:43 - [TEST_STEP][PASSED] - sendKeys(findTestObject("Object Repository/Transaction/Page_Login to Firefly III/input_password"), Keys.chord(ENTER)): Keys 'ENTER + ' sent to object: 'Object Repository/Transaction/Page_Login to Firefly III/input_password'

01-01-2024T19:13:44 - [MESSAGE][PASSED] - Keys 'ENTER + ' sent to object: 'Object Repository/Transaction/Page_Login to Firefly III/input_password'

01-01-2024T19:13:44 - [TEST_STEP][PASSED] - click(findTestObject("Object Repository/Transaction/Page_Whats playing  Firefly III/a_Transactions")): Object: 'Object Repository/Transaction/Page_Whats playing  Firefly III/a_Transactions' is clicked on

01-01-2024T19:13:45 - [MESSAGE][PASSED] - Object: 'Object Repository/Transaction/Page_Whats playing  Firefly III/a_Transactions' is clicked on

01-01-2024T19:13:45 - [TEST_STEP][PASSED] - click(findTestObject("Object Repository/Transaction/Page_Whats playing  Firefly III/a_Expenses")): Object: 'Object Repository/Transaction/Page_Whats playing  Firefly III/a_Expenses' is clicked on

01-01-2024T19:13:46 - [MESSAGE][PASSED] - Object: 'Object Repository/Transaction/Page_Whats playing  Firefly III/a_Expenses' is clicked on

01-01-2024T19:13:46 - [TEST_STEP][PASSED] - click(findTestObject("Object Repository/Transaction/Page_All expenses between January 1st, 2024_d388e7/a_Create a new transaction")): Object: 'Object Repository/Transaction/Page_All expenses between January 1st, 2024_d388e7/a_Create a new transaction' is clicked on

01-01-2024T19:13:47 - [MESSAGE][PASSED] - Object: 'Object Repository/Transaction/Page_All expenses between January 1st, 2024_d388e7/a_Create a new transaction' is clicked on

01-01-2024T19:13:47 - [TEST_STEP][PASSED] - setText(findTestObject("Transaction/Page_Create new withdrawal  Transactions  F_057ce1/input_description"), description): Text 'Semiconductors' is set on object 'Object Repository/Transaction/Page_Create new withdrawal  Transactions  F_057ce1/input_description'

01-01-2024T19:13:49 - [MESSAGE][PASSED] - Text 'Semiconductors' is set on object 'Object Repository/Transaction/Page_Create new withdrawal  Transactions  F_057ce1/input_description'

01-01-2024T19:13:49 - [TEST_STEP][PASSED] - setText(findTestObject("Object Repository/Transaction/Page_Create new withdrawal  Transactions  F_057ce1/input_source"), source_account, STOP_ON_FAILURE): Text 'My Savings Account' is set on object 'Object Repository/Transaction/Page_Create new withdrawal  Transactions  F_057ce1/input_source'

01-01-2024T19:13:49 - [MESSAGE][PASSED] - Text 'My Savings Account' is set on object 'Object Repository/Transaction/Page_Create new withdrawal  Transactions  F_057ce1/input_source'

01-01-2024T19:13:49 - [TEST_STEP][PASSED] - setText(findTestObject("Object Repository/Transaction/Page_Create new withdrawal  Transactions  F_057ce1/input_destination"), destination_account, STOP_ON_FAILURE): Text 'My Asset Account' is set on object 'Object Repository/Transaction/Page_Create new withdrawal  Transactions  F_057ce1/input_destination'

01-01-2024T19:13:51 - [MESSAGE][PASSED] - Text 'My Asset Account' is set on object 'Object Repository/Transaction/Page_Create new withdrawal  Transactions  F_057ce1/input_destination'

01-01-2024T19:13:51 - [TEST_STEP][PASSED] - setText(findTestObject("Transaction/Page_Create new withdrawal  Transactions  F_057ce1/input_date"), date): Text '2023-06-06T02:54' is set on object 'Object Repository/Transaction/Page_Create new withdrawal  Transactions  F_057ce1/input_date'

01-01-2024T19:13:52 - [MESSAGE][PASSED] - Text '2023-06-06T02:54' is set on object 'Object Repository/Transaction/Page_Create new withdrawal  Transactions  F_057ce1/input_date'

01-01-2024T19:13:52 - [TEST_STEP][PASSED] - setText(findTestObject("Object Repository/Transaction/Page_Create new withdrawal  Transactions  F_057ce1/input_amount"), amount): Text '51' is set on object 'Object Repository/Transaction/Page_Create new withdrawal  Transactions  F_057ce1/input_amount'

01-01-2024T19:13:52 - [MESSAGE][PASSED] - Text '51' is set on object 'Object Repository/Transaction/Page_Create new withdrawal  Transactions  F_057ce1/input_amount'

01-01-2024T19:13:52 - [TEST_STEP][PASSED] - if (getText(findTestObject("Object Repository/Transaction/Page_Create new withdrawal  Transactions  F_057ce1/select_foreign_currency")) == ""): Text of object 'Object Repository/Transaction/Page_Create new withdrawal  Transactions  F_057ce1/select_foreign_currency' is: 'Euro'

01-01-2024T19:13:53 - [MESSAGE][PASSED] - Text of object 'Object Repository/Transaction/Page_Create new withdrawal  Transactions  F_057ce1/select_foreign_currency' is: 'Euro'

01-01-2024T19:13:53 - [TEST_STEP][PASSED] - try: null

01-01-2024T19:13:53 - [TEST_STEP][PASSED] - waitForElementPresent(findTestObject("Object Repository/Transaction/Page_Create new withdrawal  Transactions  F_057ce1/select_(none)      My Budget", 0.5)): null

01-01-2024T19:13:53 - [TEST_STEP][PASSED] - catch (Exception err): null

01-01-2024T19:13:53 - [TEST_STEP][PASSED] - out.println("not found budget"): null

01-01-2024T19:13:53 - [TEST_STEP][PASSED] - setText(findTestObject("Object Repository/Transaction/Page_Create new withdrawal  Transactions  F_057ce1/input_category"), category): Text 'Waterproofing & Caulking' is set on object 'Object Repository/Transaction/Page_Create new withdrawal  Transactions  F_057ce1/input_category'

01-01-2024T19:13:54 - [MESSAGE][PASSED] - Text 'Waterproofing & Caulking' is set on object 'Object Repository/Transaction/Page_Create new withdrawal  Transactions  F_057ce1/input_category'

01-01-2024T19:13:54 - [TEST_STEP][PASSED] - selectOptionByValue(findTestObject("Object Repository/Transaction/Page_Create new withdrawal  Transactions  F_057ce1/select_(no piggy bank)                  1 (_6b16ef"), piggy_bank, true): All options with value '46' are selected in object 'Object Repository/Transaction/Page_Create new withdrawal  Transactions  F_057ce1/select_(no piggy bank)                  1 (_6b16ef'  using regular expression

01-01-2024T19:13:55 - [MESSAGE][PASSED] - All options with value '46' are selected in object 'Object Repository/Transaction/Page_Create new withdrawal  Transactions  F_057ce1/select_(no piggy bank)                  1 (_6b16ef'  using regular expression

01-01-2024T19:13:55 - [TEST_STEP][PASSED] - setText(findTestObject("Object Repository/Transaction/Page_Create new withdrawal  Transactions  F_057ce1/input_ti-new-tag-input ti-valid"), tags): Text '' is set on object 'Object Repository/Transaction/Page_Create new withdrawal  Transactions  F_057ce1/input_ti-new-tag-input ti-valid'

01-01-2024T19:13:56 - [MESSAGE][PASSED] - Text '' is set on object 'Object Repository/Transaction/Page_Create new withdrawal  Transactions  F_057ce1/input_ti-new-tag-input ti-valid'

01-01-2024T19:13:56 - [TEST_STEP][PASSED] - try: null

01-01-2024T19:13:56 - [TEST_STEP][PASSED] - waitForElementPresent(findTestObject("Object Repository/Transaction/Page_Create new withdrawal  Transactions  F_057ce1/select_(none)      Name"), 0.5): null

01-01-2024T19:13:56 - [TEST_STEP][PASSED] - catch (Exception err): null

01-01-2024T19:13:56 - [TEST_STEP][PASSED] - out.println("not found bill"): null

01-01-2024T19:13:56 - [TEST_STEP][PASSED] - click(findTestObject("Object Repository/Transaction/Page_Create new withdrawal  Transactions  F_057ce1/button_Submit")): Object: 'Object Repository/Transaction/Page_Create new withdrawal  Transactions  F_057ce1/button_Submit' is clicked on

01-01-2024T19:13:56 - [MESSAGE][PASSED] - Object: 'Object Repository/Transaction/Page_Create new withdrawal  Transactions  F_057ce1/button_Submit' is clicked on

01-01-2024T19:13:56 - [TEST_STEP][PASSED] - try: null

01-01-2024T19:13:56 - [TEST_STEP][PASSED] - verifyElementPresent(findTestObject("Shared_alert/text_dangers"), 1): Object 'Object Repository/Shared_alert/text_dangers' is present

01-01-2024T19:13:57 - [MESSAGE][PASSED] - Object 'Object Repository/Shared_alert/text_dangers' is present

01-01-2024T19:13:57 - [TEST_STEP][PASSED] - verifyElementNotPresent(findTestObject("Shared_alert/success_alert"), 1): Web element with id: 'Object Repository/Shared_alert/success_alert' located by 'By.cssSelector: #app > div.content-wrapper > section.content > div' is not present after '1' second(s)

01-01-2024T19:13:57 - [MESSAGE][PASSED] - Web element with id: 'Object Repository/Shared_alert/success_alert' located by 'By.cssSelector: #app > div.content-wrapper > section.content > div' is not present after '1' second(s)

01-01-2024T19:13:57 - [TEST_STEP][PASSED] - out.println("text danger"): null

01-01-2024T19:13:57 - [TEST_STEP][PASSED] - closeBrowser(): Browser is closed

01-01-2024T19:13:58 - [MESSAGE][PASSED] - Browser is closed]]></system-out>
         <system-err><![CDATA[]]></system-err>
      </testcase>
      <testcase name="Test Cases/Transaction" time="20.033" classname="Test Cases/Transaction" status="PASSED">
         <system-out><![CDATA[01-01-2024T19:13:58 - [TEST_CASE][PASSED] - Test Cases/Transaction: Test Cases/Transaction

01-01-2024T19:13:58 - [TEST_STEP][PASSED] - openBrowser(""): Browser is opened with url: ''

01-01-2024T19:13:58 - [MESSAGE][INFO] - Starting 'Chrome' driver

01-01-2024T19:13:58 - [MESSAGE][INFO] - Action delay is set to 0 milliseconds

01-01-2024T19:13:58 - [MESSAGE][PASSED] - Browser is opened with url: ''

01-01-2024T19:13:58 - [TEST_STEP][PASSED] - navigateToUrl("https://firefly.buudadawg.online/login"): Navigate to 'https://firefly.buudadawg.online/login' successfully

01-01-2024T19:14:02 - [MESSAGE][PASSED] - Navigate to 'https://firefly.buudadawg.online/login' successfully

01-01-2024T19:14:02 - [TEST_STEP][PASSED] - setText(findTestObject("Object Repository/Transaction/Page_Login to Firefly III/input_email"), username): Text 'killermh1352@gmail.com' is set on object 'Object Repository/Transaction/Page_Login to Firefly III/input_email'

01-01-2024T19:14:03 - [MESSAGE][PASSED] - Text 'killermh1352@gmail.com' is set on object 'Object Repository/Transaction/Page_Login to Firefly III/input_email'

01-01-2024T19:14:03 - [TEST_STEP][PASSED] - setText(findTestObject("Object Repository/Transaction/Page_Login to Firefly III/input_password"), password): Text 'tranvinhphuc2002' is set on object 'Object Repository/Transaction/Page_Login to Firefly III/input_password'

01-01-2024T19:14:03 - [MESSAGE][PASSED] - Text 'tranvinhphuc2002' is set on object 'Object Repository/Transaction/Page_Login to Firefly III/input_password'

01-01-2024T19:14:03 - [TEST_STEP][PASSED] - sendKeys(findTestObject("Object Repository/Transaction/Page_Login to Firefly III/input_password"), Keys.chord(ENTER)): Keys 'ENTER + ' sent to object: 'Object Repository/Transaction/Page_Login to Firefly III/input_password'

01-01-2024T19:14:04 - [MESSAGE][PASSED] - Keys 'ENTER + ' sent to object: 'Object Repository/Transaction/Page_Login to Firefly III/input_password'

01-01-2024T19:14:04 - [TEST_STEP][PASSED] - click(findTestObject("Object Repository/Transaction/Page_Whats playing  Firefly III/a_Transactions")): Object: 'Object Repository/Transaction/Page_Whats playing  Firefly III/a_Transactions' is clicked on

01-01-2024T19:14:05 - [MESSAGE][PASSED] - Object: 'Object Repository/Transaction/Page_Whats playing  Firefly III/a_Transactions' is clicked on

01-01-2024T19:14:05 - [TEST_STEP][PASSED] - click(findTestObject("Object Repository/Transaction/Page_Whats playing  Firefly III/a_Expenses")): Object: 'Object Repository/Transaction/Page_Whats playing  Firefly III/a_Expenses' is clicked on

01-01-2024T19:14:06 - [MESSAGE][PASSED] - Object: 'Object Repository/Transaction/Page_Whats playing  Firefly III/a_Expenses' is clicked on

01-01-2024T19:14:06 - [TEST_STEP][PASSED] - click(findTestObject("Object Repository/Transaction/Page_All expenses between January 1st, 2024_d388e7/a_Create a new transaction")): Object: 'Object Repository/Transaction/Page_All expenses between January 1st, 2024_d388e7/a_Create a new transaction' is clicked on

01-01-2024T19:14:07 - [MESSAGE][PASSED] - Object: 'Object Repository/Transaction/Page_All expenses between January 1st, 2024_d388e7/a_Create a new transaction' is clicked on

01-01-2024T19:14:07 - [TEST_STEP][PASSED] - setText(findTestObject("Transaction/Page_Create new withdrawal  Transactions  F_057ce1/input_description"), description): Text 'Major Banks' is set on object 'Object Repository/Transaction/Page_Create new withdrawal  Transactions  F_057ce1/input_description'

01-01-2024T19:14:09 - [MESSAGE][PASSED] - Text 'Major Banks' is set on object 'Object Repository/Transaction/Page_Create new withdrawal  Transactions  F_057ce1/input_description'

01-01-2024T19:14:09 - [TEST_STEP][PASSED] - setText(findTestObject("Object Repository/Transaction/Page_Create new withdrawal  Transactions  F_057ce1/input_source"), source_account, STOP_ON_FAILURE): Text 'My Savings Account' is set on object 'Object Repository/Transaction/Page_Create new withdrawal  Transactions  F_057ce1/input_source'

01-01-2024T19:14:10 - [MESSAGE][PASSED] - Text 'My Savings Account' is set on object 'Object Repository/Transaction/Page_Create new withdrawal  Transactions  F_057ce1/input_source'

01-01-2024T19:14:10 - [TEST_STEP][PASSED] - setText(findTestObject("Object Repository/Transaction/Page_Create new withdrawal  Transactions  F_057ce1/input_destination"), destination_account, STOP_ON_FAILURE): Text 'My Asset Account' is set on object 'Object Repository/Transaction/Page_Create new withdrawal  Transactions  F_057ce1/input_destination'

01-01-2024T19:14:11 - [MESSAGE][PASSED] - Text 'My Asset Account' is set on object 'Object Repository/Transaction/Page_Create new withdrawal  Transactions  F_057ce1/input_destination'

01-01-2024T19:14:11 - [TEST_STEP][PASSED] - setText(findTestObject("Transaction/Page_Create new withdrawal  Transactions  F_057ce1/input_date"), date): Text '2023-06-14T20:11' is set on object 'Object Repository/Transaction/Page_Create new withdrawal  Transactions  F_057ce1/input_date'

01-01-2024T19:14:12 - [MESSAGE][PASSED] - Text '2023-06-14T20:11' is set on object 'Object Repository/Transaction/Page_Create new withdrawal  Transactions  F_057ce1/input_date'

01-01-2024T19:14:12 - [TEST_STEP][PASSED] - setText(findTestObject("Object Repository/Transaction/Page_Create new withdrawal  Transactions  F_057ce1/input_amount"), amount): Text '75' is set on object 'Object Repository/Transaction/Page_Create new withdrawal  Transactions  F_057ce1/input_amount'

01-01-2024T19:14:13 - [MESSAGE][PASSED] - Text '75' is set on object 'Object Repository/Transaction/Page_Create new withdrawal  Transactions  F_057ce1/input_amount'

01-01-2024T19:14:13 - [TEST_STEP][PASSED] - if (getText(findTestObject("Object Repository/Transaction/Page_Create new withdrawal  Transactions  F_057ce1/select_foreign_currency")) == ""): Text of object 'Object Repository/Transaction/Page_Create new withdrawal  Transactions  F_057ce1/select_foreign_currency' is: 'Euro'

01-01-2024T19:14:13 - [MESSAGE][PASSED] - Text of object 'Object Repository/Transaction/Page_Create new withdrawal  Transactions  F_057ce1/select_foreign_currency' is: 'Euro'

01-01-2024T19:14:13 - [TEST_STEP][PASSED] - try: null

01-01-2024T19:14:13 - [TEST_STEP][PASSED] - waitForElementPresent(findTestObject("Object Repository/Transaction/Page_Create new withdrawal  Transactions  F_057ce1/select_(none)      My Budget", 0.5)): null

01-01-2024T19:14:13 - [TEST_STEP][PASSED] - catch (Exception err): null

01-01-2024T19:14:13 - [TEST_STEP][PASSED] - out.println("not found budget"): null

01-01-2024T19:14:13 - [TEST_STEP][PASSED] - setText(findTestObject("Object Repository/Transaction/Page_Create new withdrawal  Transactions  F_057ce1/input_category"), category): Text 'Granite Surfaces' is set on object 'Object Repository/Transaction/Page_Create new withdrawal  Transactions  F_057ce1/input_category'

01-01-2024T19:14:14 - [MESSAGE][PASSED] - Text 'Granite Surfaces' is set on object 'Object Repository/Transaction/Page_Create new withdrawal  Transactions  F_057ce1/input_category'

01-01-2024T19:14:14 - [TEST_STEP][PASSED] - selectOptionByValue(findTestObject("Object Repository/Transaction/Page_Create new withdrawal  Transactions  F_057ce1/select_(no piggy bank)                  1 (_6b16ef"), piggy_bank, true): All options with value '0' are selected in object 'Object Repository/Transaction/Page_Create new withdrawal  Transactions  F_057ce1/select_(no piggy bank)                  1 (_6b16ef'  using regular expression

01-01-2024T19:14:16 - [MESSAGE][PASSED] - All options with value '0' are selected in object 'Object Repository/Transaction/Page_Create new withdrawal  Transactions  F_057ce1/select_(no piggy bank)                  1 (_6b16ef'  using regular expression

01-01-2024T19:14:16 - [TEST_STEP][PASSED] - setText(findTestObject("Object Repository/Transaction/Page_Create new withdrawal  Transactions  F_057ce1/input_ti-new-tag-input ti-valid"), tags): Text 'Bananas' is set on object 'Object Repository/Transaction/Page_Create new withdrawal  Transactions  F_057ce1/input_ti-new-tag-input ti-valid'

01-01-2024T19:14:16 - [MESSAGE][PASSED] - Text 'Bananas' is set on object 'Object Repository/Transaction/Page_Create new withdrawal  Transactions  F_057ce1/input_ti-new-tag-input ti-valid'

01-01-2024T19:14:16 - [TEST_STEP][PASSED] - try: null

01-01-2024T19:14:16 - [TEST_STEP][PASSED] - waitForElementPresent(findTestObject("Object Repository/Transaction/Page_Create new withdrawal  Transactions  F_057ce1/select_(none)      Name"), 0.5): null

01-01-2024T19:14:16 - [TEST_STEP][PASSED] - catch (Exception err): null

01-01-2024T19:14:16 - [TEST_STEP][PASSED] - out.println("not found bill"): null

01-01-2024T19:14:16 - [TEST_STEP][PASSED] - click(findTestObject("Object Repository/Transaction/Page_Create new withdrawal  Transactions  F_057ce1/button_Submit")): Object: 'Object Repository/Transaction/Page_Create new withdrawal  Transactions  F_057ce1/button_Submit' is clicked on

01-01-2024T19:14:17 - [MESSAGE][PASSED] - Object: 'Object Repository/Transaction/Page_Create new withdrawal  Transactions  F_057ce1/button_Submit' is clicked on

01-01-2024T19:14:17 - [TEST_STEP][PASSED] - try: null

01-01-2024T19:14:17 - [TEST_STEP][PASSED] - verifyElementPresent(findTestObject("Shared_alert/text_dangers"), 1): Object 'Object Repository/Shared_alert/text_dangers' is present

01-01-2024T19:14:17 - [MESSAGE][PASSED] - Object 'Object Repository/Shared_alert/text_dangers' is present

01-01-2024T19:14:17 - [TEST_STEP][PASSED] - verifyElementNotPresent(findTestObject("Shared_alert/success_alert"), 1): Web element with id: 'Object Repository/Shared_alert/success_alert' located by 'By.cssSelector: #app > div.content-wrapper > section.content > div' is not present after '1' second(s)

01-01-2024T19:14:18 - [MESSAGE][PASSED] - Web element with id: 'Object Repository/Shared_alert/success_alert' located by 'By.cssSelector: #app > div.content-wrapper > section.content > div' is not present after '1' second(s)

01-01-2024T19:14:18 - [TEST_STEP][PASSED] - out.println("text danger"): null

01-01-2024T19:14:18 - [TEST_STEP][PASSED] - closeBrowser(): Browser is closed

01-01-2024T19:14:18 - [MESSAGE][PASSED] - Browser is closed]]></system-out>
         <system-err><![CDATA[]]></system-err>
      </testcase>
      <testcase name="Test Cases/Transaction" time="19.548" classname="Test Cases/Transaction" status="PASSED">
         <system-out><![CDATA[01-01-2024T19:14:18 - [TEST_CASE][PASSED] - Test Cases/Transaction: Test Cases/Transaction

01-01-2024T19:14:18 - [TEST_STEP][PASSED] - openBrowser(""): Browser is opened with url: ''

01-01-2024T19:14:18 - [MESSAGE][INFO] - Starting 'Chrome' driver

01-01-2024T19:14:18 - [MESSAGE][INFO] - Action delay is set to 0 milliseconds

01-01-2024T19:14:19 - [MESSAGE][PASSED] - Browser is opened with url: ''

01-01-2024T19:14:19 - [TEST_STEP][PASSED] - navigateToUrl("https://firefly.buudadawg.online/login"): Navigate to 'https://firefly.buudadawg.online/login' successfully

01-01-2024T19:14:22 - [MESSAGE][PASSED] - Navigate to 'https://firefly.buudadawg.online/login' successfully

01-01-2024T19:14:22 - [TEST_STEP][PASSED] - setText(findTestObject("Object Repository/Transaction/Page_Login to Firefly III/input_email"), username): Text 'killermh1352@gmail.com' is set on object 'Object Repository/Transaction/Page_Login to Firefly III/input_email'

01-01-2024T19:14:23 - [MESSAGE][PASSED] - Text 'killermh1352@gmail.com' is set on object 'Object Repository/Transaction/Page_Login to Firefly III/input_email'

01-01-2024T19:14:23 - [TEST_STEP][PASSED] - setText(findTestObject("Object Repository/Transaction/Page_Login to Firefly III/input_password"), password): Text 'tranvinhphuc2002' is set on object 'Object Repository/Transaction/Page_Login to Firefly III/input_password'

01-01-2024T19:14:23 - [MESSAGE][PASSED] - Text 'tranvinhphuc2002' is set on object 'Object Repository/Transaction/Page_Login to Firefly III/input_password'

01-01-2024T19:14:23 - [TEST_STEP][PASSED] - sendKeys(findTestObject("Object Repository/Transaction/Page_Login to Firefly III/input_password"), Keys.chord(ENTER)): Keys 'ENTER + ' sent to object: 'Object Repository/Transaction/Page_Login to Firefly III/input_password'

01-01-2024T19:14:24 - [MESSAGE][PASSED] - Keys 'ENTER + ' sent to object: 'Object Repository/Transaction/Page_Login to Firefly III/input_password'

01-01-2024T19:14:24 - [TEST_STEP][PASSED] - click(findTestObject("Object Repository/Transaction/Page_Whats playing  Firefly III/a_Transactions")): Object: 'Object Repository/Transaction/Page_Whats playing  Firefly III/a_Transactions' is clicked on

01-01-2024T19:14:25 - [MESSAGE][PASSED] - Object: 'Object Repository/Transaction/Page_Whats playing  Firefly III/a_Transactions' is clicked on

01-01-2024T19:14:25 - [TEST_STEP][PASSED] - click(findTestObject("Object Repository/Transaction/Page_Whats playing  Firefly III/a_Expenses")): Object: 'Object Repository/Transaction/Page_Whats playing  Firefly III/a_Expenses' is clicked on

01-01-2024T19:14:26 - [MESSAGE][PASSED] - Object: 'Object Repository/Transaction/Page_Whats playing  Firefly III/a_Expenses' is clicked on

01-01-2024T19:14:26 - [TEST_STEP][PASSED] - click(findTestObject("Object Repository/Transaction/Page_All expenses between January 1st, 2024_d388e7/a_Create a new transaction")): Object: 'Object Repository/Transaction/Page_All expenses between January 1st, 2024_d388e7/a_Create a new transaction' is clicked on

01-01-2024T19:14:28 - [MESSAGE][PASSED] - Object: 'Object Repository/Transaction/Page_All expenses between January 1st, 2024_d388e7/a_Create a new transaction' is clicked on

01-01-2024T19:14:28 - [TEST_STEP][PASSED] - setText(findTestObject("Transaction/Page_Create new withdrawal  Transactions  F_057ce1/input_description"), description): Text 'Finance: Consumer Services' is set on object 'Object Repository/Transaction/Page_Create new withdrawal  Transactions  F_057ce1/input_description'

01-01-2024T19:14:29 - [MESSAGE][PASSED] - Text 'Finance: Consumer Services' is set on object 'Object Repository/Transaction/Page_Create new withdrawal  Transactions  F_057ce1/input_description'

01-01-2024T19:14:29 - [TEST_STEP][PASSED] - setText(findTestObject("Object Repository/Transaction/Page_Create new withdrawal  Transactions  F_057ce1/input_source"), source_account, STOP_ON_FAILURE): Text 'My Savings Account' is set on object 'Object Repository/Transaction/Page_Create new withdrawal  Transactions  F_057ce1/input_source'

01-01-2024T19:14:30 - [MESSAGE][PASSED] - Text 'My Savings Account' is set on object 'Object Repository/Transaction/Page_Create new withdrawal  Transactions  F_057ce1/input_source'

01-01-2024T19:14:30 - [TEST_STEP][PASSED] - setText(findTestObject("Object Repository/Transaction/Page_Create new withdrawal  Transactions  F_057ce1/input_destination"), destination_account, STOP_ON_FAILURE): Text 'My Expense Account' is set on object 'Object Repository/Transaction/Page_Create new withdrawal  Transactions  F_057ce1/input_destination'

01-01-2024T19:14:31 - [MESSAGE][PASSED] - Text 'My Expense Account' is set on object 'Object Repository/Transaction/Page_Create new withdrawal  Transactions  F_057ce1/input_destination'

01-01-2024T19:14:31 - [TEST_STEP][PASSED] - setText(findTestObject("Transaction/Page_Create new withdrawal  Transactions  F_057ce1/input_date"), date): Text '2023-11-22T15:31' is set on object 'Object Repository/Transaction/Page_Create new withdrawal  Transactions  F_057ce1/input_date'

01-01-2024T19:14:32 - [MESSAGE][PASSED] - Text '2023-11-22T15:31' is set on object 'Object Repository/Transaction/Page_Create new withdrawal  Transactions  F_057ce1/input_date'

01-01-2024T19:14:32 - [TEST_STEP][PASSED] - setText(findTestObject("Object Repository/Transaction/Page_Create new withdrawal  Transactions  F_057ce1/input_amount"), amount): Text '84' is set on object 'Object Repository/Transaction/Page_Create new withdrawal  Transactions  F_057ce1/input_amount'

01-01-2024T19:14:33 - [MESSAGE][PASSED] - Text '84' is set on object 'Object Repository/Transaction/Page_Create new withdrawal  Transactions  F_057ce1/input_amount'

01-01-2024T19:14:33 - [TEST_STEP][PASSED] - if (getText(findTestObject("Object Repository/Transaction/Page_Create new withdrawal  Transactions  F_057ce1/select_foreign_currency")) == ""): Text of object 'Object Repository/Transaction/Page_Create new withdrawal  Transactions  F_057ce1/select_foreign_currency' is: 'Euro'

01-01-2024T19:14:33 - [MESSAGE][PASSED] - Text of object 'Object Repository/Transaction/Page_Create new withdrawal  Transactions  F_057ce1/select_foreign_currency' is: 'Euro'

01-01-2024T19:14:33 - [TEST_STEP][PASSED] - try: null

01-01-2024T19:14:33 - [TEST_STEP][PASSED] - waitForElementPresent(findTestObject("Object Repository/Transaction/Page_Create new withdrawal  Transactions  F_057ce1/select_(none)      My Budget", 0.5)): null

01-01-2024T19:14:33 - [TEST_STEP][PASSED] - catch (Exception err): null

01-01-2024T19:14:33 - [TEST_STEP][PASSED] - out.println("not found budget"): null

01-01-2024T19:14:33 - [TEST_STEP][PASSED] - setText(findTestObject("Object Repository/Transaction/Page_Create new withdrawal  Transactions  F_057ce1/input_category"), category): Text '' is set on object 'Object Repository/Transaction/Page_Create new withdrawal  Transactions  F_057ce1/input_category'

01-01-2024T19:14:34 - [MESSAGE][PASSED] - Text '' is set on object 'Object Repository/Transaction/Page_Create new withdrawal  Transactions  F_057ce1/input_category'

01-01-2024T19:14:34 - [TEST_STEP][PASSED] - selectOptionByValue(findTestObject("Object Repository/Transaction/Page_Create new withdrawal  Transactions  F_057ce1/select_(no piggy bank)                  1 (_6b16ef"), piggy_bank, true): All options with value '0' are selected in object 'Object Repository/Transaction/Page_Create new withdrawal  Transactions  F_057ce1/select_(no piggy bank)                  1 (_6b16ef'  using regular expression

01-01-2024T19:14:35 - [MESSAGE][PASSED] - All options with value '0' are selected in object 'Object Repository/Transaction/Page_Create new withdrawal  Transactions  F_057ce1/select_(no piggy bank)                  1 (_6b16ef'  using regular expression

01-01-2024T19:14:35 - [TEST_STEP][PASSED] - setText(findTestObject("Object Repository/Transaction/Page_Create new withdrawal  Transactions  F_057ce1/input_ti-new-tag-input ti-valid"), tags): Text '' is set on object 'Object Repository/Transaction/Page_Create new withdrawal  Transactions  F_057ce1/input_ti-new-tag-input ti-valid'

01-01-2024T19:14:36 - [MESSAGE][PASSED] - Text '' is set on object 'Object Repository/Transaction/Page_Create new withdrawal  Transactions  F_057ce1/input_ti-new-tag-input ti-valid'

01-01-2024T19:14:36 - [TEST_STEP][PASSED] - try: null

01-01-2024T19:14:36 - [TEST_STEP][PASSED] - waitForElementPresent(findTestObject("Object Repository/Transaction/Page_Create new withdrawal  Transactions  F_057ce1/select_(none)      Name"), 0.5): null

01-01-2024T19:14:36 - [TEST_STEP][PASSED] - catch (Exception err): null

01-01-2024T19:14:36 - [TEST_STEP][PASSED] - out.println("not found bill"): null

01-01-2024T19:14:36 - [TEST_STEP][PASSED] - click(findTestObject("Object Repository/Transaction/Page_Create new withdrawal  Transactions  F_057ce1/button_Submit")): Object: 'Object Repository/Transaction/Page_Create new withdrawal  Transactions  F_057ce1/button_Submit' is clicked on

01-01-2024T19:14:36 - [MESSAGE][PASSED] - Object: 'Object Repository/Transaction/Page_Create new withdrawal  Transactions  F_057ce1/button_Submit' is clicked on

01-01-2024T19:14:36 - [TEST_STEP][PASSED] - try: null

01-01-2024T19:14:36 - [TEST_STEP][PASSED] - verifyElementPresent(findTestObject("Shared_alert/text_dangers"), 1): Object 'Object Repository/Shared_alert/text_dangers' is present

01-01-2024T19:14:37 - [MESSAGE][PASSED] - Object 'Object Repository/Shared_alert/text_dangers' is present

01-01-2024T19:14:37 - [TEST_STEP][PASSED] - verifyElementNotPresent(findTestObject("Shared_alert/success_alert"), 1): Web element with id: 'Object Repository/Shared_alert/success_alert' located by 'By.cssSelector: #app > div.content-wrapper > section.content > div' is not present after '1' second(s)

01-01-2024T19:14:37 - [MESSAGE][PASSED] - Web element with id: 'Object Repository/Shared_alert/success_alert' located by 'By.cssSelector: #app > div.content-wrapper > section.content > div' is not present after '1' second(s)

01-01-2024T19:14:37 - [TEST_STEP][PASSED] - out.println("text danger"): null

01-01-2024T19:14:37 - [TEST_STEP][PASSED] - closeBrowser(): Browser is closed

01-01-2024T19:14:37 - [MESSAGE][PASSED] - Browser is closed]]></system-out>
         <system-err><![CDATA[]]></system-err>
      </testcase>
      <testcase name="Test Cases/Transaction" time="19.071" classname="Test Cases/Transaction" status="PASSED">
         <system-out><![CDATA[01-01-2024T19:14:38 - [TEST_CASE][PASSED] - Test Cases/Transaction: Test Cases/Transaction

01-01-2024T19:14:38 - [TEST_STEP][PASSED] - openBrowser(""): Browser is opened with url: ''

01-01-2024T19:14:38 - [MESSAGE][INFO] - Starting 'Chrome' driver

01-01-2024T19:14:38 - [MESSAGE][INFO] - Action delay is set to 0 milliseconds

01-01-2024T19:14:38 - [MESSAGE][PASSED] - Browser is opened with url: ''

01-01-2024T19:14:38 - [TEST_STEP][PASSED] - navigateToUrl("https://firefly.buudadawg.online/login"): Navigate to 'https://firefly.buudadawg.online/login' successfully

01-01-2024T19:14:41 - [MESSAGE][PASSED] - Navigate to 'https://firefly.buudadawg.online/login' successfully

01-01-2024T19:14:41 - [TEST_STEP][PASSED] - setText(findTestObject("Object Repository/Transaction/Page_Login to Firefly III/input_email"), username): Text 'killermh1352@gmail.com' is set on object 'Object Repository/Transaction/Page_Login to Firefly III/input_email'

01-01-2024T19:14:42 - [MESSAGE][PASSED] - Text 'killermh1352@gmail.com' is set on object 'Object Repository/Transaction/Page_Login to Firefly III/input_email'

01-01-2024T19:14:42 - [TEST_STEP][PASSED] - setText(findTestObject("Object Repository/Transaction/Page_Login to Firefly III/input_password"), password): Text 'tranvinhphuc2002' is set on object 'Object Repository/Transaction/Page_Login to Firefly III/input_password'

01-01-2024T19:14:43 - [MESSAGE][PASSED] - Text 'tranvinhphuc2002' is set on object 'Object Repository/Transaction/Page_Login to Firefly III/input_password'

01-01-2024T19:14:43 - [TEST_STEP][PASSED] - sendKeys(findTestObject("Object Repository/Transaction/Page_Login to Firefly III/input_password"), Keys.chord(ENTER)): Keys 'ENTER + ' sent to object: 'Object Repository/Transaction/Page_Login to Firefly III/input_password'

01-01-2024T19:14:44 - [MESSAGE][PASSED] - Keys 'ENTER + ' sent to object: 'Object Repository/Transaction/Page_Login to Firefly III/input_password'

01-01-2024T19:14:44 - [TEST_STEP][PASSED] - click(findTestObject("Object Repository/Transaction/Page_Whats playing  Firefly III/a_Transactions")): Object: 'Object Repository/Transaction/Page_Whats playing  Firefly III/a_Transactions' is clicked on

01-01-2024T19:14:45 - [MESSAGE][PASSED] - Object: 'Object Repository/Transaction/Page_Whats playing  Firefly III/a_Transactions' is clicked on

01-01-2024T19:14:45 - [TEST_STEP][PASSED] - click(findTestObject("Object Repository/Transaction/Page_Whats playing  Firefly III/a_Expenses")): Object: 'Object Repository/Transaction/Page_Whats playing  Firefly III/a_Expenses' is clicked on

01-01-2024T19:14:46 - [MESSAGE][PASSED] - Object: 'Object Repository/Transaction/Page_Whats playing  Firefly III/a_Expenses' is clicked on

01-01-2024T19:14:46 - [TEST_STEP][PASSED] - click(findTestObject("Object Repository/Transaction/Page_All expenses between January 1st, 2024_d388e7/a_Create a new transaction")): Object: 'Object Repository/Transaction/Page_All expenses between January 1st, 2024_d388e7/a_Create a new transaction' is clicked on

01-01-2024T19:14:47 - [MESSAGE][PASSED] - Object: 'Object Repository/Transaction/Page_All expenses between January 1st, 2024_d388e7/a_Create a new transaction' is clicked on

01-01-2024T19:14:47 - [TEST_STEP][PASSED] - setText(findTestObject("Transaction/Page_Create new withdrawal  Transactions  F_057ce1/input_description"), description): Text 'Plastic Products' is set on object 'Object Repository/Transaction/Page_Create new withdrawal  Transactions  F_057ce1/input_description'

01-01-2024T19:14:48 - [MESSAGE][PASSED] - Text 'Plastic Products' is set on object 'Object Repository/Transaction/Page_Create new withdrawal  Transactions  F_057ce1/input_description'

01-01-2024T19:14:48 - [TEST_STEP][PASSED] - setText(findTestObject("Object Repository/Transaction/Page_Create new withdrawal  Transactions  F_057ce1/input_source"), source_account, STOP_ON_FAILURE): Text 'My Asset Account' is set on object 'Object Repository/Transaction/Page_Create new withdrawal  Transactions  F_057ce1/input_source'

01-01-2024T19:14:49 - [MESSAGE][PASSED] - Text 'My Asset Account' is set on object 'Object Repository/Transaction/Page_Create new withdrawal  Transactions  F_057ce1/input_source'

01-01-2024T19:14:49 - [TEST_STEP][PASSED] - setText(findTestObject("Object Repository/Transaction/Page_Create new withdrawal  Transactions  F_057ce1/input_destination"), destination_account, STOP_ON_FAILURE): Text 'My Savings Account' is set on object 'Object Repository/Transaction/Page_Create new withdrawal  Transactions  F_057ce1/input_destination'

01-01-2024T19:14:50 - [MESSAGE][PASSED] - Text 'My Savings Account' is set on object 'Object Repository/Transaction/Page_Create new withdrawal  Transactions  F_057ce1/input_destination'

01-01-2024T19:14:50 - [TEST_STEP][PASSED] - setText(findTestObject("Transaction/Page_Create new withdrawal  Transactions  F_057ce1/input_date"), date): Text '2023-07-11T06:43' is set on object 'Object Repository/Transaction/Page_Create new withdrawal  Transactions  F_057ce1/input_date'

01-01-2024T19:14:51 - [MESSAGE][PASSED] - Text '2023-07-11T06:43' is set on object 'Object Repository/Transaction/Page_Create new withdrawal  Transactions  F_057ce1/input_date'

01-01-2024T19:14:51 - [TEST_STEP][PASSED] - setText(findTestObject("Object Repository/Transaction/Page_Create new withdrawal  Transactions  F_057ce1/input_amount"), amount): Text '23' is set on object 'Object Repository/Transaction/Page_Create new withdrawal  Transactions  F_057ce1/input_amount'

01-01-2024T19:14:52 - [MESSAGE][PASSED] - Text '23' is set on object 'Object Repository/Transaction/Page_Create new withdrawal  Transactions  F_057ce1/input_amount'

01-01-2024T19:14:52 - [TEST_STEP][PASSED] - if (getText(findTestObject("Object Repository/Transaction/Page_Create new withdrawal  Transactions  F_057ce1/select_foreign_currency")) == ""): Text of object 'Object Repository/Transaction/Page_Create new withdrawal  Transactions  F_057ce1/select_foreign_currency' is: 'Euro'

01-01-2024T19:14:52 - [MESSAGE][PASSED] - Text of object 'Object Repository/Transaction/Page_Create new withdrawal  Transactions  F_057ce1/select_foreign_currency' is: 'Euro'

01-01-2024T19:14:52 - [TEST_STEP][PASSED] - try: null

01-01-2024T19:14:52 - [TEST_STEP][PASSED] - waitForElementPresent(findTestObject("Object Repository/Transaction/Page_Create new withdrawal  Transactions  F_057ce1/select_(none)      My Budget", 0.5)): null

01-01-2024T19:14:52 - [TEST_STEP][PASSED] - catch (Exception err): null

01-01-2024T19:14:52 - [TEST_STEP][PASSED] - out.println("not found budget"): null

01-01-2024T19:14:52 - [TEST_STEP][PASSED] - setText(findTestObject("Object Repository/Transaction/Page_Create new withdrawal  Transactions  F_057ce1/input_category"), category): Text '' is set on object 'Object Repository/Transaction/Page_Create new withdrawal  Transactions  F_057ce1/input_category'

01-01-2024T19:14:53 - [MESSAGE][PASSED] - Text '' is set on object 'Object Repository/Transaction/Page_Create new withdrawal  Transactions  F_057ce1/input_category'

01-01-2024T19:14:53 - [TEST_STEP][PASSED] - selectOptionByValue(findTestObject("Object Repository/Transaction/Page_Create new withdrawal  Transactions  F_057ce1/select_(no piggy bank)                  1 (_6b16ef"), piggy_bank, true): All options with value '0' are selected in object 'Object Repository/Transaction/Page_Create new withdrawal  Transactions  F_057ce1/select_(no piggy bank)                  1 (_6b16ef'  using regular expression

01-01-2024T19:14:55 - [MESSAGE][PASSED] - All options with value '0' are selected in object 'Object Repository/Transaction/Page_Create new withdrawal  Transactions  F_057ce1/select_(no piggy bank)                  1 (_6b16ef'  using regular expression

01-01-2024T19:14:55 - [TEST_STEP][PASSED] - setText(findTestObject("Object Repository/Transaction/Page_Create new withdrawal  Transactions  F_057ce1/input_ti-new-tag-input ti-valid"), tags): Text '' is set on object 'Object Repository/Transaction/Page_Create new withdrawal  Transactions  F_057ce1/input_ti-new-tag-input ti-valid'

01-01-2024T19:14:55 - [MESSAGE][PASSED] - Text '' is set on object 'Object Repository/Transaction/Page_Create new withdrawal  Transactions  F_057ce1/input_ti-new-tag-input ti-valid'

01-01-2024T19:14:55 - [TEST_STEP][PASSED] - try: null

01-01-2024T19:14:55 - [TEST_STEP][PASSED] - waitForElementPresent(findTestObject("Object Repository/Transaction/Page_Create new withdrawal  Transactions  F_057ce1/select_(none)      Name"), 0.5): null

01-01-2024T19:14:55 - [TEST_STEP][PASSED] - catch (Exception err): null

01-01-2024T19:14:55 - [TEST_STEP][PASSED] - out.println("not found bill"): null

01-01-2024T19:14:55 - [TEST_STEP][PASSED] - click(findTestObject("Object Repository/Transaction/Page_Create new withdrawal  Transactions  F_057ce1/button_Submit")): Object: 'Object Repository/Transaction/Page_Create new withdrawal  Transactions  F_057ce1/button_Submit' is clicked on

01-01-2024T19:14:56 - [MESSAGE][PASSED] - Object: 'Object Repository/Transaction/Page_Create new withdrawal  Transactions  F_057ce1/button_Submit' is clicked on

01-01-2024T19:14:56 - [TEST_STEP][PASSED] - try: null

01-01-2024T19:14:56 - [TEST_STEP][PASSED] - verifyElementPresent(findTestObject("Shared_alert/text_dangers"), 1): Object 'Object Repository/Shared_alert/text_dangers' is present

01-01-2024T19:14:56 - [MESSAGE][PASSED] - Object 'Object Repository/Shared_alert/text_dangers' is present

01-01-2024T19:14:56 - [TEST_STEP][PASSED] - verifyElementNotPresent(findTestObject("Shared_alert/success_alert"), 1): Web element with id: 'Object Repository/Shared_alert/success_alert' located by 'By.cssSelector: #app > div.content-wrapper > section.content > div' is not present after '1' second(s)

01-01-2024T19:14:56 - [MESSAGE][PASSED] - Web element with id: 'Object Repository/Shared_alert/success_alert' located by 'By.cssSelector: #app > div.content-wrapper > section.content > div' is not present after '1' second(s)

01-01-2024T19:14:56 - [TEST_STEP][PASSED] - out.println("text danger"): null

01-01-2024T19:14:56 - [TEST_STEP][PASSED] - closeBrowser(): Browser is closed

01-01-2024T19:14:57 - [MESSAGE][PASSED] - Browser is closed]]></system-out>
         <system-err><![CDATA[]]></system-err>
      </testcase>
      <testcase name="Test Cases/Transaction" time="19.222" classname="Test Cases/Transaction" status="PASSED">
         <system-out><![CDATA[01-01-2024T19:14:57 - [TEST_CASE][PASSED] - Test Cases/Transaction: Test Cases/Transaction

01-01-2024T19:14:57 - [TEST_STEP][PASSED] - openBrowser(""): Browser is opened with url: ''

01-01-2024T19:14:57 - [MESSAGE][INFO] - Starting 'Chrome' driver

01-01-2024T19:14:57 - [MESSAGE][INFO] - Action delay is set to 0 milliseconds

01-01-2024T19:14:58 - [MESSAGE][PASSED] - Browser is opened with url: ''

01-01-2024T19:14:58 - [TEST_STEP][PASSED] - navigateToUrl("https://firefly.buudadawg.online/login"): Navigate to 'https://firefly.buudadawg.online/login' successfully

01-01-2024T19:15:01 - [MESSAGE][PASSED] - Navigate to 'https://firefly.buudadawg.online/login' successfully

01-01-2024T19:15:01 - [TEST_STEP][PASSED] - setText(findTestObject("Object Repository/Transaction/Page_Login to Firefly III/input_email"), username): Text 'killermh1352@gmail.com' is set on object 'Object Repository/Transaction/Page_Login to Firefly III/input_email'

01-01-2024T19:15:02 - [MESSAGE][PASSED] - Text 'killermh1352@gmail.com' is set on object 'Object Repository/Transaction/Page_Login to Firefly III/input_email'

01-01-2024T19:15:02 - [TEST_STEP][PASSED] - setText(findTestObject("Object Repository/Transaction/Page_Login to Firefly III/input_password"), password): Text 'tranvinhphuc2002' is set on object 'Object Repository/Transaction/Page_Login to Firefly III/input_password'

01-01-2024T19:15:02 - [MESSAGE][PASSED] - Text 'tranvinhphuc2002' is set on object 'Object Repository/Transaction/Page_Login to Firefly III/input_password'

01-01-2024T19:15:02 - [TEST_STEP][PASSED] - sendKeys(findTestObject("Object Repository/Transaction/Page_Login to Firefly III/input_password"), Keys.chord(ENTER)): Keys 'ENTER + ' sent to object: 'Object Repository/Transaction/Page_Login to Firefly III/input_password'

01-01-2024T19:15:03 - [MESSAGE][PASSED] - Keys 'ENTER + ' sent to object: 'Object Repository/Transaction/Page_Login to Firefly III/input_password'

01-01-2024T19:15:03 - [TEST_STEP][PASSED] - click(findTestObject("Object Repository/Transaction/Page_Whats playing  Firefly III/a_Transactions")): Object: 'Object Repository/Transaction/Page_Whats playing  Firefly III/a_Transactions' is clicked on

01-01-2024T19:15:04 - [MESSAGE][PASSED] - Object: 'Object Repository/Transaction/Page_Whats playing  Firefly III/a_Transactions' is clicked on

01-01-2024T19:15:04 - [TEST_STEP][PASSED] - click(findTestObject("Object Repository/Transaction/Page_Whats playing  Firefly III/a_Expenses")): Object: 'Object Repository/Transaction/Page_Whats playing  Firefly III/a_Expenses' is clicked on

01-01-2024T19:15:05 - [MESSAGE][PASSED] - Object: 'Object Repository/Transaction/Page_Whats playing  Firefly III/a_Expenses' is clicked on

01-01-2024T19:15:05 - [TEST_STEP][PASSED] - click(findTestObject("Object Repository/Transaction/Page_All expenses between January 1st, 2024_d388e7/a_Create a new transaction")): Object: 'Object Repository/Transaction/Page_All expenses between January 1st, 2024_d388e7/a_Create a new transaction' is clicked on

01-01-2024T19:15:06 - [MESSAGE][PASSED] - Object: 'Object Repository/Transaction/Page_All expenses between January 1st, 2024_d388e7/a_Create a new transaction' is clicked on

01-01-2024T19:15:06 - [TEST_STEP][PASSED] - setText(findTestObject("Transaction/Page_Create new withdrawal  Transactions  F_057ce1/input_description"), description): Text 'Precious Metals' is set on object 'Object Repository/Transaction/Page_Create new withdrawal  Transactions  F_057ce1/input_description'

01-01-2024T19:15:08 - [MESSAGE][PASSED] - Text 'Precious Metals' is set on object 'Object Repository/Transaction/Page_Create new withdrawal  Transactions  F_057ce1/input_description'

01-01-2024T19:15:08 - [TEST_STEP][PASSED] - setText(findTestObject("Object Repository/Transaction/Page_Create new withdrawal  Transactions  F_057ce1/input_source"), source_account, STOP_ON_FAILURE): Text 'My Savings Account' is set on object 'Object Repository/Transaction/Page_Create new withdrawal  Transactions  F_057ce1/input_source'

01-01-2024T19:15:08 - [MESSAGE][PASSED] - Text 'My Savings Account' is set on object 'Object Repository/Transaction/Page_Create new withdrawal  Transactions  F_057ce1/input_source'

01-01-2024T19:15:08 - [TEST_STEP][PASSED] - setText(findTestObject("Object Repository/Transaction/Page_Create new withdrawal  Transactions  F_057ce1/input_destination"), destination_account, STOP_ON_FAILURE): Text 'My Savings Account' is set on object 'Object Repository/Transaction/Page_Create new withdrawal  Transactions  F_057ce1/input_destination'

01-01-2024T19:15:09 - [MESSAGE][PASSED] - Text 'My Savings Account' is set on object 'Object Repository/Transaction/Page_Create new withdrawal  Transactions  F_057ce1/input_destination'

01-01-2024T19:15:09 - [TEST_STEP][PASSED] - setText(findTestObject("Transaction/Page_Create new withdrawal  Transactions  F_057ce1/input_date"), date): Text '2023-09-22T07:16' is set on object 'Object Repository/Transaction/Page_Create new withdrawal  Transactions  F_057ce1/input_date'

01-01-2024T19:15:11 - [MESSAGE][PASSED] - Text '2023-09-22T07:16' is set on object 'Object Repository/Transaction/Page_Create new withdrawal  Transactions  F_057ce1/input_date'

01-01-2024T19:15:11 - [TEST_STEP][PASSED] - setText(findTestObject("Object Repository/Transaction/Page_Create new withdrawal  Transactions  F_057ce1/input_amount"), amount): Text '82' is set on object 'Object Repository/Transaction/Page_Create new withdrawal  Transactions  F_057ce1/input_amount'

01-01-2024T19:15:11 - [MESSAGE][PASSED] - Text '82' is set on object 'Object Repository/Transaction/Page_Create new withdrawal  Transactions  F_057ce1/input_amount'

01-01-2024T19:15:11 - [TEST_STEP][PASSED] - if (getText(findTestObject("Object Repository/Transaction/Page_Create new withdrawal  Transactions  F_057ce1/select_foreign_currency")) == ""): Text of object 'Object Repository/Transaction/Page_Create new withdrawal  Transactions  F_057ce1/select_foreign_currency' is: 'Euro'

01-01-2024T19:15:12 - [MESSAGE][PASSED] - Text of object 'Object Repository/Transaction/Page_Create new withdrawal  Transactions  F_057ce1/select_foreign_currency' is: 'Euro'

01-01-2024T19:15:12 - [TEST_STEP][PASSED] - try: null

01-01-2024T19:15:12 - [TEST_STEP][PASSED] - waitForElementPresent(findTestObject("Object Repository/Transaction/Page_Create new withdrawal  Transactions  F_057ce1/select_(none)      My Budget", 0.5)): null

01-01-2024T19:15:12 - [TEST_STEP][PASSED] - catch (Exception err): null

01-01-2024T19:15:12 - [TEST_STEP][PASSED] - out.println("not found budget"): null

01-01-2024T19:15:12 - [TEST_STEP][PASSED] - setText(findTestObject("Object Repository/Transaction/Page_Create new withdrawal  Transactions  F_057ce1/input_category"), category): Text 'HVAC' is set on object 'Object Repository/Transaction/Page_Create new withdrawal  Transactions  F_057ce1/input_category'

01-01-2024T19:15:12 - [MESSAGE][PASSED] - Text 'HVAC' is set on object 'Object Repository/Transaction/Page_Create new withdrawal  Transactions  F_057ce1/input_category'

01-01-2024T19:15:12 - [TEST_STEP][PASSED] - selectOptionByValue(findTestObject("Object Repository/Transaction/Page_Create new withdrawal  Transactions  F_057ce1/select_(no piggy bank)                  1 (_6b16ef"), piggy_bank, true): All options with value '0' are selected in object 'Object Repository/Transaction/Page_Create new withdrawal  Transactions  F_057ce1/select_(no piggy bank)                  1 (_6b16ef'  using regular expression

01-01-2024T19:15:14 - [MESSAGE][PASSED] - All options with value '0' are selected in object 'Object Repository/Transaction/Page_Create new withdrawal  Transactions  F_057ce1/select_(no piggy bank)                  1 (_6b16ef'  using regular expression

01-01-2024T19:15:14 - [TEST_STEP][PASSED] - setText(findTestObject("Object Repository/Transaction/Page_Create new withdrawal  Transactions  F_057ce1/input_ti-new-tag-input ti-valid"), tags): Text 'Sauce - Soya, Dark' is set on object 'Object Repository/Transaction/Page_Create new withdrawal  Transactions  F_057ce1/input_ti-new-tag-input ti-valid'

01-01-2024T19:15:15 - [MESSAGE][PASSED] - Text 'Sauce - Soya, Dark' is set on object 'Object Repository/Transaction/Page_Create new withdrawal  Transactions  F_057ce1/input_ti-new-tag-input ti-valid'

01-01-2024T19:15:15 - [TEST_STEP][PASSED] - try: null

01-01-2024T19:15:15 - [TEST_STEP][PASSED] - waitForElementPresent(findTestObject("Object Repository/Transaction/Page_Create new withdrawal  Transactions  F_057ce1/select_(none)      Name"), 0.5): null

01-01-2024T19:15:15 - [TEST_STEP][PASSED] - catch (Exception err): null

01-01-2024T19:15:15 - [TEST_STEP][PASSED] - out.println("not found bill"): null

01-01-2024T19:15:15 - [TEST_STEP][PASSED] - click(findTestObject("Object Repository/Transaction/Page_Create new withdrawal  Transactions  F_057ce1/button_Submit")): Object: 'Object Repository/Transaction/Page_Create new withdrawal  Transactions  F_057ce1/button_Submit' is clicked on

01-01-2024T19:15:15 - [MESSAGE][PASSED] - Object: 'Object Repository/Transaction/Page_Create new withdrawal  Transactions  F_057ce1/button_Submit' is clicked on

01-01-2024T19:15:15 - [TEST_STEP][PASSED] - try: null

01-01-2024T19:15:15 - [TEST_STEP][PASSED] - verifyElementPresent(findTestObject("Shared_alert/text_dangers"), 1): Object 'Object Repository/Shared_alert/text_dangers' is present

01-01-2024T19:15:16 - [MESSAGE][PASSED] - Object 'Object Repository/Shared_alert/text_dangers' is present

01-01-2024T19:15:16 - [TEST_STEP][PASSED] - verifyElementNotPresent(findTestObject("Shared_alert/success_alert"), 1): Web element with id: 'Object Repository/Shared_alert/success_alert' located by 'By.cssSelector: #app > div.content-wrapper > section.content > div' is not present after '1' second(s)

01-01-2024T19:15:16 - [MESSAGE][PASSED] - Web element with id: 'Object Repository/Shared_alert/success_alert' located by 'By.cssSelector: #app > div.content-wrapper > section.content > div' is not present after '1' second(s)

01-01-2024T19:15:16 - [TEST_STEP][PASSED] - out.println("text danger"): null

01-01-2024T19:15:16 - [TEST_STEP][PASSED] - closeBrowser(): Browser is closed

01-01-2024T19:15:16 - [MESSAGE][PASSED] - Browser is closed]]></system-out>
         <system-err><![CDATA[]]></system-err>
      </testcase>
      <testcase name="Test Cases/Transaction" time="19.215" classname="Test Cases/Transaction" status="PASSED">
         <system-out><![CDATA[01-01-2024T19:15:16 - [TEST_CASE][PASSED] - Test Cases/Transaction: Test Cases/Transaction

01-01-2024T19:15:16 - [TEST_STEP][PASSED] - openBrowser(""): Browser is opened with url: ''

01-01-2024T19:15:16 - [MESSAGE][INFO] - Starting 'Chrome' driver

01-01-2024T19:15:16 - [MESSAGE][INFO] - Action delay is set to 0 milliseconds

01-01-2024T19:15:17 - [MESSAGE][PASSED] - Browser is opened with url: ''

01-01-2024T19:15:17 - [TEST_STEP][PASSED] - navigateToUrl("https://firefly.buudadawg.online/login"): Navigate to 'https://firefly.buudadawg.online/login' successfully

01-01-2024T19:15:20 - [MESSAGE][PASSED] - Navigate to 'https://firefly.buudadawg.online/login' successfully

01-01-2024T19:15:20 - [TEST_STEP][PASSED] - setText(findTestObject("Object Repository/Transaction/Page_Login to Firefly III/input_email"), username): Text 'killermh1352@gmail.com' is set on object 'Object Repository/Transaction/Page_Login to Firefly III/input_email'

01-01-2024T19:15:21 - [MESSAGE][PASSED] - Text 'killermh1352@gmail.com' is set on object 'Object Repository/Transaction/Page_Login to Firefly III/input_email'

01-01-2024T19:15:21 - [TEST_STEP][PASSED] - setText(findTestObject("Object Repository/Transaction/Page_Login to Firefly III/input_password"), password): Text 'tranvinhphuc2002' is set on object 'Object Repository/Transaction/Page_Login to Firefly III/input_password'

01-01-2024T19:15:22 - [MESSAGE][PASSED] - Text 'tranvinhphuc2002' is set on object 'Object Repository/Transaction/Page_Login to Firefly III/input_password'

01-01-2024T19:15:22 - [TEST_STEP][PASSED] - sendKeys(findTestObject("Object Repository/Transaction/Page_Login to Firefly III/input_password"), Keys.chord(ENTER)): Keys 'ENTER + ' sent to object: 'Object Repository/Transaction/Page_Login to Firefly III/input_password'

01-01-2024T19:15:23 - [MESSAGE][PASSED] - Keys 'ENTER + ' sent to object: 'Object Repository/Transaction/Page_Login to Firefly III/input_password'

01-01-2024T19:15:23 - [TEST_STEP][PASSED] - click(findTestObject("Object Repository/Transaction/Page_Whats playing  Firefly III/a_Transactions")): Object: 'Object Repository/Transaction/Page_Whats playing  Firefly III/a_Transactions' is clicked on

01-01-2024T19:15:24 - [MESSAGE][PASSED] - Object: 'Object Repository/Transaction/Page_Whats playing  Firefly III/a_Transactions' is clicked on

01-01-2024T19:15:24 - [TEST_STEP][PASSED] - click(findTestObject("Object Repository/Transaction/Page_Whats playing  Firefly III/a_Expenses")): Object: 'Object Repository/Transaction/Page_Whats playing  Firefly III/a_Expenses' is clicked on

01-01-2024T19:15:25 - [MESSAGE][PASSED] - Object: 'Object Repository/Transaction/Page_Whats playing  Firefly III/a_Expenses' is clicked on

01-01-2024T19:15:25 - [TEST_STEP][PASSED] - click(findTestObject("Object Repository/Transaction/Page_All expenses between January 1st, 2024_d388e7/a_Create a new transaction")): Object: 'Object Repository/Transaction/Page_All expenses between January 1st, 2024_d388e7/a_Create a new transaction' is clicked on

01-01-2024T19:15:26 - [MESSAGE][PASSED] - Object: 'Object Repository/Transaction/Page_All expenses between January 1st, 2024_d388e7/a_Create a new transaction' is clicked on

01-01-2024T19:15:26 - [TEST_STEP][PASSED] - setText(findTestObject("Transaction/Page_Create new withdrawal  Transactions  F_057ce1/input_description"), description): Text 'Television Services' is set on object 'Object Repository/Transaction/Page_Create new withdrawal  Transactions  F_057ce1/input_description'

01-01-2024T19:15:27 - [MESSAGE][PASSED] - Text 'Television Services' is set on object 'Object Repository/Transaction/Page_Create new withdrawal  Transactions  F_057ce1/input_description'

01-01-2024T19:15:27 - [TEST_STEP][PASSED] - setText(findTestObject("Object Repository/Transaction/Page_Create new withdrawal  Transactions  F_057ce1/input_source"), source_account, STOP_ON_FAILURE): Text 'My Savings Account' is set on object 'Object Repository/Transaction/Page_Create new withdrawal  Transactions  F_057ce1/input_source'

01-01-2024T19:15:28 - [MESSAGE][PASSED] - Text 'My Savings Account' is set on object 'Object Repository/Transaction/Page_Create new withdrawal  Transactions  F_057ce1/input_source'

01-01-2024T19:15:28 - [TEST_STEP][PASSED] - setText(findTestObject("Object Repository/Transaction/Page_Create new withdrawal  Transactions  F_057ce1/input_destination"), destination_account, STOP_ON_FAILURE): Text 'My Expense Account' is set on object 'Object Repository/Transaction/Page_Create new withdrawal  Transactions  F_057ce1/input_destination'

01-01-2024T19:15:29 - [MESSAGE][PASSED] - Text 'My Expense Account' is set on object 'Object Repository/Transaction/Page_Create new withdrawal  Transactions  F_057ce1/input_destination'

01-01-2024T19:15:29 - [TEST_STEP][PASSED] - setText(findTestObject("Transaction/Page_Create new withdrawal  Transactions  F_057ce1/input_date"), date): Text '2023-06-09T12:15' is set on object 'Object Repository/Transaction/Page_Create new withdrawal  Transactions  F_057ce1/input_date'

01-01-2024T19:15:30 - [MESSAGE][PASSED] - Text '2023-06-09T12:15' is set on object 'Object Repository/Transaction/Page_Create new withdrawal  Transactions  F_057ce1/input_date'

01-01-2024T19:15:30 - [TEST_STEP][PASSED] - setText(findTestObject("Object Repository/Transaction/Page_Create new withdrawal  Transactions  F_057ce1/input_amount"), amount): Text '45' is set on object 'Object Repository/Transaction/Page_Create new withdrawal  Transactions  F_057ce1/input_amount'

01-01-2024T19:15:31 - [MESSAGE][PASSED] - Text '45' is set on object 'Object Repository/Transaction/Page_Create new withdrawal  Transactions  F_057ce1/input_amount'

01-01-2024T19:15:31 - [TEST_STEP][PASSED] - if (getText(findTestObject("Object Repository/Transaction/Page_Create new withdrawal  Transactions  F_057ce1/select_foreign_currency")) == ""): Text of object 'Object Repository/Transaction/Page_Create new withdrawal  Transactions  F_057ce1/select_foreign_currency' is: 'Euro'

01-01-2024T19:15:31 - [MESSAGE][PASSED] - Text of object 'Object Repository/Transaction/Page_Create new withdrawal  Transactions  F_057ce1/select_foreign_currency' is: 'Euro'

01-01-2024T19:15:31 - [TEST_STEP][PASSED] - try: null

01-01-2024T19:15:31 - [TEST_STEP][PASSED] - waitForElementPresent(findTestObject("Object Repository/Transaction/Page_Create new withdrawal  Transactions  F_057ce1/select_(none)      My Budget", 0.5)): null

01-01-2024T19:15:31 - [TEST_STEP][PASSED] - catch (Exception err): null

01-01-2024T19:15:31 - [TEST_STEP][PASSED] - out.println("not found budget"): null

01-01-2024T19:15:31 - [TEST_STEP][PASSED] - setText(findTestObject("Object Repository/Transaction/Page_Create new withdrawal  Transactions  F_057ce1/input_category"), category): Text '' is set on object 'Object Repository/Transaction/Page_Create new withdrawal  Transactions  F_057ce1/input_category'

01-01-2024T19:15:32 - [MESSAGE][PASSED] - Text '' is set on object 'Object Repository/Transaction/Page_Create new withdrawal  Transactions  F_057ce1/input_category'

01-01-2024T19:15:32 - [TEST_STEP][PASSED] - selectOptionByValue(findTestObject("Object Repository/Transaction/Page_Create new withdrawal  Transactions  F_057ce1/select_(no piggy bank)                  1 (_6b16ef"), piggy_bank, true): All options with value '0' are selected in object 'Object Repository/Transaction/Page_Create new withdrawal  Transactions  F_057ce1/select_(no piggy bank)                  1 (_6b16ef'  using regular expression

01-01-2024T19:15:33 - [MESSAGE][PASSED] - All options with value '0' are selected in object 'Object Repository/Transaction/Page_Create new withdrawal  Transactions  F_057ce1/select_(no piggy bank)                  1 (_6b16ef'  using regular expression

01-01-2024T19:15:33 - [TEST_STEP][PASSED] - setText(findTestObject("Object Repository/Transaction/Page_Create new withdrawal  Transactions  F_057ce1/input_ti-new-tag-input ti-valid"), tags): Text '' is set on object 'Object Repository/Transaction/Page_Create new withdrawal  Transactions  F_057ce1/input_ti-new-tag-input ti-valid'

01-01-2024T19:15:34 - [MESSAGE][PASSED] - Text '' is set on object 'Object Repository/Transaction/Page_Create new withdrawal  Transactions  F_057ce1/input_ti-new-tag-input ti-valid'

01-01-2024T19:15:34 - [TEST_STEP][PASSED] - try: null

01-01-2024T19:15:34 - [TEST_STEP][PASSED] - waitForElementPresent(findTestObject("Object Repository/Transaction/Page_Create new withdrawal  Transactions  F_057ce1/select_(none)      Name"), 0.5): null

01-01-2024T19:15:34 - [TEST_STEP][PASSED] - catch (Exception err): null

01-01-2024T19:15:34 - [TEST_STEP][PASSED] - out.println("not found bill"): null

01-01-2024T19:15:34 - [TEST_STEP][PASSED] - click(findTestObject("Object Repository/Transaction/Page_Create new withdrawal  Transactions  F_057ce1/button_Submit")): Object: 'Object Repository/Transaction/Page_Create new withdrawal  Transactions  F_057ce1/button_Submit' is clicked on

01-01-2024T19:15:34 - [MESSAGE][PASSED] - Object: 'Object Repository/Transaction/Page_Create new withdrawal  Transactions  F_057ce1/button_Submit' is clicked on

01-01-2024T19:15:34 - [TEST_STEP][PASSED] - try: null

01-01-2024T19:15:34 - [TEST_STEP][PASSED] - verifyElementPresent(findTestObject("Shared_alert/text_dangers"), 1): Object 'Object Repository/Shared_alert/text_dangers' is present

01-01-2024T19:15:35 - [MESSAGE][PASSED] - Object 'Object Repository/Shared_alert/text_dangers' is present

01-01-2024T19:15:35 - [TEST_STEP][PASSED] - verifyElementNotPresent(findTestObject("Shared_alert/success_alert"), 1): Web element with id: 'Object Repository/Shared_alert/success_alert' located by 'By.cssSelector: #app > div.content-wrapper > section.content > div' is not present after '1' second(s)

01-01-2024T19:15:35 - [MESSAGE][PASSED] - Web element with id: 'Object Repository/Shared_alert/success_alert' located by 'By.cssSelector: #app > div.content-wrapper > section.content > div' is not present after '1' second(s)

01-01-2024T19:15:35 - [TEST_STEP][PASSED] - out.println("text danger"): null

01-01-2024T19:15:35 - [TEST_STEP][PASSED] - closeBrowser(): Browser is closed

01-01-2024T19:15:35 - [MESSAGE][PASSED] - Browser is closed]]></system-out>
         <system-err><![CDATA[]]></system-err>
      </testcase>
      <testcase name="Test Cases/Transaction" time="19.238" classname="Test Cases/Transaction" status="PASSED">
         <system-out><![CDATA[01-01-2024T19:15:35 - [TEST_CASE][PASSED] - Test Cases/Transaction: Test Cases/Transaction

01-01-2024T19:15:35 - [TEST_STEP][PASSED] - openBrowser(""): Browser is opened with url: ''

01-01-2024T19:15:35 - [MESSAGE][INFO] - Starting 'Chrome' driver

01-01-2024T19:15:35 - [MESSAGE][INFO] - Action delay is set to 0 milliseconds

01-01-2024T19:15:36 - [MESSAGE][PASSED] - Browser is opened with url: ''

01-01-2024T19:15:36 - [TEST_STEP][PASSED] - navigateToUrl("https://firefly.buudadawg.online/login"): Navigate to 'https://firefly.buudadawg.online/login' successfully

01-01-2024T19:15:39 - [MESSAGE][PASSED] - Navigate to 'https://firefly.buudadawg.online/login' successfully

01-01-2024T19:15:39 - [TEST_STEP][PASSED] - setText(findTestObject("Object Repository/Transaction/Page_Login to Firefly III/input_email"), username): Text 'killermh1352@gmail.com' is set on object 'Object Repository/Transaction/Page_Login to Firefly III/input_email'

01-01-2024T19:15:40 - [MESSAGE][PASSED] - Text 'killermh1352@gmail.com' is set on object 'Object Repository/Transaction/Page_Login to Firefly III/input_email'

01-01-2024T19:15:40 - [TEST_STEP][PASSED] - setText(findTestObject("Object Repository/Transaction/Page_Login to Firefly III/input_password"), password): Text 'tranvinhphuc2002' is set on object 'Object Repository/Transaction/Page_Login to Firefly III/input_password'

01-01-2024T19:15:41 - [MESSAGE][PASSED] - Text 'tranvinhphuc2002' is set on object 'Object Repository/Transaction/Page_Login to Firefly III/input_password'

01-01-2024T19:15:41 - [TEST_STEP][PASSED] - sendKeys(findTestObject("Object Repository/Transaction/Page_Login to Firefly III/input_password"), Keys.chord(ENTER)): Keys 'ENTER + ' sent to object: 'Object Repository/Transaction/Page_Login to Firefly III/input_password'

01-01-2024T19:15:42 - [MESSAGE][PASSED] - Keys 'ENTER + ' sent to object: 'Object Repository/Transaction/Page_Login to Firefly III/input_password'

01-01-2024T19:15:42 - [TEST_STEP][PASSED] - click(findTestObject("Object Repository/Transaction/Page_Whats playing  Firefly III/a_Transactions")): Object: 'Object Repository/Transaction/Page_Whats playing  Firefly III/a_Transactions' is clicked on

01-01-2024T19:15:43 - [MESSAGE][PASSED] - Object: 'Object Repository/Transaction/Page_Whats playing  Firefly III/a_Transactions' is clicked on

01-01-2024T19:15:43 - [TEST_STEP][PASSED] - click(findTestObject("Object Repository/Transaction/Page_Whats playing  Firefly III/a_Expenses")): Object: 'Object Repository/Transaction/Page_Whats playing  Firefly III/a_Expenses' is clicked on

01-01-2024T19:15:44 - [MESSAGE][PASSED] - Object: 'Object Repository/Transaction/Page_Whats playing  Firefly III/a_Expenses' is clicked on

01-01-2024T19:15:44 - [TEST_STEP][PASSED] - click(findTestObject("Object Repository/Transaction/Page_All expenses between January 1st, 2024_d388e7/a_Create a new transaction")): Object: 'Object Repository/Transaction/Page_All expenses between January 1st, 2024_d388e7/a_Create a new transaction' is clicked on

01-01-2024T19:15:45 - [MESSAGE][PASSED] - Object: 'Object Repository/Transaction/Page_All expenses between January 1st, 2024_d388e7/a_Create a new transaction' is clicked on

01-01-2024T19:15:45 - [TEST_STEP][PASSED] - setText(findTestObject("Transaction/Page_Create new withdrawal  Transactions  F_057ce1/input_description"), description): Text 'Medical/Dental Instruments' is set on object 'Object Repository/Transaction/Page_Create new withdrawal  Transactions  F_057ce1/input_description'

01-01-2024T19:15:46 - [MESSAGE][PASSED] - Text 'Medical/Dental Instruments' is set on object 'Object Repository/Transaction/Page_Create new withdrawal  Transactions  F_057ce1/input_description'

01-01-2024T19:15:46 - [TEST_STEP][PASSED] - setText(findTestObject("Object Repository/Transaction/Page_Create new withdrawal  Transactions  F_057ce1/input_source"), source_account, STOP_ON_FAILURE): Text 'My Asset Account' is set on object 'Object Repository/Transaction/Page_Create new withdrawal  Transactions  F_057ce1/input_source'

01-01-2024T19:15:47 - [MESSAGE][PASSED] - Text 'My Asset Account' is set on object 'Object Repository/Transaction/Page_Create new withdrawal  Transactions  F_057ce1/input_source'

01-01-2024T19:15:47 - [TEST_STEP][PASSED] - setText(findTestObject("Object Repository/Transaction/Page_Create new withdrawal  Transactions  F_057ce1/input_destination"), destination_account, STOP_ON_FAILURE): Text 'My Expense Account' is set on object 'Object Repository/Transaction/Page_Create new withdrawal  Transactions  F_057ce1/input_destination'

01-01-2024T19:15:48 - [MESSAGE][PASSED] - Text 'My Expense Account' is set on object 'Object Repository/Transaction/Page_Create new withdrawal  Transactions  F_057ce1/input_destination'

01-01-2024T19:15:48 - [TEST_STEP][PASSED] - setText(findTestObject("Transaction/Page_Create new withdrawal  Transactions  F_057ce1/input_date"), date): Text '2023-06-22T20:07' is set on object 'Object Repository/Transaction/Page_Create new withdrawal  Transactions  F_057ce1/input_date'

01-01-2024T19:15:49 - [MESSAGE][PASSED] - Text '2023-06-22T20:07' is set on object 'Object Repository/Transaction/Page_Create new withdrawal  Transactions  F_057ce1/input_date'

01-01-2024T19:15:49 - [TEST_STEP][PASSED] - setText(findTestObject("Object Repository/Transaction/Page_Create new withdrawal  Transactions  F_057ce1/input_amount"), amount): Text '96' is set on object 'Object Repository/Transaction/Page_Create new withdrawal  Transactions  F_057ce1/input_amount'

01-01-2024T19:15:50 - [MESSAGE][PASSED] - Text '96' is set on object 'Object Repository/Transaction/Page_Create new withdrawal  Transactions  F_057ce1/input_amount'

01-01-2024T19:15:50 - [TEST_STEP][PASSED] - if (getText(findTestObject("Object Repository/Transaction/Page_Create new withdrawal  Transactions  F_057ce1/select_foreign_currency")) == ""): Text of object 'Object Repository/Transaction/Page_Create new withdrawal  Transactions  F_057ce1/select_foreign_currency' is: 'Euro'

01-01-2024T19:15:50 - [MESSAGE][PASSED] - Text of object 'Object Repository/Transaction/Page_Create new withdrawal  Transactions  F_057ce1/select_foreign_currency' is: 'Euro'

01-01-2024T19:15:50 - [TEST_STEP][PASSED] - try: null

01-01-2024T19:15:50 - [TEST_STEP][PASSED] - waitForElementPresent(findTestObject("Object Repository/Transaction/Page_Create new withdrawal  Transactions  F_057ce1/select_(none)      My Budget", 0.5)): null

01-01-2024T19:15:50 - [TEST_STEP][PASSED] - catch (Exception err): null

01-01-2024T19:15:50 - [TEST_STEP][PASSED] - out.println("not found budget"): null

01-01-2024T19:15:50 - [TEST_STEP][PASSED] - setText(findTestObject("Object Repository/Transaction/Page_Create new withdrawal  Transactions  F_057ce1/input_category"), category): Text 'Sitework & Site Utilities' is set on object 'Object Repository/Transaction/Page_Create new withdrawal  Transactions  F_057ce1/input_category'

01-01-2024T19:15:51 - [MESSAGE][PASSED] - Text 'Sitework & Site Utilities' is set on object 'Object Repository/Transaction/Page_Create new withdrawal  Transactions  F_057ce1/input_category'

01-01-2024T19:15:51 - [TEST_STEP][PASSED] - selectOptionByValue(findTestObject("Object Repository/Transaction/Page_Create new withdrawal  Transactions  F_057ce1/select_(no piggy bank)                  1 (_6b16ef"), piggy_bank, true): All options with value '46' are selected in object 'Object Repository/Transaction/Page_Create new withdrawal  Transactions  F_057ce1/select_(no piggy bank)                  1 (_6b16ef'  using regular expression

01-01-2024T19:15:53 - [MESSAGE][PASSED] - All options with value '46' are selected in object 'Object Repository/Transaction/Page_Create new withdrawal  Transactions  F_057ce1/select_(no piggy bank)                  1 (_6b16ef'  using regular expression

01-01-2024T19:15:53 - [TEST_STEP][PASSED] - setText(findTestObject("Object Repository/Transaction/Page_Create new withdrawal  Transactions  F_057ce1/input_ti-new-tag-input ti-valid"), tags): Text '' is set on object 'Object Repository/Transaction/Page_Create new withdrawal  Transactions  F_057ce1/input_ti-new-tag-input ti-valid'

01-01-2024T19:15:53 - [MESSAGE][PASSED] - Text '' is set on object 'Object Repository/Transaction/Page_Create new withdrawal  Transactions  F_057ce1/input_ti-new-tag-input ti-valid'

01-01-2024T19:15:53 - [TEST_STEP][PASSED] - try: null

01-01-2024T19:15:53 - [TEST_STEP][PASSED] - waitForElementPresent(findTestObject("Object Repository/Transaction/Page_Create new withdrawal  Transactions  F_057ce1/select_(none)      Name"), 0.5): null

01-01-2024T19:15:53 - [TEST_STEP][PASSED] - catch (Exception err): null

01-01-2024T19:15:53 - [TEST_STEP][PASSED] - out.println("not found bill"): null

01-01-2024T19:15:53 - [TEST_STEP][PASSED] - click(findTestObject("Object Repository/Transaction/Page_Create new withdrawal  Transactions  F_057ce1/button_Submit")): Object: 'Object Repository/Transaction/Page_Create new withdrawal  Transactions  F_057ce1/button_Submit' is clicked on

01-01-2024T19:15:54 - [MESSAGE][PASSED] - Object: 'Object Repository/Transaction/Page_Create new withdrawal  Transactions  F_057ce1/button_Submit' is clicked on

01-01-2024T19:15:54 - [TEST_STEP][PASSED] - try: null

01-01-2024T19:15:54 - [TEST_STEP][PASSED] - verifyElementPresent(findTestObject("Shared_alert/text_dangers"), 1): Object 'Object Repository/Shared_alert/text_dangers' is present

01-01-2024T19:15:54 - [MESSAGE][PASSED] - Object 'Object Repository/Shared_alert/text_dangers' is present

01-01-2024T19:15:54 - [TEST_STEP][PASSED] - verifyElementNotPresent(findTestObject("Shared_alert/success_alert"), 1): Web element with id: 'Object Repository/Shared_alert/success_alert' located by 'By.cssSelector: #app > div.content-wrapper > section.content > div' is not present after '1' second(s)

01-01-2024T19:15:55 - [MESSAGE][PASSED] - Web element with id: 'Object Repository/Shared_alert/success_alert' located by 'By.cssSelector: #app > div.content-wrapper > section.content > div' is not present after '1' second(s)

01-01-2024T19:15:55 - [TEST_STEP][PASSED] - out.println("text danger"): null

01-01-2024T19:15:55 - [TEST_STEP][PASSED] - closeBrowser(): Browser is closed

01-01-2024T19:15:55 - [MESSAGE][PASSED] - Browser is closed]]></system-out>
         <system-err><![CDATA[]]></system-err>
      </testcase>
      <testcase name="Test Cases/Transaction" time="18.891" classname="Test Cases/Transaction" status="PASSED">
         <system-out><![CDATA[01-01-2024T19:15:55 - [TEST_CASE][PASSED] - Test Cases/Transaction: Test Cases/Transaction

01-01-2024T19:15:55 - [TEST_STEP][PASSED] - openBrowser(""): Browser is opened with url: ''

01-01-2024T19:15:55 - [MESSAGE][INFO] - Starting 'Chrome' driver

01-01-2024T19:15:55 - [MESSAGE][INFO] - Action delay is set to 0 milliseconds

01-01-2024T19:15:56 - [MESSAGE][PASSED] - Browser is opened with url: ''

01-01-2024T19:15:56 - [TEST_STEP][PASSED] - navigateToUrl("https://firefly.buudadawg.online/login"): Navigate to 'https://firefly.buudadawg.online/login' successfully

01-01-2024T19:15:59 - [MESSAGE][PASSED] - Navigate to 'https://firefly.buudadawg.online/login' successfully

01-01-2024T19:15:59 - [TEST_STEP][PASSED] - setText(findTestObject("Object Repository/Transaction/Page_Login to Firefly III/input_email"), username): Text 'killermh1352@gmail.com' is set on object 'Object Repository/Transaction/Page_Login to Firefly III/input_email'

01-01-2024T19:16:00 - [MESSAGE][PASSED] - Text 'killermh1352@gmail.com' is set on object 'Object Repository/Transaction/Page_Login to Firefly III/input_email'

01-01-2024T19:16:00 - [TEST_STEP][PASSED] - setText(findTestObject("Object Repository/Transaction/Page_Login to Firefly III/input_password"), password): Text 'tranvinhphuc2002' is set on object 'Object Repository/Transaction/Page_Login to Firefly III/input_password'

01-01-2024T19:16:00 - [MESSAGE][PASSED] - Text 'tranvinhphuc2002' is set on object 'Object Repository/Transaction/Page_Login to Firefly III/input_password'

01-01-2024T19:16:00 - [TEST_STEP][PASSED] - sendKeys(findTestObject("Object Repository/Transaction/Page_Login to Firefly III/input_password"), Keys.chord(ENTER)): Keys 'ENTER + ' sent to object: 'Object Repository/Transaction/Page_Login to Firefly III/input_password'

01-01-2024T19:16:01 - [MESSAGE][PASSED] - Keys 'ENTER + ' sent to object: 'Object Repository/Transaction/Page_Login to Firefly III/input_password'

01-01-2024T19:16:01 - [TEST_STEP][PASSED] - click(findTestObject("Object Repository/Transaction/Page_Whats playing  Firefly III/a_Transactions")): Object: 'Object Repository/Transaction/Page_Whats playing  Firefly III/a_Transactions' is clicked on

01-01-2024T19:16:02 - [MESSAGE][PASSED] - Object: 'Object Repository/Transaction/Page_Whats playing  Firefly III/a_Transactions' is clicked on

01-01-2024T19:16:02 - [TEST_STEP][PASSED] - click(findTestObject("Object Repository/Transaction/Page_Whats playing  Firefly III/a_Expenses")): Object: 'Object Repository/Transaction/Page_Whats playing  Firefly III/a_Expenses' is clicked on

01-01-2024T19:16:03 - [MESSAGE][PASSED] - Object: 'Object Repository/Transaction/Page_Whats playing  Firefly III/a_Expenses' is clicked on

01-01-2024T19:16:03 - [TEST_STEP][PASSED] - click(findTestObject("Object Repository/Transaction/Page_All expenses between January 1st, 2024_d388e7/a_Create a new transaction")): Object: 'Object Repository/Transaction/Page_All expenses between January 1st, 2024_d388e7/a_Create a new transaction' is clicked on

01-01-2024T19:16:04 - [MESSAGE][PASSED] - Object: 'Object Repository/Transaction/Page_All expenses between January 1st, 2024_d388e7/a_Create a new transaction' is clicked on

01-01-2024T19:16:04 - [TEST_STEP][PASSED] - setText(findTestObject("Transaction/Page_Create new withdrawal  Transactions  F_057ce1/input_description"), description): Text 'Major Pharmaceuticals' is set on object 'Object Repository/Transaction/Page_Create new withdrawal  Transactions  F_057ce1/input_description'

01-01-2024T19:16:05 - [MESSAGE][PASSED] - Text 'Major Pharmaceuticals' is set on object 'Object Repository/Transaction/Page_Create new withdrawal  Transactions  F_057ce1/input_description'

01-01-2024T19:16:05 - [TEST_STEP][PASSED] - setText(findTestObject("Object Repository/Transaction/Page_Create new withdrawal  Transactions  F_057ce1/input_source"), source_account, STOP_ON_FAILURE): Text 'My Asset Account' is set on object 'Object Repository/Transaction/Page_Create new withdrawal  Transactions  F_057ce1/input_source'

01-01-2024T19:16:06 - [MESSAGE][PASSED] - Text 'My Asset Account' is set on object 'Object Repository/Transaction/Page_Create new withdrawal  Transactions  F_057ce1/input_source'

01-01-2024T19:16:06 - [TEST_STEP][PASSED] - setText(findTestObject("Object Repository/Transaction/Page_Create new withdrawal  Transactions  F_057ce1/input_destination"), destination_account, STOP_ON_FAILURE): Text 'My Savings Account' is set on object 'Object Repository/Transaction/Page_Create new withdrawal  Transactions  F_057ce1/input_destination'

01-01-2024T19:16:07 - [MESSAGE][PASSED] - Text 'My Savings Account' is set on object 'Object Repository/Transaction/Page_Create new withdrawal  Transactions  F_057ce1/input_destination'

01-01-2024T19:16:07 - [TEST_STEP][PASSED] - setText(findTestObject("Transaction/Page_Create new withdrawal  Transactions  F_057ce1/input_date"), date): Text '2023-08-28T13:37' is set on object 'Object Repository/Transaction/Page_Create new withdrawal  Transactions  F_057ce1/input_date'

01-01-2024T19:16:08 - [MESSAGE][PASSED] - Text '2023-08-28T13:37' is set on object 'Object Repository/Transaction/Page_Create new withdrawal  Transactions  F_057ce1/input_date'

01-01-2024T19:16:08 - [TEST_STEP][PASSED] - setText(findTestObject("Object Repository/Transaction/Page_Create new withdrawal  Transactions  F_057ce1/input_amount"), amount): Text '14' is set on object 'Object Repository/Transaction/Page_Create new withdrawal  Transactions  F_057ce1/input_amount'

01-01-2024T19:16:09 - [MESSAGE][PASSED] - Text '14' is set on object 'Object Repository/Transaction/Page_Create new withdrawal  Transactions  F_057ce1/input_amount'

01-01-2024T19:16:09 - [TEST_STEP][PASSED] - if (getText(findTestObject("Object Repository/Transaction/Page_Create new withdrawal  Transactions  F_057ce1/select_foreign_currency")) == ""): Text of object 'Object Repository/Transaction/Page_Create new withdrawal  Transactions  F_057ce1/select_foreign_currency' is: 'Euro'

01-01-2024T19:16:09 - [MESSAGE][PASSED] - Text of object 'Object Repository/Transaction/Page_Create new withdrawal  Transactions  F_057ce1/select_foreign_currency' is: 'Euro'

01-01-2024T19:16:09 - [TEST_STEP][PASSED] - try: null

01-01-2024T19:16:09 - [TEST_STEP][PASSED] - waitForElementPresent(findTestObject("Object Repository/Transaction/Page_Create new withdrawal  Transactions  F_057ce1/select_(none)      My Budget", 0.5)): null

01-01-2024T19:16:09 - [TEST_STEP][PASSED] - catch (Exception err): null

01-01-2024T19:16:09 - [TEST_STEP][PASSED] - out.println("not found budget"): null

01-01-2024T19:16:09 - [TEST_STEP][PASSED] - setText(findTestObject("Object Repository/Transaction/Page_Create new withdrawal  Transactions  F_057ce1/input_category"), category): Text '' is set on object 'Object Repository/Transaction/Page_Create new withdrawal  Transactions  F_057ce1/input_category'

01-01-2024T19:16:10 - [MESSAGE][PASSED] - Text '' is set on object 'Object Repository/Transaction/Page_Create new withdrawal  Transactions  F_057ce1/input_category'

01-01-2024T19:16:10 - [TEST_STEP][PASSED] - selectOptionByValue(findTestObject("Object Repository/Transaction/Page_Create new withdrawal  Transactions  F_057ce1/select_(no piggy bank)                  1 (_6b16ef"), piggy_bank, true): All options with value '46' are selected in object 'Object Repository/Transaction/Page_Create new withdrawal  Transactions  F_057ce1/select_(no piggy bank)                  1 (_6b16ef'  using regular expression

01-01-2024T19:16:12 - [MESSAGE][PASSED] - All options with value '46' are selected in object 'Object Repository/Transaction/Page_Create new withdrawal  Transactions  F_057ce1/select_(no piggy bank)                  1 (_6b16ef'  using regular expression

01-01-2024T19:16:12 - [TEST_STEP][PASSED] - setText(findTestObject("Object Repository/Transaction/Page_Create new withdrawal  Transactions  F_057ce1/input_ti-new-tag-input ti-valid"), tags): Text '' is set on object 'Object Repository/Transaction/Page_Create new withdrawal  Transactions  F_057ce1/input_ti-new-tag-input ti-valid'

01-01-2024T19:16:12 - [MESSAGE][PASSED] - Text '' is set on object 'Object Repository/Transaction/Page_Create new withdrawal  Transactions  F_057ce1/input_ti-new-tag-input ti-valid'

01-01-2024T19:16:12 - [TEST_STEP][PASSED] - try: null

01-01-2024T19:16:12 - [TEST_STEP][PASSED] - waitForElementPresent(findTestObject("Object Repository/Transaction/Page_Create new withdrawal  Transactions  F_057ce1/select_(none)      Name"), 0.5): null

01-01-2024T19:16:12 - [TEST_STEP][PASSED] - catch (Exception err): null

01-01-2024T19:16:12 - [TEST_STEP][PASSED] - out.println("not found bill"): null

01-01-2024T19:16:12 - [TEST_STEP][PASSED] - click(findTestObject("Object Repository/Transaction/Page_Create new withdrawal  Transactions  F_057ce1/button_Submit")): Object: 'Object Repository/Transaction/Page_Create new withdrawal  Transactions  F_057ce1/button_Submit' is clicked on

01-01-2024T19:16:13 - [MESSAGE][PASSED] - Object: 'Object Repository/Transaction/Page_Create new withdrawal  Transactions  F_057ce1/button_Submit' is clicked on

01-01-2024T19:16:13 - [TEST_STEP][PASSED] - try: null

01-01-2024T19:16:13 - [TEST_STEP][PASSED] - verifyElementPresent(findTestObject("Shared_alert/text_dangers"), 1): Object 'Object Repository/Shared_alert/text_dangers' is present

01-01-2024T19:16:13 - [MESSAGE][PASSED] - Object 'Object Repository/Shared_alert/text_dangers' is present

01-01-2024T19:16:13 - [TEST_STEP][PASSED] - verifyElementNotPresent(findTestObject("Shared_alert/success_alert"), 1): Web element with id: 'Object Repository/Shared_alert/success_alert' located by 'By.cssSelector: #app > div.content-wrapper > section.content > div' is not present after '1' second(s)

01-01-2024T19:16:14 - [MESSAGE][PASSED] - Web element with id: 'Object Repository/Shared_alert/success_alert' located by 'By.cssSelector: #app > div.content-wrapper > section.content > div' is not present after '1' second(s)

01-01-2024T19:16:14 - [TEST_STEP][PASSED] - out.println("text danger"): null

01-01-2024T19:16:14 - [TEST_STEP][PASSED] - closeBrowser(): Browser is closed

01-01-2024T19:16:14 - [MESSAGE][PASSED] - Browser is closed]]></system-out>
         <system-err><![CDATA[]]></system-err>
      </testcase>
      <testcase name="Test Cases/Transaction" time="19.279" classname="Test Cases/Transaction" status="PASSED">
         <system-out><![CDATA[01-01-2024T19:16:14 - [TEST_CASE][PASSED] - Test Cases/Transaction: Test Cases/Transaction

01-01-2024T19:16:14 - [TEST_STEP][PASSED] - openBrowser(""): Browser is opened with url: ''

01-01-2024T19:16:14 - [MESSAGE][INFO] - Starting 'Chrome' driver

01-01-2024T19:16:14 - [MESSAGE][INFO] - Action delay is set to 0 milliseconds

01-01-2024T19:16:15 - [MESSAGE][PASSED] - Browser is opened with url: ''

01-01-2024T19:16:15 - [TEST_STEP][PASSED] - navigateToUrl("https://firefly.buudadawg.online/login"): Navigate to 'https://firefly.buudadawg.online/login' successfully

01-01-2024T19:16:18 - [MESSAGE][PASSED] - Navigate to 'https://firefly.buudadawg.online/login' successfully

01-01-2024T19:16:18 - [TEST_STEP][PASSED] - setText(findTestObject("Object Repository/Transaction/Page_Login to Firefly III/input_email"), username): Text 'killermh1352@gmail.com' is set on object 'Object Repository/Transaction/Page_Login to Firefly III/input_email'

01-01-2024T19:16:18 - [MESSAGE][PASSED] - Text 'killermh1352@gmail.com' is set on object 'Object Repository/Transaction/Page_Login to Firefly III/input_email'

01-01-2024T19:16:18 - [TEST_STEP][PASSED] - setText(findTestObject("Object Repository/Transaction/Page_Login to Firefly III/input_password"), password): Text 'tranvinhphuc2002' is set on object 'Object Repository/Transaction/Page_Login to Firefly III/input_password'

01-01-2024T19:16:19 - [MESSAGE][PASSED] - Text 'tranvinhphuc2002' is set on object 'Object Repository/Transaction/Page_Login to Firefly III/input_password'

01-01-2024T19:16:19 - [TEST_STEP][PASSED] - sendKeys(findTestObject("Object Repository/Transaction/Page_Login to Firefly III/input_password"), Keys.chord(ENTER)): Keys 'ENTER + ' sent to object: 'Object Repository/Transaction/Page_Login to Firefly III/input_password'

01-01-2024T19:16:20 - [MESSAGE][PASSED] - Keys 'ENTER + ' sent to object: 'Object Repository/Transaction/Page_Login to Firefly III/input_password'

01-01-2024T19:16:20 - [TEST_STEP][PASSED] - click(findTestObject("Object Repository/Transaction/Page_Whats playing  Firefly III/a_Transactions")): Object: 'Object Repository/Transaction/Page_Whats playing  Firefly III/a_Transactions' is clicked on

01-01-2024T19:16:21 - [MESSAGE][PASSED] - Object: 'Object Repository/Transaction/Page_Whats playing  Firefly III/a_Transactions' is clicked on

01-01-2024T19:16:21 - [TEST_STEP][PASSED] - click(findTestObject("Object Repository/Transaction/Page_Whats playing  Firefly III/a_Expenses")): Object: 'Object Repository/Transaction/Page_Whats playing  Firefly III/a_Expenses' is clicked on

01-01-2024T19:16:22 - [MESSAGE][PASSED] - Object: 'Object Repository/Transaction/Page_Whats playing  Firefly III/a_Expenses' is clicked on

01-01-2024T19:16:22 - [TEST_STEP][PASSED] - click(findTestObject("Object Repository/Transaction/Page_All expenses between January 1st, 2024_d388e7/a_Create a new transaction")): Object: 'Object Repository/Transaction/Page_All expenses between January 1st, 2024_d388e7/a_Create a new transaction' is clicked on

01-01-2024T19:16:23 - [MESSAGE][PASSED] - Object: 'Object Repository/Transaction/Page_All expenses between January 1st, 2024_d388e7/a_Create a new transaction' is clicked on

01-01-2024T19:16:23 - [TEST_STEP][PASSED] - setText(findTestObject("Transaction/Page_Create new withdrawal  Transactions  F_057ce1/input_description"), description): Text 'EDP Services' is set on object 'Object Repository/Transaction/Page_Create new withdrawal  Transactions  F_057ce1/input_description'

01-01-2024T19:16:24 - [MESSAGE][PASSED] - Text 'EDP Services' is set on object 'Object Repository/Transaction/Page_Create new withdrawal  Transactions  F_057ce1/input_description'

01-01-2024T19:16:24 - [TEST_STEP][PASSED] - setText(findTestObject("Object Repository/Transaction/Page_Create new withdrawal  Transactions  F_057ce1/input_source"), source_account, STOP_ON_FAILURE): Text 'My Asset Account' is set on object 'Object Repository/Transaction/Page_Create new withdrawal  Transactions  F_057ce1/input_source'

01-01-2024T19:16:25 - [MESSAGE][PASSED] - Text 'My Asset Account' is set on object 'Object Repository/Transaction/Page_Create new withdrawal  Transactions  F_057ce1/input_source'

01-01-2024T19:16:25 - [TEST_STEP][PASSED] - setText(findTestObject("Object Repository/Transaction/Page_Create new withdrawal  Transactions  F_057ce1/input_destination"), destination_account, STOP_ON_FAILURE): Text 'My Savings Account' is set on object 'Object Repository/Transaction/Page_Create new withdrawal  Transactions  F_057ce1/input_destination'

01-01-2024T19:16:26 - [MESSAGE][PASSED] - Text 'My Savings Account' is set on object 'Object Repository/Transaction/Page_Create new withdrawal  Transactions  F_057ce1/input_destination'

01-01-2024T19:16:26 - [TEST_STEP][PASSED] - setText(findTestObject("Transaction/Page_Create new withdrawal  Transactions  F_057ce1/input_date"), date): Text '2023-05-18T09:46' is set on object 'Object Repository/Transaction/Page_Create new withdrawal  Transactions  F_057ce1/input_date'

01-01-2024T19:16:28 - [MESSAGE][PASSED] - Text '2023-05-18T09:46' is set on object 'Object Repository/Transaction/Page_Create new withdrawal  Transactions  F_057ce1/input_date'

01-01-2024T19:16:28 - [TEST_STEP][PASSED] - setText(findTestObject("Object Repository/Transaction/Page_Create new withdrawal  Transactions  F_057ce1/input_amount"), amount): Text '10' is set on object 'Object Repository/Transaction/Page_Create new withdrawal  Transactions  F_057ce1/input_amount'

01-01-2024T19:16:28 - [MESSAGE][PASSED] - Text '10' is set on object 'Object Repository/Transaction/Page_Create new withdrawal  Transactions  F_057ce1/input_amount'

01-01-2024T19:16:28 - [TEST_STEP][PASSED] - if (getText(findTestObject("Object Repository/Transaction/Page_Create new withdrawal  Transactions  F_057ce1/select_foreign_currency")) == ""): Text of object 'Object Repository/Transaction/Page_Create new withdrawal  Transactions  F_057ce1/select_foreign_currency' is: 'Euro'

01-01-2024T19:16:29 - [MESSAGE][PASSED] - Text of object 'Object Repository/Transaction/Page_Create new withdrawal  Transactions  F_057ce1/select_foreign_currency' is: 'Euro'

01-01-2024T19:16:29 - [TEST_STEP][PASSED] - try: null

01-01-2024T19:16:29 - [TEST_STEP][PASSED] - waitForElementPresent(findTestObject("Object Repository/Transaction/Page_Create new withdrawal  Transactions  F_057ce1/select_(none)      My Budget", 0.5)): null

01-01-2024T19:16:29 - [TEST_STEP][PASSED] - catch (Exception err): null

01-01-2024T19:16:29 - [TEST_STEP][PASSED] - out.println("not found budget"): null

01-01-2024T19:16:29 - [TEST_STEP][PASSED] - setText(findTestObject("Object Repository/Transaction/Page_Create new withdrawal  Transactions  F_057ce1/input_category"), category): Text 'Asphalt Paving' is set on object 'Object Repository/Transaction/Page_Create new withdrawal  Transactions  F_057ce1/input_category'

01-01-2024T19:16:29 - [MESSAGE][PASSED] - Text 'Asphalt Paving' is set on object 'Object Repository/Transaction/Page_Create new withdrawal  Transactions  F_057ce1/input_category'

01-01-2024T19:16:29 - [TEST_STEP][PASSED] - selectOptionByValue(findTestObject("Object Repository/Transaction/Page_Create new withdrawal  Transactions  F_057ce1/select_(no piggy bank)                  1 (_6b16ef"), piggy_bank, true): All options with value '0' are selected in object 'Object Repository/Transaction/Page_Create new withdrawal  Transactions  F_057ce1/select_(no piggy bank)                  1 (_6b16ef'  using regular expression

01-01-2024T19:16:31 - [MESSAGE][PASSED] - All options with value '0' are selected in object 'Object Repository/Transaction/Page_Create new withdrawal  Transactions  F_057ce1/select_(no piggy bank)                  1 (_6b16ef'  using regular expression

01-01-2024T19:16:31 - [TEST_STEP][PASSED] - setText(findTestObject("Object Repository/Transaction/Page_Create new withdrawal  Transactions  F_057ce1/input_ti-new-tag-input ti-valid"), tags): Text 'Sansho Powder' is set on object 'Object Repository/Transaction/Page_Create new withdrawal  Transactions  F_057ce1/input_ti-new-tag-input ti-valid'

01-01-2024T19:16:32 - [MESSAGE][PASSED] - Text 'Sansho Powder' is set on object 'Object Repository/Transaction/Page_Create new withdrawal  Transactions  F_057ce1/input_ti-new-tag-input ti-valid'

01-01-2024T19:16:32 - [TEST_STEP][PASSED] - try: null

01-01-2024T19:16:32 - [TEST_STEP][PASSED] - waitForElementPresent(findTestObject("Object Repository/Transaction/Page_Create new withdrawal  Transactions  F_057ce1/select_(none)      Name"), 0.5): null

01-01-2024T19:16:32 - [TEST_STEP][PASSED] - catch (Exception err): null

01-01-2024T19:16:32 - [TEST_STEP][PASSED] - out.println("not found bill"): null

01-01-2024T19:16:32 - [TEST_STEP][PASSED] - click(findTestObject("Object Repository/Transaction/Page_Create new withdrawal  Transactions  F_057ce1/button_Submit")): Object: 'Object Repository/Transaction/Page_Create new withdrawal  Transactions  F_057ce1/button_Submit' is clicked on

01-01-2024T19:16:32 - [MESSAGE][PASSED] - Object: 'Object Repository/Transaction/Page_Create new withdrawal  Transactions  F_057ce1/button_Submit' is clicked on

01-01-2024T19:16:32 - [TEST_STEP][PASSED] - try: null

01-01-2024T19:16:32 - [TEST_STEP][PASSED] - verifyElementPresent(findTestObject("Shared_alert/text_dangers"), 1): Object 'Object Repository/Shared_alert/text_dangers' is present

01-01-2024T19:16:33 - [MESSAGE][PASSED] - Object 'Object Repository/Shared_alert/text_dangers' is present

01-01-2024T19:16:33 - [TEST_STEP][PASSED] - verifyElementNotPresent(findTestObject("Shared_alert/success_alert"), 1): Web element with id: 'Object Repository/Shared_alert/success_alert' located by 'By.cssSelector: #app > div.content-wrapper > section.content > div' is not present after '1' second(s)

01-01-2024T19:16:33 - [MESSAGE][PASSED] - Web element with id: 'Object Repository/Shared_alert/success_alert' located by 'By.cssSelector: #app > div.content-wrapper > section.content > div' is not present after '1' second(s)

01-01-2024T19:16:33 - [TEST_STEP][PASSED] - out.println("text danger"): null

01-01-2024T19:16:33 - [TEST_STEP][PASSED] - closeBrowser(): Browser is closed

01-01-2024T19:16:33 - [MESSAGE][PASSED] - Browser is closed]]></system-out>
         <system-err><![CDATA[]]></system-err>
      </testcase>
      <testcase name="Test Cases/Transaction" time="18.929" classname="Test Cases/Transaction" status="PASSED">
         <system-out><![CDATA[01-01-2024T19:16:33 - [TEST_CASE][PASSED] - Test Cases/Transaction: Test Cases/Transaction

01-01-2024T19:16:33 - [TEST_STEP][PASSED] - openBrowser(""): Browser is opened with url: ''

01-01-2024T19:16:33 - [MESSAGE][INFO] - Starting 'Chrome' driver

01-01-2024T19:16:33 - [MESSAGE][INFO] - Action delay is set to 0 milliseconds

01-01-2024T19:16:34 - [MESSAGE][PASSED] - Browser is opened with url: ''

01-01-2024T19:16:34 - [TEST_STEP][PASSED] - navigateToUrl("https://firefly.buudadawg.online/login"): Navigate to 'https://firefly.buudadawg.online/login' successfully

01-01-2024T19:16:37 - [MESSAGE][PASSED] - Navigate to 'https://firefly.buudadawg.online/login' successfully

01-01-2024T19:16:37 - [TEST_STEP][PASSED] - setText(findTestObject("Object Repository/Transaction/Page_Login to Firefly III/input_email"), username): Text 'killermh1352@gmail.com' is set on object 'Object Repository/Transaction/Page_Login to Firefly III/input_email'

01-01-2024T19:16:38 - [MESSAGE][PASSED] - Text 'killermh1352@gmail.com' is set on object 'Object Repository/Transaction/Page_Login to Firefly III/input_email'

01-01-2024T19:16:38 - [TEST_STEP][PASSED] - setText(findTestObject("Object Repository/Transaction/Page_Login to Firefly III/input_password"), password): Text 'tranvinhphuc2002' is set on object 'Object Repository/Transaction/Page_Login to Firefly III/input_password'

01-01-2024T19:16:39 - [MESSAGE][PASSED] - Text 'tranvinhphuc2002' is set on object 'Object Repository/Transaction/Page_Login to Firefly III/input_password'

01-01-2024T19:16:39 - [TEST_STEP][PASSED] - sendKeys(findTestObject("Object Repository/Transaction/Page_Login to Firefly III/input_password"), Keys.chord(ENTER)): Keys 'ENTER + ' sent to object: 'Object Repository/Transaction/Page_Login to Firefly III/input_password'

01-01-2024T19:16:40 - [MESSAGE][PASSED] - Keys 'ENTER + ' sent to object: 'Object Repository/Transaction/Page_Login to Firefly III/input_password'

01-01-2024T19:16:40 - [TEST_STEP][PASSED] - click(findTestObject("Object Repository/Transaction/Page_Whats playing  Firefly III/a_Transactions")): Object: 'Object Repository/Transaction/Page_Whats playing  Firefly III/a_Transactions' is clicked on

01-01-2024T19:16:41 - [MESSAGE][PASSED] - Object: 'Object Repository/Transaction/Page_Whats playing  Firefly III/a_Transactions' is clicked on

01-01-2024T19:16:41 - [TEST_STEP][PASSED] - click(findTestObject("Object Repository/Transaction/Page_Whats playing  Firefly III/a_Expenses")): Object: 'Object Repository/Transaction/Page_Whats playing  Firefly III/a_Expenses' is clicked on

01-01-2024T19:16:42 - [MESSAGE][PASSED] - Object: 'Object Repository/Transaction/Page_Whats playing  Firefly III/a_Expenses' is clicked on

01-01-2024T19:16:42 - [TEST_STEP][PASSED] - click(findTestObject("Object Repository/Transaction/Page_All expenses between January 1st, 2024_d388e7/a_Create a new transaction")): Object: 'Object Repository/Transaction/Page_All expenses between January 1st, 2024_d388e7/a_Create a new transaction' is clicked on

01-01-2024T19:16:43 - [MESSAGE][PASSED] - Object: 'Object Repository/Transaction/Page_All expenses between January 1st, 2024_d388e7/a_Create a new transaction' is clicked on

01-01-2024T19:16:43 - [TEST_STEP][PASSED] - setText(findTestObject("Transaction/Page_Create new withdrawal  Transactions  F_057ce1/input_description"), description): Text 'Oil/Gas Transmission' is set on object 'Object Repository/Transaction/Page_Create new withdrawal  Transactions  F_057ce1/input_description'

01-01-2024T19:16:44 - [MESSAGE][PASSED] - Text 'Oil/Gas Transmission' is set on object 'Object Repository/Transaction/Page_Create new withdrawal  Transactions  F_057ce1/input_description'

01-01-2024T19:16:44 - [TEST_STEP][PASSED] - setText(findTestObject("Object Repository/Transaction/Page_Create new withdrawal  Transactions  F_057ce1/input_source"), source_account, STOP_ON_FAILURE): Text 'My Savings Account' is set on object 'Object Repository/Transaction/Page_Create new withdrawal  Transactions  F_057ce1/input_source'

01-01-2024T19:16:45 - [MESSAGE][PASSED] - Text 'My Savings Account' is set on object 'Object Repository/Transaction/Page_Create new withdrawal  Transactions  F_057ce1/input_source'

01-01-2024T19:16:45 - [TEST_STEP][PASSED] - setText(findTestObject("Object Repository/Transaction/Page_Create new withdrawal  Transactions  F_057ce1/input_destination"), destination_account, STOP_ON_FAILURE): Text 'My Savings Account' is set on object 'Object Repository/Transaction/Page_Create new withdrawal  Transactions  F_057ce1/input_destination'

01-01-2024T19:16:46 - [MESSAGE][PASSED] - Text 'My Savings Account' is set on object 'Object Repository/Transaction/Page_Create new withdrawal  Transactions  F_057ce1/input_destination'

01-01-2024T19:16:46 - [TEST_STEP][PASSED] - setText(findTestObject("Transaction/Page_Create new withdrawal  Transactions  F_057ce1/input_date"), date): Text '2023-03-07T09:06' is set on object 'Object Repository/Transaction/Page_Create new withdrawal  Transactions  F_057ce1/input_date'

01-01-2024T19:16:47 - [MESSAGE][PASSED] - Text '2023-03-07T09:06' is set on object 'Object Repository/Transaction/Page_Create new withdrawal  Transactions  F_057ce1/input_date'

01-01-2024T19:16:47 - [TEST_STEP][PASSED] - setText(findTestObject("Object Repository/Transaction/Page_Create new withdrawal  Transactions  F_057ce1/input_amount"), amount): Text '42' is set on object 'Object Repository/Transaction/Page_Create new withdrawal  Transactions  F_057ce1/input_amount'

01-01-2024T19:16:48 - [MESSAGE][PASSED] - Text '42' is set on object 'Object Repository/Transaction/Page_Create new withdrawal  Transactions  F_057ce1/input_amount'

01-01-2024T19:16:48 - [TEST_STEP][PASSED] - if (getText(findTestObject("Object Repository/Transaction/Page_Create new withdrawal  Transactions  F_057ce1/select_foreign_currency")) == ""): Text of object 'Object Repository/Transaction/Page_Create new withdrawal  Transactions  F_057ce1/select_foreign_currency' is: 'Euro'

01-01-2024T19:16:48 - [MESSAGE][PASSED] - Text of object 'Object Repository/Transaction/Page_Create new withdrawal  Transactions  F_057ce1/select_foreign_currency' is: 'Euro'

01-01-2024T19:16:48 - [TEST_STEP][PASSED] - try: null

01-01-2024T19:16:48 - [TEST_STEP][PASSED] - waitForElementPresent(findTestObject("Object Repository/Transaction/Page_Create new withdrawal  Transactions  F_057ce1/select_(none)      My Budget", 0.5)): null

01-01-2024T19:16:48 - [TEST_STEP][PASSED] - catch (Exception err): null

01-01-2024T19:16:48 - [TEST_STEP][PASSED] - out.println("not found budget"): null

01-01-2024T19:16:48 - [TEST_STEP][PASSED] - setText(findTestObject("Object Repository/Transaction/Page_Create new withdrawal  Transactions  F_057ce1/input_category"), category): Text '' is set on object 'Object Repository/Transaction/Page_Create new withdrawal  Transactions  F_057ce1/input_category'

01-01-2024T19:16:49 - [MESSAGE][PASSED] - Text '' is set on object 'Object Repository/Transaction/Page_Create new withdrawal  Transactions  F_057ce1/input_category'

01-01-2024T19:16:49 - [TEST_STEP][PASSED] - selectOptionByValue(findTestObject("Object Repository/Transaction/Page_Create new withdrawal  Transactions  F_057ce1/select_(no piggy bank)                  1 (_6b16ef"), piggy_bank, true): All options with value '46' are selected in object 'Object Repository/Transaction/Page_Create new withdrawal  Transactions  F_057ce1/select_(no piggy bank)                  1 (_6b16ef'  using regular expression

01-01-2024T19:16:50 - [MESSAGE][PASSED] - All options with value '46' are selected in object 'Object Repository/Transaction/Page_Create new withdrawal  Transactions  F_057ce1/select_(no piggy bank)                  1 (_6b16ef'  using regular expression

01-01-2024T19:16:50 - [TEST_STEP][PASSED] - setText(findTestObject("Object Repository/Transaction/Page_Create new withdrawal  Transactions  F_057ce1/input_ti-new-tag-input ti-valid"), tags): Text '' is set on object 'Object Repository/Transaction/Page_Create new withdrawal  Transactions  F_057ce1/input_ti-new-tag-input ti-valid'

01-01-2024T19:16:51 - [MESSAGE][PASSED] - Text '' is set on object 'Object Repository/Transaction/Page_Create new withdrawal  Transactions  F_057ce1/input_ti-new-tag-input ti-valid'

01-01-2024T19:16:51 - [TEST_STEP][PASSED] - try: null

01-01-2024T19:16:51 - [TEST_STEP][PASSED] - waitForElementPresent(findTestObject("Object Repository/Transaction/Page_Create new withdrawal  Transactions  F_057ce1/select_(none)      Name"), 0.5): null

01-01-2024T19:16:51 - [TEST_STEP][PASSED] - catch (Exception err): null

01-01-2024T19:16:51 - [TEST_STEP][PASSED] - out.println("not found bill"): null

01-01-2024T19:16:51 - [TEST_STEP][PASSED] - click(findTestObject("Object Repository/Transaction/Page_Create new withdrawal  Transactions  F_057ce1/button_Submit")): Object: 'Object Repository/Transaction/Page_Create new withdrawal  Transactions  F_057ce1/button_Submit' is clicked on

01-01-2024T19:16:51 - [MESSAGE][PASSED] - Object: 'Object Repository/Transaction/Page_Create new withdrawal  Transactions  F_057ce1/button_Submit' is clicked on

01-01-2024T19:16:51 - [TEST_STEP][PASSED] - try: null

01-01-2024T19:16:51 - [TEST_STEP][PASSED] - verifyElementPresent(findTestObject("Shared_alert/text_dangers"), 1): Object 'Object Repository/Shared_alert/text_dangers' is present

01-01-2024T19:16:52 - [MESSAGE][PASSED] - Object 'Object Repository/Shared_alert/text_dangers' is present

01-01-2024T19:16:52 - [TEST_STEP][PASSED] - verifyElementNotPresent(findTestObject("Shared_alert/success_alert"), 1): Web element with id: 'Object Repository/Shared_alert/success_alert' located by 'By.cssSelector: #app > div.content-wrapper > section.content > div' is not present after '1' second(s)

01-01-2024T19:16:52 - [MESSAGE][PASSED] - Web element with id: 'Object Repository/Shared_alert/success_alert' located by 'By.cssSelector: #app > div.content-wrapper > section.content > div' is not present after '1' second(s)

01-01-2024T19:16:52 - [TEST_STEP][PASSED] - out.println("text danger"): null

01-01-2024T19:16:52 - [TEST_STEP][PASSED] - closeBrowser(): Browser is closed

01-01-2024T19:16:52 - [MESSAGE][PASSED] - Browser is closed]]></system-out>
         <system-err><![CDATA[]]></system-err>
      </testcase>
      <system-out><![CDATA[01-01-2024T19:13:36 - [TEST_SUITE][PASSED] - Transaction: Test Cases/Transaction]]></system-out>
      <system-err><![CDATA[]]></system-err>
   </testsuite>
</testsuites>
