<?xml version="1.0" encoding="UTF-8"?>
<testsuites name="Transaction" time="190.435" tests="10" failures="0" errors="0">
   <testsuite name="Transaction" tests="10" failures="0" errors="0" time="190.435" skipped="0" timestamp="01-01-2024T22:44:44" hostname="MODERN 15 - Phuc" id="Test Suites/Transaction">
      <properties>
         <property name="deviceName" value=""/>
         <property name="devicePlatform" value=""/>
         <property name="logFolder" value="C:\\Users\\MODERN 15\\git\\G1_Firefly_testing\\Reports\\20240101_224438\\Transaction\\20240101_224439"/>
         <property name="logFiles" value="C:\\Users\\MODERN 15\\git\\G1_Firefly_testing\\Reports\\20240101_224438\\Transaction\\20240101_224439\\execution0.log"/>
         <property name="attachments" value=""/>
         <property name="hostName" value="MODERN 15 - Phuc"/>
         <property name="os" value="Windows 11 64bit"/>
         <property name="katalonVersion" value="9.1.0.212"/>
         <property name="browser" value="Chrome 120.0.0.0"/>
         <property name="hostAddress" value="192.168.1.4"/>
         <property name="sessionId" value="6bbb783bba16197e3f6930e27792887e"/>
         <property name="seleniumVersion" value="3.141.59"/>
         <property name="proxyInformation" value="ProxyInformation { proxyOption=NO_PROXY, proxyServerType=HTTP, username=, password=********, proxyServerAddress=, proxyServerPort=0, executionList=&quot;&quot;, isApplyToDesiredCapabilities=true }"/>
         <property name="platform" value="Windows 11"/>
      </properties>
      <testcase name="Test Cases/Transaction" time="21.485" classname="Test Cases/Transaction" status="PASSED">
         <system-out><![CDATA[01-01-2024T22:44:44 - [TEST_CASE][PASSED] - Test Cases/Transaction: Test Cases/Transaction

01-01-2024T22:44:45 - [TEST_STEP][PASSED] - openBrowser(""): Browser is opened with url: ''

01-01-2024T22:44:46 - [MESSAGE][INFO] - Starting 'Chrome' driver

01-01-2024T22:44:46 - [MESSAGE][INFO] - Action delay is set to 0 milliseconds

01-01-2024T22:44:47 - [MESSAGE][PASSED] - Browser is opened with url: ''

01-01-2024T22:44:47 - [TEST_STEP][PASSED] - navigateToUrl("https://firefly.buudadawg.online/login"): Navigate to 'https://firefly.buudadawg.online/login' successfully

01-01-2024T22:44:50 - [MESSAGE][PASSED] - Navigate to 'https://firefly.buudadawg.online/login' successfully

01-01-2024T22:44:50 - [TEST_STEP][PASSED] - setText(findTestObject("Object Repository/Transaction/Page_Login to Firefly III/input_email"), username): Text 'killermh1352@gmail.com' is set on object 'Object Repository/Transaction/Page_Login to Firefly III/input_email'

01-01-2024T22:44:51 - [MESSAGE][PASSED] - Text 'killermh1352@gmail.com' is set on object 'Object Repository/Transaction/Page_Login to Firefly III/input_email'

01-01-2024T22:44:51 - [TEST_STEP][PASSED] - setText(findTestObject("Object Repository/Transaction/Page_Login to Firefly III/input_password"), password): Text 'tranvinhphuc2002' is set on object 'Object Repository/Transaction/Page_Login to Firefly III/input_password'

01-01-2024T22:44:52 - [MESSAGE][PASSED] - Text 'tranvinhphuc2002' is set on object 'Object Repository/Transaction/Page_Login to Firefly III/input_password'

01-01-2024T22:44:52 - [TEST_STEP][PASSED] - sendKeys(findTestObject("Object Repository/Transaction/Page_Login to Firefly III/input_password"), Keys.chord(ENTER)): Keys 'ENTER + ' sent to object: 'Object Repository/Transaction/Page_Login to Firefly III/input_password'

01-01-2024T22:44:53 - [MESSAGE][PASSED] - Keys 'ENTER + ' sent to object: 'Object Repository/Transaction/Page_Login to Firefly III/input_password'

01-01-2024T22:44:53 - [TEST_STEP][PASSED] - click(findTestObject("Object Repository/Transaction/Page_Whats playing  Firefly III/a_Transactions")): Object: 'Object Repository/Transaction/Page_Whats playing  Firefly III/a_Transactions' is clicked on

01-01-2024T22:44:54 - [MESSAGE][PASSED] - Object: 'Object Repository/Transaction/Page_Whats playing  Firefly III/a_Transactions' is clicked on

01-01-2024T22:44:54 - [TEST_STEP][PASSED] - click(findTestObject("Object Repository/Transaction/Page_Whats playing  Firefly III/a_Expenses")): Object: 'Object Repository/Transaction/Page_Whats playing  Firefly III/a_Expenses' is clicked on

01-01-2024T22:44:55 - [MESSAGE][PASSED] - Object: 'Object Repository/Transaction/Page_Whats playing  Firefly III/a_Expenses' is clicked on

01-01-2024T22:44:55 - [TEST_STEP][PASSED] - click(findTestObject("Object Repository/Transaction/Page_All expenses between January 1st, 2024_d388e7/a_Create a new transaction")): Object: 'Object Repository/Transaction/Page_All expenses between January 1st, 2024_d388e7/a_Create a new transaction' is clicked on

01-01-2024T22:44:56 - [MESSAGE][PASSED] - Object: 'Object Repository/Transaction/Page_All expenses between January 1st, 2024_d388e7/a_Create a new transaction' is clicked on

01-01-2024T22:44:56 - [TEST_STEP][PASSED] - setText(findTestObject("Transaction/Page_Create new withdrawal  Transactions  F_057ce1/input_description"), description): Text 'Books' is set on object 'Object Repository/Transaction/Page_Create new withdrawal  Transactions  F_057ce1/input_description'

01-01-2024T22:44:57 - [MESSAGE][PASSED] - Text 'Books' is set on object 'Object Repository/Transaction/Page_Create new withdrawal  Transactions  F_057ce1/input_description'

01-01-2024T22:44:57 - [TEST_STEP][PASSED] - setText(findTestObject("Object Repository/Transaction/Page_Create new withdrawal  Transactions  F_057ce1/input_source"), source_account, STOP_ON_FAILURE): Text 'My Savings Account' is set on object 'Object Repository/Transaction/Page_Create new withdrawal  Transactions  F_057ce1/input_source'

01-01-2024T22:44:58 - [MESSAGE][PASSED] - Text 'My Savings Account' is set on object 'Object Repository/Transaction/Page_Create new withdrawal  Transactions  F_057ce1/input_source'

01-01-2024T22:44:58 - [TEST_STEP][PASSED] - setText(findTestObject("Object Repository/Transaction/Page_Create new withdrawal  Transactions  F_057ce1/input_destination"), destination_account, STOP_ON_FAILURE): Text 'My Savings Account' is set on object 'Object Repository/Transaction/Page_Create new withdrawal  Transactions  F_057ce1/input_destination'

01-01-2024T22:44:59 - [MESSAGE][PASSED] - Text 'My Savings Account' is set on object 'Object Repository/Transaction/Page_Create new withdrawal  Transactions  F_057ce1/input_destination'

01-01-2024T22:44:59 - [TEST_STEP][PASSED] - setText(findTestObject("Transaction/Page_Create new withdrawal  Transactions  F_057ce1/input_date"), date): Text '2023-03-06T19:32' is set on object 'Object Repository/Transaction/Page_Create new withdrawal  Transactions  F_057ce1/input_date'

01-01-2024T22:45:00 - [MESSAGE][PASSED] - Text '2023-03-06T19:32' is set on object 'Object Repository/Transaction/Page_Create new withdrawal  Transactions  F_057ce1/input_date'

01-01-2024T22:45:00 - [TEST_STEP][PASSED] - setText(findTestObject("Object Repository/Transaction/Page_Create new withdrawal  Transactions  F_057ce1/input_amount"), amount): Text '964' is set on object 'Object Repository/Transaction/Page_Create new withdrawal  Transactions  F_057ce1/input_amount'

01-01-2024T22:45:01 - [MESSAGE][PASSED] - Text '964' is set on object 'Object Repository/Transaction/Page_Create new withdrawal  Transactions  F_057ce1/input_amount'

01-01-2024T22:45:01 - [TEST_STEP][PASSED] - if (getText(findTestObject("Object Repository/Transaction/Page_Create new withdrawal  Transactions  F_057ce1/select_foreign_currency")) == ""): Text of object 'Object Repository/Transaction/Page_Create new withdrawal  Transactions  F_057ce1/select_foreign_currency' is: 'Euro'

01-01-2024T22:45:01 - [MESSAGE][PASSED] - Text of object 'Object Repository/Transaction/Page_Create new withdrawal  Transactions  F_057ce1/select_foreign_currency' is: 'Euro'

01-01-2024T22:45:01 - [TEST_STEP][PASSED] - try: null

01-01-2024T22:45:01 - [TEST_STEP][PASSED] - waitForElementPresent(findTestObject("Object Repository/Transaction/Page_Create new withdrawal  Transactions  F_057ce1/select_(none)      My Budget", 0.5)): null

01-01-2024T22:45:01 - [TEST_STEP][PASSED] - catch (Exception err): null

01-01-2024T22:45:01 - [TEST_STEP][PASSED] - out.println("not found budget"): null

01-01-2024T22:45:01 - [TEST_STEP][PASSED] - setText(findTestObject("Object Repository/Transaction/Page_Create new withdrawal  Transactions  F_057ce1/input_category"), category): Text 'RF Shielding' is set on object 'Object Repository/Transaction/Page_Create new withdrawal  Transactions  F_057ce1/input_category'

01-01-2024T22:45:02 - [MESSAGE][PASSED] - Text 'RF Shielding' is set on object 'Object Repository/Transaction/Page_Create new withdrawal  Transactions  F_057ce1/input_category'

01-01-2024T22:45:02 - [TEST_STEP][PASSED] - selectOptionByValue(findTestObject("Object Repository/Transaction/Page_Create new withdrawal  Transactions  F_057ce1/select_(no piggy bank)                  1 (_6b16ef"), piggy_bank, true): All options with value '0' are selected in object 'Object Repository/Transaction/Page_Create new withdrawal  Transactions  F_057ce1/select_(no piggy bank)                  1 (_6b16ef'  using regular expression

01-01-2024T22:45:04 - [MESSAGE][PASSED] - All options with value '0' are selected in object 'Object Repository/Transaction/Page_Create new withdrawal  Transactions  F_057ce1/select_(no piggy bank)                  1 (_6b16ef'  using regular expression

01-01-2024T22:45:04 - [TEST_STEP][PASSED] - setText(findTestObject("Object Repository/Transaction/Page_Create new withdrawal  Transactions  F_057ce1/input_ti-new-tag-input ti-valid"), tags): Text 'Wine - George Duboeuf Rose' is set on object 'Object Repository/Transaction/Page_Create new withdrawal  Transactions  F_057ce1/input_ti-new-tag-input ti-valid'

01-01-2024T22:45:04 - [MESSAGE][PASSED] - Text 'Wine - George Duboeuf Rose' is set on object 'Object Repository/Transaction/Page_Create new withdrawal  Transactions  F_057ce1/input_ti-new-tag-input ti-valid'

01-01-2024T22:45:04 - [TEST_STEP][PASSED] - try: null

01-01-2024T22:45:04 - [TEST_STEP][PASSED] - waitForElementPresent(findTestObject("Object Repository/Transaction/Page_Create new withdrawal  Transactions  F_057ce1/select_(none)      Name"), 0.5): null

01-01-2024T22:45:04 - [TEST_STEP][PASSED] - catch (Exception err): null

01-01-2024T22:45:04 - [TEST_STEP][PASSED] - out.println("not found bill"): null

01-01-2024T22:45:04 - [TEST_STEP][PASSED] - click(findTestObject("Object Repository/Transaction/Page_Create new withdrawal  Transactions  F_057ce1/button_Submit")): Object: 'Object Repository/Transaction/Page_Create new withdrawal  Transactions  F_057ce1/button_Submit' is clicked on

01-01-2024T22:45:05 - [MESSAGE][PASSED] - Object: 'Object Repository/Transaction/Page_Create new withdrawal  Transactions  F_057ce1/button_Submit' is clicked on

01-01-2024T22:45:05 - [TEST_STEP][PASSED] - try: null

01-01-2024T22:45:05 - [TEST_STEP][PASSED] - verifyElementPresent(findTestObject("Shared_alert/text_dangers"), 1): Object 'Object Repository/Shared_alert/text_dangers' is present

01-01-2024T22:45:05 - [MESSAGE][PASSED] - Object 'Object Repository/Shared_alert/text_dangers' is present

01-01-2024T22:45:05 - [TEST_STEP][PASSED] - verifyElementNotPresent(findTestObject("Shared_alert/success_alert"), 1): Web element with id: 'Object Repository/Shared_alert/success_alert' located by 'By.cssSelector: #app > div.content-wrapper > section.content > div' is not present after '1' second(s)

01-01-2024T22:45:06 - [MESSAGE][PASSED] - Web element with id: 'Object Repository/Shared_alert/success_alert' located by 'By.cssSelector: #app > div.content-wrapper > section.content > div' is not present after '1' second(s)

01-01-2024T22:45:06 - [TEST_STEP][PASSED] - out.println("text danger"): null

01-01-2024T22:45:06 - [TEST_STEP][PASSED] - closeBrowser(): Browser is closed

01-01-2024T22:45:06 - [MESSAGE][PASSED] - Browser is closed]]></system-out>
         <system-err><![CDATA[]]></system-err>
      </testcase>
      <testcase name="Test Cases/Transaction" time="18.393" classname="Test Cases/Transaction" status="PASSED">
         <system-out><![CDATA[01-01-2024T22:45:06 - [TEST_CASE][PASSED] - Test Cases/Transaction: Test Cases/Transaction

01-01-2024T22:45:06 - [TEST_STEP][PASSED] - openBrowser(""): Browser is opened with url: ''

01-01-2024T22:45:06 - [MESSAGE][INFO] - Starting 'Chrome' driver

01-01-2024T22:45:06 - [MESSAGE][INFO] - Action delay is set to 0 milliseconds

01-01-2024T22:45:07 - [MESSAGE][PASSED] - Browser is opened with url: ''

01-01-2024T22:45:07 - [TEST_STEP][PASSED] - navigateToUrl("https://firefly.buudadawg.online/login"): Navigate to 'https://firefly.buudadawg.online/login' successfully

01-01-2024T22:45:10 - [MESSAGE][PASSED] - Navigate to 'https://firefly.buudadawg.online/login' successfully

01-01-2024T22:45:10 - [TEST_STEP][PASSED] - setText(findTestObject("Object Repository/Transaction/Page_Login to Firefly III/input_email"), username): Text 'killermh1352@gmail.com' is set on object 'Object Repository/Transaction/Page_Login to Firefly III/input_email'

01-01-2024T22:45:11 - [MESSAGE][PASSED] - Text 'killermh1352@gmail.com' is set on object 'Object Repository/Transaction/Page_Login to Firefly III/input_email'

01-01-2024T22:45:11 - [TEST_STEP][PASSED] - setText(findTestObject("Object Repository/Transaction/Page_Login to Firefly III/input_password"), password): Text 'tranvinhphuc2002' is set on object 'Object Repository/Transaction/Page_Login to Firefly III/input_password'

01-01-2024T22:45:11 - [MESSAGE][PASSED] - Text 'tranvinhphuc2002' is set on object 'Object Repository/Transaction/Page_Login to Firefly III/input_password'

01-01-2024T22:45:11 - [TEST_STEP][PASSED] - sendKeys(findTestObject("Object Repository/Transaction/Page_Login to Firefly III/input_password"), Keys.chord(ENTER)): Keys 'ENTER + ' sent to object: 'Object Repository/Transaction/Page_Login to Firefly III/input_password'

01-01-2024T22:45:12 - [MESSAGE][PASSED] - Keys 'ENTER + ' sent to object: 'Object Repository/Transaction/Page_Login to Firefly III/input_password'

01-01-2024T22:45:12 - [TEST_STEP][PASSED] - click(findTestObject("Object Repository/Transaction/Page_Whats playing  Firefly III/a_Transactions")): Object: 'Object Repository/Transaction/Page_Whats playing  Firefly III/a_Transactions' is clicked on

01-01-2024T22:45:13 - [MESSAGE][PASSED] - Object: 'Object Repository/Transaction/Page_Whats playing  Firefly III/a_Transactions' is clicked on

01-01-2024T22:45:13 - [TEST_STEP][PASSED] - click(findTestObject("Object Repository/Transaction/Page_Whats playing  Firefly III/a_Expenses")): Object: 'Object Repository/Transaction/Page_Whats playing  Firefly III/a_Expenses' is clicked on

01-01-2024T22:45:14 - [MESSAGE][PASSED] - Object: 'Object Repository/Transaction/Page_Whats playing  Firefly III/a_Expenses' is clicked on

01-01-2024T22:45:14 - [TEST_STEP][PASSED] - click(findTestObject("Object Repository/Transaction/Page_All expenses between January 1st, 2024_d388e7/a_Create a new transaction")): Object: 'Object Repository/Transaction/Page_All expenses between January 1st, 2024_d388e7/a_Create a new transaction' is clicked on

01-01-2024T22:45:15 - [MESSAGE][PASSED] - Object: 'Object Repository/Transaction/Page_All expenses between January 1st, 2024_d388e7/a_Create a new transaction' is clicked on

01-01-2024T22:45:15 - [TEST_STEP][PASSED] - setText(findTestObject("Transaction/Page_Create new withdrawal  Transactions  F_057ce1/input_description"), description): Text 'n/a' is set on object 'Object Repository/Transaction/Page_Create new withdrawal  Transactions  F_057ce1/input_description'

01-01-2024T22:45:16 - [MESSAGE][PASSED] - Text 'n/a' is set on object 'Object Repository/Transaction/Page_Create new withdrawal  Transactions  F_057ce1/input_description'

01-01-2024T22:45:16 - [TEST_STEP][PASSED] - setText(findTestObject("Object Repository/Transaction/Page_Create new withdrawal  Transactions  F_057ce1/input_source"), source_account, STOP_ON_FAILURE): Text 'My Savings Account' is set on object 'Object Repository/Transaction/Page_Create new withdrawal  Transactions  F_057ce1/input_source'

01-01-2024T22:45:17 - [MESSAGE][PASSED] - Text 'My Savings Account' is set on object 'Object Repository/Transaction/Page_Create new withdrawal  Transactions  F_057ce1/input_source'

01-01-2024T22:45:17 - [TEST_STEP][PASSED] - setText(findTestObject("Object Repository/Transaction/Page_Create new withdrawal  Transactions  F_057ce1/input_destination"), destination_account, STOP_ON_FAILURE): Text 'My Asset Account' is set on object 'Object Repository/Transaction/Page_Create new withdrawal  Transactions  F_057ce1/input_destination'

01-01-2024T22:45:18 - [MESSAGE][PASSED] - Text 'My Asset Account' is set on object 'Object Repository/Transaction/Page_Create new withdrawal  Transactions  F_057ce1/input_destination'

01-01-2024T22:45:18 - [TEST_STEP][PASSED] - setText(findTestObject("Transaction/Page_Create new withdrawal  Transactions  F_057ce1/input_date"), date): Text '2023-10-28T07:25' is set on object 'Object Repository/Transaction/Page_Create new withdrawal  Transactions  F_057ce1/input_date'

01-01-2024T22:45:19 - [MESSAGE][PASSED] - Text '2023-10-28T07:25' is set on object 'Object Repository/Transaction/Page_Create new withdrawal  Transactions  F_057ce1/input_date'

01-01-2024T22:45:19 - [TEST_STEP][PASSED] - setText(findTestObject("Object Repository/Transaction/Page_Create new withdrawal  Transactions  F_057ce1/input_amount"), amount): Text '8097' is set on object 'Object Repository/Transaction/Page_Create new withdrawal  Transactions  F_057ce1/input_amount'

01-01-2024T22:45:20 - [MESSAGE][PASSED] - Text '8097' is set on object 'Object Repository/Transaction/Page_Create new withdrawal  Transactions  F_057ce1/input_amount'

01-01-2024T22:45:20 - [TEST_STEP][PASSED] - if (getText(findTestObject("Object Repository/Transaction/Page_Create new withdrawal  Transactions  F_057ce1/select_foreign_currency")) == ""): Text of object 'Object Repository/Transaction/Page_Create new withdrawal  Transactions  F_057ce1/select_foreign_currency' is: 'Euro'

01-01-2024T22:45:20 - [MESSAGE][PASSED] - Text of object 'Object Repository/Transaction/Page_Create new withdrawal  Transactions  F_057ce1/select_foreign_currency' is: 'Euro'

01-01-2024T22:45:20 - [TEST_STEP][PASSED] - try: null

01-01-2024T22:45:20 - [TEST_STEP][PASSED] - waitForElementPresent(findTestObject("Object Repository/Transaction/Page_Create new withdrawal  Transactions  F_057ce1/select_(none)      My Budget", 0.5)): null

01-01-2024T22:45:20 - [TEST_STEP][PASSED] - catch (Exception err): null

01-01-2024T22:45:20 - [TEST_STEP][PASSED] - out.println("not found budget"): null

01-01-2024T22:45:20 - [TEST_STEP][PASSED] - setText(findTestObject("Object Repository/Transaction/Page_Create new withdrawal  Transactions  F_057ce1/input_category"), category): Text 'EIFS' is set on object 'Object Repository/Transaction/Page_Create new withdrawal  Transactions  F_057ce1/input_category'

01-01-2024T22:45:21 - [MESSAGE][PASSED] - Text 'EIFS' is set on object 'Object Repository/Transaction/Page_Create new withdrawal  Transactions  F_057ce1/input_category'

01-01-2024T22:45:21 - [TEST_STEP][PASSED] - selectOptionByValue(findTestObject("Object Repository/Transaction/Page_Create new withdrawal  Transactions  F_057ce1/select_(no piggy bank)                  1 (_6b16ef"), piggy_bank, true): All options with value '46' are selected in object 'Object Repository/Transaction/Page_Create new withdrawal  Transactions  F_057ce1/select_(no piggy bank)                  1 (_6b16ef'  using regular expression

01-01-2024T22:45:22 - [MESSAGE][PASSED] - All options with value '46' are selected in object 'Object Repository/Transaction/Page_Create new withdrawal  Transactions  F_057ce1/select_(no piggy bank)                  1 (_6b16ef'  using regular expression

01-01-2024T22:45:22 - [TEST_STEP][PASSED] - setText(findTestObject("Object Repository/Transaction/Page_Create new withdrawal  Transactions  F_057ce1/input_ti-new-tag-input ti-valid"), tags): Text 'Country Roll' is set on object 'Object Repository/Transaction/Page_Create new withdrawal  Transactions  F_057ce1/input_ti-new-tag-input ti-valid'

01-01-2024T22:45:23 - [MESSAGE][PASSED] - Text 'Country Roll' is set on object 'Object Repository/Transaction/Page_Create new withdrawal  Transactions  F_057ce1/input_ti-new-tag-input ti-valid'

01-01-2024T22:45:23 - [TEST_STEP][PASSED] - try: null

01-01-2024T22:45:23 - [TEST_STEP][PASSED] - waitForElementPresent(findTestObject("Object Repository/Transaction/Page_Create new withdrawal  Transactions  F_057ce1/select_(none)      Name"), 0.5): null

01-01-2024T22:45:23 - [TEST_STEP][PASSED] - catch (Exception err): null

01-01-2024T22:45:23 - [TEST_STEP][PASSED] - out.println("not found bill"): null

01-01-2024T22:45:23 - [TEST_STEP][PASSED] - click(findTestObject("Object Repository/Transaction/Page_Create new withdrawal  Transactions  F_057ce1/button_Submit")): Object: 'Object Repository/Transaction/Page_Create new withdrawal  Transactions  F_057ce1/button_Submit' is clicked on

01-01-2024T22:45:23 - [MESSAGE][PASSED] - Object: 'Object Repository/Transaction/Page_Create new withdrawal  Transactions  F_057ce1/button_Submit' is clicked on

01-01-2024T22:45:23 - [TEST_STEP][PASSED] - try: null

01-01-2024T22:45:23 - [TEST_STEP][PASSED] - verifyElementPresent(findTestObject("Shared_alert/text_dangers"), 1): Object 'Object Repository/Shared_alert/text_dangers' is present

01-01-2024T22:45:24 - [MESSAGE][PASSED] - Object 'Object Repository/Shared_alert/text_dangers' is present

01-01-2024T22:45:24 - [TEST_STEP][PASSED] - verifyElementNotPresent(findTestObject("Shared_alert/success_alert"), 1): Web element with id: 'Object Repository/Shared_alert/success_alert' located by 'By.cssSelector: #app > div.content-wrapper > section.content > div' is not present after '1' second(s)

01-01-2024T22:45:24 - [MESSAGE][PASSED] - Web element with id: 'Object Repository/Shared_alert/success_alert' located by 'By.cssSelector: #app > div.content-wrapper > section.content > div' is not present after '1' second(s)

01-01-2024T22:45:24 - [TEST_STEP][PASSED] - out.println("text danger"): null

01-01-2024T22:45:24 - [TEST_STEP][PASSED] - closeBrowser(): Browser is closed

01-01-2024T22:45:25 - [MESSAGE][PASSED] - Browser is closed]]></system-out>
         <system-err><![CDATA[]]></system-err>
      </testcase>
      <testcase name="Test Cases/Transaction" time="18.85" classname="Test Cases/Transaction" status="PASSED">
         <system-out><![CDATA[01-01-2024T22:45:25 - [TEST_CASE][PASSED] - Test Cases/Transaction: Test Cases/Transaction

01-01-2024T22:45:25 - [TEST_STEP][PASSED] - openBrowser(""): Browser is opened with url: ''

01-01-2024T22:45:25 - [MESSAGE][INFO] - Starting 'Chrome' driver

01-01-2024T22:45:25 - [MESSAGE][INFO] - Action delay is set to 0 milliseconds

01-01-2024T22:45:26 - [MESSAGE][PASSED] - Browser is opened with url: ''

01-01-2024T22:45:26 - [TEST_STEP][PASSED] - navigateToUrl("https://firefly.buudadawg.online/login"): Navigate to 'https://firefly.buudadawg.online/login' successfully

01-01-2024T22:45:29 - [MESSAGE][PASSED] - Navigate to 'https://firefly.buudadawg.online/login' successfully

01-01-2024T22:45:29 - [TEST_STEP][PASSED] - setText(findTestObject("Object Repository/Transaction/Page_Login to Firefly III/input_email"), username): Text 'killermh1352@gmail.com' is set on object 'Object Repository/Transaction/Page_Login to Firefly III/input_email'

01-01-2024T22:45:30 - [MESSAGE][PASSED] - Text 'killermh1352@gmail.com' is set on object 'Object Repository/Transaction/Page_Login to Firefly III/input_email'

01-01-2024T22:45:30 - [TEST_STEP][PASSED] - setText(findTestObject("Object Repository/Transaction/Page_Login to Firefly III/input_password"), password): Text 'tranvinhphuc2002' is set on object 'Object Repository/Transaction/Page_Login to Firefly III/input_password'

01-01-2024T22:45:30 - [MESSAGE][PASSED] - Text 'tranvinhphuc2002' is set on object 'Object Repository/Transaction/Page_Login to Firefly III/input_password'

01-01-2024T22:45:30 - [TEST_STEP][PASSED] - sendKeys(findTestObject("Object Repository/Transaction/Page_Login to Firefly III/input_password"), Keys.chord(ENTER)): Keys 'ENTER + ' sent to object: 'Object Repository/Transaction/Page_Login to Firefly III/input_password'

01-01-2024T22:45:31 - [MESSAGE][PASSED] - Keys 'ENTER + ' sent to object: 'Object Repository/Transaction/Page_Login to Firefly III/input_password'

01-01-2024T22:45:31 - [TEST_STEP][PASSED] - click(findTestObject("Object Repository/Transaction/Page_Whats playing  Firefly III/a_Transactions")): Object: 'Object Repository/Transaction/Page_Whats playing  Firefly III/a_Transactions' is clicked on

01-01-2024T22:45:32 - [MESSAGE][PASSED] - Object: 'Object Repository/Transaction/Page_Whats playing  Firefly III/a_Transactions' is clicked on

01-01-2024T22:45:32 - [TEST_STEP][PASSED] - click(findTestObject("Object Repository/Transaction/Page_Whats playing  Firefly III/a_Expenses")): Object: 'Object Repository/Transaction/Page_Whats playing  Firefly III/a_Expenses' is clicked on

01-01-2024T22:45:33 - [MESSAGE][PASSED] - Object: 'Object Repository/Transaction/Page_Whats playing  Firefly III/a_Expenses' is clicked on

01-01-2024T22:45:33 - [TEST_STEP][PASSED] - click(findTestObject("Object Repository/Transaction/Page_All expenses between January 1st, 2024_d388e7/a_Create a new transaction")): Object: 'Object Repository/Transaction/Page_All expenses between January 1st, 2024_d388e7/a_Create a new transaction' is clicked on

01-01-2024T22:45:34 - [MESSAGE][PASSED] - Object: 'Object Repository/Transaction/Page_All expenses between January 1st, 2024_d388e7/a_Create a new transaction' is clicked on

01-01-2024T22:45:34 - [TEST_STEP][PASSED] - setText(findTestObject("Transaction/Page_Create new withdrawal  Transactions  F_057ce1/input_description"), description): Text 'Real Estate Investment Trusts' is set on object 'Object Repository/Transaction/Page_Create new withdrawal  Transactions  F_057ce1/input_description'

01-01-2024T22:45:35 - [MESSAGE][PASSED] - Text 'Real Estate Investment Trusts' is set on object 'Object Repository/Transaction/Page_Create new withdrawal  Transactions  F_057ce1/input_description'

01-01-2024T22:45:35 - [TEST_STEP][PASSED] - setText(findTestObject("Object Repository/Transaction/Page_Create new withdrawal  Transactions  F_057ce1/input_source"), source_account, STOP_ON_FAILURE): Text 'My Savings Account' is set on object 'Object Repository/Transaction/Page_Create new withdrawal  Transactions  F_057ce1/input_source'

01-01-2024T22:45:36 - [MESSAGE][PASSED] - Text 'My Savings Account' is set on object 'Object Repository/Transaction/Page_Create new withdrawal  Transactions  F_057ce1/input_source'

01-01-2024T22:45:36 - [TEST_STEP][PASSED] - setText(findTestObject("Object Repository/Transaction/Page_Create new withdrawal  Transactions  F_057ce1/input_destination"), destination_account, STOP_ON_FAILURE): Text 'My Expense Account' is set on object 'Object Repository/Transaction/Page_Create new withdrawal  Transactions  F_057ce1/input_destination'

01-01-2024T22:45:37 - [MESSAGE][PASSED] - Text 'My Expense Account' is set on object 'Object Repository/Transaction/Page_Create new withdrawal  Transactions  F_057ce1/input_destination'

01-01-2024T22:45:37 - [TEST_STEP][PASSED] - setText(findTestObject("Transaction/Page_Create new withdrawal  Transactions  F_057ce1/input_date"), date): Text '2023-04-17T15:32' is set on object 'Object Repository/Transaction/Page_Create new withdrawal  Transactions  F_057ce1/input_date'

01-01-2024T22:45:38 - [MESSAGE][PASSED] - Text '2023-04-17T15:32' is set on object 'Object Repository/Transaction/Page_Create new withdrawal  Transactions  F_057ce1/input_date'

01-01-2024T22:45:38 - [TEST_STEP][PASSED] - setText(findTestObject("Object Repository/Transaction/Page_Create new withdrawal  Transactions  F_057ce1/input_amount"), amount): Text '4425' is set on object 'Object Repository/Transaction/Page_Create new withdrawal  Transactions  F_057ce1/input_amount'

01-01-2024T22:45:39 - [MESSAGE][PASSED] - Text '4425' is set on object 'Object Repository/Transaction/Page_Create new withdrawal  Transactions  F_057ce1/input_amount'

01-01-2024T22:45:39 - [TEST_STEP][PASSED] - if (getText(findTestObject("Object Repository/Transaction/Page_Create new withdrawal  Transactions  F_057ce1/select_foreign_currency")) == ""): Text of object 'Object Repository/Transaction/Page_Create new withdrawal  Transactions  F_057ce1/select_foreign_currency' is: 'Euro'

01-01-2024T22:45:39 - [MESSAGE][PASSED] - Text of object 'Object Repository/Transaction/Page_Create new withdrawal  Transactions  F_057ce1/select_foreign_currency' is: 'Euro'

01-01-2024T22:45:39 - [TEST_STEP][PASSED] - try: null

01-01-2024T22:45:39 - [TEST_STEP][PASSED] - waitForElementPresent(findTestObject("Object Repository/Transaction/Page_Create new withdrawal  Transactions  F_057ce1/select_(none)      My Budget", 0.5)): null

01-01-2024T22:45:39 - [TEST_STEP][PASSED] - catch (Exception err): null

01-01-2024T22:45:39 - [TEST_STEP][PASSED] - out.println("not found budget"): null

01-01-2024T22:45:39 - [TEST_STEP][PASSED] - setText(findTestObject("Object Repository/Transaction/Page_Create new withdrawal  Transactions  F_057ce1/input_category"), category): Text 'Framing (Steel)' is set on object 'Object Repository/Transaction/Page_Create new withdrawal  Transactions  F_057ce1/input_category'

01-01-2024T22:45:40 - [MESSAGE][PASSED] - Text 'Framing (Steel)' is set on object 'Object Repository/Transaction/Page_Create new withdrawal  Transactions  F_057ce1/input_category'

01-01-2024T22:45:40 - [TEST_STEP][PASSED] - selectOptionByValue(findTestObject("Object Repository/Transaction/Page_Create new withdrawal  Transactions  F_057ce1/select_(no piggy bank)                  1 (_6b16ef"), piggy_bank, true): All options with value '46' are selected in object 'Object Repository/Transaction/Page_Create new withdrawal  Transactions  F_057ce1/select_(no piggy bank)                  1 (_6b16ef'  using regular expression

01-01-2024T22:45:41 - [MESSAGE][PASSED] - All options with value '46' are selected in object 'Object Repository/Transaction/Page_Create new withdrawal  Transactions  F_057ce1/select_(no piggy bank)                  1 (_6b16ef'  using regular expression

01-01-2024T22:45:41 - [TEST_STEP][PASSED] - setText(findTestObject("Object Repository/Transaction/Page_Create new withdrawal  Transactions  F_057ce1/input_ti-new-tag-input ti-valid"), tags): Text '' is set on object 'Object Repository/Transaction/Page_Create new withdrawal  Transactions  F_057ce1/input_ti-new-tag-input ti-valid'

01-01-2024T22:45:42 - [MESSAGE][PASSED] - Text '' is set on object 'Object Repository/Transaction/Page_Create new withdrawal  Transactions  F_057ce1/input_ti-new-tag-input ti-valid'

01-01-2024T22:45:42 - [TEST_STEP][PASSED] - try: null

01-01-2024T22:45:42 - [TEST_STEP][PASSED] - waitForElementPresent(findTestObject("Object Repository/Transaction/Page_Create new withdrawal  Transactions  F_057ce1/select_(none)      Name"), 0.5): null

01-01-2024T22:45:42 - [TEST_STEP][PASSED] - catch (Exception err): null

01-01-2024T22:45:42 - [TEST_STEP][PASSED] - out.println("not found bill"): null

01-01-2024T22:45:42 - [TEST_STEP][PASSED] - click(findTestObject("Object Repository/Transaction/Page_Create new withdrawal  Transactions  F_057ce1/button_Submit")): Object: 'Object Repository/Transaction/Page_Create new withdrawal  Transactions  F_057ce1/button_Submit' is clicked on

01-01-2024T22:45:42 - [MESSAGE][PASSED] - Object: 'Object Repository/Transaction/Page_Create new withdrawal  Transactions  F_057ce1/button_Submit' is clicked on

01-01-2024T22:45:42 - [TEST_STEP][PASSED] - try: null

01-01-2024T22:45:42 - [TEST_STEP][PASSED] - verifyElementPresent(findTestObject("Shared_alert/text_dangers"), 1): Object 'Object Repository/Shared_alert/text_dangers' is present

01-01-2024T22:45:43 - [MESSAGE][PASSED] - Object 'Object Repository/Shared_alert/text_dangers' is present

01-01-2024T22:45:43 - [TEST_STEP][PASSED] - verifyElementNotPresent(findTestObject("Shared_alert/success_alert"), 1): Web element with id: 'Object Repository/Shared_alert/success_alert' located by 'By.cssSelector: #app > div.content-wrapper > section.content > div' is not present after '1' second(s)

01-01-2024T22:45:43 - [MESSAGE][PASSED] - Web element with id: 'Object Repository/Shared_alert/success_alert' located by 'By.cssSelector: #app > div.content-wrapper > section.content > div' is not present after '1' second(s)

01-01-2024T22:45:43 - [TEST_STEP][PASSED] - out.println("text danger"): null

01-01-2024T22:45:43 - [TEST_STEP][PASSED] - closeBrowser(): Browser is closed

01-01-2024T22:45:44 - [MESSAGE][PASSED] - Browser is closed]]></system-out>
         <system-err><![CDATA[]]></system-err>
      </testcase>
      <testcase name="Test Cases/Transaction" time="18.492" classname="Test Cases/Transaction" status="PASSED">
         <system-out><![CDATA[01-01-2024T22:45:44 - [TEST_CASE][PASSED] - Test Cases/Transaction: Test Cases/Transaction

01-01-2024T22:45:44 - [TEST_STEP][PASSED] - openBrowser(""): Browser is opened with url: ''

01-01-2024T22:45:44 - [MESSAGE][INFO] - Starting 'Chrome' driver

01-01-2024T22:45:44 - [MESSAGE][INFO] - Action delay is set to 0 milliseconds

01-01-2024T22:45:45 - [MESSAGE][PASSED] - Browser is opened with url: ''

01-01-2024T22:45:45 - [TEST_STEP][PASSED] - navigateToUrl("https://firefly.buudadawg.online/login"): Navigate to 'https://firefly.buudadawg.online/login' successfully

01-01-2024T22:45:48 - [MESSAGE][PASSED] - Navigate to 'https://firefly.buudadawg.online/login' successfully

01-01-2024T22:45:48 - [TEST_STEP][PASSED] - setText(findTestObject("Object Repository/Transaction/Page_Login to Firefly III/input_email"), username): Text 'killermh1352@gmail.com' is set on object 'Object Repository/Transaction/Page_Login to Firefly III/input_email'

01-01-2024T22:45:48 - [MESSAGE][PASSED] - Text 'killermh1352@gmail.com' is set on object 'Object Repository/Transaction/Page_Login to Firefly III/input_email'

01-01-2024T22:45:48 - [TEST_STEP][PASSED] - setText(findTestObject("Object Repository/Transaction/Page_Login to Firefly III/input_password"), password): Text 'tranvinhphuc2002' is set on object 'Object Repository/Transaction/Page_Login to Firefly III/input_password'

01-01-2024T22:45:49 - [MESSAGE][PASSED] - Text 'tranvinhphuc2002' is set on object 'Object Repository/Transaction/Page_Login to Firefly III/input_password'

01-01-2024T22:45:49 - [TEST_STEP][PASSED] - sendKeys(findTestObject("Object Repository/Transaction/Page_Login to Firefly III/input_password"), Keys.chord(ENTER)): Keys 'ENTER + ' sent to object: 'Object Repository/Transaction/Page_Login to Firefly III/input_password'

01-01-2024T22:45:50 - [MESSAGE][PASSED] - Keys 'ENTER + ' sent to object: 'Object Repository/Transaction/Page_Login to Firefly III/input_password'

01-01-2024T22:45:50 - [TEST_STEP][PASSED] - click(findTestObject("Object Repository/Transaction/Page_Whats playing  Firefly III/a_Transactions")): Object: 'Object Repository/Transaction/Page_Whats playing  Firefly III/a_Transactions' is clicked on

01-01-2024T22:45:51 - [MESSAGE][PASSED] - Object: 'Object Repository/Transaction/Page_Whats playing  Firefly III/a_Transactions' is clicked on

01-01-2024T22:45:51 - [TEST_STEP][PASSED] - click(findTestObject("Object Repository/Transaction/Page_Whats playing  Firefly III/a_Expenses")): Object: 'Object Repository/Transaction/Page_Whats playing  Firefly III/a_Expenses' is clicked on

01-01-2024T22:45:52 - [MESSAGE][PASSED] - Object: 'Object Repository/Transaction/Page_Whats playing  Firefly III/a_Expenses' is clicked on

01-01-2024T22:45:52 - [TEST_STEP][PASSED] - click(findTestObject("Object Repository/Transaction/Page_All expenses between January 1st, 2024_d388e7/a_Create a new transaction")): Object: 'Object Repository/Transaction/Page_All expenses between January 1st, 2024_d388e7/a_Create a new transaction' is clicked on

01-01-2024T22:45:53 - [MESSAGE][PASSED] - Object: 'Object Repository/Transaction/Page_All expenses between January 1st, 2024_d388e7/a_Create a new transaction' is clicked on

01-01-2024T22:45:53 - [TEST_STEP][PASSED] - setText(findTestObject("Transaction/Page_Create new withdrawal  Transactions  F_057ce1/input_description"), description): Text 'Miscellaneous manufacturing industries' is set on object 'Object Repository/Transaction/Page_Create new withdrawal  Transactions  F_057ce1/input_description'

01-01-2024T22:45:54 - [MESSAGE][PASSED] - Text 'Miscellaneous manufacturing industries' is set on object 'Object Repository/Transaction/Page_Create new withdrawal  Transactions  F_057ce1/input_description'

01-01-2024T22:45:54 - [TEST_STEP][PASSED] - setText(findTestObject("Object Repository/Transaction/Page_Create new withdrawal  Transactions  F_057ce1/input_source"), source_account, STOP_ON_FAILURE): Text 'My Savings Account' is set on object 'Object Repository/Transaction/Page_Create new withdrawal  Transactions  F_057ce1/input_source'

01-01-2024T22:45:55 - [MESSAGE][PASSED] - Text 'My Savings Account' is set on object 'Object Repository/Transaction/Page_Create new withdrawal  Transactions  F_057ce1/input_source'

01-01-2024T22:45:55 - [TEST_STEP][PASSED] - setText(findTestObject("Object Repository/Transaction/Page_Create new withdrawal  Transactions  F_057ce1/input_destination"), destination_account, STOP_ON_FAILURE): Text 'My Asset Account' is set on object 'Object Repository/Transaction/Page_Create new withdrawal  Transactions  F_057ce1/input_destination'

01-01-2024T22:45:56 - [MESSAGE][PASSED] - Text 'My Asset Account' is set on object 'Object Repository/Transaction/Page_Create new withdrawal  Transactions  F_057ce1/input_destination'

01-01-2024T22:45:56 - [TEST_STEP][PASSED] - setText(findTestObject("Transaction/Page_Create new withdrawal  Transactions  F_057ce1/input_date"), date): Text '2023-04-23T10:28' is set on object 'Object Repository/Transaction/Page_Create new withdrawal  Transactions  F_057ce1/input_date'

01-01-2024T22:45:57 - [MESSAGE][PASSED] - Text '2023-04-23T10:28' is set on object 'Object Repository/Transaction/Page_Create new withdrawal  Transactions  F_057ce1/input_date'

01-01-2024T22:45:57 - [TEST_STEP][PASSED] - setText(findTestObject("Object Repository/Transaction/Page_Create new withdrawal  Transactions  F_057ce1/input_amount"), amount): Text '4080' is set on object 'Object Repository/Transaction/Page_Create new withdrawal  Transactions  F_057ce1/input_amount'

01-01-2024T22:45:58 - [MESSAGE][PASSED] - Text '4080' is set on object 'Object Repository/Transaction/Page_Create new withdrawal  Transactions  F_057ce1/input_amount'

01-01-2024T22:45:58 - [TEST_STEP][PASSED] - if (getText(findTestObject("Object Repository/Transaction/Page_Create new withdrawal  Transactions  F_057ce1/select_foreign_currency")) == ""): Text of object 'Object Repository/Transaction/Page_Create new withdrawal  Transactions  F_057ce1/select_foreign_currency' is: 'Euro'

01-01-2024T22:45:58 - [MESSAGE][PASSED] - Text of object 'Object Repository/Transaction/Page_Create new withdrawal  Transactions  F_057ce1/select_foreign_currency' is: 'Euro'

01-01-2024T22:45:58 - [TEST_STEP][PASSED] - try: null

01-01-2024T22:45:58 - [TEST_STEP][PASSED] - waitForElementPresent(findTestObject("Object Repository/Transaction/Page_Create new withdrawal  Transactions  F_057ce1/select_(none)      My Budget", 0.5)): null

01-01-2024T22:45:58 - [TEST_STEP][PASSED] - catch (Exception err): null

01-01-2024T22:45:58 - [TEST_STEP][PASSED] - out.println("not found budget"): null

01-01-2024T22:45:58 - [TEST_STEP][PASSED] - setText(findTestObject("Object Repository/Transaction/Page_Create new withdrawal  Transactions  F_057ce1/input_category"), category): Text 'Retaining Wall and Brick Pavers' is set on object 'Object Repository/Transaction/Page_Create new withdrawal  Transactions  F_057ce1/input_category'

01-01-2024T22:45:59 - [MESSAGE][PASSED] - Text 'Retaining Wall and Brick Pavers' is set on object 'Object Repository/Transaction/Page_Create new withdrawal  Transactions  F_057ce1/input_category'

01-01-2024T22:45:59 - [TEST_STEP][PASSED] - selectOptionByValue(findTestObject("Object Repository/Transaction/Page_Create new withdrawal  Transactions  F_057ce1/select_(no piggy bank)                  1 (_6b16ef"), piggy_bank, true): All options with value '0' are selected in object 'Object Repository/Transaction/Page_Create new withdrawal  Transactions  F_057ce1/select_(no piggy bank)                  1 (_6b16ef'  using regular expression

01-01-2024T22:46:00 - [MESSAGE][PASSED] - All options with value '0' are selected in object 'Object Repository/Transaction/Page_Create new withdrawal  Transactions  F_057ce1/select_(no piggy bank)                  1 (_6b16ef'  using regular expression

01-01-2024T22:46:00 - [TEST_STEP][PASSED] - setText(findTestObject("Object Repository/Transaction/Page_Create new withdrawal  Transactions  F_057ce1/input_ti-new-tag-input ti-valid"), tags): Text '' is set on object 'Object Repository/Transaction/Page_Create new withdrawal  Transactions  F_057ce1/input_ti-new-tag-input ti-valid'

01-01-2024T22:46:01 - [MESSAGE][PASSED] - Text '' is set on object 'Object Repository/Transaction/Page_Create new withdrawal  Transactions  F_057ce1/input_ti-new-tag-input ti-valid'

01-01-2024T22:46:01 - [TEST_STEP][PASSED] - try: null

01-01-2024T22:46:01 - [TEST_STEP][PASSED] - waitForElementPresent(findTestObject("Object Repository/Transaction/Page_Create new withdrawal  Transactions  F_057ce1/select_(none)      Name"), 0.5): null

01-01-2024T22:46:01 - [TEST_STEP][PASSED] - catch (Exception err): null

01-01-2024T22:46:01 - [TEST_STEP][PASSED] - out.println("not found bill"): null

01-01-2024T22:46:01 - [TEST_STEP][PASSED] - click(findTestObject("Object Repository/Transaction/Page_Create new withdrawal  Transactions  F_057ce1/button_Submit")): Object: 'Object Repository/Transaction/Page_Create new withdrawal  Transactions  F_057ce1/button_Submit' is clicked on

01-01-2024T22:46:01 - [MESSAGE][PASSED] - Object: 'Object Repository/Transaction/Page_Create new withdrawal  Transactions  F_057ce1/button_Submit' is clicked on

01-01-2024T22:46:01 - [TEST_STEP][PASSED] - try: null

01-01-2024T22:46:01 - [TEST_STEP][PASSED] - verifyElementPresent(findTestObject("Shared_alert/text_dangers"), 1): Object 'Object Repository/Shared_alert/text_dangers' is present

01-01-2024T22:46:02 - [MESSAGE][PASSED] - Object 'Object Repository/Shared_alert/text_dangers' is present

01-01-2024T22:46:02 - [TEST_STEP][PASSED] - verifyElementNotPresent(findTestObject("Shared_alert/success_alert"), 1): Web element with id: 'Object Repository/Shared_alert/success_alert' located by 'By.cssSelector: #app > div.content-wrapper > section.content > div' is not present after '1' second(s)

01-01-2024T22:46:02 - [MESSAGE][PASSED] - Web element with id: 'Object Repository/Shared_alert/success_alert' located by 'By.cssSelector: #app > div.content-wrapper > section.content > div' is not present after '1' second(s)

01-01-2024T22:46:02 - [TEST_STEP][PASSED] - out.println("text danger"): null

01-01-2024T22:46:02 - [TEST_STEP][PASSED] - closeBrowser(): Browser is closed

01-01-2024T22:46:02 - [MESSAGE][PASSED] - Browser is closed]]></system-out>
         <system-err><![CDATA[]]></system-err>
      </testcase>
      <testcase name="Test Cases/Transaction" time="18.585" classname="Test Cases/Transaction" status="PASSED">
         <system-out><![CDATA[01-01-2024T22:46:02 - [TEST_CASE][PASSED] - Test Cases/Transaction: Test Cases/Transaction

01-01-2024T22:46:02 - [TEST_STEP][PASSED] - openBrowser(""): Browser is opened with url: ''

01-01-2024T22:46:02 - [MESSAGE][INFO] - Starting 'Chrome' driver

01-01-2024T22:46:02 - [MESSAGE][INFO] - Action delay is set to 0 milliseconds

01-01-2024T22:46:03 - [MESSAGE][PASSED] - Browser is opened with url: ''

01-01-2024T22:46:03 - [TEST_STEP][PASSED] - navigateToUrl("https://firefly.buudadawg.online/login"): Navigate to 'https://firefly.buudadawg.online/login' successfully

01-01-2024T22:46:06 - [MESSAGE][PASSED] - Navigate to 'https://firefly.buudadawg.online/login' successfully

01-01-2024T22:46:06 - [TEST_STEP][PASSED] - setText(findTestObject("Object Repository/Transaction/Page_Login to Firefly III/input_email"), username): Text 'killermh1352@gmail.com' is set on object 'Object Repository/Transaction/Page_Login to Firefly III/input_email'

01-01-2024T22:46:07 - [MESSAGE][PASSED] - Text 'killermh1352@gmail.com' is set on object 'Object Repository/Transaction/Page_Login to Firefly III/input_email'

01-01-2024T22:46:07 - [TEST_STEP][PASSED] - setText(findTestObject("Object Repository/Transaction/Page_Login to Firefly III/input_password"), password): Text 'tranvinhphuc2002' is set on object 'Object Repository/Transaction/Page_Login to Firefly III/input_password'

01-01-2024T22:46:08 - [MESSAGE][PASSED] - Text 'tranvinhphuc2002' is set on object 'Object Repository/Transaction/Page_Login to Firefly III/input_password'

01-01-2024T22:46:08 - [TEST_STEP][PASSED] - sendKeys(findTestObject("Object Repository/Transaction/Page_Login to Firefly III/input_password"), Keys.chord(ENTER)): Keys 'ENTER + ' sent to object: 'Object Repository/Transaction/Page_Login to Firefly III/input_password'

01-01-2024T22:46:09 - [MESSAGE][PASSED] - Keys 'ENTER + ' sent to object: 'Object Repository/Transaction/Page_Login to Firefly III/input_password'

01-01-2024T22:46:09 - [TEST_STEP][PASSED] - click(findTestObject("Object Repository/Transaction/Page_Whats playing  Firefly III/a_Transactions")): Object: 'Object Repository/Transaction/Page_Whats playing  Firefly III/a_Transactions' is clicked on

01-01-2024T22:46:10 - [MESSAGE][PASSED] - Object: 'Object Repository/Transaction/Page_Whats playing  Firefly III/a_Transactions' is clicked on

01-01-2024T22:46:10 - [TEST_STEP][PASSED] - click(findTestObject("Object Repository/Transaction/Page_Whats playing  Firefly III/a_Expenses")): Object: 'Object Repository/Transaction/Page_Whats playing  Firefly III/a_Expenses' is clicked on

01-01-2024T22:46:11 - [MESSAGE][PASSED] - Object: 'Object Repository/Transaction/Page_Whats playing  Firefly III/a_Expenses' is clicked on

01-01-2024T22:46:11 - [TEST_STEP][PASSED] - click(findTestObject("Object Repository/Transaction/Page_All expenses between January 1st, 2024_d388e7/a_Create a new transaction")): Object: 'Object Repository/Transaction/Page_All expenses between January 1st, 2024_d388e7/a_Create a new transaction' is clicked on

01-01-2024T22:46:12 - [MESSAGE][PASSED] - Object: 'Object Repository/Transaction/Page_All expenses between January 1st, 2024_d388e7/a_Create a new transaction' is clicked on

01-01-2024T22:46:12 - [TEST_STEP][PASSED] - setText(findTestObject("Transaction/Page_Create new withdrawal  Transactions  F_057ce1/input_description"), description): Text 'Auto Manufacturing' is set on object 'Object Repository/Transaction/Page_Create new withdrawal  Transactions  F_057ce1/input_description'

01-01-2024T22:46:13 - [MESSAGE][PASSED] - Text 'Auto Manufacturing' is set on object 'Object Repository/Transaction/Page_Create new withdrawal  Transactions  F_057ce1/input_description'

01-01-2024T22:46:13 - [TEST_STEP][PASSED] - setText(findTestObject("Object Repository/Transaction/Page_Create new withdrawal  Transactions  F_057ce1/input_source"), source_account, STOP_ON_FAILURE): Text 'My Asset Account' is set on object 'Object Repository/Transaction/Page_Create new withdrawal  Transactions  F_057ce1/input_source'

01-01-2024T22:46:14 - [MESSAGE][PASSED] - Text 'My Asset Account' is set on object 'Object Repository/Transaction/Page_Create new withdrawal  Transactions  F_057ce1/input_source'

01-01-2024T22:46:14 - [TEST_STEP][PASSED] - setText(findTestObject("Object Repository/Transaction/Page_Create new withdrawal  Transactions  F_057ce1/input_destination"), destination_account, STOP_ON_FAILURE): Text 'My Savings Account' is set on object 'Object Repository/Transaction/Page_Create new withdrawal  Transactions  F_057ce1/input_destination'

01-01-2024T22:46:15 - [MESSAGE][PASSED] - Text 'My Savings Account' is set on object 'Object Repository/Transaction/Page_Create new withdrawal  Transactions  F_057ce1/input_destination'

01-01-2024T22:46:15 - [TEST_STEP][PASSED] - setText(findTestObject("Transaction/Page_Create new withdrawal  Transactions  F_057ce1/input_date"), date): Text '2023-12-17T18:10' is set on object 'Object Repository/Transaction/Page_Create new withdrawal  Transactions  F_057ce1/input_date'

01-01-2024T22:46:16 - [MESSAGE][PASSED] - Text '2023-12-17T18:10' is set on object 'Object Repository/Transaction/Page_Create new withdrawal  Transactions  F_057ce1/input_date'

01-01-2024T22:46:16 - [TEST_STEP][PASSED] - setText(findTestObject("Object Repository/Transaction/Page_Create new withdrawal  Transactions  F_057ce1/input_amount"), amount): Text '7394' is set on object 'Object Repository/Transaction/Page_Create new withdrawal  Transactions  F_057ce1/input_amount'

01-01-2024T22:46:16 - [MESSAGE][PASSED] - Text '7394' is set on object 'Object Repository/Transaction/Page_Create new withdrawal  Transactions  F_057ce1/input_amount'

01-01-2024T22:46:16 - [TEST_STEP][PASSED] - if (getText(findTestObject("Object Repository/Transaction/Page_Create new withdrawal  Transactions  F_057ce1/select_foreign_currency")) == ""): Text of object 'Object Repository/Transaction/Page_Create new withdrawal  Transactions  F_057ce1/select_foreign_currency' is: 'Euro'

01-01-2024T22:46:17 - [MESSAGE][PASSED] - Text of object 'Object Repository/Transaction/Page_Create new withdrawal  Transactions  F_057ce1/select_foreign_currency' is: 'Euro'

01-01-2024T22:46:17 - [TEST_STEP][PASSED] - try: null

01-01-2024T22:46:17 - [TEST_STEP][PASSED] - waitForElementPresent(findTestObject("Object Repository/Transaction/Page_Create new withdrawal  Transactions  F_057ce1/select_(none)      My Budget", 0.5)): null

01-01-2024T22:46:17 - [TEST_STEP][PASSED] - catch (Exception err): null

01-01-2024T22:46:17 - [TEST_STEP][PASSED] - out.println("not found budget"): null

01-01-2024T22:46:17 - [TEST_STEP][PASSED] - setText(findTestObject("Object Repository/Transaction/Page_Create new withdrawal  Transactions  F_057ce1/input_category"), category): Text '' is set on object 'Object Repository/Transaction/Page_Create new withdrawal  Transactions  F_057ce1/input_category'

01-01-2024T22:46:17 - [MESSAGE][PASSED] - Text '' is set on object 'Object Repository/Transaction/Page_Create new withdrawal  Transactions  F_057ce1/input_category'

01-01-2024T22:46:17 - [TEST_STEP][PASSED] - selectOptionByValue(findTestObject("Object Repository/Transaction/Page_Create new withdrawal  Transactions  F_057ce1/select_(no piggy bank)                  1 (_6b16ef"), piggy_bank, true): All options with value '46' are selected in object 'Object Repository/Transaction/Page_Create new withdrawal  Transactions  F_057ce1/select_(no piggy bank)                  1 (_6b16ef'  using regular expression

01-01-2024T22:46:19 - [MESSAGE][PASSED] - All options with value '46' are selected in object 'Object Repository/Transaction/Page_Create new withdrawal  Transactions  F_057ce1/select_(no piggy bank)                  1 (_6b16ef'  using regular expression

01-01-2024T22:46:19 - [TEST_STEP][PASSED] - setText(findTestObject("Object Repository/Transaction/Page_Create new withdrawal  Transactions  F_057ce1/input_ti-new-tag-input ti-valid"), tags): Text '' is set on object 'Object Repository/Transaction/Page_Create new withdrawal  Transactions  F_057ce1/input_ti-new-tag-input ti-valid'

01-01-2024T22:46:20 - [MESSAGE][PASSED] - Text '' is set on object 'Object Repository/Transaction/Page_Create new withdrawal  Transactions  F_057ce1/input_ti-new-tag-input ti-valid'

01-01-2024T22:46:20 - [TEST_STEP][PASSED] - try: null

01-01-2024T22:46:20 - [TEST_STEP][PASSED] - waitForElementPresent(findTestObject("Object Repository/Transaction/Page_Create new withdrawal  Transactions  F_057ce1/select_(none)      Name"), 0.5): null

01-01-2024T22:46:20 - [TEST_STEP][PASSED] - catch (Exception err): null

01-01-2024T22:46:20 - [TEST_STEP][PASSED] - out.println("not found bill"): null

01-01-2024T22:46:20 - [TEST_STEP][PASSED] - click(findTestObject("Object Repository/Transaction/Page_Create new withdrawal  Transactions  F_057ce1/button_Submit")): Object: 'Object Repository/Transaction/Page_Create new withdrawal  Transactions  F_057ce1/button_Submit' is clicked on

01-01-2024T22:46:20 - [MESSAGE][PASSED] - Object: 'Object Repository/Transaction/Page_Create new withdrawal  Transactions  F_057ce1/button_Submit' is clicked on

01-01-2024T22:46:20 - [TEST_STEP][PASSED] - try: null

01-01-2024T22:46:20 - [TEST_STEP][PASSED] - verifyElementPresent(findTestObject("Shared_alert/text_dangers"), 1): Object 'Object Repository/Shared_alert/text_dangers' is present

01-01-2024T22:46:20 - [MESSAGE][PASSED] - Object 'Object Repository/Shared_alert/text_dangers' is present

01-01-2024T22:46:20 - [TEST_STEP][PASSED] - verifyElementNotPresent(findTestObject("Shared_alert/success_alert"), 1): Web element with id: 'Object Repository/Shared_alert/success_alert' located by 'By.cssSelector: #app > div.content-wrapper > section.content > div' is not present after '1' second(s)

01-01-2024T22:46:21 - [MESSAGE][PASSED] - Web element with id: 'Object Repository/Shared_alert/success_alert' located by 'By.cssSelector: #app > div.content-wrapper > section.content > div' is not present after '1' second(s)

01-01-2024T22:46:21 - [TEST_STEP][PASSED] - out.println("text danger"): null

01-01-2024T22:46:21 - [TEST_STEP][PASSED] - closeBrowser(): Browser is closed

01-01-2024T22:46:21 - [MESSAGE][PASSED] - Browser is closed]]></system-out>
         <system-err><![CDATA[]]></system-err>
      </testcase>
      <testcase name="Test Cases/Transaction" time="18.694" classname="Test Cases/Transaction" status="PASSED">
         <system-out><![CDATA[01-01-2024T22:46:21 - [TEST_CASE][PASSED] - Test Cases/Transaction: Test Cases/Transaction

01-01-2024T22:46:21 - [TEST_STEP][PASSED] - openBrowser(""): Browser is opened with url: ''

01-01-2024T22:46:21 - [MESSAGE][INFO] - Starting 'Chrome' driver

01-01-2024T22:46:21 - [MESSAGE][INFO] - Action delay is set to 0 milliseconds

01-01-2024T22:46:22 - [MESSAGE][PASSED] - Browser is opened with url: ''

01-01-2024T22:46:22 - [TEST_STEP][PASSED] - navigateToUrl("https://firefly.buudadawg.online/login"): Navigate to 'https://firefly.buudadawg.online/login' successfully

01-01-2024T22:46:25 - [MESSAGE][PASSED] - Navigate to 'https://firefly.buudadawg.online/login' successfully

01-01-2024T22:46:25 - [TEST_STEP][PASSED] - setText(findTestObject("Object Repository/Transaction/Page_Login to Firefly III/input_email"), username): Text 'killermh1352@gmail.com' is set on object 'Object Repository/Transaction/Page_Login to Firefly III/input_email'

01-01-2024T22:46:26 - [MESSAGE][PASSED] - Text 'killermh1352@gmail.com' is set on object 'Object Repository/Transaction/Page_Login to Firefly III/input_email'

01-01-2024T22:46:26 - [TEST_STEP][PASSED] - setText(findTestObject("Object Repository/Transaction/Page_Login to Firefly III/input_password"), password): Text 'tranvinhphuc2002' is set on object 'Object Repository/Transaction/Page_Login to Firefly III/input_password'

01-01-2024T22:46:27 - [MESSAGE][PASSED] - Text 'tranvinhphuc2002' is set on object 'Object Repository/Transaction/Page_Login to Firefly III/input_password'

01-01-2024T22:46:27 - [TEST_STEP][PASSED] - sendKeys(findTestObject("Object Repository/Transaction/Page_Login to Firefly III/input_password"), Keys.chord(ENTER)): Keys 'ENTER + ' sent to object: 'Object Repository/Transaction/Page_Login to Firefly III/input_password'

01-01-2024T22:46:28 - [MESSAGE][PASSED] - Keys 'ENTER + ' sent to object: 'Object Repository/Transaction/Page_Login to Firefly III/input_password'

01-01-2024T22:46:28 - [TEST_STEP][PASSED] - click(findTestObject("Object Repository/Transaction/Page_Whats playing  Firefly III/a_Transactions")): Object: 'Object Repository/Transaction/Page_Whats playing  Firefly III/a_Transactions' is clicked on

01-01-2024T22:46:29 - [MESSAGE][PASSED] - Object: 'Object Repository/Transaction/Page_Whats playing  Firefly III/a_Transactions' is clicked on

01-01-2024T22:46:29 - [TEST_STEP][PASSED] - click(findTestObject("Object Repository/Transaction/Page_Whats playing  Firefly III/a_Expenses")): Object: 'Object Repository/Transaction/Page_Whats playing  Firefly III/a_Expenses' is clicked on

01-01-2024T22:46:29 - [MESSAGE][PASSED] - Object: 'Object Repository/Transaction/Page_Whats playing  Firefly III/a_Expenses' is clicked on

01-01-2024T22:46:29 - [TEST_STEP][PASSED] - click(findTestObject("Object Repository/Transaction/Page_All expenses between January 1st, 2024_d388e7/a_Create a new transaction")): Object: 'Object Repository/Transaction/Page_All expenses between January 1st, 2024_d388e7/a_Create a new transaction' is clicked on

01-01-2024T22:46:30 - [MESSAGE][PASSED] - Object: 'Object Repository/Transaction/Page_All expenses between January 1st, 2024_d388e7/a_Create a new transaction' is clicked on

01-01-2024T22:46:30 - [TEST_STEP][PASSED] - setText(findTestObject("Transaction/Page_Create new withdrawal  Transactions  F_057ce1/input_description"), description): Text 'Major Chemicals' is set on object 'Object Repository/Transaction/Page_Create new withdrawal  Transactions  F_057ce1/input_description'

01-01-2024T22:46:32 - [MESSAGE][PASSED] - Text 'Major Chemicals' is set on object 'Object Repository/Transaction/Page_Create new withdrawal  Transactions  F_057ce1/input_description'

01-01-2024T22:46:32 - [TEST_STEP][PASSED] - setText(findTestObject("Object Repository/Transaction/Page_Create new withdrawal  Transactions  F_057ce1/input_source"), source_account, STOP_ON_FAILURE): Text 'My Savings Account' is set on object 'Object Repository/Transaction/Page_Create new withdrawal  Transactions  F_057ce1/input_source'

01-01-2024T22:46:32 - [MESSAGE][PASSED] - Text 'My Savings Account' is set on object 'Object Repository/Transaction/Page_Create new withdrawal  Transactions  F_057ce1/input_source'

01-01-2024T22:46:32 - [TEST_STEP][PASSED] - setText(findTestObject("Object Repository/Transaction/Page_Create new withdrawal  Transactions  F_057ce1/input_destination"), destination_account, STOP_ON_FAILURE): Text 'My Savings Account' is set on object 'Object Repository/Transaction/Page_Create new withdrawal  Transactions  F_057ce1/input_destination'

01-01-2024T22:46:34 - [MESSAGE][PASSED] - Text 'My Savings Account' is set on object 'Object Repository/Transaction/Page_Create new withdrawal  Transactions  F_057ce1/input_destination'

01-01-2024T22:46:34 - [TEST_STEP][PASSED] - setText(findTestObject("Transaction/Page_Create new withdrawal  Transactions  F_057ce1/input_date"), date): Text '2023-04-26T16:53' is set on object 'Object Repository/Transaction/Page_Create new withdrawal  Transactions  F_057ce1/input_date'

01-01-2024T22:46:35 - [MESSAGE][PASSED] - Text '2023-04-26T16:53' is set on object 'Object Repository/Transaction/Page_Create new withdrawal  Transactions  F_057ce1/input_date'

01-01-2024T22:46:35 - [TEST_STEP][PASSED] - setText(findTestObject("Object Repository/Transaction/Page_Create new withdrawal  Transactions  F_057ce1/input_amount"), amount): Text '8704' is set on object 'Object Repository/Transaction/Page_Create new withdrawal  Transactions  F_057ce1/input_amount'

01-01-2024T22:46:35 - [MESSAGE][PASSED] - Text '8704' is set on object 'Object Repository/Transaction/Page_Create new withdrawal  Transactions  F_057ce1/input_amount'

01-01-2024T22:46:35 - [TEST_STEP][PASSED] - if (getText(findTestObject("Object Repository/Transaction/Page_Create new withdrawal  Transactions  F_057ce1/select_foreign_currency")) == ""): Text of object 'Object Repository/Transaction/Page_Create new withdrawal  Transactions  F_057ce1/select_foreign_currency' is: 'Euro'

01-01-2024T22:46:36 - [MESSAGE][PASSED] - Text of object 'Object Repository/Transaction/Page_Create new withdrawal  Transactions  F_057ce1/select_foreign_currency' is: 'Euro'

01-01-2024T22:46:36 - [TEST_STEP][PASSED] - try: null

01-01-2024T22:46:36 - [TEST_STEP][PASSED] - waitForElementPresent(findTestObject("Object Repository/Transaction/Page_Create new withdrawal  Transactions  F_057ce1/select_(none)      My Budget", 0.5)): null

01-01-2024T22:46:36 - [TEST_STEP][PASSED] - catch (Exception err): null

01-01-2024T22:46:36 - [TEST_STEP][PASSED] - out.println("not found budget"): null

01-01-2024T22:46:36 - [TEST_STEP][PASSED] - setText(findTestObject("Object Repository/Transaction/Page_Create new withdrawal  Transactions  F_057ce1/input_category"), category): Text '' is set on object 'Object Repository/Transaction/Page_Create new withdrawal  Transactions  F_057ce1/input_category'

01-01-2024T22:46:36 - [MESSAGE][PASSED] - Text '' is set on object 'Object Repository/Transaction/Page_Create new withdrawal  Transactions  F_057ce1/input_category'

01-01-2024T22:46:36 - [TEST_STEP][PASSED] - selectOptionByValue(findTestObject("Object Repository/Transaction/Page_Create new withdrawal  Transactions  F_057ce1/select_(no piggy bank)                  1 (_6b16ef"), piggy_bank, true): All options with value '0' are selected in object 'Object Repository/Transaction/Page_Create new withdrawal  Transactions  F_057ce1/select_(no piggy bank)                  1 (_6b16ef'  using regular expression

01-01-2024T22:46:38 - [MESSAGE][PASSED] - All options with value '0' are selected in object 'Object Repository/Transaction/Page_Create new withdrawal  Transactions  F_057ce1/select_(no piggy bank)                  1 (_6b16ef'  using regular expression

01-01-2024T22:46:38 - [TEST_STEP][PASSED] - setText(findTestObject("Object Repository/Transaction/Page_Create new withdrawal  Transactions  F_057ce1/input_ti-new-tag-input ti-valid"), tags): Text 'Russian Prince' is set on object 'Object Repository/Transaction/Page_Create new withdrawal  Transactions  F_057ce1/input_ti-new-tag-input ti-valid'

01-01-2024T22:46:38 - [MESSAGE][PASSED] - Text 'Russian Prince' is set on object 'Object Repository/Transaction/Page_Create new withdrawal  Transactions  F_057ce1/input_ti-new-tag-input ti-valid'

01-01-2024T22:46:38 - [TEST_STEP][PASSED] - try: null

01-01-2024T22:46:38 - [TEST_STEP][PASSED] - waitForElementPresent(findTestObject("Object Repository/Transaction/Page_Create new withdrawal  Transactions  F_057ce1/select_(none)      Name"), 0.5): null

01-01-2024T22:46:38 - [TEST_STEP][PASSED] - catch (Exception err): null

01-01-2024T22:46:38 - [TEST_STEP][PASSED] - out.println("not found bill"): null

01-01-2024T22:46:38 - [TEST_STEP][PASSED] - click(findTestObject("Object Repository/Transaction/Page_Create new withdrawal  Transactions  F_057ce1/button_Submit")): Object: 'Object Repository/Transaction/Page_Create new withdrawal  Transactions  F_057ce1/button_Submit' is clicked on

01-01-2024T22:46:39 - [MESSAGE][PASSED] - Object: 'Object Repository/Transaction/Page_Create new withdrawal  Transactions  F_057ce1/button_Submit' is clicked on

01-01-2024T22:46:39 - [TEST_STEP][PASSED] - try: null

01-01-2024T22:46:39 - [TEST_STEP][PASSED] - verifyElementPresent(findTestObject("Shared_alert/text_dangers"), 1): Object 'Object Repository/Shared_alert/text_dangers' is present

01-01-2024T22:46:39 - [MESSAGE][PASSED] - Object 'Object Repository/Shared_alert/text_dangers' is present

01-01-2024T22:46:39 - [TEST_STEP][PASSED] - verifyElementNotPresent(findTestObject("Shared_alert/success_alert"), 1): Web element with id: 'Object Repository/Shared_alert/success_alert' located by 'By.cssSelector: #app > div.content-wrapper > section.content > div' is not present after '1' second(s)

01-01-2024T22:46:40 - [MESSAGE][PASSED] - Web element with id: 'Object Repository/Shared_alert/success_alert' located by 'By.cssSelector: #app > div.content-wrapper > section.content > div' is not present after '1' second(s)

01-01-2024T22:46:40 - [TEST_STEP][PASSED] - out.println("text danger"): null

01-01-2024T22:46:40 - [TEST_STEP][PASSED] - closeBrowser(): Browser is closed

01-01-2024T22:46:40 - [MESSAGE][PASSED] - Browser is closed]]></system-out>
         <system-err><![CDATA[]]></system-err>
      </testcase>
      <testcase name="Test Cases/Transaction" time="18.658" classname="Test Cases/Transaction" status="PASSED">
         <system-out><![CDATA[01-01-2024T22:46:40 - [TEST_CASE][PASSED] - Test Cases/Transaction: Test Cases/Transaction

01-01-2024T22:46:40 - [TEST_STEP][PASSED] - openBrowser(""): Browser is opened with url: ''

01-01-2024T22:46:40 - [MESSAGE][INFO] - Starting 'Chrome' driver

01-01-2024T22:46:40 - [MESSAGE][INFO] - Action delay is set to 0 milliseconds

01-01-2024T22:46:41 - [MESSAGE][PASSED] - Browser is opened with url: ''

01-01-2024T22:46:41 - [TEST_STEP][PASSED] - navigateToUrl("https://firefly.buudadawg.online/login"): Navigate to 'https://firefly.buudadawg.online/login' successfully

01-01-2024T22:46:44 - [MESSAGE][PASSED] - Navigate to 'https://firefly.buudadawg.online/login' successfully

01-01-2024T22:46:44 - [TEST_STEP][PASSED] - setText(findTestObject("Object Repository/Transaction/Page_Login to Firefly III/input_email"), username): Text 'killermh1352@gmail.com' is set on object 'Object Repository/Transaction/Page_Login to Firefly III/input_email'

01-01-2024T22:46:45 - [MESSAGE][PASSED] - Text 'killermh1352@gmail.com' is set on object 'Object Repository/Transaction/Page_Login to Firefly III/input_email'

01-01-2024T22:46:45 - [TEST_STEP][PASSED] - setText(findTestObject("Object Repository/Transaction/Page_Login to Firefly III/input_password"), password): Text 'tranvinhphuc2002' is set on object 'Object Repository/Transaction/Page_Login to Firefly III/input_password'

01-01-2024T22:46:45 - [MESSAGE][PASSED] - Text 'tranvinhphuc2002' is set on object 'Object Repository/Transaction/Page_Login to Firefly III/input_password'

01-01-2024T22:46:45 - [TEST_STEP][PASSED] - sendKeys(findTestObject("Object Repository/Transaction/Page_Login to Firefly III/input_password"), Keys.chord(ENTER)): Keys 'ENTER + ' sent to object: 'Object Repository/Transaction/Page_Login to Firefly III/input_password'

01-01-2024T22:46:46 - [MESSAGE][PASSED] - Keys 'ENTER + ' sent to object: 'Object Repository/Transaction/Page_Login to Firefly III/input_password'

01-01-2024T22:46:46 - [TEST_STEP][PASSED] - click(findTestObject("Object Repository/Transaction/Page_Whats playing  Firefly III/a_Transactions")): Object: 'Object Repository/Transaction/Page_Whats playing  Firefly III/a_Transactions' is clicked on

01-01-2024T22:46:47 - [MESSAGE][PASSED] - Object: 'Object Repository/Transaction/Page_Whats playing  Firefly III/a_Transactions' is clicked on

01-01-2024T22:46:47 - [TEST_STEP][PASSED] - click(findTestObject("Object Repository/Transaction/Page_Whats playing  Firefly III/a_Expenses")): Object: 'Object Repository/Transaction/Page_Whats playing  Firefly III/a_Expenses' is clicked on

01-01-2024T22:46:48 - [MESSAGE][PASSED] - Object: 'Object Repository/Transaction/Page_Whats playing  Firefly III/a_Expenses' is clicked on

01-01-2024T22:46:48 - [TEST_STEP][PASSED] - click(findTestObject("Object Repository/Transaction/Page_All expenses between January 1st, 2024_d388e7/a_Create a new transaction")): Object: 'Object Repository/Transaction/Page_All expenses between January 1st, 2024_d388e7/a_Create a new transaction' is clicked on

01-01-2024T22:46:49 - [MESSAGE][PASSED] - Object: 'Object Repository/Transaction/Page_All expenses between January 1st, 2024_d388e7/a_Create a new transaction' is clicked on

01-01-2024T22:46:49 - [TEST_STEP][PASSED] - setText(findTestObject("Transaction/Page_Create new withdrawal  Transactions  F_057ce1/input_description"), description): Text 'n/a' is set on object 'Object Repository/Transaction/Page_Create new withdrawal  Transactions  F_057ce1/input_description'

01-01-2024T22:46:50 - [MESSAGE][PASSED] - Text 'n/a' is set on object 'Object Repository/Transaction/Page_Create new withdrawal  Transactions  F_057ce1/input_description'

01-01-2024T22:46:50 - [TEST_STEP][PASSED] - setText(findTestObject("Object Repository/Transaction/Page_Create new withdrawal  Transactions  F_057ce1/input_source"), source_account, STOP_ON_FAILURE): Text 'My Asset Account' is set on object 'Object Repository/Transaction/Page_Create new withdrawal  Transactions  F_057ce1/input_source'

01-01-2024T22:46:51 - [MESSAGE][PASSED] - Text 'My Asset Account' is set on object 'Object Repository/Transaction/Page_Create new withdrawal  Transactions  F_057ce1/input_source'

01-01-2024T22:46:51 - [TEST_STEP][PASSED] - setText(findTestObject("Object Repository/Transaction/Page_Create new withdrawal  Transactions  F_057ce1/input_destination"), destination_account, STOP_ON_FAILURE): Text 'My Expense Account' is set on object 'Object Repository/Transaction/Page_Create new withdrawal  Transactions  F_057ce1/input_destination'

01-01-2024T22:46:52 - [MESSAGE][PASSED] - Text 'My Expense Account' is set on object 'Object Repository/Transaction/Page_Create new withdrawal  Transactions  F_057ce1/input_destination'

01-01-2024T22:46:52 - [TEST_STEP][PASSED] - setText(findTestObject("Transaction/Page_Create new withdrawal  Transactions  F_057ce1/input_date"), date): Text '2023-06-17T18:57' is set on object 'Object Repository/Transaction/Page_Create new withdrawal  Transactions  F_057ce1/input_date'

01-01-2024T22:46:53 - [MESSAGE][PASSED] - Text '2023-06-17T18:57' is set on object 'Object Repository/Transaction/Page_Create new withdrawal  Transactions  F_057ce1/input_date'

01-01-2024T22:46:53 - [TEST_STEP][PASSED] - setText(findTestObject("Object Repository/Transaction/Page_Create new withdrawal  Transactions  F_057ce1/input_amount"), amount): Text '3360' is set on object 'Object Repository/Transaction/Page_Create new withdrawal  Transactions  F_057ce1/input_amount'

01-01-2024T22:46:54 - [MESSAGE][PASSED] - Text '3360' is set on object 'Object Repository/Transaction/Page_Create new withdrawal  Transactions  F_057ce1/input_amount'

01-01-2024T22:46:54 - [TEST_STEP][PASSED] - if (getText(findTestObject("Object Repository/Transaction/Page_Create new withdrawal  Transactions  F_057ce1/select_foreign_currency")) == ""): Text of object 'Object Repository/Transaction/Page_Create new withdrawal  Transactions  F_057ce1/select_foreign_currency' is: 'Euro'

01-01-2024T22:46:54 - [MESSAGE][PASSED] - Text of object 'Object Repository/Transaction/Page_Create new withdrawal  Transactions  F_057ce1/select_foreign_currency' is: 'Euro'

01-01-2024T22:46:54 - [TEST_STEP][PASSED] - try: null

01-01-2024T22:46:54 - [TEST_STEP][PASSED] - waitForElementPresent(findTestObject("Object Repository/Transaction/Page_Create new withdrawal  Transactions  F_057ce1/select_(none)      My Budget", 0.5)): null

01-01-2024T22:46:54 - [TEST_STEP][PASSED] - catch (Exception err): null

01-01-2024T22:46:54 - [TEST_STEP][PASSED] - out.println("not found budget"): null

01-01-2024T22:46:54 - [TEST_STEP][PASSED] - setText(findTestObject("Object Repository/Transaction/Page_Create new withdrawal  Transactions  F_057ce1/input_category"), category): Text '' is set on object 'Object Repository/Transaction/Page_Create new withdrawal  Transactions  F_057ce1/input_category'

01-01-2024T22:46:55 - [MESSAGE][PASSED] - Text '' is set on object 'Object Repository/Transaction/Page_Create new withdrawal  Transactions  F_057ce1/input_category'

01-01-2024T22:46:55 - [TEST_STEP][PASSED] - selectOptionByValue(findTestObject("Object Repository/Transaction/Page_Create new withdrawal  Transactions  F_057ce1/select_(no piggy bank)                  1 (_6b16ef"), piggy_bank, true): All options with value '46' are selected in object 'Object Repository/Transaction/Page_Create new withdrawal  Transactions  F_057ce1/select_(no piggy bank)                  1 (_6b16ef'  using regular expression

01-01-2024T22:46:56 - [MESSAGE][PASSED] - All options with value '46' are selected in object 'Object Repository/Transaction/Page_Create new withdrawal  Transactions  F_057ce1/select_(no piggy bank)                  1 (_6b16ef'  using regular expression

01-01-2024T22:46:56 - [TEST_STEP][PASSED] - setText(findTestObject("Object Repository/Transaction/Page_Create new withdrawal  Transactions  F_057ce1/input_ti-new-tag-input ti-valid"), tags): Text '' is set on object 'Object Repository/Transaction/Page_Create new withdrawal  Transactions  F_057ce1/input_ti-new-tag-input ti-valid'

01-01-2024T22:46:57 - [MESSAGE][PASSED] - Text '' is set on object 'Object Repository/Transaction/Page_Create new withdrawal  Transactions  F_057ce1/input_ti-new-tag-input ti-valid'

01-01-2024T22:46:57 - [TEST_STEP][PASSED] - try: null

01-01-2024T22:46:57 - [TEST_STEP][PASSED] - waitForElementPresent(findTestObject("Object Repository/Transaction/Page_Create new withdrawal  Transactions  F_057ce1/select_(none)      Name"), 0.5): null

01-01-2024T22:46:57 - [TEST_STEP][PASSED] - catch (Exception err): null

01-01-2024T22:46:57 - [TEST_STEP][PASSED] - out.println("not found bill"): null

01-01-2024T22:46:57 - [TEST_STEP][PASSED] - click(findTestObject("Object Repository/Transaction/Page_Create new withdrawal  Transactions  F_057ce1/button_Submit")): Object: 'Object Repository/Transaction/Page_Create new withdrawal  Transactions  F_057ce1/button_Submit' is clicked on

01-01-2024T22:46:57 - [MESSAGE][PASSED] - Object: 'Object Repository/Transaction/Page_Create new withdrawal  Transactions  F_057ce1/button_Submit' is clicked on

01-01-2024T22:46:57 - [TEST_STEP][PASSED] - try: null

01-01-2024T22:46:57 - [TEST_STEP][PASSED] - verifyElementPresent(findTestObject("Shared_alert/text_dangers"), 1): Object 'Object Repository/Shared_alert/text_dangers' is present

01-01-2024T22:46:58 - [MESSAGE][PASSED] - Object 'Object Repository/Shared_alert/text_dangers' is present

01-01-2024T22:46:58 - [TEST_STEP][PASSED] - verifyElementNotPresent(findTestObject("Shared_alert/success_alert"), 1): Web element with id: 'Object Repository/Shared_alert/success_alert' located by 'By.cssSelector: #app > div.content-wrapper > section.content > div' is not present after '1' second(s)

01-01-2024T22:46:58 - [MESSAGE][PASSED] - Web element with id: 'Object Repository/Shared_alert/success_alert' located by 'By.cssSelector: #app > div.content-wrapper > section.content > div' is not present after '1' second(s)

01-01-2024T22:46:58 - [TEST_STEP][PASSED] - out.println("text danger"): null

01-01-2024T22:46:58 - [TEST_STEP][PASSED] - closeBrowser(): Browser is closed

01-01-2024T22:46:59 - [MESSAGE][PASSED] - Browser is closed]]></system-out>
         <system-err><![CDATA[]]></system-err>
      </testcase>
      <testcase name="Test Cases/Transaction" time="19.112" classname="Test Cases/Transaction" status="PASSED">
         <system-out><![CDATA[01-01-2024T22:46:59 - [TEST_CASE][PASSED] - Test Cases/Transaction: Test Cases/Transaction

01-01-2024T22:46:59 - [TEST_STEP][PASSED] - openBrowser(""): Browser is opened with url: ''

01-01-2024T22:46:59 - [MESSAGE][INFO] - Starting 'Chrome' driver

01-01-2024T22:46:59 - [MESSAGE][INFO] - Action delay is set to 0 milliseconds

01-01-2024T22:47:00 - [MESSAGE][PASSED] - Browser is opened with url: ''

01-01-2024T22:47:00 - [TEST_STEP][PASSED] - navigateToUrl("https://firefly.buudadawg.online/login"): Navigate to 'https://firefly.buudadawg.online/login' successfully

01-01-2024T22:47:03 - [MESSAGE][PASSED] - Navigate to 'https://firefly.buudadawg.online/login' successfully

01-01-2024T22:47:03 - [TEST_STEP][PASSED] - setText(findTestObject("Object Repository/Transaction/Page_Login to Firefly III/input_email"), username): Text 'killermh1352@gmail.com' is set on object 'Object Repository/Transaction/Page_Login to Firefly III/input_email'

01-01-2024T22:47:04 - [MESSAGE][PASSED] - Text 'killermh1352@gmail.com' is set on object 'Object Repository/Transaction/Page_Login to Firefly III/input_email'

01-01-2024T22:47:04 - [TEST_STEP][PASSED] - setText(findTestObject("Object Repository/Transaction/Page_Login to Firefly III/input_password"), password): Text 'tranvinhphuc2002' is set on object 'Object Repository/Transaction/Page_Login to Firefly III/input_password'

01-01-2024T22:47:05 - [MESSAGE][PASSED] - Text 'tranvinhphuc2002' is set on object 'Object Repository/Transaction/Page_Login to Firefly III/input_password'

01-01-2024T22:47:05 - [TEST_STEP][PASSED] - sendKeys(findTestObject("Object Repository/Transaction/Page_Login to Firefly III/input_password"), Keys.chord(ENTER)): Keys 'ENTER + ' sent to object: 'Object Repository/Transaction/Page_Login to Firefly III/input_password'

01-01-2024T22:47:05 - [MESSAGE][PASSED] - Keys 'ENTER + ' sent to object: 'Object Repository/Transaction/Page_Login to Firefly III/input_password'

01-01-2024T22:47:05 - [TEST_STEP][PASSED] - click(findTestObject("Object Repository/Transaction/Page_Whats playing  Firefly III/a_Transactions")): Object: 'Object Repository/Transaction/Page_Whats playing  Firefly III/a_Transactions' is clicked on

01-01-2024T22:47:07 - [MESSAGE][PASSED] - Object: 'Object Repository/Transaction/Page_Whats playing  Firefly III/a_Transactions' is clicked on

01-01-2024T22:47:07 - [TEST_STEP][PASSED] - click(findTestObject("Object Repository/Transaction/Page_Whats playing  Firefly III/a_Expenses")): Object: 'Object Repository/Transaction/Page_Whats playing  Firefly III/a_Expenses' is clicked on

01-01-2024T22:47:07 - [MESSAGE][PASSED] - Object: 'Object Repository/Transaction/Page_Whats playing  Firefly III/a_Expenses' is clicked on

01-01-2024T22:47:07 - [TEST_STEP][PASSED] - click(findTestObject("Object Repository/Transaction/Page_All expenses between January 1st, 2024_d388e7/a_Create a new transaction")): Object: 'Object Repository/Transaction/Page_All expenses between January 1st, 2024_d388e7/a_Create a new transaction' is clicked on

01-01-2024T22:47:08 - [MESSAGE][PASSED] - Object: 'Object Repository/Transaction/Page_All expenses between January 1st, 2024_d388e7/a_Create a new transaction' is clicked on

01-01-2024T22:47:08 - [TEST_STEP][PASSED] - setText(findTestObject("Transaction/Page_Create new withdrawal  Transactions  F_057ce1/input_description"), description): Text 'n/a' is set on object 'Object Repository/Transaction/Page_Create new withdrawal  Transactions  F_057ce1/input_description'

01-01-2024T22:47:10 - [MESSAGE][PASSED] - Text 'n/a' is set on object 'Object Repository/Transaction/Page_Create new withdrawal  Transactions  F_057ce1/input_description'

01-01-2024T22:47:10 - [TEST_STEP][PASSED] - setText(findTestObject("Object Repository/Transaction/Page_Create new withdrawal  Transactions  F_057ce1/input_source"), source_account, STOP_ON_FAILURE): Text 'My Savings Account' is set on object 'Object Repository/Transaction/Page_Create new withdrawal  Transactions  F_057ce1/input_source'

01-01-2024T22:47:10 - [MESSAGE][PASSED] - Text 'My Savings Account' is set on object 'Object Repository/Transaction/Page_Create new withdrawal  Transactions  F_057ce1/input_source'

01-01-2024T22:47:10 - [TEST_STEP][PASSED] - setText(findTestObject("Object Repository/Transaction/Page_Create new withdrawal  Transactions  F_057ce1/input_destination"), destination_account, STOP_ON_FAILURE): Text 'My Expense Account' is set on object 'Object Repository/Transaction/Page_Create new withdrawal  Transactions  F_057ce1/input_destination'

01-01-2024T22:47:11 - [MESSAGE][PASSED] - Text 'My Expense Account' is set on object 'Object Repository/Transaction/Page_Create new withdrawal  Transactions  F_057ce1/input_destination'

01-01-2024T22:47:11 - [TEST_STEP][PASSED] - setText(findTestObject("Transaction/Page_Create new withdrawal  Transactions  F_057ce1/input_date"), date): Text '2023-10-27T23:06' is set on object 'Object Repository/Transaction/Page_Create new withdrawal  Transactions  F_057ce1/input_date'

01-01-2024T22:47:13 - [MESSAGE][PASSED] - Text '2023-10-27T23:06' is set on object 'Object Repository/Transaction/Page_Create new withdrawal  Transactions  F_057ce1/input_date'

01-01-2024T22:47:13 - [TEST_STEP][PASSED] - setText(findTestObject("Object Repository/Transaction/Page_Create new withdrawal  Transactions  F_057ce1/input_amount"), amount): Text '4373' is set on object 'Object Repository/Transaction/Page_Create new withdrawal  Transactions  F_057ce1/input_amount'

01-01-2024T22:47:13 - [MESSAGE][PASSED] - Text '4373' is set on object 'Object Repository/Transaction/Page_Create new withdrawal  Transactions  F_057ce1/input_amount'

01-01-2024T22:47:13 - [TEST_STEP][PASSED] - if (getText(findTestObject("Object Repository/Transaction/Page_Create new withdrawal  Transactions  F_057ce1/select_foreign_currency")) == ""): Text of object 'Object Repository/Transaction/Page_Create new withdrawal  Transactions  F_057ce1/select_foreign_currency' is: 'Euro'

01-01-2024T22:47:13 - [MESSAGE][PASSED] - Text of object 'Object Repository/Transaction/Page_Create new withdrawal  Transactions  F_057ce1/select_foreign_currency' is: 'Euro'

01-01-2024T22:47:13 - [TEST_STEP][PASSED] - try: null

01-01-2024T22:47:13 - [TEST_STEP][PASSED] - waitForElementPresent(findTestObject("Object Repository/Transaction/Page_Create new withdrawal  Transactions  F_057ce1/select_(none)      My Budget", 0.5)): null

01-01-2024T22:47:13 - [TEST_STEP][PASSED] - catch (Exception err): null

01-01-2024T22:47:13 - [TEST_STEP][PASSED] - out.println("not found budget"): null

01-01-2024T22:47:13 - [TEST_STEP][PASSED] - setText(findTestObject("Object Repository/Transaction/Page_Create new withdrawal  Transactions  F_057ce1/input_category"), category): Text 'Framing (Steel)' is set on object 'Object Repository/Transaction/Page_Create new withdrawal  Transactions  F_057ce1/input_category'

01-01-2024T22:47:14 - [MESSAGE][PASSED] - Text 'Framing (Steel)' is set on object 'Object Repository/Transaction/Page_Create new withdrawal  Transactions  F_057ce1/input_category'

01-01-2024T22:47:14 - [TEST_STEP][PASSED] - selectOptionByValue(findTestObject("Object Repository/Transaction/Page_Create new withdrawal  Transactions  F_057ce1/select_(no piggy bank)                  1 (_6b16ef"), piggy_bank, true): All options with value '46' are selected in object 'Object Repository/Transaction/Page_Create new withdrawal  Transactions  F_057ce1/select_(no piggy bank)                  1 (_6b16ef'  using regular expression

01-01-2024T22:47:16 - [MESSAGE][PASSED] - All options with value '46' are selected in object 'Object Repository/Transaction/Page_Create new withdrawal  Transactions  F_057ce1/select_(no piggy bank)                  1 (_6b16ef'  using regular expression

01-01-2024T22:47:16 - [TEST_STEP][PASSED] - setText(findTestObject("Object Repository/Transaction/Page_Create new withdrawal  Transactions  F_057ce1/input_ti-new-tag-input ti-valid"), tags): Text '' is set on object 'Object Repository/Transaction/Page_Create new withdrawal  Transactions  F_057ce1/input_ti-new-tag-input ti-valid'

01-01-2024T22:47:17 - [MESSAGE][PASSED] - Text '' is set on object 'Object Repository/Transaction/Page_Create new withdrawal  Transactions  F_057ce1/input_ti-new-tag-input ti-valid'

01-01-2024T22:47:17 - [TEST_STEP][PASSED] - try: null

01-01-2024T22:47:17 - [TEST_STEP][PASSED] - waitForElementPresent(findTestObject("Object Repository/Transaction/Page_Create new withdrawal  Transactions  F_057ce1/select_(none)      Name"), 0.5): null

01-01-2024T22:47:17 - [TEST_STEP][PASSED] - catch (Exception err): null

01-01-2024T22:47:17 - [TEST_STEP][PASSED] - out.println("not found bill"): null

01-01-2024T22:47:17 - [TEST_STEP][PASSED] - click(findTestObject("Object Repository/Transaction/Page_Create new withdrawal  Transactions  F_057ce1/button_Submit")): Object: 'Object Repository/Transaction/Page_Create new withdrawal  Transactions  F_057ce1/button_Submit' is clicked on

01-01-2024T22:47:17 - [MESSAGE][PASSED] - Object: 'Object Repository/Transaction/Page_Create new withdrawal  Transactions  F_057ce1/button_Submit' is clicked on

01-01-2024T22:47:17 - [TEST_STEP][PASSED] - try: null

01-01-2024T22:47:17 - [TEST_STEP][PASSED] - verifyElementPresent(findTestObject("Shared_alert/text_dangers"), 1): Object 'Object Repository/Shared_alert/text_dangers' is present

01-01-2024T22:47:17 - [MESSAGE][PASSED] - Object 'Object Repository/Shared_alert/text_dangers' is present

01-01-2024T22:47:17 - [TEST_STEP][PASSED] - verifyElementNotPresent(findTestObject("Shared_alert/success_alert"), 1): Web element with id: 'Object Repository/Shared_alert/success_alert' located by 'By.cssSelector: #app > div.content-wrapper > section.content > div' is not present after '1' second(s)

01-01-2024T22:47:18 - [MESSAGE][PASSED] - Web element with id: 'Object Repository/Shared_alert/success_alert' located by 'By.cssSelector: #app > div.content-wrapper > section.content > div' is not present after '1' second(s)

01-01-2024T22:47:18 - [TEST_STEP][PASSED] - out.println("text danger"): null

01-01-2024T22:47:18 - [TEST_STEP][PASSED] - closeBrowser(): Browser is closed

01-01-2024T22:47:18 - [MESSAGE][PASSED] - Browser is closed]]></system-out>
         <system-err><![CDATA[]]></system-err>
      </testcase>
      <testcase name="Test Cases/Transaction" time="18.28" classname="Test Cases/Transaction" status="PASSED">
         <system-out><![CDATA[01-01-2024T22:47:18 - [TEST_CASE][PASSED] - Test Cases/Transaction: Test Cases/Transaction

01-01-2024T22:47:18 - [TEST_STEP][PASSED] - openBrowser(""): Browser is opened with url: ''

01-01-2024T22:47:18 - [MESSAGE][INFO] - Starting 'Chrome' driver

01-01-2024T22:47:18 - [MESSAGE][INFO] - Action delay is set to 0 milliseconds

01-01-2024T22:47:19 - [MESSAGE][PASSED] - Browser is opened with url: ''

01-01-2024T22:47:19 - [TEST_STEP][PASSED] - navigateToUrl("https://firefly.buudadawg.online/login"): Navigate to 'https://firefly.buudadawg.online/login' successfully

01-01-2024T22:47:22 - [MESSAGE][PASSED] - Navigate to 'https://firefly.buudadawg.online/login' successfully

01-01-2024T22:47:22 - [TEST_STEP][PASSED] - setText(findTestObject("Object Repository/Transaction/Page_Login to Firefly III/input_email"), username): Text 'killermh1352@gmail.com' is set on object 'Object Repository/Transaction/Page_Login to Firefly III/input_email'

01-01-2024T22:47:23 - [MESSAGE][PASSED] - Text 'killermh1352@gmail.com' is set on object 'Object Repository/Transaction/Page_Login to Firefly III/input_email'

01-01-2024T22:47:23 - [TEST_STEP][PASSED] - setText(findTestObject("Object Repository/Transaction/Page_Login to Firefly III/input_password"), password): Text 'tranvinhphuc2002' is set on object 'Object Repository/Transaction/Page_Login to Firefly III/input_password'

01-01-2024T22:47:23 - [MESSAGE][PASSED] - Text 'tranvinhphuc2002' is set on object 'Object Repository/Transaction/Page_Login to Firefly III/input_password'

01-01-2024T22:47:23 - [TEST_STEP][PASSED] - sendKeys(findTestObject("Object Repository/Transaction/Page_Login to Firefly III/input_password"), Keys.chord(ENTER)): Keys 'ENTER + ' sent to object: 'Object Repository/Transaction/Page_Login to Firefly III/input_password'

01-01-2024T22:47:24 - [MESSAGE][PASSED] - Keys 'ENTER + ' sent to object: 'Object Repository/Transaction/Page_Login to Firefly III/input_password'

01-01-2024T22:47:24 - [TEST_STEP][PASSED] - click(findTestObject("Object Repository/Transaction/Page_Whats playing  Firefly III/a_Transactions")): Object: 'Object Repository/Transaction/Page_Whats playing  Firefly III/a_Transactions' is clicked on

01-01-2024T22:47:25 - [MESSAGE][PASSED] - Object: 'Object Repository/Transaction/Page_Whats playing  Firefly III/a_Transactions' is clicked on

01-01-2024T22:47:25 - [TEST_STEP][PASSED] - click(findTestObject("Object Repository/Transaction/Page_Whats playing  Firefly III/a_Expenses")): Object: 'Object Repository/Transaction/Page_Whats playing  Firefly III/a_Expenses' is clicked on

01-01-2024T22:47:26 - [MESSAGE][PASSED] - Object: 'Object Repository/Transaction/Page_Whats playing  Firefly III/a_Expenses' is clicked on

01-01-2024T22:47:26 - [TEST_STEP][PASSED] - click(findTestObject("Object Repository/Transaction/Page_All expenses between January 1st, 2024_d388e7/a_Create a new transaction")): Object: 'Object Repository/Transaction/Page_All expenses between January 1st, 2024_d388e7/a_Create a new transaction' is clicked on

01-01-2024T22:47:27 - [MESSAGE][PASSED] - Object: 'Object Repository/Transaction/Page_All expenses between January 1st, 2024_d388e7/a_Create a new transaction' is clicked on

01-01-2024T22:47:27 - [TEST_STEP][PASSED] - setText(findTestObject("Transaction/Page_Create new withdrawal  Transactions  F_057ce1/input_description"), description): Text 'Computer Manufacturing' is set on object 'Object Repository/Transaction/Page_Create new withdrawal  Transactions  F_057ce1/input_description'

01-01-2024T22:47:28 - [MESSAGE][PASSED] - Text 'Computer Manufacturing' is set on object 'Object Repository/Transaction/Page_Create new withdrawal  Transactions  F_057ce1/input_description'

01-01-2024T22:47:28 - [TEST_STEP][PASSED] - setText(findTestObject("Object Repository/Transaction/Page_Create new withdrawal  Transactions  F_057ce1/input_source"), source_account, STOP_ON_FAILURE): Text 'My Savings Account' is set on object 'Object Repository/Transaction/Page_Create new withdrawal  Transactions  F_057ce1/input_source'

01-01-2024T22:47:29 - [MESSAGE][PASSED] - Text 'My Savings Account' is set on object 'Object Repository/Transaction/Page_Create new withdrawal  Transactions  F_057ce1/input_source'

01-01-2024T22:47:29 - [TEST_STEP][PASSED] - setText(findTestObject("Object Repository/Transaction/Page_Create new withdrawal  Transactions  F_057ce1/input_destination"), destination_account, STOP_ON_FAILURE): Text 'My Asset Account' is set on object 'Object Repository/Transaction/Page_Create new withdrawal  Transactions  F_057ce1/input_destination'

01-01-2024T22:47:30 - [MESSAGE][PASSED] - Text 'My Asset Account' is set on object 'Object Repository/Transaction/Page_Create new withdrawal  Transactions  F_057ce1/input_destination'

01-01-2024T22:47:30 - [TEST_STEP][PASSED] - setText(findTestObject("Transaction/Page_Create new withdrawal  Transactions  F_057ce1/input_date"), date): Text '2023-01-31T21:20' is set on object 'Object Repository/Transaction/Page_Create new withdrawal  Transactions  F_057ce1/input_date'

01-01-2024T22:47:31 - [MESSAGE][PASSED] - Text '2023-01-31T21:20' is set on object 'Object Repository/Transaction/Page_Create new withdrawal  Transactions  F_057ce1/input_date'

01-01-2024T22:47:31 - [TEST_STEP][PASSED] - setText(findTestObject("Object Repository/Transaction/Page_Create new withdrawal  Transactions  F_057ce1/input_amount"), amount): Text '7863' is set on object 'Object Repository/Transaction/Page_Create new withdrawal  Transactions  F_057ce1/input_amount'

01-01-2024T22:47:32 - [MESSAGE][PASSED] - Text '7863' is set on object 'Object Repository/Transaction/Page_Create new withdrawal  Transactions  F_057ce1/input_amount'

01-01-2024T22:47:32 - [TEST_STEP][PASSED] - if (getText(findTestObject("Object Repository/Transaction/Page_Create new withdrawal  Transactions  F_057ce1/select_foreign_currency")) == ""): Text of object 'Object Repository/Transaction/Page_Create new withdrawal  Transactions  F_057ce1/select_foreign_currency' is: 'Euro'

01-01-2024T22:47:32 - [MESSAGE][PASSED] - Text of object 'Object Repository/Transaction/Page_Create new withdrawal  Transactions  F_057ce1/select_foreign_currency' is: 'Euro'

01-01-2024T22:47:32 - [TEST_STEP][PASSED] - try: null

01-01-2024T22:47:32 - [TEST_STEP][PASSED] - waitForElementPresent(findTestObject("Object Repository/Transaction/Page_Create new withdrawal  Transactions  F_057ce1/select_(none)      My Budget", 0.5)): null

01-01-2024T22:47:32 - [TEST_STEP][PASSED] - catch (Exception err): null

01-01-2024T22:47:32 - [TEST_STEP][PASSED] - out.println("not found budget"): null

01-01-2024T22:47:32 - [TEST_STEP][PASSED] - setText(findTestObject("Object Repository/Transaction/Page_Create new withdrawal  Transactions  F_057ce1/input_category"), category): Text '' is set on object 'Object Repository/Transaction/Page_Create new withdrawal  Transactions  F_057ce1/input_category'

01-01-2024T22:47:33 - [MESSAGE][PASSED] - Text '' is set on object 'Object Repository/Transaction/Page_Create new withdrawal  Transactions  F_057ce1/input_category'

01-01-2024T22:47:33 - [TEST_STEP][PASSED] - selectOptionByValue(findTestObject("Object Repository/Transaction/Page_Create new withdrawal  Transactions  F_057ce1/select_(no piggy bank)                  1 (_6b16ef"), piggy_bank, true): All options with value '46' are selected in object 'Object Repository/Transaction/Page_Create new withdrawal  Transactions  F_057ce1/select_(no piggy bank)                  1 (_6b16ef'  using regular expression

01-01-2024T22:47:34 - [MESSAGE][PASSED] - All options with value '46' are selected in object 'Object Repository/Transaction/Page_Create new withdrawal  Transactions  F_057ce1/select_(no piggy bank)                  1 (_6b16ef'  using regular expression

01-01-2024T22:47:34 - [TEST_STEP][PASSED] - setText(findTestObject("Object Repository/Transaction/Page_Create new withdrawal  Transactions  F_057ce1/input_ti-new-tag-input ti-valid"), tags): Text 'Mayonnaise - Individual Pkg' is set on object 'Object Repository/Transaction/Page_Create new withdrawal  Transactions  F_057ce1/input_ti-new-tag-input ti-valid'

01-01-2024T22:47:35 - [MESSAGE][PASSED] - Text 'Mayonnaise - Individual Pkg' is set on object 'Object Repository/Transaction/Page_Create new withdrawal  Transactions  F_057ce1/input_ti-new-tag-input ti-valid'

01-01-2024T22:47:35 - [TEST_STEP][PASSED] - try: null

01-01-2024T22:47:35 - [TEST_STEP][PASSED] - waitForElementPresent(findTestObject("Object Repository/Transaction/Page_Create new withdrawal  Transactions  F_057ce1/select_(none)      Name"), 0.5): null

01-01-2024T22:47:35 - [TEST_STEP][PASSED] - catch (Exception err): null

01-01-2024T22:47:35 - [TEST_STEP][PASSED] - out.println("not found bill"): null

01-01-2024T22:47:35 - [TEST_STEP][PASSED] - click(findTestObject("Object Repository/Transaction/Page_Create new withdrawal  Transactions  F_057ce1/button_Submit")): Object: 'Object Repository/Transaction/Page_Create new withdrawal  Transactions  F_057ce1/button_Submit' is clicked on

01-01-2024T22:47:35 - [MESSAGE][PASSED] - Object: 'Object Repository/Transaction/Page_Create new withdrawal  Transactions  F_057ce1/button_Submit' is clicked on

01-01-2024T22:47:35 - [TEST_STEP][PASSED] - try: null

01-01-2024T22:47:35 - [TEST_STEP][PASSED] - verifyElementPresent(findTestObject("Shared_alert/text_dangers"), 1): Object 'Object Repository/Shared_alert/text_dangers' is present

01-01-2024T22:47:36 - [MESSAGE][PASSED] - Object 'Object Repository/Shared_alert/text_dangers' is present

01-01-2024T22:47:36 - [TEST_STEP][PASSED] - verifyElementNotPresent(findTestObject("Shared_alert/success_alert"), 1): Web element with id: 'Object Repository/Shared_alert/success_alert' located by 'By.cssSelector: #app > div.content-wrapper > section.content > div' is not present after '1' second(s)

01-01-2024T22:47:36 - [MESSAGE][PASSED] - Web element with id: 'Object Repository/Shared_alert/success_alert' located by 'By.cssSelector: #app > div.content-wrapper > section.content > div' is not present after '1' second(s)

01-01-2024T22:47:36 - [TEST_STEP][PASSED] - out.println("text danger"): null

01-01-2024T22:47:36 - [TEST_STEP][PASSED] - closeBrowser(): Browser is closed

01-01-2024T22:47:36 - [MESSAGE][PASSED] - Browser is closed]]></system-out>
         <system-err><![CDATA[]]></system-err>
      </testcase>
      <testcase name="Test Cases/Transaction" time="17.993" classname="Test Cases/Transaction" status="PASSED">
         <system-out><![CDATA[01-01-2024T22:47:37 - [TEST_CASE][PASSED] - Test Cases/Transaction: Test Cases/Transaction

01-01-2024T22:47:37 - [TEST_STEP][PASSED] - openBrowser(""): Browser is opened with url: ''

01-01-2024T22:47:37 - [MESSAGE][INFO] - Starting 'Chrome' driver

01-01-2024T22:47:37 - [MESSAGE][INFO] - Action delay is set to 0 milliseconds

01-01-2024T22:47:37 - [MESSAGE][PASSED] - Browser is opened with url: ''

01-01-2024T22:47:37 - [TEST_STEP][PASSED] - navigateToUrl("https://firefly.buudadawg.online/login"): Navigate to 'https://firefly.buudadawg.online/login' successfully

01-01-2024T22:47:40 - [MESSAGE][PASSED] - Navigate to 'https://firefly.buudadawg.online/login' successfully

01-01-2024T22:47:40 - [TEST_STEP][PASSED] - setText(findTestObject("Object Repository/Transaction/Page_Login to Firefly III/input_email"), username): Text 'killermh1352@gmail.com' is set on object 'Object Repository/Transaction/Page_Login to Firefly III/input_email'

01-01-2024T22:47:41 - [MESSAGE][PASSED] - Text 'killermh1352@gmail.com' is set on object 'Object Repository/Transaction/Page_Login to Firefly III/input_email'

01-01-2024T22:47:41 - [TEST_STEP][PASSED] - setText(findTestObject("Object Repository/Transaction/Page_Login to Firefly III/input_password"), password): Text 'tranvinhphuc2002' is set on object 'Object Repository/Transaction/Page_Login to Firefly III/input_password'

01-01-2024T22:47:42 - [MESSAGE][PASSED] - Text 'tranvinhphuc2002' is set on object 'Object Repository/Transaction/Page_Login to Firefly III/input_password'

01-01-2024T22:47:42 - [TEST_STEP][PASSED] - sendKeys(findTestObject("Object Repository/Transaction/Page_Login to Firefly III/input_password"), Keys.chord(ENTER)): Keys 'ENTER + ' sent to object: 'Object Repository/Transaction/Page_Login to Firefly III/input_password'

01-01-2024T22:47:43 - [MESSAGE][PASSED] - Keys 'ENTER + ' sent to object: 'Object Repository/Transaction/Page_Login to Firefly III/input_password'

01-01-2024T22:47:43 - [TEST_STEP][PASSED] - click(findTestObject("Object Repository/Transaction/Page_Whats playing  Firefly III/a_Transactions")): Object: 'Object Repository/Transaction/Page_Whats playing  Firefly III/a_Transactions' is clicked on

01-01-2024T22:47:44 - [MESSAGE][PASSED] - Object: 'Object Repository/Transaction/Page_Whats playing  Firefly III/a_Transactions' is clicked on

01-01-2024T22:47:44 - [TEST_STEP][PASSED] - click(findTestObject("Object Repository/Transaction/Page_Whats playing  Firefly III/a_Expenses")): Object: 'Object Repository/Transaction/Page_Whats playing  Firefly III/a_Expenses' is clicked on

01-01-2024T22:47:45 - [MESSAGE][PASSED] - Object: 'Object Repository/Transaction/Page_Whats playing  Firefly III/a_Expenses' is clicked on

01-01-2024T22:47:45 - [TEST_STEP][PASSED] - click(findTestObject("Object Repository/Transaction/Page_All expenses between January 1st, 2024_d388e7/a_Create a new transaction")): Object: 'Object Repository/Transaction/Page_All expenses between January 1st, 2024_d388e7/a_Create a new transaction' is clicked on

01-01-2024T22:47:46 - [MESSAGE][PASSED] - Object: 'Object Repository/Transaction/Page_All expenses between January 1st, 2024_d388e7/a_Create a new transaction' is clicked on

01-01-2024T22:47:46 - [TEST_STEP][PASSED] - setText(findTestObject("Transaction/Page_Create new withdrawal  Transactions  F_057ce1/input_description"), description): Text 'n/a' is set on object 'Object Repository/Transaction/Page_Create new withdrawal  Transactions  F_057ce1/input_description'

01-01-2024T22:47:47 - [MESSAGE][PASSED] - Text 'n/a' is set on object 'Object Repository/Transaction/Page_Create new withdrawal  Transactions  F_057ce1/input_description'

01-01-2024T22:47:47 - [TEST_STEP][PASSED] - setText(findTestObject("Object Repository/Transaction/Page_Create new withdrawal  Transactions  F_057ce1/input_source"), source_account, STOP_ON_FAILURE): Text 'My Savings Account' is set on object 'Object Repository/Transaction/Page_Create new withdrawal  Transactions  F_057ce1/input_source'

01-01-2024T22:47:47 - [MESSAGE][PASSED] - Text 'My Savings Account' is set on object 'Object Repository/Transaction/Page_Create new withdrawal  Transactions  F_057ce1/input_source'

01-01-2024T22:47:47 - [TEST_STEP][PASSED] - setText(findTestObject("Object Repository/Transaction/Page_Create new withdrawal  Transactions  F_057ce1/input_destination"), destination_account, STOP_ON_FAILURE): Text 'My Expense Account' is set on object 'Object Repository/Transaction/Page_Create new withdrawal  Transactions  F_057ce1/input_destination'

01-01-2024T22:47:49 - [MESSAGE][PASSED] - Text 'My Expense Account' is set on object 'Object Repository/Transaction/Page_Create new withdrawal  Transactions  F_057ce1/input_destination'

01-01-2024T22:47:49 - [TEST_STEP][PASSED] - setText(findTestObject("Transaction/Page_Create new withdrawal  Transactions  F_057ce1/input_date"), date): Text '2023-05-17T10:03' is set on object 'Object Repository/Transaction/Page_Create new withdrawal  Transactions  F_057ce1/input_date'

01-01-2024T22:47:50 - [MESSAGE][PASSED] - Text '2023-05-17T10:03' is set on object 'Object Repository/Transaction/Page_Create new withdrawal  Transactions  F_057ce1/input_date'

01-01-2024T22:47:50 - [TEST_STEP][PASSED] - setText(findTestObject("Object Repository/Transaction/Page_Create new withdrawal  Transactions  F_057ce1/input_amount"), amount): Text '9532' is set on object 'Object Repository/Transaction/Page_Create new withdrawal  Transactions  F_057ce1/input_amount'

01-01-2024T22:47:50 - [MESSAGE][PASSED] - Text '9532' is set on object 'Object Repository/Transaction/Page_Create new withdrawal  Transactions  F_057ce1/input_amount'

01-01-2024T22:47:50 - [TEST_STEP][PASSED] - if (getText(findTestObject("Object Repository/Transaction/Page_Create new withdrawal  Transactions  F_057ce1/select_foreign_currency")) == ""): Text of object 'Object Repository/Transaction/Page_Create new withdrawal  Transactions  F_057ce1/select_foreign_currency' is: 'Euro'

01-01-2024T22:47:50 - [MESSAGE][PASSED] - Text of object 'Object Repository/Transaction/Page_Create new withdrawal  Transactions  F_057ce1/select_foreign_currency' is: 'Euro'

01-01-2024T22:47:50 - [TEST_STEP][PASSED] - try: null

01-01-2024T22:47:50 - [TEST_STEP][PASSED] - waitForElementPresent(findTestObject("Object Repository/Transaction/Page_Create new withdrawal  Transactions  F_057ce1/select_(none)      My Budget", 0.5)): null

01-01-2024T22:47:50 - [TEST_STEP][PASSED] - catch (Exception err): null

01-01-2024T22:47:50 - [TEST_STEP][PASSED] - out.println("not found budget"): null

01-01-2024T22:47:50 - [TEST_STEP][PASSED] - setText(findTestObject("Object Repository/Transaction/Page_Create new withdrawal  Transactions  F_057ce1/input_category"), category): Text '' is set on object 'Object Repository/Transaction/Page_Create new withdrawal  Transactions  F_057ce1/input_category'

01-01-2024T22:47:51 - [MESSAGE][PASSED] - Text '' is set on object 'Object Repository/Transaction/Page_Create new withdrawal  Transactions  F_057ce1/input_category'

01-01-2024T22:47:51 - [TEST_STEP][PASSED] - selectOptionByValue(findTestObject("Object Repository/Transaction/Page_Create new withdrawal  Transactions  F_057ce1/select_(no piggy bank)                  1 (_6b16ef"), piggy_bank, true): All options with value '0' are selected in object 'Object Repository/Transaction/Page_Create new withdrawal  Transactions  F_057ce1/select_(no piggy bank)                  1 (_6b16ef'  using regular expression

01-01-2024T22:47:52 - [MESSAGE][PASSED] - All options with value '0' are selected in object 'Object Repository/Transaction/Page_Create new withdrawal  Transactions  F_057ce1/select_(no piggy bank)                  1 (_6b16ef'  using regular expression

01-01-2024T22:47:52 - [TEST_STEP][PASSED] - setText(findTestObject("Object Repository/Transaction/Page_Create new withdrawal  Transactions  F_057ce1/input_ti-new-tag-input ti-valid"), tags): Text 'Roe - Flying Fish' is set on object 'Object Repository/Transaction/Page_Create new withdrawal  Transactions  F_057ce1/input_ti-new-tag-input ti-valid'

01-01-2024T22:47:53 - [MESSAGE][PASSED] - Text 'Roe - Flying Fish' is set on object 'Object Repository/Transaction/Page_Create new withdrawal  Transactions  F_057ce1/input_ti-new-tag-input ti-valid'

01-01-2024T22:47:53 - [TEST_STEP][PASSED] - try: null

01-01-2024T22:47:53 - [TEST_STEP][PASSED] - waitForElementPresent(findTestObject("Object Repository/Transaction/Page_Create new withdrawal  Transactions  F_057ce1/select_(none)      Name"), 0.5): null

01-01-2024T22:47:53 - [TEST_STEP][PASSED] - catch (Exception err): null

01-01-2024T22:47:53 - [TEST_STEP][PASSED] - out.println("not found bill"): null

01-01-2024T22:47:53 - [TEST_STEP][PASSED] - click(findTestObject("Object Repository/Transaction/Page_Create new withdrawal  Transactions  F_057ce1/button_Submit")): Object: 'Object Repository/Transaction/Page_Create new withdrawal  Transactions  F_057ce1/button_Submit' is clicked on

01-01-2024T22:47:53 - [MESSAGE][PASSED] - Object: 'Object Repository/Transaction/Page_Create new withdrawal  Transactions  F_057ce1/button_Submit' is clicked on

01-01-2024T22:47:53 - [TEST_STEP][PASSED] - try: null

01-01-2024T22:47:53 - [TEST_STEP][PASSED] - verifyElementPresent(findTestObject("Shared_alert/text_dangers"), 1): Object 'Object Repository/Shared_alert/text_dangers' is present

01-01-2024T22:47:54 - [MESSAGE][PASSED] - Object 'Object Repository/Shared_alert/text_dangers' is present

01-01-2024T22:47:54 - [TEST_STEP][PASSED] - verifyElementNotPresent(findTestObject("Shared_alert/success_alert"), 1): Web element with id: 'Object Repository/Shared_alert/success_alert' located by 'By.cssSelector: #app > div.content-wrapper > section.content > div' is not present after '1' second(s)

01-01-2024T22:47:54 - [MESSAGE][PASSED] - Web element with id: 'Object Repository/Shared_alert/success_alert' located by 'By.cssSelector: #app > div.content-wrapper > section.content > div' is not present after '1' second(s)

01-01-2024T22:47:54 - [TEST_STEP][PASSED] - out.println("text danger"): null

01-01-2024T22:47:54 - [TEST_STEP][PASSED] - closeBrowser(): Browser is closed

01-01-2024T22:47:55 - [MESSAGE][PASSED] - Browser is closed]]></system-out>
         <system-err><![CDATA[]]></system-err>
      </testcase>
      <system-out><![CDATA[01-01-2024T22:44:44 - [TEST_SUITE][PASSED] - Transaction: Test Cases/Transaction]]></system-out>
      <system-err><![CDATA[]]></system-err>
   </testsuite>
</testsuites>
