<?xml version="1.0" encoding="UTF-8"?>
<testsuites name="Piggy Bank" time="34.994" tests="2" failures="0" errors="0">
   <testsuite name="Piggy Bank" tests="2" failures="0" errors="0" time="34.994" skipped="0" timestamp="01-01-2024T12:38:16" hostname="MODERN 15 - Phuc" id="Test Suites/Piggy Bank">
      <properties>
         <property name="deviceName" value=""/>
         <property name="devicePlatform" value=""/>
         <property name="logFolder" value="C:\\Users\\MODERN 15\\git\\G1_Firefly_testing\\Reports\\20240101_123813\\Piggy Bank\\20240101_123813"/>
         <property name="logFiles" value="C:\\Users\\MODERN 15\\git\\G1_Firefly_testing\\Reports\\20240101_123813\\Piggy Bank\\20240101_123813\\execution0.log"/>
         <property name="attachments" value=""/>
         <property name="hostName" value="MODERN 15 - Phuc"/>
         <property name="os" value="Windows 11 64bit"/>
         <property name="katalonVersion" value="9.1.0.212"/>
         <property name="browser" value="Chrome 120.0.0.0"/>
         <property name="hostAddress" value="192.168.1.4"/>
         <property name="sessionId" value="49f5db17a6be152c74ad5909d8794450"/>
         <property name="seleniumVersion" value="3.141.59"/>
         <property name="proxyInformation" value="ProxyInformation { proxyOption=NO_PROXY, proxyServerType=HTTP, username=, password=********, proxyServerAddress=, proxyServerPort=0, executionList=&quot;&quot;, isApplyToDesiredCapabilities=true }"/>
         <property name="platform" value="Windows 11"/>
      </properties>
      <testcase name="Test Cases/Piggy Bank" time="18.314" classname="Test Cases/Piggy Bank" status="PASSED">
         <system-out><![CDATA[01-01-2024T12:38:17 - [TEST_CASE][PASSED] - Test Cases/Piggy Bank: Test Cases/Piggy Bank

01-01-2024T12:38:17 - [TEST_STEP][PASSED] - openBrowser(""): Browser is opened with url: ''

01-01-2024T12:38:17 - [MESSAGE][INFO] - Starting 'Chrome' driver

01-01-2024T12:38:17 - [MESSAGE][INFO] - Action delay is set to 0 milliseconds

01-01-2024T12:38:19 - [MESSAGE][PASSED] - Browser is opened with url: ''

01-01-2024T12:38:19 - [TEST_STEP][PASSED] - navigateToUrl("https://firefly.buudadawg.online/login"): Navigate to 'https://firefly.buudadawg.online/login' successfully

01-01-2024T12:38:22 - [MESSAGE][PASSED] - Navigate to 'https://firefly.buudadawg.online/login' successfully

01-01-2024T12:38:22 - [TEST_STEP][PASSED] - setText(findTestObject("Object Repository/Piggy Bank/Page_Login to Firefly III/input_email"), username): Text 'killermh1352@gmail.com' is set on object 'Object Repository/Piggy Bank/Page_Login to Firefly III/input_email'

01-01-2024T12:38:23 - [MESSAGE][PASSED] - Text 'killermh1352@gmail.com' is set on object 'Object Repository/Piggy Bank/Page_Login to Firefly III/input_email'

01-01-2024T12:38:23 - [TEST_STEP][PASSED] - setText(findTestObject("Object Repository/Piggy Bank/Page_Login to Firefly III/input_password"), password): Text 'tranvinhphuc2002' is set on object 'Object Repository/Piggy Bank/Page_Login to Firefly III/input_password'

01-01-2024T12:38:24 - [MESSAGE][PASSED] - Text 'tranvinhphuc2002' is set on object 'Object Repository/Piggy Bank/Page_Login to Firefly III/input_password'

01-01-2024T12:38:24 - [TEST_STEP][PASSED] - sendKeys(findTestObject("Object Repository/Piggy Bank/Page_Login to Firefly III/input_password"), Keys.chord(ENTER)): Keys 'ENTER + ' sent to object: 'Object Repository/Piggy Bank/Page_Login to Firefly III/input_password'

01-01-2024T12:38:25 - [MESSAGE][PASSED] - Keys 'ENTER + ' sent to object: 'Object Repository/Piggy Bank/Page_Login to Firefly III/input_password'

01-01-2024T12:38:25 - [TEST_STEP][PASSED] - click(findTestObject("Object Repository/Piggy Bank/Page_Whats playing  Firefly III/a_Piggy banks")): Object: 'Object Repository/Piggy Bank/Page_Whats playing  Firefly III/a_Piggy banks' is clicked on

01-01-2024T12:38:26 - [MESSAGE][PASSED] - Object: 'Object Repository/Piggy Bank/Page_Whats playing  Firefly III/a_Piggy banks' is clicked on

01-01-2024T12:38:26 - [TEST_STEP][PASSED] - click(findTestObject("Object Repository/Piggy Bank/Page_Piggy banks  Firefly III/a_Create new piggy bank")): Object: 'Object Repository/Piggy Bank/Page_Piggy banks  Firefly III/a_Create new piggy bank' is clicked on

01-01-2024T12:38:27 - [MESSAGE][PASSED] - Object: 'Object Repository/Piggy Bank/Page_Piggy banks  Firefly III/a_Create new piggy bank' is clicked on

01-01-2024T12:38:27 - [TEST_STEP][PASSED] - setText(findTestObject("Object Repository/Piggy Bank/Page_New piggy bank  Piggy banks  Firefly III/input_name"), name): Text 'Cash Hog' is set on object 'Object Repository/Piggy Bank/Page_New piggy bank  Piggy banks  Firefly III/input_name'

01-01-2024T12:38:28 - [MESSAGE][PASSED] - Text 'Cash Hog' is set on object 'Object Repository/Piggy Bank/Page_New piggy bank  Piggy banks  Firefly III/input_name'

01-01-2024T12:38:28 - [TEST_STEP][PASSED] - selectOptionByLabel(findTestObject("Object Repository/Piggy Bank/Page_New piggy bank  Piggy banks  Firefly III/select_My Savings AccountMy Asset Account"), save_on_account, true): All options with label 'My Asset Account' are selected in object 'Object Repository/Piggy Bank/Page_New piggy bank  Piggy banks  Firefly III/select_My Savings AccountMy Asset Account'  using regular expression

01-01-2024T12:38:29 - [MESSAGE][PASSED] - All options with label 'My Asset Account' are selected in object 'Object Repository/Piggy Bank/Page_New piggy bank  Piggy banks  Firefly III/select_My Savings AccountMy Asset Account'  using regular expression

01-01-2024T12:38:29 - [TEST_STEP][PASSED] - setText(findTestObject("Object Repository/Piggy Bank/Page_New piggy bank  Piggy banks  Firefly III/input_targetamount"), target_amount): Text '78' is set on object 'Object Repository/Piggy Bank/Page_New piggy bank  Piggy banks  Firefly III/input_targetamount'

01-01-2024T12:38:30 - [MESSAGE][PASSED] - Text '78' is set on object 'Object Repository/Piggy Bank/Page_New piggy bank  Piggy banks  Firefly III/input_targetamount'

01-01-2024T12:38:30 - [TEST_STEP][PASSED] - setText(findTestObject("Object Repository/Piggy Bank/Page_New piggy bank  Piggy banks  Firefly III/textarea_notes"), notes): Text 'non mi integer ac neque duis bibendum morbi non quam' is set on object 'Object Repository/Piggy Bank/Page_New piggy bank  Piggy banks  Firefly III/textarea_notes'

01-01-2024T12:38:31 - [MESSAGE][PASSED] - Text 'non mi integer ac neque duis bibendum morbi non quam' is set on object 'Object Repository/Piggy Bank/Page_New piggy bank  Piggy banks  Firefly III/textarea_notes'

01-01-2024T12:38:31 - [TEST_STEP][PASSED] - setText(findTestObject("Object Repository/Piggy Bank/Page_New piggy bank  Piggy banks  Firefly III/input_object_group"), group): Text 'consequat lectus in est risus auctor sed tristique in tempus sit amet' is set on object 'Object Repository/Piggy Bank/Page_New piggy bank  Piggy banks  Firefly III/input_object_group'

01-01-2024T12:38:32 - [MESSAGE][PASSED] - Text 'consequat lectus in est risus auctor sed tristique in tempus sit amet' is set on object 'Object Repository/Piggy Bank/Page_New piggy bank  Piggy banks  Firefly III/input_object_group'

01-01-2024T12:38:32 - [TEST_STEP][PASSED] - setText(findTestObject("Piggy Bank/Page_New piggy bank  Piggy banks  Firefly III/input_date"), target_date): Text '10/30/2023' is set on object 'Object Repository/Piggy Bank/Page_New piggy bank  Piggy banks  Firefly III/input_date'

01-01-2024T12:38:33 - [MESSAGE][PASSED] - Text '10/30/2023' is set on object 'Object Repository/Piggy Bank/Page_New piggy bank  Piggy banks  Firefly III/input_date'

01-01-2024T12:38:33 - [TEST_STEP][PASSED] - uploadFile(findTestObject("Piggy Bank/Page_New piggy bank  Piggy banks  Firefly III/button_upload"), "D:\grade.xlsx"): File 'D:\grade.xlsx' sent to object: 'Object Repository/Piggy Bank/Page_New piggy bank  Piggy banks  Firefly III/button_upload'

01-01-2024T12:38:33 - [MESSAGE][PASSED] - File 'D:\grade.xlsx' sent to object: 'Object Repository/Piggy Bank/Page_New piggy bank  Piggy banks  Firefly III/button_upload'

01-01-2024T12:38:33 - [TEST_STEP][PASSED] - click(findTestObject("Object Repository/Piggy Bank/Page_New piggy bank  Piggy banks  Firefly III/div_Mandatory fields                       _ed7e9e")): Object: 'Object Repository/Piggy Bank/Page_New piggy bank  Piggy banks  Firefly III/div_Mandatory fields                       _ed7e9e' is clicked on

01-01-2024T12:38:33 - [MESSAGE][PASSED] - Object: 'Object Repository/Piggy Bank/Page_New piggy bank  Piggy banks  Firefly III/div_Mandatory fields                       _ed7e9e' is clicked on

01-01-2024T12:38:33 - [TEST_STEP][PASSED] - click(findTestObject("Object Repository/Piggy Bank/Page_New piggy bank  Piggy banks  Firefly III/button_Store new piggy bank")): Object: 'Object Repository/Piggy Bank/Page_New piggy bank  Piggy banks  Firefly III/button_Store new piggy bank' is clicked on

01-01-2024T12:38:34 - [MESSAGE][PASSED] - Object: 'Object Repository/Piggy Bank/Page_New piggy bank  Piggy banks  Firefly III/button_Store new piggy bank' is clicked on

01-01-2024T12:38:34 - [TEST_STEP][PASSED] - verifyElementPresent(findTestObject("Piggy Bank/Page_New piggy bank  Piggy banks  Firefly III/text_dangers"), 10): Object 'Object Repository/Piggy Bank/Page_New piggy bank  Piggy banks  Firefly III/text_dangers' is present

01-01-2024T12:38:35 - [MESSAGE][PASSED] - Object 'Object Repository/Piggy Bank/Page_New piggy bank  Piggy banks  Firefly III/text_dangers' is present

01-01-2024T12:38:35 - [TEST_STEP][PASSED] - closeBrowser(): Browser is closed

01-01-2024T12:38:35 - [MESSAGE][PASSED] - Browser is closed]]></system-out>
         <system-err><![CDATA[]]></system-err>
      </testcase>
      <testcase name="Test Cases/Piggy Bank" time="16.315" classname="Test Cases/Piggy Bank" status="PASSED">
         <system-out><![CDATA[01-01-2024T12:38:35 - [TEST_CASE][PASSED] - Test Cases/Piggy Bank: Test Cases/Piggy Bank

01-01-2024T12:38:35 - [TEST_STEP][PASSED] - openBrowser(""): Browser is opened with url: ''

01-01-2024T12:38:35 - [MESSAGE][INFO] - Starting 'Chrome' driver

01-01-2024T12:38:35 - [MESSAGE][INFO] - Action delay is set to 0 milliseconds

01-01-2024T12:38:36 - [MESSAGE][PASSED] - Browser is opened with url: ''

01-01-2024T12:38:36 - [TEST_STEP][PASSED] - navigateToUrl("https://firefly.buudadawg.online/login"): Navigate to 'https://firefly.buudadawg.online/login' successfully

01-01-2024T12:38:39 - [MESSAGE][PASSED] - Navigate to 'https://firefly.buudadawg.online/login' successfully

01-01-2024T12:38:39 - [TEST_STEP][PASSED] - setText(findTestObject("Object Repository/Piggy Bank/Page_Login to Firefly III/input_email"), username): Text 'killermh1352@gmail.com' is set on object 'Object Repository/Piggy Bank/Page_Login to Firefly III/input_email'

01-01-2024T12:38:40 - [MESSAGE][PASSED] - Text 'killermh1352@gmail.com' is set on object 'Object Repository/Piggy Bank/Page_Login to Firefly III/input_email'

01-01-2024T12:38:40 - [TEST_STEP][PASSED] - setText(findTestObject("Object Repository/Piggy Bank/Page_Login to Firefly III/input_password"), password): Text 'tranvinhphuc2002' is set on object 'Object Repository/Piggy Bank/Page_Login to Firefly III/input_password'

01-01-2024T12:38:40 - [MESSAGE][PASSED] - Text 'tranvinhphuc2002' is set on object 'Object Repository/Piggy Bank/Page_Login to Firefly III/input_password'

01-01-2024T12:38:40 - [TEST_STEP][PASSED] - sendKeys(findTestObject("Object Repository/Piggy Bank/Page_Login to Firefly III/input_password"), Keys.chord(ENTER)): Keys 'ENTER + ' sent to object: 'Object Repository/Piggy Bank/Page_Login to Firefly III/input_password'

01-01-2024T12:38:41 - [MESSAGE][PASSED] - Keys 'ENTER + ' sent to object: 'Object Repository/Piggy Bank/Page_Login to Firefly III/input_password'

01-01-2024T12:38:41 - [TEST_STEP][PASSED] - click(findTestObject("Object Repository/Piggy Bank/Page_Whats playing  Firefly III/a_Piggy banks")): Object: 'Object Repository/Piggy Bank/Page_Whats playing  Firefly III/a_Piggy banks' is clicked on

01-01-2024T12:38:43 - [MESSAGE][PASSED] - Object: 'Object Repository/Piggy Bank/Page_Whats playing  Firefly III/a_Piggy banks' is clicked on

01-01-2024T12:38:43 - [TEST_STEP][PASSED] - click(findTestObject("Object Repository/Piggy Bank/Page_Piggy banks  Firefly III/a_Create new piggy bank")): Object: 'Object Repository/Piggy Bank/Page_Piggy banks  Firefly III/a_Create new piggy bank' is clicked on

01-01-2024T12:38:44 - [MESSAGE][PASSED] - Object: 'Object Repository/Piggy Bank/Page_Piggy banks  Firefly III/a_Create new piggy bank' is clicked on

01-01-2024T12:38:44 - [TEST_STEP][PASSED] - setText(findTestObject("Object Repository/Piggy Bank/Page_New piggy bank  Piggy banks  Firefly III/input_name"), name): Text 'Penny Piggles' is set on object 'Object Repository/Piggy Bank/Page_New piggy bank  Piggy banks  Firefly III/input_name'

01-01-2024T12:38:45 - [MESSAGE][PASSED] - Text 'Penny Piggles' is set on object 'Object Repository/Piggy Bank/Page_New piggy bank  Piggy banks  Firefly III/input_name'

01-01-2024T12:38:45 - [TEST_STEP][PASSED] - selectOptionByLabel(findTestObject("Object Repository/Piggy Bank/Page_New piggy bank  Piggy banks  Firefly III/select_My Savings AccountMy Asset Account"), save_on_account, true): All options with label 'My Asset Account' are selected in object 'Object Repository/Piggy Bank/Page_New piggy bank  Piggy banks  Firefly III/select_My Savings AccountMy Asset Account'  using regular expression

01-01-2024T12:38:46 - [MESSAGE][PASSED] - All options with label 'My Asset Account' are selected in object 'Object Repository/Piggy Bank/Page_New piggy bank  Piggy banks  Firefly III/select_My Savings AccountMy Asset Account'  using regular expression

01-01-2024T12:38:46 - [TEST_STEP][PASSED] - setText(findTestObject("Object Repository/Piggy Bank/Page_New piggy bank  Piggy banks  Firefly III/input_targetamount"), target_amount): Text '81' is set on object 'Object Repository/Piggy Bank/Page_New piggy bank  Piggy banks  Firefly III/input_targetamount'

01-01-2024T12:38:46 - [MESSAGE][PASSED] - Text '81' is set on object 'Object Repository/Piggy Bank/Page_New piggy bank  Piggy banks  Firefly III/input_targetamount'

01-01-2024T12:38:46 - [TEST_STEP][PASSED] - setText(findTestObject("Object Repository/Piggy Bank/Page_New piggy bank  Piggy banks  Firefly III/textarea_notes"), notes): Text 'nisl duis bibendum felis sed interdum venenatis turpis enim blandit' is set on object 'Object Repository/Piggy Bank/Page_New piggy bank  Piggy banks  Firefly III/textarea_notes'

01-01-2024T12:38:47 - [MESSAGE][PASSED] - Text 'nisl duis bibendum felis sed interdum venenatis turpis enim blandit' is set on object 'Object Repository/Piggy Bank/Page_New piggy bank  Piggy banks  Firefly III/textarea_notes'

01-01-2024T12:38:47 - [TEST_STEP][PASSED] - setText(findTestObject("Object Repository/Piggy Bank/Page_New piggy bank  Piggy banks  Firefly III/input_object_group"), group): Text '' is set on object 'Object Repository/Piggy Bank/Page_New piggy bank  Piggy banks  Firefly III/input_object_group'

01-01-2024T12:38:48 - [MESSAGE][PASSED] - Text '' is set on object 'Object Repository/Piggy Bank/Page_New piggy bank  Piggy banks  Firefly III/input_object_group'

01-01-2024T12:38:48 - [TEST_STEP][PASSED] - setText(findTestObject("Piggy Bank/Page_New piggy bank  Piggy banks  Firefly III/input_date"), target_date): Text '04/16/2023' is set on object 'Object Repository/Piggy Bank/Page_New piggy bank  Piggy banks  Firefly III/input_date'

01-01-2024T12:38:49 - [MESSAGE][PASSED] - Text '04/16/2023' is set on object 'Object Repository/Piggy Bank/Page_New piggy bank  Piggy banks  Firefly III/input_date'

01-01-2024T12:38:49 - [TEST_STEP][PASSED] - uploadFile(findTestObject("Piggy Bank/Page_New piggy bank  Piggy banks  Firefly III/button_upload"), "D:\grade.xlsx"): File 'D:\grade.xlsx' sent to object: 'Object Repository/Piggy Bank/Page_New piggy bank  Piggy banks  Firefly III/button_upload'

01-01-2024T12:38:49 - [MESSAGE][PASSED] - File 'D:\grade.xlsx' sent to object: 'Object Repository/Piggy Bank/Page_New piggy bank  Piggy banks  Firefly III/button_upload'

01-01-2024T12:38:49 - [TEST_STEP][PASSED] - click(findTestObject("Object Repository/Piggy Bank/Page_New piggy bank  Piggy banks  Firefly III/div_Mandatory fields                       _ed7e9e")): Object: 'Object Repository/Piggy Bank/Page_New piggy bank  Piggy banks  Firefly III/div_Mandatory fields                       _ed7e9e' is clicked on

01-01-2024T12:38:50 - [MESSAGE][PASSED] - Object: 'Object Repository/Piggy Bank/Page_New piggy bank  Piggy banks  Firefly III/div_Mandatory fields                       _ed7e9e' is clicked on

01-01-2024T12:38:50 - [TEST_STEP][PASSED] - click(findTestObject("Object Repository/Piggy Bank/Page_New piggy bank  Piggy banks  Firefly III/button_Store new piggy bank")): Object: 'Object Repository/Piggy Bank/Page_New piggy bank  Piggy banks  Firefly III/button_Store new piggy bank' is clicked on

01-01-2024T12:38:51 - [MESSAGE][PASSED] - Object: 'Object Repository/Piggy Bank/Page_New piggy bank  Piggy banks  Firefly III/button_Store new piggy bank' is clicked on

01-01-2024T12:38:51 - [TEST_STEP][PASSED] - verifyElementPresent(findTestObject("Piggy Bank/Page_New piggy bank  Piggy banks  Firefly III/text_dangers"), 10): Object 'Object Repository/Piggy Bank/Page_New piggy bank  Piggy banks  Firefly III/text_dangers' is present

01-01-2024T12:38:51 - [MESSAGE][PASSED] - Object 'Object Repository/Piggy Bank/Page_New piggy bank  Piggy banks  Firefly III/text_dangers' is present

01-01-2024T12:38:51 - [TEST_STEP][PASSED] - closeBrowser(): Browser is closed

01-01-2024T12:38:51 - [MESSAGE][PASSED] - Browser is closed]]></system-out>
         <system-err><![CDATA[]]></system-err>
      </testcase>
      <system-out><![CDATA[01-01-2024T12:38:16 - [TEST_SUITE][PASSED] - Piggy Bank: Test Cases/Piggy Bank]]></system-out>
      <system-err><![CDATA[]]></system-err>
   </testsuite>
</testsuites>
